[2023-10-08T02:59:14.371+0000] {taskinstance.py:1103} INFO - Dependencies all met for dep_context=non-requeueable deps ti=<TaskInstance: group_dag.staging_layer.insert_into_stg_actor scheduled__2023-10-07T00:00:00+00:00 [queued]>
[2023-10-08T02:59:14.841+0000] {taskinstance.py:1103} INFO - Dependencies all met for dep_context=requeueable deps ti=<TaskInstance: group_dag.staging_layer.insert_into_stg_actor scheduled__2023-10-07T00:00:00+00:00 [queued]>
[2023-10-08T02:59:14.862+0000] {taskinstance.py:1308} INFO - Starting attempt 1 of 1
[2023-10-08T02:59:16.371+0000] {taskinstance.py:1327} INFO - Executing <Task(MsSqlOperator): staging_layer.insert_into_stg_actor> on 2023-10-07 00:00:00+00:00
[2023-10-08T02:59:17.129+0000] {standard_task_runner.py:57} INFO - Started process 10968 to run task
[2023-10-08T02:59:31.339+0000] {standard_task_runner.py:84} INFO - Running: ['***', 'tasks', 'run', 'group_dag', 'staging_layer.insert_into_stg_actor', 'scheduled__2023-10-07T00:00:00+00:00', '--job-id', '111', '--raw', '--subdir', 'DAGS_FOLDER/group_dag.py', '--cfg-path', '/tmp/tmpww31jlur']
[2023-10-08T02:59:31.509+0000] {standard_task_runner.py:85} INFO - Job 111: Subtask staging_layer.insert_into_stg_actor
[2023-10-08T02:59:35.150+0000] {task_command.py:410} INFO - Running <TaskInstance: group_dag.staging_layer.insert_into_stg_actor scheduled__2023-10-07T00:00:00+00:00 [running]> on host 9e1bf037e24d
[2023-10-08T02:59:36.797+0000] {taskinstance.py:1547} INFO - Exporting env vars: AIRFLOW_CTX_DAG_OWNER='***' AIRFLOW_CTX_DAG_ID='group_dag' AIRFLOW_CTX_TASK_ID='staging_layer.insert_into_stg_actor' AIRFLOW_CTX_EXECUTION_DATE='2023-10-07T00:00:00+00:00' AIRFLOW_CTX_TRY_NUMBER='1' AIRFLOW_CTX_DAG_RUN_ID='scheduled__2023-10-07T00:00:00+00:00'
[2023-10-08T02:59:36.823+0000] {sql.py:265} INFO - Executing: 
            INSERT INTO stg_actor
            SELECT DISTINCT
            m.actor_id
            ,v.Actor
            FROM (SELECT trim(value)as Actor, Title, Year, Director
                FROM (
                    SELECT Actors, Title, Year, Director FROM land_movies 
                        ) AS sub_query
                CROSS APPLY string_split(sub_query.Actors,',') as actors_split) AS v
            INNER JOIN map_actor AS m ON m.actor = v.Actor
            WHERE NOT EXISTS (SELECT 1 FROM stg_actor AS s WHERE s.actor_id = m.actor_id);
            
[2023-10-08T02:59:36.944+0000] {base.py:73} INFO - Using connection ID 'sqlserver' for task execution.
[2023-10-08T02:59:37.929+0000] {base.py:73} INFO - Using connection ID 'sqlserver' for task execution.
[2023-10-08T02:59:38.887+0000] {sql.py:375} INFO - Running statement: 
            INSERT INTO stg_actor
            SELECT DISTINCT
            m.actor_id
            ,v.Actor
            FROM (SELECT trim(value)as Actor, Title, Year, Director
                FROM (
                    SELECT Actors, Title, Year, Director FROM land_movies 
                        ) AS sub_query
                CROSS APPLY string_split(sub_query.Actors,',') as actors_split) AS v
            INNER JOIN map_actor AS m ON m.actor = v.Actor
            WHERE NOT EXISTS (SELECT 1 FROM stg_actor AS s WHERE s.actor_id = m.actor_id);
            , parameters: None
[2023-10-08T02:59:38.997+0000] {sql.py:384} INFO - Rows affected: 0
[2023-10-08T02:59:39.088+0000] {taskinstance.py:1350} INFO - Marking task as SUCCESS. dag_id=group_dag, task_id=staging_layer.insert_into_stg_actor, execution_date=20231007T000000, start_date=20231008T025914, end_date=20231008T025939
[2023-10-08T02:59:39.374+0000] {local_task_job_runner.py:225} INFO - Task exited with return code 0
[2023-10-08T02:59:39.635+0000] {taskinstance.py:2653} INFO - 0 downstream tasks scheduled from follow-on schedule check
