[2023-10-08T02:58:56.530+0000] {taskinstance.py:1103} INFO - Dependencies all met for dep_context=non-requeueable deps ti=<TaskInstance: group_dag.mapping_layer.insert_into_map_genre scheduled__2023-10-07T00:00:00+00:00 [queued]>
[2023-10-08T02:58:56.585+0000] {taskinstance.py:1103} INFO - Dependencies all met for dep_context=requeueable deps ti=<TaskInstance: group_dag.mapping_layer.insert_into_map_genre scheduled__2023-10-07T00:00:00+00:00 [queued]>
[2023-10-08T02:58:56.591+0000] {taskinstance.py:1308} INFO - Starting attempt 1 of 1
[2023-10-08T02:58:56.727+0000] {taskinstance.py:1327} INFO - Executing <Task(MsSqlOperator): mapping_layer.insert_into_map_genre> on 2023-10-07 00:00:00+00:00
[2023-10-08T02:58:56.773+0000] {standard_task_runner.py:57} INFO - Started process 10934 to run task
[2023-10-08T02:58:56.805+0000] {standard_task_runner.py:84} INFO - Running: ['***', 'tasks', 'run', 'group_dag', 'mapping_layer.insert_into_map_genre', 'scheduled__2023-10-07T00:00:00+00:00', '--job-id', '105', '--raw', '--subdir', 'DAGS_FOLDER/group_dag.py', '--cfg-path', '/tmp/tmp__4jxgfu']
[2023-10-08T02:58:56.840+0000] {standard_task_runner.py:85} INFO - Job 105: Subtask mapping_layer.insert_into_map_genre
[2023-10-08T02:58:57.226+0000] {task_command.py:410} INFO - Running <TaskInstance: group_dag.mapping_layer.insert_into_map_genre scheduled__2023-10-07T00:00:00+00:00 [running]> on host 9e1bf037e24d
[2023-10-08T02:58:58.179+0000] {taskinstance.py:1547} INFO - Exporting env vars: AIRFLOW_CTX_DAG_OWNER='***' AIRFLOW_CTX_DAG_ID='group_dag' AIRFLOW_CTX_TASK_ID='mapping_layer.insert_into_map_genre' AIRFLOW_CTX_EXECUTION_DATE='2023-10-07T00:00:00+00:00' AIRFLOW_CTX_TRY_NUMBER='1' AIRFLOW_CTX_DAG_RUN_ID='scheduled__2023-10-07T00:00:00+00:00'
[2023-10-08T02:58:58.195+0000] {sql.py:265} INFO - Executing: 
            INSERT INTO map_genre (genre)
            SELECT DISTINCT Genre as genre FROM
            (
            SELECT trim(value)as Genre, Title, Year, Director
            FROM (SELECT Genre, Title, Year, Director FROM land_movies) AS sub_query
            CROSS APPLY string_split(sub_query.Genre,',') 
            ) s
            WHERE NOT EXISTS (SELECT 1 FROM map_genre mg WHERE mg.genre = s.Genre)
            
[2023-10-08T02:58:58.270+0000] {base.py:73} INFO - Using connection ID 'sqlserver' for task execution.
[2023-10-08T02:58:58.789+0000] {base.py:73} INFO - Using connection ID 'sqlserver' for task execution.
[2023-10-08T02:58:59.761+0000] {sql.py:375} INFO - Running statement: 
            INSERT INTO map_genre (genre)
            SELECT DISTINCT Genre as genre FROM
            (
            SELECT trim(value)as Genre, Title, Year, Director
            FROM (SELECT Genre, Title, Year, Director FROM land_movies) AS sub_query
            CROSS APPLY string_split(sub_query.Genre,',') 
            ) s
            WHERE NOT EXISTS (SELECT 1 FROM map_genre mg WHERE mg.genre = s.Genre)
            , parameters: None
[2023-10-08T02:58:59.854+0000] {sql.py:384} INFO - Rows affected: 0
[2023-10-08T02:58:59.913+0000] {taskinstance.py:1350} INFO - Marking task as SUCCESS. dag_id=group_dag, task_id=mapping_layer.insert_into_map_genre, execution_date=20231007T000000, start_date=20231008T025856, end_date=20231008T025859
[2023-10-08T02:59:00.098+0000] {local_task_job_runner.py:225} INFO - Task exited with return code 0
[2023-10-08T02:59:00.418+0000] {taskinstance.py:2653} INFO - 0 downstream tasks scheduled from follow-on schedule check
