[2023-09-28T18:58:53.947+0000] {taskinstance.py:1165} INFO - Dependencies all met for <TaskInstance: user_processing.create_table scheduled__2023-09-27T00:00:00+00:00 [queued]>
[2023-09-28T18:58:54.005+0000] {taskinstance.py:1165} INFO - Dependencies all met for <TaskInstance: user_processing.create_table scheduled__2023-09-27T00:00:00+00:00 [queued]>
[2023-09-28T18:58:54.007+0000] {taskinstance.py:1362} INFO - 
--------------------------------------------------------------------------------
[2023-09-28T18:58:54.009+0000] {taskinstance.py:1363} INFO - Starting attempt 1 of 1
[2023-09-28T18:58:54.011+0000] {taskinstance.py:1364} INFO - 
--------------------------------------------------------------------------------
[2023-09-28T18:58:54.112+0000] {taskinstance.py:1383} INFO - Executing <Task(PostgresOperator): create_table> on 2023-09-27 00:00:00+00:00
[2023-09-28T18:58:54.145+0000] {standard_task_runner.py:55} INFO - Started process 3904 to run task
[2023-09-28T18:58:54.176+0000] {standard_task_runner.py:82} INFO - Running: ['***', 'tasks', 'run', 'user_processing', 'create_table', 'scheduled__2023-09-27T00:00:00+00:00', '--job-id', '13', '--raw', '--subdir', 'DAGS_FOLDER/user_processing.py', '--cfg-path', '/tmp/tmpy0u0p8jx']
[2023-09-28T18:58:54.193+0000] {standard_task_runner.py:83} INFO - Job 13: Subtask create_table
[2023-09-28T18:58:54.576+0000] {task_command.py:376} INFO - Running <TaskInstance: user_processing.create_table scheduled__2023-09-27T00:00:00+00:00 [running]> on host d9ce0052adca
[2023-09-28T18:58:54.861+0000] {taskinstance.py:1592} INFO - Exporting the following env vars:
AIRFLOW_CTX_DAG_OWNER=***
AIRFLOW_CTX_DAG_ID=user_processing
AIRFLOW_CTX_TASK_ID=create_table
AIRFLOW_CTX_EXECUTION_DATE=2023-09-27T00:00:00+00:00
AIRFLOW_CTX_TRY_NUMBER=1
AIRFLOW_CTX_DAG_RUN_ID=scheduled__2023-09-27T00:00:00+00:00
[2023-09-28T18:58:54.918+0000] {base.py:71} INFO - Using connection ID 'postgres' for task execution.
[2023-09-28T18:58:54.938+0000] {sql.py:315} INFO - Running statement: 
            CREATE TABLE IF NOT EXISTS users (
                firstname TEXT NOT NULL,
                lastname TEXT NOT NULL,
                country TEXT NOT NULL,
                username TEXT NOT NULL,
                password TEXT NOT NULL,
                email TEXT NOT NULL
            );
            , parameters: None
[2023-09-28T18:58:54.947+0000] {postgres.py:96} INFO - NOTICE:  relation "users" already exists, skipping

[2023-09-28T18:58:55.021+0000] {taskinstance.py:1406} INFO - Marking task as SUCCESS. dag_id=user_processing, task_id=create_table, execution_date=20230927T000000, start_date=20230928T185853, end_date=20230928T185855
[2023-09-28T18:58:55.099+0000] {local_task_job.py:164} INFO - Task exited with return code 0
[2023-09-28T18:58:55.167+0000] {local_task_job.py:273} INFO - 0 downstream tasks scheduled from follow-on schedule check
