[2023-10-10T17:59:21.201+0000] {taskinstance.py:1103} INFO - Dependencies all met for dep_context=non-requeueable deps ti=<TaskInstance: group_dag.dimension_layer.insert_into_dim_year manual__2023-10-10T17:58:18.587784+00:00 [queued]>
[2023-10-10T17:59:21.531+0000] {taskinstance.py:1103} INFO - Dependencies all met for dep_context=requeueable deps ti=<TaskInstance: group_dag.dimension_layer.insert_into_dim_year manual__2023-10-10T17:58:18.587784+00:00 [queued]>
[2023-10-10T17:59:21.547+0000] {taskinstance.py:1308} INFO - Starting attempt 1 of 1
[2023-10-10T17:59:21.777+0000] {taskinstance.py:1327} INFO - Executing <Task(MsSqlOperator): dimension_layer.insert_into_dim_year> on 2023-10-10 17:58:18.587784+00:00
[2023-10-10T17:59:21.842+0000] {standard_task_runner.py:57} INFO - Started process 1164 to run task
[2023-10-10T17:59:22.106+0000] {standard_task_runner.py:84} INFO - Running: ['***', 'tasks', 'run', 'group_dag', 'dimension_layer.insert_into_dim_year', 'manual__2023-10-10T17:58:18.587784+00:00', '--job-id', '170', '--raw', '--subdir', 'DAGS_FOLDER/group_dag.py', '--cfg-path', '/tmp/tmp9pa4njpn']
[2023-10-10T17:59:22.164+0000] {standard_task_runner.py:85} INFO - Job 170: Subtask dimension_layer.insert_into_dim_year
[2023-10-10T17:59:23.431+0000] {task_command.py:410} INFO - Running <TaskInstance: group_dag.dimension_layer.insert_into_dim_year manual__2023-10-10T17:58:18.587784+00:00 [running]> on host 2c73f027d5a5
[2023-10-10T17:59:27.289+0000] {taskinstance.py:1547} INFO - Exporting env vars: AIRFLOW_CTX_DAG_OWNER='***' AIRFLOW_CTX_DAG_ID='group_dag' AIRFLOW_CTX_TASK_ID='dimension_layer.insert_into_dim_year' AIRFLOW_CTX_EXECUTION_DATE='2023-10-10T17:58:18.587784+00:00' AIRFLOW_CTX_TRY_NUMBER='1' AIRFLOW_CTX_DAG_RUN_ID='manual__2023-10-10T17:58:18.587784+00:00'
[2023-10-10T17:59:27.300+0000] {sql.py:265} INFO - Executing:       
            INSERT INTO dim_year
            SELECT DISTINCT md.year_id, l.Year
            FROM land_movies l
            INNER JOIN map_year md ON md.year = l.Year
            WHERE NOT EXISTS (SELECT 1 FROM dim_year dd WHERE dd.year = l.Year)
            
[2023-10-10T17:59:27.740+0000] {base.py:73} INFO - Using connection ID 'sqlserver' for task execution.
[2023-10-10T17:59:29.275+0000] {base.py:73} INFO - Using connection ID 'sqlserver' for task execution.
[2023-10-10T17:59:30.361+0000] {sql.py:375} INFO - Running statement:       
            INSERT INTO dim_year
            SELECT DISTINCT md.year_id, l.Year
            FROM land_movies l
            INNER JOIN map_year md ON md.year = l.Year
            WHERE NOT EXISTS (SELECT 1 FROM dim_year dd WHERE dd.year = l.Year)
            , parameters: None
[2023-10-10T17:59:30.469+0000] {sql.py:384} INFO - Rows affected: 0
[2023-10-10T17:59:30.767+0000] {taskinstance.py:1350} INFO - Marking task as SUCCESS. dag_id=group_dag, task_id=dimension_layer.insert_into_dim_year, execution_date=20231010T175818, start_date=20231010T175921, end_date=20231010T175930
[2023-10-10T17:59:31.669+0000] {local_task_job_runner.py:225} INFO - Task exited with return code 0
[2023-10-10T17:59:32.124+0000] {taskinstance.py:2653} INFO - 0 downstream tasks scheduled from follow-on schedule check
