[2023-10-07T00:13:36.791+0000] {taskinstance.py:1103} INFO - Dependencies all met for dep_context=non-requeueable deps ti=<TaskInstance: movie_db_etl.insert_into_map_film manual__2023-10-07T00:13:34.923744+00:00 [queued]>
[2023-10-07T00:13:36.801+0000] {taskinstance.py:1103} INFO - Dependencies all met for dep_context=requeueable deps ti=<TaskInstance: movie_db_etl.insert_into_map_film manual__2023-10-07T00:13:34.923744+00:00 [queued]>
[2023-10-07T00:13:36.802+0000] {taskinstance.py:1308} INFO - Starting attempt 1 of 1
[2023-10-07T00:13:36.818+0000] {taskinstance.py:1327} INFO - Executing <Task(MsSqlOperator): insert_into_map_film> on 2023-10-07 00:13:34.923744+00:00
[2023-10-07T00:13:36.825+0000] {standard_task_runner.py:57} INFO - Started process 3148 to run task
[2023-10-07T00:13:36.829+0000] {standard_task_runner.py:84} INFO - Running: ['***', 'tasks', 'run', 'movie_db_etl', 'insert_into_map_film', 'manual__2023-10-07T00:13:34.923744+00:00', '--job-id', '86', '--raw', '--subdir', 'DAGS_FOLDER/movie_db_***.py', '--cfg-path', '/tmp/tmpnfmvmp6g']
[2023-10-07T00:13:36.832+0000] {standard_task_runner.py:85} INFO - Job 86: Subtask insert_into_map_film
[2023-10-07T00:13:36.891+0000] {task_command.py:410} INFO - Running <TaskInstance: movie_db_etl.insert_into_map_film manual__2023-10-07T00:13:34.923744+00:00 [running]> on host 9e1bf037e24d
[2023-10-07T00:13:36.995+0000] {taskinstance.py:1547} INFO - Exporting env vars: AIRFLOW_CTX_DAG_OWNER='***' AIRFLOW_CTX_DAG_ID='movie_db_etl' AIRFLOW_CTX_TASK_ID='insert_into_map_film' AIRFLOW_CTX_EXECUTION_DATE='2023-10-07T00:13:34.923744+00:00' AIRFLOW_CTX_TRY_NUMBER='1' AIRFLOW_CTX_DAG_RUN_ID='manual__2023-10-07T00:13:34.923744+00:00'
[2023-10-07T00:13:36.997+0000] {sql.py:265} INFO - Executing: 
        INSERT INTO map_film (title, director, film_year)
        SELECT Title, Director, Year
        FROM [IMDB-Movie-Data_no_double_quotes] l
        WHERE NOT EXISTS (SELECT 1 FROM map_film m WHERE m.title = l.Title and m.director = l.Director and m.film_year = l.Year)
        
[2023-10-07T00:13:37.008+0000] {base.py:73} INFO - Using connection ID 'sqlserver' for task execution.
[2023-10-07T00:13:37.068+0000] {base.py:73} INFO - Using connection ID 'sqlserver' for task execution.
[2023-10-07T00:13:38.014+0000] {sql.py:375} INFO - Running statement: 
        INSERT INTO map_film (title, director, film_year)
        SELECT Title, Director, Year
        FROM [IMDB-Movie-Data_no_double_quotes] l
        WHERE NOT EXISTS (SELECT 1 FROM map_film m WHERE m.title = l.Title and m.director = l.Director and m.film_year = l.Year)
        , parameters: None
[2023-10-07T00:13:38.217+0000] {sql.py:384} INFO - Rows affected: 1000
[2023-10-07T00:13:38.235+0000] {taskinstance.py:1350} INFO - Marking task as SUCCESS. dag_id=movie_db_etl, task_id=insert_into_map_film, execution_date=20231007T001334, start_date=20231007T001336, end_date=20231007T001338
[2023-10-07T00:13:38.265+0000] {local_task_job_runner.py:225} INFO - Task exited with return code 0
[2023-10-07T00:13:38.288+0000] {taskinstance.py:2653} INFO - 0 downstream tasks scheduled from follow-on schedule check
