[2023-10-08T02:59:08.273+0000] {taskinstance.py:1103} INFO - Dependencies all met for dep_context=non-requeueable deps ti=<TaskInstance: group_dag.staging_layer.insert_into_stg_actor_film_assoc manual__2023-10-08T02:58:31.246079+00:00 [queued]>
[2023-10-08T02:59:08.422+0000] {taskinstance.py:1103} INFO - Dependencies all met for dep_context=requeueable deps ti=<TaskInstance: group_dag.staging_layer.insert_into_stg_actor_film_assoc manual__2023-10-08T02:58:31.246079+00:00 [queued]>
[2023-10-08T02:59:08.427+0000] {taskinstance.py:1308} INFO - Starting attempt 1 of 1
[2023-10-08T02:59:08.700+0000] {taskinstance.py:1327} INFO - Executing <Task(MsSqlOperator): staging_layer.insert_into_stg_actor_film_assoc> on 2023-10-08 02:58:31.246079+00:00
[2023-10-08T02:59:08.772+0000] {standard_task_runner.py:57} INFO - Started process 10961 to run task
[2023-10-08T02:59:08.882+0000] {standard_task_runner.py:84} INFO - Running: ['***', 'tasks', 'run', 'group_dag', 'staging_layer.insert_into_stg_actor_film_assoc', 'manual__2023-10-08T02:58:31.246079+00:00', '--job-id', '107', '--raw', '--subdir', 'DAGS_FOLDER/group_dag.py', '--cfg-path', '/tmp/tmp13o66n7a']
[2023-10-08T02:59:08.981+0000] {standard_task_runner.py:85} INFO - Job 107: Subtask staging_layer.insert_into_stg_actor_film_assoc
[2023-10-08T02:59:10.814+0000] {task_command.py:410} INFO - Running <TaskInstance: group_dag.staging_layer.insert_into_stg_actor_film_assoc manual__2023-10-08T02:58:31.246079+00:00 [running]> on host 9e1bf037e24d
[2023-10-08T02:59:12.641+0000] {taskinstance.py:1547} INFO - Exporting env vars: AIRFLOW_CTX_DAG_OWNER='***' AIRFLOW_CTX_DAG_ID='group_dag' AIRFLOW_CTX_TASK_ID='staging_layer.insert_into_stg_actor_film_assoc' AIRFLOW_CTX_EXECUTION_DATE='2023-10-08T02:58:31.246079+00:00' AIRFLOW_CTX_TRY_NUMBER='1' AIRFLOW_CTX_DAG_RUN_ID='manual__2023-10-08T02:58:31.246079+00:00'
[2023-10-08T02:59:12.651+0000] {sql.py:265} INFO - Executing: 
            INSERT INTO stg_actor_film_assoc (actor_id, film_id)
            SELECT DISTINCT ma.actor_id, mf.film_id 
            FROM ( 
                SELECT trim(value)as Actor, Title, Year, Director
                FROM (
                    SELECT Actors, Title, Year, Director FROM land_movies 
                        ) AS sub_query
                CROSS APPLY string_split(sub_query.Actors,',') as actors_split) as t
            INNER JOIN map_actor as ma on ma.actor = t.Actor
            INNER JOIN map_film as mf on mf.Title  =  t.Title
                AND mf.film_year = t.Year
                AND mf.director = t.Director
            WHERE NOT EXISTS (SELECT 1 FROM stg_actor_film_assoc as a WHERE ma.actor_id = a.actor_id AND mf.film_id = a.film_id)
            
[2023-10-08T02:59:12.840+0000] {base.py:73} INFO - Using connection ID 'sqlserver' for task execution.
[2023-10-08T02:59:33.513+0000] {base.py:73} INFO - Using connection ID 'sqlserver' for task execution.
[2023-10-08T02:59:34.916+0000] {sql.py:375} INFO - Running statement: 
            INSERT INTO stg_actor_film_assoc (actor_id, film_id)
            SELECT DISTINCT ma.actor_id, mf.film_id 
            FROM ( 
                SELECT trim(value)as Actor, Title, Year, Director
                FROM (
                    SELECT Actors, Title, Year, Director FROM land_movies 
                        ) AS sub_query
                CROSS APPLY string_split(sub_query.Actors,',') as actors_split) as t
            INNER JOIN map_actor as ma on ma.actor = t.Actor
            INNER JOIN map_film as mf on mf.Title  =  t.Title
                AND mf.film_year = t.Year
                AND mf.director = t.Director
            WHERE NOT EXISTS (SELECT 1 FROM stg_actor_film_assoc as a WHERE ma.actor_id = a.actor_id AND mf.film_id = a.film_id)
            , parameters: None
[2023-10-08T02:59:35.725+0000] {sql.py:384} INFO - Rows affected: 3999
[2023-10-08T02:59:36.123+0000] {taskinstance.py:1350} INFO - Marking task as SUCCESS. dag_id=group_dag, task_id=staging_layer.insert_into_stg_actor_film_assoc, execution_date=20231008T025831, start_date=20231008T025908, end_date=20231008T025936
[2023-10-08T02:59:36.723+0000] {local_task_job_runner.py:225} INFO - Task exited with return code 0
[2023-10-08T02:59:36.934+0000] {taskinstance.py:2653} INFO - 0 downstream tasks scheduled from follow-on schedule check
