[2023-10-05T20:08:37.098+0000] {taskinstance.py:1165} INFO - Dependencies all met for <TaskInstance: user_processing.extract_user manual__2023-10-05T20:08:32.531109+00:00 [queued]>
[2023-10-05T20:08:37.113+0000] {taskinstance.py:1165} INFO - Dependencies all met for <TaskInstance: user_processing.extract_user manual__2023-10-05T20:08:32.531109+00:00 [queued]>
[2023-10-05T20:08:37.114+0000] {taskinstance.py:1362} INFO - 
--------------------------------------------------------------------------------
[2023-10-05T20:08:37.115+0000] {taskinstance.py:1363} INFO - Starting attempt 1 of 1
[2023-10-05T20:08:37.116+0000] {taskinstance.py:1364} INFO - 
--------------------------------------------------------------------------------
[2023-10-05T20:08:37.130+0000] {taskinstance.py:1383} INFO - Executing <Task(SimpleHttpOperator): extract_user> on 2023-10-05 20:08:32.531109+00:00
[2023-10-05T20:08:37.137+0000] {standard_task_runner.py:55} INFO - Started process 1519 to run task
[2023-10-05T20:08:37.142+0000] {standard_task_runner.py:82} INFO - Running: ['***', 'tasks', 'run', 'user_processing', 'extract_user', 'manual__2023-10-05T20:08:32.531109+00:00', '--job-id', '37', '--raw', '--subdir', 'DAGS_FOLDER/user_processing.py', '--cfg-path', '/tmp/tmpkquq9f4t']
[2023-10-05T20:08:37.146+0000] {standard_task_runner.py:83} INFO - Job 37: Subtask extract_user
[2023-10-05T20:08:37.226+0000] {task_command.py:376} INFO - Running <TaskInstance: user_processing.extract_user manual__2023-10-05T20:08:32.531109+00:00 [running]> on host ca408aed2033
[2023-10-05T20:08:37.319+0000] {taskinstance.py:1592} INFO - Exporting the following env vars:
AIRFLOW_CTX_DAG_OWNER=***
AIRFLOW_CTX_DAG_ID=user_processing
AIRFLOW_CTX_TASK_ID=extract_user
AIRFLOW_CTX_EXECUTION_DATE=2023-10-05T20:08:32.531109+00:00
AIRFLOW_CTX_TRY_NUMBER=1
AIRFLOW_CTX_DAG_RUN_ID=manual__2023-10-05T20:08:32.531109+00:00
[2023-10-05T20:08:37.325+0000] {http.py:121} INFO - Calling HTTP method
[2023-10-05T20:08:37.339+0000] {base.py:71} INFO - Using connection ID 'user_api' for task execution.
[2023-10-05T20:08:37.342+0000] {http.py:148} INFO - Sending 'GET' to url: https://randomuser.me/api/
[2023-10-05T20:08:37.598+0000] {http.py:125} INFO - {"results":[{"gender":"male","name":{"title":"Mr","first":"Jaxon","last":"Jackson"},"location":{"street":{"number":6780,"name":"Cavendish Drive"},"city":"Rotorua","state":"Northland","country":"New Zealand","postcode":93159,"coordinates":{"latitude":"47.5064","longitude":"-146.7398"},"timezone":{"offset":"+4:00","description":"Abu Dhabi, Muscat, Baku, Tbilisi"}},"email":"jaxon.jackson@example.com","login":{"uuid":"859a1a8e-34bd-4193-b979-01cf9848a486","username":"heavymeercat125","password":"marie","salt":"oqR1gMnE","md5":"8d3756dcbb2b64bce4ecf25b4b4f897f","sha1":"d0b2d568cf4593b422b82ff1941ab1867899351d","sha256":"c7c375797b42e8deb02a2c6bd99f08be19857c2a2f3c354c6f3ab48e21f4bfcd"},"dob":{"date":"1948-11-14T00:08:00.692Z","age":74},"registered":{"date":"2017-11-06T10:07:50.040Z","age":5},"phone":"(552)-562-5469","cell":"(267)-394-9852","id":{"name":"","value":null},"picture":{"large":"https://randomuser.me/api/portraits/men/99.jpg","medium":"https://randomuser.me/api/portraits/med/men/99.jpg","thumbnail":"https://randomuser.me/api/portraits/thumb/men/99.jpg"},"nat":"NZ"}],"info":{"seed":"e5d7122599fbfc36","results":1,"page":1,"version":"1.4"}}
[2023-10-05T20:08:37.630+0000] {taskinstance.py:1406} INFO - Marking task as SUCCESS. dag_id=user_processing, task_id=extract_user, execution_date=20231005T200832, start_date=20231005T200837, end_date=20231005T200837
[2023-10-05T20:08:37.682+0000] {local_task_job.py:164} INFO - Task exited with return code 0
[2023-10-05T20:08:37.722+0000] {local_task_job.py:273} INFO - 1 downstream tasks scheduled from follow-on schedule check
