[2023-10-10T17:54:49.950+0000] {taskinstance.py:1103} INFO - Dependencies all met for dep_context=non-requeueable deps ti=<TaskInstance: group_dag.dimension_layer.insert_into_dim_genre_movie_assoc manual__2023-10-10T17:54:36.006761+00:00 [queued]>
[2023-10-10T17:54:49.996+0000] {taskinstance.py:1103} INFO - Dependencies all met for dep_context=requeueable deps ti=<TaskInstance: group_dag.dimension_layer.insert_into_dim_genre_movie_assoc manual__2023-10-10T17:54:36.006761+00:00 [queued]>
[2023-10-10T17:54:49.999+0000] {taskinstance.py:1308} INFO - Starting attempt 1 of 1
[2023-10-10T17:54:50.082+0000] {taskinstance.py:1327} INFO - Executing <Task(MsSqlOperator): dimension_layer.insert_into_dim_genre_movie_assoc> on 2023-10-10 17:54:36.006761+00:00
[2023-10-10T17:54:50.121+0000] {standard_task_runner.py:84} INFO - Running: ['***', 'tasks', 'run', 'group_dag', 'dimension_layer.insert_into_dim_genre_movie_assoc', 'manual__2023-10-10T17:54:36.006761+00:00', '--job-id', '150', '--raw', '--subdir', 'DAGS_FOLDER/group_dag.py', '--cfg-path', '/tmp/tmpt__9z7_k']
[2023-10-10T17:54:50.148+0000] {standard_task_runner.py:85} INFO - Job 150: Subtask dimension_layer.insert_into_dim_genre_movie_assoc
[2023-10-10T17:54:50.124+0000] {standard_task_runner.py:57} INFO - Started process 988 to run task
[2023-10-10T17:54:50.699+0000] {task_command.py:410} INFO - Running <TaskInstance: group_dag.dimension_layer.insert_into_dim_genre_movie_assoc manual__2023-10-10T17:54:36.006761+00:00 [running]> on host 2c73f027d5a5
[2023-10-10T17:54:51.342+0000] {taskinstance.py:1547} INFO - Exporting env vars: AIRFLOW_CTX_DAG_OWNER='***' AIRFLOW_CTX_DAG_ID='group_dag' AIRFLOW_CTX_TASK_ID='dimension_layer.insert_into_dim_genre_movie_assoc' AIRFLOW_CTX_EXECUTION_DATE='2023-10-10T17:54:36.006761+00:00' AIRFLOW_CTX_TRY_NUMBER='1' AIRFLOW_CTX_DAG_RUN_ID='manual__2023-10-10T17:54:36.006761+00:00'
[2023-10-10T17:54:51.349+0000] {sql.py:265} INFO - Executing:       
            INSERT INTO dim_genre_movie_assoc (film_id, genre_id, dim_genre_movie_assoc_id)
            SELECT s.film_id, s.genre_id, s.stg_genre_film_id
            FROM stg_genre_film_assoc s
            WHERE NOT EXISTS (SELECT 1 FROM dim_genre_movie_assoc d WHERE d.genre_id = s.genre_id and d.film_id = s.film_id)
            
[2023-10-10T17:54:51.386+0000] {base.py:73} INFO - Using connection ID 'sqlserver' for task execution.
[2023-10-10T17:54:51.853+0000] {base.py:73} INFO - Using connection ID 'sqlserver' for task execution.
[2023-10-10T17:54:52.961+0000] {sql.py:375} INFO - Running statement:       
            INSERT INTO dim_genre_movie_assoc (film_id, genre_id, dim_genre_movie_assoc_id)
            SELECT s.film_id, s.genre_id, s.stg_genre_film_id
            FROM stg_genre_film_assoc s
            WHERE NOT EXISTS (SELECT 1 FROM dim_genre_movie_assoc d WHERE d.genre_id = s.genre_id and d.film_id = s.film_id)
            , parameters: None
[2023-10-10T17:54:53.092+0000] {sql.py:384} INFO - Rows affected: 2555
[2023-10-10T17:54:53.131+0000] {taskinstance.py:1350} INFO - Marking task as SUCCESS. dag_id=group_dag, task_id=dimension_layer.insert_into_dim_genre_movie_assoc, execution_date=20231010T175436, start_date=20231010T175449, end_date=20231010T175453
[2023-10-10T17:54:53.239+0000] {local_task_job_runner.py:225} INFO - Task exited with return code 0
[2023-10-10T17:54:53.293+0000] {taskinstance.py:2653} INFO - 0 downstream tasks scheduled from follow-on schedule check
