[2023-10-08T02:58:52.160+0000] {taskinstance.py:1103} INFO - Dependencies all met for dep_context=non-requeueable deps ti=<TaskInstance: group_dag.mapping_layer.insert_into_map_film manual__2023-10-08T02:58:31.246079+00:00 [queued]>
[2023-10-08T02:58:52.198+0000] {taskinstance.py:1103} INFO - Dependencies all met for dep_context=requeueable deps ti=<TaskInstance: group_dag.mapping_layer.insert_into_map_film manual__2023-10-08T02:58:31.246079+00:00 [queued]>
[2023-10-08T02:58:52.201+0000] {taskinstance.py:1308} INFO - Starting attempt 1 of 1
[2023-10-08T02:58:52.289+0000] {taskinstance.py:1327} INFO - Executing <Task(MsSqlOperator): mapping_layer.insert_into_map_film> on 2023-10-08 02:58:31.246079+00:00
[2023-10-08T02:58:52.337+0000] {standard_task_runner.py:57} INFO - Started process 10930 to run task
[2023-10-08T02:58:52.393+0000] {standard_task_runner.py:84} INFO - Running: ['***', 'tasks', 'run', 'group_dag', 'mapping_layer.insert_into_map_film', 'manual__2023-10-08T02:58:31.246079+00:00', '--job-id', '101', '--raw', '--subdir', 'DAGS_FOLDER/group_dag.py', '--cfg-path', '/tmp/tmpod_k1uoj']
[2023-10-08T02:58:52.410+0000] {standard_task_runner.py:85} INFO - Job 101: Subtask mapping_layer.insert_into_map_film
[2023-10-08T02:58:52.782+0000] {task_command.py:410} INFO - Running <TaskInstance: group_dag.mapping_layer.insert_into_map_film manual__2023-10-08T02:58:31.246079+00:00 [running]> on host 9e1bf037e24d
[2023-10-08T02:58:53.472+0000] {taskinstance.py:1547} INFO - Exporting env vars: AIRFLOW_CTX_DAG_OWNER='***' AIRFLOW_CTX_DAG_ID='group_dag' AIRFLOW_CTX_TASK_ID='mapping_layer.insert_into_map_film' AIRFLOW_CTX_EXECUTION_DATE='2023-10-08T02:58:31.246079+00:00' AIRFLOW_CTX_TRY_NUMBER='1' AIRFLOW_CTX_DAG_RUN_ID='manual__2023-10-08T02:58:31.246079+00:00'
[2023-10-08T02:58:53.481+0000] {sql.py:265} INFO - Executing: 
            INSERT INTO map_film (title, director, film_year)
            SELECT Title, Director, Year
            FROM land_movies l
            WHERE NOT EXISTS (SELECT 1 FROM map_film m WHERE m.title = l.Title and m.director = l.Director and m.film_year = l.Year)
            
[2023-10-08T02:58:53.523+0000] {base.py:73} INFO - Using connection ID 'sqlserver' for task execution.
[2023-10-08T02:58:54.117+0000] {base.py:73} INFO - Using connection ID 'sqlserver' for task execution.
[2023-10-08T02:58:55.098+0000] {sql.py:375} INFO - Running statement: 
            INSERT INTO map_film (title, director, film_year)
            SELECT Title, Director, Year
            FROM land_movies l
            WHERE NOT EXISTS (SELECT 1 FROM map_film m WHERE m.title = l.Title and m.director = l.Director and m.film_year = l.Year)
            , parameters: None
[2023-10-08T02:58:55.191+0000] {sql.py:384} INFO - Rows affected: 0
[2023-10-08T02:58:55.261+0000] {taskinstance.py:1350} INFO - Marking task as SUCCESS. dag_id=group_dag, task_id=mapping_layer.insert_into_map_film, execution_date=20231008T025831, start_date=20231008T025852, end_date=20231008T025855
[2023-10-08T02:58:55.547+0000] {local_task_job_runner.py:225} INFO - Task exited with return code 0
[2023-10-08T02:58:55.820+0000] {taskinstance.py:2653} INFO - 5 downstream tasks scheduled from follow-on schedule check
