[2023-10-06T16:22:06.146+0000] {taskinstance.py:1165} INFO - Dependencies all met for <TaskInstance: user_processing.process_user scheduled__2023-10-05T00:00:00+00:00 [queued]>
[2023-10-06T16:22:06.163+0000] {taskinstance.py:1165} INFO - Dependencies all met for <TaskInstance: user_processing.process_user scheduled__2023-10-05T00:00:00+00:00 [queued]>
[2023-10-06T16:22:06.164+0000] {taskinstance.py:1362} INFO - 
--------------------------------------------------------------------------------
[2023-10-06T16:22:06.165+0000] {taskinstance.py:1363} INFO - Starting attempt 1 of 1
[2023-10-06T16:22:06.166+0000] {taskinstance.py:1364} INFO - 
--------------------------------------------------------------------------------
[2023-10-06T16:22:06.184+0000] {taskinstance.py:1383} INFO - Executing <Task(PythonOperator): process_user> on 2023-10-05 00:00:00+00:00
[2023-10-06T16:22:06.191+0000] {standard_task_runner.py:55} INFO - Started process 83 to run task
[2023-10-06T16:22:06.197+0000] {standard_task_runner.py:82} INFO - Running: ['***', 'tasks', 'run', 'user_processing', 'process_user', 'scheduled__2023-10-05T00:00:00+00:00', '--job-id', '60', '--raw', '--subdir', 'DAGS_FOLDER/user_processing.py', '--cfg-path', '/tmp/tmpe68u4aff']
[2023-10-06T16:22:06.201+0000] {standard_task_runner.py:83} INFO - Job 60: Subtask process_user
[2023-10-06T16:22:06.299+0000] {task_command.py:376} INFO - Running <TaskInstance: user_processing.process_user scheduled__2023-10-05T00:00:00+00:00 [running]> on host a8d87f11b01b
[2023-10-06T16:22:06.396+0000] {taskinstance.py:1592} INFO - Exporting the following env vars:
AIRFLOW_CTX_DAG_OWNER=***
AIRFLOW_CTX_DAG_ID=user_processing
AIRFLOW_CTX_TASK_ID=process_user
AIRFLOW_CTX_EXECUTION_DATE=2023-10-05T00:00:00+00:00
AIRFLOW_CTX_TRY_NUMBER=1
AIRFLOW_CTX_DAG_RUN_ID=scheduled__2023-10-05T00:00:00+00:00
[2023-10-06T16:22:06.432+0000] {python.py:177} INFO - Done. Returned value was: None
[2023-10-06T16:22:06.446+0000] {taskinstance.py:1406} INFO - Marking task as SUCCESS. dag_id=user_processing, task_id=process_user, execution_date=20231005T000000, start_date=20231006T162206, end_date=20231006T162206
[2023-10-06T16:22:06.489+0000] {local_task_job.py:164} INFO - Task exited with return code 0
[2023-10-06T16:22:06.531+0000] {local_task_job.py:273} INFO - 0 downstream tasks scheduled from follow-on schedule check
