[2023-10-08T02:59:06.833+0000] {taskinstance.py:1103} INFO - Dependencies all met for dep_context=non-requeueable deps ti=<TaskInstance: group_dag.staging_layer.insert_into_stg_actor manual__2023-10-08T02:58:31.246079+00:00 [queued]>
[2023-10-08T02:59:06.995+0000] {taskinstance.py:1103} INFO - Dependencies all met for dep_context=requeueable deps ti=<TaskInstance: group_dag.staging_layer.insert_into_stg_actor manual__2023-10-08T02:58:31.246079+00:00 [queued]>
[2023-10-08T02:59:06.999+0000] {taskinstance.py:1308} INFO - Starting attempt 1 of 1
[2023-10-08T02:59:07.338+0000] {taskinstance.py:1327} INFO - Executing <Task(MsSqlOperator): staging_layer.insert_into_stg_actor> on 2023-10-08 02:58:31.246079+00:00
[2023-10-08T02:59:07.406+0000] {standard_task_runner.py:57} INFO - Started process 10959 to run task
[2023-10-08T02:59:07.424+0000] {standard_task_runner.py:84} INFO - Running: ['***', 'tasks', 'run', 'group_dag', 'staging_layer.insert_into_stg_actor', 'manual__2023-10-08T02:58:31.246079+00:00', '--job-id', '106', '--raw', '--subdir', 'DAGS_FOLDER/group_dag.py', '--cfg-path', '/tmp/tmp9en188ne']
[2023-10-08T02:59:07.463+0000] {standard_task_runner.py:85} INFO - Job 106: Subtask staging_layer.insert_into_stg_actor
[2023-10-08T02:59:07.950+0000] {task_command.py:410} INFO - Running <TaskInstance: group_dag.staging_layer.insert_into_stg_actor manual__2023-10-08T02:58:31.246079+00:00 [running]> on host 9e1bf037e24d
[2023-10-08T02:59:09.973+0000] {taskinstance.py:1547} INFO - Exporting env vars: AIRFLOW_CTX_DAG_OWNER='***' AIRFLOW_CTX_DAG_ID='group_dag' AIRFLOW_CTX_TASK_ID='staging_layer.insert_into_stg_actor' AIRFLOW_CTX_EXECUTION_DATE='2023-10-08T02:58:31.246079+00:00' AIRFLOW_CTX_TRY_NUMBER='1' AIRFLOW_CTX_DAG_RUN_ID='manual__2023-10-08T02:58:31.246079+00:00'
[2023-10-08T02:59:10.019+0000] {sql.py:265} INFO - Executing: 
            INSERT INTO stg_actor
            SELECT DISTINCT
            m.actor_id
            ,v.Actor
            FROM (SELECT trim(value)as Actor, Title, Year, Director
                FROM (
                    SELECT Actors, Title, Year, Director FROM land_movies 
                        ) AS sub_query
                CROSS APPLY string_split(sub_query.Actors,',') as actors_split) AS v
            INNER JOIN map_actor AS m ON m.actor = v.Actor
            WHERE NOT EXISTS (SELECT 1 FROM stg_actor AS s WHERE s.actor_id = m.actor_id);
            
[2023-10-08T02:59:10.129+0000] {base.py:73} INFO - Using connection ID 'sqlserver' for task execution.
[2023-10-08T02:59:12.865+0000] {base.py:73} INFO - Using connection ID 'sqlserver' for task execution.
[2023-10-08T02:59:14.145+0000] {sql.py:375} INFO - Running statement: 
            INSERT INTO stg_actor
            SELECT DISTINCT
            m.actor_id
            ,v.Actor
            FROM (SELECT trim(value)as Actor, Title, Year, Director
                FROM (
                    SELECT Actors, Title, Year, Director FROM land_movies 
                        ) AS sub_query
                CROSS APPLY string_split(sub_query.Actors,',') as actors_split) AS v
            INNER JOIN map_actor AS m ON m.actor = v.Actor
            WHERE NOT EXISTS (SELECT 1 FROM stg_actor AS s WHERE s.actor_id = m.actor_id);
            , parameters: None
[2023-10-08T02:59:14.296+0000] {sql.py:384} INFO - Rows affected: 1985
[2023-10-08T02:59:14.571+0000] {taskinstance.py:1350} INFO - Marking task as SUCCESS. dag_id=group_dag, task_id=staging_layer.insert_into_stg_actor, execution_date=20231008T025831, start_date=20231008T025906, end_date=20231008T025914
[2023-10-08T02:59:15.953+0000] {local_task_job_runner.py:225} INFO - Task exited with return code 0
[2023-10-08T02:59:33.138+0000] {taskinstance.py:2653} INFO - 0 downstream tasks scheduled from follow-on schedule check
