[2023-10-05T20:13:40.339+0000] {taskinstance.py:1165} INFO - Dependencies all met for <TaskInstance: user_processing.create_table manual__2023-10-05T20:13:38.735821+00:00 [queued]>
[2023-10-05T20:13:40.353+0000] {taskinstance.py:1165} INFO - Dependencies all met for <TaskInstance: user_processing.create_table manual__2023-10-05T20:13:38.735821+00:00 [queued]>
[2023-10-05T20:13:40.354+0000] {taskinstance.py:1362} INFO - 
--------------------------------------------------------------------------------
[2023-10-05T20:13:40.354+0000] {taskinstance.py:1363} INFO - Starting attempt 1 of 1
[2023-10-05T20:13:40.355+0000] {taskinstance.py:1364} INFO - 
--------------------------------------------------------------------------------
[2023-10-05T20:13:40.371+0000] {taskinstance.py:1383} INFO - Executing <Task(PostgresOperator): create_table> on 2023-10-05 20:13:38.735821+00:00
[2023-10-05T20:13:40.378+0000] {standard_task_runner.py:55} INFO - Started process 1761 to run task
[2023-10-05T20:13:40.383+0000] {standard_task_runner.py:82} INFO - Running: ['***', 'tasks', 'run', 'user_processing', 'create_table', 'manual__2023-10-05T20:13:38.735821+00:00', '--job-id', '45', '--raw', '--subdir', 'DAGS_FOLDER/user_processing.py', '--cfg-path', '/tmp/tmppl9x_lrn']
[2023-10-05T20:13:40.386+0000] {standard_task_runner.py:83} INFO - Job 45: Subtask create_table
[2023-10-05T20:13:40.469+0000] {task_command.py:376} INFO - Running <TaskInstance: user_processing.create_table manual__2023-10-05T20:13:38.735821+00:00 [running]> on host ca408aed2033
[2023-10-05T20:13:40.570+0000] {taskinstance.py:1592} INFO - Exporting the following env vars:
AIRFLOW_CTX_DAG_OWNER=***
AIRFLOW_CTX_DAG_ID=user_processing
AIRFLOW_CTX_TASK_ID=create_table
AIRFLOW_CTX_EXECUTION_DATE=2023-10-05T20:13:38.735821+00:00
AIRFLOW_CTX_TRY_NUMBER=1
AIRFLOW_CTX_DAG_RUN_ID=manual__2023-10-05T20:13:38.735821+00:00
[2023-10-05T20:13:40.588+0000] {base.py:71} INFO - Using connection ID 'postgres' for task execution.
[2023-10-05T20:13:40.594+0000] {sql.py:315} INFO - Running statement: 
            CREATE TABLE IF NOT EXISTS users (
                firstname TEXT NOT NULL,
                lastname TEXT NOT NULL,
                country TEXT NOT NULL,
                username TEXT NOT NULL,
                password TEXT NOT NULL,
                email TEXT NOT NULL
            );
            , parameters: None
[2023-10-05T20:13:40.597+0000] {postgres.py:96} INFO - NOTICE:  relation "users" already exists, skipping

[2023-10-05T20:13:40.611+0000] {taskinstance.py:1406} INFO - Marking task as SUCCESS. dag_id=user_processing, task_id=create_table, execution_date=20231005T201338, start_date=20231005T201340, end_date=20231005T201340
[2023-10-05T20:13:40.677+0000] {local_task_job.py:164} INFO - Task exited with return code 0
[2023-10-05T20:13:40.718+0000] {local_task_job.py:273} INFO - 1 downstream tasks scheduled from follow-on schedule check
