[2023-10-05T20:01:58.855+0000] {taskinstance.py:1165} INFO - Dependencies all met for <TaskInstance: user_processing.process_user manual__2023-10-05T20:01:49.340515+00:00 [queued]>
[2023-10-05T20:01:58.878+0000] {taskinstance.py:1165} INFO - Dependencies all met for <TaskInstance: user_processing.process_user manual__2023-10-05T20:01:49.340515+00:00 [queued]>
[2023-10-05T20:01:58.879+0000] {taskinstance.py:1362} INFO - 
--------------------------------------------------------------------------------
[2023-10-05T20:01:58.880+0000] {taskinstance.py:1363} INFO - Starting attempt 1 of 1
[2023-10-05T20:01:58.882+0000] {taskinstance.py:1364} INFO - 
--------------------------------------------------------------------------------
[2023-10-05T20:01:58.905+0000] {taskinstance.py:1383} INFO - Executing <Task(PythonOperator): process_user> on 2023-10-05 20:01:49.340515+00:00
[2023-10-05T20:01:58.915+0000] {standard_task_runner.py:55} INFO - Started process 1184 to run task
[2023-10-05T20:01:58.922+0000] {standard_task_runner.py:82} INFO - Running: ['***', 'tasks', 'run', 'user_processing', 'process_user', 'manual__2023-10-05T20:01:49.340515+00:00', '--job-id', '28', '--raw', '--subdir', 'DAGS_FOLDER/user_processing.py', '--cfg-path', '/tmp/tmpzmklpn_9']
[2023-10-05T20:01:58.927+0000] {standard_task_runner.py:83} INFO - Job 28: Subtask process_user
[2023-10-05T20:01:59.061+0000] {task_command.py:376} INFO - Running <TaskInstance: user_processing.process_user manual__2023-10-05T20:01:49.340515+00:00 [running]> on host ca408aed2033
[2023-10-05T20:01:59.187+0000] {taskinstance.py:1592} INFO - Exporting the following env vars:
AIRFLOW_CTX_DAG_OWNER=***
AIRFLOW_CTX_DAG_ID=user_processing
AIRFLOW_CTX_TASK_ID=process_user
AIRFLOW_CTX_EXECUTION_DATE=2023-10-05T20:01:49.340515+00:00
AIRFLOW_CTX_TRY_NUMBER=1
AIRFLOW_CTX_DAG_RUN_ID=manual__2023-10-05T20:01:49.340515+00:00
[2023-10-05T20:01:59.219+0000] {python.py:177} INFO - Done. Returned value was: None
[2023-10-05T20:01:59.239+0000] {taskinstance.py:1406} INFO - Marking task as SUCCESS. dag_id=user_processing, task_id=process_user, execution_date=20231005T200149, start_date=20231005T200158, end_date=20231005T200159
[2023-10-05T20:01:59.296+0000] {local_task_job.py:164} INFO - Task exited with return code 0
[2023-10-05T20:01:59.340+0000] {local_task_job.py:273} INFO - 1 downstream tasks scheduled from follow-on schedule check
