[2023-09-28T19:47:19.153+0000] {taskinstance.py:1165} INFO - Dependencies all met for <TaskInstance: user_processing.process_user manual__2023-09-28T19:47:14.081667+00:00 [queued]>
[2023-09-28T19:47:19.175+0000] {taskinstance.py:1165} INFO - Dependencies all met for <TaskInstance: user_processing.process_user manual__2023-09-28T19:47:14.081667+00:00 [queued]>
[2023-09-28T19:47:19.176+0000] {taskinstance.py:1362} INFO - 
--------------------------------------------------------------------------------
[2023-09-28T19:47:19.177+0000] {taskinstance.py:1363} INFO - Starting attempt 1 of 1
[2023-09-28T19:47:19.178+0000] {taskinstance.py:1364} INFO - 
--------------------------------------------------------------------------------
[2023-09-28T19:47:19.206+0000] {taskinstance.py:1383} INFO - Executing <Task(PythonOperator): process_user> on 2023-09-28 19:47:14.081667+00:00
[2023-09-28T19:47:19.216+0000] {standard_task_runner.py:55} INFO - Started process 5929 to run task
[2023-09-28T19:47:19.224+0000] {standard_task_runner.py:82} INFO - Running: ['***', 'tasks', 'run', 'user_processing', 'process_user', 'manual__2023-09-28T19:47:14.081667+00:00', '--job-id', '18', '--raw', '--subdir', 'DAGS_FOLDER/user_processing.py', '--cfg-path', '/tmp/tmpby14y8lu']
[2023-09-28T19:47:19.230+0000] {standard_task_runner.py:83} INFO - Job 18: Subtask process_user
[2023-09-28T19:47:19.358+0000] {task_command.py:376} INFO - Running <TaskInstance: user_processing.process_user manual__2023-09-28T19:47:14.081667+00:00 [running]> on host d9ce0052adca
[2023-09-28T19:47:19.485+0000] {taskinstance.py:1592} INFO - Exporting the following env vars:
AIRFLOW_CTX_DAG_OWNER=***
AIRFLOW_CTX_DAG_ID=user_processing
AIRFLOW_CTX_TASK_ID=process_user
AIRFLOW_CTX_EXECUTION_DATE=2023-09-28T19:47:14.081667+00:00
AIRFLOW_CTX_TRY_NUMBER=1
AIRFLOW_CTX_DAG_RUN_ID=manual__2023-09-28T19:47:14.081667+00:00
[2023-09-28T19:47:19.531+0000] {python.py:177} INFO - Done. Returned value was: None
[2023-09-28T19:47:19.550+0000] {taskinstance.py:1406} INFO - Marking task as SUCCESS. dag_id=user_processing, task_id=process_user, execution_date=20230928T194714, start_date=20230928T194719, end_date=20230928T194719
[2023-09-28T19:47:19.598+0000] {local_task_job.py:164} INFO - Task exited with return code 0
[2023-09-28T19:47:19.634+0000] {local_task_job.py:273} INFO - 0 downstream tasks scheduled from follow-on schedule check
