[2023-10-10T17:38:32.229+0000] {taskinstance.py:1103} INFO - Dependencies all met for dep_context=non-requeueable deps ti=<TaskInstance: group_dag.staging_layer.insert_into_stg_actor manual__2023-10-10T17:38:24.425383+00:00 [queued]>
[2023-10-10T17:38:32.245+0000] {taskinstance.py:1103} INFO - Dependencies all met for dep_context=requeueable deps ti=<TaskInstance: group_dag.staging_layer.insert_into_stg_actor manual__2023-10-10T17:38:24.425383+00:00 [queued]>
[2023-10-10T17:38:32.247+0000] {taskinstance.py:1308} INFO - Starting attempt 1 of 1
[2023-10-10T17:38:32.269+0000] {taskinstance.py:1327} INFO - Executing <Task(MsSqlOperator): staging_layer.insert_into_stg_actor> on 2023-10-10 17:38:24.425383+00:00
[2023-10-10T17:38:32.276+0000] {standard_task_runner.py:57} INFO - Started process 196 to run task
[2023-10-10T17:38:32.290+0000] {standard_task_runner.py:84} INFO - Running: ['***', 'tasks', 'run', 'group_dag', 'staging_layer.insert_into_stg_actor', 'manual__2023-10-10T17:38:24.425383+00:00', '--job-id', '133', '--raw', '--subdir', 'DAGS_FOLDER/group_dag.py', '--cfg-path', '/tmp/tmpzw89386w']
[2023-10-10T17:38:32.297+0000] {standard_task_runner.py:85} INFO - Job 133: Subtask staging_layer.insert_into_stg_actor
[2023-10-10T17:38:32.379+0000] {task_command.py:410} INFO - Running <TaskInstance: group_dag.staging_layer.insert_into_stg_actor manual__2023-10-10T17:38:24.425383+00:00 [running]> on host 2c73f027d5a5
[2023-10-10T17:38:32.559+0000] {taskinstance.py:1547} INFO - Exporting env vars: AIRFLOW_CTX_DAG_OWNER='***' AIRFLOW_CTX_DAG_ID='group_dag' AIRFLOW_CTX_TASK_ID='staging_layer.insert_into_stg_actor' AIRFLOW_CTX_EXECUTION_DATE='2023-10-10T17:38:24.425383+00:00' AIRFLOW_CTX_TRY_NUMBER='1' AIRFLOW_CTX_DAG_RUN_ID='manual__2023-10-10T17:38:24.425383+00:00'
[2023-10-10T17:38:32.566+0000] {sql.py:265} INFO - Executing: 
            INSERT INTO stg_actor
            SELECT DISTINCT
            m.actor_id
            ,v.Actor
            FROM (SELECT trim(value)as Actor, Title, Year, Director
                FROM (
                    SELECT Actors, Title, Year, Director FROM land_movies 
                        ) AS sub_query
                CROSS APPLY string_split(sub_query.Actors,',') as actors_split) AS v
            INNER JOIN map_actor AS m ON m.actor = v.Actor
            WHERE NOT EXISTS (SELECT 1 FROM stg_actor AS s WHERE s.actor_id = m.actor_id);
            
[2023-10-10T17:38:32.583+0000] {base.py:73} INFO - Using connection ID 'sqlserver' for task execution.
[2023-10-10T17:38:32.664+0000] {base.py:73} INFO - Using connection ID 'sqlserver' for task execution.
[2023-10-10T17:38:33.559+0000] {sql.py:375} INFO - Running statement: 
            INSERT INTO stg_actor
            SELECT DISTINCT
            m.actor_id
            ,v.Actor
            FROM (SELECT trim(value)as Actor, Title, Year, Director
                FROM (
                    SELECT Actors, Title, Year, Director FROM land_movies 
                        ) AS sub_query
                CROSS APPLY string_split(sub_query.Actors,',') as actors_split) AS v
            INNER JOIN map_actor AS m ON m.actor = v.Actor
            WHERE NOT EXISTS (SELECT 1 FROM stg_actor AS s WHERE s.actor_id = m.actor_id);
            , parameters: None
[2023-10-10T17:38:33.648+0000] {sql.py:384} INFO - Rows affected: 0
[2023-10-10T17:38:33.663+0000] {taskinstance.py:1350} INFO - Marking task as SUCCESS. dag_id=group_dag, task_id=staging_layer.insert_into_stg_actor, execution_date=20231010T173824, start_date=20231010T173832, end_date=20231010T173833
[2023-10-10T17:38:33.706+0000] {local_task_job_runner.py:225} INFO - Task exited with return code 0
[2023-10-10T17:38:33.745+0000] {taskinstance.py:2653} INFO - 0 downstream tasks scheduled from follow-on schedule check
