[2023-10-08T02:58:55.373+0000] {taskinstance.py:1103} INFO - Dependencies all met for dep_context=non-requeueable deps ti=<TaskInstance: group_dag.mapping_layer.insert_into_map_film scheduled__2023-10-07T00:00:00+00:00 [queued]>
[2023-10-08T02:58:55.484+0000] {taskinstance.py:1103} INFO - Dependencies all met for dep_context=requeueable deps ti=<TaskInstance: group_dag.mapping_layer.insert_into_map_film scheduled__2023-10-07T00:00:00+00:00 [queued]>
[2023-10-08T02:58:55.486+0000] {taskinstance.py:1308} INFO - Starting attempt 1 of 1
[2023-10-08T02:58:55.650+0000] {taskinstance.py:1327} INFO - Executing <Task(MsSqlOperator): mapping_layer.insert_into_map_film> on 2023-10-07 00:00:00+00:00
[2023-10-08T02:58:55.724+0000] {standard_task_runner.py:57} INFO - Started process 10931 to run task
[2023-10-08T02:58:55.748+0000] {standard_task_runner.py:84} INFO - Running: ['***', 'tasks', 'run', 'group_dag', 'mapping_layer.insert_into_map_film', 'scheduled__2023-10-07T00:00:00+00:00', '--job-id', '102', '--raw', '--subdir', 'DAGS_FOLDER/group_dag.py', '--cfg-path', '/tmp/tmpg4aakboz']
[2023-10-08T02:58:55.768+0000] {standard_task_runner.py:85} INFO - Job 102: Subtask mapping_layer.insert_into_map_film
[2023-10-08T02:58:56.164+0000] {task_command.py:410} INFO - Running <TaskInstance: group_dag.mapping_layer.insert_into_map_film scheduled__2023-10-07T00:00:00+00:00 [running]> on host 9e1bf037e24d
[2023-10-08T02:58:56.698+0000] {taskinstance.py:1547} INFO - Exporting env vars: AIRFLOW_CTX_DAG_OWNER='***' AIRFLOW_CTX_DAG_ID='group_dag' AIRFLOW_CTX_TASK_ID='mapping_layer.insert_into_map_film' AIRFLOW_CTX_EXECUTION_DATE='2023-10-07T00:00:00+00:00' AIRFLOW_CTX_TRY_NUMBER='1' AIRFLOW_CTX_DAG_RUN_ID='scheduled__2023-10-07T00:00:00+00:00'
[2023-10-08T02:58:56.710+0000] {sql.py:265} INFO - Executing: 
            INSERT INTO map_film (title, director, film_year)
            SELECT Title, Director, Year
            FROM land_movies l
            WHERE NOT EXISTS (SELECT 1 FROM map_film m WHERE m.title = l.Title and m.director = l.Director and m.film_year = l.Year)
            
[2023-10-08T02:58:56.793+0000] {base.py:73} INFO - Using connection ID 'sqlserver' for task execution.
[2023-10-08T02:58:57.381+0000] {base.py:73} INFO - Using connection ID 'sqlserver' for task execution.
[2023-10-08T02:58:58.300+0000] {sql.py:375} INFO - Running statement: 
            INSERT INTO map_film (title, director, film_year)
            SELECT Title, Director, Year
            FROM land_movies l
            WHERE NOT EXISTS (SELECT 1 FROM map_film m WHERE m.title = l.Title and m.director = l.Director and m.film_year = l.Year)
            , parameters: None
[2023-10-08T02:58:58.381+0000] {sql.py:384} INFO - Rows affected: 0
[2023-10-08T02:58:58.439+0000] {taskinstance.py:1350} INFO - Marking task as SUCCESS. dag_id=group_dag, task_id=mapping_layer.insert_into_map_film, execution_date=20231007T000000, start_date=20231008T025855, end_date=20231008T025858
[2023-10-08T02:58:58.622+0000] {local_task_job_runner.py:225} INFO - Task exited with return code 0
[2023-10-08T02:58:58.889+0000] {taskinstance.py:2653} INFO - 0 downstream tasks scheduled from follow-on schedule check
