[2023-10-10T17:38:27.493+0000] {taskinstance.py:1103} INFO - Dependencies all met for dep_context=non-requeueable deps ti=<TaskInstance: group_dag.mapping_layer.insert_into_map_genre manual__2023-10-10T17:38:24.425383+00:00 [queued]>
[2023-10-10T17:38:27.520+0000] {taskinstance.py:1103} INFO - Dependencies all met for dep_context=requeueable deps ti=<TaskInstance: group_dag.mapping_layer.insert_into_map_genre manual__2023-10-10T17:38:24.425383+00:00 [queued]>
[2023-10-10T17:38:27.525+0000] {taskinstance.py:1308} INFO - Starting attempt 1 of 1
[2023-10-10T17:38:27.582+0000] {taskinstance.py:1327} INFO - Executing <Task(MsSqlOperator): mapping_layer.insert_into_map_genre> on 2023-10-10 17:38:24.425383+00:00
[2023-10-10T17:38:27.594+0000] {standard_task_runner.py:57} INFO - Started process 183 to run task
[2023-10-10T17:38:27.610+0000] {standard_task_runner.py:84} INFO - Running: ['***', 'tasks', 'run', 'group_dag', 'mapping_layer.insert_into_map_genre', 'manual__2023-10-10T17:38:24.425383+00:00', '--job-id', '128', '--raw', '--subdir', 'DAGS_FOLDER/group_dag.py', '--cfg-path', '/tmp/tmpxruu33pq']
[2023-10-10T17:38:27.620+0000] {standard_task_runner.py:85} INFO - Job 128: Subtask mapping_layer.insert_into_map_genre
[2023-10-10T17:38:27.799+0000] {task_command.py:410} INFO - Running <TaskInstance: group_dag.mapping_layer.insert_into_map_genre manual__2023-10-10T17:38:24.425383+00:00 [running]> on host 2c73f027d5a5
[2023-10-10T17:38:28.004+0000] {taskinstance.py:1547} INFO - Exporting env vars: AIRFLOW_CTX_DAG_OWNER='***' AIRFLOW_CTX_DAG_ID='group_dag' AIRFLOW_CTX_TASK_ID='mapping_layer.insert_into_map_genre' AIRFLOW_CTX_EXECUTION_DATE='2023-10-10T17:38:24.425383+00:00' AIRFLOW_CTX_TRY_NUMBER='1' AIRFLOW_CTX_DAG_RUN_ID='manual__2023-10-10T17:38:24.425383+00:00'
[2023-10-10T17:38:28.010+0000] {sql.py:265} INFO - Executing: 
            INSERT INTO map_genre (genre)
            SELECT DISTINCT Genre as genre FROM
            (
            SELECT trim(value)as Genre, Title, Year, Director
            FROM (SELECT Genre, Title, Year, Director FROM land_movies) AS sub_query
            CROSS APPLY string_split(sub_query.Genre,',') 
            ) s
            WHERE NOT EXISTS (SELECT 1 FROM map_genre mg WHERE mg.genre = s.Genre)
            
[2023-10-10T17:38:28.025+0000] {base.py:73} INFO - Using connection ID 'sqlserver' for task execution.
[2023-10-10T17:38:28.169+0000] {base.py:73} INFO - Using connection ID 'sqlserver' for task execution.
[2023-10-10T17:38:29.132+0000] {sql.py:375} INFO - Running statement: 
            INSERT INTO map_genre (genre)
            SELECT DISTINCT Genre as genre FROM
            (
            SELECT trim(value)as Genre, Title, Year, Director
            FROM (SELECT Genre, Title, Year, Director FROM land_movies) AS sub_query
            CROSS APPLY string_split(sub_query.Genre,',') 
            ) s
            WHERE NOT EXISTS (SELECT 1 FROM map_genre mg WHERE mg.genre = s.Genre)
            , parameters: None
[2023-10-10T17:38:29.222+0000] {sql.py:384} INFO - Rows affected: 0
[2023-10-10T17:38:29.246+0000] {taskinstance.py:1350} INFO - Marking task as SUCCESS. dag_id=group_dag, task_id=mapping_layer.insert_into_map_genre, execution_date=20231010T173824, start_date=20231010T173827, end_date=20231010T173829
[2023-10-10T17:38:29.382+0000] {local_task_job_runner.py:225} INFO - Task exited with return code 0
[2023-10-10T17:38:29.499+0000] {taskinstance.py:2653} INFO - 0 downstream tasks scheduled from follow-on schedule check
