[2023-10-05T20:04:28.516+0000] {taskinstance.py:1165} INFO - Dependencies all met for <TaskInstance: user_processing.create_table manual__2023-10-05T20:04:26.861808+00:00 [queued]>
[2023-10-05T20:04:28.528+0000] {taskinstance.py:1165} INFO - Dependencies all met for <TaskInstance: user_processing.create_table manual__2023-10-05T20:04:26.861808+00:00 [queued]>
[2023-10-05T20:04:28.529+0000] {taskinstance.py:1362} INFO - 
--------------------------------------------------------------------------------
[2023-10-05T20:04:28.530+0000] {taskinstance.py:1363} INFO - Starting attempt 1 of 1
[2023-10-05T20:04:28.531+0000] {taskinstance.py:1364} INFO - 
--------------------------------------------------------------------------------
[2023-10-05T20:04:28.548+0000] {taskinstance.py:1383} INFO - Executing <Task(PostgresOperator): create_table> on 2023-10-05 20:04:26.861808+00:00
[2023-10-05T20:04:28.555+0000] {standard_task_runner.py:55} INFO - Started process 1309 to run task
[2023-10-05T20:04:28.560+0000] {standard_task_runner.py:82} INFO - Running: ['***', 'tasks', 'run', 'user_processing', 'create_table', 'manual__2023-10-05T20:04:26.861808+00:00', '--job-id', '30', '--raw', '--subdir', 'DAGS_FOLDER/user_processing.py', '--cfg-path', '/tmp/tmp1ycyznev']
[2023-10-05T20:04:28.563+0000] {standard_task_runner.py:83} INFO - Job 30: Subtask create_table
[2023-10-05T20:04:28.642+0000] {task_command.py:376} INFO - Running <TaskInstance: user_processing.create_table manual__2023-10-05T20:04:26.861808+00:00 [running]> on host ca408aed2033
[2023-10-05T20:04:28.716+0000] {taskinstance.py:1592} INFO - Exporting the following env vars:
AIRFLOW_CTX_DAG_OWNER=***
AIRFLOW_CTX_DAG_ID=user_processing
AIRFLOW_CTX_TASK_ID=create_table
AIRFLOW_CTX_EXECUTION_DATE=2023-10-05T20:04:26.861808+00:00
AIRFLOW_CTX_TRY_NUMBER=1
AIRFLOW_CTX_DAG_RUN_ID=manual__2023-10-05T20:04:26.861808+00:00
[2023-10-05T20:04:28.727+0000] {base.py:71} INFO - Using connection ID 'postgres' for task execution.
[2023-10-05T20:04:28.732+0000] {sql.py:315} INFO - Running statement: 
            CREATE TABLE IF NOT EXISTS users (
                firstname TEXT NOT NULL,
                lastname TEXT NOT NULL,
                country TEXT NOT NULL,
                username TEXT NOT NULL,
                password TEXT NOT NULL,
                email TEXT NOT NULL
            );
            , parameters: None
[2023-10-05T20:04:28.734+0000] {postgres.py:96} INFO - NOTICE:  relation "users" already exists, skipping

[2023-10-05T20:04:28.743+0000] {taskinstance.py:1406} INFO - Marking task as SUCCESS. dag_id=user_processing, task_id=create_table, execution_date=20231005T200426, start_date=20231005T200428, end_date=20231005T200428
[2023-10-05T20:04:28.773+0000] {local_task_job.py:164} INFO - Task exited with return code 0
[2023-10-05T20:04:28.809+0000] {local_task_job.py:273} INFO - 1 downstream tasks scheduled from follow-on schedule check
