[2023-10-08T01:51:54.509+0000] {taskinstance.py:1103} INFO - Dependencies all met for dep_context=non-requeueable deps ti=<TaskInstance: movie_db_etl.insert_into_map_film manual__2023-10-08T01:51:52.560302+00:00 [queued]>
[2023-10-08T01:51:54.523+0000] {taskinstance.py:1103} INFO - Dependencies all met for dep_context=requeueable deps ti=<TaskInstance: movie_db_etl.insert_into_map_film manual__2023-10-08T01:51:52.560302+00:00 [queued]>
[2023-10-08T01:51:54.525+0000] {taskinstance.py:1308} INFO - Starting attempt 1 of 1
[2023-10-08T01:51:54.549+0000] {taskinstance.py:1327} INFO - Executing <Task(MsSqlOperator): insert_into_map_film> on 2023-10-08 01:51:52.560302+00:00
[2023-10-08T01:51:54.557+0000] {standard_task_runner.py:57} INFO - Started process 8304 to run task
[2023-10-08T01:51:54.563+0000] {standard_task_runner.py:84} INFO - Running: ['***', 'tasks', 'run', 'movie_db_etl', 'insert_into_map_film', 'manual__2023-10-08T01:51:52.560302+00:00', '--job-id', '89', '--raw', '--subdir', 'DAGS_FOLDER/movie_db_***.py', '--cfg-path', '/tmp/tmp4kq53hd6']
[2023-10-08T01:51:54.567+0000] {standard_task_runner.py:85} INFO - Job 89: Subtask insert_into_map_film
[2023-10-08T01:51:54.640+0000] {task_command.py:410} INFO - Running <TaskInstance: movie_db_etl.insert_into_map_film manual__2023-10-08T01:51:52.560302+00:00 [running]> on host 9e1bf037e24d
[2023-10-08T01:51:54.780+0000] {taskinstance.py:1547} INFO - Exporting env vars: AIRFLOW_CTX_DAG_OWNER='***' AIRFLOW_CTX_DAG_ID='movie_db_etl' AIRFLOW_CTX_TASK_ID='insert_into_map_film' AIRFLOW_CTX_EXECUTION_DATE='2023-10-08T01:51:52.560302+00:00' AIRFLOW_CTX_TRY_NUMBER='1' AIRFLOW_CTX_DAG_RUN_ID='manual__2023-10-08T01:51:52.560302+00:00'
[2023-10-08T01:51:54.783+0000] {sql.py:265} INFO - Executing: 
        INSERT INTO map_film (title, director, film_year)
        SELECT Title, Director, Year
        FROM [IMDB-Movie-Data_no_double_quotes] l
        WHERE NOT EXISTS (SELECT 1 FROM map_film m WHERE m.title = l.Title and m.director = l.Director and m.film_year = l.Year)
        
[2023-10-08T01:51:54.797+0000] {base.py:73} INFO - Using connection ID 'sqlserver' for task execution.
[2023-10-08T01:51:54.882+0000] {base.py:73} INFO - Using connection ID 'sqlserver' for task execution.
[2023-10-08T01:51:55.905+0000] {sql.py:375} INFO - Running statement: 
        INSERT INTO map_film (title, director, film_year)
        SELECT Title, Director, Year
        FROM [IMDB-Movie-Data_no_double_quotes] l
        WHERE NOT EXISTS (SELECT 1 FROM map_film m WHERE m.title = l.Title and m.director = l.Director and m.film_year = l.Year)
        , parameters: None
[2023-10-08T01:51:55.992+0000] {sql.py:384} INFO - Rows affected: 0
[2023-10-08T01:51:56.007+0000] {taskinstance.py:1350} INFO - Marking task as SUCCESS. dag_id=movie_db_etl, task_id=insert_into_map_film, execution_date=20231008T015152, start_date=20231008T015154, end_date=20231008T015156
[2023-10-08T01:51:56.063+0000] {local_task_job_runner.py:225} INFO - Task exited with return code 0
[2023-10-08T01:51:56.091+0000] {taskinstance.py:2653} INFO - 0 downstream tasks scheduled from follow-on schedule check
