[2023-10-10T17:36:32.076+0000] {processor.py:157} INFO - Started process (PID=29) to work on /opt/airflow/dags/group_dag.py
[2023-10-10T17:36:32.078+0000] {processor.py:826} INFO - Processing file /opt/airflow/dags/group_dag.py for tasks to queue
[2023-10-10T17:36:32.080+0000] {logging_mixin.py:150} INFO - [2023-10-10T17:36:32.080+0000] {dagbag.py:541} INFO - Filling up the DagBag from /opt/airflow/dags/group_dag.py
[2023-10-10T17:36:32.110+0000] {processor.py:836} INFO - DAG(s) dict_keys(['group_dag']) retrieved from /opt/airflow/dags/group_dag.py
[2023-10-10T17:36:32.321+0000] {logging_mixin.py:150} INFO - [2023-10-10T17:36:32.321+0000] {dag.py:2742} INFO - Sync 1 DAGs
[2023-10-10T17:36:32.368+0000] {logging_mixin.py:150} INFO - [2023-10-10T17:36:32.367+0000] {dag.py:3508} INFO - Setting next_dagrun for group_dag to 2023-10-09T00:00:00+00:00, run_after=2023-10-10T00:00:00+00:00
[2023-10-10T17:36:32.413+0000] {processor.py:179} INFO - Processing /opt/airflow/dags/group_dag.py took 0.341 seconds
[2023-10-10T17:37:03.393+0000] {processor.py:157} INFO - Started process (PID=135) to work on /opt/airflow/dags/group_dag.py
[2023-10-10T17:37:03.395+0000] {processor.py:826} INFO - Processing file /opt/airflow/dags/group_dag.py for tasks to queue
[2023-10-10T17:37:03.396+0000] {logging_mixin.py:150} INFO - [2023-10-10T17:37:03.396+0000] {dagbag.py:541} INFO - Filling up the DagBag from /opt/airflow/dags/group_dag.py
[2023-10-10T17:37:03.422+0000] {processor.py:836} INFO - DAG(s) dict_keys(['group_dag']) retrieved from /opt/airflow/dags/group_dag.py
[2023-10-10T17:37:03.458+0000] {logging_mixin.py:150} INFO - [2023-10-10T17:37:03.457+0000] {dag.py:2742} INFO - Sync 1 DAGs
[2023-10-10T17:37:03.496+0000] {logging_mixin.py:150} INFO - [2023-10-10T17:37:03.496+0000] {dag.py:3508} INFO - Setting next_dagrun for group_dag to 2023-10-10T00:00:00+00:00, run_after=2023-10-11T00:00:00+00:00
[2023-10-10T17:37:03.521+0000] {processor.py:179} INFO - Processing /opt/airflow/dags/group_dag.py took 0.133 seconds
[2023-10-10T17:37:33.584+0000] {processor.py:157} INFO - Started process (PID=215) to work on /opt/airflow/dags/group_dag.py
[2023-10-10T17:37:33.586+0000] {processor.py:826} INFO - Processing file /opt/airflow/dags/group_dag.py for tasks to queue
[2023-10-10T17:37:33.588+0000] {logging_mixin.py:150} INFO - [2023-10-10T17:37:33.588+0000] {dagbag.py:541} INFO - Filling up the DagBag from /opt/airflow/dags/group_dag.py
[2023-10-10T17:37:33.620+0000] {processor.py:836} INFO - DAG(s) dict_keys(['group_dag']) retrieved from /opt/airflow/dags/group_dag.py
[2023-10-10T17:37:33.681+0000] {logging_mixin.py:150} INFO - [2023-10-10T17:37:33.681+0000] {dag.py:2742} INFO - Sync 1 DAGs
[2023-10-10T17:37:33.746+0000] {logging_mixin.py:150} INFO - [2023-10-10T17:37:33.746+0000] {dag.py:3508} INFO - Setting next_dagrun for group_dag to 2023-10-10T00:00:00+00:00, run_after=2023-10-11T00:00:00+00:00
[2023-10-10T17:37:33.777+0000] {processor.py:179} INFO - Processing /opt/airflow/dags/group_dag.py took 0.201 seconds
[2023-10-10T17:38:04.069+0000] {processor.py:157} INFO - Started process (PID=304) to work on /opt/airflow/dags/group_dag.py
[2023-10-10T17:38:04.072+0000] {processor.py:826} INFO - Processing file /opt/airflow/dags/group_dag.py for tasks to queue
[2023-10-10T17:38:04.075+0000] {logging_mixin.py:150} INFO - [2023-10-10T17:38:04.074+0000] {dagbag.py:541} INFO - Filling up the DagBag from /opt/airflow/dags/group_dag.py
[2023-10-10T17:38:04.106+0000] {processor.py:836} INFO - DAG(s) dict_keys(['group_dag']) retrieved from /opt/airflow/dags/group_dag.py
[2023-10-10T17:38:04.152+0000] {logging_mixin.py:150} INFO - [2023-10-10T17:38:04.152+0000] {dag.py:2742} INFO - Sync 1 DAGs
[2023-10-10T17:38:04.203+0000] {logging_mixin.py:150} INFO - [2023-10-10T17:38:04.203+0000] {dag.py:3508} INFO - Setting next_dagrun for group_dag to 2023-10-10T00:00:00+00:00, run_after=2023-10-11T00:00:00+00:00
[2023-10-10T17:38:04.237+0000] {processor.py:179} INFO - Processing /opt/airflow/dags/group_dag.py took 0.175 seconds
[2023-10-10T17:38:15.619+0000] {processor.py:157} INFO - Started process (PID=363) to work on /opt/airflow/dags/group_dag.py
[2023-10-10T17:38:15.622+0000] {processor.py:826} INFO - Processing file /opt/airflow/dags/group_dag.py for tasks to queue
[2023-10-10T17:38:15.624+0000] {logging_mixin.py:150} INFO - [2023-10-10T17:38:15.624+0000] {dagbag.py:541} INFO - Filling up the DagBag from /opt/airflow/dags/group_dag.py
[2023-10-10T17:38:15.662+0000] {processor.py:836} INFO - DAG(s) dict_keys(['group_dag']) retrieved from /opt/airflow/dags/group_dag.py
[2023-10-10T17:38:15.702+0000] {logging_mixin.py:150} INFO - [2023-10-10T17:38:15.702+0000] {dag.py:2742} INFO - Sync 1 DAGs
[2023-10-10T17:38:15.744+0000] {logging_mixin.py:150} INFO - [2023-10-10T17:38:15.744+0000] {dag.py:3508} INFO - Setting next_dagrun for group_dag to 2023-10-10T00:00:00+00:00, run_after=2023-10-11T00:00:00+00:00
[2023-10-10T17:38:15.778+0000] {processor.py:179} INFO - Processing /opt/airflow/dags/group_dag.py took 0.165 seconds
[2023-10-10T17:38:46.095+0000] {processor.py:157} INFO - Started process (PID=466) to work on /opt/airflow/dags/group_dag.py
[2023-10-10T17:38:46.098+0000] {processor.py:826} INFO - Processing file /opt/airflow/dags/group_dag.py for tasks to queue
[2023-10-10T17:38:46.101+0000] {logging_mixin.py:150} INFO - [2023-10-10T17:38:46.100+0000] {dagbag.py:541} INFO - Filling up the DagBag from /opt/airflow/dags/group_dag.py
[2023-10-10T17:38:46.126+0000] {processor.py:836} INFO - DAG(s) dict_keys(['group_dag']) retrieved from /opt/airflow/dags/group_dag.py
[2023-10-10T17:38:46.158+0000] {logging_mixin.py:150} INFO - [2023-10-10T17:38:46.158+0000] {dag.py:2742} INFO - Sync 1 DAGs
[2023-10-10T17:38:46.201+0000] {logging_mixin.py:150} INFO - [2023-10-10T17:38:46.201+0000] {dag.py:3508} INFO - Setting next_dagrun for group_dag to 2023-10-10T00:00:00+00:00, run_after=2023-10-11T00:00:00+00:00
[2023-10-10T17:38:46.230+0000] {processor.py:179} INFO - Processing /opt/airflow/dags/group_dag.py took 0.140 seconds
[2023-10-10T17:39:16.668+0000] {processor.py:157} INFO - Started process (PID=546) to work on /opt/airflow/dags/group_dag.py
[2023-10-10T17:39:16.670+0000] {processor.py:826} INFO - Processing file /opt/airflow/dags/group_dag.py for tasks to queue
[2023-10-10T17:39:16.672+0000] {logging_mixin.py:150} INFO - [2023-10-10T17:39:16.672+0000] {dagbag.py:541} INFO - Filling up the DagBag from /opt/airflow/dags/group_dag.py
[2023-10-10T17:39:16.698+0000] {processor.py:836} INFO - DAG(s) dict_keys(['group_dag']) retrieved from /opt/airflow/dags/group_dag.py
[2023-10-10T17:39:16.732+0000] {logging_mixin.py:150} INFO - [2023-10-10T17:39:16.732+0000] {dag.py:2742} INFO - Sync 1 DAGs
[2023-10-10T17:39:16.765+0000] {logging_mixin.py:150} INFO - [2023-10-10T17:39:16.765+0000] {dag.py:3508} INFO - Setting next_dagrun for group_dag to 2023-10-10T00:00:00+00:00, run_after=2023-10-11T00:00:00+00:00
[2023-10-10T17:39:16.787+0000] {processor.py:179} INFO - Processing /opt/airflow/dags/group_dag.py took 0.124 seconds
[2023-10-10T17:39:47.029+0000] {processor.py:157} INFO - Started process (PID=628) to work on /opt/airflow/dags/group_dag.py
[2023-10-10T17:39:47.033+0000] {processor.py:826} INFO - Processing file /opt/airflow/dags/group_dag.py for tasks to queue
[2023-10-10T17:39:47.034+0000] {logging_mixin.py:150} INFO - [2023-10-10T17:39:47.034+0000] {dagbag.py:541} INFO - Filling up the DagBag from /opt/airflow/dags/group_dag.py
[2023-10-10T17:39:47.060+0000] {processor.py:836} INFO - DAG(s) dict_keys(['group_dag']) retrieved from /opt/airflow/dags/group_dag.py
[2023-10-10T17:39:47.104+0000] {logging_mixin.py:150} INFO - [2023-10-10T17:39:47.104+0000] {dag.py:2742} INFO - Sync 1 DAGs
[2023-10-10T17:39:47.165+0000] {logging_mixin.py:150} INFO - [2023-10-10T17:39:47.165+0000] {dag.py:3508} INFO - Setting next_dagrun for group_dag to 2023-10-10T00:00:00+00:00, run_after=2023-10-11T00:00:00+00:00
[2023-10-10T17:39:47.186+0000] {processor.py:179} INFO - Processing /opt/airflow/dags/group_dag.py took 0.162 seconds
[2023-10-10T17:40:17.275+0000] {processor.py:157} INFO - Started process (PID=704) to work on /opt/airflow/dags/group_dag.py
[2023-10-10T17:40:17.277+0000] {processor.py:826} INFO - Processing file /opt/airflow/dags/group_dag.py for tasks to queue
[2023-10-10T17:40:17.279+0000] {logging_mixin.py:150} INFO - [2023-10-10T17:40:17.278+0000] {dagbag.py:541} INFO - Filling up the DagBag from /opt/airflow/dags/group_dag.py
[2023-10-10T17:40:17.302+0000] {processor.py:836} INFO - DAG(s) dict_keys(['group_dag']) retrieved from /opt/airflow/dags/group_dag.py
[2023-10-10T17:40:17.337+0000] {logging_mixin.py:150} INFO - [2023-10-10T17:40:17.337+0000] {dag.py:2742} INFO - Sync 1 DAGs
[2023-10-10T17:40:17.373+0000] {logging_mixin.py:150} INFO - [2023-10-10T17:40:17.373+0000] {dag.py:3508} INFO - Setting next_dagrun for group_dag to 2023-10-10T00:00:00+00:00, run_after=2023-10-11T00:00:00+00:00
[2023-10-10T17:40:17.393+0000] {processor.py:179} INFO - Processing /opt/airflow/dags/group_dag.py took 0.124 seconds
[2023-10-10T17:40:48.574+0000] {processor.py:157} INFO - Started process (PID=790) to work on /opt/airflow/dags/group_dag.py
[2023-10-10T17:40:48.576+0000] {processor.py:826} INFO - Processing file /opt/airflow/dags/group_dag.py for tasks to queue
[2023-10-10T17:40:48.578+0000] {logging_mixin.py:150} INFO - [2023-10-10T17:40:48.578+0000] {dagbag.py:541} INFO - Filling up the DagBag from /opt/airflow/dags/group_dag.py
[2023-10-10T17:40:48.604+0000] {processor.py:836} INFO - DAG(s) dict_keys(['group_dag']) retrieved from /opt/airflow/dags/group_dag.py
[2023-10-10T17:40:48.643+0000] {logging_mixin.py:150} INFO - [2023-10-10T17:40:48.643+0000] {dag.py:2742} INFO - Sync 1 DAGs
[2023-10-10T17:40:48.691+0000] {logging_mixin.py:150} INFO - [2023-10-10T17:40:48.691+0000] {dag.py:3508} INFO - Setting next_dagrun for group_dag to 2023-10-10T00:00:00+00:00, run_after=2023-10-11T00:00:00+00:00
[2023-10-10T17:40:48.722+0000] {processor.py:179} INFO - Processing /opt/airflow/dags/group_dag.py took 0.154 seconds
[2023-10-10T17:41:19.643+0000] {processor.py:157} INFO - Started process (PID=869) to work on /opt/airflow/dags/group_dag.py
[2023-10-10T17:41:19.645+0000] {processor.py:826} INFO - Processing file /opt/airflow/dags/group_dag.py for tasks to queue
[2023-10-10T17:41:19.647+0000] {logging_mixin.py:150} INFO - [2023-10-10T17:41:19.646+0000] {dagbag.py:541} INFO - Filling up the DagBag from /opt/airflow/dags/group_dag.py
[2023-10-10T17:41:19.670+0000] {processor.py:836} INFO - DAG(s) dict_keys(['group_dag']) retrieved from /opt/airflow/dags/group_dag.py
[2023-10-10T17:41:19.685+0000] {logging_mixin.py:150} INFO - [2023-10-10T17:41:19.685+0000] {dag.py:2742} INFO - Sync 1 DAGs
[2023-10-10T17:41:19.726+0000] {logging_mixin.py:150} INFO - [2023-10-10T17:41:19.725+0000] {dag.py:3508} INFO - Setting next_dagrun for group_dag to 2023-10-10T00:00:00+00:00, run_after=2023-10-11T00:00:00+00:00
[2023-10-10T17:41:19.753+0000] {processor.py:179} INFO - Processing /opt/airflow/dags/group_dag.py took 0.137 seconds
[2023-10-10T17:41:50.455+0000] {processor.py:157} INFO - Started process (PID=957) to work on /opt/airflow/dags/group_dag.py
[2023-10-10T17:41:50.457+0000] {processor.py:826} INFO - Processing file /opt/airflow/dags/group_dag.py for tasks to queue
[2023-10-10T17:41:50.459+0000] {logging_mixin.py:150} INFO - [2023-10-10T17:41:50.458+0000] {dagbag.py:541} INFO - Filling up the DagBag from /opt/airflow/dags/group_dag.py
[2023-10-10T17:41:50.483+0000] {processor.py:836} INFO - DAG(s) dict_keys(['group_dag']) retrieved from /opt/airflow/dags/group_dag.py
[2023-10-10T17:41:50.516+0000] {logging_mixin.py:150} INFO - [2023-10-10T17:41:50.516+0000] {dag.py:2742} INFO - Sync 1 DAGs
[2023-10-10T17:41:50.549+0000] {logging_mixin.py:150} INFO - [2023-10-10T17:41:50.549+0000] {dag.py:3508} INFO - Setting next_dagrun for group_dag to 2023-10-10T00:00:00+00:00, run_after=2023-10-11T00:00:00+00:00
[2023-10-10T17:41:50.569+0000] {processor.py:179} INFO - Processing /opt/airflow/dags/group_dag.py took 0.119 seconds
[2023-10-10T17:42:21.682+0000] {processor.py:157} INFO - Started process (PID=1035) to work on /opt/airflow/dags/group_dag.py
[2023-10-10T17:42:21.684+0000] {processor.py:826} INFO - Processing file /opt/airflow/dags/group_dag.py for tasks to queue
[2023-10-10T17:42:21.687+0000] {logging_mixin.py:150} INFO - [2023-10-10T17:42:21.687+0000] {dagbag.py:541} INFO - Filling up the DagBag from /opt/airflow/dags/group_dag.py
[2023-10-10T17:42:21.754+0000] {processor.py:836} INFO - DAG(s) dict_keys(['group_dag']) retrieved from /opt/airflow/dags/group_dag.py
[2023-10-10T17:42:21.825+0000] {logging_mixin.py:150} INFO - [2023-10-10T17:42:21.824+0000] {dag.py:2742} INFO - Sync 1 DAGs
[2023-10-10T17:42:21.888+0000] {logging_mixin.py:150} INFO - [2023-10-10T17:42:21.888+0000] {dag.py:3508} INFO - Setting next_dagrun for group_dag to 2023-10-10T00:00:00+00:00, run_after=2023-10-11T00:00:00+00:00
[2023-10-10T17:42:21.922+0000] {processor.py:179} INFO - Processing /opt/airflow/dags/group_dag.py took 0.245 seconds
[2023-10-10T17:42:52.320+0000] {processor.py:157} INFO - Started process (PID=1125) to work on /opt/airflow/dags/group_dag.py
[2023-10-10T17:42:52.322+0000] {processor.py:826} INFO - Processing file /opt/airflow/dags/group_dag.py for tasks to queue
[2023-10-10T17:42:52.324+0000] {logging_mixin.py:150} INFO - [2023-10-10T17:42:52.323+0000] {dagbag.py:541} INFO - Filling up the DagBag from /opt/airflow/dags/group_dag.py
[2023-10-10T17:42:52.354+0000] {processor.py:836} INFO - DAG(s) dict_keys(['group_dag']) retrieved from /opt/airflow/dags/group_dag.py
[2023-10-10T17:42:52.421+0000] {logging_mixin.py:150} INFO - [2023-10-10T17:42:52.421+0000] {dag.py:2742} INFO - Sync 1 DAGs
[2023-10-10T17:42:52.465+0000] {logging_mixin.py:150} INFO - [2023-10-10T17:42:52.465+0000] {dag.py:3508} INFO - Setting next_dagrun for group_dag to 2023-10-10T00:00:00+00:00, run_after=2023-10-11T00:00:00+00:00
[2023-10-10T17:42:52.493+0000] {processor.py:179} INFO - Processing /opt/airflow/dags/group_dag.py took 0.180 seconds
[2023-10-10T17:43:23.013+0000] {processor.py:157} INFO - Started process (PID=1204) to work on /opt/airflow/dags/group_dag.py
[2023-10-10T17:43:23.016+0000] {processor.py:826} INFO - Processing file /opt/airflow/dags/group_dag.py for tasks to queue
[2023-10-10T17:43:23.018+0000] {logging_mixin.py:150} INFO - [2023-10-10T17:43:23.017+0000] {dagbag.py:541} INFO - Filling up the DagBag from /opt/airflow/dags/group_dag.py
[2023-10-10T17:43:23.058+0000] {processor.py:836} INFO - DAG(s) dict_keys(['group_dag']) retrieved from /opt/airflow/dags/group_dag.py
[2023-10-10T17:43:23.105+0000] {logging_mixin.py:150} INFO - [2023-10-10T17:43:23.105+0000] {dag.py:2742} INFO - Sync 1 DAGs
[2023-10-10T17:43:23.161+0000] {logging_mixin.py:150} INFO - [2023-10-10T17:43:23.161+0000] {dag.py:3508} INFO - Setting next_dagrun for group_dag to 2023-10-10T00:00:00+00:00, run_after=2023-10-11T00:00:00+00:00
[2023-10-10T17:43:23.200+0000] {processor.py:179} INFO - Processing /opt/airflow/dags/group_dag.py took 0.194 seconds
[2023-10-10T17:43:53.445+0000] {processor.py:157} INFO - Started process (PID=1290) to work on /opt/airflow/dags/group_dag.py
[2023-10-10T17:43:53.447+0000] {processor.py:826} INFO - Processing file /opt/airflow/dags/group_dag.py for tasks to queue
[2023-10-10T17:43:53.449+0000] {logging_mixin.py:150} INFO - [2023-10-10T17:43:53.448+0000] {dagbag.py:541} INFO - Filling up the DagBag from /opt/airflow/dags/group_dag.py
[2023-10-10T17:43:53.486+0000] {processor.py:836} INFO - DAG(s) dict_keys(['group_dag']) retrieved from /opt/airflow/dags/group_dag.py
[2023-10-10T17:43:53.518+0000] {logging_mixin.py:150} INFO - [2023-10-10T17:43:53.518+0000] {dag.py:2742} INFO - Sync 1 DAGs
[2023-10-10T17:43:53.553+0000] {logging_mixin.py:150} INFO - [2023-10-10T17:43:53.552+0000] {dag.py:3508} INFO - Setting next_dagrun for group_dag to 2023-10-10T00:00:00+00:00, run_after=2023-10-11T00:00:00+00:00
[2023-10-10T17:43:53.579+0000] {processor.py:179} INFO - Processing /opt/airflow/dags/group_dag.py took 0.141 seconds
[2023-10-10T17:44:23.906+0000] {processor.py:157} INFO - Started process (PID=1370) to work on /opt/airflow/dags/group_dag.py
[2023-10-10T17:44:23.909+0000] {processor.py:826} INFO - Processing file /opt/airflow/dags/group_dag.py for tasks to queue
[2023-10-10T17:44:23.911+0000] {logging_mixin.py:150} INFO - [2023-10-10T17:44:23.911+0000] {dagbag.py:541} INFO - Filling up the DagBag from /opt/airflow/dags/group_dag.py
[2023-10-10T17:44:23.935+0000] {processor.py:836} INFO - DAG(s) dict_keys(['group_dag']) retrieved from /opt/airflow/dags/group_dag.py
[2023-10-10T17:44:23.969+0000] {logging_mixin.py:150} INFO - [2023-10-10T17:44:23.968+0000] {dag.py:2742} INFO - Sync 1 DAGs
[2023-10-10T17:44:24.010+0000] {logging_mixin.py:150} INFO - [2023-10-10T17:44:24.009+0000] {dag.py:3508} INFO - Setting next_dagrun for group_dag to 2023-10-10T00:00:00+00:00, run_after=2023-10-11T00:00:00+00:00
[2023-10-10T17:44:24.042+0000] {processor.py:179} INFO - Processing /opt/airflow/dags/group_dag.py took 0.142 seconds
[2023-10-10T17:44:54.215+0000] {processor.py:157} INFO - Started process (PID=1459) to work on /opt/airflow/dags/group_dag.py
[2023-10-10T17:44:54.218+0000] {processor.py:826} INFO - Processing file /opt/airflow/dags/group_dag.py for tasks to queue
[2023-10-10T17:44:54.220+0000] {logging_mixin.py:150} INFO - [2023-10-10T17:44:54.219+0000] {dagbag.py:541} INFO - Filling up the DagBag from /opt/airflow/dags/group_dag.py
[2023-10-10T17:44:54.246+0000] {processor.py:836} INFO - DAG(s) dict_keys(['group_dag']) retrieved from /opt/airflow/dags/group_dag.py
[2023-10-10T17:44:54.281+0000] {logging_mixin.py:150} INFO - [2023-10-10T17:44:54.280+0000] {dag.py:2742} INFO - Sync 1 DAGs
[2023-10-10T17:44:54.320+0000] {logging_mixin.py:150} INFO - [2023-10-10T17:44:54.320+0000] {dag.py:3508} INFO - Setting next_dagrun for group_dag to 2023-10-10T00:00:00+00:00, run_after=2023-10-11T00:00:00+00:00
[2023-10-10T17:44:54.347+0000] {processor.py:179} INFO - Processing /opt/airflow/dags/group_dag.py took 0.137 seconds
[2023-10-10T17:45:24.659+0000] {processor.py:157} INFO - Started process (PID=1539) to work on /opt/airflow/dags/group_dag.py
[2023-10-10T17:45:24.662+0000] {processor.py:826} INFO - Processing file /opt/airflow/dags/group_dag.py for tasks to queue
[2023-10-10T17:45:24.664+0000] {logging_mixin.py:150} INFO - [2023-10-10T17:45:24.663+0000] {dagbag.py:541} INFO - Filling up the DagBag from /opt/airflow/dags/group_dag.py
[2023-10-10T17:45:24.688+0000] {processor.py:836} INFO - DAG(s) dict_keys(['group_dag']) retrieved from /opt/airflow/dags/group_dag.py
[2023-10-10T17:45:24.720+0000] {logging_mixin.py:150} INFO - [2023-10-10T17:45:24.720+0000] {dag.py:2742} INFO - Sync 1 DAGs
[2023-10-10T17:45:24.755+0000] {logging_mixin.py:150} INFO - [2023-10-10T17:45:24.754+0000] {dag.py:3508} INFO - Setting next_dagrun for group_dag to 2023-10-10T00:00:00+00:00, run_after=2023-10-11T00:00:00+00:00
[2023-10-10T17:45:24.777+0000] {processor.py:179} INFO - Processing /opt/airflow/dags/group_dag.py took 0.123 seconds
[2023-10-10T17:45:54.845+0000] {processor.py:157} INFO - Started process (PID=1619) to work on /opt/airflow/dags/group_dag.py
[2023-10-10T17:45:54.848+0000] {processor.py:826} INFO - Processing file /opt/airflow/dags/group_dag.py for tasks to queue
[2023-10-10T17:45:54.850+0000] {logging_mixin.py:150} INFO - [2023-10-10T17:45:54.849+0000] {dagbag.py:541} INFO - Filling up the DagBag from /opt/airflow/dags/group_dag.py
[2023-10-10T17:45:54.877+0000] {processor.py:836} INFO - DAG(s) dict_keys(['group_dag']) retrieved from /opt/airflow/dags/group_dag.py
[2023-10-10T17:45:54.913+0000] {logging_mixin.py:150} INFO - [2023-10-10T17:45:54.913+0000] {dag.py:2742} INFO - Sync 1 DAGs
[2023-10-10T17:45:54.949+0000] {logging_mixin.py:150} INFO - [2023-10-10T17:45:54.949+0000] {dag.py:3508} INFO - Setting next_dagrun for group_dag to 2023-10-10T00:00:00+00:00, run_after=2023-10-11T00:00:00+00:00
[2023-10-10T17:45:54.974+0000] {processor.py:179} INFO - Processing /opt/airflow/dags/group_dag.py took 0.135 seconds
[2023-10-10T17:46:25.187+0000] {processor.py:157} INFO - Started process (PID=1708) to work on /opt/airflow/dags/group_dag.py
[2023-10-10T17:46:25.190+0000] {processor.py:826} INFO - Processing file /opt/airflow/dags/group_dag.py for tasks to queue
[2023-10-10T17:46:25.192+0000] {logging_mixin.py:150} INFO - [2023-10-10T17:46:25.192+0000] {dagbag.py:541} INFO - Filling up the DagBag from /opt/airflow/dags/group_dag.py
[2023-10-10T17:46:25.214+0000] {processor.py:836} INFO - DAG(s) dict_keys(['group_dag']) retrieved from /opt/airflow/dags/group_dag.py
[2023-10-10T17:46:25.246+0000] {logging_mixin.py:150} INFO - [2023-10-10T17:46:25.246+0000] {dag.py:2742} INFO - Sync 1 DAGs
[2023-10-10T17:46:25.282+0000] {logging_mixin.py:150} INFO - [2023-10-10T17:46:25.282+0000] {dag.py:3508} INFO - Setting next_dagrun for group_dag to 2023-10-10T00:00:00+00:00, run_after=2023-10-11T00:00:00+00:00
[2023-10-10T17:46:25.307+0000] {processor.py:179} INFO - Processing /opt/airflow/dags/group_dag.py took 0.126 seconds
[2023-10-10T17:46:55.462+0000] {processor.py:157} INFO - Started process (PID=1788) to work on /opt/airflow/dags/group_dag.py
[2023-10-10T17:46:55.465+0000] {processor.py:826} INFO - Processing file /opt/airflow/dags/group_dag.py for tasks to queue
[2023-10-10T17:46:55.466+0000] {logging_mixin.py:150} INFO - [2023-10-10T17:46:55.466+0000] {dagbag.py:541} INFO - Filling up the DagBag from /opt/airflow/dags/group_dag.py
[2023-10-10T17:46:55.490+0000] {processor.py:836} INFO - DAG(s) dict_keys(['group_dag']) retrieved from /opt/airflow/dags/group_dag.py
[2023-10-10T17:46:55.523+0000] {logging_mixin.py:150} INFO - [2023-10-10T17:46:55.523+0000] {dag.py:2742} INFO - Sync 1 DAGs
[2023-10-10T17:46:55.559+0000] {logging_mixin.py:150} INFO - [2023-10-10T17:46:55.558+0000] {dag.py:3508} INFO - Setting next_dagrun for group_dag to 2023-10-10T00:00:00+00:00, run_after=2023-10-11T00:00:00+00:00
[2023-10-10T17:46:55.587+0000] {processor.py:179} INFO - Processing /opt/airflow/dags/group_dag.py took 0.130 seconds
[2023-10-10T17:47:25.753+0000] {processor.py:157} INFO - Started process (PID=1877) to work on /opt/airflow/dags/group_dag.py
[2023-10-10T17:47:25.756+0000] {processor.py:826} INFO - Processing file /opt/airflow/dags/group_dag.py for tasks to queue
[2023-10-10T17:47:25.758+0000] {logging_mixin.py:150} INFO - [2023-10-10T17:47:25.757+0000] {dagbag.py:541} INFO - Filling up the DagBag from /opt/airflow/dags/group_dag.py
[2023-10-10T17:47:25.780+0000] {processor.py:836} INFO - DAG(s) dict_keys(['group_dag']) retrieved from /opt/airflow/dags/group_dag.py
[2023-10-10T17:47:25.816+0000] {logging_mixin.py:150} INFO - [2023-10-10T17:47:25.816+0000] {dag.py:2742} INFO - Sync 1 DAGs
[2023-10-10T17:47:25.860+0000] {logging_mixin.py:150} INFO - [2023-10-10T17:47:25.860+0000] {dag.py:3508} INFO - Setting next_dagrun for group_dag to 2023-10-10T00:00:00+00:00, run_after=2023-10-11T00:00:00+00:00
[2023-10-10T17:47:25.888+0000] {processor.py:179} INFO - Processing /opt/airflow/dags/group_dag.py took 0.139 seconds
[2023-10-10T17:47:56.208+0000] {processor.py:157} INFO - Started process (PID=1957) to work on /opt/airflow/dags/group_dag.py
[2023-10-10T17:47:56.210+0000] {processor.py:826} INFO - Processing file /opt/airflow/dags/group_dag.py for tasks to queue
[2023-10-10T17:47:56.212+0000] {logging_mixin.py:150} INFO - [2023-10-10T17:47:56.211+0000] {dagbag.py:541} INFO - Filling up the DagBag from /opt/airflow/dags/group_dag.py
[2023-10-10T17:47:56.235+0000] {processor.py:836} INFO - DAG(s) dict_keys(['group_dag']) retrieved from /opt/airflow/dags/group_dag.py
[2023-10-10T17:47:56.268+0000] {logging_mixin.py:150} INFO - [2023-10-10T17:47:56.268+0000] {dag.py:2742} INFO - Sync 1 DAGs
[2023-10-10T17:47:56.307+0000] {logging_mixin.py:150} INFO - [2023-10-10T17:47:56.306+0000] {dag.py:3508} INFO - Setting next_dagrun for group_dag to 2023-10-10T00:00:00+00:00, run_after=2023-10-11T00:00:00+00:00
[2023-10-10T17:47:56.329+0000] {processor.py:179} INFO - Processing /opt/airflow/dags/group_dag.py took 0.127 seconds
[2023-10-10T17:48:26.451+0000] {processor.py:157} INFO - Started process (PID=2039) to work on /opt/airflow/dags/group_dag.py
[2023-10-10T17:48:26.454+0000] {processor.py:826} INFO - Processing file /opt/airflow/dags/group_dag.py for tasks to queue
[2023-10-10T17:48:26.456+0000] {logging_mixin.py:150} INFO - [2023-10-10T17:48:26.456+0000] {dagbag.py:541} INFO - Filling up the DagBag from /opt/airflow/dags/group_dag.py
[2023-10-10T17:48:26.482+0000] {processor.py:836} INFO - DAG(s) dict_keys(['group_dag']) retrieved from /opt/airflow/dags/group_dag.py
[2023-10-10T17:48:26.516+0000] {logging_mixin.py:150} INFO - [2023-10-10T17:48:26.516+0000] {dag.py:2742} INFO - Sync 1 DAGs
[2023-10-10T17:48:26.556+0000] {logging_mixin.py:150} INFO - [2023-10-10T17:48:26.556+0000] {dag.py:3508} INFO - Setting next_dagrun for group_dag to 2023-10-10T00:00:00+00:00, run_after=2023-10-11T00:00:00+00:00
[2023-10-10T17:48:26.584+0000] {processor.py:179} INFO - Processing /opt/airflow/dags/group_dag.py took 0.141 seconds
[2023-10-10T17:48:30.784+0000] {processor.py:157} INFO - Started process (PID=2049) to work on /opt/airflow/dags/group_dag.py
[2023-10-10T17:48:30.786+0000] {processor.py:826} INFO - Processing file /opt/airflow/dags/group_dag.py for tasks to queue
[2023-10-10T17:48:30.788+0000] {logging_mixin.py:150} INFO - [2023-10-10T17:48:30.787+0000] {dagbag.py:541} INFO - Filling up the DagBag from /opt/airflow/dags/group_dag.py
[2023-10-10T17:48:30.811+0000] {logging_mixin.py:150} INFO - [2023-10-10T17:48:30.807+0000] {dagbag.py:350} ERROR - Failed to import: /opt/airflow/dags/group_dag.py
Traceback (most recent call last):
  File "/home/airflow/.local/lib/python3.7/site-packages/airflow/models/dagbag.py", line 346, in parse
    loader.exec_module(new_module)
  File "<frozen importlib._bootstrap_external>", line 728, in exec_module
  File "<frozen importlib._bootstrap>", line 219, in _call_with_frames_removed
  File "/opt/airflow/dags/group_dag.py", line 9, in <module>
    dimension_tasks
NameError: name 'dimension_tasks' is not defined
[2023-10-10T17:48:30.812+0000] {processor.py:838} WARNING - No viable dags retrieved from /opt/airflow/dags/group_dag.py
[2023-10-10T17:48:30.845+0000] {processor.py:179} INFO - Processing /opt/airflow/dags/group_dag.py took 0.065 seconds
[2023-10-10T17:48:36.098+0000] {processor.py:157} INFO - Started process (PID=2056) to work on /opt/airflow/dags/group_dag.py
[2023-10-10T17:48:36.100+0000] {processor.py:826} INFO - Processing file /opt/airflow/dags/group_dag.py for tasks to queue
[2023-10-10T17:48:36.101+0000] {logging_mixin.py:150} INFO - [2023-10-10T17:48:36.101+0000] {dagbag.py:541} INFO - Filling up the DagBag from /opt/airflow/dags/group_dag.py
[2023-10-10T17:48:36.122+0000] {logging_mixin.py:150} INFO - [2023-10-10T17:48:36.120+0000] {dagbag.py:350} ERROR - Failed to import: /opt/airflow/dags/group_dag.py
Traceback (most recent call last):
  File "/home/airflow/.local/lib/python3.7/site-packages/airflow/models/dagbag.py", line 346, in parse
    loader.exec_module(new_module)
  File "<frozen importlib._bootstrap_external>", line 728, in exec_module
  File "<frozen importlib._bootstrap>", line 219, in _call_with_frames_removed
  File "/opt/airflow/dags/group_dag.py", line 9, in <module>
    from groups.group_staging_layer import dimension_tasks
ImportError: cannot import name 'dimension_tasks' from 'groups.group_staging_layer' (/opt/airflow/dags/groups/group_staging_layer.py)
[2023-10-10T17:48:36.123+0000] {processor.py:838} WARNING - No viable dags retrieved from /opt/airflow/dags/group_dag.py
[2023-10-10T17:48:36.150+0000] {processor.py:179} INFO - Processing /opt/airflow/dags/group_dag.py took 0.057 seconds
[2023-10-10T17:48:41.746+0000] {processor.py:157} INFO - Started process (PID=2082) to work on /opt/airflow/dags/group_dag.py
[2023-10-10T17:48:41.749+0000] {processor.py:826} INFO - Processing file /opt/airflow/dags/group_dag.py for tasks to queue
[2023-10-10T17:48:41.751+0000] {logging_mixin.py:150} INFO - [2023-10-10T17:48:41.750+0000] {dagbag.py:541} INFO - Filling up the DagBag from /opt/airflow/dags/group_dag.py
[2023-10-10T17:48:41.778+0000] {logging_mixin.py:150} INFO - [2023-10-10T17:48:41.774+0000] {dagbag.py:350} ERROR - Failed to import: /opt/airflow/dags/group_dag.py
Traceback (most recent call last):
  File "/home/airflow/.local/lib/python3.7/site-packages/airflow/models/dagbag.py", line 346, in parse
    loader.exec_module(new_module)
  File "<frozen importlib._bootstrap_external>", line 728, in exec_module
  File "<frozen importlib._bootstrap>", line 219, in _call_with_frames_removed
  File "/opt/airflow/dags/group_dag.py", line 9, in <module>
    from groups.group_dimension_layer import dimension_tasks
ModuleNotFoundError: No module named 'groups.group_dimension_layer'
[2023-10-10T17:48:41.780+0000] {processor.py:838} WARNING - No viable dags retrieved from /opt/airflow/dags/group_dag.py
[2023-10-10T17:48:41.812+0000] {processor.py:179} INFO - Processing /opt/airflow/dags/group_dag.py took 0.072 seconds
[2023-10-10T17:48:52.844+0000] {processor.py:157} INFO - Started process (PID=2122) to work on /opt/airflow/dags/group_dag.py
[2023-10-10T17:48:52.847+0000] {processor.py:826} INFO - Processing file /opt/airflow/dags/group_dag.py for tasks to queue
[2023-10-10T17:48:52.849+0000] {logging_mixin.py:150} INFO - [2023-10-10T17:48:52.849+0000] {dagbag.py:541} INFO - Filling up the DagBag from /opt/airflow/dags/group_dag.py
[2023-10-10T17:48:52.876+0000] {logging_mixin.py:150} INFO - [2023-10-10T17:48:52.873+0000] {dagbag.py:350} ERROR - Failed to import: /opt/airflow/dags/group_dag.py
Traceback (most recent call last):
  File "/home/airflow/.local/lib/python3.7/site-packages/airflow/models/dagbag.py", line 346, in parse
    loader.exec_module(new_module)
  File "<frozen importlib._bootstrap_external>", line 728, in exec_module
  File "<frozen importlib._bootstrap>", line 219, in _call_with_frames_removed
  File "/opt/airflow/dags/group_dag.py", line 9, in <module>
    from groups.group_dimension_layer import dimension_tasks
ModuleNotFoundError: No module named 'groups.group_dimension_layer'
[2023-10-10T17:48:52.878+0000] {processor.py:838} WARNING - No viable dags retrieved from /opt/airflow/dags/group_dag.py
[2023-10-10T17:48:52.910+0000] {processor.py:179} INFO - Processing /opt/airflow/dags/group_dag.py took 0.072 seconds
[2023-10-10T17:48:53.918+0000] {processor.py:157} INFO - Started process (PID=2123) to work on /opt/airflow/dags/group_dag.py
[2023-10-10T17:48:53.920+0000] {processor.py:826} INFO - Processing file /opt/airflow/dags/group_dag.py for tasks to queue
[2023-10-10T17:48:53.922+0000] {logging_mixin.py:150} INFO - [2023-10-10T17:48:53.922+0000] {dagbag.py:541} INFO - Filling up the DagBag from /opt/airflow/dags/group_dag.py
[2023-10-10T17:48:53.943+0000] {logging_mixin.py:150} INFO - [2023-10-10T17:48:53.941+0000] {dagbag.py:350} ERROR - Failed to import: /opt/airflow/dags/group_dag.py
Traceback (most recent call last):
  File "/home/airflow/.local/lib/python3.7/site-packages/airflow/models/dagbag.py", line 346, in parse
    loader.exec_module(new_module)
  File "<frozen importlib._bootstrap_external>", line 728, in exec_module
  File "<frozen importlib._bootstrap>", line 219, in _call_with_frames_removed
  File "/opt/airflow/dags/group_dag.py", line 9, in <module>
    from groups.group_dimension_layer import dimension_tasks
ModuleNotFoundError: No module named 'groups.group_dimension_layer'
[2023-10-10T17:48:53.944+0000] {processor.py:838} WARNING - No viable dags retrieved from /opt/airflow/dags/group_dag.py
[2023-10-10T17:48:53.985+0000] {processor.py:179} INFO - Processing /opt/airflow/dags/group_dag.py took 0.073 seconds
[2023-10-10T17:48:57.572+0000] {processor.py:157} INFO - Started process (PID=2131) to work on /opt/airflow/dags/group_dag.py
[2023-10-10T17:48:57.574+0000] {processor.py:826} INFO - Processing file /opt/airflow/dags/group_dag.py for tasks to queue
[2023-10-10T17:48:57.576+0000] {logging_mixin.py:150} INFO - [2023-10-10T17:48:57.575+0000] {dagbag.py:541} INFO - Filling up the DagBag from /opt/airflow/dags/group_dag.py
[2023-10-10T17:48:57.598+0000] {logging_mixin.py:150} INFO - [2023-10-10T17:48:57.596+0000] {dagbag.py:350} ERROR - Failed to import: /opt/airflow/dags/group_dag.py
Traceback (most recent call last):
  File "/home/airflow/.local/lib/python3.7/site-packages/airflow/models/dagbag.py", line 346, in parse
    loader.exec_module(new_module)
  File "<frozen importlib._bootstrap_external>", line 728, in exec_module
  File "<frozen importlib._bootstrap>", line 219, in _call_with_frames_removed
  File "/opt/airflow/dags/group_dag.py", line 9, in <module>
    from groups.group_dimension_layer import dimension_tasks
ModuleNotFoundError: No module named 'groups.group_dimension_layer'
[2023-10-10T17:48:57.599+0000] {processor.py:838} WARNING - No viable dags retrieved from /opt/airflow/dags/group_dag.py
[2023-10-10T17:48:57.626+0000] {processor.py:179} INFO - Processing /opt/airflow/dags/group_dag.py took 0.059 seconds
[2023-10-10T17:48:59.671+0000] {processor.py:157} INFO - Started process (PID=2134) to work on /opt/airflow/dags/group_dag.py
[2023-10-10T17:48:59.672+0000] {processor.py:826} INFO - Processing file /opt/airflow/dags/group_dag.py for tasks to queue
[2023-10-10T17:48:59.674+0000] {logging_mixin.py:150} INFO - [2023-10-10T17:48:59.674+0000] {dagbag.py:541} INFO - Filling up the DagBag from /opt/airflow/dags/group_dag.py
[2023-10-10T17:48:59.695+0000] {logging_mixin.py:150} INFO - [2023-10-10T17:48:59.692+0000] {dagbag.py:350} ERROR - Failed to import: /opt/airflow/dags/group_dag.py
Traceback (most recent call last):
  File "/home/airflow/.local/lib/python3.7/site-packages/airflow/models/dagbag.py", line 346, in parse
    loader.exec_module(new_module)
  File "<frozen importlib._bootstrap_external>", line 728, in exec_module
  File "<frozen importlib._bootstrap>", line 219, in _call_with_frames_removed
  File "/opt/airflow/dags/group_dag.py", line 9, in <module>
    from groups.group_dimension_layer import dimension_tasks
ModuleNotFoundError: No module named 'groups.group_dimension_layer'
[2023-10-10T17:48:59.696+0000] {processor.py:838} WARNING - No viable dags retrieved from /opt/airflow/dags/group_dag.py
[2023-10-10T17:48:59.724+0000] {processor.py:179} INFO - Processing /opt/airflow/dags/group_dag.py took 0.058 seconds
[2023-10-10T17:49:02.794+0000] {processor.py:157} INFO - Started process (PID=2144) to work on /opt/airflow/dags/group_dag.py
[2023-10-10T17:49:02.796+0000] {processor.py:826} INFO - Processing file /opt/airflow/dags/group_dag.py for tasks to queue
[2023-10-10T17:49:02.798+0000] {logging_mixin.py:150} INFO - [2023-10-10T17:49:02.797+0000] {dagbag.py:541} INFO - Filling up the DagBag from /opt/airflow/dags/group_dag.py
[2023-10-10T17:49:02.818+0000] {logging_mixin.py:150} INFO - [2023-10-10T17:49:02.815+0000] {dagbag.py:350} ERROR - Failed to import: /opt/airflow/dags/group_dag.py
Traceback (most recent call last):
  File "/home/airflow/.local/lib/python3.7/site-packages/airflow/models/dagbag.py", line 346, in parse
    loader.exec_module(new_module)
  File "<frozen importlib._bootstrap_external>", line 728, in exec_module
  File "<frozen importlib._bootstrap>", line 219, in _call_with_frames_removed
  File "/opt/airflow/dags/group_dag.py", line 9, in <module>
    from groups.group_dimension_layer import dimension_tasks
ModuleNotFoundError: No module named 'groups.group_dimension_layer'
[2023-10-10T17:49:02.819+0000] {processor.py:838} WARNING - No viable dags retrieved from /opt/airflow/dags/group_dag.py
[2023-10-10T17:49:02.849+0000] {processor.py:179} INFO - Processing /opt/airflow/dags/group_dag.py took 0.059 seconds
[2023-10-10T17:49:33.231+0000] {processor.py:157} INFO - Started process (PID=2224) to work on /opt/airflow/dags/group_dag.py
[2023-10-10T17:49:33.233+0000] {processor.py:826} INFO - Processing file /opt/airflow/dags/group_dag.py for tasks to queue
[2023-10-10T17:49:33.235+0000] {logging_mixin.py:150} INFO - [2023-10-10T17:49:33.234+0000] {dagbag.py:541} INFO - Filling up the DagBag from /opt/airflow/dags/group_dag.py
[2023-10-10T17:49:33.253+0000] {logging_mixin.py:150} INFO - [2023-10-10T17:49:33.250+0000] {dagbag.py:350} ERROR - Failed to import: /opt/airflow/dags/group_dag.py
Traceback (most recent call last):
  File "/home/airflow/.local/lib/python3.7/site-packages/airflow/models/dagbag.py", line 346, in parse
    loader.exec_module(new_module)
  File "<frozen importlib._bootstrap_external>", line 728, in exec_module
  File "<frozen importlib._bootstrap>", line 219, in _call_with_frames_removed
  File "/opt/airflow/dags/group_dag.py", line 9, in <module>
    from groups.group_dimension_layer import dimension_tasks
ModuleNotFoundError: No module named 'groups.group_dimension_layer'
[2023-10-10T17:49:33.254+0000] {processor.py:838} WARNING - No viable dags retrieved from /opt/airflow/dags/group_dag.py
[2023-10-10T17:49:33.279+0000] {processor.py:179} INFO - Processing /opt/airflow/dags/group_dag.py took 0.053 seconds
[2023-10-10T17:50:03.730+0000] {processor.py:157} INFO - Started process (PID=2310) to work on /opt/airflow/dags/group_dag.py
[2023-10-10T17:50:03.733+0000] {processor.py:826} INFO - Processing file /opt/airflow/dags/group_dag.py for tasks to queue
[2023-10-10T17:50:03.734+0000] {logging_mixin.py:150} INFO - [2023-10-10T17:50:03.734+0000] {dagbag.py:541} INFO - Filling up the DagBag from /opt/airflow/dags/group_dag.py
[2023-10-10T17:50:03.770+0000] {logging_mixin.py:150} INFO - [2023-10-10T17:50:03.766+0000] {dagbag.py:350} ERROR - Failed to import: /opt/airflow/dags/group_dag.py
Traceback (most recent call last):
  File "/home/airflow/.local/lib/python3.7/site-packages/airflow/models/dagbag.py", line 346, in parse
    loader.exec_module(new_module)
  File "<frozen importlib._bootstrap_external>", line 728, in exec_module
  File "<frozen importlib._bootstrap>", line 219, in _call_with_frames_removed
  File "/opt/airflow/dags/group_dag.py", line 21, in <module>
    dimension_layer = dimension_tasks()
  File "/opt/airflow/dags/groups/group_dimension_layer.py", line 11, in dimension_tasks
    with TaskGroup("mapping_layer", tooltip='Mapping layer tasks') as group:
  File "/home/airflow/.local/lib/python3.7/site-packages/airflow/utils/task_group.py", line 138, in __init__
    self._check_for_group_id_collisions(add_suffix_on_collision)
  File "/home/airflow/.local/lib/python3.7/site-packages/airflow/utils/task_group.py", line 169, in _check_for_group_id_collisions
    raise DuplicateTaskIdFound(f"group_id '{self._group_id}' has already been added to the DAG")
airflow.exceptions.DuplicateTaskIdFound: group_id 'mapping_layer' has already been added to the DAG
[2023-10-10T17:50:03.770+0000] {processor.py:838} WARNING - No viable dags retrieved from /opt/airflow/dags/group_dag.py
[2023-10-10T17:50:03.795+0000] {processor.py:179} INFO - Processing /opt/airflow/dags/group_dag.py took 0.070 seconds
[2023-10-10T17:50:11.871+0000] {processor.py:157} INFO - Started process (PID=2328) to work on /opt/airflow/dags/group_dag.py
[2023-10-10T17:50:11.874+0000] {processor.py:826} INFO - Processing file /opt/airflow/dags/group_dag.py for tasks to queue
[2023-10-10T17:50:11.878+0000] {logging_mixin.py:150} INFO - [2023-10-10T17:50:11.877+0000] {dagbag.py:541} INFO - Filling up the DagBag from /opt/airflow/dags/group_dag.py
[2023-10-10T17:50:11.892+0000] {logging_mixin.py:150} INFO - [2023-10-10T17:50:11.890+0000] {dagbag.py:350} ERROR - Failed to import: /opt/airflow/dags/group_dag.py
Traceback (most recent call last):
  File "/home/airflow/.local/lib/python3.7/site-packages/airflow/models/dagbag.py", line 346, in parse
    loader.exec_module(new_module)
  File "<frozen importlib._bootstrap_external>", line 724, in exec_module
  File "<frozen importlib._bootstrap_external>", line 860, in get_code
  File "<frozen importlib._bootstrap_external>", line 791, in source_to_code
  File "<frozen importlib._bootstrap>", line 219, in _call_with_frames_removed
  File "/opt/airflow/dags/group_dag.py", line 9
    from groups.dags/groups/group_dimension_layer.py import dimension_tasks
                    ^
SyntaxError: invalid syntax
[2023-10-10T17:50:11.894+0000] {processor.py:838} WARNING - No viable dags retrieved from /opt/airflow/dags/group_dag.py
[2023-10-10T17:50:11.924+0000] {processor.py:179} INFO - Processing /opt/airflow/dags/group_dag.py took 0.059 seconds
[2023-10-10T17:50:15.840+0000] {processor.py:157} INFO - Started process (PID=2344) to work on /opt/airflow/dags/group_dag.py
[2023-10-10T17:50:15.842+0000] {processor.py:826} INFO - Processing file /opt/airflow/dags/group_dag.py for tasks to queue
[2023-10-10T17:50:15.845+0000] {logging_mixin.py:150} INFO - [2023-10-10T17:50:15.845+0000] {dagbag.py:541} INFO - Filling up the DagBag from /opt/airflow/dags/group_dag.py
[2023-10-10T17:50:15.888+0000] {logging_mixin.py:150} INFO - [2023-10-10T17:50:15.878+0000] {dagbag.py:350} ERROR - Failed to import: /opt/airflow/dags/group_dag.py
Traceback (most recent call last):
  File "/home/airflow/.local/lib/python3.7/site-packages/airflow/models/dagbag.py", line 346, in parse
    loader.exec_module(new_module)
  File "<frozen importlib._bootstrap_external>", line 728, in exec_module
  File "<frozen importlib._bootstrap>", line 219, in _call_with_frames_removed
  File "/opt/airflow/dags/group_dag.py", line 9, in <module>
    from groups.group_dimension_layer.py import dimension_tasks
ModuleNotFoundError: No module named 'groups.group_dimension_layer.py'; 'groups.group_dimension_layer' is not a package
[2023-10-10T17:50:15.890+0000] {processor.py:838} WARNING - No viable dags retrieved from /opt/airflow/dags/group_dag.py
[2023-10-10T17:50:15.929+0000] {processor.py:179} INFO - Processing /opt/airflow/dags/group_dag.py took 0.095 seconds
[2023-10-10T17:50:18.545+0000] {processor.py:157} INFO - Started process (PID=2371) to work on /opt/airflow/dags/group_dag.py
[2023-10-10T17:50:18.547+0000] {processor.py:826} INFO - Processing file /opt/airflow/dags/group_dag.py for tasks to queue
[2023-10-10T17:50:18.550+0000] {logging_mixin.py:150} INFO - [2023-10-10T17:50:18.549+0000] {dagbag.py:541} INFO - Filling up the DagBag from /opt/airflow/dags/group_dag.py
[2023-10-10T17:50:18.599+0000] {logging_mixin.py:150} INFO - [2023-10-10T17:50:18.594+0000] {dagbag.py:350} ERROR - Failed to import: /opt/airflow/dags/group_dag.py
Traceback (most recent call last):
  File "/home/airflow/.local/lib/python3.7/site-packages/airflow/models/dagbag.py", line 346, in parse
    loader.exec_module(new_module)
  File "<frozen importlib._bootstrap_external>", line 728, in exec_module
  File "<frozen importlib._bootstrap>", line 219, in _call_with_frames_removed
  File "/opt/airflow/dags/group_dag.py", line 21, in <module>
    dimension_layer = dimension_tasks()
  File "/opt/airflow/dags/groups/group_dimension_layer.py", line 11, in dimension_tasks
    with TaskGroup("mapping_layer", tooltip='Mapping layer tasks') as group:
  File "/home/airflow/.local/lib/python3.7/site-packages/airflow/utils/task_group.py", line 138, in __init__
    self._check_for_group_id_collisions(add_suffix_on_collision)
  File "/home/airflow/.local/lib/python3.7/site-packages/airflow/utils/task_group.py", line 169, in _check_for_group_id_collisions
    raise DuplicateTaskIdFound(f"group_id '{self._group_id}' has already been added to the DAG")
airflow.exceptions.DuplicateTaskIdFound: group_id 'mapping_layer' has already been added to the DAG
[2023-10-10T17:50:18.606+0000] {processor.py:838} WARNING - No viable dags retrieved from /opt/airflow/dags/group_dag.py
[2023-10-10T17:50:18.636+0000] {processor.py:179} INFO - Processing /opt/airflow/dags/group_dag.py took 0.098 seconds
[2023-10-10T17:50:19.679+0000] {processor.py:157} INFO - Started process (PID=2373) to work on /opt/airflow/dags/group_dag.py
[2023-10-10T17:50:19.681+0000] {processor.py:826} INFO - Processing file /opt/airflow/dags/group_dag.py for tasks to queue
[2023-10-10T17:50:19.683+0000] {logging_mixin.py:150} INFO - [2023-10-10T17:50:19.682+0000] {dagbag.py:541} INFO - Filling up the DagBag from /opt/airflow/dags/group_dag.py
[2023-10-10T17:50:19.718+0000] {logging_mixin.py:150} INFO - [2023-10-10T17:50:19.715+0000] {dagbag.py:350} ERROR - Failed to import: /opt/airflow/dags/group_dag.py
Traceback (most recent call last):
  File "/home/airflow/.local/lib/python3.7/site-packages/airflow/models/dagbag.py", line 346, in parse
    loader.exec_module(new_module)
  File "<frozen importlib._bootstrap_external>", line 728, in exec_module
  File "<frozen importlib._bootstrap>", line 219, in _call_with_frames_removed
  File "/opt/airflow/dags/group_dag.py", line 21, in <module>
    dimension_layer = dimension_tasks()
  File "/opt/airflow/dags/groups/group_dimension_layer.py", line 11, in dimension_tasks
    with TaskGroup("mapping_layer", tooltip='Mapping layer tasks') as group:
  File "/home/airflow/.local/lib/python3.7/site-packages/airflow/utils/task_group.py", line 138, in __init__
    self._check_for_group_id_collisions(add_suffix_on_collision)
  File "/home/airflow/.local/lib/python3.7/site-packages/airflow/utils/task_group.py", line 169, in _check_for_group_id_collisions
    raise DuplicateTaskIdFound(f"group_id '{self._group_id}' has already been added to the DAG")
airflow.exceptions.DuplicateTaskIdFound: group_id 'mapping_layer' has already been added to the DAG
[2023-10-10T17:50:19.720+0000] {processor.py:838} WARNING - No viable dags retrieved from /opt/airflow/dags/group_dag.py
[2023-10-10T17:50:19.748+0000] {processor.py:179} INFO - Processing /opt/airflow/dags/group_dag.py took 0.074 seconds
[2023-10-10T17:50:50.541+0000] {processor.py:157} INFO - Started process (PID=2453) to work on /opt/airflow/dags/group_dag.py
[2023-10-10T17:50:50.542+0000] {processor.py:826} INFO - Processing file /opt/airflow/dags/group_dag.py for tasks to queue
[2023-10-10T17:50:50.544+0000] {logging_mixin.py:150} INFO - [2023-10-10T17:50:50.544+0000] {dagbag.py:541} INFO - Filling up the DagBag from /opt/airflow/dags/group_dag.py
[2023-10-10T17:50:50.569+0000] {logging_mixin.py:150} INFO - [2023-10-10T17:50:50.566+0000] {dagbag.py:350} ERROR - Failed to import: /opt/airflow/dags/group_dag.py
Traceback (most recent call last):
  File "/home/airflow/.local/lib/python3.7/site-packages/airflow/models/dagbag.py", line 346, in parse
    loader.exec_module(new_module)
  File "<frozen importlib._bootstrap_external>", line 728, in exec_module
  File "<frozen importlib._bootstrap>", line 219, in _call_with_frames_removed
  File "/opt/airflow/dags/group_dag.py", line 21, in <module>
    dimension_layer = dimension_tasks()
  File "/opt/airflow/dags/groups/group_dimension_layer.py", line 11, in dimension_tasks
    with TaskGroup("mapping_layer", tooltip='Mapping layer tasks') as group:
  File "/home/airflow/.local/lib/python3.7/site-packages/airflow/utils/task_group.py", line 138, in __init__
    self._check_for_group_id_collisions(add_suffix_on_collision)
  File "/home/airflow/.local/lib/python3.7/site-packages/airflow/utils/task_group.py", line 169, in _check_for_group_id_collisions
    raise DuplicateTaskIdFound(f"group_id '{self._group_id}' has already been added to the DAG")
airflow.exceptions.DuplicateTaskIdFound: group_id 'mapping_layer' has already been added to the DAG
[2023-10-10T17:50:50.569+0000] {processor.py:838} WARNING - No viable dags retrieved from /opt/airflow/dags/group_dag.py
[2023-10-10T17:50:50.590+0000] {processor.py:179} INFO - Processing /opt/airflow/dags/group_dag.py took 0.053 seconds
[2023-10-10T17:51:20.864+0000] {processor.py:157} INFO - Started process (PID=2542) to work on /opt/airflow/dags/group_dag.py
[2023-10-10T17:51:20.866+0000] {processor.py:826} INFO - Processing file /opt/airflow/dags/group_dag.py for tasks to queue
[2023-10-10T17:51:20.868+0000] {logging_mixin.py:150} INFO - [2023-10-10T17:51:20.868+0000] {dagbag.py:541} INFO - Filling up the DagBag from /opt/airflow/dags/group_dag.py
[2023-10-10T17:51:20.898+0000] {logging_mixin.py:150} INFO - [2023-10-10T17:51:20.895+0000] {dagbag.py:350} ERROR - Failed to import: /opt/airflow/dags/group_dag.py
Traceback (most recent call last):
  File "/home/airflow/.local/lib/python3.7/site-packages/airflow/models/dagbag.py", line 346, in parse
    loader.exec_module(new_module)
  File "<frozen importlib._bootstrap_external>", line 728, in exec_module
  File "<frozen importlib._bootstrap>", line 219, in _call_with_frames_removed
  File "/opt/airflow/dags/group_dag.py", line 21, in <module>
    dimension_layer = dimension_tasks()
  File "/opt/airflow/dags/groups/group_dimension_layer.py", line 11, in dimension_tasks
    with TaskGroup("mapping_layer", tooltip='Mapping layer tasks') as group:
  File "/home/airflow/.local/lib/python3.7/site-packages/airflow/utils/task_group.py", line 138, in __init__
    self._check_for_group_id_collisions(add_suffix_on_collision)
  File "/home/airflow/.local/lib/python3.7/site-packages/airflow/utils/task_group.py", line 169, in _check_for_group_id_collisions
    raise DuplicateTaskIdFound(f"group_id '{self._group_id}' has already been added to the DAG")
airflow.exceptions.DuplicateTaskIdFound: group_id 'mapping_layer' has already been added to the DAG
[2023-10-10T17:51:20.900+0000] {processor.py:838} WARNING - No viable dags retrieved from /opt/airflow/dags/group_dag.py
[2023-10-10T17:51:20.926+0000] {processor.py:179} INFO - Processing /opt/airflow/dags/group_dag.py took 0.068 seconds
[2023-10-10T17:51:51.092+0000] {processor.py:157} INFO - Started process (PID=2627) to work on /opt/airflow/dags/group_dag.py
[2023-10-10T17:51:51.101+0000] {processor.py:826} INFO - Processing file /opt/airflow/dags/group_dag.py for tasks to queue
[2023-10-10T17:51:51.105+0000] {logging_mixin.py:150} INFO - [2023-10-10T17:51:51.104+0000] {dagbag.py:541} INFO - Filling up the DagBag from /opt/airflow/dags/group_dag.py
[2023-10-10T17:51:51.195+0000] {processor.py:836} INFO - DAG(s) dict_keys(['group_dag']) retrieved from /opt/airflow/dags/group_dag.py
[2023-10-10T17:51:51.482+0000] {logging_mixin.py:150} INFO - [2023-10-10T17:51:51.482+0000] {dag.py:2742} INFO - Sync 1 DAGs
[2023-10-10T17:51:51.540+0000] {logging_mixin.py:150} INFO - [2023-10-10T17:51:51.540+0000] {dag.py:3508} INFO - Setting next_dagrun for group_dag to 2023-10-10T00:00:00+00:00, run_after=2023-10-11T00:00:00+00:00
[2023-10-10T17:51:51.586+0000] {processor.py:179} INFO - Processing /opt/airflow/dags/group_dag.py took 0.511 seconds
[2023-10-10T17:52:20.117+0000] {processor.py:157} INFO - Started process (PID=2696) to work on /opt/airflow/dags/group_dag.py
[2023-10-10T17:52:20.119+0000] {processor.py:826} INFO - Processing file /opt/airflow/dags/group_dag.py for tasks to queue
[2023-10-10T17:52:20.121+0000] {logging_mixin.py:150} INFO - [2023-10-10T17:52:20.121+0000] {dagbag.py:541} INFO - Filling up the DagBag from /opt/airflow/dags/group_dag.py
[2023-10-10T17:52:20.141+0000] {logging_mixin.py:150} INFO - [2023-10-10T17:52:20.138+0000] {dagbag.py:350} ERROR - Failed to import: /opt/airflow/dags/group_dag.py
Traceback (most recent call last):
  File "/home/airflow/.local/lib/python3.7/site-packages/airflow/models/dagbag.py", line 346, in parse
    loader.exec_module(new_module)
  File "<frozen importlib._bootstrap_external>", line 728, in exec_module
  File "<frozen importlib._bootstrap>", line 219, in _call_with_frames_removed
  File "/opt/airflow/dags/group_dag.py", line 9, in <module>
    from groups.group import dimension_tasks
ModuleNotFoundError: No module named 'groups.group'
[2023-10-10T17:52:20.142+0000] {processor.py:838} WARNING - No viable dags retrieved from /opt/airflow/dags/group_dag.py
[2023-10-10T17:52:20.167+0000] {processor.py:179} INFO - Processing /opt/airflow/dags/group_dag.py took 0.054 seconds
[2023-10-10T17:52:50.628+0000] {processor.py:157} INFO - Started process (PID=2786) to work on /opt/airflow/dags/group_dag.py
[2023-10-10T17:52:50.631+0000] {processor.py:826} INFO - Processing file /opt/airflow/dags/group_dag.py for tasks to queue
[2023-10-10T17:52:50.632+0000] {logging_mixin.py:150} INFO - [2023-10-10T17:52:50.632+0000] {dagbag.py:541} INFO - Filling up the DagBag from /opt/airflow/dags/group_dag.py
[2023-10-10T17:52:50.646+0000] {logging_mixin.py:150} INFO - [2023-10-10T17:52:50.643+0000] {dagbag.py:350} ERROR - Failed to import: /opt/airflow/dags/group_dag.py
Traceback (most recent call last):
  File "/home/airflow/.local/lib/python3.7/site-packages/airflow/models/dagbag.py", line 346, in parse
    loader.exec_module(new_module)
  File "<frozen importlib._bootstrap_external>", line 728, in exec_module
  File "<frozen importlib._bootstrap>", line 219, in _call_with_frames_removed
  File "/opt/airflow/dags/group_dag.py", line 9, in <module>
    from groups.group import dimension_tasks
ModuleNotFoundError: No module named 'groups.group'
[2023-10-10T17:52:50.647+0000] {processor.py:838} WARNING - No viable dags retrieved from /opt/airflow/dags/group_dag.py
[2023-10-10T17:52:50.670+0000] {processor.py:179} INFO - Processing /opt/airflow/dags/group_dag.py took 0.047 seconds
[2023-10-10T17:52:54.448+0000] {processor.py:157} INFO - Started process (PID=2798) to work on /opt/airflow/dags/group_dag.py
[2023-10-10T17:52:54.450+0000] {processor.py:826} INFO - Processing file /opt/airflow/dags/group_dag.py for tasks to queue
[2023-10-10T17:52:54.451+0000] {logging_mixin.py:150} INFO - [2023-10-10T17:52:54.451+0000] {dagbag.py:541} INFO - Filling up the DagBag from /opt/airflow/dags/group_dag.py
[2023-10-10T17:52:54.460+0000] {logging_mixin.py:150} INFO - [2023-10-10T17:52:54.458+0000] {dagbag.py:350} ERROR - Failed to import: /opt/airflow/dags/group_dag.py
Traceback (most recent call last):
  File "/home/airflow/.local/lib/python3.7/site-packages/airflow/models/dagbag.py", line 346, in parse
    loader.exec_module(new_module)
  File "<frozen importlib._bootstrap_external>", line 724, in exec_module
  File "<frozen importlib._bootstrap_external>", line 860, in get_code
  File "<frozen importlib._bootstrap_external>", line 791, in source_to_code
  File "<frozen importlib._bootstrap>", line 219, in _call_with_frames_removed
  File "/opt/airflow/dags/group_dag.py", line 9
    from groups.g
                ^
SyntaxError: invalid syntax
[2023-10-10T17:52:54.460+0000] {processor.py:838} WARNING - No viable dags retrieved from /opt/airflow/dags/group_dag.py
[2023-10-10T17:52:54.489+0000] {processor.py:179} INFO - Processing /opt/airflow/dags/group_dag.py took 0.046 seconds
[2023-10-10T17:53:05.739+0000] {processor.py:157} INFO - Started process (PID=2821) to work on /opt/airflow/dags/group_dag.py
[2023-10-10T17:53:05.741+0000] {processor.py:826} INFO - Processing file /opt/airflow/dags/group_dag.py for tasks to queue
[2023-10-10T17:53:05.743+0000] {logging_mixin.py:150} INFO - [2023-10-10T17:53:05.743+0000] {dagbag.py:541} INFO - Filling up the DagBag from /opt/airflow/dags/group_dag.py
[2023-10-10T17:53:05.754+0000] {logging_mixin.py:150} INFO - [2023-10-10T17:53:05.751+0000] {dagbag.py:350} ERROR - Failed to import: /opt/airflow/dags/group_dag.py
Traceback (most recent call last):
  File "/home/airflow/.local/lib/python3.7/site-packages/airflow/models/dagbag.py", line 346, in parse
    loader.exec_module(new_module)
  File "<frozen importlib._bootstrap_external>", line 724, in exec_module
  File "<frozen importlib._bootstrap_external>", line 860, in get_code
  File "<frozen importlib._bootstrap_external>", line 791, in source_to_code
  File "<frozen importlib._bootstrap>", line 219, in _call_with_frames_removed
  File "/opt/airflow/dags/group_dag.py", line 9
    from groups.group_dimension_layer import
                                            ^
SyntaxError: invalid syntax
[2023-10-10T17:53:05.755+0000] {processor.py:838} WARNING - No viable dags retrieved from /opt/airflow/dags/group_dag.py
[2023-10-10T17:53:05.813+0000] {processor.py:179} INFO - Processing /opt/airflow/dags/group_dag.py took 0.080 seconds
[2023-10-10T17:53:09.779+0000] {processor.py:157} INFO - Started process (PID=2823) to work on /opt/airflow/dags/group_dag.py
[2023-10-10T17:53:09.781+0000] {processor.py:826} INFO - Processing file /opt/airflow/dags/group_dag.py for tasks to queue
[2023-10-10T17:53:09.783+0000] {logging_mixin.py:150} INFO - [2023-10-10T17:53:09.782+0000] {dagbag.py:541} INFO - Filling up the DagBag from /opt/airflow/dags/group_dag.py
[2023-10-10T17:53:09.869+0000] {processor.py:836} INFO - DAG(s) dict_keys(['group_dag']) retrieved from /opt/airflow/dags/group_dag.py
[2023-10-10T17:53:09.917+0000] {logging_mixin.py:150} INFO - [2023-10-10T17:53:09.917+0000] {dag.py:2742} INFO - Sync 1 DAGs
[2023-10-10T17:53:09.967+0000] {logging_mixin.py:150} INFO - [2023-10-10T17:53:09.967+0000] {dag.py:3508} INFO - Setting next_dagrun for group_dag to 2023-10-10T00:00:00+00:00, run_after=2023-10-11T00:00:00+00:00
[2023-10-10T17:53:10.001+0000] {processor.py:179} INFO - Processing /opt/airflow/dags/group_dag.py took 0.227 seconds
[2023-10-10T17:53:40.327+0000] {processor.py:157} INFO - Started process (PID=2913) to work on /opt/airflow/dags/group_dag.py
[2023-10-10T17:53:40.329+0000] {processor.py:826} INFO - Processing file /opt/airflow/dags/group_dag.py for tasks to queue
[2023-10-10T17:53:40.331+0000] {logging_mixin.py:150} INFO - [2023-10-10T17:53:40.330+0000] {dagbag.py:541} INFO - Filling up the DagBag from /opt/airflow/dags/group_dag.py
[2023-10-10T17:53:40.373+0000] {processor.py:836} INFO - DAG(s) dict_keys(['group_dag']) retrieved from /opt/airflow/dags/group_dag.py
[2023-10-10T17:53:40.419+0000] {logging_mixin.py:150} INFO - [2023-10-10T17:53:40.419+0000] {dag.py:2742} INFO - Sync 1 DAGs
[2023-10-10T17:53:40.457+0000] {logging_mixin.py:150} INFO - [2023-10-10T17:53:40.457+0000] {dag.py:3508} INFO - Setting next_dagrun for group_dag to 2023-10-10T00:00:00+00:00, run_after=2023-10-11T00:00:00+00:00
[2023-10-10T17:53:40.485+0000] {processor.py:179} INFO - Processing /opt/airflow/dags/group_dag.py took 0.164 seconds
[2023-10-10T17:53:57.770+0000] {processor.py:157} INFO - Started process (PID=2975) to work on /opt/airflow/dags/group_dag.py
[2023-10-10T17:53:57.772+0000] {processor.py:826} INFO - Processing file /opt/airflow/dags/group_dag.py for tasks to queue
[2023-10-10T17:53:57.774+0000] {logging_mixin.py:150} INFO - [2023-10-10T17:53:57.773+0000] {dagbag.py:541} INFO - Filling up the DagBag from /opt/airflow/dags/group_dag.py
[2023-10-10T17:53:57.813+0000] {processor.py:836} INFO - DAG(s) dict_keys(['group_dag']) retrieved from /opt/airflow/dags/group_dag.py
[2023-10-10T17:53:57.859+0000] {logging_mixin.py:150} INFO - [2023-10-10T17:53:57.859+0000] {dag.py:2742} INFO - Sync 1 DAGs
[2023-10-10T17:53:57.898+0000] {logging_mixin.py:150} INFO - [2023-10-10T17:53:57.897+0000] {dag.py:3508} INFO - Setting next_dagrun for group_dag to 2023-10-10T00:00:00+00:00, run_after=2023-10-11T00:00:00+00:00
[2023-10-10T17:53:57.931+0000] {processor.py:179} INFO - Processing /opt/airflow/dags/group_dag.py took 0.166 seconds
[2023-10-10T17:54:28.551+0000] {processor.py:157} INFO - Started process (PID=3065) to work on /opt/airflow/dags/group_dag.py
[2023-10-10T17:54:28.553+0000] {processor.py:826} INFO - Processing file /opt/airflow/dags/group_dag.py for tasks to queue
[2023-10-10T17:54:28.555+0000] {logging_mixin.py:150} INFO - [2023-10-10T17:54:28.555+0000] {dagbag.py:541} INFO - Filling up the DagBag from /opt/airflow/dags/group_dag.py
[2023-10-10T17:54:28.591+0000] {processor.py:836} INFO - DAG(s) dict_keys(['group_dag']) retrieved from /opt/airflow/dags/group_dag.py
[2023-10-10T17:54:28.640+0000] {logging_mixin.py:150} INFO - [2023-10-10T17:54:28.639+0000] {dag.py:2742} INFO - Sync 1 DAGs
[2023-10-10T17:54:28.715+0000] {logging_mixin.py:150} INFO - [2023-10-10T17:54:28.715+0000] {dag.py:3508} INFO - Setting next_dagrun for group_dag to 2023-10-10T00:00:00+00:00, run_after=2023-10-11T00:00:00+00:00
[2023-10-10T17:54:28.742+0000] {processor.py:179} INFO - Processing /opt/airflow/dags/group_dag.py took 0.197 seconds
[2023-10-10T17:54:59.512+0000] {processor.py:157} INFO - Started process (PID=3167) to work on /opt/airflow/dags/group_dag.py
[2023-10-10T17:54:59.515+0000] {processor.py:826} INFO - Processing file /opt/airflow/dags/group_dag.py for tasks to queue
[2023-10-10T17:54:59.518+0000] {logging_mixin.py:150} INFO - [2023-10-10T17:54:59.518+0000] {dagbag.py:541} INFO - Filling up the DagBag from /opt/airflow/dags/group_dag.py
[2023-10-10T17:54:59.571+0000] {processor.py:836} INFO - DAG(s) dict_keys(['group_dag']) retrieved from /opt/airflow/dags/group_dag.py
[2023-10-10T17:54:59.635+0000] {logging_mixin.py:150} INFO - [2023-10-10T17:54:59.635+0000] {dag.py:2742} INFO - Sync 1 DAGs
[2023-10-10T17:54:59.701+0000] {logging_mixin.py:150} INFO - [2023-10-10T17:54:59.700+0000] {dag.py:3508} INFO - Setting next_dagrun for group_dag to 2023-10-10T00:00:00+00:00, run_after=2023-10-11T00:00:00+00:00
[2023-10-10T17:54:59.742+0000] {processor.py:179} INFO - Processing /opt/airflow/dags/group_dag.py took 0.236 seconds
[2023-10-10T17:55:57.682+0000] {processor.py:157} INFO - Started process (PID=3198) to work on /opt/airflow/dags/group_dag.py
[2023-10-10T17:55:57.705+0000] {processor.py:826} INFO - Processing file /opt/airflow/dags/group_dag.py for tasks to queue
[2023-10-10T17:55:57.731+0000] {logging_mixin.py:150} INFO - [2023-10-10T17:55:57.721+0000] {dagbag.py:541} INFO - Filling up the DagBag from /opt/airflow/dags/group_dag.py
[2023-10-10T17:55:58.522+0000] {processor.py:836} INFO - DAG(s) dict_keys(['group_dag']) retrieved from /opt/airflow/dags/group_dag.py
[2023-10-10T17:55:58.870+0000] {logging_mixin.py:150} INFO - [2023-10-10T17:55:58.870+0000] {dag.py:2742} INFO - Sync 1 DAGs
[2023-10-10T17:55:59.286+0000] {logging_mixin.py:150} INFO - [2023-10-10T17:55:59.285+0000] {dag.py:3508} INFO - Setting next_dagrun for group_dag to 2023-10-10T00:00:00+00:00, run_after=2023-10-11T00:00:00+00:00
[2023-10-10T17:55:59.349+0000] {processor.py:179} INFO - Processing /opt/airflow/dags/group_dag.py took 1.726 seconds
[2023-10-10T17:56:29.905+0000] {processor.py:157} INFO - Started process (PID=3282) to work on /opt/airflow/dags/group_dag.py
[2023-10-10T17:56:29.909+0000] {processor.py:826} INFO - Processing file /opt/airflow/dags/group_dag.py for tasks to queue
[2023-10-10T17:56:29.913+0000] {logging_mixin.py:150} INFO - [2023-10-10T17:56:29.911+0000] {dagbag.py:541} INFO - Filling up the DagBag from /opt/airflow/dags/group_dag.py
[2023-10-10T17:56:29.963+0000] {processor.py:836} INFO - DAG(s) dict_keys(['group_dag']) retrieved from /opt/airflow/dags/group_dag.py
[2023-10-10T17:56:30.025+0000] {logging_mixin.py:150} INFO - [2023-10-10T17:56:30.025+0000] {dag.py:2742} INFO - Sync 1 DAGs
[2023-10-10T17:56:30.092+0000] {logging_mixin.py:150} INFO - [2023-10-10T17:56:30.091+0000] {dag.py:3508} INFO - Setting next_dagrun for group_dag to 2023-10-10T00:00:00+00:00, run_after=2023-10-11T00:00:00+00:00
[2023-10-10T17:56:30.134+0000] {processor.py:179} INFO - Processing /opt/airflow/dags/group_dag.py took 0.239 seconds
[2023-10-10T17:57:00.398+0000] {processor.py:157} INFO - Started process (PID=3361) to work on /opt/airflow/dags/group_dag.py
[2023-10-10T17:57:00.420+0000] {processor.py:826} INFO - Processing file /opt/airflow/dags/group_dag.py for tasks to queue
[2023-10-10T17:57:00.445+0000] {logging_mixin.py:150} INFO - [2023-10-10T17:57:00.443+0000] {dagbag.py:541} INFO - Filling up the DagBag from /opt/airflow/dags/group_dag.py
[2023-10-10T17:57:00.634+0000] {processor.py:836} INFO - DAG(s) dict_keys(['group_dag']) retrieved from /opt/airflow/dags/group_dag.py
[2023-10-10T17:57:00.882+0000] {logging_mixin.py:150} INFO - [2023-10-10T17:57:00.882+0000] {dag.py:2742} INFO - Sync 1 DAGs
[2023-10-10T17:57:01.082+0000] {logging_mixin.py:150} INFO - [2023-10-10T17:57:01.080+0000] {dag.py:3508} INFO - Setting next_dagrun for group_dag to 2023-10-10T00:00:00+00:00, run_after=2023-10-11T00:00:00+00:00
[2023-10-10T17:57:01.193+0000] {processor.py:179} INFO - Processing /opt/airflow/dags/group_dag.py took 0.833 seconds
[2023-10-10T17:57:58.848+0000] {processor.py:157} INFO - Started process (PID=3443) to work on /opt/airflow/dags/group_dag.py
[2023-10-10T17:57:58.899+0000] {processor.py:826} INFO - Processing file /opt/airflow/dags/group_dag.py for tasks to queue
[2023-10-10T17:57:58.939+0000] {logging_mixin.py:150} INFO - [2023-10-10T17:57:58.911+0000] {dagbag.py:541} INFO - Filling up the DagBag from /opt/airflow/dags/group_dag.py
[2023-10-10T17:57:59.420+0000] {processor.py:836} INFO - DAG(s) dict_keys(['group_dag']) retrieved from /opt/airflow/dags/group_dag.py
[2023-10-10T17:58:00.294+0000] {logging_mixin.py:150} INFO - [2023-10-10T17:58:00.293+0000] {dag.py:2742} INFO - Sync 1 DAGs
[2023-10-10T17:58:00.950+0000] {logging_mixin.py:150} INFO - [2023-10-10T17:58:00.950+0000] {dag.py:3508} INFO - Setting next_dagrun for group_dag to 2023-10-10T00:00:00+00:00, run_after=2023-10-11T00:00:00+00:00
[2023-10-10T17:58:01.283+0000] {processor.py:179} INFO - Processing /opt/airflow/dags/group_dag.py took 2.736 seconds
[2023-10-10T17:58:44.095+0000] {processor.py:157} INFO - Started process (PID=3541) to work on /opt/airflow/dags/group_dag.py
[2023-10-10T17:58:44.103+0000] {processor.py:826} INFO - Processing file /opt/airflow/dags/group_dag.py for tasks to queue
[2023-10-10T17:58:44.114+0000] {logging_mixin.py:150} INFO - [2023-10-10T17:58:44.112+0000] {dagbag.py:541} INFO - Filling up the DagBag from /opt/airflow/dags/group_dag.py
[2023-10-10T17:58:44.467+0000] {processor.py:836} INFO - DAG(s) dict_keys(['group_dag']) retrieved from /opt/airflow/dags/group_dag.py
[2023-10-10T17:58:44.683+0000] {logging_mixin.py:150} INFO - [2023-10-10T17:58:44.682+0000] {dag.py:2742} INFO - Sync 1 DAGs
[2023-10-10T17:58:44.920+0000] {logging_mixin.py:150} INFO - [2023-10-10T17:58:44.919+0000] {dag.py:3508} INFO - Setting next_dagrun for group_dag to 2023-10-10T00:00:00+00:00, run_after=2023-10-11T00:00:00+00:00
[2023-10-10T17:58:45.009+0000] {processor.py:179} INFO - Processing /opt/airflow/dags/group_dag.py took 0.935 seconds
[2023-10-10T17:59:16.227+0000] {processor.py:157} INFO - Started process (PID=3621) to work on /opt/airflow/dags/group_dag.py
[2023-10-10T17:59:16.250+0000] {processor.py:826} INFO - Processing file /opt/airflow/dags/group_dag.py for tasks to queue
[2023-10-10T17:59:16.283+0000] {logging_mixin.py:150} INFO - [2023-10-10T17:59:16.275+0000] {dagbag.py:541} INFO - Filling up the DagBag from /opt/airflow/dags/group_dag.py
[2023-10-10T17:59:16.702+0000] {processor.py:836} INFO - DAG(s) dict_keys(['group_dag']) retrieved from /opt/airflow/dags/group_dag.py
[2023-10-10T17:59:16.999+0000] {logging_mixin.py:150} INFO - [2023-10-10T17:59:16.999+0000] {dag.py:2742} INFO - Sync 1 DAGs
[2023-10-10T17:59:17.391+0000] {logging_mixin.py:150} INFO - [2023-10-10T17:59:17.390+0000] {dag.py:3508} INFO - Setting next_dagrun for group_dag to 2023-10-10T00:00:00+00:00, run_after=2023-10-11T00:00:00+00:00
[2023-10-10T17:59:17.712+0000] {processor.py:179} INFO - Processing /opt/airflow/dags/group_dag.py took 1.504 seconds
[2023-10-10T17:59:47.900+0000] {processor.py:157} INFO - Started process (PID=3695) to work on /opt/airflow/dags/group_dag.py
[2023-10-10T17:59:47.908+0000] {processor.py:826} INFO - Processing file /opt/airflow/dags/group_dag.py for tasks to queue
[2023-10-10T17:59:47.914+0000] {logging_mixin.py:150} INFO - [2023-10-10T17:59:47.913+0000] {dagbag.py:541} INFO - Filling up the DagBag from /opt/airflow/dags/group_dag.py
[2023-10-10T17:59:48.065+0000] {processor.py:836} INFO - DAG(s) dict_keys(['group_dag']) retrieved from /opt/airflow/dags/group_dag.py
[2023-10-10T17:59:48.250+0000] {logging_mixin.py:150} INFO - [2023-10-10T17:59:48.250+0000] {dag.py:2742} INFO - Sync 1 DAGs
[2023-10-10T17:59:48.422+0000] {logging_mixin.py:150} INFO - [2023-10-10T17:59:48.420+0000] {dag.py:3508} INFO - Setting next_dagrun for group_dag to 2023-10-10T00:00:00+00:00, run_after=2023-10-11T00:00:00+00:00
[2023-10-10T17:59:48.551+0000] {processor.py:179} INFO - Processing /opt/airflow/dags/group_dag.py took 0.669 seconds
[2023-10-10T18:00:18.716+0000] {processor.py:157} INFO - Started process (PID=3775) to work on /opt/airflow/dags/group_dag.py
[2023-10-10T18:00:18.719+0000] {processor.py:826} INFO - Processing file /opt/airflow/dags/group_dag.py for tasks to queue
[2023-10-10T18:00:18.722+0000] {logging_mixin.py:150} INFO - [2023-10-10T18:00:18.721+0000] {dagbag.py:541} INFO - Filling up the DagBag from /opt/airflow/dags/group_dag.py
[2023-10-10T18:00:18.778+0000] {processor.py:836} INFO - DAG(s) dict_keys(['group_dag']) retrieved from /opt/airflow/dags/group_dag.py
[2023-10-10T18:00:18.854+0000] {logging_mixin.py:150} INFO - [2023-10-10T18:00:18.853+0000] {dag.py:2742} INFO - Sync 1 DAGs
[2023-10-10T18:00:18.935+0000] {logging_mixin.py:150} INFO - [2023-10-10T18:00:18.934+0000] {dag.py:3508} INFO - Setting next_dagrun for group_dag to 2023-10-10T00:00:00+00:00, run_after=2023-10-11T00:00:00+00:00
[2023-10-10T18:00:18.983+0000] {processor.py:179} INFO - Processing /opt/airflow/dags/group_dag.py took 0.277 seconds
[2023-10-10T18:00:49.352+0000] {processor.py:157} INFO - Started process (PID=3855) to work on /opt/airflow/dags/group_dag.py
[2023-10-10T18:00:49.355+0000] {processor.py:826} INFO - Processing file /opt/airflow/dags/group_dag.py for tasks to queue
[2023-10-10T18:00:49.357+0000] {logging_mixin.py:150} INFO - [2023-10-10T18:00:49.356+0000] {dagbag.py:541} INFO - Filling up the DagBag from /opt/airflow/dags/group_dag.py
[2023-10-10T18:00:49.400+0000] {processor.py:836} INFO - DAG(s) dict_keys(['group_dag']) retrieved from /opt/airflow/dags/group_dag.py
[2023-10-10T18:00:49.451+0000] {logging_mixin.py:150} INFO - [2023-10-10T18:00:49.451+0000] {dag.py:2742} INFO - Sync 1 DAGs
[2023-10-10T18:00:49.499+0000] {logging_mixin.py:150} INFO - [2023-10-10T18:00:49.499+0000] {dag.py:3508} INFO - Setting next_dagrun for group_dag to 2023-10-10T00:00:00+00:00, run_after=2023-10-11T00:00:00+00:00
[2023-10-10T18:00:49.533+0000] {processor.py:179} INFO - Processing /opt/airflow/dags/group_dag.py took 0.188 seconds
[2023-10-10T18:01:19.975+0000] {processor.py:157} INFO - Started process (PID=3936) to work on /opt/airflow/dags/group_dag.py
[2023-10-10T18:01:19.977+0000] {processor.py:826} INFO - Processing file /opt/airflow/dags/group_dag.py for tasks to queue
[2023-10-10T18:01:19.980+0000] {logging_mixin.py:150} INFO - [2023-10-10T18:01:19.980+0000] {dagbag.py:541} INFO - Filling up the DagBag from /opt/airflow/dags/group_dag.py
[2023-10-10T18:01:20.029+0000] {processor.py:836} INFO - DAG(s) dict_keys(['group_dag']) retrieved from /opt/airflow/dags/group_dag.py
[2023-10-10T18:01:20.090+0000] {logging_mixin.py:150} INFO - [2023-10-10T18:01:20.090+0000] {dag.py:2742} INFO - Sync 1 DAGs
[2023-10-10T18:01:20.148+0000] {logging_mixin.py:150} INFO - [2023-10-10T18:01:20.148+0000] {dag.py:3508} INFO - Setting next_dagrun for group_dag to 2023-10-10T00:00:00+00:00, run_after=2023-10-11T00:00:00+00:00
[2023-10-10T18:01:20.189+0000] {processor.py:179} INFO - Processing /opt/airflow/dags/group_dag.py took 0.222 seconds
[2023-10-10T18:01:50.471+0000] {processor.py:157} INFO - Started process (PID=4017) to work on /opt/airflow/dags/group_dag.py
[2023-10-10T18:01:50.474+0000] {processor.py:826} INFO - Processing file /opt/airflow/dags/group_dag.py for tasks to queue
[2023-10-10T18:01:50.477+0000] {logging_mixin.py:150} INFO - [2023-10-10T18:01:50.477+0000] {dagbag.py:541} INFO - Filling up the DagBag from /opt/airflow/dags/group_dag.py
[2023-10-10T18:01:50.531+0000] {processor.py:836} INFO - DAG(s) dict_keys(['group_dag']) retrieved from /opt/airflow/dags/group_dag.py
[2023-10-10T18:01:50.593+0000] {logging_mixin.py:150} INFO - [2023-10-10T18:01:50.593+0000] {dag.py:2742} INFO - Sync 1 DAGs
[2023-10-10T18:01:50.653+0000] {logging_mixin.py:150} INFO - [2023-10-10T18:01:50.653+0000] {dag.py:3508} INFO - Setting next_dagrun for group_dag to 2023-10-10T00:00:00+00:00, run_after=2023-10-11T00:00:00+00:00
[2023-10-10T18:01:50.694+0000] {processor.py:179} INFO - Processing /opt/airflow/dags/group_dag.py took 0.232 seconds
[2023-10-10T18:02:20.863+0000] {processor.py:157} INFO - Started process (PID=4107) to work on /opt/airflow/dags/group_dag.py
[2023-10-10T18:02:20.866+0000] {processor.py:826} INFO - Processing file /opt/airflow/dags/group_dag.py for tasks to queue
[2023-10-10T18:02:20.873+0000] {logging_mixin.py:150} INFO - [2023-10-10T18:02:20.872+0000] {dagbag.py:541} INFO - Filling up the DagBag from /opt/airflow/dags/group_dag.py
[2023-10-10T18:02:20.944+0000] {processor.py:836} INFO - DAG(s) dict_keys(['group_dag']) retrieved from /opt/airflow/dags/group_dag.py
[2023-10-10T18:02:21.050+0000] {logging_mixin.py:150} INFO - [2023-10-10T18:02:21.049+0000] {dag.py:2742} INFO - Sync 1 DAGs
[2023-10-10T18:02:21.148+0000] {logging_mixin.py:150} INFO - [2023-10-10T18:02:21.148+0000] {dag.py:3508} INFO - Setting next_dagrun for group_dag to 2023-10-10T00:00:00+00:00, run_after=2023-10-11T00:00:00+00:00
[2023-10-10T18:02:21.198+0000] {processor.py:179} INFO - Processing /opt/airflow/dags/group_dag.py took 0.345 seconds
[2023-10-10T18:02:51.254+0000] {processor.py:157} INFO - Started process (PID=4181) to work on /opt/airflow/dags/group_dag.py
[2023-10-10T18:02:51.258+0000] {processor.py:826} INFO - Processing file /opt/airflow/dags/group_dag.py for tasks to queue
[2023-10-10T18:02:51.261+0000] {logging_mixin.py:150} INFO - [2023-10-10T18:02:51.261+0000] {dagbag.py:541} INFO - Filling up the DagBag from /opt/airflow/dags/group_dag.py
[2023-10-10T18:02:51.305+0000] {processor.py:836} INFO - DAG(s) dict_keys(['group_dag']) retrieved from /opt/airflow/dags/group_dag.py
[2023-10-10T18:02:51.357+0000] {logging_mixin.py:150} INFO - [2023-10-10T18:02:51.357+0000] {dag.py:2742} INFO - Sync 1 DAGs
[2023-10-10T18:02:51.416+0000] {logging_mixin.py:150} INFO - [2023-10-10T18:02:51.416+0000] {dag.py:3508} INFO - Setting next_dagrun for group_dag to 2023-10-10T00:00:00+00:00, run_after=2023-10-11T00:00:00+00:00
[2023-10-10T18:02:51.450+0000] {processor.py:179} INFO - Processing /opt/airflow/dags/group_dag.py took 0.203 seconds
[2023-10-10T18:03:21.623+0000] {processor.py:157} INFO - Started process (PID=4262) to work on /opt/airflow/dags/group_dag.py
[2023-10-10T18:03:21.625+0000] {processor.py:826} INFO - Processing file /opt/airflow/dags/group_dag.py for tasks to queue
[2023-10-10T18:03:21.627+0000] {logging_mixin.py:150} INFO - [2023-10-10T18:03:21.627+0000] {dagbag.py:541} INFO - Filling up the DagBag from /opt/airflow/dags/group_dag.py
[2023-10-10T18:03:21.668+0000] {processor.py:836} INFO - DAG(s) dict_keys(['group_dag']) retrieved from /opt/airflow/dags/group_dag.py
[2023-10-10T18:03:21.722+0000] {logging_mixin.py:150} INFO - [2023-10-10T18:03:21.722+0000] {dag.py:2742} INFO - Sync 1 DAGs
[2023-10-10T18:03:21.771+0000] {logging_mixin.py:150} INFO - [2023-10-10T18:03:21.771+0000] {dag.py:3508} INFO - Setting next_dagrun for group_dag to 2023-10-10T00:00:00+00:00, run_after=2023-10-11T00:00:00+00:00
[2023-10-10T18:03:21.804+0000] {processor.py:179} INFO - Processing /opt/airflow/dags/group_dag.py took 0.188 seconds
[2023-10-10T18:03:52.477+0000] {processor.py:157} INFO - Started process (PID=4343) to work on /opt/airflow/dags/group_dag.py
[2023-10-10T18:03:52.479+0000] {processor.py:826} INFO - Processing file /opt/airflow/dags/group_dag.py for tasks to queue
[2023-10-10T18:03:52.482+0000] {logging_mixin.py:150} INFO - [2023-10-10T18:03:52.481+0000] {dagbag.py:541} INFO - Filling up the DagBag from /opt/airflow/dags/group_dag.py
[2023-10-10T18:03:52.520+0000] {processor.py:836} INFO - DAG(s) dict_keys(['group_dag']) retrieved from /opt/airflow/dags/group_dag.py
[2023-10-10T18:03:52.579+0000] {logging_mixin.py:150} INFO - [2023-10-10T18:03:52.578+0000] {dag.py:2742} INFO - Sync 1 DAGs
[2023-10-10T18:03:52.629+0000] {logging_mixin.py:150} INFO - [2023-10-10T18:03:52.628+0000] {dag.py:3508} INFO - Setting next_dagrun for group_dag to 2023-10-10T00:00:00+00:00, run_after=2023-10-11T00:00:00+00:00
[2023-10-10T18:03:52.665+0000] {processor.py:179} INFO - Processing /opt/airflow/dags/group_dag.py took 0.194 seconds
[2023-10-10T18:04:23.239+0000] {processor.py:157} INFO - Started process (PID=4432) to work on /opt/airflow/dags/group_dag.py
[2023-10-10T18:04:23.243+0000] {processor.py:826} INFO - Processing file /opt/airflow/dags/group_dag.py for tasks to queue
[2023-10-10T18:04:23.247+0000] {logging_mixin.py:150} INFO - [2023-10-10T18:04:23.247+0000] {dagbag.py:541} INFO - Filling up the DagBag from /opt/airflow/dags/group_dag.py
[2023-10-10T18:04:23.303+0000] {processor.py:836} INFO - DAG(s) dict_keys(['group_dag']) retrieved from /opt/airflow/dags/group_dag.py
[2023-10-10T18:04:23.411+0000] {logging_mixin.py:150} INFO - [2023-10-10T18:04:23.410+0000] {dag.py:2742} INFO - Sync 1 DAGs
[2023-10-10T18:04:23.500+0000] {logging_mixin.py:150} INFO - [2023-10-10T18:04:23.499+0000] {dag.py:3508} INFO - Setting next_dagrun for group_dag to 2023-10-10T00:00:00+00:00, run_after=2023-10-11T00:00:00+00:00
[2023-10-10T18:04:23.547+0000] {processor.py:179} INFO - Processing /opt/airflow/dags/group_dag.py took 0.320 seconds
[2023-10-10T18:04:53.920+0000] {processor.py:157} INFO - Started process (PID=4513) to work on /opt/airflow/dags/group_dag.py
[2023-10-10T18:04:53.942+0000] {processor.py:826} INFO - Processing file /opt/airflow/dags/group_dag.py for tasks to queue
[2023-10-10T18:04:53.960+0000] {logging_mixin.py:150} INFO - [2023-10-10T18:04:53.958+0000] {dagbag.py:541} INFO - Filling up the DagBag from /opt/airflow/dags/group_dag.py
[2023-10-10T18:04:54.182+0000] {processor.py:836} INFO - DAG(s) dict_keys(['group_dag']) retrieved from /opt/airflow/dags/group_dag.py
[2023-10-10T18:04:54.401+0000] {logging_mixin.py:150} INFO - [2023-10-10T18:04:54.400+0000] {dag.py:2742} INFO - Sync 1 DAGs
[2023-10-10T18:04:54.783+0000] {logging_mixin.py:150} INFO - [2023-10-10T18:04:54.783+0000] {dag.py:3508} INFO - Setting next_dagrun for group_dag to 2023-10-10T00:00:00+00:00, run_after=2023-10-11T00:00:00+00:00
[2023-10-10T18:04:54.956+0000] {processor.py:179} INFO - Processing /opt/airflow/dags/group_dag.py took 1.094 seconds
[2023-10-10T18:05:25.453+0000] {processor.py:157} INFO - Started process (PID=4584) to work on /opt/airflow/dags/group_dag.py
[2023-10-10T18:05:25.461+0000] {processor.py:826} INFO - Processing file /opt/airflow/dags/group_dag.py for tasks to queue
[2023-10-10T18:05:25.471+0000] {logging_mixin.py:150} INFO - [2023-10-10T18:05:25.469+0000] {dagbag.py:541} INFO - Filling up the DagBag from /opt/airflow/dags/group_dag.py
[2023-10-10T18:05:25.668+0000] {processor.py:836} INFO - DAG(s) dict_keys(['group_dag']) retrieved from /opt/airflow/dags/group_dag.py
[2023-10-10T18:05:25.872+0000] {logging_mixin.py:150} INFO - [2023-10-10T18:05:25.871+0000] {dag.py:2742} INFO - Sync 1 DAGs
[2023-10-10T18:05:26.142+0000] {logging_mixin.py:150} INFO - [2023-10-10T18:05:26.140+0000] {dag.py:3508} INFO - Setting next_dagrun for group_dag to 2023-10-10T00:00:00+00:00, run_after=2023-10-11T00:00:00+00:00
[2023-10-10T18:05:26.264+0000] {processor.py:179} INFO - Processing /opt/airflow/dags/group_dag.py took 0.859 seconds
