[2023-10-10T17:36:40.218+0000] {processor.py:157} INFO - Started process (PID=100) to work on /opt/airflow/dags/user_processing.py
[2023-10-10T17:36:40.225+0000] {processor.py:826} INFO - Processing file /opt/airflow/dags/user_processing.py for tasks to queue
[2023-10-10T17:36:40.227+0000] {logging_mixin.py:150} INFO - [2023-10-10T17:36:40.227+0000] {dagbag.py:541} INFO - Filling up the DagBag from /opt/airflow/dags/user_processing.py
[2023-10-10T17:36:40.944+0000] {processor.py:836} INFO - DAG(s) dict_keys(['user_processing']) retrieved from /opt/airflow/dags/user_processing.py
[2023-10-10T17:36:41.121+0000] {logging_mixin.py:150} INFO - [2023-10-10T17:36:41.120+0000] {dag.py:2742} INFO - Sync 1 DAGs
[2023-10-10T17:36:41.163+0000] {logging_mixin.py:150} INFO - [2023-10-10T17:36:41.162+0000] {dag.py:3508} INFO - Setting next_dagrun for user_processing to 2023-10-09T00:00:00+00:00, run_after=2023-10-10T00:00:00+00:00
[2023-10-10T17:36:41.198+0000] {processor.py:179} INFO - Processing /opt/airflow/dags/user_processing.py took 0.986 seconds
[2023-10-10T17:37:11.745+0000] {processor.py:157} INFO - Started process (PID=187) to work on /opt/airflow/dags/user_processing.py
[2023-10-10T17:37:11.748+0000] {processor.py:826} INFO - Processing file /opt/airflow/dags/user_processing.py for tasks to queue
[2023-10-10T17:37:11.750+0000] {logging_mixin.py:150} INFO - [2023-10-10T17:37:11.750+0000] {dagbag.py:541} INFO - Filling up the DagBag from /opt/airflow/dags/user_processing.py
[2023-10-10T17:37:12.240+0000] {processor.py:836} INFO - DAG(s) dict_keys(['user_processing']) retrieved from /opt/airflow/dags/user_processing.py
[2023-10-10T17:37:12.265+0000] {logging_mixin.py:150} INFO - [2023-10-10T17:37:12.264+0000] {dag.py:2742} INFO - Sync 1 DAGs
[2023-10-10T17:37:12.299+0000] {logging_mixin.py:150} INFO - [2023-10-10T17:37:12.299+0000] {dag.py:3508} INFO - Setting next_dagrun for user_processing to 2023-10-09T00:00:00+00:00, run_after=2023-10-10T00:00:00+00:00
[2023-10-10T17:37:12.324+0000] {processor.py:179} INFO - Processing /opt/airflow/dags/user_processing.py took 0.584 seconds
[2023-10-10T17:37:42.817+0000] {processor.py:157} INFO - Started process (PID=276) to work on /opt/airflow/dags/user_processing.py
[2023-10-10T17:37:42.819+0000] {processor.py:826} INFO - Processing file /opt/airflow/dags/user_processing.py for tasks to queue
[2023-10-10T17:37:42.820+0000] {logging_mixin.py:150} INFO - [2023-10-10T17:37:42.820+0000] {dagbag.py:541} INFO - Filling up the DagBag from /opt/airflow/dags/user_processing.py
[2023-10-10T17:37:43.316+0000] {processor.py:836} INFO - DAG(s) dict_keys(['user_processing']) retrieved from /opt/airflow/dags/user_processing.py
[2023-10-10T17:37:43.342+0000] {logging_mixin.py:150} INFO - [2023-10-10T17:37:43.342+0000] {dag.py:2742} INFO - Sync 1 DAGs
[2023-10-10T17:37:43.372+0000] {logging_mixin.py:150} INFO - [2023-10-10T17:37:43.372+0000] {dag.py:3508} INFO - Setting next_dagrun for user_processing to 2023-10-09T00:00:00+00:00, run_after=2023-10-10T00:00:00+00:00
[2023-10-10T17:37:43.397+0000] {processor.py:179} INFO - Processing /opt/airflow/dags/user_processing.py took 0.585 seconds
[2023-10-10T17:38:13.583+0000] {processor.py:157} INFO - Started process (PID=356) to work on /opt/airflow/dags/user_processing.py
[2023-10-10T17:38:13.585+0000] {processor.py:826} INFO - Processing file /opt/airflow/dags/user_processing.py for tasks to queue
[2023-10-10T17:38:13.586+0000] {logging_mixin.py:150} INFO - [2023-10-10T17:38:13.586+0000] {dagbag.py:541} INFO - Filling up the DagBag from /opt/airflow/dags/user_processing.py
[2023-10-10T17:38:14.078+0000] {processor.py:836} INFO - DAG(s) dict_keys(['user_processing']) retrieved from /opt/airflow/dags/user_processing.py
[2023-10-10T17:38:14.101+0000] {logging_mixin.py:150} INFO - [2023-10-10T17:38:14.100+0000] {dag.py:2742} INFO - Sync 1 DAGs
[2023-10-10T17:38:14.132+0000] {logging_mixin.py:150} INFO - [2023-10-10T17:38:14.132+0000] {dag.py:3508} INFO - Setting next_dagrun for user_processing to 2023-10-09T00:00:00+00:00, run_after=2023-10-10T00:00:00+00:00
[2023-10-10T17:38:14.155+0000] {processor.py:179} INFO - Processing /opt/airflow/dags/user_processing.py took 0.576 seconds
[2023-10-10T17:38:44.516+0000] {processor.py:157} INFO - Started process (PID=459) to work on /opt/airflow/dags/user_processing.py
[2023-10-10T17:38:44.519+0000] {processor.py:826} INFO - Processing file /opt/airflow/dags/user_processing.py for tasks to queue
[2023-10-10T17:38:44.520+0000] {logging_mixin.py:150} INFO - [2023-10-10T17:38:44.520+0000] {dagbag.py:541} INFO - Filling up the DagBag from /opt/airflow/dags/user_processing.py
[2023-10-10T17:38:44.977+0000] {processor.py:836} INFO - DAG(s) dict_keys(['user_processing']) retrieved from /opt/airflow/dags/user_processing.py
[2023-10-10T17:38:44.999+0000] {logging_mixin.py:150} INFO - [2023-10-10T17:38:44.999+0000] {dag.py:2742} INFO - Sync 1 DAGs
[2023-10-10T17:38:45.025+0000] {logging_mixin.py:150} INFO - [2023-10-10T17:38:45.025+0000] {dag.py:3508} INFO - Setting next_dagrun for user_processing to 2023-10-09T00:00:00+00:00, run_after=2023-10-10T00:00:00+00:00
[2023-10-10T17:38:45.044+0000] {processor.py:179} INFO - Processing /opt/airflow/dags/user_processing.py took 0.533 seconds
[2023-10-10T17:39:15.506+0000] {processor.py:157} INFO - Started process (PID=539) to work on /opt/airflow/dags/user_processing.py
[2023-10-10T17:39:15.508+0000] {processor.py:826} INFO - Processing file /opt/airflow/dags/user_processing.py for tasks to queue
[2023-10-10T17:39:15.510+0000] {logging_mixin.py:150} INFO - [2023-10-10T17:39:15.510+0000] {dagbag.py:541} INFO - Filling up the DagBag from /opt/airflow/dags/user_processing.py
[2023-10-10T17:39:16.000+0000] {processor.py:836} INFO - DAG(s) dict_keys(['user_processing']) retrieved from /opt/airflow/dags/user_processing.py
[2023-10-10T17:39:16.024+0000] {logging_mixin.py:150} INFO - [2023-10-10T17:39:16.024+0000] {dag.py:2742} INFO - Sync 1 DAGs
[2023-10-10T17:39:16.054+0000] {logging_mixin.py:150} INFO - [2023-10-10T17:39:16.053+0000] {dag.py:3508} INFO - Setting next_dagrun for user_processing to 2023-10-09T00:00:00+00:00, run_after=2023-10-10T00:00:00+00:00
[2023-10-10T17:39:16.072+0000] {processor.py:179} INFO - Processing /opt/airflow/dags/user_processing.py took 0.571 seconds
[2023-10-10T17:39:47.042+0000] {processor.py:157} INFO - Started process (PID=629) to work on /opt/airflow/dags/user_processing.py
[2023-10-10T17:39:47.044+0000] {processor.py:826} INFO - Processing file /opt/airflow/dags/user_processing.py for tasks to queue
[2023-10-10T17:39:47.046+0000] {logging_mixin.py:150} INFO - [2023-10-10T17:39:47.045+0000] {dagbag.py:541} INFO - Filling up the DagBag from /opt/airflow/dags/user_processing.py
[2023-10-10T17:39:47.514+0000] {processor.py:836} INFO - DAG(s) dict_keys(['user_processing']) retrieved from /opt/airflow/dags/user_processing.py
[2023-10-10T17:39:47.537+0000] {logging_mixin.py:150} INFO - [2023-10-10T17:39:47.536+0000] {dag.py:2742} INFO - Sync 1 DAGs
[2023-10-10T17:39:47.564+0000] {logging_mixin.py:150} INFO - [2023-10-10T17:39:47.564+0000] {dag.py:3508} INFO - Setting next_dagrun for user_processing to 2023-10-09T00:00:00+00:00, run_after=2023-10-10T00:00:00+00:00
[2023-10-10T17:39:47.582+0000] {processor.py:179} INFO - Processing /opt/airflow/dags/user_processing.py took 0.546 seconds
[2023-10-10T17:40:17.656+0000] {processor.py:157} INFO - Started process (PID=709) to work on /opt/airflow/dags/user_processing.py
[2023-10-10T17:40:17.658+0000] {processor.py:826} INFO - Processing file /opt/airflow/dags/user_processing.py for tasks to queue
[2023-10-10T17:40:17.660+0000] {logging_mixin.py:150} INFO - [2023-10-10T17:40:17.660+0000] {dagbag.py:541} INFO - Filling up the DagBag from /opt/airflow/dags/user_processing.py
[2023-10-10T17:40:18.140+0000] {processor.py:836} INFO - DAG(s) dict_keys(['user_processing']) retrieved from /opt/airflow/dags/user_processing.py
[2023-10-10T17:40:18.165+0000] {logging_mixin.py:150} INFO - [2023-10-10T17:40:18.165+0000] {dag.py:2742} INFO - Sync 1 DAGs
[2023-10-10T17:40:18.194+0000] {logging_mixin.py:150} INFO - [2023-10-10T17:40:18.193+0000] {dag.py:3508} INFO - Setting next_dagrun for user_processing to 2023-10-09T00:00:00+00:00, run_after=2023-10-10T00:00:00+00:00
[2023-10-10T17:40:18.214+0000] {processor.py:179} INFO - Processing /opt/airflow/dags/user_processing.py took 0.563 seconds
[2023-10-10T17:40:49.261+0000] {processor.py:157} INFO - Started process (PID=798) to work on /opt/airflow/dags/user_processing.py
[2023-10-10T17:40:49.264+0000] {processor.py:826} INFO - Processing file /opt/airflow/dags/user_processing.py for tasks to queue
[2023-10-10T17:40:49.266+0000] {logging_mixin.py:150} INFO - [2023-10-10T17:40:49.265+0000] {dagbag.py:541} INFO - Filling up the DagBag from /opt/airflow/dags/user_processing.py
[2023-10-10T17:40:49.812+0000] {processor.py:836} INFO - DAG(s) dict_keys(['user_processing']) retrieved from /opt/airflow/dags/user_processing.py
[2023-10-10T17:40:49.839+0000] {logging_mixin.py:150} INFO - [2023-10-10T17:40:49.839+0000] {dag.py:2742} INFO - Sync 1 DAGs
[2023-10-10T17:40:49.875+0000] {logging_mixin.py:150} INFO - [2023-10-10T17:40:49.875+0000] {dag.py:3508} INFO - Setting next_dagrun for user_processing to 2023-10-09T00:00:00+00:00, run_after=2023-10-10T00:00:00+00:00
[2023-10-10T17:40:49.915+0000] {processor.py:179} INFO - Processing /opt/airflow/dags/user_processing.py took 0.682 seconds
[2023-10-10T17:41:20.580+0000] {processor.py:157} INFO - Started process (PID=878) to work on /opt/airflow/dags/user_processing.py
[2023-10-10T17:41:20.582+0000] {processor.py:826} INFO - Processing file /opt/airflow/dags/user_processing.py for tasks to queue
[2023-10-10T17:41:20.584+0000] {logging_mixin.py:150} INFO - [2023-10-10T17:41:20.584+0000] {dagbag.py:541} INFO - Filling up the DagBag from /opt/airflow/dags/user_processing.py
[2023-10-10T17:41:21.119+0000] {processor.py:836} INFO - DAG(s) dict_keys(['user_processing']) retrieved from /opt/airflow/dags/user_processing.py
[2023-10-10T17:41:21.148+0000] {logging_mixin.py:150} INFO - [2023-10-10T17:41:21.148+0000] {dag.py:2742} INFO - Sync 1 DAGs
[2023-10-10T17:41:21.185+0000] {logging_mixin.py:150} INFO - [2023-10-10T17:41:21.184+0000] {dag.py:3508} INFO - Setting next_dagrun for user_processing to 2023-10-09T00:00:00+00:00, run_after=2023-10-10T00:00:00+00:00
[2023-10-10T17:41:21.211+0000] {processor.py:179} INFO - Processing /opt/airflow/dags/user_processing.py took 0.636 seconds
[2023-10-10T17:41:51.482+0000] {processor.py:157} INFO - Started process (PID=968) to work on /opt/airflow/dags/user_processing.py
[2023-10-10T17:41:51.485+0000] {processor.py:826} INFO - Processing file /opt/airflow/dags/user_processing.py for tasks to queue
[2023-10-10T17:41:51.487+0000] {logging_mixin.py:150} INFO - [2023-10-10T17:41:51.486+0000] {dagbag.py:541} INFO - Filling up the DagBag from /opt/airflow/dags/user_processing.py
[2023-10-10T17:41:52.018+0000] {processor.py:836} INFO - DAG(s) dict_keys(['user_processing']) retrieved from /opt/airflow/dags/user_processing.py
[2023-10-10T17:41:52.044+0000] {logging_mixin.py:150} INFO - [2023-10-10T17:41:52.043+0000] {dag.py:2742} INFO - Sync 1 DAGs
[2023-10-10T17:41:52.072+0000] {logging_mixin.py:150} INFO - [2023-10-10T17:41:52.072+0000] {dag.py:3508} INFO - Setting next_dagrun for user_processing to 2023-10-09T00:00:00+00:00, run_after=2023-10-10T00:00:00+00:00
[2023-10-10T17:41:52.093+0000] {processor.py:179} INFO - Processing /opt/airflow/dags/user_processing.py took 0.616 seconds
[2023-10-10T17:42:23.239+0000] {processor.py:157} INFO - Started process (PID=1048) to work on /opt/airflow/dags/user_processing.py
[2023-10-10T17:42:23.241+0000] {processor.py:826} INFO - Processing file /opt/airflow/dags/user_processing.py for tasks to queue
[2023-10-10T17:42:23.243+0000] {logging_mixin.py:150} INFO - [2023-10-10T17:42:23.242+0000] {dagbag.py:541} INFO - Filling up the DagBag from /opt/airflow/dags/user_processing.py
[2023-10-10T17:42:23.893+0000] {processor.py:836} INFO - DAG(s) dict_keys(['user_processing']) retrieved from /opt/airflow/dags/user_processing.py
[2023-10-10T17:42:23.935+0000] {logging_mixin.py:150} INFO - [2023-10-10T17:42:23.934+0000] {dag.py:2742} INFO - Sync 1 DAGs
[2023-10-10T17:42:23.980+0000] {logging_mixin.py:150} INFO - [2023-10-10T17:42:23.980+0000] {dag.py:3508} INFO - Setting next_dagrun for user_processing to 2023-10-09T00:00:00+00:00, run_after=2023-10-10T00:00:00+00:00
[2023-10-10T17:42:24.020+0000] {processor.py:179} INFO - Processing /opt/airflow/dags/user_processing.py took 0.786 seconds
[2023-10-10T17:42:54.616+0000] {processor.py:157} INFO - Started process (PID=1138) to work on /opt/airflow/dags/user_processing.py
[2023-10-10T17:42:54.618+0000] {processor.py:826} INFO - Processing file /opt/airflow/dags/user_processing.py for tasks to queue
[2023-10-10T17:42:54.619+0000] {logging_mixin.py:150} INFO - [2023-10-10T17:42:54.619+0000] {dagbag.py:541} INFO - Filling up the DagBag from /opt/airflow/dags/user_processing.py
[2023-10-10T17:42:55.126+0000] {processor.py:836} INFO - DAG(s) dict_keys(['user_processing']) retrieved from /opt/airflow/dags/user_processing.py
[2023-10-10T17:42:55.160+0000] {logging_mixin.py:150} INFO - [2023-10-10T17:42:55.160+0000] {dag.py:2742} INFO - Sync 1 DAGs
[2023-10-10T17:42:55.198+0000] {logging_mixin.py:150} INFO - [2023-10-10T17:42:55.198+0000] {dag.py:3508} INFO - Setting next_dagrun for user_processing to 2023-10-09T00:00:00+00:00, run_after=2023-10-10T00:00:00+00:00
[2023-10-10T17:42:55.224+0000] {processor.py:179} INFO - Processing /opt/airflow/dags/user_processing.py took 0.615 seconds
[2023-10-10T17:43:25.852+0000] {processor.py:157} INFO - Started process (PID=1218) to work on /opt/airflow/dags/user_processing.py
[2023-10-10T17:43:25.855+0000] {processor.py:826} INFO - Processing file /opt/airflow/dags/user_processing.py for tasks to queue
[2023-10-10T17:43:25.856+0000] {logging_mixin.py:150} INFO - [2023-10-10T17:43:25.856+0000] {dagbag.py:541} INFO - Filling up the DagBag from /opt/airflow/dags/user_processing.py
[2023-10-10T17:43:26.457+0000] {processor.py:836} INFO - DAG(s) dict_keys(['user_processing']) retrieved from /opt/airflow/dags/user_processing.py
[2023-10-10T17:43:26.487+0000] {logging_mixin.py:150} INFO - [2023-10-10T17:43:26.487+0000] {dag.py:2742} INFO - Sync 1 DAGs
[2023-10-10T17:43:26.525+0000] {logging_mixin.py:150} INFO - [2023-10-10T17:43:26.525+0000] {dag.py:3508} INFO - Setting next_dagrun for user_processing to 2023-10-09T00:00:00+00:00, run_after=2023-10-10T00:00:00+00:00
[2023-10-10T17:43:26.555+0000] {processor.py:179} INFO - Processing /opt/airflow/dags/user_processing.py took 0.707 seconds
[2023-10-10T17:43:57.344+0000] {processor.py:157} INFO - Started process (PID=1307) to work on /opt/airflow/dags/user_processing.py
[2023-10-10T17:43:57.346+0000] {processor.py:826} INFO - Processing file /opt/airflow/dags/user_processing.py for tasks to queue
[2023-10-10T17:43:57.347+0000] {logging_mixin.py:150} INFO - [2023-10-10T17:43:57.347+0000] {dagbag.py:541} INFO - Filling up the DagBag from /opt/airflow/dags/user_processing.py
[2023-10-10T17:43:57.898+0000] {processor.py:836} INFO - DAG(s) dict_keys(['user_processing']) retrieved from /opt/airflow/dags/user_processing.py
[2023-10-10T17:43:57.925+0000] {logging_mixin.py:150} INFO - [2023-10-10T17:43:57.925+0000] {dag.py:2742} INFO - Sync 1 DAGs
[2023-10-10T17:43:57.957+0000] {logging_mixin.py:150} INFO - [2023-10-10T17:43:57.957+0000] {dag.py:3508} INFO - Setting next_dagrun for user_processing to 2023-10-09T00:00:00+00:00, run_after=2023-10-10T00:00:00+00:00
[2023-10-10T17:43:57.980+0000] {processor.py:179} INFO - Processing /opt/airflow/dags/user_processing.py took 0.640 seconds
[2023-10-10T17:44:28.319+0000] {processor.py:157} INFO - Started process (PID=1387) to work on /opt/airflow/dags/user_processing.py
[2023-10-10T17:44:28.321+0000] {processor.py:826} INFO - Processing file /opt/airflow/dags/user_processing.py for tasks to queue
[2023-10-10T17:44:28.325+0000] {logging_mixin.py:150} INFO - [2023-10-10T17:44:28.324+0000] {dagbag.py:541} INFO - Filling up the DagBag from /opt/airflow/dags/user_processing.py
[2023-10-10T17:44:28.925+0000] {processor.py:836} INFO - DAG(s) dict_keys(['user_processing']) retrieved from /opt/airflow/dags/user_processing.py
[2023-10-10T17:44:28.949+0000] {logging_mixin.py:150} INFO - [2023-10-10T17:44:28.949+0000] {dag.py:2742} INFO - Sync 1 DAGs
[2023-10-10T17:44:28.982+0000] {logging_mixin.py:150} INFO - [2023-10-10T17:44:28.982+0000] {dag.py:3508} INFO - Setting next_dagrun for user_processing to 2023-10-09T00:00:00+00:00, run_after=2023-10-10T00:00:00+00:00
[2023-10-10T17:44:29.007+0000] {processor.py:179} INFO - Processing /opt/airflow/dags/user_processing.py took 0.692 seconds
[2023-10-10T17:44:59.284+0000] {processor.py:157} INFO - Started process (PID=1476) to work on /opt/airflow/dags/user_processing.py
[2023-10-10T17:44:59.287+0000] {processor.py:826} INFO - Processing file /opt/airflow/dags/user_processing.py for tasks to queue
[2023-10-10T17:44:59.288+0000] {logging_mixin.py:150} INFO - [2023-10-10T17:44:59.288+0000] {dagbag.py:541} INFO - Filling up the DagBag from /opt/airflow/dags/user_processing.py
[2023-10-10T17:44:59.830+0000] {processor.py:836} INFO - DAG(s) dict_keys(['user_processing']) retrieved from /opt/airflow/dags/user_processing.py
[2023-10-10T17:44:59.853+0000] {logging_mixin.py:150} INFO - [2023-10-10T17:44:59.852+0000] {dag.py:2742} INFO - Sync 1 DAGs
[2023-10-10T17:44:59.882+0000] {logging_mixin.py:150} INFO - [2023-10-10T17:44:59.882+0000] {dag.py:3508} INFO - Setting next_dagrun for user_processing to 2023-10-09T00:00:00+00:00, run_after=2023-10-10T00:00:00+00:00
[2023-10-10T17:44:59.901+0000] {processor.py:179} INFO - Processing /opt/airflow/dags/user_processing.py took 0.621 seconds
[2023-10-10T17:45:30.430+0000] {processor.py:157} INFO - Started process (PID=1563) to work on /opt/airflow/dags/user_processing.py
[2023-10-10T17:45:30.433+0000] {processor.py:826} INFO - Processing file /opt/airflow/dags/user_processing.py for tasks to queue
[2023-10-10T17:45:30.435+0000] {logging_mixin.py:150} INFO - [2023-10-10T17:45:30.434+0000] {dagbag.py:541} INFO - Filling up the DagBag from /opt/airflow/dags/user_processing.py
[2023-10-10T17:45:31.013+0000] {processor.py:836} INFO - DAG(s) dict_keys(['user_processing']) retrieved from /opt/airflow/dags/user_processing.py
[2023-10-10T17:45:31.040+0000] {logging_mixin.py:150} INFO - [2023-10-10T17:45:31.040+0000] {dag.py:2742} INFO - Sync 1 DAGs
[2023-10-10T17:45:31.075+0000] {logging_mixin.py:150} INFO - [2023-10-10T17:45:31.075+0000] {dag.py:3508} INFO - Setting next_dagrun for user_processing to 2023-10-09T00:00:00+00:00, run_after=2023-10-10T00:00:00+00:00
[2023-10-10T17:45:31.096+0000] {processor.py:179} INFO - Processing /opt/airflow/dags/user_processing.py took 0.671 seconds
[2023-10-10T17:46:01.737+0000] {processor.py:157} INFO - Started process (PID=1645) to work on /opt/airflow/dags/user_processing.py
[2023-10-10T17:46:01.739+0000] {processor.py:826} INFO - Processing file /opt/airflow/dags/user_processing.py for tasks to queue
[2023-10-10T17:46:01.742+0000] {logging_mixin.py:150} INFO - [2023-10-10T17:46:01.741+0000] {dagbag.py:541} INFO - Filling up the DagBag from /opt/airflow/dags/user_processing.py
[2023-10-10T17:46:02.303+0000] {processor.py:836} INFO - DAG(s) dict_keys(['user_processing']) retrieved from /opt/airflow/dags/user_processing.py
[2023-10-10T17:46:02.328+0000] {logging_mixin.py:150} INFO - [2023-10-10T17:46:02.328+0000] {dag.py:2742} INFO - Sync 1 DAGs
[2023-10-10T17:46:02.358+0000] {logging_mixin.py:150} INFO - [2023-10-10T17:46:02.358+0000] {dag.py:3508} INFO - Setting next_dagrun for user_processing to 2023-10-09T00:00:00+00:00, run_after=2023-10-10T00:00:00+00:00
[2023-10-10T17:46:02.380+0000] {processor.py:179} INFO - Processing /opt/airflow/dags/user_processing.py took 0.648 seconds
[2023-10-10T17:46:33.187+0000] {processor.py:157} INFO - Started process (PID=1734) to work on /opt/airflow/dags/user_processing.py
[2023-10-10T17:46:33.188+0000] {processor.py:826} INFO - Processing file /opt/airflow/dags/user_processing.py for tasks to queue
[2023-10-10T17:46:33.190+0000] {logging_mixin.py:150} INFO - [2023-10-10T17:46:33.190+0000] {dagbag.py:541} INFO - Filling up the DagBag from /opt/airflow/dags/user_processing.py
[2023-10-10T17:46:33.689+0000] {processor.py:836} INFO - DAG(s) dict_keys(['user_processing']) retrieved from /opt/airflow/dags/user_processing.py
[2023-10-10T17:46:33.714+0000] {logging_mixin.py:150} INFO - [2023-10-10T17:46:33.713+0000] {dag.py:2742} INFO - Sync 1 DAGs
[2023-10-10T17:46:33.742+0000] {logging_mixin.py:150} INFO - [2023-10-10T17:46:33.742+0000] {dag.py:3508} INFO - Setting next_dagrun for user_processing to 2023-10-09T00:00:00+00:00, run_after=2023-10-10T00:00:00+00:00
[2023-10-10T17:46:33.762+0000] {processor.py:179} INFO - Processing /opt/airflow/dags/user_processing.py took 0.580 seconds
[2023-10-10T17:47:04.644+0000] {processor.py:157} INFO - Started process (PID=1814) to work on /opt/airflow/dags/user_processing.py
[2023-10-10T17:47:04.648+0000] {processor.py:826} INFO - Processing file /opt/airflow/dags/user_processing.py for tasks to queue
[2023-10-10T17:47:04.650+0000] {logging_mixin.py:150} INFO - [2023-10-10T17:47:04.650+0000] {dagbag.py:541} INFO - Filling up the DagBag from /opt/airflow/dags/user_processing.py
[2023-10-10T17:47:05.144+0000] {processor.py:836} INFO - DAG(s) dict_keys(['user_processing']) retrieved from /opt/airflow/dags/user_processing.py
[2023-10-10T17:47:05.167+0000] {logging_mixin.py:150} INFO - [2023-10-10T17:47:05.167+0000] {dag.py:2742} INFO - Sync 1 DAGs
[2023-10-10T17:47:05.194+0000] {logging_mixin.py:150} INFO - [2023-10-10T17:47:05.194+0000] {dag.py:3508} INFO - Setting next_dagrun for user_processing to 2023-10-09T00:00:00+00:00, run_after=2023-10-10T00:00:00+00:00
[2023-10-10T17:47:05.214+0000] {processor.py:179} INFO - Processing /opt/airflow/dags/user_processing.py took 0.576 seconds
[2023-10-10T17:47:35.871+0000] {processor.py:157} INFO - Started process (PID=1903) to work on /opt/airflow/dags/user_processing.py
[2023-10-10T17:47:35.873+0000] {processor.py:826} INFO - Processing file /opt/airflow/dags/user_processing.py for tasks to queue
[2023-10-10T17:47:35.875+0000] {logging_mixin.py:150} INFO - [2023-10-10T17:47:35.875+0000] {dagbag.py:541} INFO - Filling up the DagBag from /opt/airflow/dags/user_processing.py
[2023-10-10T17:47:36.442+0000] {processor.py:836} INFO - DAG(s) dict_keys(['user_processing']) retrieved from /opt/airflow/dags/user_processing.py
[2023-10-10T17:47:36.479+0000] {logging_mixin.py:150} INFO - [2023-10-10T17:47:36.478+0000] {dag.py:2742} INFO - Sync 1 DAGs
[2023-10-10T17:47:36.529+0000] {logging_mixin.py:150} INFO - [2023-10-10T17:47:36.529+0000] {dag.py:3508} INFO - Setting next_dagrun for user_processing to 2023-10-09T00:00:00+00:00, run_after=2023-10-10T00:00:00+00:00
[2023-10-10T17:47:36.557+0000] {processor.py:179} INFO - Processing /opt/airflow/dags/user_processing.py took 0.690 seconds
[2023-10-10T17:48:06.615+0000] {processor.py:157} INFO - Started process (PID=1984) to work on /opt/airflow/dags/user_processing.py
[2023-10-10T17:48:06.618+0000] {processor.py:826} INFO - Processing file /opt/airflow/dags/user_processing.py for tasks to queue
[2023-10-10T17:48:06.620+0000] {logging_mixin.py:150} INFO - [2023-10-10T17:48:06.619+0000] {dagbag.py:541} INFO - Filling up the DagBag from /opt/airflow/dags/user_processing.py
[2023-10-10T17:48:07.144+0000] {processor.py:836} INFO - DAG(s) dict_keys(['user_processing']) retrieved from /opt/airflow/dags/user_processing.py
[2023-10-10T17:48:07.179+0000] {logging_mixin.py:150} INFO - [2023-10-10T17:48:07.179+0000] {dag.py:2742} INFO - Sync 1 DAGs
[2023-10-10T17:48:07.229+0000] {logging_mixin.py:150} INFO - [2023-10-10T17:48:07.229+0000] {dag.py:3508} INFO - Setting next_dagrun for user_processing to 2023-10-09T00:00:00+00:00, run_after=2023-10-10T00:00:00+00:00
[2023-10-10T17:48:07.263+0000] {processor.py:179} INFO - Processing /opt/airflow/dags/user_processing.py took 0.653 seconds
[2023-10-10T17:48:37.995+0000] {processor.py:157} INFO - Started process (PID=2075) to work on /opt/airflow/dags/user_processing.py
[2023-10-10T17:48:37.998+0000] {processor.py:826} INFO - Processing file /opt/airflow/dags/user_processing.py for tasks to queue
[2023-10-10T17:48:37.999+0000] {logging_mixin.py:150} INFO - [2023-10-10T17:48:37.999+0000] {dagbag.py:541} INFO - Filling up the DagBag from /opt/airflow/dags/user_processing.py
[2023-10-10T17:48:38.569+0000] {processor.py:836} INFO - DAG(s) dict_keys(['user_processing']) retrieved from /opt/airflow/dags/user_processing.py
[2023-10-10T17:48:38.599+0000] {logging_mixin.py:150} INFO - [2023-10-10T17:48:38.598+0000] {dag.py:2742} INFO - Sync 1 DAGs
[2023-10-10T17:48:38.636+0000] {logging_mixin.py:150} INFO - [2023-10-10T17:48:38.636+0000] {dag.py:3508} INFO - Setting next_dagrun for user_processing to 2023-10-09T00:00:00+00:00, run_after=2023-10-10T00:00:00+00:00
[2023-10-10T17:48:38.663+0000] {processor.py:179} INFO - Processing /opt/airflow/dags/user_processing.py took 0.674 seconds
[2023-10-10T17:49:09.127+0000] {processor.py:157} INFO - Started process (PID=2160) to work on /opt/airflow/dags/user_processing.py
[2023-10-10T17:49:09.129+0000] {processor.py:826} INFO - Processing file /opt/airflow/dags/user_processing.py for tasks to queue
[2023-10-10T17:49:09.132+0000] {logging_mixin.py:150} INFO - [2023-10-10T17:49:09.131+0000] {dagbag.py:541} INFO - Filling up the DagBag from /opt/airflow/dags/user_processing.py
[2023-10-10T17:49:09.793+0000] {processor.py:836} INFO - DAG(s) dict_keys(['user_processing']) retrieved from /opt/airflow/dags/user_processing.py
[2023-10-10T17:49:09.825+0000] {logging_mixin.py:150} INFO - [2023-10-10T17:49:09.824+0000] {dag.py:2742} INFO - Sync 1 DAGs
[2023-10-10T17:49:09.890+0000] {logging_mixin.py:150} INFO - [2023-10-10T17:49:09.890+0000] {dag.py:3508} INFO - Setting next_dagrun for user_processing to 2023-10-09T00:00:00+00:00, run_after=2023-10-10T00:00:00+00:00
[2023-10-10T17:49:09.984+0000] {processor.py:179} INFO - Processing /opt/airflow/dags/user_processing.py took 0.864 seconds
[2023-10-10T17:49:40.693+0000] {processor.py:157} INFO - Started process (PID=2249) to work on /opt/airflow/dags/user_processing.py
[2023-10-10T17:49:40.695+0000] {processor.py:826} INFO - Processing file /opt/airflow/dags/user_processing.py for tasks to queue
[2023-10-10T17:49:40.696+0000] {logging_mixin.py:150} INFO - [2023-10-10T17:49:40.696+0000] {dagbag.py:541} INFO - Filling up the DagBag from /opt/airflow/dags/user_processing.py
[2023-10-10T17:49:41.212+0000] {processor.py:836} INFO - DAG(s) dict_keys(['user_processing']) retrieved from /opt/airflow/dags/user_processing.py
[2023-10-10T17:49:41.235+0000] {logging_mixin.py:150} INFO - [2023-10-10T17:49:41.235+0000] {dag.py:2742} INFO - Sync 1 DAGs
[2023-10-10T17:49:41.265+0000] {logging_mixin.py:150} INFO - [2023-10-10T17:49:41.265+0000] {dag.py:3508} INFO - Setting next_dagrun for user_processing to 2023-10-09T00:00:00+00:00, run_after=2023-10-10T00:00:00+00:00
[2023-10-10T17:49:41.285+0000] {processor.py:179} INFO - Processing /opt/airflow/dags/user_processing.py took 0.597 seconds
[2023-10-10T17:50:11.892+0000] {processor.py:157} INFO - Started process (PID=2329) to work on /opt/airflow/dags/user_processing.py
[2023-10-10T17:50:11.894+0000] {processor.py:826} INFO - Processing file /opt/airflow/dags/user_processing.py for tasks to queue
[2023-10-10T17:50:11.896+0000] {logging_mixin.py:150} INFO - [2023-10-10T17:50:11.896+0000] {dagbag.py:541} INFO - Filling up the DagBag from /opt/airflow/dags/user_processing.py
[2023-10-10T17:50:12.412+0000] {processor.py:836} INFO - DAG(s) dict_keys(['user_processing']) retrieved from /opt/airflow/dags/user_processing.py
[2023-10-10T17:50:12.447+0000] {logging_mixin.py:150} INFO - [2023-10-10T17:50:12.446+0000] {dag.py:2742} INFO - Sync 1 DAGs
[2023-10-10T17:50:12.485+0000] {logging_mixin.py:150} INFO - [2023-10-10T17:50:12.484+0000] {dag.py:3508} INFO - Setting next_dagrun for user_processing to 2023-10-09T00:00:00+00:00, run_after=2023-10-10T00:00:00+00:00
[2023-10-10T17:50:12.508+0000] {processor.py:179} INFO - Processing /opt/airflow/dags/user_processing.py took 0.622 seconds
[2023-10-10T17:50:42.723+0000] {processor.py:157} INFO - Started process (PID=2422) to work on /opt/airflow/dags/user_processing.py
[2023-10-10T17:50:42.725+0000] {processor.py:826} INFO - Processing file /opt/airflow/dags/user_processing.py for tasks to queue
[2023-10-10T17:50:42.727+0000] {logging_mixin.py:150} INFO - [2023-10-10T17:50:42.727+0000] {dagbag.py:541} INFO - Filling up the DagBag from /opt/airflow/dags/user_processing.py
[2023-10-10T17:50:43.260+0000] {processor.py:836} INFO - DAG(s) dict_keys(['user_processing']) retrieved from /opt/airflow/dags/user_processing.py
[2023-10-10T17:50:43.281+0000] {logging_mixin.py:150} INFO - [2023-10-10T17:50:43.280+0000] {dag.py:2742} INFO - Sync 1 DAGs
[2023-10-10T17:50:43.307+0000] {logging_mixin.py:150} INFO - [2023-10-10T17:50:43.307+0000] {dag.py:3508} INFO - Setting next_dagrun for user_processing to 2023-10-09T00:00:00+00:00, run_after=2023-10-10T00:00:00+00:00
[2023-10-10T17:50:43.324+0000] {processor.py:179} INFO - Processing /opt/airflow/dags/user_processing.py took 0.606 seconds
[2023-10-10T17:51:13.502+0000] {processor.py:157} INFO - Started process (PID=2502) to work on /opt/airflow/dags/user_processing.py
[2023-10-10T17:51:13.504+0000] {processor.py:826} INFO - Processing file /opt/airflow/dags/user_processing.py for tasks to queue
[2023-10-10T17:51:13.506+0000] {logging_mixin.py:150} INFO - [2023-10-10T17:51:13.505+0000] {dagbag.py:541} INFO - Filling up the DagBag from /opt/airflow/dags/user_processing.py
[2023-10-10T17:51:14.038+0000] {processor.py:836} INFO - DAG(s) dict_keys(['user_processing']) retrieved from /opt/airflow/dags/user_processing.py
[2023-10-10T17:51:14.068+0000] {logging_mixin.py:150} INFO - [2023-10-10T17:51:14.068+0000] {dag.py:2742} INFO - Sync 1 DAGs
[2023-10-10T17:51:14.104+0000] {logging_mixin.py:150} INFO - [2023-10-10T17:51:14.104+0000] {dag.py:3508} INFO - Setting next_dagrun for user_processing to 2023-10-09T00:00:00+00:00, run_after=2023-10-10T00:00:00+00:00
[2023-10-10T17:51:14.128+0000] {processor.py:179} INFO - Processing /opt/airflow/dags/user_processing.py took 0.632 seconds
[2023-10-10T17:51:44.411+0000] {processor.py:157} INFO - Started process (PID=2596) to work on /opt/airflow/dags/user_processing.py
[2023-10-10T17:51:44.413+0000] {processor.py:826} INFO - Processing file /opt/airflow/dags/user_processing.py for tasks to queue
[2023-10-10T17:51:44.415+0000] {logging_mixin.py:150} INFO - [2023-10-10T17:51:44.415+0000] {dagbag.py:541} INFO - Filling up the DagBag from /opt/airflow/dags/user_processing.py
[2023-10-10T17:51:45.028+0000] {processor.py:836} INFO - DAG(s) dict_keys(['user_processing']) retrieved from /opt/airflow/dags/user_processing.py
[2023-10-10T17:51:45.057+0000] {logging_mixin.py:150} INFO - [2023-10-10T17:51:45.056+0000] {dag.py:2742} INFO - Sync 1 DAGs
[2023-10-10T17:51:45.102+0000] {logging_mixin.py:150} INFO - [2023-10-10T17:51:45.101+0000] {dag.py:3508} INFO - Setting next_dagrun for user_processing to 2023-10-09T00:00:00+00:00, run_after=2023-10-10T00:00:00+00:00
[2023-10-10T17:51:45.126+0000] {processor.py:179} INFO - Processing /opt/airflow/dags/user_processing.py took 0.721 seconds
[2023-10-10T17:52:15.342+0000] {processor.py:157} INFO - Started process (PID=2679) to work on /opt/airflow/dags/user_processing.py
[2023-10-10T17:52:15.344+0000] {processor.py:826} INFO - Processing file /opt/airflow/dags/user_processing.py for tasks to queue
[2023-10-10T17:52:15.346+0000] {logging_mixin.py:150} INFO - [2023-10-10T17:52:15.345+0000] {dagbag.py:541} INFO - Filling up the DagBag from /opt/airflow/dags/user_processing.py
[2023-10-10T17:52:15.877+0000] {processor.py:836} INFO - DAG(s) dict_keys(['user_processing']) retrieved from /opt/airflow/dags/user_processing.py
[2023-10-10T17:52:15.906+0000] {logging_mixin.py:150} INFO - [2023-10-10T17:52:15.906+0000] {dag.py:2742} INFO - Sync 1 DAGs
[2023-10-10T17:52:15.942+0000] {logging_mixin.py:150} INFO - [2023-10-10T17:52:15.942+0000] {dag.py:3508} INFO - Setting next_dagrun for user_processing to 2023-10-09T00:00:00+00:00, run_after=2023-10-10T00:00:00+00:00
[2023-10-10T17:52:15.963+0000] {processor.py:179} INFO - Processing /opt/airflow/dags/user_processing.py took 0.627 seconds
[2023-10-10T17:52:46.874+0000] {processor.py:157} INFO - Started process (PID=2771) to work on /opt/airflow/dags/user_processing.py
[2023-10-10T17:52:46.876+0000] {processor.py:826} INFO - Processing file /opt/airflow/dags/user_processing.py for tasks to queue
[2023-10-10T17:52:46.878+0000] {logging_mixin.py:150} INFO - [2023-10-10T17:52:46.878+0000] {dagbag.py:541} INFO - Filling up the DagBag from /opt/airflow/dags/user_processing.py
[2023-10-10T17:52:47.467+0000] {processor.py:836} INFO - DAG(s) dict_keys(['user_processing']) retrieved from /opt/airflow/dags/user_processing.py
[2023-10-10T17:52:47.491+0000] {logging_mixin.py:150} INFO - [2023-10-10T17:52:47.491+0000] {dag.py:2742} INFO - Sync 1 DAGs
[2023-10-10T17:52:47.522+0000] {logging_mixin.py:150} INFO - [2023-10-10T17:52:47.521+0000] {dag.py:3508} INFO - Setting next_dagrun for user_processing to 2023-10-09T00:00:00+00:00, run_after=2023-10-10T00:00:00+00:00
[2023-10-10T17:52:47.545+0000] {processor.py:179} INFO - Processing /opt/airflow/dags/user_processing.py took 0.676 seconds
[2023-10-10T17:53:17.633+0000] {processor.py:157} INFO - Started process (PID=2856) to work on /opt/airflow/dags/user_processing.py
[2023-10-10T17:53:17.636+0000] {processor.py:826} INFO - Processing file /opt/airflow/dags/user_processing.py for tasks to queue
[2023-10-10T17:53:17.637+0000] {logging_mixin.py:150} INFO - [2023-10-10T17:53:17.637+0000] {dagbag.py:541} INFO - Filling up the DagBag from /opt/airflow/dags/user_processing.py
[2023-10-10T17:53:18.130+0000] {processor.py:836} INFO - DAG(s) dict_keys(['user_processing']) retrieved from /opt/airflow/dags/user_processing.py
[2023-10-10T17:53:18.155+0000] {logging_mixin.py:150} INFO - [2023-10-10T17:53:18.154+0000] {dag.py:2742} INFO - Sync 1 DAGs
[2023-10-10T17:53:18.190+0000] {logging_mixin.py:150} INFO - [2023-10-10T17:53:18.189+0000] {dag.py:3508} INFO - Setting next_dagrun for user_processing to 2023-10-09T00:00:00+00:00, run_after=2023-10-10T00:00:00+00:00
[2023-10-10T17:53:18.209+0000] {processor.py:179} INFO - Processing /opt/airflow/dags/user_processing.py took 0.581 seconds
[2023-10-10T17:53:48.788+0000] {processor.py:157} INFO - Started process (PID=2937) to work on /opt/airflow/dags/user_processing.py
[2023-10-10T17:53:48.790+0000] {processor.py:826} INFO - Processing file /opt/airflow/dags/user_processing.py for tasks to queue
[2023-10-10T17:53:48.791+0000] {logging_mixin.py:150} INFO - [2023-10-10T17:53:48.791+0000] {dagbag.py:541} INFO - Filling up the DagBag from /opt/airflow/dags/user_processing.py
[2023-10-10T17:53:49.387+0000] {processor.py:836} INFO - DAG(s) dict_keys(['user_processing']) retrieved from /opt/airflow/dags/user_processing.py
[2023-10-10T17:53:49.424+0000] {logging_mixin.py:150} INFO - [2023-10-10T17:53:49.423+0000] {dag.py:2742} INFO - Sync 1 DAGs
[2023-10-10T17:53:49.469+0000] {logging_mixin.py:150} INFO - [2023-10-10T17:53:49.468+0000] {dag.py:3508} INFO - Setting next_dagrun for user_processing to 2023-10-09T00:00:00+00:00, run_after=2023-10-10T00:00:00+00:00
[2023-10-10T17:53:49.492+0000] {processor.py:179} INFO - Processing /opt/airflow/dags/user_processing.py took 0.731 seconds
[2023-10-10T17:54:20.094+0000] {processor.py:157} INFO - Started process (PID=3030) to work on /opt/airflow/dags/user_processing.py
[2023-10-10T17:54:20.096+0000] {processor.py:826} INFO - Processing file /opt/airflow/dags/user_processing.py for tasks to queue
[2023-10-10T17:54:20.098+0000] {logging_mixin.py:150} INFO - [2023-10-10T17:54:20.097+0000] {dagbag.py:541} INFO - Filling up the DagBag from /opt/airflow/dags/user_processing.py
[2023-10-10T17:54:20.601+0000] {processor.py:836} INFO - DAG(s) dict_keys(['user_processing']) retrieved from /opt/airflow/dags/user_processing.py
[2023-10-10T17:54:20.621+0000] {logging_mixin.py:150} INFO - [2023-10-10T17:54:20.620+0000] {dag.py:2742} INFO - Sync 1 DAGs
[2023-10-10T17:54:20.646+0000] {logging_mixin.py:150} INFO - [2023-10-10T17:54:20.646+0000] {dag.py:3508} INFO - Setting next_dagrun for user_processing to 2023-10-09T00:00:00+00:00, run_after=2023-10-10T00:00:00+00:00
[2023-10-10T17:54:20.666+0000] {processor.py:179} INFO - Processing /opt/airflow/dags/user_processing.py took 0.578 seconds
[2023-10-10T17:54:52.822+0000] {processor.py:157} INFO - Started process (PID=3143) to work on /opt/airflow/dags/user_processing.py
[2023-10-10T17:54:52.825+0000] {processor.py:826} INFO - Processing file /opt/airflow/dags/user_processing.py for tasks to queue
[2023-10-10T17:54:52.829+0000] {logging_mixin.py:150} INFO - [2023-10-10T17:54:52.828+0000] {dagbag.py:541} INFO - Filling up the DagBag from /opt/airflow/dags/user_processing.py
[2023-10-10T17:54:54.476+0000] {processor.py:836} INFO - DAG(s) dict_keys(['user_processing']) retrieved from /opt/airflow/dags/user_processing.py
[2023-10-10T17:54:54.525+0000] {logging_mixin.py:150} INFO - [2023-10-10T17:54:54.524+0000] {dag.py:2742} INFO - Sync 1 DAGs
[2023-10-10T17:54:54.577+0000] {logging_mixin.py:150} INFO - [2023-10-10T17:54:54.577+0000] {dag.py:3508} INFO - Setting next_dagrun for user_processing to 2023-10-09T00:00:00+00:00, run_after=2023-10-10T00:00:00+00:00
[2023-10-10T17:54:54.616+0000] {processor.py:179} INFO - Processing /opt/airflow/dags/user_processing.py took 1.803 seconds
[2023-10-10T17:56:08.903+0000] {processor.py:157} INFO - Started process (PID=3256) to work on /opt/airflow/dags/user_processing.py
[2023-10-10T17:56:08.907+0000] {processor.py:826} INFO - Processing file /opt/airflow/dags/user_processing.py for tasks to queue
[2023-10-10T17:56:08.911+0000] {logging_mixin.py:150} INFO - [2023-10-10T17:56:08.910+0000] {dagbag.py:541} INFO - Filling up the DagBag from /opt/airflow/dags/user_processing.py
[2023-10-10T17:56:09.657+0000] {processor.py:836} INFO - DAG(s) dict_keys(['user_processing']) retrieved from /opt/airflow/dags/user_processing.py
[2023-10-10T17:56:09.692+0000] {logging_mixin.py:150} INFO - [2023-10-10T17:56:09.692+0000] {dag.py:2742} INFO - Sync 1 DAGs
[2023-10-10T17:56:09.742+0000] {logging_mixin.py:150} INFO - [2023-10-10T17:56:09.742+0000] {dag.py:3508} INFO - Setting next_dagrun for user_processing to 2023-10-09T00:00:00+00:00, run_after=2023-10-10T00:00:00+00:00
[2023-10-10T17:56:09.776+0000] {processor.py:179} INFO - Processing /opt/airflow/dags/user_processing.py took 0.884 seconds
[2023-10-10T17:56:42.314+0000] {processor.py:157} INFO - Started process (PID=3344) to work on /opt/airflow/dags/user_processing.py
[2023-10-10T17:56:42.320+0000] {processor.py:826} INFO - Processing file /opt/airflow/dags/user_processing.py for tasks to queue
[2023-10-10T17:56:42.335+0000] {logging_mixin.py:150} INFO - [2023-10-10T17:56:42.334+0000] {dagbag.py:541} INFO - Filling up the DagBag from /opt/airflow/dags/user_processing.py
[2023-10-10T17:56:43.689+0000] {processor.py:836} INFO - DAG(s) dict_keys(['user_processing']) retrieved from /opt/airflow/dags/user_processing.py
[2023-10-10T17:56:43.758+0000] {logging_mixin.py:150} INFO - [2023-10-10T17:56:43.757+0000] {dag.py:2742} INFO - Sync 1 DAGs
[2023-10-10T17:56:43.863+0000] {logging_mixin.py:150} INFO - [2023-10-10T17:56:43.863+0000] {dag.py:3508} INFO - Setting next_dagrun for user_processing to 2023-10-09T00:00:00+00:00, run_after=2023-10-10T00:00:00+00:00
[2023-10-10T17:56:43.926+0000] {processor.py:179} INFO - Processing /opt/airflow/dags/user_processing.py took 1.631 seconds
[2023-10-10T17:57:56.493+0000] {processor.py:157} INFO - Started process (PID=3437) to work on /opt/airflow/dags/user_processing.py
[2023-10-10T17:57:56.504+0000] {processor.py:826} INFO - Processing file /opt/airflow/dags/user_processing.py for tasks to queue
[2023-10-10T17:57:56.528+0000] {logging_mixin.py:150} INFO - [2023-10-10T17:57:56.527+0000] {dagbag.py:541} INFO - Filling up the DagBag from /opt/airflow/dags/user_processing.py
[2023-10-10T17:58:04.004+0000] {processor.py:836} INFO - DAG(s) dict_keys(['user_processing']) retrieved from /opt/airflow/dags/user_processing.py
[2023-10-10T17:58:04.594+0000] {logging_mixin.py:150} INFO - [2023-10-10T17:58:04.592+0000] {dag.py:2742} INFO - Sync 1 DAGs
[2023-10-10T17:58:05.032+0000] {logging_mixin.py:150} INFO - [2023-10-10T17:58:05.030+0000] {dag.py:3508} INFO - Setting next_dagrun for user_processing to 2023-10-09T00:00:00+00:00, run_after=2023-10-10T00:00:00+00:00
[2023-10-10T17:58:05.208+0000] {processor.py:179} INFO - Processing /opt/airflow/dags/user_processing.py took 8.743 seconds
[2023-10-10T17:58:47.518+0000] {processor.py:157} INFO - Started process (PID=3558) to work on /opt/airflow/dags/user_processing.py
[2023-10-10T17:58:47.523+0000] {processor.py:826} INFO - Processing file /opt/airflow/dags/user_processing.py for tasks to queue
[2023-10-10T17:58:47.537+0000] {logging_mixin.py:150} INFO - [2023-10-10T17:58:47.534+0000] {dagbag.py:541} INFO - Filling up the DagBag from /opt/airflow/dags/user_processing.py
[2023-10-10T17:58:49.571+0000] {processor.py:836} INFO - DAG(s) dict_keys(['user_processing']) retrieved from /opt/airflow/dags/user_processing.py
[2023-10-10T17:58:49.668+0000] {logging_mixin.py:150} INFO - [2023-10-10T17:58:49.668+0000] {dag.py:2742} INFO - Sync 1 DAGs
[2023-10-10T17:58:49.816+0000] {logging_mixin.py:150} INFO - [2023-10-10T17:58:49.815+0000] {dag.py:3508} INFO - Setting next_dagrun for user_processing to 2023-10-09T00:00:00+00:00, run_after=2023-10-10T00:00:00+00:00
[2023-10-10T17:58:49.952+0000] {processor.py:179} INFO - Processing /opt/airflow/dags/user_processing.py took 2.456 seconds
[2023-10-10T17:59:39.617+0000] {processor.py:157} INFO - Started process (PID=3664) to work on /opt/airflow/dags/user_processing.py
[2023-10-10T17:59:39.627+0000] {processor.py:826} INFO - Processing file /opt/airflow/dags/user_processing.py for tasks to queue
[2023-10-10T17:59:39.643+0000] {logging_mixin.py:150} INFO - [2023-10-10T17:59:39.642+0000] {dagbag.py:541} INFO - Filling up the DagBag from /opt/airflow/dags/user_processing.py
[2023-10-10T17:59:42.470+0000] {processor.py:836} INFO - DAG(s) dict_keys(['user_processing']) retrieved from /opt/airflow/dags/user_processing.py
[2023-10-10T17:59:42.683+0000] {logging_mixin.py:150} INFO - [2023-10-10T17:59:42.681+0000] {dag.py:2742} INFO - Sync 1 DAGs
[2023-10-10T17:59:42.965+0000] {logging_mixin.py:150} INFO - [2023-10-10T17:59:42.965+0000] {dag.py:3508} INFO - Setting next_dagrun for user_processing to 2023-10-09T00:00:00+00:00, run_after=2023-10-10T00:00:00+00:00
[2023-10-10T17:59:43.070+0000] {processor.py:179} INFO - Processing /opt/airflow/dags/user_processing.py took 3.475 seconds
[2023-10-10T18:00:13.852+0000] {processor.py:157} INFO - Started process (PID=3750) to work on /opt/airflow/dags/user_processing.py
[2023-10-10T18:00:13.855+0000] {processor.py:826} INFO - Processing file /opt/airflow/dags/user_processing.py for tasks to queue
[2023-10-10T18:00:13.858+0000] {logging_mixin.py:150} INFO - [2023-10-10T18:00:13.858+0000] {dagbag.py:541} INFO - Filling up the DagBag from /opt/airflow/dags/user_processing.py
[2023-10-10T18:00:14.918+0000] {processor.py:836} INFO - DAG(s) dict_keys(['user_processing']) retrieved from /opt/airflow/dags/user_processing.py
[2023-10-10T18:00:14.984+0000] {logging_mixin.py:150} INFO - [2023-10-10T18:00:14.983+0000] {dag.py:2742} INFO - Sync 1 DAGs
[2023-10-10T18:00:15.070+0000] {logging_mixin.py:150} INFO - [2023-10-10T18:00:15.070+0000] {dag.py:3508} INFO - Setting next_dagrun for user_processing to 2023-10-09T00:00:00+00:00, run_after=2023-10-10T00:00:00+00:00
[2023-10-10T18:00:15.117+0000] {processor.py:179} INFO - Processing /opt/airflow/dags/user_processing.py took 1.274 seconds
[2023-10-10T18:00:45.504+0000] {processor.py:157} INFO - Started process (PID=3843) to work on /opt/airflow/dags/user_processing.py
[2023-10-10T18:00:45.506+0000] {processor.py:826} INFO - Processing file /opt/airflow/dags/user_processing.py for tasks to queue
[2023-10-10T18:00:45.509+0000] {logging_mixin.py:150} INFO - [2023-10-10T18:00:45.508+0000] {dagbag.py:541} INFO - Filling up the DagBag from /opt/airflow/dags/user_processing.py
[2023-10-10T18:00:46.503+0000] {processor.py:836} INFO - DAG(s) dict_keys(['user_processing']) retrieved from /opt/airflow/dags/user_processing.py
[2023-10-10T18:00:46.553+0000] {logging_mixin.py:150} INFO - [2023-10-10T18:00:46.552+0000] {dag.py:2742} INFO - Sync 1 DAGs
[2023-10-10T18:00:46.628+0000] {logging_mixin.py:150} INFO - [2023-10-10T18:00:46.628+0000] {dag.py:3508} INFO - Setting next_dagrun for user_processing to 2023-10-09T00:00:00+00:00, run_after=2023-10-10T00:00:00+00:00
[2023-10-10T18:00:46.679+0000] {processor.py:179} INFO - Processing /opt/airflow/dags/user_processing.py took 1.183 seconds
[2023-10-10T18:01:17.285+0000] {processor.py:157} INFO - Started process (PID=3926) to work on /opt/airflow/dags/user_processing.py
[2023-10-10T18:01:17.288+0000] {processor.py:826} INFO - Processing file /opt/airflow/dags/user_processing.py for tasks to queue
[2023-10-10T18:01:17.291+0000] {logging_mixin.py:150} INFO - [2023-10-10T18:01:17.290+0000] {dagbag.py:541} INFO - Filling up the DagBag from /opt/airflow/dags/user_processing.py
[2023-10-10T18:01:18.093+0000] {processor.py:836} INFO - DAG(s) dict_keys(['user_processing']) retrieved from /opt/airflow/dags/user_processing.py
[2023-10-10T18:01:18.135+0000] {logging_mixin.py:150} INFO - [2023-10-10T18:01:18.134+0000] {dag.py:2742} INFO - Sync 1 DAGs
[2023-10-10T18:01:18.186+0000] {logging_mixin.py:150} INFO - [2023-10-10T18:01:18.186+0000] {dag.py:3508} INFO - Setting next_dagrun for user_processing to 2023-10-09T00:00:00+00:00, run_after=2023-10-10T00:00:00+00:00
[2023-10-10T18:01:18.219+0000] {processor.py:179} INFO - Processing /opt/airflow/dags/user_processing.py took 0.941 seconds
[2023-10-10T18:01:48.439+0000] {processor.py:157} INFO - Started process (PID=4008) to work on /opt/airflow/dags/user_processing.py
[2023-10-10T18:01:48.442+0000] {processor.py:826} INFO - Processing file /opt/airflow/dags/user_processing.py for tasks to queue
[2023-10-10T18:01:48.445+0000] {logging_mixin.py:150} INFO - [2023-10-10T18:01:48.444+0000] {dagbag.py:541} INFO - Filling up the DagBag from /opt/airflow/dags/user_processing.py
[2023-10-10T18:01:49.262+0000] {processor.py:836} INFO - DAG(s) dict_keys(['user_processing']) retrieved from /opt/airflow/dags/user_processing.py
[2023-10-10T18:01:49.301+0000] {logging_mixin.py:150} INFO - [2023-10-10T18:01:49.301+0000] {dag.py:2742} INFO - Sync 1 DAGs
[2023-10-10T18:01:49.352+0000] {logging_mixin.py:150} INFO - [2023-10-10T18:01:49.351+0000] {dag.py:3508} INFO - Setting next_dagrun for user_processing to 2023-10-09T00:00:00+00:00, run_after=2023-10-10T00:00:00+00:00
[2023-10-10T18:01:49.391+0000] {processor.py:179} INFO - Processing /opt/airflow/dags/user_processing.py took 0.960 seconds
[2023-10-10T18:02:19.940+0000] {processor.py:157} INFO - Started process (PID=4100) to work on /opt/airflow/dags/user_processing.py
[2023-10-10T18:02:19.943+0000] {processor.py:826} INFO - Processing file /opt/airflow/dags/user_processing.py for tasks to queue
[2023-10-10T18:02:19.946+0000] {logging_mixin.py:150} INFO - [2023-10-10T18:02:19.946+0000] {dagbag.py:541} INFO - Filling up the DagBag from /opt/airflow/dags/user_processing.py
[2023-10-10T18:02:20.815+0000] {processor.py:836} INFO - DAG(s) dict_keys(['user_processing']) retrieved from /opt/airflow/dags/user_processing.py
[2023-10-10T18:02:20.868+0000] {logging_mixin.py:150} INFO - [2023-10-10T18:02:20.867+0000] {dag.py:2742} INFO - Sync 1 DAGs
[2023-10-10T18:02:20.959+0000] {logging_mixin.py:150} INFO - [2023-10-10T18:02:20.959+0000] {dag.py:3508} INFO - Setting next_dagrun for user_processing to 2023-10-09T00:00:00+00:00, run_after=2023-10-10T00:00:00+00:00
[2023-10-10T18:02:21.027+0000] {processor.py:179} INFO - Processing /opt/airflow/dags/user_processing.py took 1.096 seconds
[2023-10-10T18:02:51.267+0000] {processor.py:157} INFO - Started process (PID=4182) to work on /opt/airflow/dags/user_processing.py
[2023-10-10T18:02:51.269+0000] {processor.py:826} INFO - Processing file /opt/airflow/dags/user_processing.py for tasks to queue
[2023-10-10T18:02:51.272+0000] {logging_mixin.py:150} INFO - [2023-10-10T18:02:51.271+0000] {dagbag.py:541} INFO - Filling up the DagBag from /opt/airflow/dags/user_processing.py
[2023-10-10T18:02:51.993+0000] {processor.py:836} INFO - DAG(s) dict_keys(['user_processing']) retrieved from /opt/airflow/dags/user_processing.py
[2023-10-10T18:02:52.035+0000] {logging_mixin.py:150} INFO - [2023-10-10T18:02:52.035+0000] {dag.py:2742} INFO - Sync 1 DAGs
[2023-10-10T18:02:52.083+0000] {logging_mixin.py:150} INFO - [2023-10-10T18:02:52.082+0000] {dag.py:3508} INFO - Setting next_dagrun for user_processing to 2023-10-09T00:00:00+00:00, run_after=2023-10-10T00:00:00+00:00
[2023-10-10T18:02:52.116+0000] {processor.py:179} INFO - Processing /opt/airflow/dags/user_processing.py took 0.855 seconds
[2023-10-10T18:03:22.860+0000] {processor.py:157} INFO - Started process (PID=4264) to work on /opt/airflow/dags/user_processing.py
[2023-10-10T18:03:22.862+0000] {processor.py:826} INFO - Processing file /opt/airflow/dags/user_processing.py for tasks to queue
[2023-10-10T18:03:22.864+0000] {logging_mixin.py:150} INFO - [2023-10-10T18:03:22.864+0000] {dagbag.py:541} INFO - Filling up the DagBag from /opt/airflow/dags/user_processing.py
[2023-10-10T18:03:23.684+0000] {processor.py:836} INFO - DAG(s) dict_keys(['user_processing']) retrieved from /opt/airflow/dags/user_processing.py
[2023-10-10T18:03:23.723+0000] {logging_mixin.py:150} INFO - [2023-10-10T18:03:23.723+0000] {dag.py:2742} INFO - Sync 1 DAGs
[2023-10-10T18:03:23.773+0000] {logging_mixin.py:150} INFO - [2023-10-10T18:03:23.772+0000] {dag.py:3508} INFO - Setting next_dagrun for user_processing to 2023-10-09T00:00:00+00:00, run_after=2023-10-10T00:00:00+00:00
[2023-10-10T18:03:23.809+0000] {processor.py:179} INFO - Processing /opt/airflow/dags/user_processing.py took 0.956 seconds
[2023-10-10T18:03:53.886+0000] {processor.py:157} INFO - Started process (PID=4355) to work on /opt/airflow/dags/user_processing.py
[2023-10-10T18:03:53.888+0000] {processor.py:826} INFO - Processing file /opt/airflow/dags/user_processing.py for tasks to queue
[2023-10-10T18:03:53.890+0000] {logging_mixin.py:150} INFO - [2023-10-10T18:03:53.889+0000] {dagbag.py:541} INFO - Filling up the DagBag from /opt/airflow/dags/user_processing.py
[2023-10-10T18:03:54.540+0000] {processor.py:836} INFO - DAG(s) dict_keys(['user_processing']) retrieved from /opt/airflow/dags/user_processing.py
[2023-10-10T18:03:54.573+0000] {logging_mixin.py:150} INFO - [2023-10-10T18:03:54.572+0000] {dag.py:2742} INFO - Sync 1 DAGs
[2023-10-10T18:03:54.613+0000] {logging_mixin.py:150} INFO - [2023-10-10T18:03:54.612+0000] {dag.py:3508} INFO - Setting next_dagrun for user_processing to 2023-10-09T00:00:00+00:00, run_after=2023-10-10T00:00:00+00:00
[2023-10-10T18:03:54.643+0000] {processor.py:179} INFO - Processing /opt/airflow/dags/user_processing.py took 0.763 seconds
[2023-10-10T18:04:24.885+0000] {processor.py:157} INFO - Started process (PID=4436) to work on /opt/airflow/dags/user_processing.py
[2023-10-10T18:04:24.889+0000] {processor.py:826} INFO - Processing file /opt/airflow/dags/user_processing.py for tasks to queue
[2023-10-10T18:04:24.893+0000] {logging_mixin.py:150} INFO - [2023-10-10T18:04:24.892+0000] {dagbag.py:541} INFO - Filling up the DagBag from /opt/airflow/dags/user_processing.py
[2023-10-10T18:04:25.801+0000] {processor.py:836} INFO - DAG(s) dict_keys(['user_processing']) retrieved from /opt/airflow/dags/user_processing.py
[2023-10-10T18:04:25.854+0000] {logging_mixin.py:150} INFO - [2023-10-10T18:04:25.853+0000] {dag.py:2742} INFO - Sync 1 DAGs
[2023-10-10T18:04:25.945+0000] {logging_mixin.py:150} INFO - [2023-10-10T18:04:25.942+0000] {dag.py:3508} INFO - Setting next_dagrun for user_processing to 2023-10-09T00:00:00+00:00, run_after=2023-10-10T00:00:00+00:00
[2023-10-10T18:04:25.996+0000] {processor.py:179} INFO - Processing /opt/airflow/dags/user_processing.py took 1.144 seconds
[2023-10-10T18:04:56.313+0000] {processor.py:157} INFO - Started process (PID=4519) to work on /opt/airflow/dags/user_processing.py
[2023-10-10T18:04:56.322+0000] {processor.py:826} INFO - Processing file /opt/airflow/dags/user_processing.py for tasks to queue
[2023-10-10T18:04:56.331+0000] {logging_mixin.py:150} INFO - [2023-10-10T18:04:56.328+0000] {dagbag.py:541} INFO - Filling up the DagBag from /opt/airflow/dags/user_processing.py
[2023-10-10T18:04:59.515+0000] {processor.py:836} INFO - DAG(s) dict_keys(['user_processing']) retrieved from /opt/airflow/dags/user_processing.py
[2023-10-10T18:04:59.657+0000] {logging_mixin.py:150} INFO - [2023-10-10T18:04:59.655+0000] {dag.py:2742} INFO - Sync 1 DAGs
[2023-10-10T18:04:59.884+0000] {logging_mixin.py:150} INFO - [2023-10-10T18:04:59.882+0000] {dag.py:3508} INFO - Setting next_dagrun for user_processing to 2023-10-09T00:00:00+00:00, run_after=2023-10-10T00:00:00+00:00
[2023-10-10T18:05:00.082+0000] {processor.py:179} INFO - Processing /opt/airflow/dags/user_processing.py took 3.794 seconds
[2023-10-10T18:05:31.316+0000] {processor.py:157} INFO - Started process (PID=4601) to work on /opt/airflow/dags/user_processing.py
[2023-10-10T18:05:31.328+0000] {processor.py:826} INFO - Processing file /opt/airflow/dags/user_processing.py for tasks to queue
[2023-10-10T18:05:31.339+0000] {logging_mixin.py:150} INFO - [2023-10-10T18:05:31.337+0000] {dagbag.py:541} INFO - Filling up the DagBag from /opt/airflow/dags/user_processing.py
[2023-10-10T18:05:38.389+0000] {processor.py:836} INFO - DAG(s) dict_keys(['user_processing']) retrieved from /opt/airflow/dags/user_processing.py
[2023-10-10T18:05:38.640+0000] {logging_mixin.py:150} INFO - [2023-10-10T18:05:38.639+0000] {dag.py:2742} INFO - Sync 1 DAGs
[2023-10-10T18:05:38.889+0000] {logging_mixin.py:150} INFO - [2023-10-10T18:05:38.888+0000] {dag.py:3508} INFO - Setting next_dagrun for user_processing to 2023-10-09T00:00:00+00:00, run_after=2023-10-10T00:00:00+00:00
[2023-10-10T18:05:39.081+0000] {processor.py:179} INFO - Processing /opt/airflow/dags/user_processing.py took 7.800 seconds
