[2023-10-10T17:36:42.740+0000] {taskinstance.py:1103} INFO - Dependencies all met for dep_context=non-requeueable deps ti=<TaskInstance: group_dag.mapping_layer.insert_into_map_director scheduled__2023-10-09T00:00:00+00:00 [queued]>
[2023-10-10T17:36:42.754+0000] {taskinstance.py:1103} INFO - Dependencies all met for dep_context=requeueable deps ti=<TaskInstance: group_dag.mapping_layer.insert_into_map_director scheduled__2023-10-09T00:00:00+00:00 [queued]>
[2023-10-10T17:36:42.755+0000] {taskinstance.py:1308} INFO - Starting attempt 1 of 1
[2023-10-10T17:36:42.806+0000] {taskinstance.py:1327} INFO - Executing <Task(MsSqlOperator): mapping_layer.insert_into_map_director> on 2023-10-09 00:00:00+00:00
[2023-10-10T17:36:42.840+0000] {standard_task_runner.py:57} INFO - Started process 74 to run task
[2023-10-10T17:36:42.847+0000] {standard_task_runner.py:84} INFO - Running: ['***', 'tasks', 'run', 'group_dag', 'mapping_layer.insert_into_map_director', 'scheduled__2023-10-09T00:00:00+00:00', '--job-id', '121', '--raw', '--subdir', 'DAGS_FOLDER/group_dag.py', '--cfg-path', '/tmp/tmpx26flfph']
[2023-10-10T17:36:42.855+0000] {standard_task_runner.py:85} INFO - Job 121: Subtask mapping_layer.insert_into_map_director
[2023-10-10T17:36:43.000+0000] {task_command.py:410} INFO - Running <TaskInstance: group_dag.mapping_layer.insert_into_map_director scheduled__2023-10-09T00:00:00+00:00 [running]> on host 2c73f027d5a5
[2023-10-10T17:36:43.139+0000] {taskinstance.py:1547} INFO - Exporting env vars: AIRFLOW_CTX_DAG_OWNER='***' AIRFLOW_CTX_DAG_ID='group_dag' AIRFLOW_CTX_TASK_ID='mapping_layer.insert_into_map_director' AIRFLOW_CTX_EXECUTION_DATE='2023-10-09T00:00:00+00:00' AIRFLOW_CTX_TRY_NUMBER='1' AIRFLOW_CTX_DAG_RUN_ID='scheduled__2023-10-09T00:00:00+00:00'
[2023-10-10T17:36:43.141+0000] {sql.py:265} INFO - Executing: 
            INSERT INTO map_director (director)
            SELECT DISTINCT l.director 
            FROM land_movies l
            WHERE NOT EXISTS (SELECT 1 FROM map_director md WHERE md.director = l.director)
            
[2023-10-10T17:36:43.158+0000] {base.py:73} INFO - Using connection ID 'sqlserver' for task execution.
[2023-10-10T17:36:43.268+0000] {base.py:73} INFO - Using connection ID 'sqlserver' for task execution.
[2023-10-10T17:36:44.310+0000] {sql.py:375} INFO - Running statement: 
            INSERT INTO map_director (director)
            SELECT DISTINCT l.director 
            FROM land_movies l
            WHERE NOT EXISTS (SELECT 1 FROM map_director md WHERE md.director = l.director)
            , parameters: None
[2023-10-10T17:36:44.397+0000] {sql.py:384} INFO - Rows affected: 0
[2023-10-10T17:36:44.418+0000] {taskinstance.py:1350} INFO - Marking task as SUCCESS. dag_id=group_dag, task_id=mapping_layer.insert_into_map_director, execution_date=20231009T000000, start_date=20231010T173642, end_date=20231010T173644
[2023-10-10T17:36:44.477+0000] {local_task_job_runner.py:225} INFO - Task exited with return code 0
[2023-10-10T17:36:44.524+0000] {taskinstance.py:2653} INFO - 0 downstream tasks scheduled from follow-on schedule check
