[2023-10-10T17:58:43.164+0000] {taskinstance.py:1103} INFO - Dependencies all met for dep_context=non-requeueable deps ti=<TaskInstance: group_dag.mapping_layer.insert_into_map_film manual__2023-10-10T17:58:18.587784+00:00 [queued]>
[2023-10-10T17:58:43.225+0000] {taskinstance.py:1103} INFO - Dependencies all met for dep_context=requeueable deps ti=<TaskInstance: group_dag.mapping_layer.insert_into_map_film manual__2023-10-10T17:58:18.587784+00:00 [queued]>
[2023-10-10T17:58:43.228+0000] {taskinstance.py:1308} INFO - Starting attempt 1 of 1
[2023-10-10T17:58:43.365+0000] {taskinstance.py:1327} INFO - Executing <Task(MsSqlOperator): mapping_layer.insert_into_map_film> on 2023-10-10 17:58:18.587784+00:00
[2023-10-10T17:58:43.404+0000] {standard_task_runner.py:57} INFO - Started process 1110 to run task
[2023-10-10T17:58:43.430+0000] {standard_task_runner.py:84} INFO - Running: ['***', 'tasks', 'run', 'group_dag', 'mapping_layer.insert_into_map_film', 'manual__2023-10-10T17:58:18.587784+00:00', '--job-id', '159', '--raw', '--subdir', 'DAGS_FOLDER/group_dag.py', '--cfg-path', '/tmp/tmpt6oa3qgr']
[2023-10-10T17:58:43.438+0000] {standard_task_runner.py:85} INFO - Job 159: Subtask mapping_layer.insert_into_map_film
[2023-10-10T17:58:43.596+0000] {task_command.py:410} INFO - Running <TaskInstance: group_dag.mapping_layer.insert_into_map_film manual__2023-10-10T17:58:18.587784+00:00 [running]> on host 2c73f027d5a5
[2023-10-10T17:58:44.328+0000] {taskinstance.py:1547} INFO - Exporting env vars: AIRFLOW_CTX_DAG_OWNER='***' AIRFLOW_CTX_DAG_ID='group_dag' AIRFLOW_CTX_TASK_ID='mapping_layer.insert_into_map_film' AIRFLOW_CTX_EXECUTION_DATE='2023-10-10T17:58:18.587784+00:00' AIRFLOW_CTX_TRY_NUMBER='1' AIRFLOW_CTX_DAG_RUN_ID='manual__2023-10-10T17:58:18.587784+00:00'
[2023-10-10T17:58:44.355+0000] {sql.py:265} INFO - Executing: 
            INSERT INTO map_film (title, director, film_year)
            SELECT Title, Director, Year
            FROM land_movies l
            WHERE NOT EXISTS (SELECT 1 FROM map_film m WHERE m.title = l.Title and m.director = l.Director and m.film_year = l.Year)
            
[2023-10-10T17:58:44.512+0000] {base.py:73} INFO - Using connection ID 'sqlserver' for task execution.
[2023-10-10T17:58:44.787+0000] {base.py:73} INFO - Using connection ID 'sqlserver' for task execution.
[2023-10-10T17:58:45.813+0000] {sql.py:375} INFO - Running statement: 
            INSERT INTO map_film (title, director, film_year)
            SELECT Title, Director, Year
            FROM land_movies l
            WHERE NOT EXISTS (SELECT 1 FROM map_film m WHERE m.title = l.Title and m.director = l.Director and m.film_year = l.Year)
            , parameters: None
[2023-10-10T17:58:45.906+0000] {sql.py:384} INFO - Rows affected: 0
[2023-10-10T17:58:45.951+0000] {taskinstance.py:1350} INFO - Marking task as SUCCESS. dag_id=group_dag, task_id=mapping_layer.insert_into_map_film, execution_date=20231010T175818, start_date=20231010T175843, end_date=20231010T175845
[2023-10-10T17:58:46.065+0000] {local_task_job_runner.py:225} INFO - Task exited with return code 0
[2023-10-10T17:58:46.301+0000] {taskinstance.py:2653} INFO - 0 downstream tasks scheduled from follow-on schedule check
