[2023-10-10T17:54:43.425+0000] {taskinstance.py:1103} INFO - Dependencies all met for dep_context=non-requeueable deps ti=<TaskInstance: group_dag.staging_layer.insert_into_stg_film manual__2023-10-10T17:54:36.006761+00:00 [queued]>
[2023-10-10T17:54:43.440+0000] {taskinstance.py:1103} INFO - Dependencies all met for dep_context=requeueable deps ti=<TaskInstance: group_dag.staging_layer.insert_into_stg_film manual__2023-10-10T17:54:36.006761+00:00 [queued]>
[2023-10-10T17:54:43.441+0000] {taskinstance.py:1308} INFO - Starting attempt 1 of 1
[2023-10-10T17:54:43.463+0000] {taskinstance.py:1327} INFO - Executing <Task(MsSqlOperator): staging_layer.insert_into_stg_film> on 2023-10-10 17:54:36.006761+00:00
[2023-10-10T17:54:43.473+0000] {standard_task_runner.py:57} INFO - Started process 962 to run task
[2023-10-10T17:54:43.484+0000] {standard_task_runner.py:84} INFO - Running: ['***', 'tasks', 'run', 'group_dag', 'staging_layer.insert_into_stg_film', 'manual__2023-10-10T17:54:36.006761+00:00', '--job-id', '147', '--raw', '--subdir', 'DAGS_FOLDER/group_dag.py', '--cfg-path', '/tmp/tmpu8n1xe31']
[2023-10-10T17:54:43.517+0000] {standard_task_runner.py:85} INFO - Job 147: Subtask staging_layer.insert_into_stg_film
[2023-10-10T17:54:43.609+0000] {task_command.py:410} INFO - Running <TaskInstance: group_dag.staging_layer.insert_into_stg_film manual__2023-10-10T17:54:36.006761+00:00 [running]> on host 2c73f027d5a5
[2023-10-10T17:54:43.730+0000] {taskinstance.py:1547} INFO - Exporting env vars: AIRFLOW_CTX_DAG_OWNER='***' AIRFLOW_CTX_DAG_ID='group_dag' AIRFLOW_CTX_TASK_ID='staging_layer.insert_into_stg_film' AIRFLOW_CTX_EXECUTION_DATE='2023-10-10T17:54:36.006761+00:00' AIRFLOW_CTX_TRY_NUMBER='1' AIRFLOW_CTX_DAG_RUN_ID='manual__2023-10-10T17:54:36.006761+00:00'
[2023-10-10T17:54:43.733+0000] {sql.py:265} INFO - Executing: 
            INSERT INTO stg_film
            SELECT  
            m.film_id
            ,l.[Title]
            ,l.[Description]
            ,l.[Director]
            ,l.Year
            ,l.[Runtime_Minutes]
            ,l.[Rating]
            ,l.[Votes]
            ,l.[Revenue_Millions]
            ,l.[Metascore]
            FROM [land_movies] AS l
            INNER JOIN map_film AS m ON m.title = l.Title 
            and m.director = l.Director 
            and m.film_year = l.Year
            WHERE NOT EXISTS (SELECT 1 FROM stg_film AS s WHERE s.film_id = m.film_id)
            
[2023-10-10T17:54:43.745+0000] {base.py:73} INFO - Using connection ID 'sqlserver' for task execution.
[2023-10-10T17:54:43.807+0000] {base.py:73} INFO - Using connection ID 'sqlserver' for task execution.
[2023-10-10T17:54:44.761+0000] {sql.py:375} INFO - Running statement: 
            INSERT INTO stg_film
            SELECT  
            m.film_id
            ,l.[Title]
            ,l.[Description]
            ,l.[Director]
            ,l.Year
            ,l.[Runtime_Minutes]
            ,l.[Rating]
            ,l.[Votes]
            ,l.[Revenue_Millions]
            ,l.[Metascore]
            FROM [land_movies] AS l
            INNER JOIN map_film AS m ON m.title = l.Title 
            and m.director = l.Director 
            and m.film_year = l.Year
            WHERE NOT EXISTS (SELECT 1 FROM stg_film AS s WHERE s.film_id = m.film_id)
            , parameters: None
[2023-10-10T17:54:44.870+0000] {sql.py:384} INFO - Rows affected: 0
[2023-10-10T17:54:44.884+0000] {taskinstance.py:1350} INFO - Marking task as SUCCESS. dag_id=group_dag, task_id=staging_layer.insert_into_stg_film, execution_date=20231010T175436, start_date=20231010T175443, end_date=20231010T175444
[2023-10-10T17:54:44.941+0000] {local_task_job_runner.py:225} INFO - Task exited with return code 0
[2023-10-10T17:54:44.971+0000] {taskinstance.py:2653} INFO - 0 downstream tasks scheduled from follow-on schedule check
