[2023-10-08T02:59:38.032+0000] {taskinstance.py:1103} INFO - Dependencies all met for dep_context=non-requeueable deps ti=<TaskInstance: group_dag.staging_layer.insert_into_stg_genre scheduled__2023-10-07T00:00:00+00:00 [queued]>
[2023-10-08T02:59:38.114+0000] {taskinstance.py:1103} INFO - Dependencies all met for dep_context=requeueable deps ti=<TaskInstance: group_dag.staging_layer.insert_into_stg_genre scheduled__2023-10-07T00:00:00+00:00 [queued]>
[2023-10-08T02:59:38.117+0000] {taskinstance.py:1308} INFO - Starting attempt 1 of 1
[2023-10-08T02:59:38.379+0000] {taskinstance.py:1327} INFO - Executing <Task(MsSqlOperator): staging_layer.insert_into_stg_genre> on 2023-10-07 00:00:00+00:00
[2023-10-08T02:59:38.477+0000] {standard_task_runner.py:57} INFO - Started process 10978 to run task
[2023-10-08T02:59:38.521+0000] {standard_task_runner.py:84} INFO - Running: ['***', 'tasks', 'run', 'group_dag', 'staging_layer.insert_into_stg_genre', 'scheduled__2023-10-07T00:00:00+00:00', '--job-id', '115', '--raw', '--subdir', 'DAGS_FOLDER/group_dag.py', '--cfg-path', '/tmp/tmp6omi1cwt']
[2023-10-08T02:59:38.553+0000] {standard_task_runner.py:85} INFO - Job 115: Subtask staging_layer.insert_into_stg_genre
[2023-10-08T02:59:39.506+0000] {task_command.py:410} INFO - Running <TaskInstance: group_dag.staging_layer.insert_into_stg_genre scheduled__2023-10-07T00:00:00+00:00 [running]> on host 9e1bf037e24d
[2023-10-08T02:59:40.798+0000] {taskinstance.py:1547} INFO - Exporting env vars: AIRFLOW_CTX_DAG_OWNER='***' AIRFLOW_CTX_DAG_ID='group_dag' AIRFLOW_CTX_TASK_ID='staging_layer.insert_into_stg_genre' AIRFLOW_CTX_EXECUTION_DATE='2023-10-07T00:00:00+00:00' AIRFLOW_CTX_TRY_NUMBER='1' AIRFLOW_CTX_DAG_RUN_ID='scheduled__2023-10-07T00:00:00+00:00'
[2023-10-08T02:59:40.815+0000] {sql.py:265} INFO - Executing: 
            INSERT INTO stg_genre (genre_id, genre)
            SELECT DISTINCT mg.genre_id, s.Genre as genre
            FROM
            (
            SELECT trim(value)as Genre, Title, Year, Director
            FROM (SELECT Genre, Title, Year, Director FROM land_movies) AS sub_query
            CROSS APPLY string_split(sub_query.Genre,',') 
            ) s
            INNER JOIN map_genre mg ON mg.genre = s.Genre
            WHERE NOT EXISTS (SELECT 1 FROM stg_genre sg WHERE sg.genre_id = mg.genre_id)
            
[2023-10-08T02:59:40.898+0000] {base.py:73} INFO - Using connection ID 'sqlserver' for task execution.
[2023-10-08T02:59:41.358+0000] {base.py:73} INFO - Using connection ID 'sqlserver' for task execution.
[2023-10-08T02:59:42.374+0000] {sql.py:375} INFO - Running statement: 
            INSERT INTO stg_genre (genre_id, genre)
            SELECT DISTINCT mg.genre_id, s.Genre as genre
            FROM
            (
            SELECT trim(value)as Genre, Title, Year, Director
            FROM (SELECT Genre, Title, Year, Director FROM land_movies) AS sub_query
            CROSS APPLY string_split(sub_query.Genre,',') 
            ) s
            INNER JOIN map_genre mg ON mg.genre = s.Genre
            WHERE NOT EXISTS (SELECT 1 FROM stg_genre sg WHERE sg.genre_id = mg.genre_id)
            , parameters: None
[2023-10-08T02:59:42.488+0000] {sql.py:384} INFO - Rows affected: 0
[2023-10-08T02:59:42.703+0000] {taskinstance.py:1350} INFO - Marking task as SUCCESS. dag_id=group_dag, task_id=staging_layer.insert_into_stg_genre, execution_date=20231007T000000, start_date=20231008T025938, end_date=20231008T025942
[2023-10-08T02:59:43.002+0000] {local_task_job_runner.py:225} INFO - Task exited with return code 0
[2023-10-08T02:59:43.289+0000] {taskinstance.py:2653} INFO - 0 downstream tasks scheduled from follow-on schedule check
