[2023-10-10T17:59:19.796+0000] {taskinstance.py:1103} INFO - Dependencies all met for dep_context=non-requeueable deps ti=<TaskInstance: group_dag.dimension_layer.insert_into_fact_film manual__2023-10-10T17:58:18.587784+00:00 [queued]>
[2023-10-10T17:59:20.116+0000] {taskinstance.py:1103} INFO - Dependencies all met for dep_context=requeueable deps ti=<TaskInstance: group_dag.dimension_layer.insert_into_fact_film manual__2023-10-10T17:58:18.587784+00:00 [queued]>
[2023-10-10T17:59:20.183+0000] {taskinstance.py:1308} INFO - Starting attempt 1 of 1
[2023-10-10T17:59:20.457+0000] {taskinstance.py:1327} INFO - Executing <Task(MsSqlOperator): dimension_layer.insert_into_fact_film> on 2023-10-10 17:58:18.587784+00:00
[2023-10-10T17:59:20.554+0000] {standard_task_runner.py:57} INFO - Started process 1162 to run task
[2023-10-10T17:59:20.898+0000] {standard_task_runner.py:84} INFO - Running: ['***', 'tasks', 'run', 'group_dag', 'dimension_layer.insert_into_fact_film', 'manual__2023-10-10T17:58:18.587784+00:00', '--job-id', '169', '--raw', '--subdir', 'DAGS_FOLDER/group_dag.py', '--cfg-path', '/tmp/tmpucdp_4x2']
[2023-10-10T17:59:20.989+0000] {standard_task_runner.py:85} INFO - Job 169: Subtask dimension_layer.insert_into_fact_film
[2023-10-10T17:59:22.793+0000] {task_command.py:410} INFO - Running <TaskInstance: group_dag.dimension_layer.insert_into_fact_film manual__2023-10-10T17:58:18.587784+00:00 [running]> on host 2c73f027d5a5
[2023-10-10T17:59:27.365+0000] {taskinstance.py:1547} INFO - Exporting env vars: AIRFLOW_CTX_DAG_OWNER='***' AIRFLOW_CTX_DAG_ID='group_dag' AIRFLOW_CTX_TASK_ID='dimension_layer.insert_into_fact_film' AIRFLOW_CTX_EXECUTION_DATE='2023-10-10T17:58:18.587784+00:00' AIRFLOW_CTX_TRY_NUMBER='1' AIRFLOW_CTX_DAG_RUN_ID='manual__2023-10-10T17:58:18.587784+00:00'
[2023-10-10T17:59:27.381+0000] {sql.py:265} INFO - Executing:       
            INSERT INTO fact_film 
            SELECT s.runtime_minutes, s.rating, s.revenue_millions, s.votes, s.metascore,mf.film_id, md.director_id, my.year_id
            FROM stg_film as s
            INNER JOIN map_director md ON md.director = s.director
            INNER JOIN map_year my ON my.year = s.film_year
            INNER JOIN map_film mf ON mf.film_id = s.film_id
            WHERE NOT EXISTS (SELECT 1 FROM fact_film f WHERE f.film_id = mf.film_id and md.director_id = f.director_id and my.year_id = f.year_id)
            
[2023-10-10T17:59:27.533+0000] {base.py:73} INFO - Using connection ID 'sqlserver' for task execution.
[2023-10-10T17:59:28.505+0000] {base.py:73} INFO - Using connection ID 'sqlserver' for task execution.
[2023-10-10T17:59:29.679+0000] {sql.py:375} INFO - Running statement:       
            INSERT INTO fact_film 
            SELECT s.runtime_minutes, s.rating, s.revenue_millions, s.votes, s.metascore,mf.film_id, md.director_id, my.year_id
            FROM stg_film as s
            INNER JOIN map_director md ON md.director = s.director
            INNER JOIN map_year my ON my.year = s.film_year
            INNER JOIN map_film mf ON mf.film_id = s.film_id
            WHERE NOT EXISTS (SELECT 1 FROM fact_film f WHERE f.film_id = mf.film_id and md.director_id = f.director_id and my.year_id = f.year_id)
            , parameters: None
[2023-10-10T17:59:29.809+0000] {sql.py:384} INFO - Rows affected: 0
[2023-10-10T17:59:29.912+0000] {taskinstance.py:1350} INFO - Marking task as SUCCESS. dag_id=group_dag, task_id=dimension_layer.insert_into_fact_film, execution_date=20231010T175818, start_date=20231010T175919, end_date=20231010T175929
[2023-10-10T17:59:30.438+0000] {local_task_job_runner.py:225} INFO - Task exited with return code 0
[2023-10-10T17:59:31.187+0000] {taskinstance.py:2653} INFO - 0 downstream tasks scheduled from follow-on schedule check
