[2023-10-08T02:58:43.369+0000] {taskinstance.py:1103} INFO - Dependencies all met for dep_context=non-requeueable deps ti=<TaskInstance: group_dag.mapping_layer.insert_into_map_actor manual__2023-10-08T02:58:31.246079+00:00 [queued]>
[2023-10-08T02:58:43.558+0000] {taskinstance.py:1103} INFO - Dependencies all met for dep_context=requeueable deps ti=<TaskInstance: group_dag.mapping_layer.insert_into_map_actor manual__2023-10-08T02:58:31.246079+00:00 [queued]>
[2023-10-08T02:58:43.560+0000] {taskinstance.py:1308} INFO - Starting attempt 1 of 1
[2023-10-08T02:58:43.704+0000] {taskinstance.py:1327} INFO - Executing <Task(MsSqlOperator): mapping_layer.insert_into_map_actor> on 2023-10-08 02:58:31.246079+00:00
[2023-10-08T02:58:43.729+0000] {standard_task_runner.py:57} INFO - Started process 10919 to run task
[2023-10-08T02:58:43.758+0000] {standard_task_runner.py:84} INFO - Running: ['***', 'tasks', 'run', 'group_dag', 'mapping_layer.insert_into_map_actor', 'manual__2023-10-08T02:58:31.246079+00:00', '--job-id', '97', '--raw', '--subdir', 'DAGS_FOLDER/group_dag.py', '--cfg-path', '/tmp/tmpzf5y5i8j']
[2023-10-08T02:58:43.766+0000] {standard_task_runner.py:85} INFO - Job 97: Subtask mapping_layer.insert_into_map_actor
[2023-10-08T02:58:43.985+0000] {task_command.py:410} INFO - Running <TaskInstance: group_dag.mapping_layer.insert_into_map_actor manual__2023-10-08T02:58:31.246079+00:00 [running]> on host 9e1bf037e24d
[2023-10-08T02:58:45.009+0000] {taskinstance.py:1547} INFO - Exporting env vars: AIRFLOW_CTX_DAG_OWNER='***' AIRFLOW_CTX_DAG_ID='group_dag' AIRFLOW_CTX_TASK_ID='mapping_layer.insert_into_map_actor' AIRFLOW_CTX_EXECUTION_DATE='2023-10-08T02:58:31.246079+00:00' AIRFLOW_CTX_TRY_NUMBER='1' AIRFLOW_CTX_DAG_RUN_ID='manual__2023-10-08T02:58:31.246079+00:00'
[2023-10-08T02:58:45.041+0000] {sql.py:265} INFO - Executing: 
            INSERT INTO map_actor
            SELECT DISTINCT Actor
            FROM (SELECT trim(value)as Actor, Title, Year, Director
                FROM (
                    SELECT Actors, Title, Year, Director FROM land_movies 
                        ) AS sub_query
                CROSS APPLY string_split(sub_query.Actors,',') as actors_split) as v
            WHERE NOT EXISTS (SELECT 1 FROM map_actor m WHERE m.actor = v.Actor)
            
[2023-10-08T02:58:45.195+0000] {base.py:73} INFO - Using connection ID 'sqlserver' for task execution.
[2023-10-08T02:58:45.904+0000] {base.py:73} INFO - Using connection ID 'sqlserver' for task execution.
[2023-10-08T02:58:47.112+0000] {sql.py:375} INFO - Running statement: 
            INSERT INTO map_actor
            SELECT DISTINCT Actor
            FROM (SELECT trim(value)as Actor, Title, Year, Director
                FROM (
                    SELECT Actors, Title, Year, Director FROM land_movies 
                        ) AS sub_query
                CROSS APPLY string_split(sub_query.Actors,',') as actors_split) as v
            WHERE NOT EXISTS (SELECT 1 FROM map_actor m WHERE m.actor = v.Actor)
            , parameters: None
[2023-10-08T02:58:47.390+0000] {sql.py:384} INFO - Rows affected: 0
[2023-10-08T02:58:47.563+0000] {taskinstance.py:1350} INFO - Marking task as SUCCESS. dag_id=group_dag, task_id=mapping_layer.insert_into_map_actor, execution_date=20231008T025831, start_date=20231008T025843, end_date=20231008T025847
[2023-10-08T02:58:47.853+0000] {local_task_job_runner.py:225} INFO - Task exited with return code 0
[2023-10-08T02:58:48.129+0000] {taskinstance.py:2653} INFO - 0 downstream tasks scheduled from follow-on schedule check
