[2023-10-06T16:22:01.128+0000] {taskinstance.py:1165} INFO - Dependencies all met for <TaskInstance: user_processing.is_api_available scheduled__2023-10-05T00:00:00+00:00 [queued]>
[2023-10-06T16:22:01.147+0000] {taskinstance.py:1165} INFO - Dependencies all met for <TaskInstance: user_processing.is_api_available scheduled__2023-10-05T00:00:00+00:00 [queued]>
[2023-10-06T16:22:01.149+0000] {taskinstance.py:1362} INFO - 
--------------------------------------------------------------------------------
[2023-10-06T16:22:01.150+0000] {taskinstance.py:1363} INFO - Starting attempt 1 of 1
[2023-10-06T16:22:01.151+0000] {taskinstance.py:1364} INFO - 
--------------------------------------------------------------------------------
[2023-10-06T16:22:01.180+0000] {taskinstance.py:1383} INFO - Executing <Task(HttpSensor): is_api_available> on 2023-10-05 00:00:00+00:00
[2023-10-06T16:22:01.191+0000] {standard_task_runner.py:55} INFO - Started process 67 to run task
[2023-10-06T16:22:01.197+0000] {standard_task_runner.py:82} INFO - Running: ['***', 'tasks', 'run', 'user_processing', 'is_api_available', 'scheduled__2023-10-05T00:00:00+00:00', '--job-id', '58', '--raw', '--subdir', 'DAGS_FOLDER/user_processing.py', '--cfg-path', '/tmp/tmpjp458cse']
[2023-10-06T16:22:01.205+0000] {standard_task_runner.py:83} INFO - Job 58: Subtask is_api_available
[2023-10-06T16:22:01.335+0000] {task_command.py:376} INFO - Running <TaskInstance: user_processing.is_api_available scheduled__2023-10-05T00:00:00+00:00 [running]> on host a8d87f11b01b
[2023-10-06T16:22:01.482+0000] {taskinstance.py:1592} INFO - Exporting the following env vars:
AIRFLOW_CTX_DAG_OWNER=***
AIRFLOW_CTX_DAG_ID=user_processing
AIRFLOW_CTX_TASK_ID=is_api_available
AIRFLOW_CTX_EXECUTION_DATE=2023-10-05T00:00:00+00:00
AIRFLOW_CTX_TRY_NUMBER=1
AIRFLOW_CTX_DAG_RUN_ID=scheduled__2023-10-05T00:00:00+00:00
[2023-10-06T16:22:01.484+0000] {http.py:120} INFO - Poking: api/
[2023-10-06T16:22:01.516+0000] {base.py:71} INFO - Using connection ID 'user_api' for task execution.
[2023-10-06T16:22:01.522+0000] {http.py:148} INFO - Sending 'GET' to url: https://randomuser.me/api/
[2023-10-06T16:22:01.782+0000] {base.py:213} INFO - Success criteria met. Exiting.
[2023-10-06T16:22:01.799+0000] {taskinstance.py:1406} INFO - Marking task as SUCCESS. dag_id=user_processing, task_id=is_api_available, execution_date=20231005T000000, start_date=20231006T162201, end_date=20231006T162201
[2023-10-06T16:22:01.855+0000] {local_task_job.py:164} INFO - Task exited with return code 0
[2023-10-06T16:22:01.920+0000] {local_task_job.py:273} INFO - 1 downstream tasks scheduled from follow-on schedule check
