[2023-10-05T19:40:32.923+0000] {taskinstance.py:1165} INFO - Dependencies all met for <TaskInstance: user_processing.process_user scheduled__2023-10-04T00:00:00+00:00 [queued]>
[2023-10-05T19:40:32.946+0000] {taskinstance.py:1165} INFO - Dependencies all met for <TaskInstance: user_processing.process_user scheduled__2023-10-04T00:00:00+00:00 [queued]>
[2023-10-05T19:40:32.948+0000] {taskinstance.py:1362} INFO - 
--------------------------------------------------------------------------------
[2023-10-05T19:40:32.950+0000] {taskinstance.py:1363} INFO - Starting attempt 1 of 1
[2023-10-05T19:40:32.951+0000] {taskinstance.py:1364} INFO - 
--------------------------------------------------------------------------------
[2023-10-05T19:40:32.983+0000] {taskinstance.py:1383} INFO - Executing <Task(PythonOperator): process_user> on 2023-10-04 00:00:00+00:00
[2023-10-05T19:40:32.996+0000] {standard_task_runner.py:55} INFO - Started process 208 to run task
[2023-10-05T19:40:33.011+0000] {standard_task_runner.py:82} INFO - Running: ['***', 'tasks', 'run', 'user_processing', 'process_user', 'scheduled__2023-10-04T00:00:00+00:00', '--job-id', '24', '--raw', '--subdir', 'DAGS_FOLDER/user_processing.py', '--cfg-path', '/tmp/tmp__l2ywfn']
[2023-10-05T19:40:33.021+0000] {standard_task_runner.py:83} INFO - Job 24: Subtask process_user
[2023-10-05T19:40:33.207+0000] {task_command.py:376} INFO - Running <TaskInstance: user_processing.process_user scheduled__2023-10-04T00:00:00+00:00 [running]> on host ca408aed2033
[2023-10-05T19:40:33.398+0000] {taskinstance.py:1592} INFO - Exporting the following env vars:
AIRFLOW_CTX_DAG_OWNER=***
AIRFLOW_CTX_DAG_ID=user_processing
AIRFLOW_CTX_TASK_ID=process_user
AIRFLOW_CTX_EXECUTION_DATE=2023-10-04T00:00:00+00:00
AIRFLOW_CTX_TRY_NUMBER=1
AIRFLOW_CTX_DAG_RUN_ID=scheduled__2023-10-04T00:00:00+00:00
[2023-10-05T19:40:33.458+0000] {python.py:177} INFO - Done. Returned value was: None
[2023-10-05T19:40:33.475+0000] {taskinstance.py:1406} INFO - Marking task as SUCCESS. dag_id=user_processing, task_id=process_user, execution_date=20231004T000000, start_date=20231005T194032, end_date=20231005T194033
[2023-10-05T19:40:33.540+0000] {local_task_job.py:164} INFO - Task exited with return code 0
[2023-10-05T19:40:33.570+0000] {local_task_job.py:273} INFO - 0 downstream tasks scheduled from follow-on schedule check
