[2023-10-10T17:36:32.159+0000] {processor.py:157} INFO - Started process (PID=31) to work on /opt/airflow/dags/groups/group_mapping_layer.py
[2023-10-10T17:36:32.161+0000] {processor.py:826} INFO - Processing file /opt/airflow/dags/groups/group_mapping_layer.py for tasks to queue
[2023-10-10T17:36:32.163+0000] {logging_mixin.py:150} INFO - [2023-10-10T17:36:32.163+0000] {dagbag.py:541} INFO - Filling up the DagBag from /opt/airflow/dags/groups/group_mapping_layer.py
[2023-10-10T17:36:32.170+0000] {processor.py:838} WARNING - No viable dags retrieved from /opt/airflow/dags/groups/group_mapping_layer.py
[2023-10-10T17:36:32.195+0000] {processor.py:179} INFO - Processing /opt/airflow/dags/groups/group_mapping_layer.py took 0.043 seconds
[2023-10-10T17:37:02.322+0000] {processor.py:157} INFO - Started process (PID=133) to work on /opt/airflow/dags/groups/group_mapping_layer.py
[2023-10-10T17:37:02.325+0000] {processor.py:826} INFO - Processing file /opt/airflow/dags/groups/group_mapping_layer.py for tasks to queue
[2023-10-10T17:37:02.326+0000] {logging_mixin.py:150} INFO - [2023-10-10T17:37:02.326+0000] {dagbag.py:541} INFO - Filling up the DagBag from /opt/airflow/dags/groups/group_mapping_layer.py
[2023-10-10T17:37:02.333+0000] {processor.py:838} WARNING - No viable dags retrieved from /opt/airflow/dags/groups/group_mapping_layer.py
[2023-10-10T17:37:02.349+0000] {processor.py:179} INFO - Processing /opt/airflow/dags/groups/group_mapping_layer.py took 0.032 seconds
[2023-10-10T17:37:32.505+0000] {processor.py:157} INFO - Started process (PID=213) to work on /opt/airflow/dags/groups/group_mapping_layer.py
[2023-10-10T17:37:32.507+0000] {processor.py:826} INFO - Processing file /opt/airflow/dags/groups/group_mapping_layer.py for tasks to queue
[2023-10-10T17:37:32.509+0000] {logging_mixin.py:150} INFO - [2023-10-10T17:37:32.509+0000] {dagbag.py:541} INFO - Filling up the DagBag from /opt/airflow/dags/groups/group_mapping_layer.py
[2023-10-10T17:37:32.515+0000] {processor.py:838} WARNING - No viable dags retrieved from /opt/airflow/dags/groups/group_mapping_layer.py
[2023-10-10T17:37:32.535+0000] {processor.py:179} INFO - Processing /opt/airflow/dags/groups/group_mapping_layer.py took 0.036 seconds
[2023-10-10T17:38:02.986+0000] {processor.py:157} INFO - Started process (PID=293) to work on /opt/airflow/dags/groups/group_mapping_layer.py
[2023-10-10T17:38:02.988+0000] {processor.py:826} INFO - Processing file /opt/airflow/dags/groups/group_mapping_layer.py for tasks to queue
[2023-10-10T17:38:02.989+0000] {logging_mixin.py:150} INFO - [2023-10-10T17:38:02.989+0000] {dagbag.py:541} INFO - Filling up the DagBag from /opt/airflow/dags/groups/group_mapping_layer.py
[2023-10-10T17:38:02.996+0000] {processor.py:838} WARNING - No viable dags retrieved from /opt/airflow/dags/groups/group_mapping_layer.py
[2023-10-10T17:38:03.016+0000] {processor.py:179} INFO - Processing /opt/airflow/dags/groups/group_mapping_layer.py took 0.034 seconds
[2023-10-10T17:38:33.751+0000] {processor.py:157} INFO - Started process (PID=397) to work on /opt/airflow/dags/groups/group_mapping_layer.py
[2023-10-10T17:38:33.754+0000] {processor.py:826} INFO - Processing file /opt/airflow/dags/groups/group_mapping_layer.py for tasks to queue
[2023-10-10T17:38:33.757+0000] {logging_mixin.py:150} INFO - [2023-10-10T17:38:33.756+0000] {dagbag.py:541} INFO - Filling up the DagBag from /opt/airflow/dags/groups/group_mapping_layer.py
[2023-10-10T17:38:33.766+0000] {processor.py:838} WARNING - No viable dags retrieved from /opt/airflow/dags/groups/group_mapping_layer.py
[2023-10-10T17:38:33.811+0000] {processor.py:179} INFO - Processing /opt/airflow/dags/groups/group_mapping_layer.py took 0.068 seconds
[2023-10-10T17:39:04.226+0000] {processor.py:157} INFO - Started process (PID=477) to work on /opt/airflow/dags/groups/group_mapping_layer.py
[2023-10-10T17:39:04.228+0000] {processor.py:826} INFO - Processing file /opt/airflow/dags/groups/group_mapping_layer.py for tasks to queue
[2023-10-10T17:39:04.230+0000] {logging_mixin.py:150} INFO - [2023-10-10T17:39:04.229+0000] {dagbag.py:541} INFO - Filling up the DagBag from /opt/airflow/dags/groups/group_mapping_layer.py
[2023-10-10T17:39:04.238+0000] {processor.py:838} WARNING - No viable dags retrieved from /opt/airflow/dags/groups/group_mapping_layer.py
[2023-10-10T17:39:04.262+0000] {processor.py:179} INFO - Processing /opt/airflow/dags/groups/group_mapping_layer.py took 0.041 seconds
[2023-10-10T17:39:34.794+0000] {processor.py:157} INFO - Started process (PID=566) to work on /opt/airflow/dags/groups/group_mapping_layer.py
[2023-10-10T17:39:34.796+0000] {processor.py:826} INFO - Processing file /opt/airflow/dags/groups/group_mapping_layer.py for tasks to queue
[2023-10-10T17:39:34.797+0000] {logging_mixin.py:150} INFO - [2023-10-10T17:39:34.797+0000] {dagbag.py:541} INFO - Filling up the DagBag from /opt/airflow/dags/groups/group_mapping_layer.py
[2023-10-10T17:39:34.804+0000] {processor.py:838} WARNING - No viable dags retrieved from /opt/airflow/dags/groups/group_mapping_layer.py
[2023-10-10T17:39:34.824+0000] {processor.py:179} INFO - Processing /opt/airflow/dags/groups/group_mapping_layer.py took 0.037 seconds
[2023-10-10T17:40:05.334+0000] {processor.py:157} INFO - Started process (PID=646) to work on /opt/airflow/dags/groups/group_mapping_layer.py
[2023-10-10T17:40:05.336+0000] {processor.py:826} INFO - Processing file /opt/airflow/dags/groups/group_mapping_layer.py for tasks to queue
[2023-10-10T17:40:05.338+0000] {logging_mixin.py:150} INFO - [2023-10-10T17:40:05.337+0000] {dagbag.py:541} INFO - Filling up the DagBag from /opt/airflow/dags/groups/group_mapping_layer.py
[2023-10-10T17:40:05.347+0000] {processor.py:838} WARNING - No viable dags retrieved from /opt/airflow/dags/groups/group_mapping_layer.py
[2023-10-10T17:40:05.369+0000] {processor.py:179} INFO - Processing /opt/airflow/dags/groups/group_mapping_layer.py took 0.040 seconds
[2023-10-10T17:40:35.851+0000] {processor.py:157} INFO - Started process (PID=735) to work on /opt/airflow/dags/groups/group_mapping_layer.py
[2023-10-10T17:40:35.853+0000] {processor.py:826} INFO - Processing file /opt/airflow/dags/groups/group_mapping_layer.py for tasks to queue
[2023-10-10T17:40:35.854+0000] {logging_mixin.py:150} INFO - [2023-10-10T17:40:35.854+0000] {dagbag.py:541} INFO - Filling up the DagBag from /opt/airflow/dags/groups/group_mapping_layer.py
[2023-10-10T17:40:35.860+0000] {processor.py:838} WARNING - No viable dags retrieved from /opt/airflow/dags/groups/group_mapping_layer.py
[2023-10-10T17:40:35.881+0000] {processor.py:179} INFO - Processing /opt/airflow/dags/groups/group_mapping_layer.py took 0.037 seconds
[2023-10-10T17:41:06.073+0000] {processor.py:157} INFO - Started process (PID=815) to work on /opt/airflow/dags/groups/group_mapping_layer.py
[2023-10-10T17:41:06.075+0000] {processor.py:826} INFO - Processing file /opt/airflow/dags/groups/group_mapping_layer.py for tasks to queue
[2023-10-10T17:41:06.077+0000] {logging_mixin.py:150} INFO - [2023-10-10T17:41:06.077+0000] {dagbag.py:541} INFO - Filling up the DagBag from /opt/airflow/dags/groups/group_mapping_layer.py
[2023-10-10T17:41:06.085+0000] {processor.py:838} WARNING - No viable dags retrieved from /opt/airflow/dags/groups/group_mapping_layer.py
[2023-10-10T17:41:06.109+0000] {processor.py:179} INFO - Processing /opt/airflow/dags/groups/group_mapping_layer.py took 0.042 seconds
[2023-10-10T17:41:36.422+0000] {processor.py:157} INFO - Started process (PID=905) to work on /opt/airflow/dags/groups/group_mapping_layer.py
[2023-10-10T17:41:36.424+0000] {processor.py:826} INFO - Processing file /opt/airflow/dags/groups/group_mapping_layer.py for tasks to queue
[2023-10-10T17:41:36.425+0000] {logging_mixin.py:150} INFO - [2023-10-10T17:41:36.425+0000] {dagbag.py:541} INFO - Filling up the DagBag from /opt/airflow/dags/groups/group_mapping_layer.py
[2023-10-10T17:41:36.431+0000] {processor.py:838} WARNING - No viable dags retrieved from /opt/airflow/dags/groups/group_mapping_layer.py
[2023-10-10T17:41:36.451+0000] {processor.py:179} INFO - Processing /opt/airflow/dags/groups/group_mapping_layer.py took 0.035 seconds
[2023-10-10T17:42:06.747+0000] {processor.py:157} INFO - Started process (PID=985) to work on /opt/airflow/dags/groups/group_mapping_layer.py
[2023-10-10T17:42:06.750+0000] {processor.py:826} INFO - Processing file /opt/airflow/dags/groups/group_mapping_layer.py for tasks to queue
[2023-10-10T17:42:06.751+0000] {logging_mixin.py:150} INFO - [2023-10-10T17:42:06.751+0000] {dagbag.py:541} INFO - Filling up the DagBag from /opt/airflow/dags/groups/group_mapping_layer.py
[2023-10-10T17:42:06.757+0000] {processor.py:838} WARNING - No viable dags retrieved from /opt/airflow/dags/groups/group_mapping_layer.py
[2023-10-10T17:42:06.782+0000] {processor.py:179} INFO - Processing /opt/airflow/dags/groups/group_mapping_layer.py took 0.040 seconds
[2023-10-10T17:42:37.183+0000] {processor.py:157} INFO - Started process (PID=1075) to work on /opt/airflow/dags/groups/group_mapping_layer.py
[2023-10-10T17:42:37.187+0000] {processor.py:826} INFO - Processing file /opt/airflow/dags/groups/group_mapping_layer.py for tasks to queue
[2023-10-10T17:42:37.191+0000] {logging_mixin.py:150} INFO - [2023-10-10T17:42:37.190+0000] {dagbag.py:541} INFO - Filling up the DagBag from /opt/airflow/dags/groups/group_mapping_layer.py
[2023-10-10T17:42:37.201+0000] {processor.py:838} WARNING - No viable dags retrieved from /opt/airflow/dags/groups/group_mapping_layer.py
[2023-10-10T17:42:37.232+0000] {processor.py:179} INFO - Processing /opt/airflow/dags/groups/group_mapping_layer.py took 0.058 seconds
[2023-10-10T17:43:07.377+0000] {processor.py:157} INFO - Started process (PID=1155) to work on /opt/airflow/dags/groups/group_mapping_layer.py
[2023-10-10T17:43:07.379+0000] {processor.py:826} INFO - Processing file /opt/airflow/dags/groups/group_mapping_layer.py for tasks to queue
[2023-10-10T17:43:07.381+0000] {logging_mixin.py:150} INFO - [2023-10-10T17:43:07.381+0000] {dagbag.py:541} INFO - Filling up the DagBag from /opt/airflow/dags/groups/group_mapping_layer.py
[2023-10-10T17:43:07.391+0000] {processor.py:838} WARNING - No viable dags retrieved from /opt/airflow/dags/groups/group_mapping_layer.py
[2023-10-10T17:43:07.416+0000] {processor.py:179} INFO - Processing /opt/airflow/dags/groups/group_mapping_layer.py took 0.047 seconds
[2023-10-10T17:43:37.710+0000] {processor.py:157} INFO - Started process (PID=1235) to work on /opt/airflow/dags/groups/group_mapping_layer.py
[2023-10-10T17:43:37.712+0000] {processor.py:826} INFO - Processing file /opt/airflow/dags/groups/group_mapping_layer.py for tasks to queue
[2023-10-10T17:43:37.714+0000] {logging_mixin.py:150} INFO - [2023-10-10T17:43:37.713+0000] {dagbag.py:541} INFO - Filling up the DagBag from /opt/airflow/dags/groups/group_mapping_layer.py
[2023-10-10T17:43:37.720+0000] {processor.py:838} WARNING - No viable dags retrieved from /opt/airflow/dags/groups/group_mapping_layer.py
[2023-10-10T17:43:37.742+0000] {processor.py:179} INFO - Processing /opt/airflow/dags/groups/group_mapping_layer.py took 0.037 seconds
[2023-10-10T17:44:08.115+0000] {processor.py:157} INFO - Started process (PID=1324) to work on /opt/airflow/dags/groups/group_mapping_layer.py
[2023-10-10T17:44:08.117+0000] {processor.py:826} INFO - Processing file /opt/airflow/dags/groups/group_mapping_layer.py for tasks to queue
[2023-10-10T17:44:08.119+0000] {logging_mixin.py:150} INFO - [2023-10-10T17:44:08.118+0000] {dagbag.py:541} INFO - Filling up the DagBag from /opt/airflow/dags/groups/group_mapping_layer.py
[2023-10-10T17:44:08.125+0000] {processor.py:838} WARNING - No viable dags retrieved from /opt/airflow/dags/groups/group_mapping_layer.py
[2023-10-10T17:44:08.147+0000] {processor.py:179} INFO - Processing /opt/airflow/dags/groups/group_mapping_layer.py took 0.038 seconds
[2023-10-10T17:44:38.509+0000] {processor.py:157} INFO - Started process (PID=1404) to work on /opt/airflow/dags/groups/group_mapping_layer.py
[2023-10-10T17:44:38.516+0000] {processor.py:826} INFO - Processing file /opt/airflow/dags/groups/group_mapping_layer.py for tasks to queue
[2023-10-10T17:44:38.517+0000] {logging_mixin.py:150} INFO - [2023-10-10T17:44:38.517+0000] {dagbag.py:541} INFO - Filling up the DagBag from /opt/airflow/dags/groups/group_mapping_layer.py
[2023-10-10T17:44:38.525+0000] {processor.py:838} WARNING - No viable dags retrieved from /opt/airflow/dags/groups/group_mapping_layer.py
[2023-10-10T17:44:38.548+0000] {processor.py:179} INFO - Processing /opt/airflow/dags/groups/group_mapping_layer.py took 0.047 seconds
[2023-10-10T17:45:09.014+0000] {processor.py:157} INFO - Started process (PID=1493) to work on /opt/airflow/dags/groups/group_mapping_layer.py
[2023-10-10T17:45:09.016+0000] {processor.py:826} INFO - Processing file /opt/airflow/dags/groups/group_mapping_layer.py for tasks to queue
[2023-10-10T17:45:09.017+0000] {logging_mixin.py:150} INFO - [2023-10-10T17:45:09.017+0000] {dagbag.py:541} INFO - Filling up the DagBag from /opt/airflow/dags/groups/group_mapping_layer.py
[2023-10-10T17:45:09.024+0000] {processor.py:838} WARNING - No viable dags retrieved from /opt/airflow/dags/groups/group_mapping_layer.py
[2023-10-10T17:45:09.046+0000] {processor.py:179} INFO - Processing /opt/airflow/dags/groups/group_mapping_layer.py took 0.038 seconds
[2023-10-10T17:45:39.211+0000] {processor.py:157} INFO - Started process (PID=1573) to work on /opt/airflow/dags/groups/group_mapping_layer.py
[2023-10-10T17:45:39.213+0000] {processor.py:826} INFO - Processing file /opt/airflow/dags/groups/group_mapping_layer.py for tasks to queue
[2023-10-10T17:45:39.216+0000] {logging_mixin.py:150} INFO - [2023-10-10T17:45:39.215+0000] {dagbag.py:541} INFO - Filling up the DagBag from /opt/airflow/dags/groups/group_mapping_layer.py
[2023-10-10T17:45:39.225+0000] {processor.py:838} WARNING - No viable dags retrieved from /opt/airflow/dags/groups/group_mapping_layer.py
[2023-10-10T17:45:39.248+0000] {processor.py:179} INFO - Processing /opt/airflow/dags/groups/group_mapping_layer.py took 0.045 seconds
[2023-10-10T17:46:09.477+0000] {processor.py:157} INFO - Started process (PID=1662) to work on /opt/airflow/dags/groups/group_mapping_layer.py
[2023-10-10T17:46:09.479+0000] {processor.py:826} INFO - Processing file /opt/airflow/dags/groups/group_mapping_layer.py for tasks to queue
[2023-10-10T17:46:09.481+0000] {logging_mixin.py:150} INFO - [2023-10-10T17:46:09.481+0000] {dagbag.py:541} INFO - Filling up the DagBag from /opt/airflow/dags/groups/group_mapping_layer.py
[2023-10-10T17:46:09.489+0000] {processor.py:838} WARNING - No viable dags retrieved from /opt/airflow/dags/groups/group_mapping_layer.py
[2023-10-10T17:46:09.514+0000] {processor.py:179} INFO - Processing /opt/airflow/dags/groups/group_mapping_layer.py took 0.043 seconds
[2023-10-10T17:46:39.889+0000] {processor.py:157} INFO - Started process (PID=1742) to work on /opt/airflow/dags/groups/group_mapping_layer.py
[2023-10-10T17:46:39.893+0000] {processor.py:826} INFO - Processing file /opt/airflow/dags/groups/group_mapping_layer.py for tasks to queue
[2023-10-10T17:46:39.897+0000] {logging_mixin.py:150} INFO - [2023-10-10T17:46:39.896+0000] {dagbag.py:541} INFO - Filling up the DagBag from /opt/airflow/dags/groups/group_mapping_layer.py
[2023-10-10T17:46:39.910+0000] {processor.py:838} WARNING - No viable dags retrieved from /opt/airflow/dags/groups/group_mapping_layer.py
[2023-10-10T17:46:39.955+0000] {processor.py:179} INFO - Processing /opt/airflow/dags/groups/group_mapping_layer.py took 0.075 seconds
[2023-10-10T17:47:10.303+0000] {processor.py:157} INFO - Started process (PID=1831) to work on /opt/airflow/dags/groups/group_mapping_layer.py
[2023-10-10T17:47:10.305+0000] {processor.py:826} INFO - Processing file /opt/airflow/dags/groups/group_mapping_layer.py for tasks to queue
[2023-10-10T17:47:10.307+0000] {logging_mixin.py:150} INFO - [2023-10-10T17:47:10.307+0000] {dagbag.py:541} INFO - Filling up the DagBag from /opt/airflow/dags/groups/group_mapping_layer.py
[2023-10-10T17:47:10.316+0000] {processor.py:838} WARNING - No viable dags retrieved from /opt/airflow/dags/groups/group_mapping_layer.py
[2023-10-10T17:47:10.343+0000] {processor.py:179} INFO - Processing /opt/airflow/dags/groups/group_mapping_layer.py took 0.046 seconds
[2023-10-10T17:47:40.649+0000] {processor.py:157} INFO - Started process (PID=1911) to work on /opt/airflow/dags/groups/group_mapping_layer.py
[2023-10-10T17:47:40.659+0000] {processor.py:826} INFO - Processing file /opt/airflow/dags/groups/group_mapping_layer.py for tasks to queue
[2023-10-10T17:47:40.661+0000] {logging_mixin.py:150} INFO - [2023-10-10T17:47:40.661+0000] {dagbag.py:541} INFO - Filling up the DagBag from /opt/airflow/dags/groups/group_mapping_layer.py
[2023-10-10T17:47:40.672+0000] {processor.py:838} WARNING - No viable dags retrieved from /opt/airflow/dags/groups/group_mapping_layer.py
[2023-10-10T17:47:40.711+0000] {processor.py:179} INFO - Processing /opt/airflow/dags/groups/group_mapping_layer.py took 0.068 seconds
[2023-10-10T17:48:11.370+0000] {processor.py:157} INFO - Started process (PID=1998) to work on /opt/airflow/dags/groups/group_mapping_layer.py
[2023-10-10T17:48:11.372+0000] {processor.py:826} INFO - Processing file /opt/airflow/dags/groups/group_mapping_layer.py for tasks to queue
[2023-10-10T17:48:11.374+0000] {logging_mixin.py:150} INFO - [2023-10-10T17:48:11.374+0000] {dagbag.py:541} INFO - Filling up the DagBag from /opt/airflow/dags/groups/group_mapping_layer.py
[2023-10-10T17:48:11.381+0000] {processor.py:838} WARNING - No viable dags retrieved from /opt/airflow/dags/groups/group_mapping_layer.py
[2023-10-10T17:48:11.406+0000] {processor.py:179} INFO - Processing /opt/airflow/dags/groups/group_mapping_layer.py took 0.043 seconds
[2023-10-10T17:48:41.758+0000] {processor.py:157} INFO - Started process (PID=2083) to work on /opt/airflow/dags/groups/group_mapping_layer.py
[2023-10-10T17:48:41.760+0000] {processor.py:826} INFO - Processing file /opt/airflow/dags/groups/group_mapping_layer.py for tasks to queue
[2023-10-10T17:48:41.763+0000] {logging_mixin.py:150} INFO - [2023-10-10T17:48:41.762+0000] {dagbag.py:541} INFO - Filling up the DagBag from /opt/airflow/dags/groups/group_mapping_layer.py
[2023-10-10T17:48:41.771+0000] {processor.py:838} WARNING - No viable dags retrieved from /opt/airflow/dags/groups/group_mapping_layer.py
[2023-10-10T17:48:41.795+0000] {processor.py:179} INFO - Processing /opt/airflow/dags/groups/group_mapping_layer.py took 0.044 seconds
[2023-10-10T17:49:12.073+0000] {processor.py:157} INFO - Started process (PID=2167) to work on /opt/airflow/dags/groups/group_mapping_layer.py
[2023-10-10T17:49:12.075+0000] {processor.py:826} INFO - Processing file /opt/airflow/dags/groups/group_mapping_layer.py for tasks to queue
[2023-10-10T17:49:12.077+0000] {logging_mixin.py:150} INFO - [2023-10-10T17:49:12.076+0000] {dagbag.py:541} INFO - Filling up the DagBag from /opt/airflow/dags/groups/group_mapping_layer.py
[2023-10-10T17:49:12.083+0000] {processor.py:838} WARNING - No viable dags retrieved from /opt/airflow/dags/groups/group_mapping_layer.py
[2023-10-10T17:49:12.105+0000] {processor.py:179} INFO - Processing /opt/airflow/dags/groups/group_mapping_layer.py took 0.038 seconds
[2023-10-10T17:49:42.336+0000] {processor.py:157} INFO - Started process (PID=2256) to work on /opt/airflow/dags/groups/group_mapping_layer.py
[2023-10-10T17:49:42.338+0000] {processor.py:826} INFO - Processing file /opt/airflow/dags/groups/group_mapping_layer.py for tasks to queue
[2023-10-10T17:49:42.340+0000] {logging_mixin.py:150} INFO - [2023-10-10T17:49:42.339+0000] {dagbag.py:541} INFO - Filling up the DagBag from /opt/airflow/dags/groups/group_mapping_layer.py
[2023-10-10T17:49:42.345+0000] {processor.py:838} WARNING - No viable dags retrieved from /opt/airflow/dags/groups/group_mapping_layer.py
[2023-10-10T17:49:42.366+0000] {processor.py:179} INFO - Processing /opt/airflow/dags/groups/group_mapping_layer.py took 0.034 seconds
[2023-10-10T17:50:12.556+0000] {processor.py:157} INFO - Started process (PID=2336) to work on /opt/airflow/dags/groups/group_mapping_layer.py
[2023-10-10T17:50:12.558+0000] {processor.py:826} INFO - Processing file /opt/airflow/dags/groups/group_mapping_layer.py for tasks to queue
[2023-10-10T17:50:12.560+0000] {logging_mixin.py:150} INFO - [2023-10-10T17:50:12.559+0000] {dagbag.py:541} INFO - Filling up the DagBag from /opt/airflow/dags/groups/group_mapping_layer.py
[2023-10-10T17:50:12.568+0000] {processor.py:838} WARNING - No viable dags retrieved from /opt/airflow/dags/groups/group_mapping_layer.py
[2023-10-10T17:50:12.595+0000] {processor.py:179} INFO - Processing /opt/airflow/dags/groups/group_mapping_layer.py took 0.044 seconds
[2023-10-10T17:50:42.653+0000] {processor.py:157} INFO - Started process (PID=2420) to work on /opt/airflow/dags/groups/group_mapping_layer.py
[2023-10-10T17:50:42.655+0000] {processor.py:826} INFO - Processing file /opt/airflow/dags/groups/group_mapping_layer.py for tasks to queue
[2023-10-10T17:50:42.657+0000] {logging_mixin.py:150} INFO - [2023-10-10T17:50:42.657+0000] {dagbag.py:541} INFO - Filling up the DagBag from /opt/airflow/dags/groups/group_mapping_layer.py
[2023-10-10T17:50:42.664+0000] {processor.py:838} WARNING - No viable dags retrieved from /opt/airflow/dags/groups/group_mapping_layer.py
[2023-10-10T17:50:42.688+0000] {processor.py:179} INFO - Processing /opt/airflow/dags/groups/group_mapping_layer.py took 0.040 seconds
[2023-10-10T17:51:13.421+0000] {processor.py:157} INFO - Started process (PID=2500) to work on /opt/airflow/dags/groups/group_mapping_layer.py
[2023-10-10T17:51:13.423+0000] {processor.py:826} INFO - Processing file /opt/airflow/dags/groups/group_mapping_layer.py for tasks to queue
[2023-10-10T17:51:13.425+0000] {logging_mixin.py:150} INFO - [2023-10-10T17:51:13.425+0000] {dagbag.py:541} INFO - Filling up the DagBag from /opt/airflow/dags/groups/group_mapping_layer.py
[2023-10-10T17:51:13.435+0000] {processor.py:838} WARNING - No viable dags retrieved from /opt/airflow/dags/groups/group_mapping_layer.py
[2023-10-10T17:51:13.463+0000] {processor.py:179} INFO - Processing /opt/airflow/dags/groups/group_mapping_layer.py took 0.050 seconds
[2023-10-10T17:51:44.277+0000] {processor.py:157} INFO - Started process (PID=2592) to work on /opt/airflow/dags/groups/group_mapping_layer.py
[2023-10-10T17:51:44.278+0000] {processor.py:826} INFO - Processing file /opt/airflow/dags/groups/group_mapping_layer.py for tasks to queue
[2023-10-10T17:51:44.280+0000] {logging_mixin.py:150} INFO - [2023-10-10T17:51:44.279+0000] {dagbag.py:541} INFO - Filling up the DagBag from /opt/airflow/dags/groups/group_mapping_layer.py
[2023-10-10T17:51:44.285+0000] {processor.py:838} WARNING - No viable dags retrieved from /opt/airflow/dags/groups/group_mapping_layer.py
[2023-10-10T17:51:44.307+0000] {processor.py:179} INFO - Processing /opt/airflow/dags/groups/group_mapping_layer.py took 0.034 seconds
[2023-10-10T17:52:15.147+0000] {processor.py:157} INFO - Started process (PID=2674) to work on /opt/airflow/dags/groups/group_mapping_layer.py
[2023-10-10T17:52:15.151+0000] {processor.py:826} INFO - Processing file /opt/airflow/dags/groups/group_mapping_layer.py for tasks to queue
[2023-10-10T17:52:15.153+0000] {logging_mixin.py:150} INFO - [2023-10-10T17:52:15.153+0000] {dagbag.py:541} INFO - Filling up the DagBag from /opt/airflow/dags/groups/group_mapping_layer.py
[2023-10-10T17:52:15.161+0000] {processor.py:838} WARNING - No viable dags retrieved from /opt/airflow/dags/groups/group_mapping_layer.py
[2023-10-10T17:52:15.185+0000] {processor.py:179} INFO - Processing /opt/airflow/dags/groups/group_mapping_layer.py took 0.046 seconds
[2023-10-10T17:52:45.487+0000] {processor.py:157} INFO - Started process (PID=2755) to work on /opt/airflow/dags/groups/group_mapping_layer.py
[2023-10-10T17:52:45.490+0000] {processor.py:826} INFO - Processing file /opt/airflow/dags/groups/group_mapping_layer.py for tasks to queue
[2023-10-10T17:52:45.492+0000] {logging_mixin.py:150} INFO - [2023-10-10T17:52:45.491+0000] {dagbag.py:541} INFO - Filling up the DagBag from /opt/airflow/dags/groups/group_mapping_layer.py
[2023-10-10T17:52:45.500+0000] {processor.py:838} WARNING - No viable dags retrieved from /opt/airflow/dags/groups/group_mapping_layer.py
[2023-10-10T17:52:45.524+0000] {processor.py:179} INFO - Processing /opt/airflow/dags/groups/group_mapping_layer.py took 0.045 seconds
[2023-10-10T17:53:16.115+0000] {processor.py:157} INFO - Started process (PID=2848) to work on /opt/airflow/dags/groups/group_mapping_layer.py
[2023-10-10T17:53:16.118+0000] {processor.py:826} INFO - Processing file /opt/airflow/dags/groups/group_mapping_layer.py for tasks to queue
[2023-10-10T17:53:16.121+0000] {logging_mixin.py:150} INFO - [2023-10-10T17:53:16.120+0000] {dagbag.py:541} INFO - Filling up the DagBag from /opt/airflow/dags/groups/group_mapping_layer.py
[2023-10-10T17:53:16.129+0000] {processor.py:838} WARNING - No viable dags retrieved from /opt/airflow/dags/groups/group_mapping_layer.py
[2023-10-10T17:53:16.154+0000] {processor.py:179} INFO - Processing /opt/airflow/dags/groups/group_mapping_layer.py took 0.046 seconds
[2023-10-10T17:53:46.201+0000] {processor.py:157} INFO - Started process (PID=2929) to work on /opt/airflow/dags/groups/group_mapping_layer.py
[2023-10-10T17:53:46.204+0000] {processor.py:826} INFO - Processing file /opt/airflow/dags/groups/group_mapping_layer.py for tasks to queue
[2023-10-10T17:53:46.205+0000] {logging_mixin.py:150} INFO - [2023-10-10T17:53:46.205+0000] {dagbag.py:541} INFO - Filling up the DagBag from /opt/airflow/dags/groups/group_mapping_layer.py
[2023-10-10T17:53:46.214+0000] {processor.py:838} WARNING - No viable dags retrieved from /opt/airflow/dags/groups/group_mapping_layer.py
[2023-10-10T17:53:46.239+0000] {processor.py:179} INFO - Processing /opt/airflow/dags/groups/group_mapping_layer.py took 0.043 seconds
[2023-10-10T17:54:16.359+0000] {processor.py:157} INFO - Started process (PID=3017) to work on /opt/airflow/dags/groups/group_mapping_layer.py
[2023-10-10T17:54:16.361+0000] {processor.py:826} INFO - Processing file /opt/airflow/dags/groups/group_mapping_layer.py for tasks to queue
[2023-10-10T17:54:16.363+0000] {logging_mixin.py:150} INFO - [2023-10-10T17:54:16.363+0000] {dagbag.py:541} INFO - Filling up the DagBag from /opt/airflow/dags/groups/group_mapping_layer.py
[2023-10-10T17:54:16.369+0000] {processor.py:838} WARNING - No viable dags retrieved from /opt/airflow/dags/groups/group_mapping_layer.py
[2023-10-10T17:54:16.388+0000] {processor.py:179} INFO - Processing /opt/airflow/dags/groups/group_mapping_layer.py took 0.034 seconds
[2023-10-10T17:54:47.114+0000] {processor.py:157} INFO - Started process (PID=3113) to work on /opt/airflow/dags/groups/group_mapping_layer.py
[2023-10-10T17:54:47.118+0000] {processor.py:826} INFO - Processing file /opt/airflow/dags/groups/group_mapping_layer.py for tasks to queue
[2023-10-10T17:54:47.119+0000] {logging_mixin.py:150} INFO - [2023-10-10T17:54:47.119+0000] {dagbag.py:541} INFO - Filling up the DagBag from /opt/airflow/dags/groups/group_mapping_layer.py
[2023-10-10T17:54:47.128+0000] {processor.py:838} WARNING - No viable dags retrieved from /opt/airflow/dags/groups/group_mapping_layer.py
[2023-10-10T17:54:47.168+0000] {processor.py:179} INFO - Processing /opt/airflow/dags/groups/group_mapping_layer.py took 0.062 seconds
[2023-10-10T17:55:59.182+0000] {processor.py:157} INFO - Started process (PID=3201) to work on /opt/airflow/dags/groups/group_mapping_layer.py
[2023-10-10T17:55:59.187+0000] {processor.py:826} INFO - Processing file /opt/airflow/dags/groups/group_mapping_layer.py for tasks to queue
[2023-10-10T17:55:59.192+0000] {logging_mixin.py:150} INFO - [2023-10-10T17:55:59.191+0000] {dagbag.py:541} INFO - Filling up the DagBag from /opt/airflow/dags/groups/group_mapping_layer.py
[2023-10-10T17:55:59.257+0000] {processor.py:838} WARNING - No viable dags retrieved from /opt/airflow/dags/groups/group_mapping_layer.py
[2023-10-10T17:55:59.362+0000] {processor.py:179} INFO - Processing /opt/airflow/dags/groups/group_mapping_layer.py took 0.195 seconds
[2023-10-10T17:56:30.019+0000] {processor.py:157} INFO - Started process (PID=3284) to work on /opt/airflow/dags/groups/group_mapping_layer.py
[2023-10-10T17:56:30.022+0000] {processor.py:826} INFO - Processing file /opt/airflow/dags/groups/group_mapping_layer.py for tasks to queue
[2023-10-10T17:56:30.025+0000] {logging_mixin.py:150} INFO - [2023-10-10T17:56:30.024+0000] {dagbag.py:541} INFO - Filling up the DagBag from /opt/airflow/dags/groups/group_mapping_layer.py
[2023-10-10T17:56:30.037+0000] {processor.py:838} WARNING - No viable dags retrieved from /opt/airflow/dags/groups/group_mapping_layer.py
[2023-10-10T17:56:30.071+0000] {processor.py:179} INFO - Processing /opt/airflow/dags/groups/group_mapping_layer.py took 0.060 seconds
[2023-10-10T17:57:00.816+0000] {processor.py:157} INFO - Started process (PID=3363) to work on /opt/airflow/dags/groups/group_mapping_layer.py
[2023-10-10T17:57:00.856+0000] {processor.py:826} INFO - Processing file /opt/airflow/dags/groups/group_mapping_layer.py for tasks to queue
[2023-10-10T17:57:00.882+0000] {logging_mixin.py:150} INFO - [2023-10-10T17:57:00.881+0000] {dagbag.py:541} INFO - Filling up the DagBag from /opt/airflow/dags/groups/group_mapping_layer.py
[2023-10-10T17:57:00.919+0000] {processor.py:838} WARNING - No viable dags retrieved from /opt/airflow/dags/groups/group_mapping_layer.py
[2023-10-10T17:57:01.041+0000] {processor.py:179} INFO - Processing /opt/airflow/dags/groups/group_mapping_layer.py took 0.251 seconds
[2023-10-10T17:58:02.588+0000] {processor.py:157} INFO - Started process (PID=3454) to work on /opt/airflow/dags/groups/group_mapping_layer.py
[2023-10-10T17:58:02.609+0000] {processor.py:826} INFO - Processing file /opt/airflow/dags/groups/group_mapping_layer.py for tasks to queue
[2023-10-10T17:58:02.656+0000] {logging_mixin.py:150} INFO - [2023-10-10T17:58:02.650+0000] {dagbag.py:541} INFO - Filling up the DagBag from /opt/airflow/dags/groups/group_mapping_layer.py
[2023-10-10T17:58:02.782+0000] {processor.py:838} WARNING - No viable dags retrieved from /opt/airflow/dags/groups/group_mapping_layer.py
[2023-10-10T17:58:03.101+0000] {processor.py:179} INFO - Processing /opt/airflow/dags/groups/group_mapping_layer.py took 0.580 seconds
[2023-10-10T17:58:45.153+0000] {processor.py:157} INFO - Started process (PID=3544) to work on /opt/airflow/dags/groups/group_mapping_layer.py
[2023-10-10T17:58:45.163+0000] {processor.py:826} INFO - Processing file /opt/airflow/dags/groups/group_mapping_layer.py for tasks to queue
[2023-10-10T17:58:45.170+0000] {logging_mixin.py:150} INFO - [2023-10-10T17:58:45.169+0000] {dagbag.py:541} INFO - Filling up the DagBag from /opt/airflow/dags/groups/group_mapping_layer.py
[2023-10-10T17:58:45.198+0000] {processor.py:838} WARNING - No viable dags retrieved from /opt/airflow/dags/groups/group_mapping_layer.py
[2023-10-10T17:58:45.285+0000] {processor.py:179} INFO - Processing /opt/airflow/dags/groups/group_mapping_layer.py took 0.154 seconds
[2023-10-10T17:59:25.939+0000] {processor.py:157} INFO - Started process (PID=3637) to work on /opt/airflow/dags/groups/group_mapping_layer.py
[2023-10-10T17:59:25.965+0000] {processor.py:826} INFO - Processing file /opt/airflow/dags/groups/group_mapping_layer.py for tasks to queue
[2023-10-10T17:59:26.002+0000] {logging_mixin.py:150} INFO - [2023-10-10T17:59:25.990+0000] {dagbag.py:541} INFO - Filling up the DagBag from /opt/airflow/dags/groups/group_mapping_layer.py
[2023-10-10T17:59:26.060+0000] {processor.py:838} WARNING - No viable dags retrieved from /opt/airflow/dags/groups/group_mapping_layer.py
[2023-10-10T17:59:26.306+0000] {processor.py:179} INFO - Processing /opt/airflow/dags/groups/group_mapping_layer.py took 0.479 seconds
[2023-10-10T17:59:56.945+0000] {processor.py:157} INFO - Started process (PID=3711) to work on /opt/airflow/dags/groups/group_mapping_layer.py
[2023-10-10T17:59:56.950+0000] {processor.py:826} INFO - Processing file /opt/airflow/dags/groups/group_mapping_layer.py for tasks to queue
[2023-10-10T17:59:56.954+0000] {logging_mixin.py:150} INFO - [2023-10-10T17:59:56.954+0000] {dagbag.py:541} INFO - Filling up the DagBag from /opt/airflow/dags/groups/group_mapping_layer.py
[2023-10-10T17:59:56.973+0000] {processor.py:838} WARNING - No viable dags retrieved from /opt/airflow/dags/groups/group_mapping_layer.py
[2023-10-10T17:59:57.033+0000] {processor.py:179} INFO - Processing /opt/airflow/dags/groups/group_mapping_layer.py took 0.102 seconds
[2023-10-10T18:00:27.107+0000] {processor.py:157} INFO - Started process (PID=3790) to work on /opt/airflow/dags/groups/group_mapping_layer.py
[2023-10-10T18:00:27.110+0000] {processor.py:826} INFO - Processing file /opt/airflow/dags/groups/group_mapping_layer.py for tasks to queue
[2023-10-10T18:00:27.113+0000] {logging_mixin.py:150} INFO - [2023-10-10T18:00:27.113+0000] {dagbag.py:541} INFO - Filling up the DagBag from /opt/airflow/dags/groups/group_mapping_layer.py
[2023-10-10T18:00:27.130+0000] {processor.py:838} WARNING - No viable dags retrieved from /opt/airflow/dags/groups/group_mapping_layer.py
[2023-10-10T18:00:27.162+0000] {processor.py:179} INFO - Processing /opt/airflow/dags/groups/group_mapping_layer.py took 0.062 seconds
[2023-10-10T18:00:57.320+0000] {processor.py:157} INFO - Started process (PID=3871) to work on /opt/airflow/dags/groups/group_mapping_layer.py
[2023-10-10T18:00:57.322+0000] {processor.py:826} INFO - Processing file /opt/airflow/dags/groups/group_mapping_layer.py for tasks to queue
[2023-10-10T18:00:57.325+0000] {logging_mixin.py:150} INFO - [2023-10-10T18:00:57.324+0000] {dagbag.py:541} INFO - Filling up the DagBag from /opt/airflow/dags/groups/group_mapping_layer.py
[2023-10-10T18:00:57.333+0000] {processor.py:838} WARNING - No viable dags retrieved from /opt/airflow/dags/groups/group_mapping_layer.py
[2023-10-10T18:00:57.357+0000] {processor.py:179} INFO - Processing /opt/airflow/dags/groups/group_mapping_layer.py took 0.042 seconds
[2023-10-10T18:01:27.882+0000] {processor.py:157} INFO - Started process (PID=3961) to work on /opt/airflow/dags/groups/group_mapping_layer.py
[2023-10-10T18:01:27.886+0000] {processor.py:826} INFO - Processing file /opt/airflow/dags/groups/group_mapping_layer.py for tasks to queue
[2023-10-10T18:01:27.888+0000] {logging_mixin.py:150} INFO - [2023-10-10T18:01:27.888+0000] {dagbag.py:541} INFO - Filling up the DagBag from /opt/airflow/dags/groups/group_mapping_layer.py
[2023-10-10T18:01:27.897+0000] {processor.py:838} WARNING - No viable dags retrieved from /opt/airflow/dags/groups/group_mapping_layer.py
[2023-10-10T18:01:27.928+0000] {processor.py:179} INFO - Processing /opt/airflow/dags/groups/group_mapping_layer.py took 0.062 seconds
[2023-10-10T18:01:58.193+0000] {processor.py:157} INFO - Started process (PID=4042) to work on /opt/airflow/dags/groups/group_mapping_layer.py
[2023-10-10T18:01:58.196+0000] {processor.py:826} INFO - Processing file /opt/airflow/dags/groups/group_mapping_layer.py for tasks to queue
[2023-10-10T18:01:58.200+0000] {logging_mixin.py:150} INFO - [2023-10-10T18:01:58.199+0000] {dagbag.py:541} INFO - Filling up the DagBag from /opt/airflow/dags/groups/group_mapping_layer.py
[2023-10-10T18:01:58.218+0000] {processor.py:838} WARNING - No viable dags retrieved from /opt/airflow/dags/groups/group_mapping_layer.py
[2023-10-10T18:01:58.259+0000] {processor.py:179} INFO - Processing /opt/airflow/dags/groups/group_mapping_layer.py took 0.081 seconds
[2023-10-10T18:02:28.647+0000] {processor.py:157} INFO - Started process (PID=4123) to work on /opt/airflow/dags/groups/group_mapping_layer.py
[2023-10-10T18:02:28.652+0000] {processor.py:826} INFO - Processing file /opt/airflow/dags/groups/group_mapping_layer.py for tasks to queue
[2023-10-10T18:02:28.655+0000] {logging_mixin.py:150} INFO - [2023-10-10T18:02:28.654+0000] {dagbag.py:541} INFO - Filling up the DagBag from /opt/airflow/dags/groups/group_mapping_layer.py
[2023-10-10T18:02:28.668+0000] {processor.py:838} WARNING - No viable dags retrieved from /opt/airflow/dags/groups/group_mapping_layer.py
[2023-10-10T18:02:28.710+0000] {processor.py:179} INFO - Processing /opt/airflow/dags/groups/group_mapping_layer.py took 0.077 seconds
[2023-10-10T18:02:59.220+0000] {processor.py:157} INFO - Started process (PID=4204) to work on /opt/airflow/dags/groups/group_mapping_layer.py
[2023-10-10T18:02:59.222+0000] {processor.py:826} INFO - Processing file /opt/airflow/dags/groups/group_mapping_layer.py for tasks to queue
[2023-10-10T18:02:59.224+0000] {logging_mixin.py:150} INFO - [2023-10-10T18:02:59.224+0000] {dagbag.py:541} INFO - Filling up the DagBag from /opt/airflow/dags/groups/group_mapping_layer.py
[2023-10-10T18:02:59.232+0000] {processor.py:838} WARNING - No viable dags retrieved from /opt/airflow/dags/groups/group_mapping_layer.py
[2023-10-10T18:02:59.259+0000] {processor.py:179} INFO - Processing /opt/airflow/dags/groups/group_mapping_layer.py took 0.046 seconds
[2023-10-10T18:03:29.988+0000] {processor.py:157} INFO - Started process (PID=4294) to work on /opt/airflow/dags/groups/group_mapping_layer.py
[2023-10-10T18:03:29.990+0000] {processor.py:826} INFO - Processing file /opt/airflow/dags/groups/group_mapping_layer.py for tasks to queue
[2023-10-10T18:03:29.993+0000] {logging_mixin.py:150} INFO - [2023-10-10T18:03:29.992+0000] {dagbag.py:541} INFO - Filling up the DagBag from /opt/airflow/dags/groups/group_mapping_layer.py
[2023-10-10T18:03:30.002+0000] {processor.py:838} WARNING - No viable dags retrieved from /opt/airflow/dags/groups/group_mapping_layer.py
[2023-10-10T18:03:30.040+0000] {processor.py:179} INFO - Processing /opt/airflow/dags/groups/group_mapping_layer.py took 0.061 seconds
[2023-10-10T18:04:00.888+0000] {processor.py:157} INFO - Started process (PID=4374) to work on /opt/airflow/dags/groups/group_mapping_layer.py
[2023-10-10T18:04:00.890+0000] {processor.py:826} INFO - Processing file /opt/airflow/dags/groups/group_mapping_layer.py for tasks to queue
[2023-10-10T18:04:00.892+0000] {logging_mixin.py:150} INFO - [2023-10-10T18:04:00.892+0000] {dagbag.py:541} INFO - Filling up the DagBag from /opt/airflow/dags/groups/group_mapping_layer.py
[2023-10-10T18:04:00.901+0000] {processor.py:838} WARNING - No viable dags retrieved from /opt/airflow/dags/groups/group_mapping_layer.py
[2023-10-10T18:04:00.929+0000] {processor.py:179} INFO - Processing /opt/airflow/dags/groups/group_mapping_layer.py took 0.048 seconds
[2023-10-10T18:04:31.029+0000] {processor.py:157} INFO - Started process (PID=4455) to work on /opt/airflow/dags/groups/group_mapping_layer.py
[2023-10-10T18:04:31.033+0000] {processor.py:826} INFO - Processing file /opt/airflow/dags/groups/group_mapping_layer.py for tasks to queue
[2023-10-10T18:04:31.037+0000] {logging_mixin.py:150} INFO - [2023-10-10T18:04:31.037+0000] {dagbag.py:541} INFO - Filling up the DagBag from /opt/airflow/dags/groups/group_mapping_layer.py
[2023-10-10T18:04:31.053+0000] {processor.py:838} WARNING - No viable dags retrieved from /opt/airflow/dags/groups/group_mapping_layer.py
[2023-10-10T18:04:31.101+0000] {processor.py:179} INFO - Processing /opt/airflow/dags/groups/group_mapping_layer.py took 0.085 seconds
[2023-10-10T18:05:03.281+0000] {processor.py:157} INFO - Started process (PID=4534) to work on /opt/airflow/dags/groups/group_mapping_layer.py
[2023-10-10T18:05:03.287+0000] {processor.py:826} INFO - Processing file /opt/airflow/dags/groups/group_mapping_layer.py for tasks to queue
[2023-10-10T18:05:03.294+0000] {logging_mixin.py:150} INFO - [2023-10-10T18:05:03.293+0000] {dagbag.py:541} INFO - Filling up the DagBag from /opt/airflow/dags/groups/group_mapping_layer.py
[2023-10-10T18:05:03.316+0000] {processor.py:838} WARNING - No viable dags retrieved from /opt/airflow/dags/groups/group_mapping_layer.py
[2023-10-10T18:05:03.401+0000] {processor.py:179} INFO - Processing /opt/airflow/dags/groups/group_mapping_layer.py took 0.140 seconds
[2023-10-10T18:05:35.503+0000] {processor.py:157} INFO - Started process (PID=4612) to work on /opt/airflow/dags/groups/group_mapping_layer.py
[2023-10-10T18:05:35.520+0000] {processor.py:826} INFO - Processing file /opt/airflow/dags/groups/group_mapping_layer.py for tasks to queue
[2023-10-10T18:05:35.544+0000] {logging_mixin.py:150} INFO - [2023-10-10T18:05:35.537+0000] {dagbag.py:541} INFO - Filling up the DagBag from /opt/airflow/dags/groups/group_mapping_layer.py
[2023-10-10T18:05:35.662+0000] {processor.py:838} WARNING - No viable dags retrieved from /opt/airflow/dags/groups/group_mapping_layer.py
[2023-10-10T18:05:36.059+0000] {processor.py:179} INFO - Processing /opt/airflow/dags/groups/group_mapping_layer.py took 0.604 seconds
[2023-10-10T18:06:06.574+0000] {processor.py:157} INFO - Started process (PID=4677) to work on /opt/airflow/dags/groups/group_mapping_layer.py
[2023-10-10T18:06:06.579+0000] {processor.py:826} INFO - Processing file /opt/airflow/dags/groups/group_mapping_layer.py for tasks to queue
[2023-10-10T18:06:06.584+0000] {logging_mixin.py:150} INFO - [2023-10-10T18:06:06.583+0000] {dagbag.py:541} INFO - Filling up the DagBag from /opt/airflow/dags/groups/group_mapping_layer.py
[2023-10-10T18:06:06.600+0000] {processor.py:838} WARNING - No viable dags retrieved from /opt/airflow/dags/groups/group_mapping_layer.py
[2023-10-10T18:06:06.655+0000] {processor.py:179} INFO - Processing /opt/airflow/dags/groups/group_mapping_layer.py took 0.094 seconds
[2023-10-10T18:06:36.984+0000] {processor.py:157} INFO - Started process (PID=4758) to work on /opt/airflow/dags/groups/group_mapping_layer.py
[2023-10-10T18:06:36.990+0000] {processor.py:826} INFO - Processing file /opt/airflow/dags/groups/group_mapping_layer.py for tasks to queue
[2023-10-10T18:06:36.997+0000] {logging_mixin.py:150} INFO - [2023-10-10T18:06:36.995+0000] {dagbag.py:541} INFO - Filling up the DagBag from /opt/airflow/dags/groups/group_mapping_layer.py
[2023-10-10T18:06:37.020+0000] {processor.py:838} WARNING - No viable dags retrieved from /opt/airflow/dags/groups/group_mapping_layer.py
[2023-10-10T18:06:37.091+0000] {processor.py:179} INFO - Processing /opt/airflow/dags/groups/group_mapping_layer.py took 0.122 seconds
