[2023-10-10T17:36:32.087+0000] {processor.py:157} INFO - Started process (PID=30) to work on /opt/airflow/dags/groups/group_staging_layer.py
[2023-10-10T17:36:32.089+0000] {processor.py:826} INFO - Processing file /opt/airflow/dags/groups/group_staging_layer.py for tasks to queue
[2023-10-10T17:36:32.091+0000] {logging_mixin.py:150} INFO - [2023-10-10T17:36:32.090+0000] {dagbag.py:541} INFO - Filling up the DagBag from /opt/airflow/dags/groups/group_staging_layer.py
[2023-10-10T17:36:32.098+0000] {processor.py:838} WARNING - No viable dags retrieved from /opt/airflow/dags/groups/group_staging_layer.py
[2023-10-10T17:36:32.122+0000] {processor.py:179} INFO - Processing /opt/airflow/dags/groups/group_staging_layer.py took 0.039 seconds
[2023-10-10T17:37:02.317+0000] {processor.py:157} INFO - Started process (PID=132) to work on /opt/airflow/dags/groups/group_staging_layer.py
[2023-10-10T17:37:02.319+0000] {processor.py:826} INFO - Processing file /opt/airflow/dags/groups/group_staging_layer.py for tasks to queue
[2023-10-10T17:37:02.321+0000] {logging_mixin.py:150} INFO - [2023-10-10T17:37:02.320+0000] {dagbag.py:541} INFO - Filling up the DagBag from /opt/airflow/dags/groups/group_staging_layer.py
[2023-10-10T17:37:02.329+0000] {processor.py:838} WARNING - No viable dags retrieved from /opt/airflow/dags/groups/group_staging_layer.py
[2023-10-10T17:37:02.349+0000] {processor.py:179} INFO - Processing /opt/airflow/dags/groups/group_staging_layer.py took 0.039 seconds
[2023-10-10T17:37:32.495+0000] {processor.py:157} INFO - Started process (PID=212) to work on /opt/airflow/dags/groups/group_staging_layer.py
[2023-10-10T17:37:32.497+0000] {processor.py:826} INFO - Processing file /opt/airflow/dags/groups/group_staging_layer.py for tasks to queue
[2023-10-10T17:37:32.499+0000] {logging_mixin.py:150} INFO - [2023-10-10T17:37:32.499+0000] {dagbag.py:541} INFO - Filling up the DagBag from /opt/airflow/dags/groups/group_staging_layer.py
[2023-10-10T17:37:32.505+0000] {processor.py:838} WARNING - No viable dags retrieved from /opt/airflow/dags/groups/group_staging_layer.py
[2023-10-10T17:37:32.526+0000] {processor.py:179} INFO - Processing /opt/airflow/dags/groups/group_staging_layer.py took 0.037 seconds
[2023-10-10T17:38:02.977+0000] {processor.py:157} INFO - Started process (PID=292) to work on /opt/airflow/dags/groups/group_staging_layer.py
[2023-10-10T17:38:02.979+0000] {processor.py:826} INFO - Processing file /opt/airflow/dags/groups/group_staging_layer.py for tasks to queue
[2023-10-10T17:38:02.980+0000] {logging_mixin.py:150} INFO - [2023-10-10T17:38:02.980+0000] {dagbag.py:541} INFO - Filling up the DagBag from /opt/airflow/dags/groups/group_staging_layer.py
[2023-10-10T17:38:02.986+0000] {processor.py:838} WARNING - No viable dags retrieved from /opt/airflow/dags/groups/group_staging_layer.py
[2023-10-10T17:38:03.004+0000] {processor.py:179} INFO - Processing /opt/airflow/dags/groups/group_staging_layer.py took 0.032 seconds
[2023-10-10T17:38:33.737+0000] {processor.py:157} INFO - Started process (PID=396) to work on /opt/airflow/dags/groups/group_staging_layer.py
[2023-10-10T17:38:33.741+0000] {processor.py:826} INFO - Processing file /opt/airflow/dags/groups/group_staging_layer.py for tasks to queue
[2023-10-10T17:38:33.745+0000] {logging_mixin.py:150} INFO - [2023-10-10T17:38:33.744+0000] {dagbag.py:541} INFO - Filling up the DagBag from /opt/airflow/dags/groups/group_staging_layer.py
[2023-10-10T17:38:33.756+0000] {processor.py:838} WARNING - No viable dags retrieved from /opt/airflow/dags/groups/group_staging_layer.py
[2023-10-10T17:38:33.804+0000] {processor.py:179} INFO - Processing /opt/airflow/dags/groups/group_staging_layer.py took 0.073 seconds
[2023-10-10T17:39:04.215+0000] {processor.py:157} INFO - Started process (PID=476) to work on /opt/airflow/dags/groups/group_staging_layer.py
[2023-10-10T17:39:04.217+0000] {processor.py:826} INFO - Processing file /opt/airflow/dags/groups/group_staging_layer.py for tasks to queue
[2023-10-10T17:39:04.218+0000] {logging_mixin.py:150} INFO - [2023-10-10T17:39:04.218+0000] {dagbag.py:541} INFO - Filling up the DagBag from /opt/airflow/dags/groups/group_staging_layer.py
[2023-10-10T17:39:04.226+0000] {processor.py:838} WARNING - No viable dags retrieved from /opt/airflow/dags/groups/group_staging_layer.py
[2023-10-10T17:39:04.248+0000] {processor.py:179} INFO - Processing /opt/airflow/dags/groups/group_staging_layer.py took 0.039 seconds
[2023-10-10T17:39:34.784+0000] {processor.py:157} INFO - Started process (PID=565) to work on /opt/airflow/dags/groups/group_staging_layer.py
[2023-10-10T17:39:34.786+0000] {processor.py:826} INFO - Processing file /opt/airflow/dags/groups/group_staging_layer.py for tasks to queue
[2023-10-10T17:39:34.787+0000] {logging_mixin.py:150} INFO - [2023-10-10T17:39:34.787+0000] {dagbag.py:541} INFO - Filling up the DagBag from /opt/airflow/dags/groups/group_staging_layer.py
[2023-10-10T17:39:34.793+0000] {processor.py:838} WARNING - No viable dags retrieved from /opt/airflow/dags/groups/group_staging_layer.py
[2023-10-10T17:39:34.814+0000] {processor.py:179} INFO - Processing /opt/airflow/dags/groups/group_staging_layer.py took 0.036 seconds
[2023-10-10T17:40:05.323+0000] {processor.py:157} INFO - Started process (PID=645) to work on /opt/airflow/dags/groups/group_staging_layer.py
[2023-10-10T17:40:05.326+0000] {processor.py:826} INFO - Processing file /opt/airflow/dags/groups/group_staging_layer.py for tasks to queue
[2023-10-10T17:40:05.328+0000] {logging_mixin.py:150} INFO - [2023-10-10T17:40:05.327+0000] {dagbag.py:541} INFO - Filling up the DagBag from /opt/airflow/dags/groups/group_staging_layer.py
[2023-10-10T17:40:05.333+0000] {processor.py:838} WARNING - No viable dags retrieved from /opt/airflow/dags/groups/group_staging_layer.py
[2023-10-10T17:40:05.353+0000] {processor.py:179} INFO - Processing /opt/airflow/dags/groups/group_staging_layer.py took 0.035 seconds
[2023-10-10T17:40:35.839+0000] {processor.py:157} INFO - Started process (PID=734) to work on /opt/airflow/dags/groups/group_staging_layer.py
[2023-10-10T17:40:35.841+0000] {processor.py:826} INFO - Processing file /opt/airflow/dags/groups/group_staging_layer.py for tasks to queue
[2023-10-10T17:40:35.842+0000] {logging_mixin.py:150} INFO - [2023-10-10T17:40:35.842+0000] {dagbag.py:541} INFO - Filling up the DagBag from /opt/airflow/dags/groups/group_staging_layer.py
[2023-10-10T17:40:35.847+0000] {processor.py:838} WARNING - No viable dags retrieved from /opt/airflow/dags/groups/group_staging_layer.py
[2023-10-10T17:40:35.866+0000] {processor.py:179} INFO - Processing /opt/airflow/dags/groups/group_staging_layer.py took 0.032 seconds
[2023-10-10T17:41:06.060+0000] {processor.py:157} INFO - Started process (PID=814) to work on /opt/airflow/dags/groups/group_staging_layer.py
[2023-10-10T17:41:06.063+0000] {processor.py:826} INFO - Processing file /opt/airflow/dags/groups/group_staging_layer.py for tasks to queue
[2023-10-10T17:41:06.065+0000] {logging_mixin.py:150} INFO - [2023-10-10T17:41:06.065+0000] {dagbag.py:541} INFO - Filling up the DagBag from /opt/airflow/dags/groups/group_staging_layer.py
[2023-10-10T17:41:06.073+0000] {processor.py:838} WARNING - No viable dags retrieved from /opt/airflow/dags/groups/group_staging_layer.py
[2023-10-10T17:41:06.102+0000] {processor.py:179} INFO - Processing /opt/airflow/dags/groups/group_staging_layer.py took 0.047 seconds
[2023-10-10T17:41:36.411+0000] {processor.py:157} INFO - Started process (PID=904) to work on /opt/airflow/dags/groups/group_staging_layer.py
[2023-10-10T17:41:36.414+0000] {processor.py:826} INFO - Processing file /opt/airflow/dags/groups/group_staging_layer.py for tasks to queue
[2023-10-10T17:41:36.416+0000] {logging_mixin.py:150} INFO - [2023-10-10T17:41:36.415+0000] {dagbag.py:541} INFO - Filling up the DagBag from /opt/airflow/dags/groups/group_staging_layer.py
[2023-10-10T17:41:36.421+0000] {processor.py:838} WARNING - No viable dags retrieved from /opt/airflow/dags/groups/group_staging_layer.py
[2023-10-10T17:41:36.439+0000] {processor.py:179} INFO - Processing /opt/airflow/dags/groups/group_staging_layer.py took 0.033 seconds
[2023-10-10T17:42:06.737+0000] {processor.py:157} INFO - Started process (PID=984) to work on /opt/airflow/dags/groups/group_staging_layer.py
[2023-10-10T17:42:06.740+0000] {processor.py:826} INFO - Processing file /opt/airflow/dags/groups/group_staging_layer.py for tasks to queue
[2023-10-10T17:42:06.742+0000] {logging_mixin.py:150} INFO - [2023-10-10T17:42:06.741+0000] {dagbag.py:541} INFO - Filling up the DagBag from /opt/airflow/dags/groups/group_staging_layer.py
[2023-10-10T17:42:06.748+0000] {processor.py:838} WARNING - No viable dags retrieved from /opt/airflow/dags/groups/group_staging_layer.py
[2023-10-10T17:42:06.772+0000] {processor.py:179} INFO - Processing /opt/airflow/dags/groups/group_staging_layer.py took 0.040 seconds
[2023-10-10T17:42:37.160+0000] {processor.py:157} INFO - Started process (PID=1074) to work on /opt/airflow/dags/groups/group_staging_layer.py
[2023-10-10T17:42:37.182+0000] {processor.py:826} INFO - Processing file /opt/airflow/dags/groups/group_staging_layer.py for tasks to queue
[2023-10-10T17:42:37.185+0000] {logging_mixin.py:150} INFO - [2023-10-10T17:42:37.184+0000] {dagbag.py:541} INFO - Filling up the DagBag from /opt/airflow/dags/groups/group_staging_layer.py
[2023-10-10T17:42:37.193+0000] {processor.py:838} WARNING - No viable dags retrieved from /opt/airflow/dags/groups/group_staging_layer.py
[2023-10-10T17:42:37.229+0000] {processor.py:179} INFO - Processing /opt/airflow/dags/groups/group_staging_layer.py took 0.076 seconds
[2023-10-10T17:43:07.364+0000] {processor.py:157} INFO - Started process (PID=1154) to work on /opt/airflow/dags/groups/group_staging_layer.py
[2023-10-10T17:43:07.367+0000] {processor.py:826} INFO - Processing file /opt/airflow/dags/groups/group_staging_layer.py for tasks to queue
[2023-10-10T17:43:07.369+0000] {logging_mixin.py:150} INFO - [2023-10-10T17:43:07.368+0000] {dagbag.py:541} INFO - Filling up the DagBag from /opt/airflow/dags/groups/group_staging_layer.py
[2023-10-10T17:43:07.376+0000] {processor.py:838} WARNING - No viable dags retrieved from /opt/airflow/dags/groups/group_staging_layer.py
[2023-10-10T17:43:07.401+0000] {processor.py:179} INFO - Processing /opt/airflow/dags/groups/group_staging_layer.py took 0.042 seconds
[2023-10-10T17:43:37.697+0000] {processor.py:157} INFO - Started process (PID=1234) to work on /opt/airflow/dags/groups/group_staging_layer.py
[2023-10-10T17:43:37.700+0000] {processor.py:826} INFO - Processing file /opt/airflow/dags/groups/group_staging_layer.py for tasks to queue
[2023-10-10T17:43:37.702+0000] {logging_mixin.py:150} INFO - [2023-10-10T17:43:37.701+0000] {dagbag.py:541} INFO - Filling up the DagBag from /opt/airflow/dags/groups/group_staging_layer.py
[2023-10-10T17:43:37.708+0000] {processor.py:838} WARNING - No viable dags retrieved from /opt/airflow/dags/groups/group_staging_layer.py
[2023-10-10T17:43:37.730+0000] {processor.py:179} INFO - Processing /opt/airflow/dags/groups/group_staging_layer.py took 0.038 seconds
[2023-10-10T17:44:08.102+0000] {processor.py:157} INFO - Started process (PID=1323) to work on /opt/airflow/dags/groups/group_staging_layer.py
[2023-10-10T17:44:08.105+0000] {processor.py:826} INFO - Processing file /opt/airflow/dags/groups/group_staging_layer.py for tasks to queue
[2023-10-10T17:44:08.107+0000] {logging_mixin.py:150} INFO - [2023-10-10T17:44:08.107+0000] {dagbag.py:541} INFO - Filling up the DagBag from /opt/airflow/dags/groups/group_staging_layer.py
[2023-10-10T17:44:08.115+0000] {processor.py:838} WARNING - No viable dags retrieved from /opt/airflow/dags/groups/group_staging_layer.py
[2023-10-10T17:44:08.139+0000] {processor.py:179} INFO - Processing /opt/airflow/dags/groups/group_staging_layer.py took 0.043 seconds
[2023-10-10T17:44:38.494+0000] {processor.py:157} INFO - Started process (PID=1403) to work on /opt/airflow/dags/groups/group_staging_layer.py
[2023-10-10T17:44:38.497+0000] {processor.py:826} INFO - Processing file /opt/airflow/dags/groups/group_staging_layer.py for tasks to queue
[2023-10-10T17:44:38.499+0000] {logging_mixin.py:150} INFO - [2023-10-10T17:44:38.498+0000] {dagbag.py:541} INFO - Filling up the DagBag from /opt/airflow/dags/groups/group_staging_layer.py
[2023-10-10T17:44:38.507+0000] {processor.py:838} WARNING - No viable dags retrieved from /opt/airflow/dags/groups/group_staging_layer.py
[2023-10-10T17:44:38.539+0000] {processor.py:179} INFO - Processing /opt/airflow/dags/groups/group_staging_layer.py took 0.051 seconds
[2023-10-10T17:45:09.004+0000] {processor.py:157} INFO - Started process (PID=1492) to work on /opt/airflow/dags/groups/group_staging_layer.py
[2023-10-10T17:45:09.006+0000] {processor.py:826} INFO - Processing file /opt/airflow/dags/groups/group_staging_layer.py for tasks to queue
[2023-10-10T17:45:09.008+0000] {logging_mixin.py:150} INFO - [2023-10-10T17:45:09.008+0000] {dagbag.py:541} INFO - Filling up the DagBag from /opt/airflow/dags/groups/group_staging_layer.py
[2023-10-10T17:45:09.014+0000] {processor.py:838} WARNING - No viable dags retrieved from /opt/airflow/dags/groups/group_staging_layer.py
[2023-10-10T17:45:09.044+0000] {processor.py:179} INFO - Processing /opt/airflow/dags/groups/group_staging_layer.py took 0.052 seconds
[2023-10-10T17:45:39.196+0000] {processor.py:157} INFO - Started process (PID=1572) to work on /opt/airflow/dags/groups/group_staging_layer.py
[2023-10-10T17:45:39.199+0000] {processor.py:826} INFO - Processing file /opt/airflow/dags/groups/group_staging_layer.py for tasks to queue
[2023-10-10T17:45:39.201+0000] {logging_mixin.py:150} INFO - [2023-10-10T17:45:39.200+0000] {dagbag.py:541} INFO - Filling up the DagBag from /opt/airflow/dags/groups/group_staging_layer.py
[2023-10-10T17:45:39.207+0000] {processor.py:838} WARNING - No viable dags retrieved from /opt/airflow/dags/groups/group_staging_layer.py
[2023-10-10T17:45:39.231+0000] {processor.py:179} INFO - Processing /opt/airflow/dags/groups/group_staging_layer.py took 0.041 seconds
[2023-10-10T17:46:09.466+0000] {processor.py:157} INFO - Started process (PID=1661) to work on /opt/airflow/dags/groups/group_staging_layer.py
[2023-10-10T17:46:09.468+0000] {processor.py:826} INFO - Processing file /opt/airflow/dags/groups/group_staging_layer.py for tasks to queue
[2023-10-10T17:46:09.471+0000] {logging_mixin.py:150} INFO - [2023-10-10T17:46:09.470+0000] {dagbag.py:541} INFO - Filling up the DagBag from /opt/airflow/dags/groups/group_staging_layer.py
[2023-10-10T17:46:09.477+0000] {processor.py:838} WARNING - No viable dags retrieved from /opt/airflow/dags/groups/group_staging_layer.py
[2023-10-10T17:46:09.498+0000] {processor.py:179} INFO - Processing /opt/airflow/dags/groups/group_staging_layer.py took 0.037 seconds
[2023-10-10T17:46:39.874+0000] {processor.py:157} INFO - Started process (PID=1741) to work on /opt/airflow/dags/groups/group_staging_layer.py
[2023-10-10T17:46:39.878+0000] {processor.py:826} INFO - Processing file /opt/airflow/dags/groups/group_staging_layer.py for tasks to queue
[2023-10-10T17:46:39.881+0000] {logging_mixin.py:150} INFO - [2023-10-10T17:46:39.880+0000] {dagbag.py:541} INFO - Filling up the DagBag from /opt/airflow/dags/groups/group_staging_layer.py
[2023-10-10T17:46:39.892+0000] {processor.py:838} WARNING - No viable dags retrieved from /opt/airflow/dags/groups/group_staging_layer.py
[2023-10-10T17:46:39.936+0000] {processor.py:179} INFO - Processing /opt/airflow/dags/groups/group_staging_layer.py took 0.071 seconds
[2023-10-10T17:47:10.290+0000] {processor.py:157} INFO - Started process (PID=1830) to work on /opt/airflow/dags/groups/group_staging_layer.py
[2023-10-10T17:47:10.292+0000] {processor.py:826} INFO - Processing file /opt/airflow/dags/groups/group_staging_layer.py for tasks to queue
[2023-10-10T17:47:10.294+0000] {logging_mixin.py:150} INFO - [2023-10-10T17:47:10.294+0000] {dagbag.py:541} INFO - Filling up the DagBag from /opt/airflow/dags/groups/group_staging_layer.py
[2023-10-10T17:47:10.302+0000] {processor.py:838} WARNING - No viable dags retrieved from /opt/airflow/dags/groups/group_staging_layer.py
[2023-10-10T17:47:10.328+0000] {processor.py:179} INFO - Processing /opt/airflow/dags/groups/group_staging_layer.py took 0.044 seconds
[2023-10-10T17:47:40.637+0000] {processor.py:157} INFO - Started process (PID=1910) to work on /opt/airflow/dags/groups/group_staging_layer.py
[2023-10-10T17:47:40.659+0000] {processor.py:826} INFO - Processing file /opt/airflow/dags/groups/group_staging_layer.py for tasks to queue
[2023-10-10T17:47:40.663+0000] {logging_mixin.py:150} INFO - [2023-10-10T17:47:40.661+0000] {dagbag.py:541} INFO - Filling up the DagBag from /opt/airflow/dags/groups/group_staging_layer.py
[2023-10-10T17:47:40.672+0000] {processor.py:838} WARNING - No viable dags retrieved from /opt/airflow/dags/groups/group_staging_layer.py
[2023-10-10T17:47:40.711+0000] {processor.py:179} INFO - Processing /opt/airflow/dags/groups/group_staging_layer.py took 0.079 seconds
[2023-10-10T17:48:04.811+0000] {processor.py:157} INFO - Started process (PID=1976) to work on /opt/airflow/dags/groups/group_staging_layer.py
[2023-10-10T17:48:04.813+0000] {processor.py:826} INFO - Processing file /opt/airflow/dags/groups/group_staging_layer.py for tasks to queue
[2023-10-10T17:48:04.815+0000] {logging_mixin.py:150} INFO - [2023-10-10T17:48:04.815+0000] {dagbag.py:541} INFO - Filling up the DagBag from /opt/airflow/dags/groups/group_staging_layer.py
[2023-10-10T17:48:04.830+0000] {processor.py:838} WARNING - No viable dags retrieved from /opt/airflow/dags/groups/group_staging_layer.py
[2023-10-10T17:48:04.856+0000] {processor.py:179} INFO - Processing /opt/airflow/dags/groups/group_staging_layer.py took 0.051 seconds
[2023-10-10T17:48:36.108+0000] {processor.py:157} INFO - Started process (PID=2057) to work on /opt/airflow/dags/groups/group_staging_layer.py
[2023-10-10T17:48:36.110+0000] {processor.py:826} INFO - Processing file /opt/airflow/dags/groups/group_staging_layer.py for tasks to queue
[2023-10-10T17:48:36.112+0000] {logging_mixin.py:150} INFO - [2023-10-10T17:48:36.111+0000] {dagbag.py:541} INFO - Filling up the DagBag from /opt/airflow/dags/groups/group_staging_layer.py
[2023-10-10T17:48:36.118+0000] {processor.py:838} WARNING - No viable dags retrieved from /opt/airflow/dags/groups/group_staging_layer.py
[2023-10-10T17:48:36.136+0000] {processor.py:179} INFO - Processing /opt/airflow/dags/groups/group_staging_layer.py took 0.033 seconds
[2023-10-10T17:49:06.723+0000] {processor.py:157} INFO - Started process (PID=2149) to work on /opt/airflow/dags/groups/group_staging_layer.py
[2023-10-10T17:49:06.726+0000] {processor.py:826} INFO - Processing file /opt/airflow/dags/groups/group_staging_layer.py for tasks to queue
[2023-10-10T17:49:06.728+0000] {logging_mixin.py:150} INFO - [2023-10-10T17:49:06.727+0000] {dagbag.py:541} INFO - Filling up the DagBag from /opt/airflow/dags/groups/group_staging_layer.py
[2023-10-10T17:49:06.735+0000] {processor.py:838} WARNING - No viable dags retrieved from /opt/airflow/dags/groups/group_staging_layer.py
[2023-10-10T17:49:06.755+0000] {processor.py:179} INFO - Processing /opt/airflow/dags/groups/group_staging_layer.py took 0.038 seconds
[2023-10-10T17:49:37.284+0000] {processor.py:157} INFO - Started process (PID=2225) to work on /opt/airflow/dags/groups/group_staging_layer.py
[2023-10-10T17:49:37.286+0000] {processor.py:826} INFO - Processing file /opt/airflow/dags/groups/group_staging_layer.py for tasks to queue
[2023-10-10T17:49:37.288+0000] {logging_mixin.py:150} INFO - [2023-10-10T17:49:37.287+0000] {dagbag.py:541} INFO - Filling up the DagBag from /opt/airflow/dags/groups/group_staging_layer.py
[2023-10-10T17:49:37.295+0000] {processor.py:838} WARNING - No viable dags retrieved from /opt/airflow/dags/groups/group_staging_layer.py
[2023-10-10T17:49:37.317+0000] {processor.py:179} INFO - Processing /opt/airflow/dags/groups/group_staging_layer.py took 0.039 seconds
[2023-10-10T17:50:07.796+0000] {processor.py:157} INFO - Started process (PID=2313) to work on /opt/airflow/dags/groups/group_staging_layer.py
[2023-10-10T17:50:07.798+0000] {processor.py:826} INFO - Processing file /opt/airflow/dags/groups/group_staging_layer.py for tasks to queue
[2023-10-10T17:50:07.800+0000] {logging_mixin.py:150} INFO - [2023-10-10T17:50:07.799+0000] {dagbag.py:541} INFO - Filling up the DagBag from /opt/airflow/dags/groups/group_staging_layer.py
[2023-10-10T17:50:07.807+0000] {processor.py:838} WARNING - No viable dags retrieved from /opt/airflow/dags/groups/group_staging_layer.py
[2023-10-10T17:50:07.829+0000] {processor.py:179} INFO - Processing /opt/airflow/dags/groups/group_staging_layer.py took 0.040 seconds
[2023-10-10T17:50:38.065+0000] {processor.py:157} INFO - Started process (PID=2396) to work on /opt/airflow/dags/groups/group_staging_layer.py
[2023-10-10T17:50:38.068+0000] {processor.py:826} INFO - Processing file /opt/airflow/dags/groups/group_staging_layer.py for tasks to queue
[2023-10-10T17:50:38.069+0000] {logging_mixin.py:150} INFO - [2023-10-10T17:50:38.069+0000] {dagbag.py:541} INFO - Filling up the DagBag from /opt/airflow/dags/groups/group_staging_layer.py
[2023-10-10T17:50:38.075+0000] {processor.py:838} WARNING - No viable dags retrieved from /opt/airflow/dags/groups/group_staging_layer.py
[2023-10-10T17:50:38.094+0000] {processor.py:179} INFO - Processing /opt/airflow/dags/groups/group_staging_layer.py took 0.033 seconds
[2023-10-10T17:51:08.747+0000] {processor.py:157} INFO - Started process (PID=2485) to work on /opt/airflow/dags/groups/group_staging_layer.py
[2023-10-10T17:51:08.748+0000] {processor.py:826} INFO - Processing file /opt/airflow/dags/groups/group_staging_layer.py for tasks to queue
[2023-10-10T17:51:08.750+0000] {logging_mixin.py:150} INFO - [2023-10-10T17:51:08.750+0000] {dagbag.py:541} INFO - Filling up the DagBag from /opt/airflow/dags/groups/group_staging_layer.py
[2023-10-10T17:51:08.755+0000] {processor.py:838} WARNING - No viable dags retrieved from /opt/airflow/dags/groups/group_staging_layer.py
[2023-10-10T17:51:08.771+0000] {processor.py:179} INFO - Processing /opt/airflow/dags/groups/group_staging_layer.py took 0.027 seconds
[2023-10-10T17:51:38.891+0000] {processor.py:157} INFO - Started process (PID=2566) to work on /opt/airflow/dags/groups/group_staging_layer.py
[2023-10-10T17:51:38.894+0000] {processor.py:826} INFO - Processing file /opt/airflow/dags/groups/group_staging_layer.py for tasks to queue
[2023-10-10T17:51:38.900+0000] {logging_mixin.py:150} INFO - [2023-10-10T17:51:38.900+0000] {dagbag.py:541} INFO - Filling up the DagBag from /opt/airflow/dags/groups/group_staging_layer.py
[2023-10-10T17:51:38.914+0000] {processor.py:838} WARNING - No viable dags retrieved from /opt/airflow/dags/groups/group_staging_layer.py
[2023-10-10T17:51:38.947+0000] {processor.py:179} INFO - Processing /opt/airflow/dags/groups/group_staging_layer.py took 0.063 seconds
[2023-10-10T17:52:09.059+0000] {processor.py:157} INFO - Started process (PID=2659) to work on /opt/airflow/dags/groups/group_staging_layer.py
[2023-10-10T17:52:09.088+0000] {processor.py:826} INFO - Processing file /opt/airflow/dags/groups/group_staging_layer.py for tasks to queue
[2023-10-10T17:52:09.091+0000] {logging_mixin.py:150} INFO - [2023-10-10T17:52:09.090+0000] {dagbag.py:541} INFO - Filling up the DagBag from /opt/airflow/dags/groups/group_staging_layer.py
[2023-10-10T17:52:09.104+0000] {processor.py:838} WARNING - No viable dags retrieved from /opt/airflow/dags/groups/group_staging_layer.py
[2023-10-10T17:52:09.148+0000] {processor.py:179} INFO - Processing /opt/airflow/dags/groups/group_staging_layer.py took 0.100 seconds
[2023-10-10T17:52:39.234+0000] {processor.py:157} INFO - Started process (PID=2740) to work on /opt/airflow/dags/groups/group_staging_layer.py
[2023-10-10T17:52:39.237+0000] {processor.py:826} INFO - Processing file /opt/airflow/dags/groups/group_staging_layer.py for tasks to queue
[2023-10-10T17:52:39.239+0000] {logging_mixin.py:150} INFO - [2023-10-10T17:52:39.239+0000] {dagbag.py:541} INFO - Filling up the DagBag from /opt/airflow/dags/groups/group_staging_layer.py
[2023-10-10T17:52:39.247+0000] {processor.py:838} WARNING - No viable dags retrieved from /opt/airflow/dags/groups/group_staging_layer.py
[2023-10-10T17:52:39.271+0000] {processor.py:179} INFO - Processing /opt/airflow/dags/groups/group_staging_layer.py took 0.043 seconds
[2023-10-10T17:53:09.829+0000] {processor.py:157} INFO - Started process (PID=2824) to work on /opt/airflow/dags/groups/group_staging_layer.py
[2023-10-10T17:53:09.834+0000] {processor.py:826} INFO - Processing file /opt/airflow/dags/groups/group_staging_layer.py for tasks to queue
[2023-10-10T17:53:09.837+0000] {logging_mixin.py:150} INFO - [2023-10-10T17:53:09.836+0000] {dagbag.py:541} INFO - Filling up the DagBag from /opt/airflow/dags/groups/group_staging_layer.py
[2023-10-10T17:53:09.846+0000] {processor.py:838} WARNING - No viable dags retrieved from /opt/airflow/dags/groups/group_staging_layer.py
[2023-10-10T17:53:09.874+0000] {processor.py:179} INFO - Processing /opt/airflow/dags/groups/group_staging_layer.py took 0.057 seconds
[2023-10-10T17:53:40.341+0000] {processor.py:157} INFO - Started process (PID=2914) to work on /opt/airflow/dags/groups/group_staging_layer.py
[2023-10-10T17:53:40.344+0000] {processor.py:826} INFO - Processing file /opt/airflow/dags/groups/group_staging_layer.py for tasks to queue
[2023-10-10T17:53:40.346+0000] {logging_mixin.py:150} INFO - [2023-10-10T17:53:40.346+0000] {dagbag.py:541} INFO - Filling up the DagBag from /opt/airflow/dags/groups/group_staging_layer.py
[2023-10-10T17:53:40.357+0000] {processor.py:838} WARNING - No viable dags retrieved from /opt/airflow/dags/groups/group_staging_layer.py
[2023-10-10T17:53:40.386+0000] {processor.py:179} INFO - Processing /opt/airflow/dags/groups/group_staging_layer.py took 0.055 seconds
[2023-10-10T17:54:10.784+0000] {processor.py:157} INFO - Started process (PID=2995) to work on /opt/airflow/dags/groups/group_staging_layer.py
[2023-10-10T17:54:10.787+0000] {processor.py:826} INFO - Processing file /opt/airflow/dags/groups/group_staging_layer.py for tasks to queue
[2023-10-10T17:54:10.789+0000] {logging_mixin.py:150} INFO - [2023-10-10T17:54:10.788+0000] {dagbag.py:541} INFO - Filling up the DagBag from /opt/airflow/dags/groups/group_staging_layer.py
[2023-10-10T17:54:10.796+0000] {processor.py:838} WARNING - No viable dags retrieved from /opt/airflow/dags/groups/group_staging_layer.py
[2023-10-10T17:54:10.817+0000] {processor.py:179} INFO - Processing /opt/airflow/dags/groups/group_staging_layer.py took 0.038 seconds
[2023-10-10T17:54:41.006+0000] {processor.py:157} INFO - Started process (PID=3092) to work on /opt/airflow/dags/groups/group_staging_layer.py
[2023-10-10T17:54:41.009+0000] {processor.py:826} INFO - Processing file /opt/airflow/dags/groups/group_staging_layer.py for tasks to queue
[2023-10-10T17:54:41.011+0000] {logging_mixin.py:150} INFO - [2023-10-10T17:54:41.010+0000] {dagbag.py:541} INFO - Filling up the DagBag from /opt/airflow/dags/groups/group_staging_layer.py
[2023-10-10T17:54:41.018+0000] {processor.py:838} WARNING - No viable dags retrieved from /opt/airflow/dags/groups/group_staging_layer.py
[2023-10-10T17:54:41.043+0000] {processor.py:179} INFO - Processing /opt/airflow/dags/groups/group_staging_layer.py took 0.043 seconds
[2023-10-10T17:55:11.276+0000] {processor.py:157} INFO - Started process (PID=3187) to work on /opt/airflow/dags/groups/group_staging_layer.py
[2023-10-10T17:55:11.278+0000] {processor.py:826} INFO - Processing file /opt/airflow/dags/groups/group_staging_layer.py for tasks to queue
[2023-10-10T17:55:11.279+0000] {logging_mixin.py:150} INFO - [2023-10-10T17:55:11.279+0000] {dagbag.py:541} INFO - Filling up the DagBag from /opt/airflow/dags/groups/group_staging_layer.py
[2023-10-10T17:55:11.284+0000] {processor.py:838} WARNING - No viable dags retrieved from /opt/airflow/dags/groups/group_staging_layer.py
[2023-10-10T17:55:11.303+0000] {processor.py:179} INFO - Processing /opt/airflow/dags/groups/group_staging_layer.py took 0.032 seconds
[2023-10-10T17:55:58.818+0000] {processor.py:157} INFO - Started process (PID=3200) to work on /opt/airflow/dags/groups/group_staging_layer.py
[2023-10-10T17:55:58.824+0000] {processor.py:826} INFO - Processing file /opt/airflow/dags/groups/group_staging_layer.py for tasks to queue
[2023-10-10T17:55:58.830+0000] {logging_mixin.py:150} INFO - [2023-10-10T17:55:58.829+0000] {dagbag.py:541} INFO - Filling up the DagBag from /opt/airflow/dags/groups/group_staging_layer.py
[2023-10-10T17:55:58.875+0000] {processor.py:838} WARNING - No viable dags retrieved from /opt/airflow/dags/groups/group_staging_layer.py
[2023-10-10T17:55:59.059+0000] {processor.py:179} INFO - Processing /opt/airflow/dags/groups/group_staging_layer.py took 0.254 seconds
[2023-10-10T17:56:29.923+0000] {processor.py:157} INFO - Started process (PID=3283) to work on /opt/airflow/dags/groups/group_staging_layer.py
[2023-10-10T17:56:29.926+0000] {processor.py:826} INFO - Processing file /opt/airflow/dags/groups/group_staging_layer.py for tasks to queue
[2023-10-10T17:56:29.930+0000] {logging_mixin.py:150} INFO - [2023-10-10T17:56:29.929+0000] {dagbag.py:541} INFO - Filling up the DagBag from /opt/airflow/dags/groups/group_staging_layer.py
[2023-10-10T17:56:29.942+0000] {processor.py:838} WARNING - No viable dags retrieved from /opt/airflow/dags/groups/group_staging_layer.py
[2023-10-10T17:56:29.973+0000] {processor.py:179} INFO - Processing /opt/airflow/dags/groups/group_staging_layer.py took 0.063 seconds
[2023-10-10T17:57:00.473+0000] {processor.py:157} INFO - Started process (PID=3362) to work on /opt/airflow/dags/groups/group_staging_layer.py
[2023-10-10T17:57:00.488+0000] {processor.py:826} INFO - Processing file /opt/airflow/dags/groups/group_staging_layer.py for tasks to queue
[2023-10-10T17:57:00.515+0000] {logging_mixin.py:150} INFO - [2023-10-10T17:57:00.511+0000] {dagbag.py:541} INFO - Filling up the DagBag from /opt/airflow/dags/groups/group_staging_layer.py
[2023-10-10T17:57:00.562+0000] {processor.py:838} WARNING - No viable dags retrieved from /opt/airflow/dags/groups/group_staging_layer.py
[2023-10-10T17:57:00.654+0000] {processor.py:179} INFO - Processing /opt/airflow/dags/groups/group_staging_layer.py took 0.231 seconds
[2023-10-10T17:58:02.019+0000] {processor.py:157} INFO - Started process (PID=3453) to work on /opt/airflow/dags/groups/group_staging_layer.py
[2023-10-10T17:58:02.030+0000] {processor.py:826} INFO - Processing file /opt/airflow/dags/groups/group_staging_layer.py for tasks to queue
[2023-10-10T17:58:02.042+0000] {logging_mixin.py:150} INFO - [2023-10-10T17:58:02.040+0000] {dagbag.py:541} INFO - Filling up the DagBag from /opt/airflow/dags/groups/group_staging_layer.py
[2023-10-10T17:58:02.094+0000] {processor.py:838} WARNING - No viable dags retrieved from /opt/airflow/dags/groups/group_staging_layer.py
[2023-10-10T17:58:02.257+0000] {processor.py:179} INFO - Processing /opt/airflow/dags/groups/group_staging_layer.py took 0.273 seconds
[2023-10-10T17:58:44.867+0000] {processor.py:157} INFO - Started process (PID=3543) to work on /opt/airflow/dags/groups/group_staging_layer.py
[2023-10-10T17:58:44.874+0000] {processor.py:826} INFO - Processing file /opt/airflow/dags/groups/group_staging_layer.py for tasks to queue
[2023-10-10T17:58:44.880+0000] {logging_mixin.py:150} INFO - [2023-10-10T17:58:44.879+0000] {dagbag.py:541} INFO - Filling up the DagBag from /opt/airflow/dags/groups/group_staging_layer.py
[2023-10-10T17:58:44.901+0000] {processor.py:838} WARNING - No viable dags retrieved from /opt/airflow/dags/groups/group_staging_layer.py
[2023-10-10T17:58:45.024+0000] {processor.py:179} INFO - Processing /opt/airflow/dags/groups/group_staging_layer.py took 0.179 seconds
[2023-10-10T17:59:18.075+0000] {processor.py:157} INFO - Started process (PID=3623) to work on /opt/airflow/dags/groups/group_staging_layer.py
[2023-10-10T17:59:18.090+0000] {processor.py:826} INFO - Processing file /opt/airflow/dags/groups/group_staging_layer.py for tasks to queue
[2023-10-10T17:59:18.106+0000] {logging_mixin.py:150} INFO - [2023-10-10T17:59:18.105+0000] {dagbag.py:541} INFO - Filling up the DagBag from /opt/airflow/dags/groups/group_staging_layer.py
[2023-10-10T17:59:18.193+0000] {processor.py:838} WARNING - No viable dags retrieved from /opt/airflow/dags/groups/group_staging_layer.py
[2023-10-10T17:59:18.433+0000] {processor.py:179} INFO - Processing /opt/airflow/dags/groups/group_staging_layer.py took 0.422 seconds
[2023-10-10T17:59:52.533+0000] {processor.py:157} INFO - Started process (PID=3704) to work on /opt/airflow/dags/groups/group_staging_layer.py
[2023-10-10T17:59:52.547+0000] {processor.py:826} INFO - Processing file /opt/airflow/dags/groups/group_staging_layer.py for tasks to queue
[2023-10-10T17:59:52.566+0000] {logging_mixin.py:150} INFO - [2023-10-10T17:59:52.564+0000] {dagbag.py:541} INFO - Filling up the DagBag from /opt/airflow/dags/groups/group_staging_layer.py
[2023-10-10T17:59:52.611+0000] {processor.py:838} WARNING - No viable dags retrieved from /opt/airflow/dags/groups/group_staging_layer.py
[2023-10-10T17:59:52.817+0000] {processor.py:179} INFO - Processing /opt/airflow/dags/groups/group_staging_layer.py took 0.311 seconds
[2023-10-10T18:00:23.580+0000] {processor.py:157} INFO - Started process (PID=3785) to work on /opt/airflow/dags/groups/group_staging_layer.py
[2023-10-10T18:00:23.583+0000] {processor.py:826} INFO - Processing file /opt/airflow/dags/groups/group_staging_layer.py for tasks to queue
[2023-10-10T18:00:23.585+0000] {logging_mixin.py:150} INFO - [2023-10-10T18:00:23.585+0000] {dagbag.py:541} INFO - Filling up the DagBag from /opt/airflow/dags/groups/group_staging_layer.py
[2023-10-10T18:00:23.595+0000] {processor.py:838} WARNING - No viable dags retrieved from /opt/airflow/dags/groups/group_staging_layer.py
[2023-10-10T18:00:23.629+0000] {processor.py:179} INFO - Processing /opt/airflow/dags/groups/group_staging_layer.py took 0.058 seconds
[2023-10-10T18:00:54.336+0000] {processor.py:157} INFO - Started process (PID=3865) to work on /opt/airflow/dags/groups/group_staging_layer.py
[2023-10-10T18:00:54.341+0000] {processor.py:826} INFO - Processing file /opt/airflow/dags/groups/group_staging_layer.py for tasks to queue
[2023-10-10T18:00:54.345+0000] {logging_mixin.py:150} INFO - [2023-10-10T18:00:54.344+0000] {dagbag.py:541} INFO - Filling up the DagBag from /opt/airflow/dags/groups/group_staging_layer.py
[2023-10-10T18:00:54.363+0000] {processor.py:838} WARNING - No viable dags retrieved from /opt/airflow/dags/groups/group_staging_layer.py
[2023-10-10T18:00:54.391+0000] {processor.py:179} INFO - Processing /opt/airflow/dags/groups/group_staging_layer.py took 0.065 seconds
[2023-10-10T18:01:24.980+0000] {processor.py:157} INFO - Started process (PID=3953) to work on /opt/airflow/dags/groups/group_staging_layer.py
[2023-10-10T18:01:24.983+0000] {processor.py:826} INFO - Processing file /opt/airflow/dags/groups/group_staging_layer.py for tasks to queue
[2023-10-10T18:01:24.987+0000] {logging_mixin.py:150} INFO - [2023-10-10T18:01:24.986+0000] {dagbag.py:541} INFO - Filling up the DagBag from /opt/airflow/dags/groups/group_staging_layer.py
[2023-10-10T18:01:25.000+0000] {processor.py:838} WARNING - No viable dags retrieved from /opt/airflow/dags/groups/group_staging_layer.py
[2023-10-10T18:01:25.037+0000] {processor.py:179} INFO - Processing /opt/airflow/dags/groups/group_staging_layer.py took 0.067 seconds
[2023-10-10T18:01:55.248+0000] {processor.py:157} INFO - Started process (PID=4036) to work on /opt/airflow/dags/groups/group_staging_layer.py
[2023-10-10T18:01:55.251+0000] {processor.py:826} INFO - Processing file /opt/airflow/dags/groups/group_staging_layer.py for tasks to queue
[2023-10-10T18:01:55.253+0000] {logging_mixin.py:150} INFO - [2023-10-10T18:01:55.253+0000] {dagbag.py:541} INFO - Filling up the DagBag from /opt/airflow/dags/groups/group_staging_layer.py
[2023-10-10T18:01:55.264+0000] {processor.py:838} WARNING - No viable dags retrieved from /opt/airflow/dags/groups/group_staging_layer.py
[2023-10-10T18:01:55.298+0000] {processor.py:179} INFO - Processing /opt/airflow/dags/groups/group_staging_layer.py took 0.058 seconds
[2023-10-10T18:02:25.569+0000] {processor.py:157} INFO - Started process (PID=4116) to work on /opt/airflow/dags/groups/group_staging_layer.py
[2023-10-10T18:02:25.575+0000] {processor.py:826} INFO - Processing file /opt/airflow/dags/groups/group_staging_layer.py for tasks to queue
[2023-10-10T18:02:25.580+0000] {logging_mixin.py:150} INFO - [2023-10-10T18:02:25.579+0000] {dagbag.py:541} INFO - Filling up the DagBag from /opt/airflow/dags/groups/group_staging_layer.py
[2023-10-10T18:02:25.598+0000] {processor.py:838} WARNING - No viable dags retrieved from /opt/airflow/dags/groups/group_staging_layer.py
[2023-10-10T18:02:25.634+0000] {processor.py:179} INFO - Processing /opt/airflow/dags/groups/group_staging_layer.py took 0.076 seconds
[2023-10-10T18:02:56.105+0000] {processor.py:157} INFO - Started process (PID=4197) to work on /opt/airflow/dags/groups/group_staging_layer.py
[2023-10-10T18:02:56.109+0000] {processor.py:826} INFO - Processing file /opt/airflow/dags/groups/group_staging_layer.py for tasks to queue
[2023-10-10T18:02:56.114+0000] {logging_mixin.py:150} INFO - [2023-10-10T18:02:56.113+0000] {dagbag.py:541} INFO - Filling up the DagBag from /opt/airflow/dags/groups/group_staging_layer.py
[2023-10-10T18:02:56.129+0000] {processor.py:838} WARNING - No viable dags retrieved from /opt/airflow/dags/groups/group_staging_layer.py
[2023-10-10T18:02:56.167+0000] {processor.py:179} INFO - Processing /opt/airflow/dags/groups/group_staging_layer.py took 0.074 seconds
[2023-10-10T18:03:26.373+0000] {processor.py:157} INFO - Started process (PID=4284) to work on /opt/airflow/dags/groups/group_staging_layer.py
[2023-10-10T18:03:26.376+0000] {processor.py:826} INFO - Processing file /opt/airflow/dags/groups/group_staging_layer.py for tasks to queue
[2023-10-10T18:03:26.378+0000] {logging_mixin.py:150} INFO - [2023-10-10T18:03:26.378+0000] {dagbag.py:541} INFO - Filling up the DagBag from /opt/airflow/dags/groups/group_staging_layer.py
[2023-10-10T18:03:26.387+0000] {processor.py:838} WARNING - No viable dags retrieved from /opt/airflow/dags/groups/group_staging_layer.py
[2023-10-10T18:03:26.415+0000] {processor.py:179} INFO - Processing /opt/airflow/dags/groups/group_staging_layer.py took 0.049 seconds
[2023-10-10T18:03:56.646+0000] {processor.py:157} INFO - Started process (PID=4366) to work on /opt/airflow/dags/groups/group_staging_layer.py
[2023-10-10T18:03:56.648+0000] {processor.py:826} INFO - Processing file /opt/airflow/dags/groups/group_staging_layer.py for tasks to queue
[2023-10-10T18:03:56.649+0000] {logging_mixin.py:150} INFO - [2023-10-10T18:03:56.649+0000] {dagbag.py:541} INFO - Filling up the DagBag from /opt/airflow/dags/groups/group_staging_layer.py
[2023-10-10T18:03:56.657+0000] {processor.py:838} WARNING - No viable dags retrieved from /opt/airflow/dags/groups/group_staging_layer.py
[2023-10-10T18:03:56.681+0000] {processor.py:179} INFO - Processing /opt/airflow/dags/groups/group_staging_layer.py took 0.042 seconds
[2023-10-10T18:04:27.091+0000] {processor.py:157} INFO - Started process (PID=4445) to work on /opt/airflow/dags/groups/group_staging_layer.py
[2023-10-10T18:04:27.095+0000] {processor.py:826} INFO - Processing file /opt/airflow/dags/groups/group_staging_layer.py for tasks to queue
[2023-10-10T18:04:27.099+0000] {logging_mixin.py:150} INFO - [2023-10-10T18:04:27.098+0000] {dagbag.py:541} INFO - Filling up the DagBag from /opt/airflow/dags/groups/group_staging_layer.py
[2023-10-10T18:04:27.111+0000] {processor.py:838} WARNING - No viable dags retrieved from /opt/airflow/dags/groups/group_staging_layer.py
[2023-10-10T18:04:27.156+0000] {processor.py:179} INFO - Processing /opt/airflow/dags/groups/group_staging_layer.py took 0.075 seconds
[2023-10-10T18:04:58.522+0000] {processor.py:157} INFO - Started process (PID=4526) to work on /opt/airflow/dags/groups/group_staging_layer.py
[2023-10-10T18:04:58.533+0000] {processor.py:826} INFO - Processing file /opt/airflow/dags/groups/group_staging_layer.py for tasks to queue
[2023-10-10T18:04:58.545+0000] {logging_mixin.py:150} INFO - [2023-10-10T18:04:58.544+0000] {dagbag.py:541} INFO - Filling up the DagBag from /opt/airflow/dags/groups/group_staging_layer.py
[2023-10-10T18:04:58.596+0000] {processor.py:838} WARNING - No viable dags retrieved from /opt/airflow/dags/groups/group_staging_layer.py
[2023-10-10T18:04:58.689+0000] {processor.py:179} INFO - Processing /opt/airflow/dags/groups/group_staging_layer.py took 0.195 seconds
[2023-10-10T18:05:29.831+0000] {processor.py:157} INFO - Started process (PID=4599) to work on /opt/airflow/dags/groups/group_staging_layer.py
[2023-10-10T18:05:29.855+0000] {processor.py:826} INFO - Processing file /opt/airflow/dags/groups/group_staging_layer.py for tasks to queue
[2023-10-10T18:05:29.877+0000] {logging_mixin.py:150} INFO - [2023-10-10T18:05:29.870+0000] {dagbag.py:541} INFO - Filling up the DagBag from /opt/airflow/dags/groups/group_staging_layer.py
[2023-10-10T18:05:29.938+0000] {processor.py:838} WARNING - No viable dags retrieved from /opt/airflow/dags/groups/group_staging_layer.py
[2023-10-10T18:05:30.076+0000] {processor.py:179} INFO - Processing /opt/airflow/dags/groups/group_staging_layer.py took 0.298 seconds
