[2023-10-08T02:09:22.342+0000] {taskinstance.py:1103} INFO - Dependencies all met for dep_context=non-requeueable deps ti=<TaskInstance: movie_db_etl.insert_into_map_year manual__2023-10-08T02:09:16.406825+00:00 [queued]>
[2023-10-08T02:09:22.374+0000] {taskinstance.py:1103} INFO - Dependencies all met for dep_context=requeueable deps ti=<TaskInstance: movie_db_etl.insert_into_map_year manual__2023-10-08T02:09:16.406825+00:00 [queued]>
[2023-10-08T02:09:22.376+0000] {taskinstance.py:1308} INFO - Starting attempt 1 of 1
[2023-10-08T02:09:22.442+0000] {taskinstance.py:1327} INFO - Executing <Task(MsSqlOperator): insert_into_map_year> on 2023-10-08 02:09:16.406825+00:00
[2023-10-08T02:09:22.485+0000] {standard_task_runner.py:57} INFO - Started process 9069 to run task
[2023-10-08T02:09:22.494+0000] {standard_task_runner.py:84} INFO - Running: ['***', 'tasks', 'run', 'movie_db_etl', 'insert_into_map_year', 'manual__2023-10-08T02:09:16.406825+00:00', '--job-id', '93', '--raw', '--subdir', 'DAGS_FOLDER/movie_db_***.py', '--cfg-path', '/tmp/tmpkv516o7s']
[2023-10-08T02:09:22.509+0000] {standard_task_runner.py:85} INFO - Job 93: Subtask insert_into_map_year
[2023-10-08T02:09:22.678+0000] {task_command.py:410} INFO - Running <TaskInstance: movie_db_etl.insert_into_map_year manual__2023-10-08T02:09:16.406825+00:00 [running]> on host 9e1bf037e24d
[2023-10-08T02:09:22.935+0000] {taskinstance.py:1547} INFO - Exporting env vars: AIRFLOW_CTX_DAG_OWNER='***' AIRFLOW_CTX_DAG_ID='movie_db_etl' AIRFLOW_CTX_TASK_ID='insert_into_map_year' AIRFLOW_CTX_EXECUTION_DATE='2023-10-08T02:09:16.406825+00:00' AIRFLOW_CTX_TRY_NUMBER='1' AIRFLOW_CTX_DAG_RUN_ID='manual__2023-10-08T02:09:16.406825+00:00'
[2023-10-08T02:09:22.940+0000] {sql.py:265} INFO - Executing: 
        INSERT INTO map_year (year)
        SELECT DISTINCT l.Year 
        FROM land_movies l
        WHERE NOT EXISTS (SELECT 1 FROM map_year my WHERE my.year = l.Year)
        
[2023-10-08T02:09:22.969+0000] {base.py:73} INFO - Using connection ID 'sqlserver' for task execution.
[2023-10-08T02:09:23.185+0000] {base.py:73} INFO - Using connection ID 'sqlserver' for task execution.
[2023-10-08T02:09:24.084+0000] {sql.py:375} INFO - Running statement: 
        INSERT INTO map_year (year)
        SELECT DISTINCT l.Year 
        FROM land_movies l
        WHERE NOT EXISTS (SELECT 1 FROM map_year my WHERE my.year = l.Year)
        , parameters: None
[2023-10-08T02:09:24.182+0000] {sql.py:384} INFO - Rows affected: 11
[2023-10-08T02:09:24.210+0000] {taskinstance.py:1350} INFO - Marking task as SUCCESS. dag_id=movie_db_etl, task_id=insert_into_map_year, execution_date=20231008T020916, start_date=20231008T020922, end_date=20231008T020924
[2023-10-08T02:09:24.342+0000] {local_task_job_runner.py:225} INFO - Task exited with return code 0
[2023-10-08T02:09:24.403+0000] {taskinstance.py:2653} INFO - 0 downstream tasks scheduled from follow-on schedule check
