[2023-10-05T20:13:47.528+0000] {taskinstance.py:1165} INFO - Dependencies all met for <TaskInstance: user_processing.store_user manual__2023-10-05T20:13:38.735821+00:00 [queued]>
[2023-10-05T20:13:47.539+0000] {taskinstance.py:1165} INFO - Dependencies all met for <TaskInstance: user_processing.store_user manual__2023-10-05T20:13:38.735821+00:00 [queued]>
[2023-10-05T20:13:47.540+0000] {taskinstance.py:1362} INFO - 
--------------------------------------------------------------------------------
[2023-10-05T20:13:47.540+0000] {taskinstance.py:1363} INFO - Starting attempt 1 of 1
[2023-10-05T20:13:47.541+0000] {taskinstance.py:1364} INFO - 
--------------------------------------------------------------------------------
[2023-10-05T20:13:47.554+0000] {taskinstance.py:1383} INFO - Executing <Task(PythonOperator): store_user> on 2023-10-05 20:13:38.735821+00:00
[2023-10-05T20:13:47.560+0000] {standard_task_runner.py:55} INFO - Started process 1782 to run task
[2023-10-05T20:13:47.565+0000] {standard_task_runner.py:82} INFO - Running: ['***', 'tasks', 'run', 'user_processing', 'store_user', 'manual__2023-10-05T20:13:38.735821+00:00', '--job-id', '49', '--raw', '--subdir', 'DAGS_FOLDER/user_processing.py', '--cfg-path', '/tmp/tmpj_djx9z5']
[2023-10-05T20:13:47.567+0000] {standard_task_runner.py:83} INFO - Job 49: Subtask store_user
[2023-10-05T20:13:47.642+0000] {task_command.py:376} INFO - Running <TaskInstance: user_processing.store_user manual__2023-10-05T20:13:38.735821+00:00 [running]> on host ca408aed2033
[2023-10-05T20:13:47.714+0000] {taskinstance.py:1592} INFO - Exporting the following env vars:
AIRFLOW_CTX_DAG_OWNER=***
AIRFLOW_CTX_DAG_ID=user_processing
AIRFLOW_CTX_TASK_ID=store_user
AIRFLOW_CTX_EXECUTION_DATE=2023-10-05T20:13:38.735821+00:00
AIRFLOW_CTX_TRY_NUMBER=1
AIRFLOW_CTX_DAG_RUN_ID=manual__2023-10-05T20:13:38.735821+00:00
[2023-10-05T20:13:47.716+0000] {postgres.py:129} INFO - Running copy expert: COPY users FROM stdin WITH DELIMITER as ',' , filename: /tmp/processed_user.csv
[2023-10-05T20:13:47.727+0000] {base.py:71} INFO - Using connection ID 'postgres' for task execution.
[2023-10-05T20:13:47.734+0000] {python.py:177} INFO - Done. Returned value was: None
[2023-10-05T20:13:47.744+0000] {taskinstance.py:1406} INFO - Marking task as SUCCESS. dag_id=user_processing, task_id=store_user, execution_date=20231005T201338, start_date=20231005T201347, end_date=20231005T201347
[2023-10-05T20:13:47.778+0000] {local_task_job.py:164} INFO - Task exited with return code 0
[2023-10-05T20:13:47.799+0000] {local_task_job.py:273} INFO - 0 downstream tasks scheduled from follow-on schedule check
