[2023-10-05T19:40:28.420+0000] {taskinstance.py:1165} INFO - Dependencies all met for <TaskInstance: user_processing.is_api_available scheduled__2023-10-04T00:00:00+00:00 [queued]>
[2023-10-05T19:40:28.432+0000] {taskinstance.py:1165} INFO - Dependencies all met for <TaskInstance: user_processing.is_api_available scheduled__2023-10-04T00:00:00+00:00 [queued]>
[2023-10-05T19:40:28.433+0000] {taskinstance.py:1362} INFO - 
--------------------------------------------------------------------------------
[2023-10-05T19:40:28.434+0000] {taskinstance.py:1363} INFO - Starting attempt 1 of 1
[2023-10-05T19:40:28.435+0000] {taskinstance.py:1364} INFO - 
--------------------------------------------------------------------------------
[2023-10-05T19:40:28.452+0000] {taskinstance.py:1383} INFO - Executing <Task(HttpSensor): is_api_available> on 2023-10-04 00:00:00+00:00
[2023-10-05T19:40:28.459+0000] {standard_task_runner.py:55} INFO - Started process 202 to run task
[2023-10-05T19:40:28.464+0000] {standard_task_runner.py:82} INFO - Running: ['***', 'tasks', 'run', 'user_processing', 'is_api_available', 'scheduled__2023-10-04T00:00:00+00:00', '--job-id', '22', '--raw', '--subdir', 'DAGS_FOLDER/user_processing.py', '--cfg-path', '/tmp/tmp5txds2mt']
[2023-10-05T19:40:28.468+0000] {standard_task_runner.py:83} INFO - Job 22: Subtask is_api_available
[2023-10-05T19:40:28.578+0000] {task_command.py:376} INFO - Running <TaskInstance: user_processing.is_api_available scheduled__2023-10-04T00:00:00+00:00 [running]> on host ca408aed2033
[2023-10-05T19:40:28.663+0000] {taskinstance.py:1592} INFO - Exporting the following env vars:
AIRFLOW_CTX_DAG_OWNER=***
AIRFLOW_CTX_DAG_ID=user_processing
AIRFLOW_CTX_TASK_ID=is_api_available
AIRFLOW_CTX_EXECUTION_DATE=2023-10-04T00:00:00+00:00
AIRFLOW_CTX_TRY_NUMBER=1
AIRFLOW_CTX_DAG_RUN_ID=scheduled__2023-10-04T00:00:00+00:00
[2023-10-05T19:40:28.665+0000] {http.py:120} INFO - Poking: api/
[2023-10-05T19:40:28.677+0000] {base.py:71} INFO - Using connection ID 'user_api' for task execution.
[2023-10-05T19:40:28.681+0000] {http.py:148} INFO - Sending 'GET' to url: https://randomuser.me/api/
[2023-10-05T19:40:29.094+0000] {base.py:213} INFO - Success criteria met. Exiting.
[2023-10-05T19:40:29.110+0000] {taskinstance.py:1406} INFO - Marking task as SUCCESS. dag_id=user_processing, task_id=is_api_available, execution_date=20231004T000000, start_date=20231005T194028, end_date=20231005T194029
[2023-10-05T19:40:29.169+0000] {local_task_job.py:164} INFO - Task exited with return code 0
[2023-10-05T19:40:29.225+0000] {local_task_job.py:273} INFO - 1 downstream tasks scheduled from follow-on schedule check
