[2023-10-10T17:38:32.281+0000] {taskinstance.py:1103} INFO - Dependencies all met for dep_context=non-requeueable deps ti=<TaskInstance: group_dag.staging_layer.insert_into_stg_film manual__2023-10-10T17:38:24.425383+00:00 [queued]>
[2023-10-10T17:38:32.303+0000] {taskinstance.py:1103} INFO - Dependencies all met for dep_context=requeueable deps ti=<TaskInstance: group_dag.staging_layer.insert_into_stg_film manual__2023-10-10T17:38:24.425383+00:00 [queued]>
[2023-10-10T17:38:32.304+0000] {taskinstance.py:1308} INFO - Starting attempt 1 of 1
[2023-10-10T17:38:32.330+0000] {taskinstance.py:1327} INFO - Executing <Task(MsSqlOperator): staging_layer.insert_into_stg_film> on 2023-10-10 17:38:24.425383+00:00
[2023-10-10T17:38:32.339+0000] {standard_task_runner.py:57} INFO - Started process 197 to run task
[2023-10-10T17:38:32.345+0000] {standard_task_runner.py:84} INFO - Running: ['***', 'tasks', 'run', 'group_dag', 'staging_layer.insert_into_stg_film', 'manual__2023-10-10T17:38:24.425383+00:00', '--job-id', '134', '--raw', '--subdir', 'DAGS_FOLDER/group_dag.py', '--cfg-path', '/tmp/tmpmy_cxwxp']
[2023-10-10T17:38:32.349+0000] {standard_task_runner.py:85} INFO - Job 134: Subtask staging_layer.insert_into_stg_film
[2023-10-10T17:38:32.431+0000] {task_command.py:410} INFO - Running <TaskInstance: group_dag.staging_layer.insert_into_stg_film manual__2023-10-10T17:38:24.425383+00:00 [running]> on host 2c73f027d5a5
[2023-10-10T17:38:32.570+0000] {taskinstance.py:1547} INFO - Exporting env vars: AIRFLOW_CTX_DAG_OWNER='***' AIRFLOW_CTX_DAG_ID='group_dag' AIRFLOW_CTX_TASK_ID='staging_layer.insert_into_stg_film' AIRFLOW_CTX_EXECUTION_DATE='2023-10-10T17:38:24.425383+00:00' AIRFLOW_CTX_TRY_NUMBER='1' AIRFLOW_CTX_DAG_RUN_ID='manual__2023-10-10T17:38:24.425383+00:00'
[2023-10-10T17:38:32.574+0000] {sql.py:265} INFO - Executing: 
            INSERT INTO stg_film
            SELECT  
            m.film_id
            ,l.[Title]
            ,l.[Description]
            ,l.[Director]
            ,l.Year
            ,l.[Runtime_Minutes]
            ,l.[Rating]
            ,l.[Votes]
            ,l.[Revenue_Millions]
            ,l.[Metascore]
            FROM [land_movies] AS l
            INNER JOIN map_film AS m ON m.title = l.Title 
            and m.director = l.Director 
            and m.film_year = l.Year
            WHERE NOT EXISTS (SELECT 1 FROM stg_film AS s WHERE s.film_id = m.film_id)
            
[2023-10-10T17:38:32.593+0000] {base.py:73} INFO - Using connection ID 'sqlserver' for task execution.
[2023-10-10T17:38:32.682+0000] {base.py:73} INFO - Using connection ID 'sqlserver' for task execution.
[2023-10-10T17:38:33.593+0000] {sql.py:375} INFO - Running statement: 
            INSERT INTO stg_film
            SELECT  
            m.film_id
            ,l.[Title]
            ,l.[Description]
            ,l.[Director]
            ,l.Year
            ,l.[Runtime_Minutes]
            ,l.[Rating]
            ,l.[Votes]
            ,l.[Revenue_Millions]
            ,l.[Metascore]
            FROM [land_movies] AS l
            INNER JOIN map_film AS m ON m.title = l.Title 
            and m.director = l.Director 
            and m.film_year = l.Year
            WHERE NOT EXISTS (SELECT 1 FROM stg_film AS s WHERE s.film_id = m.film_id)
            , parameters: None
[2023-10-10T17:38:33.678+0000] {sql.py:384} INFO - Rows affected: 0
[2023-10-10T17:38:33.695+0000] {taskinstance.py:1350} INFO - Marking task as SUCCESS. dag_id=group_dag, task_id=staging_layer.insert_into_stg_film, execution_date=20231010T173824, start_date=20231010T173832, end_date=20231010T173833
[2023-10-10T17:38:33.732+0000] {local_task_job_runner.py:225} INFO - Task exited with return code 0
[2023-10-10T17:38:33.778+0000] {taskinstance.py:2653} INFO - 0 downstream tasks scheduled from follow-on schedule check
