[2023-10-05T20:08:38.599+0000] {taskinstance.py:1165} INFO - Dependencies all met for <TaskInstance: user_processing.process_user manual__2023-10-05T20:08:32.531109+00:00 [queued]>
[2023-10-05T20:08:38.615+0000] {taskinstance.py:1165} INFO - Dependencies all met for <TaskInstance: user_processing.process_user manual__2023-10-05T20:08:32.531109+00:00 [queued]>
[2023-10-05T20:08:38.616+0000] {taskinstance.py:1362} INFO - 
--------------------------------------------------------------------------------
[2023-10-05T20:08:38.617+0000] {taskinstance.py:1363} INFO - Starting attempt 1 of 1
[2023-10-05T20:08:38.617+0000] {taskinstance.py:1364} INFO - 
--------------------------------------------------------------------------------
[2023-10-05T20:08:38.635+0000] {taskinstance.py:1383} INFO - Executing <Task(PythonOperator): process_user> on 2023-10-05 20:08:32.531109+00:00
[2023-10-05T20:08:38.642+0000] {standard_task_runner.py:55} INFO - Started process 1522 to run task
[2023-10-05T20:08:38.647+0000] {standard_task_runner.py:82} INFO - Running: ['***', 'tasks', 'run', 'user_processing', 'process_user', 'manual__2023-10-05T20:08:32.531109+00:00', '--job-id', '38', '--raw', '--subdir', 'DAGS_FOLDER/user_processing.py', '--cfg-path', '/tmp/tmpurz7354y']
[2023-10-05T20:08:38.651+0000] {standard_task_runner.py:83} INFO - Job 38: Subtask process_user
[2023-10-05T20:08:38.742+0000] {task_command.py:376} INFO - Running <TaskInstance: user_processing.process_user manual__2023-10-05T20:08:32.531109+00:00 [running]> on host ca408aed2033
[2023-10-05T20:08:38.835+0000] {taskinstance.py:1592} INFO - Exporting the following env vars:
AIRFLOW_CTX_DAG_OWNER=***
AIRFLOW_CTX_DAG_ID=user_processing
AIRFLOW_CTX_TASK_ID=process_user
AIRFLOW_CTX_EXECUTION_DATE=2023-10-05T20:08:32.531109+00:00
AIRFLOW_CTX_TRY_NUMBER=1
AIRFLOW_CTX_DAG_RUN_ID=manual__2023-10-05T20:08:32.531109+00:00
[2023-10-05T20:08:38.861+0000] {python.py:177} INFO - Done. Returned value was: None
[2023-10-05T20:08:38.874+0000] {taskinstance.py:1406} INFO - Marking task as SUCCESS. dag_id=user_processing, task_id=process_user, execution_date=20231005T200832, start_date=20231005T200838, end_date=20231005T200838
[2023-10-05T20:08:38.943+0000] {local_task_job.py:164} INFO - Task exited with return code 0
[2023-10-05T20:08:38.977+0000] {local_task_job.py:273} INFO - 1 downstream tasks scheduled from follow-on schedule check
