[2023-10-10T17:36:42.724+0000] {taskinstance.py:1103} INFO - Dependencies all met for dep_context=non-requeueable deps ti=<TaskInstance: group_dag.mapping_layer.insert_into_map_genre scheduled__2023-10-09T00:00:00+00:00 [queued]>
[2023-10-10T17:36:42.737+0000] {taskinstance.py:1103} INFO - Dependencies all met for dep_context=requeueable deps ti=<TaskInstance: group_dag.mapping_layer.insert_into_map_genre scheduled__2023-10-09T00:00:00+00:00 [queued]>
[2023-10-10T17:36:42.738+0000] {taskinstance.py:1308} INFO - Starting attempt 1 of 1
[2023-10-10T17:36:42.761+0000] {taskinstance.py:1327} INFO - Executing <Task(MsSqlOperator): mapping_layer.insert_into_map_genre> on 2023-10-09 00:00:00+00:00
[2023-10-10T17:36:42.780+0000] {standard_task_runner.py:57} INFO - Started process 71 to run task
[2023-10-10T17:36:42.801+0000] {standard_task_runner.py:84} INFO - Running: ['***', 'tasks', 'run', 'group_dag', 'mapping_layer.insert_into_map_genre', 'scheduled__2023-10-09T00:00:00+00:00', '--job-id', '119', '--raw', '--subdir', 'DAGS_FOLDER/group_dag.py', '--cfg-path', '/tmp/tmptjffn4re']
[2023-10-10T17:36:42.824+0000] {standard_task_runner.py:85} INFO - Job 119: Subtask mapping_layer.insert_into_map_genre
[2023-10-10T17:36:42.955+0000] {task_command.py:410} INFO - Running <TaskInstance: group_dag.mapping_layer.insert_into_map_genre scheduled__2023-10-09T00:00:00+00:00 [running]> on host 2c73f027d5a5
[2023-10-10T17:36:43.120+0000] {taskinstance.py:1547} INFO - Exporting env vars: AIRFLOW_CTX_DAG_OWNER='***' AIRFLOW_CTX_DAG_ID='group_dag' AIRFLOW_CTX_TASK_ID='mapping_layer.insert_into_map_genre' AIRFLOW_CTX_EXECUTION_DATE='2023-10-09T00:00:00+00:00' AIRFLOW_CTX_TRY_NUMBER='1' AIRFLOW_CTX_DAG_RUN_ID='scheduled__2023-10-09T00:00:00+00:00'
[2023-10-10T17:36:43.124+0000] {sql.py:265} INFO - Executing: 
            INSERT INTO map_genre (genre)
            SELECT DISTINCT Genre as genre FROM
            (
            SELECT trim(value)as Genre, Title, Year, Director
            FROM (SELECT Genre, Title, Year, Director FROM land_movies) AS sub_query
            CROSS APPLY string_split(sub_query.Genre,',') 
            ) s
            WHERE NOT EXISTS (SELECT 1 FROM map_genre mg WHERE mg.genre = s.Genre)
            
[2023-10-10T17:36:43.136+0000] {base.py:73} INFO - Using connection ID 'sqlserver' for task execution.
[2023-10-10T17:36:43.245+0000] {base.py:73} INFO - Using connection ID 'sqlserver' for task execution.
[2023-10-10T17:36:44.327+0000] {sql.py:375} INFO - Running statement: 
            INSERT INTO map_genre (genre)
            SELECT DISTINCT Genre as genre FROM
            (
            SELECT trim(value)as Genre, Title, Year, Director
            FROM (SELECT Genre, Title, Year, Director FROM land_movies) AS sub_query
            CROSS APPLY string_split(sub_query.Genre,',') 
            ) s
            WHERE NOT EXISTS (SELECT 1 FROM map_genre mg WHERE mg.genre = s.Genre)
            , parameters: None
[2023-10-10T17:36:44.413+0000] {sql.py:384} INFO - Rows affected: 0
[2023-10-10T17:36:44.431+0000] {taskinstance.py:1350} INFO - Marking task as SUCCESS. dag_id=group_dag, task_id=mapping_layer.insert_into_map_genre, execution_date=20231009T000000, start_date=20231010T173642, end_date=20231010T173644
[2023-10-10T17:36:44.511+0000] {local_task_job_runner.py:225} INFO - Task exited with return code 0
[2023-10-10T17:36:44.561+0000] {taskinstance.py:2653} INFO - 5 downstream tasks scheduled from follow-on schedule check
