[2023-10-10T17:38:27.890+0000] {taskinstance.py:1103} INFO - Dependencies all met for dep_context=non-requeueable deps ti=<TaskInstance: group_dag.mapping_layer.insert_into_map_film manual__2023-10-10T17:38:24.425383+00:00 [queued]>
[2023-10-10T17:38:27.939+0000] {taskinstance.py:1103} INFO - Dependencies all met for dep_context=requeueable deps ti=<TaskInstance: group_dag.mapping_layer.insert_into_map_film manual__2023-10-10T17:38:24.425383+00:00 [queued]>
[2023-10-10T17:38:27.940+0000] {taskinstance.py:1308} INFO - Starting attempt 1 of 1
[2023-10-10T17:38:27.966+0000] {taskinstance.py:1327} INFO - Executing <Task(MsSqlOperator): mapping_layer.insert_into_map_film> on 2023-10-10 17:38:24.425383+00:00
[2023-10-10T17:38:27.974+0000] {standard_task_runner.py:57} INFO - Started process 185 to run task
[2023-10-10T17:38:27.991+0000] {standard_task_runner.py:84} INFO - Running: ['***', 'tasks', 'run', 'group_dag', 'mapping_layer.insert_into_map_film', 'manual__2023-10-10T17:38:24.425383+00:00', '--job-id', '132', '--raw', '--subdir', 'DAGS_FOLDER/group_dag.py', '--cfg-path', '/tmp/tmp62ihabjh']
[2023-10-10T17:38:27.995+0000] {standard_task_runner.py:85} INFO - Job 132: Subtask mapping_layer.insert_into_map_film
[2023-10-10T17:38:28.124+0000] {task_command.py:410} INFO - Running <TaskInstance: group_dag.mapping_layer.insert_into_map_film manual__2023-10-10T17:38:24.425383+00:00 [running]> on host 2c73f027d5a5
[2023-10-10T17:38:28.412+0000] {taskinstance.py:1547} INFO - Exporting env vars: AIRFLOW_CTX_DAG_OWNER='***' AIRFLOW_CTX_DAG_ID='group_dag' AIRFLOW_CTX_TASK_ID='mapping_layer.insert_into_map_film' AIRFLOW_CTX_EXECUTION_DATE='2023-10-10T17:38:24.425383+00:00' AIRFLOW_CTX_TRY_NUMBER='1' AIRFLOW_CTX_DAG_RUN_ID='manual__2023-10-10T17:38:24.425383+00:00'
[2023-10-10T17:38:28.415+0000] {sql.py:265} INFO - Executing: 
            INSERT INTO map_film (title, director, film_year)
            SELECT Title, Director, Year
            FROM land_movies l
            WHERE NOT EXISTS (SELECT 1 FROM map_film m WHERE m.title = l.Title and m.director = l.Director and m.film_year = l.Year)
            
[2023-10-10T17:38:28.430+0000] {base.py:73} INFO - Using connection ID 'sqlserver' for task execution.
[2023-10-10T17:38:28.515+0000] {base.py:73} INFO - Using connection ID 'sqlserver' for task execution.
[2023-10-10T17:38:29.414+0000] {sql.py:375} INFO - Running statement: 
            INSERT INTO map_film (title, director, film_year)
            SELECT Title, Director, Year
            FROM land_movies l
            WHERE NOT EXISTS (SELECT 1 FROM map_film m WHERE m.title = l.Title and m.director = l.Director and m.film_year = l.Year)
            , parameters: None
[2023-10-10T17:38:29.498+0000] {sql.py:384} INFO - Rows affected: 0
[2023-10-10T17:38:29.520+0000] {taskinstance.py:1350} INFO - Marking task as SUCCESS. dag_id=group_dag, task_id=mapping_layer.insert_into_map_film, execution_date=20231010T173824, start_date=20231010T173827, end_date=20231010T173829
[2023-10-10T17:38:29.588+0000] {local_task_job_runner.py:225} INFO - Task exited with return code 0
[2023-10-10T17:38:29.627+0000] {taskinstance.py:2653} INFO - 5 downstream tasks scheduled from follow-on schedule check
