[2023-10-08T02:48:00.571+0000] {processor.py:157} INFO - Started process (PID=38475) to work on /opt/airflow/dags/groups/group_staging_layer.py
[2023-10-08T02:48:00.576+0000] {processor.py:826} INFO - Processing file /opt/airflow/dags/groups/group_staging_layer.py for tasks to queue
[2023-10-08T02:48:00.581+0000] {logging_mixin.py:150} INFO - [2023-10-08T02:48:00.580+0000] {dagbag.py:541} INFO - Filling up the DagBag from /opt/airflow/dags/groups/group_staging_layer.py
[2023-10-08T02:48:00.654+0000] {processor.py:836} INFO - DAG(s) dict_keys(['staging_layer']) retrieved from /opt/airflow/dags/groups/group_staging_layer.py
[2023-10-08T02:48:01.026+0000] {logging_mixin.py:150} INFO - [2023-10-08T02:48:01.026+0000] {dag.py:2742} INFO - Sync 1 DAGs
[2023-10-08T02:48:01.111+0000] {logging_mixin.py:150} INFO - [2023-10-08T02:48:01.111+0000] {dag.py:3508} INFO - Setting next_dagrun for staging_layer to 2023-10-07T00:00:00+00:00, run_after=2023-10-08T00:00:00+00:00
[2023-10-08T02:48:01.237+0000] {processor.py:179} INFO - Processing /opt/airflow/dags/groups/group_staging_layer.py took 0.681 seconds
[2023-10-08T02:48:31.785+0000] {processor.py:157} INFO - Started process (PID=38560) to work on /opt/airflow/dags/groups/group_staging_layer.py
[2023-10-08T02:48:31.788+0000] {processor.py:826} INFO - Processing file /opt/airflow/dags/groups/group_staging_layer.py for tasks to queue
[2023-10-08T02:48:31.793+0000] {logging_mixin.py:150} INFO - [2023-10-08T02:48:31.792+0000] {dagbag.py:541} INFO - Filling up the DagBag from /opt/airflow/dags/groups/group_staging_layer.py
[2023-10-08T02:48:31.830+0000] {processor.py:836} INFO - DAG(s) dict_keys(['staging_layer']) retrieved from /opt/airflow/dags/groups/group_staging_layer.py
[2023-10-08T02:48:31.883+0000] {logging_mixin.py:150} INFO - [2023-10-08T02:48:31.883+0000] {dag.py:2742} INFO - Sync 1 DAGs
[2023-10-08T02:48:31.953+0000] {logging_mixin.py:150} INFO - [2023-10-08T02:48:31.953+0000] {dag.py:3508} INFO - Setting next_dagrun for staging_layer to 2023-10-07T00:00:00+00:00, run_after=2023-10-08T00:00:00+00:00
[2023-10-08T02:48:31.997+0000] {processor.py:179} INFO - Processing /opt/airflow/dags/groups/group_staging_layer.py took 0.221 seconds
[2023-10-08T02:49:02.226+0000] {processor.py:157} INFO - Started process (PID=38655) to work on /opt/airflow/dags/groups/group_staging_layer.py
[2023-10-08T02:49:02.231+0000] {processor.py:826} INFO - Processing file /opt/airflow/dags/groups/group_staging_layer.py for tasks to queue
[2023-10-08T02:49:02.236+0000] {logging_mixin.py:150} INFO - [2023-10-08T02:49:02.235+0000] {dagbag.py:541} INFO - Filling up the DagBag from /opt/airflow/dags/groups/group_staging_layer.py
[2023-10-08T02:49:02.289+0000] {processor.py:836} INFO - DAG(s) dict_keys(['staging_layer']) retrieved from /opt/airflow/dags/groups/group_staging_layer.py
[2023-10-08T02:49:02.365+0000] {logging_mixin.py:150} INFO - [2023-10-08T02:49:02.365+0000] {dag.py:2742} INFO - Sync 1 DAGs
[2023-10-08T02:49:02.461+0000] {logging_mixin.py:150} INFO - [2023-10-08T02:49:02.459+0000] {dag.py:3508} INFO - Setting next_dagrun for staging_layer to 2023-10-07T00:00:00+00:00, run_after=2023-10-08T00:00:00+00:00
[2023-10-08T02:49:02.519+0000] {processor.py:179} INFO - Processing /opt/airflow/dags/groups/group_staging_layer.py took 0.304 seconds
[2023-10-08T02:49:32.727+0000] {processor.py:157} INFO - Started process (PID=38735) to work on /opt/airflow/dags/groups/group_staging_layer.py
[2023-10-08T02:49:32.732+0000] {processor.py:826} INFO - Processing file /opt/airflow/dags/groups/group_staging_layer.py for tasks to queue
[2023-10-08T02:49:32.736+0000] {logging_mixin.py:150} INFO - [2023-10-08T02:49:32.735+0000] {dagbag.py:541} INFO - Filling up the DagBag from /opt/airflow/dags/groups/group_staging_layer.py
[2023-10-08T02:49:32.784+0000] {processor.py:836} INFO - DAG(s) dict_keys(['staging_layer']) retrieved from /opt/airflow/dags/groups/group_staging_layer.py
[2023-10-08T02:49:32.864+0000] {logging_mixin.py:150} INFO - [2023-10-08T02:49:32.864+0000] {dag.py:2742} INFO - Sync 1 DAGs
[2023-10-08T02:49:32.942+0000] {logging_mixin.py:150} INFO - [2023-10-08T02:49:32.941+0000] {dag.py:3508} INFO - Setting next_dagrun for staging_layer to 2023-10-07T00:00:00+00:00, run_after=2023-10-08T00:00:00+00:00
[2023-10-08T02:49:33.008+0000] {processor.py:179} INFO - Processing /opt/airflow/dags/groups/group_staging_layer.py took 0.297 seconds
[2023-10-08T02:50:03.932+0000] {processor.py:157} INFO - Started process (PID=38814) to work on /opt/airflow/dags/groups/group_staging_layer.py
[2023-10-08T02:50:03.936+0000] {processor.py:826} INFO - Processing file /opt/airflow/dags/groups/group_staging_layer.py for tasks to queue
[2023-10-08T02:50:03.939+0000] {logging_mixin.py:150} INFO - [2023-10-08T02:50:03.938+0000] {dagbag.py:541} INFO - Filling up the DagBag from /opt/airflow/dags/groups/group_staging_layer.py
[2023-10-08T02:50:03.968+0000] {processor.py:836} INFO - DAG(s) dict_keys(['staging_layer']) retrieved from /opt/airflow/dags/groups/group_staging_layer.py
[2023-10-08T02:50:04.031+0000] {logging_mixin.py:150} INFO - [2023-10-08T02:50:04.031+0000] {dag.py:2742} INFO - Sync 1 DAGs
[2023-10-08T02:50:04.109+0000] {logging_mixin.py:150} INFO - [2023-10-08T02:50:04.109+0000] {dag.py:3508} INFO - Setting next_dagrun for staging_layer to 2023-10-07T00:00:00+00:00, run_after=2023-10-08T00:00:00+00:00
[2023-10-08T02:50:04.160+0000] {processor.py:179} INFO - Processing /opt/airflow/dags/groups/group_staging_layer.py took 0.239 seconds
[2023-10-08T02:50:34.338+0000] {processor.py:157} INFO - Started process (PID=38895) to work on /opt/airflow/dags/groups/group_staging_layer.py
[2023-10-08T02:50:34.343+0000] {processor.py:826} INFO - Processing file /opt/airflow/dags/groups/group_staging_layer.py for tasks to queue
[2023-10-08T02:50:34.352+0000] {logging_mixin.py:150} INFO - [2023-10-08T02:50:34.350+0000] {dagbag.py:541} INFO - Filling up the DagBag from /opt/airflow/dags/groups/group_staging_layer.py
[2023-10-08T02:50:34.403+0000] {processor.py:836} INFO - DAG(s) dict_keys(['staging_layer']) retrieved from /opt/airflow/dags/groups/group_staging_layer.py
[2023-10-08T02:50:34.472+0000] {logging_mixin.py:150} INFO - [2023-10-08T02:50:34.472+0000] {dag.py:2742} INFO - Sync 1 DAGs
[2023-10-08T02:50:34.560+0000] {logging_mixin.py:150} INFO - [2023-10-08T02:50:34.558+0000] {dag.py:3508} INFO - Setting next_dagrun for staging_layer to 2023-10-07T00:00:00+00:00, run_after=2023-10-08T00:00:00+00:00
[2023-10-08T02:50:34.624+0000] {processor.py:179} INFO - Processing /opt/airflow/dags/groups/group_staging_layer.py took 0.297 seconds
[2023-10-08T02:50:56.155+0000] {processor.py:157} INFO - Started process (PID=38952) to work on /opt/airflow/dags/groups/group_staging_layer.py
[2023-10-08T02:50:56.166+0000] {processor.py:826} INFO - Processing file /opt/airflow/dags/groups/group_staging_layer.py for tasks to queue
[2023-10-08T02:50:56.173+0000] {logging_mixin.py:150} INFO - [2023-10-08T02:50:56.172+0000] {dagbag.py:541} INFO - Filling up the DagBag from /opt/airflow/dags/groups/group_staging_layer.py
[2023-10-08T02:50:56.223+0000] {logging_mixin.py:150} INFO - [2023-10-08T02:50:56.208+0000] {dagbag.py:350} ERROR - Failed to import: /opt/airflow/dags/groups/group_staging_layer.py
Traceback (most recent call last):
  File "/home/airflow/.local/lib/python3.7/site-packages/airflow/models/dagbag.py", line 346, in parse
    loader.exec_module(new_module)
  File "<frozen importlib._bootstrap_external>", line 724, in exec_module
  File "<frozen importlib._bootstrap_external>", line 860, in get_code
  File "<frozen importlib._bootstrap_external>", line 791, in source_to_code
  File "<frozen importlib._bootstrap>", line 219, in _call_with_frames_removed
  File "/opt/airflow/dags/groups/group_staging_layer.py", line 10
    with DAG('staging_layer', start_date=datetime(2023, 1, 1),
       ^
IndentationError: expected an indented block
[2023-10-08T02:50:56.229+0000] {processor.py:838} WARNING - No viable dags retrieved from /opt/airflow/dags/groups/group_staging_layer.py
[2023-10-08T02:50:56.325+0000] {processor.py:179} INFO - Processing /opt/airflow/dags/groups/group_staging_layer.py took 0.188 seconds
[2023-10-08T02:50:59.802+0000] {processor.py:157} INFO - Started process (PID=38959) to work on /opt/airflow/dags/groups/group_staging_layer.py
[2023-10-08T02:50:59.816+0000] {processor.py:826} INFO - Processing file /opt/airflow/dags/groups/group_staging_layer.py for tasks to queue
[2023-10-08T02:50:59.828+0000] {logging_mixin.py:150} INFO - [2023-10-08T02:50:59.825+0000] {dagbag.py:541} INFO - Filling up the DagBag from /opt/airflow/dags/groups/group_staging_layer.py
[2023-10-08T02:50:59.871+0000] {logging_mixin.py:150} INFO - [2023-10-08T02:50:59.862+0000] {dagbag.py:350} ERROR - Failed to import: /opt/airflow/dags/groups/group_staging_layer.py
Traceback (most recent call last):
  File "/home/airflow/.local/lib/python3.7/site-packages/airflow/models/dagbag.py", line 346, in parse
    loader.exec_module(new_module)
  File "<frozen importlib._bootstrap_external>", line 724, in exec_module
  File "<frozen importlib._bootstrap_external>", line 860, in get_code
  File "<frozen importlib._bootstrap_external>", line 791, in source_to_code
  File "<frozen importlib._bootstrap>", line 219, in _call_with_frames_removed
  File "/opt/airflow/dags/groups/group_staging_layer.py", line 10
    with DAG('staging_layer', start_date=datetime(2023, 1, 1),
       ^
IndentationError: expected an indented block
[2023-10-08T02:50:59.880+0000] {processor.py:838} WARNING - No viable dags retrieved from /opt/airflow/dags/groups/group_staging_layer.py
[2023-10-08T02:51:00.078+0000] {processor.py:179} INFO - Processing /opt/airflow/dags/groups/group_staging_layer.py took 0.312 seconds
[2023-10-08T02:51:09.573+0000] {processor.py:157} INFO - Started process (PID=38984) to work on /opt/airflow/dags/groups/group_staging_layer.py
[2023-10-08T02:51:09.580+0000] {processor.py:826} INFO - Processing file /opt/airflow/dags/groups/group_staging_layer.py for tasks to queue
[2023-10-08T02:51:09.588+0000] {logging_mixin.py:150} INFO - [2023-10-08T02:51:09.587+0000] {dagbag.py:541} INFO - Filling up the DagBag from /opt/airflow/dags/groups/group_staging_layer.py
[2023-10-08T02:51:09.626+0000] {logging_mixin.py:150} INFO - [2023-10-08T02:51:09.620+0000] {dagbag.py:350} ERROR - Failed to import: /opt/airflow/dags/groups/group_staging_layer.py
Traceback (most recent call last):
  File "/home/airflow/.local/lib/python3.7/site-packages/airflow/models/dagbag.py", line 346, in parse
    loader.exec_module(new_module)
  File "<frozen importlib._bootstrap_external>", line 724, in exec_module
  File "<frozen importlib._bootstrap_external>", line 860, in get_code
  File "<frozen importlib._bootstrap_external>", line 791, in source_to_code
  File "<frozen importlib._bootstrap>", line 219, in _call_with_frames_removed
  File "/opt/airflow/dags/groups/group_staging_layer.py", line 10
    with TaskGroup("mapping_layer", tooltip='Mapping layer tasks') as group:
       ^
IndentationError: expected an indented block
[2023-10-08T02:51:09.630+0000] {processor.py:838} WARNING - No viable dags retrieved from /opt/airflow/dags/groups/group_staging_layer.py
[2023-10-08T02:51:09.748+0000] {processor.py:179} INFO - Processing /opt/airflow/dags/groups/group_staging_layer.py took 0.201 seconds
[2023-10-08T02:51:12.493+0000] {processor.py:157} INFO - Started process (PID=38992) to work on /opt/airflow/dags/groups/group_staging_layer.py
[2023-10-08T02:51:12.498+0000] {processor.py:826} INFO - Processing file /opt/airflow/dags/groups/group_staging_layer.py for tasks to queue
[2023-10-08T02:51:12.505+0000] {logging_mixin.py:150} INFO - [2023-10-08T02:51:12.503+0000] {dagbag.py:541} INFO - Filling up the DagBag from /opt/airflow/dags/groups/group_staging_layer.py
[2023-10-08T02:51:12.533+0000] {logging_mixin.py:150} INFO - [2023-10-08T02:51:12.527+0000] {dagbag.py:350} ERROR - Failed to import: /opt/airflow/dags/groups/group_staging_layer.py
Traceback (most recent call last):
  File "/home/airflow/.local/lib/python3.7/site-packages/airflow/models/dagbag.py", line 346, in parse
    loader.exec_module(new_module)
  File "<frozen importlib._bootstrap_external>", line 724, in exec_module
  File "<frozen importlib._bootstrap_external>", line 860, in get_code
  File "<frozen importlib._bootstrap_external>", line 791, in source_to_code
  File "<frozen importlib._bootstrap>", line 219, in _call_with_frames_removed
  File "/opt/airflow/dags/groups/group_staging_layer.py", line 10
    with TaskGroup("staging_layer", tooltip='Mapping layer tasks') as group:
       ^
IndentationError: expected an indented block
[2023-10-08T02:51:12.545+0000] {processor.py:838} WARNING - No viable dags retrieved from /opt/airflow/dags/groups/group_staging_layer.py
[2023-10-08T02:51:12.679+0000] {processor.py:179} INFO - Processing /opt/airflow/dags/groups/group_staging_layer.py took 0.200 seconds
[2023-10-08T02:51:15.304+0000] {processor.py:157} INFO - Started process (PID=39000) to work on /opt/airflow/dags/groups/group_staging_layer.py
[2023-10-08T02:51:15.315+0000] {processor.py:826} INFO - Processing file /opt/airflow/dags/groups/group_staging_layer.py for tasks to queue
[2023-10-08T02:51:15.336+0000] {logging_mixin.py:150} INFO - [2023-10-08T02:51:15.335+0000] {dagbag.py:541} INFO - Filling up the DagBag from /opt/airflow/dags/groups/group_staging_layer.py
[2023-10-08T02:51:15.383+0000] {logging_mixin.py:150} INFO - [2023-10-08T02:51:15.370+0000] {dagbag.py:350} ERROR - Failed to import: /opt/airflow/dags/groups/group_staging_layer.py
Traceback (most recent call last):
  File "/home/airflow/.local/lib/python3.7/site-packages/airflow/models/dagbag.py", line 346, in parse
    loader.exec_module(new_module)
  File "<frozen importlib._bootstrap_external>", line 724, in exec_module
  File "<frozen importlib._bootstrap_external>", line 860, in get_code
  File "<frozen importlib._bootstrap_external>", line 791, in source_to_code
  File "<frozen importlib._bootstrap>", line 219, in _call_with_frames_removed
  File "/opt/airflow/dags/groups/group_staging_layer.py", line 10
    with TaskGroup("staging_layer", tooltip='Staging layer tasks') as group:
       ^
IndentationError: expected an indented block
[2023-10-08T02:51:15.391+0000] {processor.py:838} WARNING - No viable dags retrieved from /opt/airflow/dags/groups/group_staging_layer.py
[2023-10-08T02:51:15.549+0000] {processor.py:179} INFO - Processing /opt/airflow/dags/groups/group_staging_layer.py took 0.283 seconds
[2023-10-08T02:51:17.308+0000] {processor.py:157} INFO - Started process (PID=39006) to work on /opt/airflow/dags/groups/group_staging_layer.py
[2023-10-08T02:51:17.315+0000] {processor.py:826} INFO - Processing file /opt/airflow/dags/groups/group_staging_layer.py for tasks to queue
[2023-10-08T02:51:17.322+0000] {logging_mixin.py:150} INFO - [2023-10-08T02:51:17.320+0000] {dagbag.py:541} INFO - Filling up the DagBag from /opt/airflow/dags/groups/group_staging_layer.py
[2023-10-08T02:51:17.360+0000] {logging_mixin.py:150} INFO - [2023-10-08T02:51:17.350+0000] {dagbag.py:350} ERROR - Failed to import: /opt/airflow/dags/groups/group_staging_layer.py
Traceback (most recent call last):
  File "/home/airflow/.local/lib/python3.7/site-packages/airflow/models/dagbag.py", line 346, in parse
    loader.exec_module(new_module)
  File "<frozen importlib._bootstrap_external>", line 724, in exec_module
  File "<frozen importlib._bootstrap_external>", line 860, in get_code
  File "<frozen importlib._bootstrap_external>", line 791, in source_to_code
  File "<frozen importlib._bootstrap>", line 219, in _call_with_frames_removed
  File "/opt/airflow/dags/groups/group_staging_layer.py", line 11
    insert_into_stg_film = MsSqlOperator(
                       ^
IndentationError: expected an indented block
[2023-10-08T02:51:17.365+0000] {processor.py:838} WARNING - No viable dags retrieved from /opt/airflow/dags/groups/group_staging_layer.py
[2023-10-08T02:51:17.494+0000] {processor.py:179} INFO - Processing /opt/airflow/dags/groups/group_staging_layer.py took 0.203 seconds
[2023-10-08T02:51:25.232+0000] {processor.py:157} INFO - Started process (PID=39020) to work on /opt/airflow/dags/groups/group_staging_layer.py
[2023-10-08T02:51:25.238+0000] {processor.py:826} INFO - Processing file /opt/airflow/dags/groups/group_staging_layer.py for tasks to queue
[2023-10-08T02:51:25.246+0000] {logging_mixin.py:150} INFO - [2023-10-08T02:51:25.245+0000] {dagbag.py:541} INFO - Filling up the DagBag from /opt/airflow/dags/groups/group_staging_layer.py
[2023-10-08T02:51:25.275+0000] {processor.py:838} WARNING - No viable dags retrieved from /opt/airflow/dags/groups/group_staging_layer.py
[2023-10-08T02:51:25.331+0000] {processor.py:179} INFO - Processing /opt/airflow/dags/groups/group_staging_layer.py took 0.114 seconds
[2023-10-08T02:51:36.303+0000] {processor.py:157} INFO - Started process (PID=39049) to work on /opt/airflow/dags/groups/group_staging_layer.py
[2023-10-08T02:51:36.311+0000] {processor.py:826} INFO - Processing file /opt/airflow/dags/groups/group_staging_layer.py for tasks to queue
[2023-10-08T02:51:36.317+0000] {logging_mixin.py:150} INFO - [2023-10-08T02:51:36.316+0000] {dagbag.py:541} INFO - Filling up the DagBag from /opt/airflow/dags/groups/group_staging_layer.py
[2023-10-08T02:51:36.360+0000] {processor.py:838} WARNING - No viable dags retrieved from /opt/airflow/dags/groups/group_staging_layer.py
[2023-10-08T02:51:36.421+0000] {processor.py:179} INFO - Processing /opt/airflow/dags/groups/group_staging_layer.py took 0.136 seconds
[2023-10-08T02:51:37.543+0000] {processor.py:157} INFO - Started process (PID=39050) to work on /opt/airflow/dags/groups/group_staging_layer.py
[2023-10-08T02:51:37.547+0000] {processor.py:826} INFO - Processing file /opt/airflow/dags/groups/group_staging_layer.py for tasks to queue
[2023-10-08T02:51:37.554+0000] {logging_mixin.py:150} INFO - [2023-10-08T02:51:37.552+0000] {dagbag.py:541} INFO - Filling up the DagBag from /opt/airflow/dags/groups/group_staging_layer.py
[2023-10-08T02:51:37.592+0000] {processor.py:838} WARNING - No viable dags retrieved from /opt/airflow/dags/groups/group_staging_layer.py
[2023-10-08T02:51:37.665+0000] {processor.py:179} INFO - Processing /opt/airflow/dags/groups/group_staging_layer.py took 0.138 seconds
[2023-10-08T02:52:07.828+0000] {processor.py:157} INFO - Started process (PID=39130) to work on /opt/airflow/dags/groups/group_staging_layer.py
[2023-10-08T02:52:07.831+0000] {processor.py:826} INFO - Processing file /opt/airflow/dags/groups/group_staging_layer.py for tasks to queue
[2023-10-08T02:52:07.835+0000] {logging_mixin.py:150} INFO - [2023-10-08T02:52:07.835+0000] {dagbag.py:541} INFO - Filling up the DagBag from /opt/airflow/dags/groups/group_staging_layer.py
[2023-10-08T02:52:07.850+0000] {processor.py:838} WARNING - No viable dags retrieved from /opt/airflow/dags/groups/group_staging_layer.py
[2023-10-08T02:52:07.900+0000] {processor.py:179} INFO - Processing /opt/airflow/dags/groups/group_staging_layer.py took 0.084 seconds
[2023-10-08T02:52:15.638+0000] {processor.py:157} INFO - Started process (PID=39145) to work on /opt/airflow/dags/groups/group_staging_layer.py
[2023-10-08T02:52:15.642+0000] {processor.py:826} INFO - Processing file /opt/airflow/dags/groups/group_staging_layer.py for tasks to queue
[2023-10-08T02:52:15.645+0000] {logging_mixin.py:150} INFO - [2023-10-08T02:52:15.644+0000] {dagbag.py:541} INFO - Filling up the DagBag from /opt/airflow/dags/groups/group_staging_layer.py
[2023-10-08T02:52:15.670+0000] {processor.py:838} WARNING - No viable dags retrieved from /opt/airflow/dags/groups/group_staging_layer.py
[2023-10-08T02:52:15.707+0000] {processor.py:179} INFO - Processing /opt/airflow/dags/groups/group_staging_layer.py took 0.077 seconds
[2023-10-08T02:52:46.483+0000] {processor.py:157} INFO - Started process (PID=39220) to work on /opt/airflow/dags/groups/group_staging_layer.py
[2023-10-08T02:52:46.486+0000] {processor.py:826} INFO - Processing file /opt/airflow/dags/groups/group_staging_layer.py for tasks to queue
[2023-10-08T02:52:46.489+0000] {logging_mixin.py:150} INFO - [2023-10-08T02:52:46.489+0000] {dagbag.py:541} INFO - Filling up the DagBag from /opt/airflow/dags/groups/group_staging_layer.py
[2023-10-08T02:52:46.499+0000] {processor.py:838} WARNING - No viable dags retrieved from /opt/airflow/dags/groups/group_staging_layer.py
[2023-10-08T02:52:46.534+0000] {processor.py:179} INFO - Processing /opt/airflow/dags/groups/group_staging_layer.py took 0.058 seconds
[2023-10-08T02:53:16.738+0000] {processor.py:157} INFO - Started process (PID=39311) to work on /opt/airflow/dags/groups/group_staging_layer.py
[2023-10-08T02:53:16.744+0000] {processor.py:826} INFO - Processing file /opt/airflow/dags/groups/group_staging_layer.py for tasks to queue
[2023-10-08T02:53:16.750+0000] {logging_mixin.py:150} INFO - [2023-10-08T02:53:16.748+0000] {dagbag.py:541} INFO - Filling up the DagBag from /opt/airflow/dags/groups/group_staging_layer.py
[2023-10-08T02:53:16.767+0000] {processor.py:838} WARNING - No viable dags retrieved from /opt/airflow/dags/groups/group_staging_layer.py
[2023-10-08T02:53:16.842+0000] {processor.py:179} INFO - Processing /opt/airflow/dags/groups/group_staging_layer.py took 0.142 seconds
[2023-10-08T02:53:47.141+0000] {processor.py:157} INFO - Started process (PID=39384) to work on /opt/airflow/dags/groups/group_staging_layer.py
[2023-10-08T02:53:47.145+0000] {processor.py:826} INFO - Processing file /opt/airflow/dags/groups/group_staging_layer.py for tasks to queue
[2023-10-08T02:53:47.149+0000] {logging_mixin.py:150} INFO - [2023-10-08T02:53:47.148+0000] {dagbag.py:541} INFO - Filling up the DagBag from /opt/airflow/dags/groups/group_staging_layer.py
[2023-10-08T02:53:47.162+0000] {processor.py:838} WARNING - No viable dags retrieved from /opt/airflow/dags/groups/group_staging_layer.py
[2023-10-08T02:53:47.203+0000] {processor.py:179} INFO - Processing /opt/airflow/dags/groups/group_staging_layer.py took 0.071 seconds
[2023-10-08T02:54:17.750+0000] {processor.py:157} INFO - Started process (PID=39465) to work on /opt/airflow/dags/groups/group_staging_layer.py
[2023-10-08T02:54:17.753+0000] {processor.py:826} INFO - Processing file /opt/airflow/dags/groups/group_staging_layer.py for tasks to queue
[2023-10-08T02:54:17.756+0000] {logging_mixin.py:150} INFO - [2023-10-08T02:54:17.756+0000] {dagbag.py:541} INFO - Filling up the DagBag from /opt/airflow/dags/groups/group_staging_layer.py
[2023-10-08T02:54:17.766+0000] {processor.py:838} WARNING - No viable dags retrieved from /opt/airflow/dags/groups/group_staging_layer.py
[2023-10-08T02:54:17.798+0000] {processor.py:179} INFO - Processing /opt/airflow/dags/groups/group_staging_layer.py took 0.056 seconds
[2023-10-08T02:54:48.574+0000] {processor.py:157} INFO - Started process (PID=39556) to work on /opt/airflow/dags/groups/group_staging_layer.py
[2023-10-08T02:54:48.598+0000] {processor.py:826} INFO - Processing file /opt/airflow/dags/groups/group_staging_layer.py for tasks to queue
[2023-10-08T02:54:48.622+0000] {logging_mixin.py:150} INFO - [2023-10-08T02:54:48.621+0000] {dagbag.py:541} INFO - Filling up the DagBag from /opt/airflow/dags/groups/group_staging_layer.py
[2023-10-08T02:54:48.668+0000] {processor.py:838} WARNING - No viable dags retrieved from /opt/airflow/dags/groups/group_staging_layer.py
[2023-10-08T02:54:48.720+0000] {processor.py:179} INFO - Processing /opt/airflow/dags/groups/group_staging_layer.py took 0.155 seconds
[2023-10-08T02:55:18.948+0000] {processor.py:157} INFO - Started process (PID=39636) to work on /opt/airflow/dags/groups/group_staging_layer.py
[2023-10-08T02:55:18.950+0000] {processor.py:826} INFO - Processing file /opt/airflow/dags/groups/group_staging_layer.py for tasks to queue
[2023-10-08T02:55:18.953+0000] {logging_mixin.py:150} INFO - [2023-10-08T02:55:18.952+0000] {dagbag.py:541} INFO - Filling up the DagBag from /opt/airflow/dags/groups/group_staging_layer.py
[2023-10-08T02:55:18.965+0000] {processor.py:838} WARNING - No viable dags retrieved from /opt/airflow/dags/groups/group_staging_layer.py
[2023-10-08T02:55:18.995+0000] {processor.py:179} INFO - Processing /opt/airflow/dags/groups/group_staging_layer.py took 0.054 seconds
[2023-10-08T02:55:41.564+0000] {processor.py:157} INFO - Started process (PID=39709) to work on /opt/airflow/dags/groups/group_staging_layer.py
[2023-10-08T02:55:41.570+0000] {processor.py:826} INFO - Processing file /opt/airflow/dags/groups/group_staging_layer.py for tasks to queue
[2023-10-08T02:55:41.575+0000] {logging_mixin.py:150} INFO - [2023-10-08T02:55:41.574+0000] {dagbag.py:541} INFO - Filling up the DagBag from /opt/airflow/dags/groups/group_staging_layer.py
[2023-10-08T02:55:41.596+0000] {processor.py:838} WARNING - No viable dags retrieved from /opt/airflow/dags/groups/group_staging_layer.py
[2023-10-08T02:55:41.634+0000] {processor.py:179} INFO - Processing /opt/airflow/dags/groups/group_staging_layer.py took 0.078 seconds
[2023-10-08T02:56:07.973+0000] {processor.py:157} INFO - Started process (PID=39770) to work on /opt/airflow/dags/groups/group_staging_layer.py
[2023-10-08T02:56:07.976+0000] {processor.py:826} INFO - Processing file /opt/airflow/dags/groups/group_staging_layer.py for tasks to queue
[2023-10-08T02:56:07.979+0000] {logging_mixin.py:150} INFO - [2023-10-08T02:56:07.978+0000] {dagbag.py:541} INFO - Filling up the DagBag from /opt/airflow/dags/groups/group_staging_layer.py
[2023-10-08T02:56:07.998+0000] {processor.py:838} WARNING - No viable dags retrieved from /opt/airflow/dags/groups/group_staging_layer.py
[2023-10-08T02:56:08.033+0000] {processor.py:179} INFO - Processing /opt/airflow/dags/groups/group_staging_layer.py took 0.068 seconds
[2023-10-08T02:56:13.720+0000] {processor.py:157} INFO - Started process (PID=39790) to work on /opt/airflow/dags/groups/group_staging_layer.py
[2023-10-08T02:56:13.723+0000] {processor.py:826} INFO - Processing file /opt/airflow/dags/groups/group_staging_layer.py for tasks to queue
[2023-10-08T02:56:13.729+0000] {logging_mixin.py:150} INFO - [2023-10-08T02:56:13.727+0000] {dagbag.py:541} INFO - Filling up the DagBag from /opt/airflow/dags/groups/group_staging_layer.py
[2023-10-08T02:56:13.764+0000] {processor.py:838} WARNING - No viable dags retrieved from /opt/airflow/dags/groups/group_staging_layer.py
[2023-10-08T02:56:13.802+0000] {processor.py:179} INFO - Processing /opt/airflow/dags/groups/group_staging_layer.py took 0.093 seconds
[2023-10-08T02:56:25.741+0000] {processor.py:157} INFO - Started process (PID=39811) to work on /opt/airflow/dags/groups/group_staging_layer.py
[2023-10-08T02:56:25.744+0000] {processor.py:826} INFO - Processing file /opt/airflow/dags/groups/group_staging_layer.py for tasks to queue
[2023-10-08T02:56:25.749+0000] {logging_mixin.py:150} INFO - [2023-10-08T02:56:25.748+0000] {dagbag.py:541} INFO - Filling up the DagBag from /opt/airflow/dags/groups/group_staging_layer.py
[2023-10-08T02:56:25.780+0000] {processor.py:838} WARNING - No viable dags retrieved from /opt/airflow/dags/groups/group_staging_layer.py
[2023-10-08T02:56:25.831+0000] {processor.py:179} INFO - Processing /opt/airflow/dags/groups/group_staging_layer.py took 0.101 seconds
[2023-10-08T02:56:28.099+0000] {processor.py:157} INFO - Started process (PID=39819) to work on /opt/airflow/dags/groups/group_staging_layer.py
[2023-10-08T02:56:28.104+0000] {processor.py:826} INFO - Processing file /opt/airflow/dags/groups/group_staging_layer.py for tasks to queue
[2023-10-08T02:56:28.108+0000] {logging_mixin.py:150} INFO - [2023-10-08T02:56:28.107+0000] {dagbag.py:541} INFO - Filling up the DagBag from /opt/airflow/dags/groups/group_staging_layer.py
[2023-10-08T02:56:28.132+0000] {processor.py:838} WARNING - No viable dags retrieved from /opt/airflow/dags/groups/group_staging_layer.py
[2023-10-08T02:56:28.171+0000] {processor.py:179} INFO - Processing /opt/airflow/dags/groups/group_staging_layer.py took 0.084 seconds
[2023-10-08T02:56:30.203+0000] {processor.py:157} INFO - Started process (PID=39829) to work on /opt/airflow/dags/groups/group_staging_layer.py
[2023-10-08T02:56:30.209+0000] {processor.py:826} INFO - Processing file /opt/airflow/dags/groups/group_staging_layer.py for tasks to queue
[2023-10-08T02:56:30.217+0000] {logging_mixin.py:150} INFO - [2023-10-08T02:56:30.214+0000] {dagbag.py:541} INFO - Filling up the DagBag from /opt/airflow/dags/groups/group_staging_layer.py
[2023-10-08T02:56:30.251+0000] {processor.py:838} WARNING - No viable dags retrieved from /opt/airflow/dags/groups/group_staging_layer.py
[2023-10-08T02:56:30.304+0000] {processor.py:179} INFO - Processing /opt/airflow/dags/groups/group_staging_layer.py took 0.115 seconds
[2023-10-08T02:56:35.346+0000] {processor.py:157} INFO - Started process (PID=39849) to work on /opt/airflow/dags/groups/group_staging_layer.py
[2023-10-08T02:56:35.349+0000] {processor.py:826} INFO - Processing file /opt/airflow/dags/groups/group_staging_layer.py for tasks to queue
[2023-10-08T02:56:35.353+0000] {logging_mixin.py:150} INFO - [2023-10-08T02:56:35.352+0000] {dagbag.py:541} INFO - Filling up the DagBag from /opt/airflow/dags/groups/group_staging_layer.py
[2023-10-08T02:56:35.380+0000] {processor.py:838} WARNING - No viable dags retrieved from /opt/airflow/dags/groups/group_staging_layer.py
[2023-10-08T02:56:35.437+0000] {processor.py:179} INFO - Processing /opt/airflow/dags/groups/group_staging_layer.py took 0.102 seconds
[2023-10-08T02:56:39.004+0000] {processor.py:157} INFO - Started process (PID=39863) to work on /opt/airflow/dags/groups/group_staging_layer.py
[2023-10-08T02:56:39.007+0000] {processor.py:826} INFO - Processing file /opt/airflow/dags/groups/group_staging_layer.py for tasks to queue
[2023-10-08T02:56:39.012+0000] {logging_mixin.py:150} INFO - [2023-10-08T02:56:39.011+0000] {dagbag.py:541} INFO - Filling up the DagBag from /opt/airflow/dags/groups/group_staging_layer.py
[2023-10-08T02:56:39.035+0000] {processor.py:838} WARNING - No viable dags retrieved from /opt/airflow/dags/groups/group_staging_layer.py
[2023-10-08T02:56:39.076+0000] {processor.py:179} INFO - Processing /opt/airflow/dags/groups/group_staging_layer.py took 0.083 seconds
[2023-10-08T02:56:50.480+0000] {processor.py:157} INFO - Started process (PID=39882) to work on /opt/airflow/dags/groups/group_staging_layer.py
[2023-10-08T02:56:50.484+0000] {processor.py:826} INFO - Processing file /opt/airflow/dags/groups/group_staging_layer.py for tasks to queue
[2023-10-08T02:56:50.488+0000] {logging_mixin.py:150} INFO - [2023-10-08T02:56:50.488+0000] {dagbag.py:541} INFO - Filling up the DagBag from /opt/airflow/dags/groups/group_staging_layer.py
[2023-10-08T02:56:50.516+0000] {processor.py:838} WARNING - No viable dags retrieved from /opt/airflow/dags/groups/group_staging_layer.py
[2023-10-08T02:56:50.572+0000] {processor.py:179} INFO - Processing /opt/airflow/dags/groups/group_staging_layer.py took 0.104 seconds
[2023-10-08T02:56:52.932+0000] {processor.py:157} INFO - Started process (PID=39885) to work on /opt/airflow/dags/groups/group_staging_layer.py
[2023-10-08T02:56:52.937+0000] {processor.py:826} INFO - Processing file /opt/airflow/dags/groups/group_staging_layer.py for tasks to queue
[2023-10-08T02:56:52.941+0000] {logging_mixin.py:150} INFO - [2023-10-08T02:56:52.940+0000] {dagbag.py:541} INFO - Filling up the DagBag from /opt/airflow/dags/groups/group_staging_layer.py
[2023-10-08T02:56:52.984+0000] {processor.py:838} WARNING - No viable dags retrieved from /opt/airflow/dags/groups/group_staging_layer.py
[2023-10-08T02:56:53.042+0000] {processor.py:179} INFO - Processing /opt/airflow/dags/groups/group_staging_layer.py took 0.122 seconds
[2023-10-08T02:57:07.616+0000] {processor.py:157} INFO - Started process (PID=39932) to work on /opt/airflow/dags/groups/group_staging_layer.py
[2023-10-08T02:57:07.620+0000] {processor.py:826} INFO - Processing file /opt/airflow/dags/groups/group_staging_layer.py for tasks to queue
[2023-10-08T02:57:07.625+0000] {logging_mixin.py:150} INFO - [2023-10-08T02:57:07.624+0000] {dagbag.py:541} INFO - Filling up the DagBag from /opt/airflow/dags/groups/group_staging_layer.py
[2023-10-08T02:57:07.660+0000] {processor.py:838} WARNING - No viable dags retrieved from /opt/airflow/dags/groups/group_staging_layer.py
[2023-10-08T02:57:07.706+0000] {processor.py:179} INFO - Processing /opt/airflow/dags/groups/group_staging_layer.py took 0.103 seconds
[2023-10-08T02:57:10.818+0000] {processor.py:157} INFO - Started process (PID=39946) to work on /opt/airflow/dags/groups/group_staging_layer.py
[2023-10-08T02:57:10.823+0000] {processor.py:826} INFO - Processing file /opt/airflow/dags/groups/group_staging_layer.py for tasks to queue
[2023-10-08T02:57:10.827+0000] {logging_mixin.py:150} INFO - [2023-10-08T02:57:10.826+0000] {dagbag.py:541} INFO - Filling up the DagBag from /opt/airflow/dags/groups/group_staging_layer.py
[2023-10-08T02:57:10.854+0000] {processor.py:838} WARNING - No viable dags retrieved from /opt/airflow/dags/groups/group_staging_layer.py
[2023-10-08T02:57:10.894+0000] {processor.py:179} INFO - Processing /opt/airflow/dags/groups/group_staging_layer.py took 0.086 seconds
[2023-10-08T02:57:41.026+0000] {processor.py:157} INFO - Started process (PID=40019) to work on /opt/airflow/dags/groups/group_staging_layer.py
[2023-10-08T02:57:41.030+0000] {processor.py:826} INFO - Processing file /opt/airflow/dags/groups/group_staging_layer.py for tasks to queue
[2023-10-08T02:57:41.033+0000] {logging_mixin.py:150} INFO - [2023-10-08T02:57:41.033+0000] {dagbag.py:541} INFO - Filling up the DagBag from /opt/airflow/dags/groups/group_staging_layer.py
[2023-10-08T02:57:41.046+0000] {processor.py:838} WARNING - No viable dags retrieved from /opt/airflow/dags/groups/group_staging_layer.py
[2023-10-08T02:57:41.087+0000] {processor.py:179} INFO - Processing /opt/airflow/dags/groups/group_staging_layer.py took 0.071 seconds
[2023-10-08T02:57:55.509+0000] {processor.py:157} INFO - Started process (PID=40047) to work on /opt/airflow/dags/groups/group_staging_layer.py
[2023-10-08T02:57:55.513+0000] {processor.py:826} INFO - Processing file /opt/airflow/dags/groups/group_staging_layer.py for tasks to queue
[2023-10-08T02:57:55.516+0000] {logging_mixin.py:150} INFO - [2023-10-08T02:57:55.515+0000] {dagbag.py:541} INFO - Filling up the DagBag from /opt/airflow/dags/groups/group_staging_layer.py
[2023-10-08T02:57:55.542+0000] {processor.py:838} WARNING - No viable dags retrieved from /opt/airflow/dags/groups/group_staging_layer.py
[2023-10-08T02:57:55.582+0000] {processor.py:179} INFO - Processing /opt/airflow/dags/groups/group_staging_layer.py took 0.083 seconds
[2023-10-08T02:58:04.051+0000] {processor.py:157} INFO - Started process (PID=40070) to work on /opt/airflow/dags/groups/group_staging_layer.py
[2023-10-08T02:58:04.059+0000] {processor.py:826} INFO - Processing file /opt/airflow/dags/groups/group_staging_layer.py for tasks to queue
[2023-10-08T02:58:04.064+0000] {logging_mixin.py:150} INFO - [2023-10-08T02:58:04.063+0000] {dagbag.py:541} INFO - Filling up the DagBag from /opt/airflow/dags/groups/group_staging_layer.py
[2023-10-08T02:58:04.090+0000] {processor.py:838} WARNING - No viable dags retrieved from /opt/airflow/dags/groups/group_staging_layer.py
[2023-10-08T02:58:04.129+0000] {processor.py:179} INFO - Processing /opt/airflow/dags/groups/group_staging_layer.py took 0.095 seconds
[2023-10-08T02:58:07.843+0000] {processor.py:157} INFO - Started process (PID=40086) to work on /opt/airflow/dags/groups/group_staging_layer.py
[2023-10-08T02:58:07.846+0000] {processor.py:826} INFO - Processing file /opt/airflow/dags/groups/group_staging_layer.py for tasks to queue
[2023-10-08T02:58:07.850+0000] {logging_mixin.py:150} INFO - [2023-10-08T02:58:07.849+0000] {dagbag.py:541} INFO - Filling up the DagBag from /opt/airflow/dags/groups/group_staging_layer.py
[2023-10-08T02:58:07.877+0000] {processor.py:838} WARNING - No viable dags retrieved from /opt/airflow/dags/groups/group_staging_layer.py
[2023-10-08T02:58:07.916+0000] {processor.py:179} INFO - Processing /opt/airflow/dags/groups/group_staging_layer.py took 0.084 seconds
[2023-10-08T02:58:13.829+0000] {processor.py:157} INFO - Started process (PID=40110) to work on /opt/airflow/dags/groups/group_staging_layer.py
[2023-10-08T02:58:13.835+0000] {processor.py:826} INFO - Processing file /opt/airflow/dags/groups/group_staging_layer.py for tasks to queue
[2023-10-08T02:58:13.840+0000] {logging_mixin.py:150} INFO - [2023-10-08T02:58:13.839+0000] {dagbag.py:541} INFO - Filling up the DagBag from /opt/airflow/dags/groups/group_staging_layer.py
[2023-10-08T02:58:13.873+0000] {processor.py:838} WARNING - No viable dags retrieved from /opt/airflow/dags/groups/group_staging_layer.py
[2023-10-08T02:58:13.922+0000] {processor.py:179} INFO - Processing /opt/airflow/dags/groups/group_staging_layer.py took 0.104 seconds
[2023-10-08T02:58:18.181+0000] {processor.py:157} INFO - Started process (PID=40122) to work on /opt/airflow/dags/groups/group_staging_layer.py
[2023-10-08T02:58:18.184+0000] {processor.py:826} INFO - Processing file /opt/airflow/dags/groups/group_staging_layer.py for tasks to queue
[2023-10-08T02:58:18.187+0000] {logging_mixin.py:150} INFO - [2023-10-08T02:58:18.187+0000] {dagbag.py:541} INFO - Filling up the DagBag from /opt/airflow/dags/groups/group_staging_layer.py
[2023-10-08T02:58:18.212+0000] {processor.py:838} WARNING - No viable dags retrieved from /opt/airflow/dags/groups/group_staging_layer.py
[2023-10-08T02:58:18.249+0000] {processor.py:179} INFO - Processing /opt/airflow/dags/groups/group_staging_layer.py took 0.077 seconds
[2023-10-08T02:58:19.195+0000] {processor.py:157} INFO - Started process (PID=40123) to work on /opt/airflow/dags/groups/group_staging_layer.py
[2023-10-08T02:58:19.199+0000] {processor.py:826} INFO - Processing file /opt/airflow/dags/groups/group_staging_layer.py for tasks to queue
[2023-10-08T02:58:19.203+0000] {logging_mixin.py:150} INFO - [2023-10-08T02:58:19.202+0000] {dagbag.py:541} INFO - Filling up the DagBag from /opt/airflow/dags/groups/group_staging_layer.py
[2023-10-08T02:58:19.229+0000] {processor.py:838} WARNING - No viable dags retrieved from /opt/airflow/dags/groups/group_staging_layer.py
[2023-10-08T02:58:19.273+0000] {processor.py:179} INFO - Processing /opt/airflow/dags/groups/group_staging_layer.py took 0.088 seconds
[2023-10-08T02:58:53.387+0000] {processor.py:157} INFO - Started process (PID=40210) to work on /opt/airflow/dags/groups/group_staging_layer.py
[2023-10-08T02:58:53.397+0000] {processor.py:826} INFO - Processing file /opt/airflow/dags/groups/group_staging_layer.py for tasks to queue
[2023-10-08T02:58:53.402+0000] {logging_mixin.py:150} INFO - [2023-10-08T02:58:53.401+0000] {dagbag.py:541} INFO - Filling up the DagBag from /opt/airflow/dags/groups/group_staging_layer.py
[2023-10-08T02:58:53.430+0000] {processor.py:838} WARNING - No viable dags retrieved from /opt/airflow/dags/groups/group_staging_layer.py
[2023-10-08T02:58:53.518+0000] {processor.py:179} INFO - Processing /opt/airflow/dags/groups/group_staging_layer.py took 0.145 seconds
[2023-10-08T02:59:40.189+0000] {processor.py:157} INFO - Started process (PID=40279) to work on /opt/airflow/dags/groups/group_staging_layer.py
[2023-10-08T02:59:40.203+0000] {processor.py:826} INFO - Processing file /opt/airflow/dags/groups/group_staging_layer.py for tasks to queue
[2023-10-08T02:59:40.215+0000] {logging_mixin.py:150} INFO - [2023-10-08T02:59:40.213+0000] {dagbag.py:541} INFO - Filling up the DagBag from /opt/airflow/dags/groups/group_staging_layer.py
[2023-10-08T02:59:40.252+0000] {processor.py:838} WARNING - No viable dags retrieved from /opt/airflow/dags/groups/group_staging_layer.py
[2023-10-08T02:59:40.350+0000] {processor.py:179} INFO - Processing /opt/airflow/dags/groups/group_staging_layer.py took 0.202 seconds
[2023-10-08T03:00:10.512+0000] {processor.py:157} INFO - Started process (PID=40359) to work on /opt/airflow/dags/groups/group_staging_layer.py
[2023-10-08T03:00:10.515+0000] {processor.py:826} INFO - Processing file /opt/airflow/dags/groups/group_staging_layer.py for tasks to queue
[2023-10-08T03:00:10.518+0000] {logging_mixin.py:150} INFO - [2023-10-08T03:00:10.517+0000] {dagbag.py:541} INFO - Filling up the DagBag from /opt/airflow/dags/groups/group_staging_layer.py
[2023-10-08T03:00:10.529+0000] {processor.py:838} WARNING - No viable dags retrieved from /opt/airflow/dags/groups/group_staging_layer.py
[2023-10-08T03:00:10.567+0000] {processor.py:179} INFO - Processing /opt/airflow/dags/groups/group_staging_layer.py took 0.064 seconds
[2023-10-08T03:00:40.686+0000] {processor.py:157} INFO - Started process (PID=40436) to work on /opt/airflow/dags/groups/group_staging_layer.py
[2023-10-08T03:00:40.688+0000] {processor.py:826} INFO - Processing file /opt/airflow/dags/groups/group_staging_layer.py for tasks to queue
[2023-10-08T03:00:40.690+0000] {logging_mixin.py:150} INFO - [2023-10-08T03:00:40.690+0000] {dagbag.py:541} INFO - Filling up the DagBag from /opt/airflow/dags/groups/group_staging_layer.py
[2023-10-08T03:00:40.696+0000] {processor.py:838} WARNING - No viable dags retrieved from /opt/airflow/dags/groups/group_staging_layer.py
[2023-10-08T03:00:40.716+0000] {processor.py:179} INFO - Processing /opt/airflow/dags/groups/group_staging_layer.py took 0.035 seconds
[2023-10-08T03:01:10.760+0000] {processor.py:157} INFO - Started process (PID=40516) to work on /opt/airflow/dags/groups/group_staging_layer.py
[2023-10-08T03:01:10.762+0000] {processor.py:826} INFO - Processing file /opt/airflow/dags/groups/group_staging_layer.py for tasks to queue
[2023-10-08T03:01:10.764+0000] {logging_mixin.py:150} INFO - [2023-10-08T03:01:10.764+0000] {dagbag.py:541} INFO - Filling up the DagBag from /opt/airflow/dags/groups/group_staging_layer.py
[2023-10-08T03:01:10.771+0000] {processor.py:838} WARNING - No viable dags retrieved from /opt/airflow/dags/groups/group_staging_layer.py
[2023-10-08T03:01:10.796+0000] {processor.py:179} INFO - Processing /opt/airflow/dags/groups/group_staging_layer.py took 0.043 seconds
