[2023-10-08T02:48:00.677+0000] {processor.py:157} INFO - Started process (PID=38476) to work on /opt/airflow/dags/groups/group_mapping_layer.py
[2023-10-08T02:48:00.682+0000] {processor.py:826} INFO - Processing file /opt/airflow/dags/groups/group_mapping_layer.py for tasks to queue
[2023-10-08T02:48:00.686+0000] {logging_mixin.py:150} INFO - [2023-10-08T02:48:00.685+0000] {dagbag.py:541} INFO - Filling up the DagBag from /opt/airflow/dags/groups/group_mapping_layer.py
[2023-10-08T02:48:00.717+0000] {processor.py:838} WARNING - No viable dags retrieved from /opt/airflow/dags/groups/group_mapping_layer.py
[2023-10-08T02:48:00.766+0000] {processor.py:179} INFO - Processing /opt/airflow/dags/groups/group_mapping_layer.py took 0.101 seconds
[2023-10-08T02:48:31.028+0000] {processor.py:157} INFO - Started process (PID=38556) to work on /opt/airflow/dags/groups/group_mapping_layer.py
[2023-10-08T02:48:31.031+0000] {processor.py:826} INFO - Processing file /opt/airflow/dags/groups/group_mapping_layer.py for tasks to queue
[2023-10-08T02:48:31.034+0000] {logging_mixin.py:150} INFO - [2023-10-08T02:48:31.034+0000] {dagbag.py:541} INFO - Filling up the DagBag from /opt/airflow/dags/groups/group_mapping_layer.py
[2023-10-08T02:48:31.053+0000] {processor.py:838} WARNING - No viable dags retrieved from /opt/airflow/dags/groups/group_mapping_layer.py
[2023-10-08T02:48:31.105+0000] {processor.py:179} INFO - Processing /opt/airflow/dags/groups/group_mapping_layer.py took 0.086 seconds
[2023-10-08T02:49:01.573+0000] {processor.py:157} INFO - Started process (PID=38652) to work on /opt/airflow/dags/groups/group_mapping_layer.py
[2023-10-08T02:49:01.579+0000] {processor.py:826} INFO - Processing file /opt/airflow/dags/groups/group_mapping_layer.py for tasks to queue
[2023-10-08T02:49:01.584+0000] {logging_mixin.py:150} INFO - [2023-10-08T02:49:01.583+0000] {dagbag.py:541} INFO - Filling up the DagBag from /opt/airflow/dags/groups/group_mapping_layer.py
[2023-10-08T02:49:01.605+0000] {processor.py:838} WARNING - No viable dags retrieved from /opt/airflow/dags/groups/group_mapping_layer.py
[2023-10-08T02:49:01.692+0000] {processor.py:179} INFO - Processing /opt/airflow/dags/groups/group_mapping_layer.py took 0.146 seconds
[2023-10-08T02:49:32.097+0000] {processor.py:157} INFO - Started process (PID=38733) to work on /opt/airflow/dags/groups/group_mapping_layer.py
[2023-10-08T02:49:32.110+0000] {processor.py:826} INFO - Processing file /opt/airflow/dags/groups/group_mapping_layer.py for tasks to queue
[2023-10-08T02:49:32.120+0000] {logging_mixin.py:150} INFO - [2023-10-08T02:49:32.117+0000] {dagbag.py:541} INFO - Filling up the DagBag from /opt/airflow/dags/groups/group_mapping_layer.py
[2023-10-08T02:49:32.148+0000] {processor.py:838} WARNING - No viable dags retrieved from /opt/airflow/dags/groups/group_mapping_layer.py
[2023-10-08T02:49:32.203+0000] {processor.py:179} INFO - Processing /opt/airflow/dags/groups/group_mapping_layer.py took 0.134 seconds
[2023-10-08T02:50:02.784+0000] {processor.py:157} INFO - Started process (PID=38804) to work on /opt/airflow/dags/groups/group_mapping_layer.py
[2023-10-08T02:50:02.788+0000] {processor.py:826} INFO - Processing file /opt/airflow/dags/groups/group_mapping_layer.py for tasks to queue
[2023-10-08T02:50:02.791+0000] {logging_mixin.py:150} INFO - [2023-10-08T02:50:02.790+0000] {dagbag.py:541} INFO - Filling up the DagBag from /opt/airflow/dags/groups/group_mapping_layer.py
[2023-10-08T02:50:02.804+0000] {processor.py:838} WARNING - No viable dags retrieved from /opt/airflow/dags/groups/group_mapping_layer.py
[2023-10-08T02:50:02.845+0000] {processor.py:179} INFO - Processing /opt/airflow/dags/groups/group_mapping_layer.py took 0.071 seconds
[2023-10-08T02:50:33.020+0000] {processor.py:157} INFO - Started process (PID=38880) to work on /opt/airflow/dags/groups/group_mapping_layer.py
[2023-10-08T02:50:33.024+0000] {processor.py:826} INFO - Processing file /opt/airflow/dags/groups/group_mapping_layer.py for tasks to queue
[2023-10-08T02:50:33.027+0000] {logging_mixin.py:150} INFO - [2023-10-08T02:50:33.027+0000] {dagbag.py:541} INFO - Filling up the DagBag from /opt/airflow/dags/groups/group_mapping_layer.py
[2023-10-08T02:50:33.040+0000] {processor.py:838} WARNING - No viable dags retrieved from /opt/airflow/dags/groups/group_mapping_layer.py
[2023-10-08T02:50:33.082+0000] {processor.py:179} INFO - Processing /opt/airflow/dags/groups/group_mapping_layer.py took 0.071 seconds
[2023-10-08T02:51:03.717+0000] {processor.py:157} INFO - Started process (PID=38964) to work on /opt/airflow/dags/groups/group_mapping_layer.py
[2023-10-08T02:51:03.722+0000] {processor.py:826} INFO - Processing file /opt/airflow/dags/groups/group_mapping_layer.py for tasks to queue
[2023-10-08T02:51:03.727+0000] {logging_mixin.py:150} INFO - [2023-10-08T02:51:03.726+0000] {dagbag.py:541} INFO - Filling up the DagBag from /opt/airflow/dags/groups/group_mapping_layer.py
[2023-10-08T02:51:03.744+0000] {processor.py:838} WARNING - No viable dags retrieved from /opt/airflow/dags/groups/group_mapping_layer.py
[2023-10-08T02:51:03.836+0000] {processor.py:179} INFO - Processing /opt/airflow/dags/groups/group_mapping_layer.py took 0.136 seconds
[2023-10-08T02:51:34.262+0000] {processor.py:157} INFO - Started process (PID=39048) to work on /opt/airflow/dags/groups/group_mapping_layer.py
[2023-10-08T02:51:34.268+0000] {processor.py:826} INFO - Processing file /opt/airflow/dags/groups/group_mapping_layer.py for tasks to queue
[2023-10-08T02:51:34.276+0000] {logging_mixin.py:150} INFO - [2023-10-08T02:51:34.275+0000] {dagbag.py:541} INFO - Filling up the DagBag from /opt/airflow/dags/groups/group_mapping_layer.py
[2023-10-08T02:51:34.298+0000] {processor.py:838} WARNING - No viable dags retrieved from /opt/airflow/dags/groups/group_mapping_layer.py
[2023-10-08T02:51:34.366+0000] {processor.py:179} INFO - Processing /opt/airflow/dags/groups/group_mapping_layer.py took 0.148 seconds
[2023-10-08T02:52:04.643+0000] {processor.py:157} INFO - Started process (PID=39126) to work on /opt/airflow/dags/groups/group_mapping_layer.py
[2023-10-08T02:52:04.647+0000] {processor.py:826} INFO - Processing file /opt/airflow/dags/groups/group_mapping_layer.py for tasks to queue
[2023-10-08T02:52:04.652+0000] {logging_mixin.py:150} INFO - [2023-10-08T02:52:04.651+0000] {dagbag.py:541} INFO - Filling up the DagBag from /opt/airflow/dags/groups/group_mapping_layer.py
[2023-10-08T02:52:04.665+0000] {processor.py:838} WARNING - No viable dags retrieved from /opt/airflow/dags/groups/group_mapping_layer.py
[2023-10-08T02:52:04.705+0000] {processor.py:179} INFO - Processing /opt/airflow/dags/groups/group_mapping_layer.py took 0.074 seconds
[2023-10-08T02:52:07.756+0000] {processor.py:157} INFO - Started process (PID=39129) to work on /opt/airflow/dags/groups/group_mapping_layer.py
[2023-10-08T02:52:07.760+0000] {processor.py:826} INFO - Processing file /opt/airflow/dags/groups/group_mapping_layer.py for tasks to queue
[2023-10-08T02:52:07.765+0000] {logging_mixin.py:150} INFO - [2023-10-08T02:52:07.764+0000] {dagbag.py:541} INFO - Filling up the DagBag from /opt/airflow/dags/groups/group_mapping_layer.py
[2023-10-08T02:52:07.797+0000] {processor.py:838} WARNING - No viable dags retrieved from /opt/airflow/dags/groups/group_mapping_layer.py
[2023-10-08T02:52:07.853+0000] {processor.py:179} INFO - Processing /opt/airflow/dags/groups/group_mapping_layer.py took 0.113 seconds
[2023-10-08T02:52:23.945+0000] {processor.py:157} INFO - Started process (PID=39175) to work on /opt/airflow/dags/groups/group_mapping_layer.py
[2023-10-08T02:52:23.953+0000] {processor.py:826} INFO - Processing file /opt/airflow/dags/groups/group_mapping_layer.py for tasks to queue
[2023-10-08T02:52:23.969+0000] {logging_mixin.py:150} INFO - [2023-10-08T02:52:23.964+0000] {dagbag.py:541} INFO - Filling up the DagBag from /opt/airflow/dags/groups/group_mapping_layer.py
[2023-10-08T02:52:24.034+0000] {processor.py:838} WARNING - No viable dags retrieved from /opt/airflow/dags/groups/group_mapping_layer.py
[2023-10-08T02:52:24.118+0000] {processor.py:179} INFO - Processing /opt/airflow/dags/groups/group_mapping_layer.py took 0.199 seconds
[2023-10-08T02:52:25.238+0000] {processor.py:157} INFO - Started process (PID=39179) to work on /opt/airflow/dags/groups/group_mapping_layer.py
[2023-10-08T02:52:25.241+0000] {processor.py:826} INFO - Processing file /opt/airflow/dags/groups/group_mapping_layer.py for tasks to queue
[2023-10-08T02:52:25.244+0000] {logging_mixin.py:150} INFO - [2023-10-08T02:52:25.243+0000] {dagbag.py:541} INFO - Filling up the DagBag from /opt/airflow/dags/groups/group_mapping_layer.py
[2023-10-08T02:52:25.273+0000] {processor.py:838} WARNING - No viable dags retrieved from /opt/airflow/dags/groups/group_mapping_layer.py
[2023-10-08T02:52:25.316+0000] {processor.py:179} INFO - Processing /opt/airflow/dags/groups/group_mapping_layer.py took 0.087 seconds
[2023-10-08T02:52:28.020+0000] {processor.py:157} INFO - Started process (PID=39186) to work on /opt/airflow/dags/groups/group_mapping_layer.py
[2023-10-08T02:52:28.024+0000] {processor.py:826} INFO - Processing file /opt/airflow/dags/groups/group_mapping_layer.py for tasks to queue
[2023-10-08T02:52:28.028+0000] {logging_mixin.py:150} INFO - [2023-10-08T02:52:28.027+0000] {dagbag.py:541} INFO - Filling up the DagBag from /opt/airflow/dags/groups/group_mapping_layer.py
[2023-10-08T02:52:28.052+0000] {processor.py:838} WARNING - No viable dags retrieved from /opt/airflow/dags/groups/group_mapping_layer.py
[2023-10-08T02:52:28.095+0000] {processor.py:179} INFO - Processing /opt/airflow/dags/groups/group_mapping_layer.py took 0.085 seconds
[2023-10-08T02:52:58.963+0000] {processor.py:157} INFO - Started process (PID=39267) to work on /opt/airflow/dags/groups/group_mapping_layer.py
[2023-10-08T02:52:58.966+0000] {processor.py:826} INFO - Processing file /opt/airflow/dags/groups/group_mapping_layer.py for tasks to queue
[2023-10-08T02:52:58.970+0000] {logging_mixin.py:150} INFO - [2023-10-08T02:52:58.969+0000] {dagbag.py:541} INFO - Filling up the DagBag from /opt/airflow/dags/groups/group_mapping_layer.py
[2023-10-08T02:52:58.988+0000] {processor.py:838} WARNING - No viable dags retrieved from /opt/airflow/dags/groups/group_mapping_layer.py
[2023-10-08T02:52:59.033+0000] {processor.py:179} INFO - Processing /opt/airflow/dags/groups/group_mapping_layer.py took 0.082 seconds
[2023-10-08T02:53:29.434+0000] {processor.py:157} INFO - Started process (PID=39350) to work on /opt/airflow/dags/groups/group_mapping_layer.py
[2023-10-08T02:53:29.438+0000] {processor.py:826} INFO - Processing file /opt/airflow/dags/groups/group_mapping_layer.py for tasks to queue
[2023-10-08T02:53:29.441+0000] {logging_mixin.py:150} INFO - [2023-10-08T02:53:29.441+0000] {dagbag.py:541} INFO - Filling up the DagBag from /opt/airflow/dags/groups/group_mapping_layer.py
[2023-10-08T02:53:29.459+0000] {processor.py:838} WARNING - No viable dags retrieved from /opt/airflow/dags/groups/group_mapping_layer.py
[2023-10-08T02:53:29.509+0000] {processor.py:179} INFO - Processing /opt/airflow/dags/groups/group_mapping_layer.py took 0.085 seconds
[2023-10-08T02:53:59.818+0000] {processor.py:157} INFO - Started process (PID=39430) to work on /opt/airflow/dags/groups/group_mapping_layer.py
[2023-10-08T02:53:59.822+0000] {processor.py:826} INFO - Processing file /opt/airflow/dags/groups/group_mapping_layer.py for tasks to queue
[2023-10-08T02:53:59.825+0000] {logging_mixin.py:150} INFO - [2023-10-08T02:53:59.824+0000] {dagbag.py:541} INFO - Filling up the DagBag from /opt/airflow/dags/groups/group_mapping_layer.py
[2023-10-08T02:53:59.849+0000] {processor.py:838} WARNING - No viable dags retrieved from /opt/airflow/dags/groups/group_mapping_layer.py
[2023-10-08T02:53:59.883+0000] {processor.py:179} INFO - Processing /opt/airflow/dags/groups/group_mapping_layer.py took 0.074 seconds
[2023-10-08T02:54:30.206+0000] {processor.py:157} INFO - Started process (PID=39511) to work on /opt/airflow/dags/groups/group_mapping_layer.py
[2023-10-08T02:54:30.209+0000] {processor.py:826} INFO - Processing file /opt/airflow/dags/groups/group_mapping_layer.py for tasks to queue
[2023-10-08T02:54:30.211+0000] {logging_mixin.py:150} INFO - [2023-10-08T02:54:30.211+0000] {dagbag.py:541} INFO - Filling up the DagBag from /opt/airflow/dags/groups/group_mapping_layer.py
[2023-10-08T02:54:30.222+0000] {processor.py:838} WARNING - No viable dags retrieved from /opt/airflow/dags/groups/group_mapping_layer.py
[2023-10-08T02:54:30.253+0000] {processor.py:179} INFO - Processing /opt/airflow/dags/groups/group_mapping_layer.py took 0.054 seconds
[2023-10-08T02:55:00.569+0000] {processor.py:157} INFO - Started process (PID=39601) to work on /opt/airflow/dags/groups/group_mapping_layer.py
[2023-10-08T02:55:00.572+0000] {processor.py:826} INFO - Processing file /opt/airflow/dags/groups/group_mapping_layer.py for tasks to queue
[2023-10-08T02:55:00.575+0000] {logging_mixin.py:150} INFO - [2023-10-08T02:55:00.574+0000] {dagbag.py:541} INFO - Filling up the DagBag from /opt/airflow/dags/groups/group_mapping_layer.py
[2023-10-08T02:55:00.589+0000] {processor.py:838} WARNING - No viable dags retrieved from /opt/airflow/dags/groups/group_mapping_layer.py
[2023-10-08T02:55:00.627+0000] {processor.py:179} INFO - Processing /opt/airflow/dags/groups/group_mapping_layer.py took 0.066 seconds
[2023-10-08T02:55:31.205+0000] {processor.py:157} INFO - Started process (PID=39679) to work on /opt/airflow/dags/groups/group_mapping_layer.py
[2023-10-08T02:55:31.208+0000] {processor.py:826} INFO - Processing file /opt/airflow/dags/groups/group_mapping_layer.py for tasks to queue
[2023-10-08T02:55:31.212+0000] {logging_mixin.py:150} INFO - [2023-10-08T02:55:31.211+0000] {dagbag.py:541} INFO - Filling up the DagBag from /opt/airflow/dags/groups/group_mapping_layer.py
[2023-10-08T02:55:31.224+0000] {processor.py:838} WARNING - No viable dags retrieved from /opt/airflow/dags/groups/group_mapping_layer.py
[2023-10-08T02:55:31.278+0000] {processor.py:179} INFO - Processing /opt/airflow/dags/groups/group_mapping_layer.py took 0.082 seconds
[2023-10-08T02:56:01.395+0000] {processor.py:157} INFO - Started process (PID=39756) to work on /opt/airflow/dags/groups/group_mapping_layer.py
[2023-10-08T02:56:01.399+0000] {processor.py:826} INFO - Processing file /opt/airflow/dags/groups/group_mapping_layer.py for tasks to queue
[2023-10-08T02:56:01.403+0000] {logging_mixin.py:150} INFO - [2023-10-08T02:56:01.402+0000] {dagbag.py:541} INFO - Filling up the DagBag from /opt/airflow/dags/groups/group_mapping_layer.py
[2023-10-08T02:56:01.416+0000] {processor.py:838} WARNING - No viable dags retrieved from /opt/airflow/dags/groups/group_mapping_layer.py
[2023-10-08T02:56:01.458+0000] {processor.py:179} INFO - Processing /opt/airflow/dags/groups/group_mapping_layer.py took 0.072 seconds
[2023-10-08T02:56:32.193+0000] {processor.py:157} INFO - Started process (PID=39840) to work on /opt/airflow/dags/groups/group_mapping_layer.py
[2023-10-08T02:56:32.197+0000] {processor.py:826} INFO - Processing file /opt/airflow/dags/groups/group_mapping_layer.py for tasks to queue
[2023-10-08T02:56:32.200+0000] {logging_mixin.py:150} INFO - [2023-10-08T02:56:32.199+0000] {dagbag.py:541} INFO - Filling up the DagBag from /opt/airflow/dags/groups/group_mapping_layer.py
[2023-10-08T02:56:32.212+0000] {processor.py:838} WARNING - No viable dags retrieved from /opt/airflow/dags/groups/group_mapping_layer.py
[2023-10-08T02:56:32.248+0000] {processor.py:179} INFO - Processing /opt/airflow/dags/groups/group_mapping_layer.py took 0.065 seconds
[2023-10-08T02:57:04.449+0000] {processor.py:157} INFO - Started process (PID=39921) to work on /opt/airflow/dags/groups/group_mapping_layer.py
[2023-10-08T02:57:04.454+0000] {processor.py:826} INFO - Processing file /opt/airflow/dags/groups/group_mapping_layer.py for tasks to queue
[2023-10-08T02:57:04.459+0000] {logging_mixin.py:150} INFO - [2023-10-08T02:57:04.458+0000] {dagbag.py:541} INFO - Filling up the DagBag from /opt/airflow/dags/groups/group_mapping_layer.py
[2023-10-08T02:57:04.474+0000] {processor.py:838} WARNING - No viable dags retrieved from /opt/airflow/dags/groups/group_mapping_layer.py
[2023-10-08T02:57:04.524+0000] {processor.py:179} INFO - Processing /opt/airflow/dags/groups/group_mapping_layer.py took 0.085 seconds
[2023-10-08T02:57:34.750+0000] {processor.py:157} INFO - Started process (PID=39997) to work on /opt/airflow/dags/groups/group_mapping_layer.py
[2023-10-08T02:57:34.754+0000] {processor.py:826} INFO - Processing file /opt/airflow/dags/groups/group_mapping_layer.py for tasks to queue
[2023-10-08T02:57:34.757+0000] {logging_mixin.py:150} INFO - [2023-10-08T02:57:34.756+0000] {dagbag.py:541} INFO - Filling up the DagBag from /opt/airflow/dags/groups/group_mapping_layer.py
[2023-10-08T02:57:34.769+0000] {processor.py:838} WARNING - No viable dags retrieved from /opt/airflow/dags/groups/group_mapping_layer.py
[2023-10-08T02:57:34.823+0000] {processor.py:179} INFO - Processing /opt/airflow/dags/groups/group_mapping_layer.py took 0.082 seconds
[2023-10-08T02:58:05.141+0000] {processor.py:157} INFO - Started process (PID=40073) to work on /opt/airflow/dags/groups/group_mapping_layer.py
[2023-10-08T02:58:05.144+0000] {processor.py:826} INFO - Processing file /opt/airflow/dags/groups/group_mapping_layer.py for tasks to queue
[2023-10-08T02:58:05.148+0000] {logging_mixin.py:150} INFO - [2023-10-08T02:58:05.147+0000] {dagbag.py:541} INFO - Filling up the DagBag from /opt/airflow/dags/groups/group_mapping_layer.py
[2023-10-08T02:58:05.159+0000] {processor.py:838} WARNING - No viable dags retrieved from /opt/airflow/dags/groups/group_mapping_layer.py
[2023-10-08T02:58:05.201+0000] {processor.py:179} INFO - Processing /opt/airflow/dags/groups/group_mapping_layer.py took 0.069 seconds
[2023-10-08T02:58:36.387+0000] {processor.py:157} INFO - Started process (PID=40162) to work on /opt/airflow/dags/groups/group_mapping_layer.py
[2023-10-08T02:58:36.397+0000] {processor.py:826} INFO - Processing file /opt/airflow/dags/groups/group_mapping_layer.py for tasks to queue
[2023-10-08T02:58:36.419+0000] {logging_mixin.py:150} INFO - [2023-10-08T02:58:36.418+0000] {dagbag.py:541} INFO - Filling up the DagBag from /opt/airflow/dags/groups/group_mapping_layer.py
[2023-10-08T02:58:36.478+0000] {processor.py:838} WARNING - No viable dags retrieved from /opt/airflow/dags/groups/group_mapping_layer.py
[2023-10-08T02:58:36.537+0000] {processor.py:179} INFO - Processing /opt/airflow/dags/groups/group_mapping_layer.py took 0.184 seconds
[2023-10-08T02:59:07.477+0000] {processor.py:157} INFO - Started process (PID=40253) to work on /opt/airflow/dags/groups/group_mapping_layer.py
[2023-10-08T02:59:07.484+0000] {processor.py:826} INFO - Processing file /opt/airflow/dags/groups/group_mapping_layer.py for tasks to queue
[2023-10-08T02:59:07.490+0000] {logging_mixin.py:150} INFO - [2023-10-08T02:59:07.489+0000] {dagbag.py:541} INFO - Filling up the DagBag from /opt/airflow/dags/groups/group_mapping_layer.py
[2023-10-08T02:59:07.529+0000] {processor.py:838} WARNING - No viable dags retrieved from /opt/airflow/dags/groups/group_mapping_layer.py
[2023-10-08T02:59:07.651+0000] {processor.py:179} INFO - Processing /opt/airflow/dags/groups/group_mapping_layer.py took 0.201 seconds
[2023-10-08T02:59:40.681+0000] {processor.py:157} INFO - Started process (PID=40281) to work on /opt/airflow/dags/groups/group_mapping_layer.py
[2023-10-08T02:59:40.706+0000] {processor.py:826} INFO - Processing file /opt/airflow/dags/groups/group_mapping_layer.py for tasks to queue
[2023-10-08T02:59:40.717+0000] {logging_mixin.py:150} INFO - [2023-10-08T02:59:40.716+0000] {dagbag.py:541} INFO - Filling up the DagBag from /opt/airflow/dags/groups/group_mapping_layer.py
[2023-10-08T02:59:40.825+0000] {processor.py:838} WARNING - No viable dags retrieved from /opt/airflow/dags/groups/group_mapping_layer.py
[2023-10-08T02:59:41.031+0000] {processor.py:179} INFO - Processing /opt/airflow/dags/groups/group_mapping_layer.py took 0.430 seconds
[2023-10-08T03:00:11.595+0000] {processor.py:157} INFO - Started process (PID=40360) to work on /opt/airflow/dags/groups/group_mapping_layer.py
[2023-10-08T03:00:11.600+0000] {processor.py:826} INFO - Processing file /opt/airflow/dags/groups/group_mapping_layer.py for tasks to queue
[2023-10-08T03:00:11.604+0000] {logging_mixin.py:150} INFO - [2023-10-08T03:00:11.603+0000] {dagbag.py:541} INFO - Filling up the DagBag from /opt/airflow/dags/groups/group_mapping_layer.py
[2023-10-08T03:00:11.620+0000] {processor.py:838} WARNING - No viable dags retrieved from /opt/airflow/dags/groups/group_mapping_layer.py
[2023-10-08T03:00:11.709+0000] {processor.py:179} INFO - Processing /opt/airflow/dags/groups/group_mapping_layer.py took 0.126 seconds
[2023-10-08T03:00:42.059+0000] {processor.py:157} INFO - Started process (PID=40440) to work on /opt/airflow/dags/groups/group_mapping_layer.py
[2023-10-08T03:00:42.062+0000] {processor.py:826} INFO - Processing file /opt/airflow/dags/groups/group_mapping_layer.py for tasks to queue
[2023-10-08T03:00:42.065+0000] {logging_mixin.py:150} INFO - [2023-10-08T03:00:42.064+0000] {dagbag.py:541} INFO - Filling up the DagBag from /opt/airflow/dags/groups/group_mapping_layer.py
[2023-10-08T03:00:42.076+0000] {processor.py:838} WARNING - No viable dags retrieved from /opt/airflow/dags/groups/group_mapping_layer.py
[2023-10-08T03:00:42.105+0000] {processor.py:179} INFO - Processing /opt/airflow/dags/groups/group_mapping_layer.py took 0.054 seconds
[2023-10-08T03:01:13.014+0000] {processor.py:157} INFO - Started process (PID=40527) to work on /opt/airflow/dags/groups/group_mapping_layer.py
[2023-10-08T03:01:13.019+0000] {processor.py:826} INFO - Processing file /opt/airflow/dags/groups/group_mapping_layer.py for tasks to queue
[2023-10-08T03:01:13.023+0000] {logging_mixin.py:150} INFO - [2023-10-08T03:01:13.022+0000] {dagbag.py:541} INFO - Filling up the DagBag from /opt/airflow/dags/groups/group_mapping_layer.py
[2023-10-08T03:01:13.037+0000] {processor.py:838} WARNING - No viable dags retrieved from /opt/airflow/dags/groups/group_mapping_layer.py
[2023-10-08T03:01:13.077+0000] {processor.py:179} INFO - Processing /opt/airflow/dags/groups/group_mapping_layer.py took 0.070 seconds
[2023-10-08T03:01:43.502+0000] {processor.py:157} INFO - Started process (PID=40610) to work on /opt/airflow/dags/groups/group_mapping_layer.py
[2023-10-08T03:01:43.507+0000] {processor.py:826} INFO - Processing file /opt/airflow/dags/groups/group_mapping_layer.py for tasks to queue
[2023-10-08T03:01:43.512+0000] {logging_mixin.py:150} INFO - [2023-10-08T03:01:43.510+0000] {dagbag.py:541} INFO - Filling up the DagBag from /opt/airflow/dags/groups/group_mapping_layer.py
[2023-10-08T03:01:43.538+0000] {processor.py:838} WARNING - No viable dags retrieved from /opt/airflow/dags/groups/group_mapping_layer.py
[2023-10-08T03:01:43.605+0000] {processor.py:179} INFO - Processing /opt/airflow/dags/groups/group_mapping_layer.py took 0.115 seconds
[2023-10-08T03:02:20.357+0000] {processor.py:157} INFO - Started process (PID=40689) to work on /opt/airflow/dags/groups/group_mapping_layer.py
[2023-10-08T03:02:20.387+0000] {processor.py:826} INFO - Processing file /opt/airflow/dags/groups/group_mapping_layer.py for tasks to queue
[2023-10-08T03:02:20.434+0000] {logging_mixin.py:150} INFO - [2023-10-08T03:02:20.414+0000] {dagbag.py:541} INFO - Filling up the DagBag from /opt/airflow/dags/groups/group_mapping_layer.py
[2023-10-08T03:02:20.589+0000] {processor.py:838} WARNING - No viable dags retrieved from /opt/airflow/dags/groups/group_mapping_layer.py
[2023-10-08T03:02:21.278+0000] {processor.py:179} INFO - Processing /opt/airflow/dags/groups/group_mapping_layer.py took 1.167 seconds
[2023-10-08T03:03:02.691+0000] {processor.py:157} INFO - Started process (PID=40767) to work on /opt/airflow/dags/groups/group_mapping_layer.py
[2023-10-08T03:03:02.698+0000] {processor.py:826} INFO - Processing file /opt/airflow/dags/groups/group_mapping_layer.py for tasks to queue
[2023-10-08T03:03:02.703+0000] {logging_mixin.py:150} INFO - [2023-10-08T03:03:02.702+0000] {dagbag.py:541} INFO - Filling up the DagBag from /opt/airflow/dags/groups/group_mapping_layer.py
[2023-10-08T03:03:02.732+0000] {processor.py:838} WARNING - No viable dags retrieved from /opt/airflow/dags/groups/group_mapping_layer.py
[2023-10-08T03:03:02.823+0000] {processor.py:179} INFO - Processing /opt/airflow/dags/groups/group_mapping_layer.py took 0.146 seconds
[2023-10-08T03:03:33.000+0000] {processor.py:157} INFO - Started process (PID=40840) to work on /opt/airflow/dags/groups/group_mapping_layer.py
[2023-10-08T03:03:33.002+0000] {processor.py:826} INFO - Processing file /opt/airflow/dags/groups/group_mapping_layer.py for tasks to queue
[2023-10-08T03:03:33.004+0000] {logging_mixin.py:150} INFO - [2023-10-08T03:03:33.004+0000] {dagbag.py:541} INFO - Filling up the DagBag from /opt/airflow/dags/groups/group_mapping_layer.py
[2023-10-08T03:03:33.016+0000] {processor.py:838} WARNING - No viable dags retrieved from /opt/airflow/dags/groups/group_mapping_layer.py
[2023-10-08T03:03:33.045+0000] {processor.py:179} INFO - Processing /opt/airflow/dags/groups/group_mapping_layer.py took 0.052 seconds
[2023-10-08T03:04:03.094+0000] {processor.py:157} INFO - Started process (PID=40919) to work on /opt/airflow/dags/groups/group_mapping_layer.py
[2023-10-08T03:04:03.096+0000] {processor.py:826} INFO - Processing file /opt/airflow/dags/groups/group_mapping_layer.py for tasks to queue
[2023-10-08T03:04:03.098+0000] {logging_mixin.py:150} INFO - [2023-10-08T03:04:03.097+0000] {dagbag.py:541} INFO - Filling up the DagBag from /opt/airflow/dags/groups/group_mapping_layer.py
[2023-10-08T03:04:03.103+0000] {processor.py:838} WARNING - No viable dags retrieved from /opt/airflow/dags/groups/group_mapping_layer.py
[2023-10-08T03:04:03.121+0000] {processor.py:179} INFO - Processing /opt/airflow/dags/groups/group_mapping_layer.py took 0.032 seconds
[2023-10-08T03:04:33.411+0000] {processor.py:157} INFO - Started process (PID=41008) to work on /opt/airflow/dags/groups/group_mapping_layer.py
[2023-10-08T03:04:33.413+0000] {processor.py:826} INFO - Processing file /opt/airflow/dags/groups/group_mapping_layer.py for tasks to queue
[2023-10-08T03:04:33.415+0000] {logging_mixin.py:150} INFO - [2023-10-08T03:04:33.415+0000] {dagbag.py:541} INFO - Filling up the DagBag from /opt/airflow/dags/groups/group_mapping_layer.py
[2023-10-08T03:04:33.421+0000] {processor.py:838} WARNING - No viable dags retrieved from /opt/airflow/dags/groups/group_mapping_layer.py
[2023-10-08T03:04:33.441+0000] {processor.py:179} INFO - Processing /opt/airflow/dags/groups/group_mapping_layer.py took 0.034 seconds
[2023-10-08T03:05:03.800+0000] {processor.py:157} INFO - Started process (PID=41089) to work on /opt/airflow/dags/groups/group_mapping_layer.py
[2023-10-08T03:05:03.802+0000] {processor.py:826} INFO - Processing file /opt/airflow/dags/groups/group_mapping_layer.py for tasks to queue
[2023-10-08T03:05:03.804+0000] {logging_mixin.py:150} INFO - [2023-10-08T03:05:03.804+0000] {dagbag.py:541} INFO - Filling up the DagBag from /opt/airflow/dags/groups/group_mapping_layer.py
[2023-10-08T03:05:03.810+0000] {processor.py:838} WARNING - No viable dags retrieved from /opt/airflow/dags/groups/group_mapping_layer.py
[2023-10-08T03:05:03.833+0000] {processor.py:179} INFO - Processing /opt/airflow/dags/groups/group_mapping_layer.py took 0.041 seconds
[2023-10-08T03:05:34.350+0000] {processor.py:157} INFO - Started process (PID=41178) to work on /opt/airflow/dags/groups/group_mapping_layer.py
[2023-10-08T03:05:34.352+0000] {processor.py:826} INFO - Processing file /opt/airflow/dags/groups/group_mapping_layer.py for tasks to queue
[2023-10-08T03:05:34.354+0000] {logging_mixin.py:150} INFO - [2023-10-08T03:05:34.353+0000] {dagbag.py:541} INFO - Filling up the DagBag from /opt/airflow/dags/groups/group_mapping_layer.py
[2023-10-08T03:05:34.360+0000] {processor.py:838} WARNING - No viable dags retrieved from /opt/airflow/dags/groups/group_mapping_layer.py
[2023-10-08T03:05:34.383+0000] {processor.py:179} INFO - Processing /opt/airflow/dags/groups/group_mapping_layer.py took 0.038 seconds
[2023-10-08T03:06:04.915+0000] {processor.py:157} INFO - Started process (PID=41258) to work on /opt/airflow/dags/groups/group_mapping_layer.py
[2023-10-08T03:06:04.918+0000] {processor.py:826} INFO - Processing file /opt/airflow/dags/groups/group_mapping_layer.py for tasks to queue
[2023-10-08T03:06:04.919+0000] {logging_mixin.py:150} INFO - [2023-10-08T03:06:04.919+0000] {dagbag.py:541} INFO - Filling up the DagBag from /opt/airflow/dags/groups/group_mapping_layer.py
[2023-10-08T03:06:04.926+0000] {processor.py:838} WARNING - No viable dags retrieved from /opt/airflow/dags/groups/group_mapping_layer.py
[2023-10-08T03:06:04.949+0000] {processor.py:179} INFO - Processing /opt/airflow/dags/groups/group_mapping_layer.py took 0.043 seconds
[2023-10-08T03:06:35.372+0000] {processor.py:157} INFO - Started process (PID=41347) to work on /opt/airflow/dags/groups/group_mapping_layer.py
[2023-10-08T03:06:35.374+0000] {processor.py:826} INFO - Processing file /opt/airflow/dags/groups/group_mapping_layer.py for tasks to queue
[2023-10-08T03:06:35.376+0000] {logging_mixin.py:150} INFO - [2023-10-08T03:06:35.376+0000] {dagbag.py:541} INFO - Filling up the DagBag from /opt/airflow/dags/groups/group_mapping_layer.py
[2023-10-08T03:06:35.383+0000] {processor.py:838} WARNING - No viable dags retrieved from /opt/airflow/dags/groups/group_mapping_layer.py
[2023-10-08T03:06:35.403+0000] {processor.py:179} INFO - Processing /opt/airflow/dags/groups/group_mapping_layer.py took 0.038 seconds
[2023-10-08T03:07:05.580+0000] {processor.py:157} INFO - Started process (PID=41427) to work on /opt/airflow/dags/groups/group_mapping_layer.py
[2023-10-08T03:07:05.582+0000] {processor.py:826} INFO - Processing file /opt/airflow/dags/groups/group_mapping_layer.py for tasks to queue
[2023-10-08T03:07:05.583+0000] {logging_mixin.py:150} INFO - [2023-10-08T03:07:05.583+0000] {dagbag.py:541} INFO - Filling up the DagBag from /opt/airflow/dags/groups/group_mapping_layer.py
[2023-10-08T03:07:05.588+0000] {processor.py:838} WARNING - No viable dags retrieved from /opt/airflow/dags/groups/group_mapping_layer.py
[2023-10-08T03:07:05.607+0000] {processor.py:179} INFO - Processing /opt/airflow/dags/groups/group_mapping_layer.py took 0.032 seconds
[2023-10-08T03:07:35.778+0000] {processor.py:157} INFO - Started process (PID=41516) to work on /opt/airflow/dags/groups/group_mapping_layer.py
[2023-10-08T03:07:35.780+0000] {processor.py:826} INFO - Processing file /opt/airflow/dags/groups/group_mapping_layer.py for tasks to queue
[2023-10-08T03:07:35.782+0000] {logging_mixin.py:150} INFO - [2023-10-08T03:07:35.782+0000] {dagbag.py:541} INFO - Filling up the DagBag from /opt/airflow/dags/groups/group_mapping_layer.py
[2023-10-08T03:07:35.789+0000] {processor.py:838} WARNING - No viable dags retrieved from /opt/airflow/dags/groups/group_mapping_layer.py
[2023-10-08T03:07:35.819+0000] {processor.py:179} INFO - Processing /opt/airflow/dags/groups/group_mapping_layer.py took 0.051 seconds
[2023-10-08T03:08:05.889+0000] {processor.py:157} INFO - Started process (PID=41595) to work on /opt/airflow/dags/groups/group_mapping_layer.py
[2023-10-08T03:08:05.891+0000] {processor.py:826} INFO - Processing file /opt/airflow/dags/groups/group_mapping_layer.py for tasks to queue
[2023-10-08T03:08:05.893+0000] {logging_mixin.py:150} INFO - [2023-10-08T03:08:05.893+0000] {dagbag.py:541} INFO - Filling up the DagBag from /opt/airflow/dags/groups/group_mapping_layer.py
[2023-10-08T03:08:05.899+0000] {processor.py:838} WARNING - No viable dags retrieved from /opt/airflow/dags/groups/group_mapping_layer.py
[2023-10-08T03:08:05.918+0000] {processor.py:179} INFO - Processing /opt/airflow/dags/groups/group_mapping_layer.py took 0.034 seconds
[2023-10-08T03:08:36.352+0000] {processor.py:157} INFO - Started process (PID=41685) to work on /opt/airflow/dags/groups/group_mapping_layer.py
[2023-10-08T03:08:36.354+0000] {processor.py:826} INFO - Processing file /opt/airflow/dags/groups/group_mapping_layer.py for tasks to queue
[2023-10-08T03:08:36.356+0000] {logging_mixin.py:150} INFO - [2023-10-08T03:08:36.356+0000] {dagbag.py:541} INFO - Filling up the DagBag from /opt/airflow/dags/groups/group_mapping_layer.py
[2023-10-08T03:08:36.365+0000] {processor.py:838} WARNING - No viable dags retrieved from /opt/airflow/dags/groups/group_mapping_layer.py
[2023-10-08T03:08:36.393+0000] {processor.py:179} INFO - Processing /opt/airflow/dags/groups/group_mapping_layer.py took 0.049 seconds
[2023-10-08T03:09:06.718+0000] {processor.py:157} INFO - Started process (PID=41765) to work on /opt/airflow/dags/groups/group_mapping_layer.py
[2023-10-08T03:09:06.723+0000] {processor.py:826} INFO - Processing file /opt/airflow/dags/groups/group_mapping_layer.py for tasks to queue
[2023-10-08T03:09:06.728+0000] {logging_mixin.py:150} INFO - [2023-10-08T03:09:06.727+0000] {dagbag.py:541} INFO - Filling up the DagBag from /opt/airflow/dags/groups/group_mapping_layer.py
[2023-10-08T03:09:06.755+0000] {processor.py:838} WARNING - No viable dags retrieved from /opt/airflow/dags/groups/group_mapping_layer.py
[2023-10-08T03:09:06.794+0000] {processor.py:179} INFO - Processing /opt/airflow/dags/groups/group_mapping_layer.py took 0.084 seconds
