[2023-10-08T02:09:19.692+0000] {taskinstance.py:1103} INFO - Dependencies all met for dep_context=non-requeueable deps ti=<TaskInstance: movie_db_etl.insert_into_map_director manual__2023-10-08T02:09:16.406825+00:00 [queued]>
[2023-10-08T02:09:19.714+0000] {taskinstance.py:1103} INFO - Dependencies all met for dep_context=requeueable deps ti=<TaskInstance: movie_db_etl.insert_into_map_director manual__2023-10-08T02:09:16.406825+00:00 [queued]>
[2023-10-08T02:09:19.715+0000] {taskinstance.py:1308} INFO - Starting attempt 1 of 1
[2023-10-08T02:09:19.747+0000] {taskinstance.py:1327} INFO - Executing <Task(MsSqlOperator): insert_into_map_director> on 2023-10-08 02:09:16.406825+00:00
[2023-10-08T02:09:19.757+0000] {standard_task_runner.py:57} INFO - Started process 9064 to run task
[2023-10-08T02:09:19.782+0000] {standard_task_runner.py:84} INFO - Running: ['***', 'tasks', 'run', 'movie_db_etl', 'insert_into_map_director', 'manual__2023-10-08T02:09:16.406825+00:00', '--job-id', '92', '--raw', '--subdir', 'DAGS_FOLDER/movie_db_***.py', '--cfg-path', '/tmp/tmp8he5mzbi']
[2023-10-08T02:09:19.808+0000] {standard_task_runner.py:85} INFO - Job 92: Subtask insert_into_map_director
[2023-10-08T02:09:19.946+0000] {task_command.py:410} INFO - Running <TaskInstance: movie_db_etl.insert_into_map_director manual__2023-10-08T02:09:16.406825+00:00 [running]> on host 9e1bf037e24d
[2023-10-08T02:09:20.186+0000] {taskinstance.py:1547} INFO - Exporting env vars: AIRFLOW_CTX_DAG_OWNER='***' AIRFLOW_CTX_DAG_ID='movie_db_etl' AIRFLOW_CTX_TASK_ID='insert_into_map_director' AIRFLOW_CTX_EXECUTION_DATE='2023-10-08T02:09:16.406825+00:00' AIRFLOW_CTX_TRY_NUMBER='1' AIRFLOW_CTX_DAG_RUN_ID='manual__2023-10-08T02:09:16.406825+00:00'
[2023-10-08T02:09:20.191+0000] {sql.py:265} INFO - Executing: 
        INSERT INTO map_director (director)
        SELECT DISTINCT l.director 
        FROM land_movies l
        WHERE NOT EXISTS (SELECT 1 FROM map_director md WHERE md.director = l.director)
        
[2023-10-08T02:09:20.216+0000] {base.py:73} INFO - Using connection ID 'sqlserver' for task execution.
[2023-10-08T02:09:20.498+0000] {base.py:73} INFO - Using connection ID 'sqlserver' for task execution.
[2023-10-08T02:09:21.536+0000] {sql.py:375} INFO - Running statement: 
        INSERT INTO map_director (director)
        SELECT DISTINCT l.director 
        FROM land_movies l
        WHERE NOT EXISTS (SELECT 1 FROM map_director md WHERE md.director = l.director)
        , parameters: None
[2023-10-08T02:09:21.666+0000] {sql.py:384} INFO - Rows affected: 644
[2023-10-08T02:09:21.699+0000] {taskinstance.py:1350} INFO - Marking task as SUCCESS. dag_id=movie_db_etl, task_id=insert_into_map_director, execution_date=20231008T020916, start_date=20231008T020919, end_date=20231008T020921
[2023-10-08T02:09:21.779+0000] {local_task_job_runner.py:225} INFO - Task exited with return code 0
[2023-10-08T02:09:21.839+0000] {taskinstance.py:2653} INFO - 0 downstream tasks scheduled from follow-on schedule check
