[2023-10-08T02:58:56.137+0000] {taskinstance.py:1103} INFO - Dependencies all met for dep_context=non-requeueable deps ti=<TaskInstance: group_dag.mapping_layer.insert_into_map_director scheduled__2023-10-07T00:00:00+00:00 [queued]>
[2023-10-08T02:58:56.174+0000] {taskinstance.py:1103} INFO - Dependencies all met for dep_context=requeueable deps ti=<TaskInstance: group_dag.mapping_layer.insert_into_map_director scheduled__2023-10-07T00:00:00+00:00 [queued]>
[2023-10-08T02:58:56.176+0000] {taskinstance.py:1308} INFO - Starting attempt 1 of 1
[2023-10-08T02:58:56.316+0000] {taskinstance.py:1327} INFO - Executing <Task(MsSqlOperator): mapping_layer.insert_into_map_director> on 2023-10-07 00:00:00+00:00
[2023-10-08T02:58:56.353+0000] {standard_task_runner.py:57} INFO - Started process 10932 to run task
[2023-10-08T02:58:56.396+0000] {standard_task_runner.py:84} INFO - Running: ['***', 'tasks', 'run', 'group_dag', 'mapping_layer.insert_into_map_director', 'scheduled__2023-10-07T00:00:00+00:00', '--job-id', '104', '--raw', '--subdir', 'DAGS_FOLDER/group_dag.py', '--cfg-path', '/tmp/tmp9t4vbc74']
[2023-10-08T02:58:56.412+0000] {standard_task_runner.py:85} INFO - Job 104: Subtask mapping_layer.insert_into_map_director
[2023-10-08T02:58:56.973+0000] {task_command.py:410} INFO - Running <TaskInstance: group_dag.mapping_layer.insert_into_map_director scheduled__2023-10-07T00:00:00+00:00 [running]> on host 9e1bf037e24d
[2023-10-08T02:58:57.850+0000] {taskinstance.py:1547} INFO - Exporting env vars: AIRFLOW_CTX_DAG_OWNER='***' AIRFLOW_CTX_DAG_ID='group_dag' AIRFLOW_CTX_TASK_ID='mapping_layer.insert_into_map_director' AIRFLOW_CTX_EXECUTION_DATE='2023-10-07T00:00:00+00:00' AIRFLOW_CTX_TRY_NUMBER='1' AIRFLOW_CTX_DAG_RUN_ID='scheduled__2023-10-07T00:00:00+00:00'
[2023-10-08T02:58:57.872+0000] {sql.py:265} INFO - Executing: 
            INSERT INTO map_director (director)
            SELECT DISTINCT l.director 
            FROM land_movies l
            WHERE NOT EXISTS (SELECT 1 FROM map_director md WHERE md.director = l.director)
            
[2023-10-08T02:58:58.054+0000] {base.py:73} INFO - Using connection ID 'sqlserver' for task execution.
[2023-10-08T02:58:59.210+0000] {base.py:73} INFO - Using connection ID 'sqlserver' for task execution.
[2023-10-08T02:59:00.161+0000] {sql.py:375} INFO - Running statement: 
            INSERT INTO map_director (director)
            SELECT DISTINCT l.director 
            FROM land_movies l
            WHERE NOT EXISTS (SELECT 1 FROM map_director md WHERE md.director = l.director)
            , parameters: None
[2023-10-08T02:59:00.256+0000] {sql.py:384} INFO - Rows affected: 0
[2023-10-08T02:59:00.384+0000] {taskinstance.py:1350} INFO - Marking task as SUCCESS. dag_id=group_dag, task_id=mapping_layer.insert_into_map_director, execution_date=20231007T000000, start_date=20231008T025856, end_date=20231008T025900
[2023-10-08T02:59:00.525+0000] {local_task_job_runner.py:225} INFO - Task exited with return code 0
[2023-10-08T02:59:00.780+0000] {taskinstance.py:2653} INFO - 5 downstream tasks scheduled from follow-on schedule check
