[2023-10-10T17:54:38.685+0000] {taskinstance.py:1103} INFO - Dependencies all met for dep_context=non-requeueable deps ti=<TaskInstance: group_dag.mapping_layer.insert_into_map_year manual__2023-10-10T17:54:36.006761+00:00 [queued]>
[2023-10-10T17:54:38.735+0000] {taskinstance.py:1103} INFO - Dependencies all met for dep_context=requeueable deps ti=<TaskInstance: group_dag.mapping_layer.insert_into_map_year manual__2023-10-10T17:54:36.006761+00:00 [queued]>
[2023-10-10T17:54:38.737+0000] {taskinstance.py:1308} INFO - Starting attempt 1 of 1
[2023-10-10T17:54:38.786+0000] {taskinstance.py:1327} INFO - Executing <Task(MsSqlOperator): mapping_layer.insert_into_map_year> on 2023-10-10 17:54:36.006761+00:00
[2023-10-10T17:54:38.809+0000] {standard_task_runner.py:57} INFO - Started process 945 to run task
[2023-10-10T17:54:38.810+0000] {standard_task_runner.py:84} INFO - Running: ['***', 'tasks', 'run', 'group_dag', 'mapping_layer.insert_into_map_year', 'manual__2023-10-10T17:54:36.006761+00:00', '--job-id', '139', '--raw', '--subdir', 'DAGS_FOLDER/group_dag.py', '--cfg-path', '/tmp/tmpliixw4jw']
[2023-10-10T17:54:38.821+0000] {standard_task_runner.py:85} INFO - Job 139: Subtask mapping_layer.insert_into_map_year
[2023-10-10T17:54:39.019+0000] {task_command.py:410} INFO - Running <TaskInstance: group_dag.mapping_layer.insert_into_map_year manual__2023-10-10T17:54:36.006761+00:00 [running]> on host 2c73f027d5a5
[2023-10-10T17:54:39.420+0000] {taskinstance.py:1547} INFO - Exporting env vars: AIRFLOW_CTX_DAG_OWNER='***' AIRFLOW_CTX_DAG_ID='group_dag' AIRFLOW_CTX_TASK_ID='mapping_layer.insert_into_map_year' AIRFLOW_CTX_EXECUTION_DATE='2023-10-10T17:54:36.006761+00:00' AIRFLOW_CTX_TRY_NUMBER='1' AIRFLOW_CTX_DAG_RUN_ID='manual__2023-10-10T17:54:36.006761+00:00'
[2023-10-10T17:54:39.423+0000] {sql.py:265} INFO - Executing: 
            INSERT INTO map_year (year)
            SELECT DISTINCT l.Year 
            FROM land_movies l
            WHERE NOT EXISTS (SELECT 1 FROM map_year my WHERE my.year = l.Year)
            
[2023-10-10T17:54:39.464+0000] {base.py:73} INFO - Using connection ID 'sqlserver' for task execution.
[2023-10-10T17:54:39.577+0000] {base.py:73} INFO - Using connection ID 'sqlserver' for task execution.
[2023-10-10T17:54:40.502+0000] {sql.py:375} INFO - Running statement: 
            INSERT INTO map_year (year)
            SELECT DISTINCT l.Year 
            FROM land_movies l
            WHERE NOT EXISTS (SELECT 1 FROM map_year my WHERE my.year = l.Year)
            , parameters: None
[2023-10-10T17:54:40.619+0000] {sql.py:384} INFO - Rows affected: 0
[2023-10-10T17:54:40.653+0000] {taskinstance.py:1350} INFO - Marking task as SUCCESS. dag_id=group_dag, task_id=mapping_layer.insert_into_map_year, execution_date=20231010T175436, start_date=20231010T175438, end_date=20231010T175440
[2023-10-10T17:54:40.705+0000] {local_task_job_runner.py:225} INFO - Task exited with return code 0
[2023-10-10T17:54:40.819+0000] {taskinstance.py:2653} INFO - 0 downstream tasks scheduled from follow-on schedule check
