[2023-10-10T17:59:33.549+0000] {taskinstance.py:1103} INFO - Dependencies all met for dep_context=non-requeueable deps ti=<TaskInstance: group_dag.dimension_layer.insert_into_dim_actor_movie_assoc manual__2023-10-10T17:58:18.587784+00:00 [queued]>
[2023-10-10T17:59:33.798+0000] {taskinstance.py:1103} INFO - Dependencies all met for dep_context=requeueable deps ti=<TaskInstance: group_dag.dimension_layer.insert_into_dim_actor_movie_assoc manual__2023-10-10T17:58:18.587784+00:00 [queued]>
[2023-10-10T17:59:33.810+0000] {taskinstance.py:1308} INFO - Starting attempt 1 of 1
[2023-10-10T17:59:34.167+0000] {taskinstance.py:1327} INFO - Executing <Task(MsSqlOperator): dimension_layer.insert_into_dim_actor_movie_assoc> on 2023-10-10 17:58:18.587784+00:00
[2023-10-10T17:59:34.224+0000] {standard_task_runner.py:57} INFO - Started process 1174 to run task
[2023-10-10T17:59:34.321+0000] {standard_task_runner.py:84} INFO - Running: ['***', 'tasks', 'run', 'group_dag', 'dimension_layer.insert_into_dim_actor_movie_assoc', 'manual__2023-10-10T17:58:18.587784+00:00', '--job-id', '173', '--raw', '--subdir', 'DAGS_FOLDER/group_dag.py', '--cfg-path', '/tmp/tmp34liy5fr']
[2023-10-10T17:59:34.336+0000] {standard_task_runner.py:85} INFO - Job 173: Subtask dimension_layer.insert_into_dim_actor_movie_assoc
[2023-10-10T17:59:34.892+0000] {task_command.py:410} INFO - Running <TaskInstance: group_dag.dimension_layer.insert_into_dim_actor_movie_assoc manual__2023-10-10T17:58:18.587784+00:00 [running]> on host 2c73f027d5a5
[2023-10-10T17:59:35.748+0000] {taskinstance.py:1547} INFO - Exporting env vars: AIRFLOW_CTX_DAG_OWNER='***' AIRFLOW_CTX_DAG_ID='group_dag' AIRFLOW_CTX_TASK_ID='dimension_layer.insert_into_dim_actor_movie_assoc' AIRFLOW_CTX_EXECUTION_DATE='2023-10-10T17:58:18.587784+00:00' AIRFLOW_CTX_TRY_NUMBER='1' AIRFLOW_CTX_DAG_RUN_ID='manual__2023-10-10T17:58:18.587784+00:00'
[2023-10-10T17:59:35.765+0000] {sql.py:265} INFO - Executing:      
            INSERT INTO dim_actor_movie_assoc (dim_actor_movie_assoc_id ,actor_id, film_id)
            SELECT stg_actor_film_id, actor_id, film_id FROM stg_actor_film_assoc s
            WHERE NOT EXISTS (SELECT 1 FROM dim_actor_movie_assoc da WHERE da.actor_id = s.actor_id AND da.film_id = s.film_id)
            
[2023-10-10T17:59:35.814+0000] {base.py:73} INFO - Using connection ID 'sqlserver' for task execution.
[2023-10-10T17:59:36.383+0000] {base.py:73} INFO - Using connection ID 'sqlserver' for task execution.
[2023-10-10T17:59:37.354+0000] {sql.py:375} INFO - Running statement:      
            INSERT INTO dim_actor_movie_assoc (dim_actor_movie_assoc_id ,actor_id, film_id)
            SELECT stg_actor_film_id, actor_id, film_id FROM stg_actor_film_assoc s
            WHERE NOT EXISTS (SELECT 1 FROM dim_actor_movie_assoc da WHERE da.actor_id = s.actor_id AND da.film_id = s.film_id)
            , parameters: None
[2023-10-10T17:59:37.457+0000] {sql.py:384} INFO - Rows affected: 0
[2023-10-10T17:59:37.600+0000] {taskinstance.py:1350} INFO - Marking task as SUCCESS. dag_id=group_dag, task_id=dimension_layer.insert_into_dim_actor_movie_assoc, execution_date=20231010T175818, start_date=20231010T175933, end_date=20231010T175937
[2023-10-10T17:59:37.999+0000] {local_task_job_runner.py:225} INFO - Task exited with return code 0
[2023-10-10T17:59:38.257+0000] {taskinstance.py:2653} INFO - 0 downstream tasks scheduled from follow-on schedule check
