[2023-10-07T00:08:36.472+0000] {taskinstance.py:1103} INFO - Dependencies all met for dep_context=non-requeueable deps ti=<TaskInstance: movie_db_etl.insert_into_stg_film scheduled__2023-10-06T00:00:00+00:00 [queued]>
[2023-10-07T00:08:36.511+0000] {taskinstance.py:1103} INFO - Dependencies all met for dep_context=requeueable deps ti=<TaskInstance: movie_db_etl.insert_into_stg_film scheduled__2023-10-06T00:00:00+00:00 [queued]>
[2023-10-07T00:08:36.527+0000] {taskinstance.py:1308} INFO - Starting attempt 1 of 1
[2023-10-07T00:08:36.572+0000] {taskinstance.py:1327} INFO - Executing <Task(MsSqlOperator): insert_into_stg_film> on 2023-10-06 00:00:00+00:00
[2023-10-07T00:08:36.584+0000] {standard_task_runner.py:57} INFO - Started process 2913 to run task
[2023-10-07T00:08:36.596+0000] {standard_task_runner.py:84} INFO - Running: ['***', 'tasks', 'run', 'movie_db_etl', 'insert_into_stg_film', 'scheduled__2023-10-06T00:00:00+00:00', '--job-id', '83', '--raw', '--subdir', 'DAGS_FOLDER/movie_db_***.py', '--cfg-path', '/tmp/tmp4_sv9gn_']
[2023-10-07T00:08:36.605+0000] {standard_task_runner.py:85} INFO - Job 83: Subtask insert_into_stg_film
[2023-10-07T00:08:36.707+0000] {task_command.py:410} INFO - Running <TaskInstance: movie_db_etl.insert_into_stg_film scheduled__2023-10-06T00:00:00+00:00 [running]> on host 9e1bf037e24d
[2023-10-07T00:08:36.855+0000] {taskinstance.py:1547} INFO - Exporting env vars: AIRFLOW_CTX_DAG_OWNER='***' AIRFLOW_CTX_DAG_ID='movie_db_etl' AIRFLOW_CTX_TASK_ID='insert_into_stg_film' AIRFLOW_CTX_EXECUTION_DATE='2023-10-06T00:00:00+00:00' AIRFLOW_CTX_TRY_NUMBER='1' AIRFLOW_CTX_DAG_RUN_ID='scheduled__2023-10-06T00:00:00+00:00'
[2023-10-07T00:08:36.860+0000] {sql.py:265} INFO - Executing: 
        INSERT INTO stg_film
        SELECT  
        m.film_id
        ,l.[Title]
        ,l.[Description]
        ,l.[Director]
        ,l.Year
        ,l.[Runtime_Minutes]
        ,l.[Rating]
        ,l.[Votes]
        ,l.[Revenue_Millions]
        ,l.[Metascore]
        FROM [IMDB-Movie-Data_no_double_quotes] AS l
        INNER JOIN map_film AS m ON m.title = l.Title 
        and m.director = l.Director 
        and m.film_year = l.Year
        WHERE NOT EXISTS (SELECT 1 FROM stg_film AS s WHERE s.film_id = m.film_id);
    
[2023-10-07T00:08:36.875+0000] {base.py:73} INFO - Using connection ID 'sqlserver' for task execution.
[2023-10-07T00:08:37.073+0000] {base.py:73} INFO - Using connection ID 'sqlserver' for task execution.
[2023-10-07T00:08:38.106+0000] {sql.py:375} INFO - Running statement: 
        INSERT INTO stg_film
        SELECT  
        m.film_id
        ,l.[Title]
        ,l.[Description]
        ,l.[Director]
        ,l.Year
        ,l.[Runtime_Minutes]
        ,l.[Rating]
        ,l.[Votes]
        ,l.[Revenue_Millions]
        ,l.[Metascore]
        FROM [IMDB-Movie-Data_no_double_quotes] AS l
        INNER JOIN map_film AS m ON m.title = l.Title 
        and m.director = l.Director 
        and m.film_year = l.Year
        WHERE NOT EXISTS (SELECT 1 FROM stg_film AS s WHERE s.film_id = m.film_id);
    , parameters: None
[2023-10-07T00:08:38.255+0000] {sql.py:384} INFO - Rows affected: 0
[2023-10-07T00:08:38.269+0000] {taskinstance.py:1350} INFO - Marking task as SUCCESS. dag_id=movie_db_etl, task_id=insert_into_stg_film, execution_date=20231006T000000, start_date=20231007T000836, end_date=20231007T000838
[2023-10-07T00:08:38.326+0000] {local_task_job_runner.py:225} INFO - Task exited with return code 0
[2023-10-07T00:08:38.350+0000] {taskinstance.py:2653} INFO - 0 downstream tasks scheduled from follow-on schedule check
