[2023-10-10T17:36:37.360+0000] {processor.py:157} INFO - Started process (PID=85) to work on /home/airflow/.local/lib/python3.7/site-packages/airflow/example_dags/example_kubernetes_executor.py
[2023-10-10T17:36:37.363+0000] {processor.py:826} INFO - Processing file /home/airflow/.local/lib/python3.7/site-packages/airflow/example_dags/example_kubernetes_executor.py for tasks to queue
[2023-10-10T17:36:37.365+0000] {logging_mixin.py:150} INFO - [2023-10-10T17:36:37.364+0000] {dagbag.py:541} INFO - Filling up the DagBag from /home/airflow/.local/lib/python3.7/site-packages/airflow/example_dags/example_kubernetes_executor.py
[2023-10-10T17:36:38.729+0000] {processor.py:836} INFO - DAG(s) dict_keys(['example_kubernetes_executor']) retrieved from /home/airflow/.local/lib/python3.7/site-packages/airflow/example_dags/example_kubernetes_executor.py
[2023-10-10T17:36:38.747+0000] {logging_mixin.py:150} INFO - [2023-10-10T17:36:38.747+0000] {dag.py:2742} INFO - Sync 1 DAGs
[2023-10-10T17:36:38.814+0000] {logging_mixin.py:150} INFO - [2023-10-10T17:36:38.813+0000] {dag.py:3508} INFO - Setting next_dagrun for example_kubernetes_executor to None, run_after=None
[2023-10-10T17:36:38.861+0000] {processor.py:179} INFO - Processing /home/airflow/.local/lib/python3.7/site-packages/airflow/example_dags/example_kubernetes_executor.py took 1.506 seconds
[2023-10-10T17:37:09.404+0000] {processor.py:157} INFO - Started process (PID=172) to work on /home/airflow/.local/lib/python3.7/site-packages/airflow/example_dags/example_kubernetes_executor.py
[2023-10-10T17:37:09.406+0000] {processor.py:826} INFO - Processing file /home/airflow/.local/lib/python3.7/site-packages/airflow/example_dags/example_kubernetes_executor.py for tasks to queue
[2023-10-10T17:37:09.408+0000] {logging_mixin.py:150} INFO - [2023-10-10T17:37:09.407+0000] {dagbag.py:541} INFO - Filling up the DagBag from /home/airflow/.local/lib/python3.7/site-packages/airflow/example_dags/example_kubernetes_executor.py
[2023-10-10T17:37:09.790+0000] {processor.py:836} INFO - DAG(s) dict_keys(['example_kubernetes_executor']) retrieved from /home/airflow/.local/lib/python3.7/site-packages/airflow/example_dags/example_kubernetes_executor.py
[2023-10-10T17:37:09.832+0000] {logging_mixin.py:150} INFO - [2023-10-10T17:37:09.832+0000] {dag.py:2742} INFO - Sync 1 DAGs
[2023-10-10T17:37:09.865+0000] {logging_mixin.py:150} INFO - [2023-10-10T17:37:09.865+0000] {dag.py:3508} INFO - Setting next_dagrun for example_kubernetes_executor to None, run_after=None
[2023-10-10T17:37:09.902+0000] {processor.py:179} INFO - Processing /home/airflow/.local/lib/python3.7/site-packages/airflow/example_dags/example_kubernetes_executor.py took 0.502 seconds
[2023-10-10T17:37:40.277+0000] {processor.py:157} INFO - Started process (PID=261) to work on /home/airflow/.local/lib/python3.7/site-packages/airflow/example_dags/example_kubernetes_executor.py
[2023-10-10T17:37:40.279+0000] {processor.py:826} INFO - Processing file /home/airflow/.local/lib/python3.7/site-packages/airflow/example_dags/example_kubernetes_executor.py for tasks to queue
[2023-10-10T17:37:40.281+0000] {logging_mixin.py:150} INFO - [2023-10-10T17:37:40.281+0000] {dagbag.py:541} INFO - Filling up the DagBag from /home/airflow/.local/lib/python3.7/site-packages/airflow/example_dags/example_kubernetes_executor.py
[2023-10-10T17:37:40.727+0000] {processor.py:836} INFO - DAG(s) dict_keys(['example_kubernetes_executor']) retrieved from /home/airflow/.local/lib/python3.7/site-packages/airflow/example_dags/example_kubernetes_executor.py
[2023-10-10T17:37:40.775+0000] {logging_mixin.py:150} INFO - [2023-10-10T17:37:40.774+0000] {dag.py:2742} INFO - Sync 1 DAGs
[2023-10-10T17:37:40.808+0000] {logging_mixin.py:150} INFO - [2023-10-10T17:37:40.808+0000] {dag.py:3508} INFO - Setting next_dagrun for example_kubernetes_executor to None, run_after=None
[2023-10-10T17:37:40.857+0000] {processor.py:179} INFO - Processing /home/airflow/.local/lib/python3.7/site-packages/airflow/example_dags/example_kubernetes_executor.py took 0.584 seconds
[2023-10-10T17:38:11.732+0000] {processor.py:157} INFO - Started process (PID=341) to work on /home/airflow/.local/lib/python3.7/site-packages/airflow/example_dags/example_kubernetes_executor.py
[2023-10-10T17:38:11.735+0000] {processor.py:826} INFO - Processing file /home/airflow/.local/lib/python3.7/site-packages/airflow/example_dags/example_kubernetes_executor.py for tasks to queue
[2023-10-10T17:38:11.737+0000] {logging_mixin.py:150} INFO - [2023-10-10T17:38:11.737+0000] {dagbag.py:541} INFO - Filling up the DagBag from /home/airflow/.local/lib/python3.7/site-packages/airflow/example_dags/example_kubernetes_executor.py
[2023-10-10T17:38:12.135+0000] {processor.py:836} INFO - DAG(s) dict_keys(['example_kubernetes_executor']) retrieved from /home/airflow/.local/lib/python3.7/site-packages/airflow/example_dags/example_kubernetes_executor.py
[2023-10-10T17:38:12.180+0000] {logging_mixin.py:150} INFO - [2023-10-10T17:38:12.179+0000] {dag.py:2742} INFO - Sync 1 DAGs
[2023-10-10T17:38:12.211+0000] {logging_mixin.py:150} INFO - [2023-10-10T17:38:12.211+0000] {dag.py:3508} INFO - Setting next_dagrun for example_kubernetes_executor to None, run_after=None
[2023-10-10T17:38:12.235+0000] {processor.py:179} INFO - Processing /home/airflow/.local/lib/python3.7/site-packages/airflow/example_dags/example_kubernetes_executor.py took 0.508 seconds
[2023-10-10T17:38:42.497+0000] {processor.py:157} INFO - Started process (PID=444) to work on /home/airflow/.local/lib/python3.7/site-packages/airflow/example_dags/example_kubernetes_executor.py
[2023-10-10T17:38:42.499+0000] {processor.py:826} INFO - Processing file /home/airflow/.local/lib/python3.7/site-packages/airflow/example_dags/example_kubernetes_executor.py for tasks to queue
[2023-10-10T17:38:42.500+0000] {logging_mixin.py:150} INFO - [2023-10-10T17:38:42.500+0000] {dagbag.py:541} INFO - Filling up the DagBag from /home/airflow/.local/lib/python3.7/site-packages/airflow/example_dags/example_kubernetes_executor.py
[2023-10-10T17:38:42.934+0000] {processor.py:836} INFO - DAG(s) dict_keys(['example_kubernetes_executor']) retrieved from /home/airflow/.local/lib/python3.7/site-packages/airflow/example_dags/example_kubernetes_executor.py
[2023-10-10T17:38:42.976+0000] {logging_mixin.py:150} INFO - [2023-10-10T17:38:42.975+0000] {dag.py:2742} INFO - Sync 1 DAGs
[2023-10-10T17:38:43.007+0000] {logging_mixin.py:150} INFO - [2023-10-10T17:38:43.007+0000] {dag.py:3508} INFO - Setting next_dagrun for example_kubernetes_executor to None, run_after=None
[2023-10-10T17:38:43.033+0000] {processor.py:179} INFO - Processing /home/airflow/.local/lib/python3.7/site-packages/airflow/example_dags/example_kubernetes_executor.py took 0.541 seconds
[2023-10-10T17:39:13.840+0000] {processor.py:157} INFO - Started process (PID=524) to work on /home/airflow/.local/lib/python3.7/site-packages/airflow/example_dags/example_kubernetes_executor.py
[2023-10-10T17:39:13.842+0000] {processor.py:826} INFO - Processing file /home/airflow/.local/lib/python3.7/site-packages/airflow/example_dags/example_kubernetes_executor.py for tasks to queue
[2023-10-10T17:39:13.843+0000] {logging_mixin.py:150} INFO - [2023-10-10T17:39:13.843+0000] {dagbag.py:541} INFO - Filling up the DagBag from /home/airflow/.local/lib/python3.7/site-packages/airflow/example_dags/example_kubernetes_executor.py
[2023-10-10T17:39:14.223+0000] {processor.py:836} INFO - DAG(s) dict_keys(['example_kubernetes_executor']) retrieved from /home/airflow/.local/lib/python3.7/site-packages/airflow/example_dags/example_kubernetes_executor.py
[2023-10-10T17:39:14.269+0000] {logging_mixin.py:150} INFO - [2023-10-10T17:39:14.268+0000] {dag.py:2742} INFO - Sync 1 DAGs
[2023-10-10T17:39:14.301+0000] {logging_mixin.py:150} INFO - [2023-10-10T17:39:14.301+0000] {dag.py:3508} INFO - Setting next_dagrun for example_kubernetes_executor to None, run_after=None
[2023-10-10T17:39:14.326+0000] {processor.py:179} INFO - Processing /home/airflow/.local/lib/python3.7/site-packages/airflow/example_dags/example_kubernetes_executor.py took 0.490 seconds
[2023-10-10T17:39:44.456+0000] {processor.py:157} INFO - Started process (PID=613) to work on /home/airflow/.local/lib/python3.7/site-packages/airflow/example_dags/example_kubernetes_executor.py
[2023-10-10T17:39:44.459+0000] {processor.py:826} INFO - Processing file /home/airflow/.local/lib/python3.7/site-packages/airflow/example_dags/example_kubernetes_executor.py for tasks to queue
[2023-10-10T17:39:44.461+0000] {logging_mixin.py:150} INFO - [2023-10-10T17:39:44.460+0000] {dagbag.py:541} INFO - Filling up the DagBag from /home/airflow/.local/lib/python3.7/site-packages/airflow/example_dags/example_kubernetes_executor.py
[2023-10-10T17:39:44.824+0000] {processor.py:836} INFO - DAG(s) dict_keys(['example_kubernetes_executor']) retrieved from /home/airflow/.local/lib/python3.7/site-packages/airflow/example_dags/example_kubernetes_executor.py
[2023-10-10T17:39:44.863+0000] {logging_mixin.py:150} INFO - [2023-10-10T17:39:44.863+0000] {dag.py:2742} INFO - Sync 1 DAGs
[2023-10-10T17:39:44.890+0000] {logging_mixin.py:150} INFO - [2023-10-10T17:39:44.890+0000] {dag.py:3508} INFO - Setting next_dagrun for example_kubernetes_executor to None, run_after=None
[2023-10-10T17:39:44.915+0000] {processor.py:179} INFO - Processing /home/airflow/.local/lib/python3.7/site-packages/airflow/example_dags/example_kubernetes_executor.py took 0.463 seconds
[2023-10-10T17:40:15.836+0000] {processor.py:157} INFO - Started process (PID=693) to work on /home/airflow/.local/lib/python3.7/site-packages/airflow/example_dags/example_kubernetes_executor.py
[2023-10-10T17:40:15.838+0000] {processor.py:826} INFO - Processing file /home/airflow/.local/lib/python3.7/site-packages/airflow/example_dags/example_kubernetes_executor.py for tasks to queue
[2023-10-10T17:40:15.840+0000] {logging_mixin.py:150} INFO - [2023-10-10T17:40:15.840+0000] {dagbag.py:541} INFO - Filling up the DagBag from /home/airflow/.local/lib/python3.7/site-packages/airflow/example_dags/example_kubernetes_executor.py
[2023-10-10T17:40:16.218+0000] {processor.py:836} INFO - DAG(s) dict_keys(['example_kubernetes_executor']) retrieved from /home/airflow/.local/lib/python3.7/site-packages/airflow/example_dags/example_kubernetes_executor.py
[2023-10-10T17:40:16.265+0000] {logging_mixin.py:150} INFO - [2023-10-10T17:40:16.265+0000] {dag.py:2742} INFO - Sync 1 DAGs
[2023-10-10T17:40:16.296+0000] {logging_mixin.py:150} INFO - [2023-10-10T17:40:16.296+0000] {dag.py:3508} INFO - Setting next_dagrun for example_kubernetes_executor to None, run_after=None
[2023-10-10T17:40:16.323+0000] {processor.py:179} INFO - Processing /home/airflow/.local/lib/python3.7/site-packages/airflow/example_dags/example_kubernetes_executor.py took 0.491 seconds
[2023-10-10T17:40:47.141+0000] {processor.py:157} INFO - Started process (PID=782) to work on /home/airflow/.local/lib/python3.7/site-packages/airflow/example_dags/example_kubernetes_executor.py
[2023-10-10T17:40:47.143+0000] {processor.py:826} INFO - Processing file /home/airflow/.local/lib/python3.7/site-packages/airflow/example_dags/example_kubernetes_executor.py for tasks to queue
[2023-10-10T17:40:47.144+0000] {logging_mixin.py:150} INFO - [2023-10-10T17:40:47.144+0000] {dagbag.py:541} INFO - Filling up the DagBag from /home/airflow/.local/lib/python3.7/site-packages/airflow/example_dags/example_kubernetes_executor.py
[2023-10-10T17:40:47.649+0000] {processor.py:836} INFO - DAG(s) dict_keys(['example_kubernetes_executor']) retrieved from /home/airflow/.local/lib/python3.7/site-packages/airflow/example_dags/example_kubernetes_executor.py
[2023-10-10T17:40:47.701+0000] {logging_mixin.py:150} INFO - [2023-10-10T17:40:47.701+0000] {dag.py:2742} INFO - Sync 1 DAGs
[2023-10-10T17:40:47.746+0000] {logging_mixin.py:150} INFO - [2023-10-10T17:40:47.746+0000] {dag.py:3508} INFO - Setting next_dagrun for example_kubernetes_executor to None, run_after=None
[2023-10-10T17:40:47.775+0000] {processor.py:179} INFO - Processing /home/airflow/.local/lib/python3.7/site-packages/airflow/example_dags/example_kubernetes_executor.py took 0.641 seconds
[2023-10-10T17:41:18.660+0000] {processor.py:157} INFO - Started process (PID=862) to work on /home/airflow/.local/lib/python3.7/site-packages/airflow/example_dags/example_kubernetes_executor.py
[2023-10-10T17:41:18.662+0000] {processor.py:826} INFO - Processing file /home/airflow/.local/lib/python3.7/site-packages/airflow/example_dags/example_kubernetes_executor.py for tasks to queue
[2023-10-10T17:41:18.664+0000] {logging_mixin.py:150} INFO - [2023-10-10T17:41:18.664+0000] {dagbag.py:541} INFO - Filling up the DagBag from /home/airflow/.local/lib/python3.7/site-packages/airflow/example_dags/example_kubernetes_executor.py
[2023-10-10T17:41:19.052+0000] {processor.py:836} INFO - DAG(s) dict_keys(['example_kubernetes_executor']) retrieved from /home/airflow/.local/lib/python3.7/site-packages/airflow/example_dags/example_kubernetes_executor.py
[2023-10-10T17:41:19.094+0000] {logging_mixin.py:150} INFO - [2023-10-10T17:41:19.093+0000] {dag.py:2742} INFO - Sync 1 DAGs
[2023-10-10T17:41:19.129+0000] {logging_mixin.py:150} INFO - [2023-10-10T17:41:19.129+0000] {dag.py:3508} INFO - Setting next_dagrun for example_kubernetes_executor to None, run_after=None
[2023-10-10T17:41:19.162+0000] {processor.py:179} INFO - Processing /home/airflow/.local/lib/python3.7/site-packages/airflow/example_dags/example_kubernetes_executor.py took 0.508 seconds
[2023-10-10T17:41:49.593+0000] {processor.py:157} INFO - Started process (PID=952) to work on /home/airflow/.local/lib/python3.7/site-packages/airflow/example_dags/example_kubernetes_executor.py
[2023-10-10T17:41:49.595+0000] {processor.py:826} INFO - Processing file /home/airflow/.local/lib/python3.7/site-packages/airflow/example_dags/example_kubernetes_executor.py for tasks to queue
[2023-10-10T17:41:49.597+0000] {logging_mixin.py:150} INFO - [2023-10-10T17:41:49.597+0000] {dagbag.py:541} INFO - Filling up the DagBag from /home/airflow/.local/lib/python3.7/site-packages/airflow/example_dags/example_kubernetes_executor.py
[2023-10-10T17:41:49.979+0000] {processor.py:836} INFO - DAG(s) dict_keys(['example_kubernetes_executor']) retrieved from /home/airflow/.local/lib/python3.7/site-packages/airflow/example_dags/example_kubernetes_executor.py
[2023-10-10T17:41:50.035+0000] {logging_mixin.py:150} INFO - [2023-10-10T17:41:50.034+0000] {dag.py:2742} INFO - Sync 1 DAGs
[2023-10-10T17:41:50.076+0000] {logging_mixin.py:150} INFO - [2023-10-10T17:41:50.076+0000] {dag.py:3508} INFO - Setting next_dagrun for example_kubernetes_executor to None, run_after=None
[2023-10-10T17:41:50.103+0000] {processor.py:179} INFO - Processing /home/airflow/.local/lib/python3.7/site-packages/airflow/example_dags/example_kubernetes_executor.py took 0.537 seconds
[2023-10-10T17:42:20.455+0000] {processor.py:157} INFO - Started process (PID=1032) to work on /home/airflow/.local/lib/python3.7/site-packages/airflow/example_dags/example_kubernetes_executor.py
[2023-10-10T17:42:20.466+0000] {processor.py:826} INFO - Processing file /home/airflow/.local/lib/python3.7/site-packages/airflow/example_dags/example_kubernetes_executor.py for tasks to queue
[2023-10-10T17:42:20.471+0000] {logging_mixin.py:150} INFO - [2023-10-10T17:42:20.470+0000] {dagbag.py:541} INFO - Filling up the DagBag from /home/airflow/.local/lib/python3.7/site-packages/airflow/example_dags/example_kubernetes_executor.py
[2023-10-10T17:42:20.996+0000] {processor.py:836} INFO - DAG(s) dict_keys(['example_kubernetes_executor']) retrieved from /home/airflow/.local/lib/python3.7/site-packages/airflow/example_dags/example_kubernetes_executor.py
[2023-10-10T17:42:21.050+0000] {logging_mixin.py:150} INFO - [2023-10-10T17:42:21.050+0000] {dag.py:2742} INFO - Sync 1 DAGs
[2023-10-10T17:42:21.095+0000] {logging_mixin.py:150} INFO - [2023-10-10T17:42:21.095+0000] {dag.py:3508} INFO - Setting next_dagrun for example_kubernetes_executor to None, run_after=None
[2023-10-10T17:42:21.164+0000] {processor.py:179} INFO - Processing /home/airflow/.local/lib/python3.7/site-packages/airflow/example_dags/example_kubernetes_executor.py took 0.715 seconds
[2023-10-10T17:42:51.479+0000] {processor.py:157} INFO - Started process (PID=1122) to work on /home/airflow/.local/lib/python3.7/site-packages/airflow/example_dags/example_kubernetes_executor.py
[2023-10-10T17:42:51.482+0000] {processor.py:826} INFO - Processing file /home/airflow/.local/lib/python3.7/site-packages/airflow/example_dags/example_kubernetes_executor.py for tasks to queue
[2023-10-10T17:42:51.483+0000] {logging_mixin.py:150} INFO - [2023-10-10T17:42:51.483+0000] {dagbag.py:541} INFO - Filling up the DagBag from /home/airflow/.local/lib/python3.7/site-packages/airflow/example_dags/example_kubernetes_executor.py
[2023-10-10T17:42:51.895+0000] {processor.py:836} INFO - DAG(s) dict_keys(['example_kubernetes_executor']) retrieved from /home/airflow/.local/lib/python3.7/site-packages/airflow/example_dags/example_kubernetes_executor.py
[2023-10-10T17:42:51.940+0000] {logging_mixin.py:150} INFO - [2023-10-10T17:42:51.940+0000] {dag.py:2742} INFO - Sync 1 DAGs
[2023-10-10T17:42:51.977+0000] {logging_mixin.py:150} INFO - [2023-10-10T17:42:51.977+0000] {dag.py:3508} INFO - Setting next_dagrun for example_kubernetes_executor to None, run_after=None
[2023-10-10T17:42:52.005+0000] {processor.py:179} INFO - Processing /home/airflow/.local/lib/python3.7/site-packages/airflow/example_dags/example_kubernetes_executor.py took 0.531 seconds
[2023-10-10T17:43:22.301+0000] {processor.py:157} INFO - Started process (PID=1202) to work on /home/airflow/.local/lib/python3.7/site-packages/airflow/example_dags/example_kubernetes_executor.py
[2023-10-10T17:43:22.303+0000] {processor.py:826} INFO - Processing file /home/airflow/.local/lib/python3.7/site-packages/airflow/example_dags/example_kubernetes_executor.py for tasks to queue
[2023-10-10T17:43:22.305+0000] {logging_mixin.py:150} INFO - [2023-10-10T17:43:22.305+0000] {dagbag.py:541} INFO - Filling up the DagBag from /home/airflow/.local/lib/python3.7/site-packages/airflow/example_dags/example_kubernetes_executor.py
[2023-10-10T17:43:22.782+0000] {processor.py:836} INFO - DAG(s) dict_keys(['example_kubernetes_executor']) retrieved from /home/airflow/.local/lib/python3.7/site-packages/airflow/example_dags/example_kubernetes_executor.py
[2023-10-10T17:43:22.842+0000] {logging_mixin.py:150} INFO - [2023-10-10T17:43:22.842+0000] {dag.py:2742} INFO - Sync 1 DAGs
[2023-10-10T17:43:22.880+0000] {logging_mixin.py:150} INFO - [2023-10-10T17:43:22.879+0000] {dag.py:3508} INFO - Setting next_dagrun for example_kubernetes_executor to None, run_after=None
[2023-10-10T17:43:22.945+0000] {processor.py:179} INFO - Processing /home/airflow/.local/lib/python3.7/site-packages/airflow/example_dags/example_kubernetes_executor.py took 0.651 seconds
[2023-10-10T17:43:53.617+0000] {processor.py:157} INFO - Started process (PID=1292) to work on /home/airflow/.local/lib/python3.7/site-packages/airflow/example_dags/example_kubernetes_executor.py
[2023-10-10T17:43:53.621+0000] {processor.py:826} INFO - Processing file /home/airflow/.local/lib/python3.7/site-packages/airflow/example_dags/example_kubernetes_executor.py for tasks to queue
[2023-10-10T17:43:53.623+0000] {logging_mixin.py:150} INFO - [2023-10-10T17:43:53.623+0000] {dagbag.py:541} INFO - Filling up the DagBag from /home/airflow/.local/lib/python3.7/site-packages/airflow/example_dags/example_kubernetes_executor.py
[2023-10-10T17:43:54.101+0000] {processor.py:836} INFO - DAG(s) dict_keys(['example_kubernetes_executor']) retrieved from /home/airflow/.local/lib/python3.7/site-packages/airflow/example_dags/example_kubernetes_executor.py
[2023-10-10T17:43:54.154+0000] {logging_mixin.py:150} INFO - [2023-10-10T17:43:54.153+0000] {dag.py:2742} INFO - Sync 1 DAGs
[2023-10-10T17:43:54.192+0000] {logging_mixin.py:150} INFO - [2023-10-10T17:43:54.192+0000] {dag.py:3508} INFO - Setting next_dagrun for example_kubernetes_executor to None, run_after=None
[2023-10-10T17:43:54.221+0000] {processor.py:179} INFO - Processing /home/airflow/.local/lib/python3.7/site-packages/airflow/example_dags/example_kubernetes_executor.py took 0.608 seconds
[2023-10-10T17:44:24.688+0000] {processor.py:157} INFO - Started process (PID=1372) to work on /home/airflow/.local/lib/python3.7/site-packages/airflow/example_dags/example_kubernetes_executor.py
[2023-10-10T17:44:24.691+0000] {processor.py:826} INFO - Processing file /home/airflow/.local/lib/python3.7/site-packages/airflow/example_dags/example_kubernetes_executor.py for tasks to queue
[2023-10-10T17:44:24.696+0000] {logging_mixin.py:150} INFO - [2023-10-10T17:44:24.696+0000] {dagbag.py:541} INFO - Filling up the DagBag from /home/airflow/.local/lib/python3.7/site-packages/airflow/example_dags/example_kubernetes_executor.py
[2023-10-10T17:44:25.215+0000] {processor.py:836} INFO - DAG(s) dict_keys(['example_kubernetes_executor']) retrieved from /home/airflow/.local/lib/python3.7/site-packages/airflow/example_dags/example_kubernetes_executor.py
[2023-10-10T17:44:25.264+0000] {logging_mixin.py:150} INFO - [2023-10-10T17:44:25.264+0000] {dag.py:2742} INFO - Sync 1 DAGs
[2023-10-10T17:44:25.294+0000] {logging_mixin.py:150} INFO - [2023-10-10T17:44:25.294+0000] {dag.py:3508} INFO - Setting next_dagrun for example_kubernetes_executor to None, run_after=None
[2023-10-10T17:44:25.316+0000] {processor.py:179} INFO - Processing /home/airflow/.local/lib/python3.7/site-packages/airflow/example_dags/example_kubernetes_executor.py took 0.635 seconds
[2023-10-10T17:44:55.549+0000] {processor.py:157} INFO - Started process (PID=1463) to work on /home/airflow/.local/lib/python3.7/site-packages/airflow/example_dags/example_kubernetes_executor.py
[2023-10-10T17:44:55.552+0000] {processor.py:826} INFO - Processing file /home/airflow/.local/lib/python3.7/site-packages/airflow/example_dags/example_kubernetes_executor.py for tasks to queue
[2023-10-10T17:44:55.554+0000] {logging_mixin.py:150} INFO - [2023-10-10T17:44:55.554+0000] {dagbag.py:541} INFO - Filling up the DagBag from /home/airflow/.local/lib/python3.7/site-packages/airflow/example_dags/example_kubernetes_executor.py
[2023-10-10T17:44:56.110+0000] {processor.py:836} INFO - DAG(s) dict_keys(['example_kubernetes_executor']) retrieved from /home/airflow/.local/lib/python3.7/site-packages/airflow/example_dags/example_kubernetes_executor.py
[2023-10-10T17:44:56.177+0000] {logging_mixin.py:150} INFO - [2023-10-10T17:44:56.177+0000] {dag.py:2742} INFO - Sync 1 DAGs
[2023-10-10T17:44:56.218+0000] {logging_mixin.py:150} INFO - [2023-10-10T17:44:56.218+0000] {dag.py:3508} INFO - Setting next_dagrun for example_kubernetes_executor to None, run_after=None
[2023-10-10T17:44:56.248+0000] {processor.py:179} INFO - Processing /home/airflow/.local/lib/python3.7/site-packages/airflow/example_dags/example_kubernetes_executor.py took 0.704 seconds
[2023-10-10T17:45:26.829+0000] {processor.py:157} INFO - Started process (PID=1543) to work on /home/airflow/.local/lib/python3.7/site-packages/airflow/example_dags/example_kubernetes_executor.py
[2023-10-10T17:45:26.831+0000] {processor.py:826} INFO - Processing file /home/airflow/.local/lib/python3.7/site-packages/airflow/example_dags/example_kubernetes_executor.py for tasks to queue
[2023-10-10T17:45:26.833+0000] {logging_mixin.py:150} INFO - [2023-10-10T17:45:26.833+0000] {dagbag.py:541} INFO - Filling up the DagBag from /home/airflow/.local/lib/python3.7/site-packages/airflow/example_dags/example_kubernetes_executor.py
[2023-10-10T17:45:27.203+0000] {processor.py:836} INFO - DAG(s) dict_keys(['example_kubernetes_executor']) retrieved from /home/airflow/.local/lib/python3.7/site-packages/airflow/example_dags/example_kubernetes_executor.py
[2023-10-10T17:45:27.241+0000] {logging_mixin.py:150} INFO - [2023-10-10T17:45:27.240+0000] {dag.py:2742} INFO - Sync 1 DAGs
[2023-10-10T17:45:27.270+0000] {logging_mixin.py:150} INFO - [2023-10-10T17:45:27.270+0000] {dag.py:3508} INFO - Setting next_dagrun for example_kubernetes_executor to None, run_after=None
[2023-10-10T17:45:27.291+0000] {processor.py:179} INFO - Processing /home/airflow/.local/lib/python3.7/site-packages/airflow/example_dags/example_kubernetes_executor.py took 0.466 seconds
[2023-10-10T17:45:58.046+0000] {processor.py:157} INFO - Started process (PID=1632) to work on /home/airflow/.local/lib/python3.7/site-packages/airflow/example_dags/example_kubernetes_executor.py
[2023-10-10T17:45:58.072+0000] {processor.py:826} INFO - Processing file /home/airflow/.local/lib/python3.7/site-packages/airflow/example_dags/example_kubernetes_executor.py for tasks to queue
[2023-10-10T17:45:58.073+0000] {logging_mixin.py:150} INFO - [2023-10-10T17:45:58.073+0000] {dagbag.py:541} INFO - Filling up the DagBag from /home/airflow/.local/lib/python3.7/site-packages/airflow/example_dags/example_kubernetes_executor.py
[2023-10-10T17:45:58.467+0000] {processor.py:836} INFO - DAG(s) dict_keys(['example_kubernetes_executor']) retrieved from /home/airflow/.local/lib/python3.7/site-packages/airflow/example_dags/example_kubernetes_executor.py
[2023-10-10T17:45:58.505+0000] {logging_mixin.py:150} INFO - [2023-10-10T17:45:58.504+0000] {dag.py:2742} INFO - Sync 1 DAGs
[2023-10-10T17:45:58.534+0000] {logging_mixin.py:150} INFO - [2023-10-10T17:45:58.534+0000] {dag.py:3508} INFO - Setting next_dagrun for example_kubernetes_executor to None, run_after=None
[2023-10-10T17:45:58.561+0000] {processor.py:179} INFO - Processing /home/airflow/.local/lib/python3.7/site-packages/airflow/example_dags/example_kubernetes_executor.py took 0.520 seconds
[2023-10-10T17:46:29.376+0000] {processor.py:157} INFO - Started process (PID=1712) to work on /home/airflow/.local/lib/python3.7/site-packages/airflow/example_dags/example_kubernetes_executor.py
[2023-10-10T17:46:29.379+0000] {processor.py:826} INFO - Processing file /home/airflow/.local/lib/python3.7/site-packages/airflow/example_dags/example_kubernetes_executor.py for tasks to queue
[2023-10-10T17:46:29.381+0000] {logging_mixin.py:150} INFO - [2023-10-10T17:46:29.380+0000] {dagbag.py:541} INFO - Filling up the DagBag from /home/airflow/.local/lib/python3.7/site-packages/airflow/example_dags/example_kubernetes_executor.py
[2023-10-10T17:46:29.844+0000] {processor.py:836} INFO - DAG(s) dict_keys(['example_kubernetes_executor']) retrieved from /home/airflow/.local/lib/python3.7/site-packages/airflow/example_dags/example_kubernetes_executor.py
[2023-10-10T17:46:29.889+0000] {logging_mixin.py:150} INFO - [2023-10-10T17:46:29.889+0000] {dag.py:2742} INFO - Sync 1 DAGs
[2023-10-10T17:46:29.921+0000] {logging_mixin.py:150} INFO - [2023-10-10T17:46:29.921+0000] {dag.py:3508} INFO - Setting next_dagrun for example_kubernetes_executor to None, run_after=None
[2023-10-10T17:46:29.948+0000] {processor.py:179} INFO - Processing /home/airflow/.local/lib/python3.7/site-packages/airflow/example_dags/example_kubernetes_executor.py took 0.578 seconds
[2023-10-10T17:47:00.673+0000] {processor.py:157} INFO - Started process (PID=1801) to work on /home/airflow/.local/lib/python3.7/site-packages/airflow/example_dags/example_kubernetes_executor.py
[2023-10-10T17:47:00.675+0000] {processor.py:826} INFO - Processing file /home/airflow/.local/lib/python3.7/site-packages/airflow/example_dags/example_kubernetes_executor.py for tasks to queue
[2023-10-10T17:47:00.677+0000] {logging_mixin.py:150} INFO - [2023-10-10T17:47:00.676+0000] {dagbag.py:541} INFO - Filling up the DagBag from /home/airflow/.local/lib/python3.7/site-packages/airflow/example_dags/example_kubernetes_executor.py
[2023-10-10T17:47:01.124+0000] {processor.py:836} INFO - DAG(s) dict_keys(['example_kubernetes_executor']) retrieved from /home/airflow/.local/lib/python3.7/site-packages/airflow/example_dags/example_kubernetes_executor.py
[2023-10-10T17:47:01.182+0000] {logging_mixin.py:150} INFO - [2023-10-10T17:47:01.181+0000] {dag.py:2742} INFO - Sync 1 DAGs
[2023-10-10T17:47:01.239+0000] {logging_mixin.py:150} INFO - [2023-10-10T17:47:01.239+0000] {dag.py:3508} INFO - Setting next_dagrun for example_kubernetes_executor to None, run_after=None
[2023-10-10T17:47:01.273+0000] {processor.py:179} INFO - Processing /home/airflow/.local/lib/python3.7/site-packages/airflow/example_dags/example_kubernetes_executor.py took 0.605 seconds
[2023-10-10T17:47:31.831+0000] {processor.py:157} INFO - Started process (PID=1881) to work on /home/airflow/.local/lib/python3.7/site-packages/airflow/example_dags/example_kubernetes_executor.py
[2023-10-10T17:47:31.834+0000] {processor.py:826} INFO - Processing file /home/airflow/.local/lib/python3.7/site-packages/airflow/example_dags/example_kubernetes_executor.py for tasks to queue
[2023-10-10T17:47:31.836+0000] {logging_mixin.py:150} INFO - [2023-10-10T17:47:31.835+0000] {dagbag.py:541} INFO - Filling up the DagBag from /home/airflow/.local/lib/python3.7/site-packages/airflow/example_dags/example_kubernetes_executor.py
[2023-10-10T17:47:32.315+0000] {processor.py:836} INFO - DAG(s) dict_keys(['example_kubernetes_executor']) retrieved from /home/airflow/.local/lib/python3.7/site-packages/airflow/example_dags/example_kubernetes_executor.py
[2023-10-10T17:47:32.371+0000] {logging_mixin.py:150} INFO - [2023-10-10T17:47:32.371+0000] {dag.py:2742} INFO - Sync 1 DAGs
[2023-10-10T17:47:32.412+0000] {logging_mixin.py:150} INFO - [2023-10-10T17:47:32.412+0000] {dag.py:3508} INFO - Setting next_dagrun for example_kubernetes_executor to None, run_after=None
[2023-10-10T17:47:32.437+0000] {processor.py:179} INFO - Processing /home/airflow/.local/lib/python3.7/site-packages/airflow/example_dags/example_kubernetes_executor.py took 0.614 seconds
[2023-10-10T17:48:03.434+0000] {processor.py:157} INFO - Started process (PID=1970) to work on /home/airflow/.local/lib/python3.7/site-packages/airflow/example_dags/example_kubernetes_executor.py
[2023-10-10T17:48:03.436+0000] {processor.py:826} INFO - Processing file /home/airflow/.local/lib/python3.7/site-packages/airflow/example_dags/example_kubernetes_executor.py for tasks to queue
[2023-10-10T17:48:03.438+0000] {logging_mixin.py:150} INFO - [2023-10-10T17:48:03.438+0000] {dagbag.py:541} INFO - Filling up the DagBag from /home/airflow/.local/lib/python3.7/site-packages/airflow/example_dags/example_kubernetes_executor.py
[2023-10-10T17:48:03.945+0000] {processor.py:836} INFO - DAG(s) dict_keys(['example_kubernetes_executor']) retrieved from /home/airflow/.local/lib/python3.7/site-packages/airflow/example_dags/example_kubernetes_executor.py
[2023-10-10T17:48:04.005+0000] {logging_mixin.py:150} INFO - [2023-10-10T17:48:04.004+0000] {dag.py:2742} INFO - Sync 1 DAGs
[2023-10-10T17:48:04.048+0000] {logging_mixin.py:150} INFO - [2023-10-10T17:48:04.047+0000] {dag.py:3508} INFO - Setting next_dagrun for example_kubernetes_executor to None, run_after=None
[2023-10-10T17:48:04.077+0000] {processor.py:179} INFO - Processing /home/airflow/.local/lib/python3.7/site-packages/airflow/example_dags/example_kubernetes_executor.py took 0.648 seconds
[2023-10-10T17:48:34.838+0000] {processor.py:157} INFO - Started process (PID=2051) to work on /home/airflow/.local/lib/python3.7/site-packages/airflow/example_dags/example_kubernetes_executor.py
[2023-10-10T17:48:34.840+0000] {processor.py:826} INFO - Processing file /home/airflow/.local/lib/python3.7/site-packages/airflow/example_dags/example_kubernetes_executor.py for tasks to queue
[2023-10-10T17:48:34.842+0000] {logging_mixin.py:150} INFO - [2023-10-10T17:48:34.842+0000] {dagbag.py:541} INFO - Filling up the DagBag from /home/airflow/.local/lib/python3.7/site-packages/airflow/example_dags/example_kubernetes_executor.py
[2023-10-10T17:48:35.337+0000] {processor.py:836} INFO - DAG(s) dict_keys(['example_kubernetes_executor']) retrieved from /home/airflow/.local/lib/python3.7/site-packages/airflow/example_dags/example_kubernetes_executor.py
[2023-10-10T17:48:35.404+0000] {logging_mixin.py:150} INFO - [2023-10-10T17:48:35.404+0000] {dag.py:2742} INFO - Sync 1 DAGs
[2023-10-10T17:48:35.455+0000] {logging_mixin.py:150} INFO - [2023-10-10T17:48:35.455+0000] {dag.py:3508} INFO - Setting next_dagrun for example_kubernetes_executor to None, run_after=None
[2023-10-10T17:48:35.511+0000] {processor.py:179} INFO - Processing /home/airflow/.local/lib/python3.7/site-packages/airflow/example_dags/example_kubernetes_executor.py took 0.680 seconds
[2023-10-10T17:49:05.870+0000] {processor.py:157} INFO - Started process (PID=2146) to work on /home/airflow/.local/lib/python3.7/site-packages/airflow/example_dags/example_kubernetes_executor.py
[2023-10-10T17:49:05.875+0000] {processor.py:826} INFO - Processing file /home/airflow/.local/lib/python3.7/site-packages/airflow/example_dags/example_kubernetes_executor.py for tasks to queue
[2023-10-10T17:49:05.879+0000] {logging_mixin.py:150} INFO - [2023-10-10T17:49:05.879+0000] {dagbag.py:541} INFO - Filling up the DagBag from /home/airflow/.local/lib/python3.7/site-packages/airflow/example_dags/example_kubernetes_executor.py
[2023-10-10T17:49:06.389+0000] {processor.py:836} INFO - DAG(s) dict_keys(['example_kubernetes_executor']) retrieved from /home/airflow/.local/lib/python3.7/site-packages/airflow/example_dags/example_kubernetes_executor.py
[2023-10-10T17:49:06.444+0000] {logging_mixin.py:150} INFO - [2023-10-10T17:49:06.443+0000] {dag.py:2742} INFO - Sync 1 DAGs
[2023-10-10T17:49:06.482+0000] {logging_mixin.py:150} INFO - [2023-10-10T17:49:06.482+0000] {dag.py:3508} INFO - Setting next_dagrun for example_kubernetes_executor to None, run_after=None
[2023-10-10T17:49:06.514+0000] {processor.py:179} INFO - Processing /home/airflow/.local/lib/python3.7/site-packages/airflow/example_dags/example_kubernetes_executor.py took 0.653 seconds
[2023-10-10T17:49:37.348+0000] {processor.py:157} INFO - Started process (PID=2227) to work on /home/airflow/.local/lib/python3.7/site-packages/airflow/example_dags/example_kubernetes_executor.py
[2023-10-10T17:49:37.350+0000] {processor.py:826} INFO - Processing file /home/airflow/.local/lib/python3.7/site-packages/airflow/example_dags/example_kubernetes_executor.py for tasks to queue
[2023-10-10T17:49:37.351+0000] {logging_mixin.py:150} INFO - [2023-10-10T17:49:37.351+0000] {dagbag.py:541} INFO - Filling up the DagBag from /home/airflow/.local/lib/python3.7/site-packages/airflow/example_dags/example_kubernetes_executor.py
[2023-10-10T17:49:37.771+0000] {processor.py:836} INFO - DAG(s) dict_keys(['example_kubernetes_executor']) retrieved from /home/airflow/.local/lib/python3.7/site-packages/airflow/example_dags/example_kubernetes_executor.py
[2023-10-10T17:49:37.810+0000] {logging_mixin.py:150} INFO - [2023-10-10T17:49:37.810+0000] {dag.py:2742} INFO - Sync 1 DAGs
[2023-10-10T17:49:37.841+0000] {logging_mixin.py:150} INFO - [2023-10-10T17:49:37.841+0000] {dag.py:3508} INFO - Setting next_dagrun for example_kubernetes_executor to None, run_after=None
[2023-10-10T17:49:37.871+0000] {processor.py:179} INFO - Processing /home/airflow/.local/lib/python3.7/site-packages/airflow/example_dags/example_kubernetes_executor.py took 0.528 seconds
[2023-10-10T17:50:08.474+0000] {processor.py:157} INFO - Started process (PID=2315) to work on /home/airflow/.local/lib/python3.7/site-packages/airflow/example_dags/example_kubernetes_executor.py
[2023-10-10T17:50:08.478+0000] {processor.py:826} INFO - Processing file /home/airflow/.local/lib/python3.7/site-packages/airflow/example_dags/example_kubernetes_executor.py for tasks to queue
[2023-10-10T17:50:08.481+0000] {logging_mixin.py:150} INFO - [2023-10-10T17:50:08.480+0000] {dagbag.py:541} INFO - Filling up the DagBag from /home/airflow/.local/lib/python3.7/site-packages/airflow/example_dags/example_kubernetes_executor.py
[2023-10-10T17:50:08.969+0000] {processor.py:836} INFO - DAG(s) dict_keys(['example_kubernetes_executor']) retrieved from /home/airflow/.local/lib/python3.7/site-packages/airflow/example_dags/example_kubernetes_executor.py
[2023-10-10T17:50:09.015+0000] {logging_mixin.py:150} INFO - [2023-10-10T17:50:09.014+0000] {dag.py:2742} INFO - Sync 1 DAGs
[2023-10-10T17:50:09.050+0000] {logging_mixin.py:150} INFO - [2023-10-10T17:50:09.049+0000] {dag.py:3508} INFO - Setting next_dagrun for example_kubernetes_executor to None, run_after=None
[2023-10-10T17:50:09.073+0000] {processor.py:179} INFO - Processing /home/airflow/.local/lib/python3.7/site-packages/airflow/example_dags/example_kubernetes_executor.py took 0.607 seconds
[2023-10-10T17:50:39.556+0000] {processor.py:157} INFO - Started process (PID=2401) to work on /home/airflow/.local/lib/python3.7/site-packages/airflow/example_dags/example_kubernetes_executor.py
[2023-10-10T17:50:39.558+0000] {processor.py:826} INFO - Processing file /home/airflow/.local/lib/python3.7/site-packages/airflow/example_dags/example_kubernetes_executor.py for tasks to queue
[2023-10-10T17:50:39.560+0000] {logging_mixin.py:150} INFO - [2023-10-10T17:50:39.560+0000] {dagbag.py:541} INFO - Filling up the DagBag from /home/airflow/.local/lib/python3.7/site-packages/airflow/example_dags/example_kubernetes_executor.py
[2023-10-10T17:50:39.953+0000] {processor.py:836} INFO - DAG(s) dict_keys(['example_kubernetes_executor']) retrieved from /home/airflow/.local/lib/python3.7/site-packages/airflow/example_dags/example_kubernetes_executor.py
[2023-10-10T17:50:39.995+0000] {logging_mixin.py:150} INFO - [2023-10-10T17:50:39.995+0000] {dag.py:2742} INFO - Sync 1 DAGs
[2023-10-10T17:50:40.026+0000] {logging_mixin.py:150} INFO - [2023-10-10T17:50:40.026+0000] {dag.py:3508} INFO - Setting next_dagrun for example_kubernetes_executor to None, run_after=None
[2023-10-10T17:50:40.049+0000] {processor.py:179} INFO - Processing /home/airflow/.local/lib/python3.7/site-packages/airflow/example_dags/example_kubernetes_executor.py took 0.498 seconds
[2023-10-10T17:51:10.266+0000] {processor.py:157} INFO - Started process (PID=2490) to work on /home/airflow/.local/lib/python3.7/site-packages/airflow/example_dags/example_kubernetes_executor.py
[2023-10-10T17:51:10.269+0000] {processor.py:826} INFO - Processing file /home/airflow/.local/lib/python3.7/site-packages/airflow/example_dags/example_kubernetes_executor.py for tasks to queue
[2023-10-10T17:51:10.271+0000] {logging_mixin.py:150} INFO - [2023-10-10T17:51:10.270+0000] {dagbag.py:541} INFO - Filling up the DagBag from /home/airflow/.local/lib/python3.7/site-packages/airflow/example_dags/example_kubernetes_executor.py
[2023-10-10T17:51:10.662+0000] {processor.py:836} INFO - DAG(s) dict_keys(['example_kubernetes_executor']) retrieved from /home/airflow/.local/lib/python3.7/site-packages/airflow/example_dags/example_kubernetes_executor.py
[2023-10-10T17:51:10.708+0000] {logging_mixin.py:150} INFO - [2023-10-10T17:51:10.707+0000] {dag.py:2742} INFO - Sync 1 DAGs
[2023-10-10T17:51:10.737+0000] {logging_mixin.py:150} INFO - [2023-10-10T17:51:10.737+0000] {dag.py:3508} INFO - Setting next_dagrun for example_kubernetes_executor to None, run_after=None
[2023-10-10T17:51:10.763+0000] {processor.py:179} INFO - Processing /home/airflow/.local/lib/python3.7/site-packages/airflow/example_dags/example_kubernetes_executor.py took 0.502 seconds
[2023-10-10T17:51:40.901+0000] {processor.py:157} INFO - Started process (PID=2572) to work on /home/airflow/.local/lib/python3.7/site-packages/airflow/example_dags/example_kubernetes_executor.py
[2023-10-10T17:51:40.903+0000] {processor.py:826} INFO - Processing file /home/airflow/.local/lib/python3.7/site-packages/airflow/example_dags/example_kubernetes_executor.py for tasks to queue
[2023-10-10T17:51:40.905+0000] {logging_mixin.py:150} INFO - [2023-10-10T17:51:40.905+0000] {dagbag.py:541} INFO - Filling up the DagBag from /home/airflow/.local/lib/python3.7/site-packages/airflow/example_dags/example_kubernetes_executor.py
[2023-10-10T17:51:41.460+0000] {processor.py:836} INFO - DAG(s) dict_keys(['example_kubernetes_executor']) retrieved from /home/airflow/.local/lib/python3.7/site-packages/airflow/example_dags/example_kubernetes_executor.py
[2023-10-10T17:51:41.505+0000] {logging_mixin.py:150} INFO - [2023-10-10T17:51:41.504+0000] {dag.py:2742} INFO - Sync 1 DAGs
[2023-10-10T17:51:41.536+0000] {logging_mixin.py:150} INFO - [2023-10-10T17:51:41.536+0000] {dag.py:3508} INFO - Setting next_dagrun for example_kubernetes_executor to None, run_after=None
[2023-10-10T17:51:41.563+0000] {processor.py:179} INFO - Processing /home/airflow/.local/lib/python3.7/site-packages/airflow/example_dags/example_kubernetes_executor.py took 0.668 seconds
[2023-10-10T17:52:11.943+0000] {processor.py:157} INFO - Started process (PID=2665) to work on /home/airflow/.local/lib/python3.7/site-packages/airflow/example_dags/example_kubernetes_executor.py
[2023-10-10T17:52:11.946+0000] {processor.py:826} INFO - Processing file /home/airflow/.local/lib/python3.7/site-packages/airflow/example_dags/example_kubernetes_executor.py for tasks to queue
[2023-10-10T17:52:11.949+0000] {logging_mixin.py:150} INFO - [2023-10-10T17:52:11.948+0000] {dagbag.py:541} INFO - Filling up the DagBag from /home/airflow/.local/lib/python3.7/site-packages/airflow/example_dags/example_kubernetes_executor.py
[2023-10-10T17:52:12.446+0000] {processor.py:836} INFO - DAG(s) dict_keys(['example_kubernetes_executor']) retrieved from /home/airflow/.local/lib/python3.7/site-packages/airflow/example_dags/example_kubernetes_executor.py
[2023-10-10T17:52:12.498+0000] {logging_mixin.py:150} INFO - [2023-10-10T17:52:12.498+0000] {dag.py:2742} INFO - Sync 1 DAGs
[2023-10-10T17:52:12.551+0000] {logging_mixin.py:150} INFO - [2023-10-10T17:52:12.551+0000] {dag.py:3508} INFO - Setting next_dagrun for example_kubernetes_executor to None, run_after=None
[2023-10-10T17:52:12.580+0000] {processor.py:179} INFO - Processing /home/airflow/.local/lib/python3.7/site-packages/airflow/example_dags/example_kubernetes_executor.py took 0.642 seconds
[2023-10-10T17:52:43.145+0000] {processor.py:157} INFO - Started process (PID=2747) to work on /home/airflow/.local/lib/python3.7/site-packages/airflow/example_dags/example_kubernetes_executor.py
[2023-10-10T17:52:43.147+0000] {processor.py:826} INFO - Processing file /home/airflow/.local/lib/python3.7/site-packages/airflow/example_dags/example_kubernetes_executor.py for tasks to queue
[2023-10-10T17:52:43.149+0000] {logging_mixin.py:150} INFO - [2023-10-10T17:52:43.149+0000] {dagbag.py:541} INFO - Filling up the DagBag from /home/airflow/.local/lib/python3.7/site-packages/airflow/example_dags/example_kubernetes_executor.py
[2023-10-10T17:52:43.608+0000] {processor.py:836} INFO - DAG(s) dict_keys(['example_kubernetes_executor']) retrieved from /home/airflow/.local/lib/python3.7/site-packages/airflow/example_dags/example_kubernetes_executor.py
[2023-10-10T17:52:43.652+0000] {logging_mixin.py:150} INFO - [2023-10-10T17:52:43.652+0000] {dag.py:2742} INFO - Sync 1 DAGs
[2023-10-10T17:52:43.694+0000] {logging_mixin.py:150} INFO - [2023-10-10T17:52:43.694+0000] {dag.py:3508} INFO - Setting next_dagrun for example_kubernetes_executor to None, run_after=None
[2023-10-10T17:52:43.723+0000] {processor.py:179} INFO - Processing /home/airflow/.local/lib/python3.7/site-packages/airflow/example_dags/example_kubernetes_executor.py took 0.584 seconds
[2023-10-10T17:53:13.831+0000] {processor.py:157} INFO - Started process (PID=2840) to work on /home/airflow/.local/lib/python3.7/site-packages/airflow/example_dags/example_kubernetes_executor.py
[2023-10-10T17:53:13.833+0000] {processor.py:826} INFO - Processing file /home/airflow/.local/lib/python3.7/site-packages/airflow/example_dags/example_kubernetes_executor.py for tasks to queue
[2023-10-10T17:53:13.834+0000] {logging_mixin.py:150} INFO - [2023-10-10T17:53:13.834+0000] {dagbag.py:541} INFO - Filling up the DagBag from /home/airflow/.local/lib/python3.7/site-packages/airflow/example_dags/example_kubernetes_executor.py
[2023-10-10T17:53:14.290+0000] {processor.py:836} INFO - DAG(s) dict_keys(['example_kubernetes_executor']) retrieved from /home/airflow/.local/lib/python3.7/site-packages/airflow/example_dags/example_kubernetes_executor.py
[2023-10-10T17:53:14.339+0000] {logging_mixin.py:150} INFO - [2023-10-10T17:53:14.339+0000] {dag.py:2742} INFO - Sync 1 DAGs
[2023-10-10T17:53:14.375+0000] {logging_mixin.py:150} INFO - [2023-10-10T17:53:14.375+0000] {dag.py:3508} INFO - Setting next_dagrun for example_kubernetes_executor to None, run_after=None
[2023-10-10T17:53:14.404+0000] {processor.py:179} INFO - Processing /home/airflow/.local/lib/python3.7/site-packages/airflow/example_dags/example_kubernetes_executor.py took 0.578 seconds
[2023-10-10T17:53:45.252+0000] {processor.py:157} INFO - Started process (PID=2921) to work on /home/airflow/.local/lib/python3.7/site-packages/airflow/example_dags/example_kubernetes_executor.py
[2023-10-10T17:53:45.254+0000] {processor.py:826} INFO - Processing file /home/airflow/.local/lib/python3.7/site-packages/airflow/example_dags/example_kubernetes_executor.py for tasks to queue
[2023-10-10T17:53:45.256+0000] {logging_mixin.py:150} INFO - [2023-10-10T17:53:45.255+0000] {dagbag.py:541} INFO - Filling up the DagBag from /home/airflow/.local/lib/python3.7/site-packages/airflow/example_dags/example_kubernetes_executor.py
[2023-10-10T17:53:45.732+0000] {processor.py:836} INFO - DAG(s) dict_keys(['example_kubernetes_executor']) retrieved from /home/airflow/.local/lib/python3.7/site-packages/airflow/example_dags/example_kubernetes_executor.py
[2023-10-10T17:53:45.796+0000] {logging_mixin.py:150} INFO - [2023-10-10T17:53:45.795+0000] {dag.py:2742} INFO - Sync 1 DAGs
[2023-10-10T17:53:45.833+0000] {logging_mixin.py:150} INFO - [2023-10-10T17:53:45.833+0000] {dag.py:3508} INFO - Setting next_dagrun for example_kubernetes_executor to None, run_after=None
[2023-10-10T17:53:45.859+0000] {processor.py:179} INFO - Processing /home/airflow/.local/lib/python3.7/site-packages/airflow/example_dags/example_kubernetes_executor.py took 0.612 seconds
[2023-10-10T17:54:16.006+0000] {processor.py:157} INFO - Started process (PID=3014) to work on /home/airflow/.local/lib/python3.7/site-packages/airflow/example_dags/example_kubernetes_executor.py
[2023-10-10T17:54:16.008+0000] {processor.py:826} INFO - Processing file /home/airflow/.local/lib/python3.7/site-packages/airflow/example_dags/example_kubernetes_executor.py for tasks to queue
[2023-10-10T17:54:16.010+0000] {logging_mixin.py:150} INFO - [2023-10-10T17:54:16.010+0000] {dagbag.py:541} INFO - Filling up the DagBag from /home/airflow/.local/lib/python3.7/site-packages/airflow/example_dags/example_kubernetes_executor.py
[2023-10-10T17:54:16.454+0000] {processor.py:836} INFO - DAG(s) dict_keys(['example_kubernetes_executor']) retrieved from /home/airflow/.local/lib/python3.7/site-packages/airflow/example_dags/example_kubernetes_executor.py
[2023-10-10T17:54:16.494+0000] {logging_mixin.py:150} INFO - [2023-10-10T17:54:16.494+0000] {dag.py:2742} INFO - Sync 1 DAGs
[2023-10-10T17:54:16.526+0000] {logging_mixin.py:150} INFO - [2023-10-10T17:54:16.525+0000] {dag.py:3508} INFO - Setting next_dagrun for example_kubernetes_executor to None, run_after=None
[2023-10-10T17:54:16.553+0000] {processor.py:179} INFO - Processing /home/airflow/.local/lib/python3.7/site-packages/airflow/example_dags/example_kubernetes_executor.py took 0.553 seconds
[2023-10-10T17:54:47.462+0000] {processor.py:157} INFO - Started process (PID=3118) to work on /home/airflow/.local/lib/python3.7/site-packages/airflow/example_dags/example_kubernetes_executor.py
[2023-10-10T17:54:47.466+0000] {processor.py:826} INFO - Processing file /home/airflow/.local/lib/python3.7/site-packages/airflow/example_dags/example_kubernetes_executor.py for tasks to queue
[2023-10-10T17:54:47.468+0000] {logging_mixin.py:150} INFO - [2023-10-10T17:54:47.468+0000] {dagbag.py:541} INFO - Filling up the DagBag from /home/airflow/.local/lib/python3.7/site-packages/airflow/example_dags/example_kubernetes_executor.py
[2023-10-10T17:54:48.151+0000] {processor.py:836} INFO - DAG(s) dict_keys(['example_kubernetes_executor']) retrieved from /home/airflow/.local/lib/python3.7/site-packages/airflow/example_dags/example_kubernetes_executor.py
[2023-10-10T17:54:48.333+0000] {logging_mixin.py:150} INFO - [2023-10-10T17:54:48.332+0000] {dag.py:2742} INFO - Sync 1 DAGs
[2023-10-10T17:54:48.431+0000] {logging_mixin.py:150} INFO - [2023-10-10T17:54:48.431+0000] {dag.py:3508} INFO - Setting next_dagrun for example_kubernetes_executor to None, run_after=None
[2023-10-10T17:54:48.495+0000] {processor.py:179} INFO - Processing /home/airflow/.local/lib/python3.7/site-packages/airflow/example_dags/example_kubernetes_executor.py took 1.044 seconds
[2023-10-10T17:56:05.730+0000] {processor.py:157} INFO - Started process (PID=3241) to work on /home/airflow/.local/lib/python3.7/site-packages/airflow/example_dags/example_kubernetes_executor.py
[2023-10-10T17:56:05.733+0000] {processor.py:826} INFO - Processing file /home/airflow/.local/lib/python3.7/site-packages/airflow/example_dags/example_kubernetes_executor.py for tasks to queue
[2023-10-10T17:56:05.736+0000] {logging_mixin.py:150} INFO - [2023-10-10T17:56:05.736+0000] {dagbag.py:541} INFO - Filling up the DagBag from /home/airflow/.local/lib/python3.7/site-packages/airflow/example_dags/example_kubernetes_executor.py
[2023-10-10T17:56:06.268+0000] {processor.py:836} INFO - DAG(s) dict_keys(['example_kubernetes_executor']) retrieved from /home/airflow/.local/lib/python3.7/site-packages/airflow/example_dags/example_kubernetes_executor.py
[2023-10-10T17:56:06.317+0000] {logging_mixin.py:150} INFO - [2023-10-10T17:56:06.317+0000] {dag.py:2742} INFO - Sync 1 DAGs
[2023-10-10T17:56:06.355+0000] {logging_mixin.py:150} INFO - [2023-10-10T17:56:06.355+0000] {dag.py:3508} INFO - Setting next_dagrun for example_kubernetes_executor to None, run_after=None
[2023-10-10T17:56:06.387+0000] {processor.py:179} INFO - Processing /home/airflow/.local/lib/python3.7/site-packages/airflow/example_dags/example_kubernetes_executor.py took 0.663 seconds
[2023-10-10T17:56:38.094+0000] {processor.py:157} INFO - Started process (PID=3322) to work on /home/airflow/.local/lib/python3.7/site-packages/airflow/example_dags/example_kubernetes_executor.py
[2023-10-10T17:56:38.099+0000] {processor.py:826} INFO - Processing file /home/airflow/.local/lib/python3.7/site-packages/airflow/example_dags/example_kubernetes_executor.py for tasks to queue
[2023-10-10T17:56:38.104+0000] {logging_mixin.py:150} INFO - [2023-10-10T17:56:38.103+0000] {dagbag.py:541} INFO - Filling up the DagBag from /home/airflow/.local/lib/python3.7/site-packages/airflow/example_dags/example_kubernetes_executor.py
[2023-10-10T17:56:39.302+0000] {processor.py:836} INFO - DAG(s) dict_keys(['example_kubernetes_executor']) retrieved from /home/airflow/.local/lib/python3.7/site-packages/airflow/example_dags/example_kubernetes_executor.py
[2023-10-10T17:56:39.412+0000] {logging_mixin.py:150} INFO - [2023-10-10T17:56:39.412+0000] {dag.py:2742} INFO - Sync 1 DAGs
[2023-10-10T17:56:39.479+0000] {logging_mixin.py:150} INFO - [2023-10-10T17:56:39.479+0000] {dag.py:3508} INFO - Setting next_dagrun for example_kubernetes_executor to None, run_after=None
[2023-10-10T17:56:39.559+0000] {processor.py:179} INFO - Processing /home/airflow/.local/lib/python3.7/site-packages/airflow/example_dags/example_kubernetes_executor.py took 1.479 seconds
[2023-10-10T17:57:27.708+0000] {processor.py:157} INFO - Started process (PID=3413) to work on /home/airflow/.local/lib/python3.7/site-packages/airflow/example_dags/example_kubernetes_executor.py
[2023-10-10T17:57:27.736+0000] {processor.py:826} INFO - Processing file /home/airflow/.local/lib/python3.7/site-packages/airflow/example_dags/example_kubernetes_executor.py for tasks to queue
[2023-10-10T17:57:27.772+0000] {logging_mixin.py:150} INFO - [2023-10-10T17:57:27.759+0000] {dagbag.py:541} INFO - Filling up the DagBag from /home/airflow/.local/lib/python3.7/site-packages/airflow/example_dags/example_kubernetes_executor.py
[2023-10-10T17:57:39.559+0000] {processor.py:836} INFO - DAG(s) dict_keys(['example_kubernetes_executor']) retrieved from /home/airflow/.local/lib/python3.7/site-packages/airflow/example_dags/example_kubernetes_executor.py
[2023-10-10T17:57:40.406+0000] {logging_mixin.py:150} INFO - [2023-10-10T17:57:40.404+0000] {dag.py:2742} INFO - Sync 1 DAGs
[2023-10-10T17:57:41.367+0000] {logging_mixin.py:150} INFO - [2023-10-10T17:57:41.366+0000] {dag.py:3508} INFO - Setting next_dagrun for example_kubernetes_executor to None, run_after=None
[2023-10-10T17:57:41.564+0000] {processor.py:179} INFO - Processing /home/airflow/.local/lib/python3.7/site-packages/airflow/example_dags/example_kubernetes_executor.py took 13.902 seconds
[2023-10-10T17:58:33.336+0000] {processor.py:157} INFO - Started process (PID=3517) to work on /home/airflow/.local/lib/python3.7/site-packages/airflow/example_dags/example_kubernetes_executor.py
[2023-10-10T17:58:33.341+0000] {processor.py:826} INFO - Processing file /home/airflow/.local/lib/python3.7/site-packages/airflow/example_dags/example_kubernetes_executor.py for tasks to queue
[2023-10-10T17:58:33.347+0000] {logging_mixin.py:150} INFO - [2023-10-10T17:58:33.346+0000] {dagbag.py:541} INFO - Filling up the DagBag from /home/airflow/.local/lib/python3.7/site-packages/airflow/example_dags/example_kubernetes_executor.py
[2023-10-10T17:58:36.273+0000] {processor.py:836} INFO - DAG(s) dict_keys(['example_kubernetes_executor']) retrieved from /home/airflow/.local/lib/python3.7/site-packages/airflow/example_dags/example_kubernetes_executor.py
[2023-10-10T17:58:36.561+0000] {logging_mixin.py:150} INFO - [2023-10-10T17:58:36.560+0000] {dag.py:2742} INFO - Sync 1 DAGs
[2023-10-10T17:58:36.741+0000] {logging_mixin.py:150} INFO - [2023-10-10T17:58:36.741+0000] {dag.py:3508} INFO - Setting next_dagrun for example_kubernetes_executor to None, run_after=None
[2023-10-10T17:58:36.914+0000] {processor.py:179} INFO - Processing /home/airflow/.local/lib/python3.7/site-packages/airflow/example_dags/example_kubernetes_executor.py took 3.593 seconds
[2023-10-10T17:59:07.149+0000] {processor.py:157} INFO - Started process (PID=3613) to work on /home/airflow/.local/lib/python3.7/site-packages/airflow/example_dags/example_kubernetes_executor.py
[2023-10-10T17:59:07.165+0000] {processor.py:826} INFO - Processing file /home/airflow/.local/lib/python3.7/site-packages/airflow/example_dags/example_kubernetes_executor.py for tasks to queue
[2023-10-10T17:59:07.188+0000] {logging_mixin.py:150} INFO - [2023-10-10T17:59:07.187+0000] {dagbag.py:541} INFO - Filling up the DagBag from /home/airflow/.local/lib/python3.7/site-packages/airflow/example_dags/example_kubernetes_executor.py
[2023-10-10T17:59:10.092+0000] {processor.py:836} INFO - DAG(s) dict_keys(['example_kubernetes_executor']) retrieved from /home/airflow/.local/lib/python3.7/site-packages/airflow/example_dags/example_kubernetes_executor.py
[2023-10-10T17:59:10.415+0000] {logging_mixin.py:150} INFO - [2023-10-10T17:59:10.414+0000] {dag.py:2742} INFO - Sync 1 DAGs
[2023-10-10T17:59:10.623+0000] {logging_mixin.py:150} INFO - [2023-10-10T17:59:10.622+0000] {dag.py:3508} INFO - Setting next_dagrun for example_kubernetes_executor to None, run_after=None
[2023-10-10T17:59:10.747+0000] {processor.py:179} INFO - Processing /home/airflow/.local/lib/python3.7/site-packages/airflow/example_dags/example_kubernetes_executor.py took 3.622 seconds
[2023-10-10T17:59:48.332+0000] {processor.py:157} INFO - Started process (PID=3696) to work on /home/airflow/.local/lib/python3.7/site-packages/airflow/example_dags/example_kubernetes_executor.py
[2023-10-10T17:59:48.338+0000] {processor.py:826} INFO - Processing file /home/airflow/.local/lib/python3.7/site-packages/airflow/example_dags/example_kubernetes_executor.py for tasks to queue
[2023-10-10T17:59:48.344+0000] {logging_mixin.py:150} INFO - [2023-10-10T17:59:48.343+0000] {dagbag.py:541} INFO - Filling up the DagBag from /home/airflow/.local/lib/python3.7/site-packages/airflow/example_dags/example_kubernetes_executor.py
[2023-10-10T17:59:50.080+0000] {processor.py:836} INFO - DAG(s) dict_keys(['example_kubernetes_executor']) retrieved from /home/airflow/.local/lib/python3.7/site-packages/airflow/example_dags/example_kubernetes_executor.py
[2023-10-10T17:59:50.279+0000] {logging_mixin.py:150} INFO - [2023-10-10T17:59:50.278+0000] {dag.py:2742} INFO - Sync 1 DAGs
[2023-10-10T17:59:50.420+0000] {logging_mixin.py:150} INFO - [2023-10-10T17:59:50.420+0000] {dag.py:3508} INFO - Setting next_dagrun for example_kubernetes_executor to None, run_after=None
[2023-10-10T17:59:50.524+0000] {processor.py:179} INFO - Processing /home/airflow/.local/lib/python3.7/site-packages/airflow/example_dags/example_kubernetes_executor.py took 2.213 seconds
[2023-10-10T18:00:21.079+0000] {processor.py:157} INFO - Started process (PID=3779) to work on /home/airflow/.local/lib/python3.7/site-packages/airflow/example_dags/example_kubernetes_executor.py
[2023-10-10T18:00:21.082+0000] {processor.py:826} INFO - Processing file /home/airflow/.local/lib/python3.7/site-packages/airflow/example_dags/example_kubernetes_executor.py for tasks to queue
[2023-10-10T18:00:21.087+0000] {logging_mixin.py:150} INFO - [2023-10-10T18:00:21.086+0000] {dagbag.py:541} INFO - Filling up the DagBag from /home/airflow/.local/lib/python3.7/site-packages/airflow/example_dags/example_kubernetes_executor.py
[2023-10-10T18:00:21.795+0000] {processor.py:836} INFO - DAG(s) dict_keys(['example_kubernetes_executor']) retrieved from /home/airflow/.local/lib/python3.7/site-packages/airflow/example_dags/example_kubernetes_executor.py
[2023-10-10T18:00:21.869+0000] {logging_mixin.py:150} INFO - [2023-10-10T18:00:21.868+0000] {dag.py:2742} INFO - Sync 1 DAGs
[2023-10-10T18:00:21.924+0000] {logging_mixin.py:150} INFO - [2023-10-10T18:00:21.923+0000] {dag.py:3508} INFO - Setting next_dagrun for example_kubernetes_executor to None, run_after=None
[2023-10-10T18:00:21.967+0000] {processor.py:179} INFO - Processing /home/airflow/.local/lib/python3.7/site-packages/airflow/example_dags/example_kubernetes_executor.py took 0.896 seconds
[2023-10-10T18:00:52.257+0000] {processor.py:157} INFO - Started process (PID=3861) to work on /home/airflow/.local/lib/python3.7/site-packages/airflow/example_dags/example_kubernetes_executor.py
[2023-10-10T18:00:52.259+0000] {processor.py:826} INFO - Processing file /home/airflow/.local/lib/python3.7/site-packages/airflow/example_dags/example_kubernetes_executor.py for tasks to queue
[2023-10-10T18:00:52.261+0000] {logging_mixin.py:150} INFO - [2023-10-10T18:00:52.261+0000] {dagbag.py:541} INFO - Filling up the DagBag from /home/airflow/.local/lib/python3.7/site-packages/airflow/example_dags/example_kubernetes_executor.py
[2023-10-10T18:00:52.796+0000] {processor.py:836} INFO - DAG(s) dict_keys(['example_kubernetes_executor']) retrieved from /home/airflow/.local/lib/python3.7/site-packages/airflow/example_dags/example_kubernetes_executor.py
[2023-10-10T18:00:52.853+0000] {logging_mixin.py:150} INFO - [2023-10-10T18:00:52.853+0000] {dag.py:2742} INFO - Sync 1 DAGs
[2023-10-10T18:00:52.895+0000] {logging_mixin.py:150} INFO - [2023-10-10T18:00:52.895+0000] {dag.py:3508} INFO - Setting next_dagrun for example_kubernetes_executor to None, run_after=None
[2023-10-10T18:00:52.926+0000] {processor.py:179} INFO - Processing /home/airflow/.local/lib/python3.7/site-packages/airflow/example_dags/example_kubernetes_executor.py took 0.676 seconds
[2023-10-10T18:01:23.312+0000] {processor.py:157} INFO - Started process (PID=3943) to work on /home/airflow/.local/lib/python3.7/site-packages/airflow/example_dags/example_kubernetes_executor.py
[2023-10-10T18:01:23.315+0000] {processor.py:826} INFO - Processing file /home/airflow/.local/lib/python3.7/site-packages/airflow/example_dags/example_kubernetes_executor.py for tasks to queue
[2023-10-10T18:01:23.318+0000] {logging_mixin.py:150} INFO - [2023-10-10T18:01:23.317+0000] {dagbag.py:541} INFO - Filling up the DagBag from /home/airflow/.local/lib/python3.7/site-packages/airflow/example_dags/example_kubernetes_executor.py
[2023-10-10T18:01:24.011+0000] {processor.py:836} INFO - DAG(s) dict_keys(['example_kubernetes_executor']) retrieved from /home/airflow/.local/lib/python3.7/site-packages/airflow/example_dags/example_kubernetes_executor.py
[2023-10-10T18:01:24.086+0000] {logging_mixin.py:150} INFO - [2023-10-10T18:01:24.085+0000] {dag.py:2742} INFO - Sync 1 DAGs
[2023-10-10T18:01:24.143+0000] {logging_mixin.py:150} INFO - [2023-10-10T18:01:24.143+0000] {dag.py:3508} INFO - Setting next_dagrun for example_kubernetes_executor to None, run_after=None
[2023-10-10T18:01:24.194+0000] {processor.py:179} INFO - Processing /home/airflow/.local/lib/python3.7/site-packages/airflow/example_dags/example_kubernetes_executor.py took 0.892 seconds
[2023-10-10T18:01:54.979+0000] {processor.py:157} INFO - Started process (PID=4035) to work on /home/airflow/.local/lib/python3.7/site-packages/airflow/example_dags/example_kubernetes_executor.py
[2023-10-10T18:01:54.982+0000] {processor.py:826} INFO - Processing file /home/airflow/.local/lib/python3.7/site-packages/airflow/example_dags/example_kubernetes_executor.py for tasks to queue
[2023-10-10T18:01:54.985+0000] {logging_mixin.py:150} INFO - [2023-10-10T18:01:54.985+0000] {dagbag.py:541} INFO - Filling up the DagBag from /home/airflow/.local/lib/python3.7/site-packages/airflow/example_dags/example_kubernetes_executor.py
[2023-10-10T18:01:55.699+0000] {processor.py:836} INFO - DAG(s) dict_keys(['example_kubernetes_executor']) retrieved from /home/airflow/.local/lib/python3.7/site-packages/airflow/example_dags/example_kubernetes_executor.py
[2023-10-10T18:01:55.765+0000] {logging_mixin.py:150} INFO - [2023-10-10T18:01:55.765+0000] {dag.py:2742} INFO - Sync 1 DAGs
[2023-10-10T18:01:55.816+0000] {logging_mixin.py:150} INFO - [2023-10-10T18:01:55.815+0000] {dag.py:3508} INFO - Setting next_dagrun for example_kubernetes_executor to None, run_after=None
[2023-10-10T18:01:55.859+0000] {processor.py:179} INFO - Processing /home/airflow/.local/lib/python3.7/site-packages/airflow/example_dags/example_kubernetes_executor.py took 0.888 seconds
[2023-10-10T18:02:25.922+0000] {processor.py:157} INFO - Started process (PID=4118) to work on /home/airflow/.local/lib/python3.7/site-packages/airflow/example_dags/example_kubernetes_executor.py
[2023-10-10T18:02:25.925+0000] {processor.py:826} INFO - Processing file /home/airflow/.local/lib/python3.7/site-packages/airflow/example_dags/example_kubernetes_executor.py for tasks to queue
[2023-10-10T18:02:25.928+0000] {logging_mixin.py:150} INFO - [2023-10-10T18:02:25.928+0000] {dagbag.py:541} INFO - Filling up the DagBag from /home/airflow/.local/lib/python3.7/site-packages/airflow/example_dags/example_kubernetes_executor.py
[2023-10-10T18:02:26.649+0000] {processor.py:836} INFO - DAG(s) dict_keys(['example_kubernetes_executor']) retrieved from /home/airflow/.local/lib/python3.7/site-packages/airflow/example_dags/example_kubernetes_executor.py
[2023-10-10T18:02:26.715+0000] {logging_mixin.py:150} INFO - [2023-10-10T18:02:26.714+0000] {dag.py:2742} INFO - Sync 1 DAGs
[2023-10-10T18:02:26.766+0000] {logging_mixin.py:150} INFO - [2023-10-10T18:02:26.766+0000] {dag.py:3508} INFO - Setting next_dagrun for example_kubernetes_executor to None, run_after=None
[2023-10-10T18:02:26.818+0000] {processor.py:179} INFO - Processing /home/airflow/.local/lib/python3.7/site-packages/airflow/example_dags/example_kubernetes_executor.py took 0.925 seconds
[2023-10-10T18:02:56.934+0000] {processor.py:157} INFO - Started process (PID=4201) to work on /home/airflow/.local/lib/python3.7/site-packages/airflow/example_dags/example_kubernetes_executor.py
[2023-10-10T18:02:56.939+0000] {processor.py:826} INFO - Processing file /home/airflow/.local/lib/python3.7/site-packages/airflow/example_dags/example_kubernetes_executor.py for tasks to queue
[2023-10-10T18:02:56.942+0000] {logging_mixin.py:150} INFO - [2023-10-10T18:02:56.941+0000] {dagbag.py:541} INFO - Filling up the DagBag from /home/airflow/.local/lib/python3.7/site-packages/airflow/example_dags/example_kubernetes_executor.py
[2023-10-10T18:02:57.526+0000] {processor.py:836} INFO - DAG(s) dict_keys(['example_kubernetes_executor']) retrieved from /home/airflow/.local/lib/python3.7/site-packages/airflow/example_dags/example_kubernetes_executor.py
[2023-10-10T18:02:57.595+0000] {logging_mixin.py:150} INFO - [2023-10-10T18:02:57.594+0000] {dag.py:2742} INFO - Sync 1 DAGs
[2023-10-10T18:02:57.643+0000] {logging_mixin.py:150} INFO - [2023-10-10T18:02:57.642+0000] {dag.py:3508} INFO - Setting next_dagrun for example_kubernetes_executor to None, run_after=None
[2023-10-10T18:02:57.678+0000] {processor.py:179} INFO - Processing /home/airflow/.local/lib/python3.7/site-packages/airflow/example_dags/example_kubernetes_executor.py took 0.750 seconds
[2023-10-10T18:03:27.789+0000] {processor.py:157} INFO - Started process (PID=4292) to work on /home/airflow/.local/lib/python3.7/site-packages/airflow/example_dags/example_kubernetes_executor.py
[2023-10-10T18:03:27.792+0000] {processor.py:826} INFO - Processing file /home/airflow/.local/lib/python3.7/site-packages/airflow/example_dags/example_kubernetes_executor.py for tasks to queue
[2023-10-10T18:03:27.795+0000] {logging_mixin.py:150} INFO - [2023-10-10T18:03:27.795+0000] {dagbag.py:541} INFO - Filling up the DagBag from /home/airflow/.local/lib/python3.7/site-packages/airflow/example_dags/example_kubernetes_executor.py
[2023-10-10T18:03:28.369+0000] {processor.py:836} INFO - DAG(s) dict_keys(['example_kubernetes_executor']) retrieved from /home/airflow/.local/lib/python3.7/site-packages/airflow/example_dags/example_kubernetes_executor.py
[2023-10-10T18:03:28.426+0000] {logging_mixin.py:150} INFO - [2023-10-10T18:03:28.425+0000] {dag.py:2742} INFO - Sync 1 DAGs
[2023-10-10T18:03:28.472+0000] {logging_mixin.py:150} INFO - [2023-10-10T18:03:28.471+0000] {dag.py:3508} INFO - Setting next_dagrun for example_kubernetes_executor to None, run_after=None
[2023-10-10T18:03:28.508+0000] {processor.py:179} INFO - Processing /home/airflow/.local/lib/python3.7/site-packages/airflow/example_dags/example_kubernetes_executor.py took 0.730 seconds
