[2023-10-10T17:36:39.288+0000] {processor.py:157} INFO - Started process (PID=91) to work on /home/airflow/.local/lib/python3.7/site-packages/airflow/example_dags/example_dag_decorator.py
[2023-10-10T17:36:39.290+0000] {processor.py:826} INFO - Processing file /home/airflow/.local/lib/python3.7/site-packages/airflow/example_dags/example_dag_decorator.py for tasks to queue
[2023-10-10T17:36:39.292+0000] {logging_mixin.py:150} INFO - [2023-10-10T17:36:39.292+0000] {dagbag.py:541} INFO - Filling up the DagBag from /home/airflow/.local/lib/python3.7/site-packages/airflow/example_dags/example_dag_decorator.py
[2023-10-10T17:36:39.484+0000] {processor.py:836} INFO - DAG(s) dict_keys(['example_dag_decorator']) retrieved from /home/airflow/.local/lib/python3.7/site-packages/airflow/example_dags/example_dag_decorator.py
[2023-10-10T17:36:39.501+0000] {logging_mixin.py:150} INFO - [2023-10-10T17:36:39.501+0000] {dag.py:2742} INFO - Sync 1 DAGs
[2023-10-10T17:36:39.535+0000] {logging_mixin.py:150} INFO - [2023-10-10T17:36:39.535+0000] {dag.py:3508} INFO - Setting next_dagrun for example_dag_decorator to None, run_after=None
[2023-10-10T17:36:39.562+0000] {processor.py:179} INFO - Processing /home/airflow/.local/lib/python3.7/site-packages/airflow/example_dags/example_dag_decorator.py took 0.279 seconds
[2023-10-10T17:37:09.973+0000] {processor.py:157} INFO - Started process (PID=178) to work on /home/airflow/.local/lib/python3.7/site-packages/airflow/example_dags/example_dag_decorator.py
[2023-10-10T17:37:09.974+0000] {processor.py:826} INFO - Processing file /home/airflow/.local/lib/python3.7/site-packages/airflow/example_dags/example_dag_decorator.py for tasks to queue
[2023-10-10T17:37:09.976+0000] {logging_mixin.py:150} INFO - [2023-10-10T17:37:09.975+0000] {dagbag.py:541} INFO - Filling up the DagBag from /home/airflow/.local/lib/python3.7/site-packages/airflow/example_dags/example_dag_decorator.py
[2023-10-10T17:37:10.065+0000] {processor.py:836} INFO - DAG(s) dict_keys(['example_dag_decorator']) retrieved from /home/airflow/.local/lib/python3.7/site-packages/airflow/example_dags/example_dag_decorator.py
[2023-10-10T17:37:10.208+0000] {logging_mixin.py:150} INFO - [2023-10-10T17:37:10.208+0000] {dag.py:2742} INFO - Sync 1 DAGs
[2023-10-10T17:37:10.236+0000] {logging_mixin.py:150} INFO - [2023-10-10T17:37:10.236+0000] {dag.py:3508} INFO - Setting next_dagrun for example_dag_decorator to None, run_after=None
[2023-10-10T17:37:10.260+0000] {processor.py:179} INFO - Processing /home/airflow/.local/lib/python3.7/site-packages/airflow/example_dags/example_dag_decorator.py took 0.293 seconds
[2023-10-10T17:37:41.868+0000] {processor.py:157} INFO - Started process (PID=268) to work on /home/airflow/.local/lib/python3.7/site-packages/airflow/example_dags/example_dag_decorator.py
[2023-10-10T17:37:41.870+0000] {processor.py:826} INFO - Processing file /home/airflow/.local/lib/python3.7/site-packages/airflow/example_dags/example_dag_decorator.py for tasks to queue
[2023-10-10T17:37:41.872+0000] {logging_mixin.py:150} INFO - [2023-10-10T17:37:41.872+0000] {dagbag.py:541} INFO - Filling up the DagBag from /home/airflow/.local/lib/python3.7/site-packages/airflow/example_dags/example_dag_decorator.py
[2023-10-10T17:37:42.039+0000] {processor.py:836} INFO - DAG(s) dict_keys(['example_dag_decorator']) retrieved from /home/airflow/.local/lib/python3.7/site-packages/airflow/example_dags/example_dag_decorator.py
[2023-10-10T17:37:42.354+0000] {logging_mixin.py:150} INFO - [2023-10-10T17:37:42.354+0000] {dag.py:2742} INFO - Sync 1 DAGs
[2023-10-10T17:37:42.395+0000] {logging_mixin.py:150} INFO - [2023-10-10T17:37:42.394+0000] {dag.py:3508} INFO - Setting next_dagrun for example_dag_decorator to None, run_after=None
[2023-10-10T17:37:42.427+0000] {processor.py:179} INFO - Processing /home/airflow/.local/lib/python3.7/site-packages/airflow/example_dags/example_dag_decorator.py took 0.569 seconds
[2023-10-10T17:38:12.753+0000] {processor.py:157} INFO - Started process (PID=347) to work on /home/airflow/.local/lib/python3.7/site-packages/airflow/example_dags/example_dag_decorator.py
[2023-10-10T17:38:12.756+0000] {processor.py:826} INFO - Processing file /home/airflow/.local/lib/python3.7/site-packages/airflow/example_dags/example_dag_decorator.py for tasks to queue
[2023-10-10T17:38:12.759+0000] {logging_mixin.py:150} INFO - [2023-10-10T17:38:12.759+0000] {dagbag.py:541} INFO - Filling up the DagBag from /home/airflow/.local/lib/python3.7/site-packages/airflow/example_dags/example_dag_decorator.py
[2023-10-10T17:38:12.856+0000] {processor.py:836} INFO - DAG(s) dict_keys(['example_dag_decorator']) retrieved from /home/airflow/.local/lib/python3.7/site-packages/airflow/example_dags/example_dag_decorator.py
[2023-10-10T17:38:13.012+0000] {logging_mixin.py:150} INFO - [2023-10-10T17:38:13.012+0000] {dag.py:2742} INFO - Sync 1 DAGs
[2023-10-10T17:38:13.044+0000] {logging_mixin.py:150} INFO - [2023-10-10T17:38:13.044+0000] {dag.py:3508} INFO - Setting next_dagrun for example_dag_decorator to None, run_after=None
[2023-10-10T17:38:13.073+0000] {processor.py:179} INFO - Processing /home/airflow/.local/lib/python3.7/site-packages/airflow/example_dags/example_dag_decorator.py took 0.325 seconds
[2023-10-10T17:38:43.765+0000] {processor.py:157} INFO - Started process (PID=450) to work on /home/airflow/.local/lib/python3.7/site-packages/airflow/example_dags/example_dag_decorator.py
[2023-10-10T17:38:43.768+0000] {processor.py:826} INFO - Processing file /home/airflow/.local/lib/python3.7/site-packages/airflow/example_dags/example_dag_decorator.py for tasks to queue
[2023-10-10T17:38:43.769+0000] {logging_mixin.py:150} INFO - [2023-10-10T17:38:43.769+0000] {dagbag.py:541} INFO - Filling up the DagBag from /home/airflow/.local/lib/python3.7/site-packages/airflow/example_dags/example_dag_decorator.py
[2023-10-10T17:38:43.856+0000] {processor.py:836} INFO - DAG(s) dict_keys(['example_dag_decorator']) retrieved from /home/airflow/.local/lib/python3.7/site-packages/airflow/example_dags/example_dag_decorator.py
[2023-10-10T17:38:44.011+0000] {logging_mixin.py:150} INFO - [2023-10-10T17:38:44.011+0000] {dag.py:2742} INFO - Sync 1 DAGs
[2023-10-10T17:38:44.038+0000] {logging_mixin.py:150} INFO - [2023-10-10T17:38:44.038+0000] {dag.py:3508} INFO - Setting next_dagrun for example_dag_decorator to None, run_after=None
[2023-10-10T17:38:44.064+0000] {processor.py:179} INFO - Processing /home/airflow/.local/lib/python3.7/site-packages/airflow/example_dags/example_dag_decorator.py took 0.303 seconds
[2023-10-10T17:39:14.670+0000] {processor.py:157} INFO - Started process (PID=530) to work on /home/airflow/.local/lib/python3.7/site-packages/airflow/example_dags/example_dag_decorator.py
[2023-10-10T17:39:14.672+0000] {processor.py:826} INFO - Processing file /home/airflow/.local/lib/python3.7/site-packages/airflow/example_dags/example_dag_decorator.py for tasks to queue
[2023-10-10T17:39:14.674+0000] {logging_mixin.py:150} INFO - [2023-10-10T17:39:14.673+0000] {dagbag.py:541} INFO - Filling up the DagBag from /home/airflow/.local/lib/python3.7/site-packages/airflow/example_dags/example_dag_decorator.py
[2023-10-10T17:39:14.767+0000] {processor.py:836} INFO - DAG(s) dict_keys(['example_dag_decorator']) retrieved from /home/airflow/.local/lib/python3.7/site-packages/airflow/example_dags/example_dag_decorator.py
[2023-10-10T17:39:14.927+0000] {logging_mixin.py:150} INFO - [2023-10-10T17:39:14.926+0000] {dag.py:2742} INFO - Sync 1 DAGs
[2023-10-10T17:39:14.965+0000] {logging_mixin.py:150} INFO - [2023-10-10T17:39:14.964+0000] {dag.py:3508} INFO - Setting next_dagrun for example_dag_decorator to None, run_after=None
[2023-10-10T17:39:14.996+0000] {processor.py:179} INFO - Processing /home/airflow/.local/lib/python3.7/site-packages/airflow/example_dags/example_dag_decorator.py took 0.331 seconds
[2023-10-10T17:39:45.242+0000] {processor.py:157} INFO - Started process (PID=619) to work on /home/airflow/.local/lib/python3.7/site-packages/airflow/example_dags/example_dag_decorator.py
[2023-10-10T17:39:45.244+0000] {processor.py:826} INFO - Processing file /home/airflow/.local/lib/python3.7/site-packages/airflow/example_dags/example_dag_decorator.py for tasks to queue
[2023-10-10T17:39:45.247+0000] {logging_mixin.py:150} INFO - [2023-10-10T17:39:45.246+0000] {dagbag.py:541} INFO - Filling up the DagBag from /home/airflow/.local/lib/python3.7/site-packages/airflow/example_dags/example_dag_decorator.py
[2023-10-10T17:39:45.341+0000] {processor.py:836} INFO - DAG(s) dict_keys(['example_dag_decorator']) retrieved from /home/airflow/.local/lib/python3.7/site-packages/airflow/example_dags/example_dag_decorator.py
[2023-10-10T17:39:45.377+0000] {logging_mixin.py:150} INFO - [2023-10-10T17:39:45.377+0000] {dag.py:2742} INFO - Sync 1 DAGs
[2023-10-10T17:39:45.414+0000] {logging_mixin.py:150} INFO - [2023-10-10T17:39:45.414+0000] {dag.py:3508} INFO - Setting next_dagrun for example_dag_decorator to None, run_after=None
[2023-10-10T17:39:45.436+0000] {processor.py:179} INFO - Processing /home/airflow/.local/lib/python3.7/site-packages/airflow/example_dags/example_dag_decorator.py took 0.199 seconds
[2023-10-10T17:40:16.798+0000] {processor.py:157} INFO - Started process (PID=699) to work on /home/airflow/.local/lib/python3.7/site-packages/airflow/example_dags/example_dag_decorator.py
[2023-10-10T17:40:16.800+0000] {processor.py:826} INFO - Processing file /home/airflow/.local/lib/python3.7/site-packages/airflow/example_dags/example_dag_decorator.py for tasks to queue
[2023-10-10T17:40:16.802+0000] {logging_mixin.py:150} INFO - [2023-10-10T17:40:16.802+0000] {dagbag.py:541} INFO - Filling up the DagBag from /home/airflow/.local/lib/python3.7/site-packages/airflow/example_dags/example_dag_decorator.py
[2023-10-10T17:40:16.892+0000] {processor.py:836} INFO - DAG(s) dict_keys(['example_dag_decorator']) retrieved from /home/airflow/.local/lib/python3.7/site-packages/airflow/example_dags/example_dag_decorator.py
[2023-10-10T17:40:17.043+0000] {logging_mixin.py:150} INFO - [2023-10-10T17:40:17.043+0000] {dag.py:2742} INFO - Sync 1 DAGs
[2023-10-10T17:40:17.073+0000] {logging_mixin.py:150} INFO - [2023-10-10T17:40:17.073+0000] {dag.py:3508} INFO - Setting next_dagrun for example_dag_decorator to None, run_after=None
[2023-10-10T17:40:17.096+0000] {processor.py:179} INFO - Processing /home/airflow/.local/lib/python3.7/site-packages/airflow/example_dags/example_dag_decorator.py took 0.304 seconds
[2023-10-10T17:40:48.282+0000] {processor.py:157} INFO - Started process (PID=788) to work on /home/airflow/.local/lib/python3.7/site-packages/airflow/example_dags/example_dag_decorator.py
[2023-10-10T17:40:48.284+0000] {processor.py:826} INFO - Processing file /home/airflow/.local/lib/python3.7/site-packages/airflow/example_dags/example_dag_decorator.py for tasks to queue
[2023-10-10T17:40:48.286+0000] {logging_mixin.py:150} INFO - [2023-10-10T17:40:48.285+0000] {dagbag.py:541} INFO - Filling up the DagBag from /home/airflow/.local/lib/python3.7/site-packages/airflow/example_dags/example_dag_decorator.py
[2023-10-10T17:40:48.402+0000] {processor.py:836} INFO - DAG(s) dict_keys(['example_dag_decorator']) retrieved from /home/airflow/.local/lib/python3.7/site-packages/airflow/example_dags/example_dag_decorator.py
[2023-10-10T17:40:48.600+0000] {logging_mixin.py:150} INFO - [2023-10-10T17:40:48.599+0000] {dag.py:2742} INFO - Sync 1 DAGs
[2023-10-10T17:40:48.635+0000] {logging_mixin.py:150} INFO - [2023-10-10T17:40:48.635+0000] {dag.py:3508} INFO - Setting next_dagrun for example_dag_decorator to None, run_after=None
[2023-10-10T17:40:48.665+0000] {processor.py:179} INFO - Processing /home/airflow/.local/lib/python3.7/site-packages/airflow/example_dags/example_dag_decorator.py took 0.388 seconds
[2023-10-10T17:41:19.787+0000] {processor.py:157} INFO - Started process (PID=870) to work on /home/airflow/.local/lib/python3.7/site-packages/airflow/example_dags/example_dag_decorator.py
[2023-10-10T17:41:19.789+0000] {processor.py:826} INFO - Processing file /home/airflow/.local/lib/python3.7/site-packages/airflow/example_dags/example_dag_decorator.py for tasks to queue
[2023-10-10T17:41:19.791+0000] {logging_mixin.py:150} INFO - [2023-10-10T17:41:19.790+0000] {dagbag.py:541} INFO - Filling up the DagBag from /home/airflow/.local/lib/python3.7/site-packages/airflow/example_dags/example_dag_decorator.py
[2023-10-10T17:41:19.898+0000] {processor.py:836} INFO - DAG(s) dict_keys(['example_dag_decorator']) retrieved from /home/airflow/.local/lib/python3.7/site-packages/airflow/example_dags/example_dag_decorator.py
[2023-10-10T17:41:20.074+0000] {logging_mixin.py:150} INFO - [2023-10-10T17:41:20.074+0000] {dag.py:2742} INFO - Sync 1 DAGs
[2023-10-10T17:41:20.117+0000] {logging_mixin.py:150} INFO - [2023-10-10T17:41:20.117+0000] {dag.py:3508} INFO - Setting next_dagrun for example_dag_decorator to None, run_after=None
[2023-10-10T17:41:20.151+0000] {processor.py:179} INFO - Processing /home/airflow/.local/lib/python3.7/site-packages/airflow/example_dags/example_dag_decorator.py took 0.371 seconds
[2023-10-10T17:41:50.603+0000] {processor.py:157} INFO - Started process (PID=959) to work on /home/airflow/.local/lib/python3.7/site-packages/airflow/example_dags/example_dag_decorator.py
[2023-10-10T17:41:50.605+0000] {processor.py:826} INFO - Processing file /home/airflow/.local/lib/python3.7/site-packages/airflow/example_dags/example_dag_decorator.py for tasks to queue
[2023-10-10T17:41:50.607+0000] {logging_mixin.py:150} INFO - [2023-10-10T17:41:50.607+0000] {dagbag.py:541} INFO - Filling up the DagBag from /home/airflow/.local/lib/python3.7/site-packages/airflow/example_dags/example_dag_decorator.py
[2023-10-10T17:41:50.698+0000] {processor.py:836} INFO - DAG(s) dict_keys(['example_dag_decorator']) retrieved from /home/airflow/.local/lib/python3.7/site-packages/airflow/example_dags/example_dag_decorator.py
[2023-10-10T17:41:50.872+0000] {logging_mixin.py:150} INFO - [2023-10-10T17:41:50.872+0000] {dag.py:2742} INFO - Sync 1 DAGs
[2023-10-10T17:41:50.906+0000] {logging_mixin.py:150} INFO - [2023-10-10T17:41:50.906+0000] {dag.py:3508} INFO - Setting next_dagrun for example_dag_decorator to None, run_after=None
[2023-10-10T17:41:50.943+0000] {processor.py:179} INFO - Processing /home/airflow/.local/lib/python3.7/site-packages/airflow/example_dags/example_dag_decorator.py took 0.345 seconds
[2023-10-10T17:42:22.091+0000] {processor.py:157} INFO - Started process (PID=1039) to work on /home/airflow/.local/lib/python3.7/site-packages/airflow/example_dags/example_dag_decorator.py
[2023-10-10T17:42:22.093+0000] {processor.py:826} INFO - Processing file /home/airflow/.local/lib/python3.7/site-packages/airflow/example_dags/example_dag_decorator.py for tasks to queue
[2023-10-10T17:42:22.094+0000] {logging_mixin.py:150} INFO - [2023-10-10T17:42:22.094+0000] {dagbag.py:541} INFO - Filling up the DagBag from /home/airflow/.local/lib/python3.7/site-packages/airflow/example_dags/example_dag_decorator.py
[2023-10-10T17:42:22.201+0000] {processor.py:836} INFO - DAG(s) dict_keys(['example_dag_decorator']) retrieved from /home/airflow/.local/lib/python3.7/site-packages/airflow/example_dags/example_dag_decorator.py
[2023-10-10T17:42:22.249+0000] {logging_mixin.py:150} INFO - [2023-10-10T17:42:22.248+0000] {dag.py:2742} INFO - Sync 1 DAGs
[2023-10-10T17:42:22.289+0000] {logging_mixin.py:150} INFO - [2023-10-10T17:42:22.289+0000] {dag.py:3508} INFO - Setting next_dagrun for example_dag_decorator to None, run_after=None
[2023-10-10T17:42:22.322+0000] {processor.py:179} INFO - Processing /home/airflow/.local/lib/python3.7/site-packages/airflow/example_dags/example_dag_decorator.py took 0.237 seconds
[2023-10-10T17:42:52.670+0000] {processor.py:157} INFO - Started process (PID=1129) to work on /home/airflow/.local/lib/python3.7/site-packages/airflow/example_dags/example_dag_decorator.py
[2023-10-10T17:42:52.672+0000] {processor.py:826} INFO - Processing file /home/airflow/.local/lib/python3.7/site-packages/airflow/example_dags/example_dag_decorator.py for tasks to queue
[2023-10-10T17:42:52.674+0000] {logging_mixin.py:150} INFO - [2023-10-10T17:42:52.673+0000] {dagbag.py:541} INFO - Filling up the DagBag from /home/airflow/.local/lib/python3.7/site-packages/airflow/example_dags/example_dag_decorator.py
[2023-10-10T17:42:52.783+0000] {processor.py:836} INFO - DAG(s) dict_keys(['example_dag_decorator']) retrieved from /home/airflow/.local/lib/python3.7/site-packages/airflow/example_dags/example_dag_decorator.py
[2023-10-10T17:42:52.955+0000] {logging_mixin.py:150} INFO - [2023-10-10T17:42:52.954+0000] {dag.py:2742} INFO - Sync 1 DAGs
[2023-10-10T17:42:52.990+0000] {logging_mixin.py:150} INFO - [2023-10-10T17:42:52.990+0000] {dag.py:3508} INFO - Setting next_dagrun for example_dag_decorator to None, run_after=None
[2023-10-10T17:42:53.019+0000] {processor.py:179} INFO - Processing /home/airflow/.local/lib/python3.7/site-packages/airflow/example_dags/example_dag_decorator.py took 0.354 seconds
[2023-10-10T17:43:23.701+0000] {processor.py:157} INFO - Started process (PID=1210) to work on /home/airflow/.local/lib/python3.7/site-packages/airflow/example_dags/example_dag_decorator.py
[2023-10-10T17:43:23.703+0000] {processor.py:826} INFO - Processing file /home/airflow/.local/lib/python3.7/site-packages/airflow/example_dags/example_dag_decorator.py for tasks to queue
[2023-10-10T17:43:23.705+0000] {logging_mixin.py:150} INFO - [2023-10-10T17:43:23.705+0000] {dagbag.py:541} INFO - Filling up the DagBag from /home/airflow/.local/lib/python3.7/site-packages/airflow/example_dags/example_dag_decorator.py
[2023-10-10T17:43:23.859+0000] {processor.py:836} INFO - DAG(s) dict_keys(['example_dag_decorator']) retrieved from /home/airflow/.local/lib/python3.7/site-packages/airflow/example_dags/example_dag_decorator.py
[2023-10-10T17:43:24.146+0000] {logging_mixin.py:150} INFO - [2023-10-10T17:43:24.145+0000] {dag.py:2742} INFO - Sync 1 DAGs
[2023-10-10T17:43:24.189+0000] {logging_mixin.py:150} INFO - [2023-10-10T17:43:24.189+0000] {dag.py:3508} INFO - Setting next_dagrun for example_dag_decorator to None, run_after=None
[2023-10-10T17:43:24.223+0000] {processor.py:179} INFO - Processing /home/airflow/.local/lib/python3.7/site-packages/airflow/example_dags/example_dag_decorator.py took 0.529 seconds
[2023-10-10T17:43:54.503+0000] {processor.py:157} INFO - Started process (PID=1298) to work on /home/airflow/.local/lib/python3.7/site-packages/airflow/example_dags/example_dag_decorator.py
[2023-10-10T17:43:54.505+0000] {processor.py:826} INFO - Processing file /home/airflow/.local/lib/python3.7/site-packages/airflow/example_dags/example_dag_decorator.py for tasks to queue
[2023-10-10T17:43:54.506+0000] {logging_mixin.py:150} INFO - [2023-10-10T17:43:54.506+0000] {dagbag.py:541} INFO - Filling up the DagBag from /home/airflow/.local/lib/python3.7/site-packages/airflow/example_dags/example_dag_decorator.py
[2023-10-10T17:43:54.606+0000] {processor.py:836} INFO - DAG(s) dict_keys(['example_dag_decorator']) retrieved from /home/airflow/.local/lib/python3.7/site-packages/airflow/example_dags/example_dag_decorator.py
[2023-10-10T17:43:54.768+0000] {logging_mixin.py:150} INFO - [2023-10-10T17:43:54.768+0000] {dag.py:2742} INFO - Sync 1 DAGs
[2023-10-10T17:43:54.806+0000] {logging_mixin.py:150} INFO - [2023-10-10T17:43:54.806+0000] {dag.py:3508} INFO - Setting next_dagrun for example_dag_decorator to None, run_after=None
[2023-10-10T17:43:54.830+0000] {processor.py:179} INFO - Processing /home/airflow/.local/lib/python3.7/site-packages/airflow/example_dags/example_dag_decorator.py took 0.332 seconds
[2023-10-10T17:44:25.397+0000] {processor.py:157} INFO - Started process (PID=1378) to work on /home/airflow/.local/lib/python3.7/site-packages/airflow/example_dags/example_dag_decorator.py
[2023-10-10T17:44:25.399+0000] {processor.py:826} INFO - Processing file /home/airflow/.local/lib/python3.7/site-packages/airflow/example_dags/example_dag_decorator.py for tasks to queue
[2023-10-10T17:44:25.401+0000] {logging_mixin.py:150} INFO - [2023-10-10T17:44:25.401+0000] {dagbag.py:541} INFO - Filling up the DagBag from /home/airflow/.local/lib/python3.7/site-packages/airflow/example_dags/example_dag_decorator.py
[2023-10-10T17:44:25.507+0000] {processor.py:836} INFO - DAG(s) dict_keys(['example_dag_decorator']) retrieved from /home/airflow/.local/lib/python3.7/site-packages/airflow/example_dags/example_dag_decorator.py
[2023-10-10T17:44:25.702+0000] {logging_mixin.py:150} INFO - [2023-10-10T17:44:25.702+0000] {dag.py:2742} INFO - Sync 1 DAGs
[2023-10-10T17:44:25.745+0000] {logging_mixin.py:150} INFO - [2023-10-10T17:44:25.744+0000] {dag.py:3508} INFO - Setting next_dagrun for example_dag_decorator to None, run_after=None
[2023-10-10T17:44:25.777+0000] {processor.py:179} INFO - Processing /home/airflow/.local/lib/python3.7/site-packages/airflow/example_dags/example_dag_decorator.py took 0.386 seconds
[2023-10-10T17:44:56.352+0000] {processor.py:157} INFO - Started process (PID=1467) to work on /home/airflow/.local/lib/python3.7/site-packages/airflow/example_dags/example_dag_decorator.py
[2023-10-10T17:44:56.355+0000] {processor.py:826} INFO - Processing file /home/airflow/.local/lib/python3.7/site-packages/airflow/example_dags/example_dag_decorator.py for tasks to queue
[2023-10-10T17:44:56.357+0000] {logging_mixin.py:150} INFO - [2023-10-10T17:44:56.357+0000] {dagbag.py:541} INFO - Filling up the DagBag from /home/airflow/.local/lib/python3.7/site-packages/airflow/example_dags/example_dag_decorator.py
[2023-10-10T17:44:56.486+0000] {processor.py:836} INFO - DAG(s) dict_keys(['example_dag_decorator']) retrieved from /home/airflow/.local/lib/python3.7/site-packages/airflow/example_dags/example_dag_decorator.py
[2023-10-10T17:44:56.673+0000] {logging_mixin.py:150} INFO - [2023-10-10T17:44:56.673+0000] {dag.py:2742} INFO - Sync 1 DAGs
[2023-10-10T17:44:56.711+0000] {logging_mixin.py:150} INFO - [2023-10-10T17:44:56.711+0000] {dag.py:3508} INFO - Setting next_dagrun for example_dag_decorator to None, run_after=None
[2023-10-10T17:44:56.746+0000] {processor.py:179} INFO - Processing /home/airflow/.local/lib/python3.7/site-packages/airflow/example_dags/example_dag_decorator.py took 0.399 seconds
[2023-10-10T17:45:27.598+0000] {processor.py:157} INFO - Started process (PID=1547) to work on /home/airflow/.local/lib/python3.7/site-packages/airflow/example_dags/example_dag_decorator.py
[2023-10-10T17:45:27.600+0000] {processor.py:826} INFO - Processing file /home/airflow/.local/lib/python3.7/site-packages/airflow/example_dags/example_dag_decorator.py for tasks to queue
[2023-10-10T17:45:27.602+0000] {logging_mixin.py:150} INFO - [2023-10-10T17:45:27.602+0000] {dagbag.py:541} INFO - Filling up the DagBag from /home/airflow/.local/lib/python3.7/site-packages/airflow/example_dags/example_dag_decorator.py
[2023-10-10T17:45:27.699+0000] {processor.py:836} INFO - DAG(s) dict_keys(['example_dag_decorator']) retrieved from /home/airflow/.local/lib/python3.7/site-packages/airflow/example_dags/example_dag_decorator.py
[2023-10-10T17:45:27.872+0000] {logging_mixin.py:150} INFO - [2023-10-10T17:45:27.872+0000] {dag.py:2742} INFO - Sync 1 DAGs
[2023-10-10T17:45:27.902+0000] {logging_mixin.py:150} INFO - [2023-10-10T17:45:27.902+0000] {dag.py:3508} INFO - Setting next_dagrun for example_dag_decorator to None, run_after=None
[2023-10-10T17:45:27.928+0000] {processor.py:179} INFO - Processing /home/airflow/.local/lib/python3.7/site-packages/airflow/example_dags/example_dag_decorator.py took 0.334 seconds
[2023-10-10T17:45:58.764+0000] {processor.py:157} INFO - Started process (PID=1636) to work on /home/airflow/.local/lib/python3.7/site-packages/airflow/example_dags/example_dag_decorator.py
[2023-10-10T17:45:58.767+0000] {processor.py:826} INFO - Processing file /home/airflow/.local/lib/python3.7/site-packages/airflow/example_dags/example_dag_decorator.py for tasks to queue
[2023-10-10T17:45:58.769+0000] {logging_mixin.py:150} INFO - [2023-10-10T17:45:58.768+0000] {dagbag.py:541} INFO - Filling up the DagBag from /home/airflow/.local/lib/python3.7/site-packages/airflow/example_dags/example_dag_decorator.py
[2023-10-10T17:45:58.884+0000] {processor.py:836} INFO - DAG(s) dict_keys(['example_dag_decorator']) retrieved from /home/airflow/.local/lib/python3.7/site-packages/airflow/example_dags/example_dag_decorator.py
[2023-10-10T17:45:59.078+0000] {logging_mixin.py:150} INFO - [2023-10-10T17:45:59.077+0000] {dag.py:2742} INFO - Sync 1 DAGs
[2023-10-10T17:45:59.113+0000] {logging_mixin.py:150} INFO - [2023-10-10T17:45:59.113+0000] {dag.py:3508} INFO - Setting next_dagrun for example_dag_decorator to None, run_after=None
[2023-10-10T17:45:59.146+0000] {processor.py:179} INFO - Processing /home/airflow/.local/lib/python3.7/site-packages/airflow/example_dags/example_dag_decorator.py took 0.388 seconds
[2023-10-10T17:46:30.186+0000] {processor.py:157} INFO - Started process (PID=1716) to work on /home/airflow/.local/lib/python3.7/site-packages/airflow/example_dags/example_dag_decorator.py
[2023-10-10T17:46:30.188+0000] {processor.py:826} INFO - Processing file /home/airflow/.local/lib/python3.7/site-packages/airflow/example_dags/example_dag_decorator.py for tasks to queue
[2023-10-10T17:46:30.190+0000] {logging_mixin.py:150} INFO - [2023-10-10T17:46:30.189+0000] {dagbag.py:541} INFO - Filling up the DagBag from /home/airflow/.local/lib/python3.7/site-packages/airflow/example_dags/example_dag_decorator.py
[2023-10-10T17:46:30.305+0000] {processor.py:836} INFO - DAG(s) dict_keys(['example_dag_decorator']) retrieved from /home/airflow/.local/lib/python3.7/site-packages/airflow/example_dags/example_dag_decorator.py
[2023-10-10T17:46:30.495+0000] {logging_mixin.py:150} INFO - [2023-10-10T17:46:30.495+0000] {dag.py:2742} INFO - Sync 1 DAGs
[2023-10-10T17:46:30.533+0000] {logging_mixin.py:150} INFO - [2023-10-10T17:46:30.533+0000] {dag.py:3508} INFO - Setting next_dagrun for example_dag_decorator to None, run_after=None
[2023-10-10T17:46:30.567+0000] {processor.py:179} INFO - Processing /home/airflow/.local/lib/python3.7/site-packages/airflow/example_dags/example_dag_decorator.py took 0.387 seconds
[2023-10-10T17:47:01.725+0000] {processor.py:157} INFO - Started process (PID=1805) to work on /home/airflow/.local/lib/python3.7/site-packages/airflow/example_dags/example_dag_decorator.py
[2023-10-10T17:47:01.727+0000] {processor.py:826} INFO - Processing file /home/airflow/.local/lib/python3.7/site-packages/airflow/example_dags/example_dag_decorator.py for tasks to queue
[2023-10-10T17:47:01.730+0000] {logging_mixin.py:150} INFO - [2023-10-10T17:47:01.729+0000] {dagbag.py:541} INFO - Filling up the DagBag from /home/airflow/.local/lib/python3.7/site-packages/airflow/example_dags/example_dag_decorator.py
[2023-10-10T17:47:01.839+0000] {processor.py:836} INFO - DAG(s) dict_keys(['example_dag_decorator']) retrieved from /home/airflow/.local/lib/python3.7/site-packages/airflow/example_dags/example_dag_decorator.py
[2023-10-10T17:47:02.064+0000] {logging_mixin.py:150} INFO - [2023-10-10T17:47:02.063+0000] {dag.py:2742} INFO - Sync 1 DAGs
[2023-10-10T17:47:02.129+0000] {logging_mixin.py:150} INFO - [2023-10-10T17:47:02.128+0000] {dag.py:3508} INFO - Setting next_dagrun for example_dag_decorator to None, run_after=None
[2023-10-10T17:47:02.166+0000] {processor.py:179} INFO - Processing /home/airflow/.local/lib/python3.7/site-packages/airflow/example_dags/example_dag_decorator.py took 0.447 seconds
[2023-10-10T17:47:32.801+0000] {processor.py:157} INFO - Started process (PID=1885) to work on /home/airflow/.local/lib/python3.7/site-packages/airflow/example_dags/example_dag_decorator.py
[2023-10-10T17:47:32.803+0000] {processor.py:826} INFO - Processing file /home/airflow/.local/lib/python3.7/site-packages/airflow/example_dags/example_dag_decorator.py for tasks to queue
[2023-10-10T17:47:32.805+0000] {logging_mixin.py:150} INFO - [2023-10-10T17:47:32.805+0000] {dagbag.py:541} INFO - Filling up the DagBag from /home/airflow/.local/lib/python3.7/site-packages/airflow/example_dags/example_dag_decorator.py
[2023-10-10T17:47:32.953+0000] {processor.py:836} INFO - DAG(s) dict_keys(['example_dag_decorator']) retrieved from /home/airflow/.local/lib/python3.7/site-packages/airflow/example_dags/example_dag_decorator.py
[2023-10-10T17:47:33.183+0000] {logging_mixin.py:150} INFO - [2023-10-10T17:47:33.183+0000] {dag.py:2742} INFO - Sync 1 DAGs
[2023-10-10T17:47:33.234+0000] {logging_mixin.py:150} INFO - [2023-10-10T17:47:33.234+0000] {dag.py:3508} INFO - Setting next_dagrun for example_dag_decorator to None, run_after=None
[2023-10-10T17:47:33.280+0000] {processor.py:179} INFO - Processing /home/airflow/.local/lib/python3.7/site-packages/airflow/example_dags/example_dag_decorator.py took 0.485 seconds
[2023-10-10T17:48:04.469+0000] {processor.py:157} INFO - Started process (PID=1974) to work on /home/airflow/.local/lib/python3.7/site-packages/airflow/example_dags/example_dag_decorator.py
[2023-10-10T17:48:04.471+0000] {processor.py:826} INFO - Processing file /home/airflow/.local/lib/python3.7/site-packages/airflow/example_dags/example_dag_decorator.py for tasks to queue
[2023-10-10T17:48:04.473+0000] {logging_mixin.py:150} INFO - [2023-10-10T17:48:04.473+0000] {dagbag.py:541} INFO - Filling up the DagBag from /home/airflow/.local/lib/python3.7/site-packages/airflow/example_dags/example_dag_decorator.py
[2023-10-10T17:48:04.608+0000] {processor.py:836} INFO - DAG(s) dict_keys(['example_dag_decorator']) retrieved from /home/airflow/.local/lib/python3.7/site-packages/airflow/example_dags/example_dag_decorator.py
[2023-10-10T17:48:04.819+0000] {logging_mixin.py:150} INFO - [2023-10-10T17:48:04.819+0000] {dag.py:2742} INFO - Sync 1 DAGs
[2023-10-10T17:48:04.864+0000] {logging_mixin.py:150} INFO - [2023-10-10T17:48:04.864+0000] {dag.py:3508} INFO - Setting next_dagrun for example_dag_decorator to None, run_after=None
[2023-10-10T17:48:04.897+0000] {processor.py:179} INFO - Processing /home/airflow/.local/lib/python3.7/site-packages/airflow/example_dags/example_dag_decorator.py took 0.434 seconds
[2023-10-10T17:48:36.164+0000] {processor.py:157} INFO - Started process (PID=2058) to work on /home/airflow/.local/lib/python3.7/site-packages/airflow/example_dags/example_dag_decorator.py
[2023-10-10T17:48:36.166+0000] {processor.py:826} INFO - Processing file /home/airflow/.local/lib/python3.7/site-packages/airflow/example_dags/example_dag_decorator.py for tasks to queue
[2023-10-10T17:48:36.168+0000] {logging_mixin.py:150} INFO - [2023-10-10T17:48:36.167+0000] {dagbag.py:541} INFO - Filling up the DagBag from /home/airflow/.local/lib/python3.7/site-packages/airflow/example_dags/example_dag_decorator.py
[2023-10-10T17:48:36.259+0000] {processor.py:836} INFO - DAG(s) dict_keys(['example_dag_decorator']) retrieved from /home/airflow/.local/lib/python3.7/site-packages/airflow/example_dags/example_dag_decorator.py
[2023-10-10T17:48:36.472+0000] {logging_mixin.py:150} INFO - [2023-10-10T17:48:36.472+0000] {dag.py:2742} INFO - Sync 1 DAGs
[2023-10-10T17:48:36.515+0000] {logging_mixin.py:150} INFO - [2023-10-10T17:48:36.514+0000] {dag.py:3508} INFO - Setting next_dagrun for example_dag_decorator to None, run_after=None
[2023-10-10T17:48:36.548+0000] {processor.py:179} INFO - Processing /home/airflow/.local/lib/python3.7/site-packages/airflow/example_dags/example_dag_decorator.py took 0.389 seconds
[2023-10-10T17:49:06.791+0000] {processor.py:157} INFO - Started process (PID=2151) to work on /home/airflow/.local/lib/python3.7/site-packages/airflow/example_dags/example_dag_decorator.py
[2023-10-10T17:49:06.793+0000] {processor.py:826} INFO - Processing file /home/airflow/.local/lib/python3.7/site-packages/airflow/example_dags/example_dag_decorator.py for tasks to queue
[2023-10-10T17:49:06.795+0000] {logging_mixin.py:150} INFO - [2023-10-10T17:49:06.795+0000] {dagbag.py:541} INFO - Filling up the DagBag from /home/airflow/.local/lib/python3.7/site-packages/airflow/example_dags/example_dag_decorator.py
[2023-10-10T17:49:06.883+0000] {processor.py:836} INFO - DAG(s) dict_keys(['example_dag_decorator']) retrieved from /home/airflow/.local/lib/python3.7/site-packages/airflow/example_dags/example_dag_decorator.py
[2023-10-10T17:49:07.046+0000] {logging_mixin.py:150} INFO - [2023-10-10T17:49:07.046+0000] {dag.py:2742} INFO - Sync 1 DAGs
[2023-10-10T17:49:07.081+0000] {logging_mixin.py:150} INFO - [2023-10-10T17:49:07.081+0000] {dag.py:3508} INFO - Setting next_dagrun for example_dag_decorator to None, run_after=None
[2023-10-10T17:49:07.116+0000] {processor.py:179} INFO - Processing /home/airflow/.local/lib/python3.7/site-packages/airflow/example_dags/example_dag_decorator.py took 0.330 seconds
[2023-10-10T17:49:38.089+0000] {processor.py:157} INFO - Started process (PID=2231) to work on /home/airflow/.local/lib/python3.7/site-packages/airflow/example_dags/example_dag_decorator.py
[2023-10-10T17:49:38.091+0000] {processor.py:826} INFO - Processing file /home/airflow/.local/lib/python3.7/site-packages/airflow/example_dags/example_dag_decorator.py for tasks to queue
[2023-10-10T17:49:38.094+0000] {logging_mixin.py:150} INFO - [2023-10-10T17:49:38.093+0000] {dagbag.py:541} INFO - Filling up the DagBag from /home/airflow/.local/lib/python3.7/site-packages/airflow/example_dags/example_dag_decorator.py
[2023-10-10T17:49:38.206+0000] {processor.py:836} INFO - DAG(s) dict_keys(['example_dag_decorator']) retrieved from /home/airflow/.local/lib/python3.7/site-packages/airflow/example_dags/example_dag_decorator.py
[2023-10-10T17:49:38.362+0000] {logging_mixin.py:150} INFO - [2023-10-10T17:49:38.361+0000] {dag.py:2742} INFO - Sync 1 DAGs
[2023-10-10T17:49:38.392+0000] {logging_mixin.py:150} INFO - [2023-10-10T17:49:38.392+0000] {dag.py:3508} INFO - Setting next_dagrun for example_dag_decorator to None, run_after=None
[2023-10-10T17:49:38.488+0000] {processor.py:179} INFO - Processing /home/airflow/.local/lib/python3.7/site-packages/airflow/example_dags/example_dag_decorator.py took 0.404 seconds
[2023-10-10T17:50:09.117+0000] {processor.py:157} INFO - Started process (PID=2320) to work on /home/airflow/.local/lib/python3.7/site-packages/airflow/example_dags/example_dag_decorator.py
[2023-10-10T17:50:09.119+0000] {processor.py:826} INFO - Processing file /home/airflow/.local/lib/python3.7/site-packages/airflow/example_dags/example_dag_decorator.py for tasks to queue
[2023-10-10T17:50:09.120+0000] {logging_mixin.py:150} INFO - [2023-10-10T17:50:09.120+0000] {dagbag.py:541} INFO - Filling up the DagBag from /home/airflow/.local/lib/python3.7/site-packages/airflow/example_dags/example_dag_decorator.py
[2023-10-10T17:50:09.214+0000] {processor.py:836} INFO - DAG(s) dict_keys(['example_dag_decorator']) retrieved from /home/airflow/.local/lib/python3.7/site-packages/airflow/example_dags/example_dag_decorator.py
[2023-10-10T17:50:09.360+0000] {logging_mixin.py:150} INFO - [2023-10-10T17:50:09.359+0000] {dag.py:2742} INFO - Sync 1 DAGs
[2023-10-10T17:50:09.393+0000] {logging_mixin.py:150} INFO - [2023-10-10T17:50:09.393+0000] {dag.py:3508} INFO - Setting next_dagrun for example_dag_decorator to None, run_after=None
[2023-10-10T17:50:09.424+0000] {processor.py:179} INFO - Processing /home/airflow/.local/lib/python3.7/site-packages/airflow/example_dags/example_dag_decorator.py took 0.313 seconds
[2023-10-10T17:50:39.615+0000] {processor.py:157} INFO - Started process (PID=2402) to work on /home/airflow/.local/lib/python3.7/site-packages/airflow/example_dags/example_dag_decorator.py
[2023-10-10T17:50:39.617+0000] {processor.py:826} INFO - Processing file /home/airflow/.local/lib/python3.7/site-packages/airflow/example_dags/example_dag_decorator.py for tasks to queue
[2023-10-10T17:50:39.618+0000] {logging_mixin.py:150} INFO - [2023-10-10T17:50:39.618+0000] {dagbag.py:541} INFO - Filling up the DagBag from /home/airflow/.local/lib/python3.7/site-packages/airflow/example_dags/example_dag_decorator.py
[2023-10-10T17:50:39.713+0000] {processor.py:836} INFO - DAG(s) dict_keys(['example_dag_decorator']) retrieved from /home/airflow/.local/lib/python3.7/site-packages/airflow/example_dags/example_dag_decorator.py
[2023-10-10T17:50:39.880+0000] {logging_mixin.py:150} INFO - [2023-10-10T17:50:39.880+0000] {dag.py:2742} INFO - Sync 1 DAGs
[2023-10-10T17:50:39.914+0000] {logging_mixin.py:150} INFO - [2023-10-10T17:50:39.914+0000] {dag.py:3508} INFO - Setting next_dagrun for example_dag_decorator to None, run_after=None
[2023-10-10T17:50:39.940+0000] {processor.py:179} INFO - Processing /home/airflow/.local/lib/python3.7/site-packages/airflow/example_dags/example_dag_decorator.py took 0.330 seconds
[2023-10-10T17:51:10.309+0000] {processor.py:157} INFO - Started process (PID=2491) to work on /home/airflow/.local/lib/python3.7/site-packages/airflow/example_dags/example_dag_decorator.py
[2023-10-10T17:51:10.311+0000] {processor.py:826} INFO - Processing file /home/airflow/.local/lib/python3.7/site-packages/airflow/example_dags/example_dag_decorator.py for tasks to queue
[2023-10-10T17:51:10.313+0000] {logging_mixin.py:150} INFO - [2023-10-10T17:51:10.312+0000] {dagbag.py:541} INFO - Filling up the DagBag from /home/airflow/.local/lib/python3.7/site-packages/airflow/example_dags/example_dag_decorator.py
[2023-10-10T17:51:10.399+0000] {processor.py:836} INFO - DAG(s) dict_keys(['example_dag_decorator']) retrieved from /home/airflow/.local/lib/python3.7/site-packages/airflow/example_dags/example_dag_decorator.py
[2023-10-10T17:51:10.436+0000] {logging_mixin.py:150} INFO - [2023-10-10T17:51:10.436+0000] {dag.py:2742} INFO - Sync 1 DAGs
[2023-10-10T17:51:10.473+0000] {logging_mixin.py:150} INFO - [2023-10-10T17:51:10.473+0000] {dag.py:3508} INFO - Setting next_dagrun for example_dag_decorator to None, run_after=None
[2023-10-10T17:51:10.502+0000] {processor.py:179} INFO - Processing /home/airflow/.local/lib/python3.7/site-packages/airflow/example_dags/example_dag_decorator.py took 0.198 seconds
[2023-10-10T17:51:40.912+0000] {processor.py:157} INFO - Started process (PID=2573) to work on /home/airflow/.local/lib/python3.7/site-packages/airflow/example_dags/example_dag_decorator.py
[2023-10-10T17:51:40.914+0000] {processor.py:826} INFO - Processing file /home/airflow/.local/lib/python3.7/site-packages/airflow/example_dags/example_dag_decorator.py for tasks to queue
[2023-10-10T17:51:40.917+0000] {logging_mixin.py:150} INFO - [2023-10-10T17:51:40.916+0000] {dagbag.py:541} INFO - Filling up the DagBag from /home/airflow/.local/lib/python3.7/site-packages/airflow/example_dags/example_dag_decorator.py
[2023-10-10T17:51:41.036+0000] {processor.py:836} INFO - DAG(s) dict_keys(['example_dag_decorator']) retrieved from /home/airflow/.local/lib/python3.7/site-packages/airflow/example_dags/example_dag_decorator.py
[2023-10-10T17:51:41.299+0000] {logging_mixin.py:150} INFO - [2023-10-10T17:51:41.299+0000] {dag.py:2742} INFO - Sync 1 DAGs
[2023-10-10T17:51:41.346+0000] {logging_mixin.py:150} INFO - [2023-10-10T17:51:41.346+0000] {dag.py:3508} INFO - Setting next_dagrun for example_dag_decorator to None, run_after=None
[2023-10-10T17:51:41.381+0000] {processor.py:179} INFO - Processing /home/airflow/.local/lib/python3.7/site-packages/airflow/example_dags/example_dag_decorator.py took 0.475 seconds
[2023-10-10T17:52:11.536+0000] {processor.py:157} INFO - Started process (PID=2664) to work on /home/airflow/.local/lib/python3.7/site-packages/airflow/example_dags/example_dag_decorator.py
[2023-10-10T17:52:11.539+0000] {processor.py:826} INFO - Processing file /home/airflow/.local/lib/python3.7/site-packages/airflow/example_dags/example_dag_decorator.py for tasks to queue
[2023-10-10T17:52:11.541+0000] {logging_mixin.py:150} INFO - [2023-10-10T17:52:11.541+0000] {dagbag.py:541} INFO - Filling up the DagBag from /home/airflow/.local/lib/python3.7/site-packages/airflow/example_dags/example_dag_decorator.py
[2023-10-10T17:52:11.653+0000] {processor.py:836} INFO - DAG(s) dict_keys(['example_dag_decorator']) retrieved from /home/airflow/.local/lib/python3.7/site-packages/airflow/example_dags/example_dag_decorator.py
[2023-10-10T17:52:11.836+0000] {logging_mixin.py:150} INFO - [2023-10-10T17:52:11.836+0000] {dag.py:2742} INFO - Sync 1 DAGs
[2023-10-10T17:52:11.875+0000] {logging_mixin.py:150} INFO - [2023-10-10T17:52:11.875+0000] {dag.py:3508} INFO - Setting next_dagrun for example_dag_decorator to None, run_after=None
[2023-10-10T17:52:11.907+0000] {processor.py:179} INFO - Processing /home/airflow/.local/lib/python3.7/site-packages/airflow/example_dags/example_dag_decorator.py took 0.378 seconds
[2023-10-10T17:52:42.511+0000] {processor.py:157} INFO - Started process (PID=2745) to work on /home/airflow/.local/lib/python3.7/site-packages/airflow/example_dags/example_dag_decorator.py
[2023-10-10T17:52:42.513+0000] {processor.py:826} INFO - Processing file /home/airflow/.local/lib/python3.7/site-packages/airflow/example_dags/example_dag_decorator.py for tasks to queue
[2023-10-10T17:52:42.515+0000] {logging_mixin.py:150} INFO - [2023-10-10T17:52:42.515+0000] {dagbag.py:541} INFO - Filling up the DagBag from /home/airflow/.local/lib/python3.7/site-packages/airflow/example_dags/example_dag_decorator.py
[2023-10-10T17:52:42.652+0000] {processor.py:836} INFO - DAG(s) dict_keys(['example_dag_decorator']) retrieved from /home/airflow/.local/lib/python3.7/site-packages/airflow/example_dags/example_dag_decorator.py
[2023-10-10T17:52:42.835+0000] {logging_mixin.py:150} INFO - [2023-10-10T17:52:42.835+0000] {dag.py:2742} INFO - Sync 1 DAGs
[2023-10-10T17:52:42.875+0000] {logging_mixin.py:150} INFO - [2023-10-10T17:52:42.874+0000] {dag.py:3508} INFO - Setting next_dagrun for example_dag_decorator to None, run_after=None
[2023-10-10T17:52:42.907+0000] {processor.py:179} INFO - Processing /home/airflow/.local/lib/python3.7/site-packages/airflow/example_dags/example_dag_decorator.py took 0.403 seconds
[2023-10-10T17:53:13.155+0000] {processor.py:157} INFO - Started process (PID=2838) to work on /home/airflow/.local/lib/python3.7/site-packages/airflow/example_dags/example_dag_decorator.py
[2023-10-10T17:53:13.157+0000] {processor.py:826} INFO - Processing file /home/airflow/.local/lib/python3.7/site-packages/airflow/example_dags/example_dag_decorator.py for tasks to queue
[2023-10-10T17:53:13.159+0000] {logging_mixin.py:150} INFO - [2023-10-10T17:53:13.158+0000] {dagbag.py:541} INFO - Filling up the DagBag from /home/airflow/.local/lib/python3.7/site-packages/airflow/example_dags/example_dag_decorator.py
[2023-10-10T17:53:13.260+0000] {processor.py:836} INFO - DAG(s) dict_keys(['example_dag_decorator']) retrieved from /home/airflow/.local/lib/python3.7/site-packages/airflow/example_dags/example_dag_decorator.py
[2023-10-10T17:53:13.437+0000] {logging_mixin.py:150} INFO - [2023-10-10T17:53:13.437+0000] {dag.py:2742} INFO - Sync 1 DAGs
[2023-10-10T17:53:13.599+0000] {logging_mixin.py:150} INFO - [2023-10-10T17:53:13.599+0000] {dag.py:3508} INFO - Setting next_dagrun for example_dag_decorator to None, run_after=None
[2023-10-10T17:53:13.626+0000] {processor.py:179} INFO - Processing /home/airflow/.local/lib/python3.7/site-packages/airflow/example_dags/example_dag_decorator.py took 0.476 seconds
[2023-10-10T17:53:43.858+0000] {processor.py:157} INFO - Started process (PID=2919) to work on /home/airflow/.local/lib/python3.7/site-packages/airflow/example_dags/example_dag_decorator.py
[2023-10-10T17:53:43.862+0000] {processor.py:826} INFO - Processing file /home/airflow/.local/lib/python3.7/site-packages/airflow/example_dags/example_dag_decorator.py for tasks to queue
[2023-10-10T17:53:43.865+0000] {logging_mixin.py:150} INFO - [2023-10-10T17:53:43.865+0000] {dagbag.py:541} INFO - Filling up the DagBag from /home/airflow/.local/lib/python3.7/site-packages/airflow/example_dags/example_dag_decorator.py
[2023-10-10T17:53:43.976+0000] {processor.py:836} INFO - DAG(s) dict_keys(['example_dag_decorator']) retrieved from /home/airflow/.local/lib/python3.7/site-packages/airflow/example_dags/example_dag_decorator.py
[2023-10-10T17:53:44.145+0000] {logging_mixin.py:150} INFO - [2023-10-10T17:53:44.144+0000] {dag.py:2742} INFO - Sync 1 DAGs
[2023-10-10T17:53:44.180+0000] {logging_mixin.py:150} INFO - [2023-10-10T17:53:44.179+0000] {dag.py:3508} INFO - Setting next_dagrun for example_dag_decorator to None, run_after=None
[2023-10-10T17:53:44.209+0000] {processor.py:179} INFO - Processing /home/airflow/.local/lib/python3.7/site-packages/airflow/example_dags/example_dag_decorator.py took 0.364 seconds
[2023-10-10T17:54:15.020+0000] {processor.py:157} INFO - Started process (PID=3009) to work on /home/airflow/.local/lib/python3.7/site-packages/airflow/example_dags/example_dag_decorator.py
[2023-10-10T17:54:15.022+0000] {processor.py:826} INFO - Processing file /home/airflow/.local/lib/python3.7/site-packages/airflow/example_dags/example_dag_decorator.py for tasks to queue
[2023-10-10T17:54:15.024+0000] {logging_mixin.py:150} INFO - [2023-10-10T17:54:15.024+0000] {dagbag.py:541} INFO - Filling up the DagBag from /home/airflow/.local/lib/python3.7/site-packages/airflow/example_dags/example_dag_decorator.py
[2023-10-10T17:54:15.116+0000] {processor.py:836} INFO - DAG(s) dict_keys(['example_dag_decorator']) retrieved from /home/airflow/.local/lib/python3.7/site-packages/airflow/example_dags/example_dag_decorator.py
[2023-10-10T17:54:15.295+0000] {logging_mixin.py:150} INFO - [2023-10-10T17:54:15.295+0000] {dag.py:2742} INFO - Sync 1 DAGs
[2023-10-10T17:54:15.325+0000] {logging_mixin.py:150} INFO - [2023-10-10T17:54:15.325+0000] {dag.py:3508} INFO - Setting next_dagrun for example_dag_decorator to None, run_after=None
[2023-10-10T17:54:15.350+0000] {processor.py:179} INFO - Processing /home/airflow/.local/lib/python3.7/site-packages/airflow/example_dags/example_dag_decorator.py took 0.335 seconds
[2023-10-10T17:54:45.615+0000] {processor.py:157} INFO - Started process (PID=3111) to work on /home/airflow/.local/lib/python3.7/site-packages/airflow/example_dags/example_dag_decorator.py
[2023-10-10T17:54:45.627+0000] {processor.py:826} INFO - Processing file /home/airflow/.local/lib/python3.7/site-packages/airflow/example_dags/example_dag_decorator.py for tasks to queue
[2023-10-10T17:54:45.630+0000] {logging_mixin.py:150} INFO - [2023-10-10T17:54:45.630+0000] {dagbag.py:541} INFO - Filling up the DagBag from /home/airflow/.local/lib/python3.7/site-packages/airflow/example_dags/example_dag_decorator.py
[2023-10-10T17:54:45.982+0000] {processor.py:836} INFO - DAG(s) dict_keys(['example_dag_decorator']) retrieved from /home/airflow/.local/lib/python3.7/site-packages/airflow/example_dags/example_dag_decorator.py
[2023-10-10T17:54:46.282+0000] {logging_mixin.py:150} INFO - [2023-10-10T17:54:46.282+0000] {dag.py:2742} INFO - Sync 1 DAGs
[2023-10-10T17:54:46.560+0000] {logging_mixin.py:150} INFO - [2023-10-10T17:54:46.560+0000] {dag.py:3508} INFO - Setting next_dagrun for example_dag_decorator to None, run_after=None
[2023-10-10T17:54:46.662+0000] {processor.py:179} INFO - Processing /home/airflow/.local/lib/python3.7/site-packages/airflow/example_dags/example_dag_decorator.py took 1.053 seconds
[2023-10-10T17:56:06.795+0000] {processor.py:157} INFO - Started process (PID=3247) to work on /home/airflow/.local/lib/python3.7/site-packages/airflow/example_dags/example_dag_decorator.py
[2023-10-10T17:56:06.799+0000] {processor.py:826} INFO - Processing file /home/airflow/.local/lib/python3.7/site-packages/airflow/example_dags/example_dag_decorator.py for tasks to queue
[2023-10-10T17:56:06.803+0000] {logging_mixin.py:150} INFO - [2023-10-10T17:56:06.802+0000] {dagbag.py:541} INFO - Filling up the DagBag from /home/airflow/.local/lib/python3.7/site-packages/airflow/example_dags/example_dag_decorator.py
[2023-10-10T17:56:07.065+0000] {processor.py:836} INFO - DAG(s) dict_keys(['example_dag_decorator']) retrieved from /home/airflow/.local/lib/python3.7/site-packages/airflow/example_dags/example_dag_decorator.py
[2023-10-10T17:56:07.430+0000] {logging_mixin.py:150} INFO - [2023-10-10T17:56:07.429+0000] {dag.py:2742} INFO - Sync 1 DAGs
[2023-10-10T17:56:07.688+0000] {logging_mixin.py:150} INFO - [2023-10-10T17:56:07.687+0000] {dag.py:3508} INFO - Setting next_dagrun for example_dag_decorator to None, run_after=None
[2023-10-10T17:56:07.762+0000] {processor.py:179} INFO - Processing /home/airflow/.local/lib/python3.7/site-packages/airflow/example_dags/example_dag_decorator.py took 0.977 seconds
[2023-10-10T17:56:39.988+0000] {processor.py:157} INFO - Started process (PID=3328) to work on /home/airflow/.local/lib/python3.7/site-packages/airflow/example_dags/example_dag_decorator.py
[2023-10-10T17:56:39.992+0000] {processor.py:826} INFO - Processing file /home/airflow/.local/lib/python3.7/site-packages/airflow/example_dags/example_dag_decorator.py for tasks to queue
[2023-10-10T17:56:39.996+0000] {logging_mixin.py:150} INFO - [2023-10-10T17:56:39.995+0000] {dagbag.py:541} INFO - Filling up the DagBag from /home/airflow/.local/lib/python3.7/site-packages/airflow/example_dags/example_dag_decorator.py
[2023-10-10T17:56:40.280+0000] {processor.py:836} INFO - DAG(s) dict_keys(['example_dag_decorator']) retrieved from /home/airflow/.local/lib/python3.7/site-packages/airflow/example_dags/example_dag_decorator.py
[2023-10-10T17:56:40.698+0000] {logging_mixin.py:150} INFO - [2023-10-10T17:56:40.697+0000] {dag.py:2742} INFO - Sync 1 DAGs
[2023-10-10T17:56:41.028+0000] {logging_mixin.py:150} INFO - [2023-10-10T17:56:41.027+0000] {dag.py:3508} INFO - Setting next_dagrun for example_dag_decorator to None, run_after=None
[2023-10-10T17:56:41.102+0000] {processor.py:179} INFO - Processing /home/airflow/.local/lib/python3.7/site-packages/airflow/example_dags/example_dag_decorator.py took 1.125 seconds
[2023-10-10T17:57:44.588+0000] {processor.py:157} INFO - Started process (PID=3426) to work on /home/airflow/.local/lib/python3.7/site-packages/airflow/example_dags/example_dag_decorator.py
[2023-10-10T17:57:44.609+0000] {processor.py:826} INFO - Processing file /home/airflow/.local/lib/python3.7/site-packages/airflow/example_dags/example_dag_decorator.py for tasks to queue
[2023-10-10T17:57:44.632+0000] {logging_mixin.py:150} INFO - [2023-10-10T17:57:44.619+0000] {dagbag.py:541} INFO - Filling up the DagBag from /home/airflow/.local/lib/python3.7/site-packages/airflow/example_dags/example_dag_decorator.py
[2023-10-10T17:57:47.246+0000] {processor.py:836} INFO - DAG(s) dict_keys(['example_dag_decorator']) retrieved from /home/airflow/.local/lib/python3.7/site-packages/airflow/example_dags/example_dag_decorator.py
[2023-10-10T17:57:47.794+0000] {logging_mixin.py:150} INFO - [2023-10-10T17:57:47.793+0000] {dag.py:2742} INFO - Sync 1 DAGs
[2023-10-10T17:57:48.613+0000] {logging_mixin.py:150} INFO - [2023-10-10T17:57:48.613+0000] {dag.py:3508} INFO - Setting next_dagrun for example_dag_decorator to None, run_after=None
[2023-10-10T17:57:48.870+0000] {processor.py:179} INFO - Processing /home/airflow/.local/lib/python3.7/site-packages/airflow/example_dags/example_dag_decorator.py took 4.373 seconds
[2023-10-10T17:58:37.963+0000] {processor.py:157} INFO - Started process (PID=3523) to work on /home/airflow/.local/lib/python3.7/site-packages/airflow/example_dags/example_dag_decorator.py
[2023-10-10T17:58:37.984+0000] {processor.py:826} INFO - Processing file /home/airflow/.local/lib/python3.7/site-packages/airflow/example_dags/example_dag_decorator.py for tasks to queue
[2023-10-10T17:58:37.997+0000] {logging_mixin.py:150} INFO - [2023-10-10T17:58:37.995+0000] {dagbag.py:541} INFO - Filling up the DagBag from /home/airflow/.local/lib/python3.7/site-packages/airflow/example_dags/example_dag_decorator.py
[2023-10-10T17:58:38.797+0000] {processor.py:836} INFO - DAG(s) dict_keys(['example_dag_decorator']) retrieved from /home/airflow/.local/lib/python3.7/site-packages/airflow/example_dags/example_dag_decorator.py
[2023-10-10T17:58:40.725+0000] {logging_mixin.py:150} INFO - [2023-10-10T17:58:40.725+0000] {dag.py:2742} INFO - Sync 1 DAGs
[2023-10-10T17:58:41.089+0000] {logging_mixin.py:150} INFO - [2023-10-10T17:58:41.088+0000] {dag.py:3508} INFO - Setting next_dagrun for example_dag_decorator to None, run_after=None
[2023-10-10T17:58:41.259+0000] {processor.py:179} INFO - Processing /home/airflow/.local/lib/python3.7/site-packages/airflow/example_dags/example_dag_decorator.py took 3.341 seconds
[2023-10-10T17:59:12.198+0000] {processor.py:157} INFO - Started process (PID=3618) to work on /home/airflow/.local/lib/python3.7/site-packages/airflow/example_dags/example_dag_decorator.py
[2023-10-10T17:59:12.212+0000] {processor.py:826} INFO - Processing file /home/airflow/.local/lib/python3.7/site-packages/airflow/example_dags/example_dag_decorator.py for tasks to queue
[2023-10-10T17:59:12.218+0000] {logging_mixin.py:150} INFO - [2023-10-10T17:59:12.217+0000] {dagbag.py:541} INFO - Filling up the DagBag from /home/airflow/.local/lib/python3.7/site-packages/airflow/example_dags/example_dag_decorator.py
[2023-10-10T17:59:13.474+0000] {processor.py:836} INFO - DAG(s) dict_keys(['example_dag_decorator']) retrieved from /home/airflow/.local/lib/python3.7/site-packages/airflow/example_dags/example_dag_decorator.py
[2023-10-10T17:59:14.957+0000] {logging_mixin.py:150} INFO - [2023-10-10T17:59:14.956+0000] {dag.py:2742} INFO - Sync 1 DAGs
[2023-10-10T17:59:16.965+0000] {logging_mixin.py:150} INFO - [2023-10-10T17:59:16.964+0000] {dag.py:3508} INFO - Setting next_dagrun for example_dag_decorator to None, run_after=None
[2023-10-10T17:59:17.181+0000] {processor.py:179} INFO - Processing /home/airflow/.local/lib/python3.7/site-packages/airflow/example_dags/example_dag_decorator.py took 5.019 seconds
[2023-10-10T17:59:50.675+0000] {processor.py:157} INFO - Started process (PID=3700) to work on /home/airflow/.local/lib/python3.7/site-packages/airflow/example_dags/example_dag_decorator.py
[2023-10-10T17:59:50.686+0000] {processor.py:826} INFO - Processing file /home/airflow/.local/lib/python3.7/site-packages/airflow/example_dags/example_dag_decorator.py for tasks to queue
[2023-10-10T17:59:50.693+0000] {logging_mixin.py:150} INFO - [2023-10-10T17:59:50.692+0000] {dagbag.py:541} INFO - Filling up the DagBag from /home/airflow/.local/lib/python3.7/site-packages/airflow/example_dags/example_dag_decorator.py
[2023-10-10T17:59:51.163+0000] {processor.py:836} INFO - DAG(s) dict_keys(['example_dag_decorator']) retrieved from /home/airflow/.local/lib/python3.7/site-packages/airflow/example_dags/example_dag_decorator.py
[2023-10-10T17:59:52.205+0000] {logging_mixin.py:150} INFO - [2023-10-10T17:59:52.204+0000] {dag.py:2742} INFO - Sync 1 DAGs
[2023-10-10T17:59:52.412+0000] {logging_mixin.py:150} INFO - [2023-10-10T17:59:52.411+0000] {dag.py:3508} INFO - Setting next_dagrun for example_dag_decorator to None, run_after=None
[2023-10-10T17:59:52.592+0000] {processor.py:179} INFO - Processing /home/airflow/.local/lib/python3.7/site-packages/airflow/example_dags/example_dag_decorator.py took 1.938 seconds
[2023-10-10T18:00:22.724+0000] {processor.py:157} INFO - Started process (PID=3784) to work on /home/airflow/.local/lib/python3.7/site-packages/airflow/example_dags/example_dag_decorator.py
[2023-10-10T18:00:22.728+0000] {processor.py:826} INFO - Processing file /home/airflow/.local/lib/python3.7/site-packages/airflow/example_dags/example_dag_decorator.py for tasks to queue
[2023-10-10T18:00:22.731+0000] {logging_mixin.py:150} INFO - [2023-10-10T18:00:22.730+0000] {dagbag.py:541} INFO - Filling up the DagBag from /home/airflow/.local/lib/python3.7/site-packages/airflow/example_dags/example_dag_decorator.py
[2023-10-10T18:00:22.939+0000] {processor.py:836} INFO - DAG(s) dict_keys(['example_dag_decorator']) retrieved from /home/airflow/.local/lib/python3.7/site-packages/airflow/example_dags/example_dag_decorator.py
[2023-10-10T18:00:23.401+0000] {logging_mixin.py:150} INFO - [2023-10-10T18:00:23.401+0000] {dag.py:2742} INFO - Sync 1 DAGs
[2023-10-10T18:00:23.457+0000] {logging_mixin.py:150} INFO - [2023-10-10T18:00:23.457+0000] {dag.py:3508} INFO - Setting next_dagrun for example_dag_decorator to None, run_after=None
[2023-10-10T18:00:23.507+0000] {processor.py:179} INFO - Processing /home/airflow/.local/lib/python3.7/site-packages/airflow/example_dags/example_dag_decorator.py took 0.792 seconds
[2023-10-10T18:00:54.356+0000] {processor.py:157} INFO - Started process (PID=3866) to work on /home/airflow/.local/lib/python3.7/site-packages/airflow/example_dags/example_dag_decorator.py
[2023-10-10T18:00:54.361+0000] {processor.py:826} INFO - Processing file /home/airflow/.local/lib/python3.7/site-packages/airflow/example_dags/example_dag_decorator.py for tasks to queue
[2023-10-10T18:00:54.365+0000] {logging_mixin.py:150} INFO - [2023-10-10T18:00:54.364+0000] {dagbag.py:541} INFO - Filling up the DagBag from /home/airflow/.local/lib/python3.7/site-packages/airflow/example_dags/example_dag_decorator.py
[2023-10-10T18:00:54.514+0000] {processor.py:836} INFO - DAG(s) dict_keys(['example_dag_decorator']) retrieved from /home/airflow/.local/lib/python3.7/site-packages/airflow/example_dags/example_dag_decorator.py
[2023-10-10T18:00:54.879+0000] {logging_mixin.py:150} INFO - [2023-10-10T18:00:54.879+0000] {dag.py:2742} INFO - Sync 1 DAGs
[2023-10-10T18:00:55.060+0000] {logging_mixin.py:150} INFO - [2023-10-10T18:00:55.060+0000] {dag.py:3508} INFO - Setting next_dagrun for example_dag_decorator to None, run_after=None
[2023-10-10T18:00:55.092+0000] {processor.py:179} INFO - Processing /home/airflow/.local/lib/python3.7/site-packages/airflow/example_dags/example_dag_decorator.py took 0.748 seconds
[2023-10-10T18:01:25.294+0000] {processor.py:157} INFO - Started process (PID=3958) to work on /home/airflow/.local/lib/python3.7/site-packages/airflow/example_dags/example_dag_decorator.py
[2023-10-10T18:01:25.297+0000] {processor.py:826} INFO - Processing file /home/airflow/.local/lib/python3.7/site-packages/airflow/example_dags/example_dag_decorator.py for tasks to queue
[2023-10-10T18:01:25.300+0000] {logging_mixin.py:150} INFO - [2023-10-10T18:01:25.300+0000] {dagbag.py:541} INFO - Filling up the DagBag from /home/airflow/.local/lib/python3.7/site-packages/airflow/example_dags/example_dag_decorator.py
[2023-10-10T18:01:25.489+0000] {processor.py:836} INFO - DAG(s) dict_keys(['example_dag_decorator']) retrieved from /home/airflow/.local/lib/python3.7/site-packages/airflow/example_dags/example_dag_decorator.py
[2023-10-10T18:01:25.916+0000] {logging_mixin.py:150} INFO - [2023-10-10T18:01:25.915+0000] {dag.py:2742} INFO - Sync 1 DAGs
[2023-10-10T18:01:25.963+0000] {logging_mixin.py:150} INFO - [2023-10-10T18:01:25.963+0000] {dag.py:3508} INFO - Setting next_dagrun for example_dag_decorator to None, run_after=None
[2023-10-10T18:01:25.987+0000] {processor.py:179} INFO - Processing /home/airflow/.local/lib/python3.7/site-packages/airflow/example_dags/example_dag_decorator.py took 0.724 seconds
[2023-10-10T18:01:56.121+0000] {processor.py:157} INFO - Started process (PID=4041) to work on /home/airflow/.local/lib/python3.7/site-packages/airflow/example_dags/example_dag_decorator.py
[2023-10-10T18:01:56.124+0000] {processor.py:826} INFO - Processing file /home/airflow/.local/lib/python3.7/site-packages/airflow/example_dags/example_dag_decorator.py for tasks to queue
[2023-10-10T18:01:56.127+0000] {logging_mixin.py:150} INFO - [2023-10-10T18:01:56.126+0000] {dagbag.py:541} INFO - Filling up the DagBag from /home/airflow/.local/lib/python3.7/site-packages/airflow/example_dags/example_dag_decorator.py
[2023-10-10T18:01:56.285+0000] {processor.py:836} INFO - DAG(s) dict_keys(['example_dag_decorator']) retrieved from /home/airflow/.local/lib/python3.7/site-packages/airflow/example_dags/example_dag_decorator.py
[2023-10-10T18:01:56.341+0000] {logging_mixin.py:150} INFO - [2023-10-10T18:01:56.341+0000] {dag.py:2742} INFO - Sync 1 DAGs
[2023-10-10T18:01:56.398+0000] {logging_mixin.py:150} INFO - [2023-10-10T18:01:56.398+0000] {dag.py:3508} INFO - Setting next_dagrun for example_dag_decorator to None, run_after=None
[2023-10-10T18:01:56.439+0000] {processor.py:179} INFO - Processing /home/airflow/.local/lib/python3.7/site-packages/airflow/example_dags/example_dag_decorator.py took 0.327 seconds
[2023-10-10T18:02:26.812+0000] {processor.py:157} INFO - Started process (PID=4122) to work on /home/airflow/.local/lib/python3.7/site-packages/airflow/example_dags/example_dag_decorator.py
[2023-10-10T18:02:26.815+0000] {processor.py:826} INFO - Processing file /home/airflow/.local/lib/python3.7/site-packages/airflow/example_dags/example_dag_decorator.py for tasks to queue
[2023-10-10T18:02:26.819+0000] {logging_mixin.py:150} INFO - [2023-10-10T18:02:26.818+0000] {dagbag.py:541} INFO - Filling up the DagBag from /home/airflow/.local/lib/python3.7/site-packages/airflow/example_dags/example_dag_decorator.py
[2023-10-10T18:02:26.993+0000] {processor.py:836} INFO - DAG(s) dict_keys(['example_dag_decorator']) retrieved from /home/airflow/.local/lib/python3.7/site-packages/airflow/example_dags/example_dag_decorator.py
[2023-10-10T18:02:27.263+0000] {logging_mixin.py:150} INFO - [2023-10-10T18:02:27.263+0000] {dag.py:2742} INFO - Sync 1 DAGs
[2023-10-10T18:02:27.475+0000] {logging_mixin.py:150} INFO - [2023-10-10T18:02:27.475+0000] {dag.py:3508} INFO - Setting next_dagrun for example_dag_decorator to None, run_after=None
[2023-10-10T18:02:27.516+0000] {processor.py:179} INFO - Processing /home/airflow/.local/lib/python3.7/site-packages/airflow/example_dags/example_dag_decorator.py took 0.715 seconds
[2023-10-10T18:02:57.737+0000] {processor.py:157} INFO - Started process (PID=4203) to work on /home/airflow/.local/lib/python3.7/site-packages/airflow/example_dags/example_dag_decorator.py
[2023-10-10T18:02:57.740+0000] {processor.py:826} INFO - Processing file /home/airflow/.local/lib/python3.7/site-packages/airflow/example_dags/example_dag_decorator.py for tasks to queue
[2023-10-10T18:02:57.742+0000] {logging_mixin.py:150} INFO - [2023-10-10T18:02:57.742+0000] {dagbag.py:541} INFO - Filling up the DagBag from /home/airflow/.local/lib/python3.7/site-packages/airflow/example_dags/example_dag_decorator.py
[2023-10-10T18:02:57.890+0000] {processor.py:836} INFO - DAG(s) dict_keys(['example_dag_decorator']) retrieved from /home/airflow/.local/lib/python3.7/site-packages/airflow/example_dags/example_dag_decorator.py
[2023-10-10T18:02:58.277+0000] {logging_mixin.py:150} INFO - [2023-10-10T18:02:58.277+0000] {dag.py:2742} INFO - Sync 1 DAGs
[2023-10-10T18:02:58.319+0000] {logging_mixin.py:150} INFO - [2023-10-10T18:02:58.319+0000] {dag.py:3508} INFO - Setting next_dagrun for example_dag_decorator to None, run_after=None
[2023-10-10T18:02:58.355+0000] {processor.py:179} INFO - Processing /home/airflow/.local/lib/python3.7/site-packages/airflow/example_dags/example_dag_decorator.py took 0.626 seconds
[2023-10-10T18:03:28.569+0000] {processor.py:157} INFO - Started process (PID=4293) to work on /home/airflow/.local/lib/python3.7/site-packages/airflow/example_dags/example_dag_decorator.py
[2023-10-10T18:03:28.572+0000] {processor.py:826} INFO - Processing file /home/airflow/.local/lib/python3.7/site-packages/airflow/example_dags/example_dag_decorator.py for tasks to queue
[2023-10-10T18:03:28.574+0000] {logging_mixin.py:150} INFO - [2023-10-10T18:03:28.573+0000] {dagbag.py:541} INFO - Filling up the DagBag from /home/airflow/.local/lib/python3.7/site-packages/airflow/example_dags/example_dag_decorator.py
[2023-10-10T18:03:28.719+0000] {processor.py:836} INFO - DAG(s) dict_keys(['example_dag_decorator']) retrieved from /home/airflow/.local/lib/python3.7/site-packages/airflow/example_dags/example_dag_decorator.py
[2023-10-10T18:03:29.092+0000] {logging_mixin.py:150} INFO - [2023-10-10T18:03:29.092+0000] {dag.py:2742} INFO - Sync 1 DAGs
[2023-10-10T18:03:29.133+0000] {logging_mixin.py:150} INFO - [2023-10-10T18:03:29.133+0000] {dag.py:3508} INFO - Setting next_dagrun for example_dag_decorator to None, run_after=None
[2023-10-10T18:03:29.172+0000] {processor.py:179} INFO - Processing /home/airflow/.local/lib/python3.7/site-packages/airflow/example_dags/example_dag_decorator.py took 0.609 seconds
