[2023-10-10T17:36:34.818+0000] {processor.py:157} INFO - Started process (PID=68) to work on /home/airflow/.local/lib/python3.7/site-packages/airflow/example_dags/example_task_group.py
[2023-10-10T17:36:34.820+0000] {processor.py:826} INFO - Processing file /home/airflow/.local/lib/python3.7/site-packages/airflow/example_dags/example_task_group.py for tasks to queue
[2023-10-10T17:36:34.830+0000] {logging_mixin.py:150} INFO - [2023-10-10T17:36:34.830+0000] {dagbag.py:541} INFO - Filling up the DagBag from /home/airflow/.local/lib/python3.7/site-packages/airflow/example_dags/example_task_group.py
[2023-10-10T17:36:34.865+0000] {processor.py:836} INFO - DAG(s) dict_keys(['example_task_group']) retrieved from /home/airflow/.local/lib/python3.7/site-packages/airflow/example_dags/example_task_group.py
[2023-10-10T17:36:34.900+0000] {logging_mixin.py:150} INFO - [2023-10-10T17:36:34.900+0000] {dag.py:2742} INFO - Sync 1 DAGs
[2023-10-10T17:36:34.975+0000] {logging_mixin.py:150} INFO - [2023-10-10T17:36:34.974+0000] {dag.py:3508} INFO - Setting next_dagrun for example_task_group to 2023-10-09T17:36:34.974621+00:00, run_after=2023-10-10T17:36:34.974621+00:00
[2023-10-10T17:36:35.008+0000] {processor.py:179} INFO - Processing /home/airflow/.local/lib/python3.7/site-packages/airflow/example_dags/example_task_group.py took 0.196 seconds
[2023-10-10T17:37:05.510+0000] {processor.py:157} INFO - Started process (PID=155) to work on /home/airflow/.local/lib/python3.7/site-packages/airflow/example_dags/example_task_group.py
[2023-10-10T17:37:05.512+0000] {processor.py:826} INFO - Processing file /home/airflow/.local/lib/python3.7/site-packages/airflow/example_dags/example_task_group.py for tasks to queue
[2023-10-10T17:37:05.514+0000] {logging_mixin.py:150} INFO - [2023-10-10T17:37:05.514+0000] {dagbag.py:541} INFO - Filling up the DagBag from /home/airflow/.local/lib/python3.7/site-packages/airflow/example_dags/example_task_group.py
[2023-10-10T17:37:05.526+0000] {processor.py:836} INFO - DAG(s) dict_keys(['example_task_group']) retrieved from /home/airflow/.local/lib/python3.7/site-packages/airflow/example_dags/example_task_group.py
[2023-10-10T17:37:05.559+0000] {logging_mixin.py:150} INFO - [2023-10-10T17:37:05.559+0000] {dag.py:2742} INFO - Sync 1 DAGs
[2023-10-10T17:37:05.593+0000] {logging_mixin.py:150} INFO - [2023-10-10T17:37:05.593+0000] {dag.py:3508} INFO - Setting next_dagrun for example_task_group to 2023-10-09T17:37:05.593143+00:00, run_after=2023-10-10T17:37:05.593143+00:00
[2023-10-10T17:37:05.618+0000] {processor.py:179} INFO - Processing /home/airflow/.local/lib/python3.7/site-packages/airflow/example_dags/example_task_group.py took 0.112 seconds
[2023-10-10T17:37:35.685+0000] {processor.py:157} INFO - Started process (PID=234) to work on /home/airflow/.local/lib/python3.7/site-packages/airflow/example_dags/example_task_group.py
[2023-10-10T17:37:35.687+0000] {processor.py:826} INFO - Processing file /home/airflow/.local/lib/python3.7/site-packages/airflow/example_dags/example_task_group.py for tasks to queue
[2023-10-10T17:37:35.688+0000] {logging_mixin.py:150} INFO - [2023-10-10T17:37:35.688+0000] {dagbag.py:541} INFO - Filling up the DagBag from /home/airflow/.local/lib/python3.7/site-packages/airflow/example_dags/example_task_group.py
[2023-10-10T17:37:35.699+0000] {processor.py:836} INFO - DAG(s) dict_keys(['example_task_group']) retrieved from /home/airflow/.local/lib/python3.7/site-packages/airflow/example_dags/example_task_group.py
[2023-10-10T17:37:35.731+0000] {logging_mixin.py:150} INFO - [2023-10-10T17:37:35.731+0000] {dag.py:2742} INFO - Sync 1 DAGs
[2023-10-10T17:37:35.765+0000] {logging_mixin.py:150} INFO - [2023-10-10T17:37:35.765+0000] {dag.py:3508} INFO - Setting next_dagrun for example_task_group to 2023-10-09T17:37:35.764954+00:00, run_after=2023-10-10T17:37:35.764954+00:00
[2023-10-10T17:37:35.791+0000] {processor.py:179} INFO - Processing /home/airflow/.local/lib/python3.7/site-packages/airflow/example_dags/example_task_group.py took 0.111 seconds
[2023-10-10T17:38:06.253+0000] {processor.py:157} INFO - Started process (PID=318) to work on /home/airflow/.local/lib/python3.7/site-packages/airflow/example_dags/example_task_group.py
[2023-10-10T17:38:06.256+0000] {processor.py:826} INFO - Processing file /home/airflow/.local/lib/python3.7/site-packages/airflow/example_dags/example_task_group.py for tasks to queue
[2023-10-10T17:38:06.258+0000] {logging_mixin.py:150} INFO - [2023-10-10T17:38:06.258+0000] {dagbag.py:541} INFO - Filling up the DagBag from /home/airflow/.local/lib/python3.7/site-packages/airflow/example_dags/example_task_group.py
[2023-10-10T17:38:06.272+0000] {processor.py:836} INFO - DAG(s) dict_keys(['example_task_group']) retrieved from /home/airflow/.local/lib/python3.7/site-packages/airflow/example_dags/example_task_group.py
[2023-10-10T17:38:06.317+0000] {logging_mixin.py:150} INFO - [2023-10-10T17:38:06.317+0000] {dag.py:2742} INFO - Sync 1 DAGs
[2023-10-10T17:38:06.350+0000] {logging_mixin.py:150} INFO - [2023-10-10T17:38:06.350+0000] {dag.py:3508} INFO - Setting next_dagrun for example_task_group to 2023-10-09T17:38:06.350312+00:00, run_after=2023-10-10T17:38:06.350312+00:00
[2023-10-10T17:38:06.376+0000] {processor.py:179} INFO - Processing /home/airflow/.local/lib/python3.7/site-packages/airflow/example_dags/example_task_group.py took 0.128 seconds
[2023-10-10T17:38:36.892+0000] {processor.py:157} INFO - Started process (PID=411) to work on /home/airflow/.local/lib/python3.7/site-packages/airflow/example_dags/example_task_group.py
[2023-10-10T17:38:36.894+0000] {processor.py:826} INFO - Processing file /home/airflow/.local/lib/python3.7/site-packages/airflow/example_dags/example_task_group.py for tasks to queue
[2023-10-10T17:38:36.896+0000] {logging_mixin.py:150} INFO - [2023-10-10T17:38:36.896+0000] {dagbag.py:541} INFO - Filling up the DagBag from /home/airflow/.local/lib/python3.7/site-packages/airflow/example_dags/example_task_group.py
[2023-10-10T17:38:36.908+0000] {processor.py:836} INFO - DAG(s) dict_keys(['example_task_group']) retrieved from /home/airflow/.local/lib/python3.7/site-packages/airflow/example_dags/example_task_group.py
[2023-10-10T17:38:36.960+0000] {logging_mixin.py:150} INFO - [2023-10-10T17:38:36.960+0000] {dag.py:2742} INFO - Sync 1 DAGs
[2023-10-10T17:38:36.993+0000] {logging_mixin.py:150} INFO - [2023-10-10T17:38:36.993+0000] {dag.py:3508} INFO - Setting next_dagrun for example_task_group to 2023-10-09T17:38:36.992847+00:00, run_after=2023-10-10T17:38:36.992847+00:00
[2023-10-10T17:38:37.016+0000] {processor.py:179} INFO - Processing /home/airflow/.local/lib/python3.7/site-packages/airflow/example_dags/example_task_group.py took 0.130 seconds
[2023-10-10T17:39:07.141+0000] {processor.py:157} INFO - Started process (PID=500) to work on /home/airflow/.local/lib/python3.7/site-packages/airflow/example_dags/example_task_group.py
[2023-10-10T17:39:07.143+0000] {processor.py:826} INFO - Processing file /home/airflow/.local/lib/python3.7/site-packages/airflow/example_dags/example_task_group.py for tasks to queue
[2023-10-10T17:39:07.145+0000] {logging_mixin.py:150} INFO - [2023-10-10T17:39:07.145+0000] {dagbag.py:541} INFO - Filling up the DagBag from /home/airflow/.local/lib/python3.7/site-packages/airflow/example_dags/example_task_group.py
[2023-10-10T17:39:07.159+0000] {processor.py:836} INFO - DAG(s) dict_keys(['example_task_group']) retrieved from /home/airflow/.local/lib/python3.7/site-packages/airflow/example_dags/example_task_group.py
[2023-10-10T17:39:07.216+0000] {logging_mixin.py:150} INFO - [2023-10-10T17:39:07.215+0000] {dag.py:2742} INFO - Sync 1 DAGs
[2023-10-10T17:39:07.259+0000] {logging_mixin.py:150} INFO - [2023-10-10T17:39:07.259+0000] {dag.py:3508} INFO - Setting next_dagrun for example_task_group to 2023-10-09T17:39:07.258695+00:00, run_after=2023-10-10T17:39:07.258695+00:00
[2023-10-10T17:39:07.289+0000] {processor.py:179} INFO - Processing /home/airflow/.local/lib/python3.7/site-packages/airflow/example_dags/example_task_group.py took 0.154 seconds
[2023-10-10T17:39:37.653+0000] {processor.py:157} INFO - Started process (PID=580) to work on /home/airflow/.local/lib/python3.7/site-packages/airflow/example_dags/example_task_group.py
[2023-10-10T17:39:37.656+0000] {processor.py:826} INFO - Processing file /home/airflow/.local/lib/python3.7/site-packages/airflow/example_dags/example_task_group.py for tasks to queue
[2023-10-10T17:39:37.657+0000] {logging_mixin.py:150} INFO - [2023-10-10T17:39:37.657+0000] {dagbag.py:541} INFO - Filling up the DagBag from /home/airflow/.local/lib/python3.7/site-packages/airflow/example_dags/example_task_group.py
[2023-10-10T17:39:37.669+0000] {processor.py:836} INFO - DAG(s) dict_keys(['example_task_group']) retrieved from /home/airflow/.local/lib/python3.7/site-packages/airflow/example_dags/example_task_group.py
[2023-10-10T17:39:37.703+0000] {logging_mixin.py:150} INFO - [2023-10-10T17:39:37.703+0000] {dag.py:2742} INFO - Sync 1 DAGs
[2023-10-10T17:39:37.738+0000] {logging_mixin.py:150} INFO - [2023-10-10T17:39:37.738+0000] {dag.py:3508} INFO - Setting next_dagrun for example_task_group to 2023-10-09T17:39:37.738315+00:00, run_after=2023-10-10T17:39:37.738315+00:00
[2023-10-10T17:39:37.764+0000] {processor.py:179} INFO - Processing /home/airflow/.local/lib/python3.7/site-packages/airflow/example_dags/example_task_group.py took 0.116 seconds
[2023-10-10T17:40:08.303+0000] {processor.py:157} INFO - Started process (PID=669) to work on /home/airflow/.local/lib/python3.7/site-packages/airflow/example_dags/example_task_group.py
[2023-10-10T17:40:08.306+0000] {processor.py:826} INFO - Processing file /home/airflow/.local/lib/python3.7/site-packages/airflow/example_dags/example_task_group.py for tasks to queue
[2023-10-10T17:40:08.309+0000] {logging_mixin.py:150} INFO - [2023-10-10T17:40:08.308+0000] {dagbag.py:541} INFO - Filling up the DagBag from /home/airflow/.local/lib/python3.7/site-packages/airflow/example_dags/example_task_group.py
[2023-10-10T17:40:08.328+0000] {processor.py:836} INFO - DAG(s) dict_keys(['example_task_group']) retrieved from /home/airflow/.local/lib/python3.7/site-packages/airflow/example_dags/example_task_group.py
[2023-10-10T17:40:08.377+0000] {logging_mixin.py:150} INFO - [2023-10-10T17:40:08.376+0000] {dag.py:2742} INFO - Sync 1 DAGs
[2023-10-10T17:40:08.420+0000] {logging_mixin.py:150} INFO - [2023-10-10T17:40:08.420+0000] {dag.py:3508} INFO - Setting next_dagrun for example_task_group to 2023-10-09T17:40:08.420196+00:00, run_after=2023-10-10T17:40:08.420196+00:00
[2023-10-10T17:40:08.456+0000] {processor.py:179} INFO - Processing /home/airflow/.local/lib/python3.7/site-packages/airflow/example_dags/example_task_group.py took 0.159 seconds
[2023-10-10T17:40:38.625+0000] {processor.py:157} INFO - Started process (PID=749) to work on /home/airflow/.local/lib/python3.7/site-packages/airflow/example_dags/example_task_group.py
[2023-10-10T17:40:38.627+0000] {processor.py:826} INFO - Processing file /home/airflow/.local/lib/python3.7/site-packages/airflow/example_dags/example_task_group.py for tasks to queue
[2023-10-10T17:40:38.628+0000] {logging_mixin.py:150} INFO - [2023-10-10T17:40:38.628+0000] {dagbag.py:541} INFO - Filling up the DagBag from /home/airflow/.local/lib/python3.7/site-packages/airflow/example_dags/example_task_group.py
[2023-10-10T17:40:38.639+0000] {processor.py:836} INFO - DAG(s) dict_keys(['example_task_group']) retrieved from /home/airflow/.local/lib/python3.7/site-packages/airflow/example_dags/example_task_group.py
[2023-10-10T17:40:38.671+0000] {logging_mixin.py:150} INFO - [2023-10-10T17:40:38.671+0000] {dag.py:2742} INFO - Sync 1 DAGs
[2023-10-10T17:40:38.702+0000] {logging_mixin.py:150} INFO - [2023-10-10T17:40:38.702+0000] {dag.py:3508} INFO - Setting next_dagrun for example_task_group to 2023-10-09T17:40:38.701800+00:00, run_after=2023-10-10T17:40:38.701800+00:00
[2023-10-10T17:40:38.725+0000] {processor.py:179} INFO - Processing /home/airflow/.local/lib/python3.7/site-packages/airflow/example_dags/example_task_group.py took 0.104 seconds
[2023-10-10T17:41:08.982+0000] {processor.py:157} INFO - Started process (PID=836) to work on /home/airflow/.local/lib/python3.7/site-packages/airflow/example_dags/example_task_group.py
[2023-10-10T17:41:08.985+0000] {processor.py:826} INFO - Processing file /home/airflow/.local/lib/python3.7/site-packages/airflow/example_dags/example_task_group.py for tasks to queue
[2023-10-10T17:41:08.987+0000] {logging_mixin.py:150} INFO - [2023-10-10T17:41:08.986+0000] {dagbag.py:541} INFO - Filling up the DagBag from /home/airflow/.local/lib/python3.7/site-packages/airflow/example_dags/example_task_group.py
[2023-10-10T17:41:08.998+0000] {processor.py:836} INFO - DAG(s) dict_keys(['example_task_group']) retrieved from /home/airflow/.local/lib/python3.7/site-packages/airflow/example_dags/example_task_group.py
[2023-10-10T17:41:09.039+0000] {logging_mixin.py:150} INFO - [2023-10-10T17:41:09.039+0000] {dag.py:2742} INFO - Sync 1 DAGs
[2023-10-10T17:41:09.077+0000] {logging_mixin.py:150} INFO - [2023-10-10T17:41:09.076+0000] {dag.py:3508} INFO - Setting next_dagrun for example_task_group to 2023-10-09T17:41:09.076514+00:00, run_after=2023-10-10T17:41:09.076514+00:00
[2023-10-10T17:41:09.105+0000] {processor.py:179} INFO - Processing /home/airflow/.local/lib/python3.7/site-packages/airflow/example_dags/example_task_group.py took 0.128 seconds
[2023-10-10T17:41:39.558+0000] {processor.py:157} INFO - Started process (PID=919) to work on /home/airflow/.local/lib/python3.7/site-packages/airflow/example_dags/example_task_group.py
[2023-10-10T17:41:39.560+0000] {processor.py:826} INFO - Processing file /home/airflow/.local/lib/python3.7/site-packages/airflow/example_dags/example_task_group.py for tasks to queue
[2023-10-10T17:41:39.562+0000] {logging_mixin.py:150} INFO - [2023-10-10T17:41:39.561+0000] {dagbag.py:541} INFO - Filling up the DagBag from /home/airflow/.local/lib/python3.7/site-packages/airflow/example_dags/example_task_group.py
[2023-10-10T17:41:39.574+0000] {processor.py:836} INFO - DAG(s) dict_keys(['example_task_group']) retrieved from /home/airflow/.local/lib/python3.7/site-packages/airflow/example_dags/example_task_group.py
[2023-10-10T17:41:39.612+0000] {logging_mixin.py:150} INFO - [2023-10-10T17:41:39.612+0000] {dag.py:2742} INFO - Sync 1 DAGs
[2023-10-10T17:41:39.653+0000] {logging_mixin.py:150} INFO - [2023-10-10T17:41:39.653+0000] {dag.py:3508} INFO - Setting next_dagrun for example_task_group to 2023-10-09T17:41:39.652885+00:00, run_after=2023-10-10T17:41:39.652885+00:00
[2023-10-10T17:41:39.683+0000] {processor.py:179} INFO - Processing /home/airflow/.local/lib/python3.7/site-packages/airflow/example_dags/example_task_group.py took 0.130 seconds
[2023-10-10T17:42:09.775+0000] {processor.py:157} INFO - Started process (PID=999) to work on /home/airflow/.local/lib/python3.7/site-packages/airflow/example_dags/example_task_group.py
[2023-10-10T17:42:09.778+0000] {processor.py:826} INFO - Processing file /home/airflow/.local/lib/python3.7/site-packages/airflow/example_dags/example_task_group.py for tasks to queue
[2023-10-10T17:42:09.782+0000] {logging_mixin.py:150} INFO - [2023-10-10T17:42:09.781+0000] {dagbag.py:541} INFO - Filling up the DagBag from /home/airflow/.local/lib/python3.7/site-packages/airflow/example_dags/example_task_group.py
[2023-10-10T17:42:09.797+0000] {processor.py:836} INFO - DAG(s) dict_keys(['example_task_group']) retrieved from /home/airflow/.local/lib/python3.7/site-packages/airflow/example_dags/example_task_group.py
[2023-10-10T17:42:09.847+0000] {logging_mixin.py:150} INFO - [2023-10-10T17:42:09.847+0000] {dag.py:2742} INFO - Sync 1 DAGs
[2023-10-10T17:42:09.890+0000] {logging_mixin.py:150} INFO - [2023-10-10T17:42:09.890+0000] {dag.py:3508} INFO - Setting next_dagrun for example_task_group to 2023-10-09T17:42:09.890075+00:00, run_after=2023-10-10T17:42:09.890075+00:00
[2023-10-10T17:42:09.920+0000] {processor.py:179} INFO - Processing /home/airflow/.local/lib/python3.7/site-packages/airflow/example_dags/example_task_group.py took 0.154 seconds
[2023-10-10T17:42:40.201+0000] {processor.py:157} INFO - Started process (PID=1089) to work on /home/airflow/.local/lib/python3.7/site-packages/airflow/example_dags/example_task_group.py
[2023-10-10T17:42:40.203+0000] {processor.py:826} INFO - Processing file /home/airflow/.local/lib/python3.7/site-packages/airflow/example_dags/example_task_group.py for tasks to queue
[2023-10-10T17:42:40.206+0000] {logging_mixin.py:150} INFO - [2023-10-10T17:42:40.206+0000] {dagbag.py:541} INFO - Filling up the DagBag from /home/airflow/.local/lib/python3.7/site-packages/airflow/example_dags/example_task_group.py
[2023-10-10T17:42:40.222+0000] {processor.py:836} INFO - DAG(s) dict_keys(['example_task_group']) retrieved from /home/airflow/.local/lib/python3.7/site-packages/airflow/example_dags/example_task_group.py
[2023-10-10T17:42:40.257+0000] {logging_mixin.py:150} INFO - [2023-10-10T17:42:40.257+0000] {dag.py:2742} INFO - Sync 1 DAGs
[2023-10-10T17:42:40.288+0000] {logging_mixin.py:150} INFO - [2023-10-10T17:42:40.288+0000] {dag.py:3508} INFO - Setting next_dagrun for example_task_group to 2023-10-09T17:42:40.288478+00:00, run_after=2023-10-10T17:42:40.288478+00:00
[2023-10-10T17:42:40.311+0000] {processor.py:179} INFO - Processing /home/airflow/.local/lib/python3.7/site-packages/airflow/example_dags/example_task_group.py took 0.116 seconds
[2023-10-10T17:43:10.563+0000] {processor.py:157} INFO - Started process (PID=1169) to work on /home/airflow/.local/lib/python3.7/site-packages/airflow/example_dags/example_task_group.py
[2023-10-10T17:43:10.566+0000] {processor.py:826} INFO - Processing file /home/airflow/.local/lib/python3.7/site-packages/airflow/example_dags/example_task_group.py for tasks to queue
[2023-10-10T17:43:10.568+0000] {logging_mixin.py:150} INFO - [2023-10-10T17:43:10.567+0000] {dagbag.py:541} INFO - Filling up the DagBag from /home/airflow/.local/lib/python3.7/site-packages/airflow/example_dags/example_task_group.py
[2023-10-10T17:43:10.580+0000] {processor.py:836} INFO - DAG(s) dict_keys(['example_task_group']) retrieved from /home/airflow/.local/lib/python3.7/site-packages/airflow/example_dags/example_task_group.py
[2023-10-10T17:43:10.618+0000] {logging_mixin.py:150} INFO - [2023-10-10T17:43:10.618+0000] {dag.py:2742} INFO - Sync 1 DAGs
[2023-10-10T17:43:10.656+0000] {logging_mixin.py:150} INFO - [2023-10-10T17:43:10.656+0000] {dag.py:3508} INFO - Setting next_dagrun for example_task_group to 2023-10-09T17:43:10.656040+00:00, run_after=2023-10-10T17:43:10.656040+00:00
[2023-10-10T17:43:10.685+0000] {processor.py:179} INFO - Processing /home/airflow/.local/lib/python3.7/site-packages/airflow/example_dags/example_task_group.py took 0.127 seconds
[2023-10-10T17:43:40.718+0000] {processor.py:157} INFO - Started process (PID=1257) to work on /home/airflow/.local/lib/python3.7/site-packages/airflow/example_dags/example_task_group.py
[2023-10-10T17:43:40.720+0000] {processor.py:826} INFO - Processing file /home/airflow/.local/lib/python3.7/site-packages/airflow/example_dags/example_task_group.py for tasks to queue
[2023-10-10T17:43:40.722+0000] {logging_mixin.py:150} INFO - [2023-10-10T17:43:40.721+0000] {dagbag.py:541} INFO - Filling up the DagBag from /home/airflow/.local/lib/python3.7/site-packages/airflow/example_dags/example_task_group.py
[2023-10-10T17:43:40.734+0000] {processor.py:836} INFO - DAG(s) dict_keys(['example_task_group']) retrieved from /home/airflow/.local/lib/python3.7/site-packages/airflow/example_dags/example_task_group.py
[2023-10-10T17:43:40.771+0000] {logging_mixin.py:150} INFO - [2023-10-10T17:43:40.771+0000] {dag.py:2742} INFO - Sync 1 DAGs
[2023-10-10T17:43:40.806+0000] {logging_mixin.py:150} INFO - [2023-10-10T17:43:40.805+0000] {dag.py:3508} INFO - Setting next_dagrun for example_task_group to 2023-10-09T17:43:40.805615+00:00, run_after=2023-10-10T17:43:40.805615+00:00
[2023-10-10T17:43:40.833+0000] {processor.py:179} INFO - Processing /home/airflow/.local/lib/python3.7/site-packages/airflow/example_dags/example_task_group.py took 0.120 seconds
[2023-10-10T17:44:11.047+0000] {processor.py:157} INFO - Started process (PID=1337) to work on /home/airflow/.local/lib/python3.7/site-packages/airflow/example_dags/example_task_group.py
[2023-10-10T17:44:11.050+0000] {processor.py:826} INFO - Processing file /home/airflow/.local/lib/python3.7/site-packages/airflow/example_dags/example_task_group.py for tasks to queue
[2023-10-10T17:44:11.052+0000] {logging_mixin.py:150} INFO - [2023-10-10T17:44:11.052+0000] {dagbag.py:541} INFO - Filling up the DagBag from /home/airflow/.local/lib/python3.7/site-packages/airflow/example_dags/example_task_group.py
[2023-10-10T17:44:11.065+0000] {processor.py:836} INFO - DAG(s) dict_keys(['example_task_group']) retrieved from /home/airflow/.local/lib/python3.7/site-packages/airflow/example_dags/example_task_group.py
[2023-10-10T17:44:11.100+0000] {logging_mixin.py:150} INFO - [2023-10-10T17:44:11.100+0000] {dag.py:2742} INFO - Sync 1 DAGs
[2023-10-10T17:44:11.137+0000] {logging_mixin.py:150} INFO - [2023-10-10T17:44:11.137+0000] {dag.py:3508} INFO - Setting next_dagrun for example_task_group to 2023-10-09T17:44:11.136858+00:00, run_after=2023-10-10T17:44:11.136858+00:00
[2023-10-10T17:44:11.173+0000] {processor.py:179} INFO - Processing /home/airflow/.local/lib/python3.7/site-packages/airflow/example_dags/example_task_group.py took 0.132 seconds
[2023-10-10T17:44:41.433+0000] {processor.py:157} INFO - Started process (PID=1426) to work on /home/airflow/.local/lib/python3.7/site-packages/airflow/example_dags/example_task_group.py
[2023-10-10T17:44:41.435+0000] {processor.py:826} INFO - Processing file /home/airflow/.local/lib/python3.7/site-packages/airflow/example_dags/example_task_group.py for tasks to queue
[2023-10-10T17:44:41.438+0000] {logging_mixin.py:150} INFO - [2023-10-10T17:44:41.437+0000] {dagbag.py:541} INFO - Filling up the DagBag from /home/airflow/.local/lib/python3.7/site-packages/airflow/example_dags/example_task_group.py
[2023-10-10T17:44:41.452+0000] {processor.py:836} INFO - DAG(s) dict_keys(['example_task_group']) retrieved from /home/airflow/.local/lib/python3.7/site-packages/airflow/example_dags/example_task_group.py
[2023-10-10T17:44:41.498+0000] {logging_mixin.py:150} INFO - [2023-10-10T17:44:41.497+0000] {dag.py:2742} INFO - Sync 1 DAGs
[2023-10-10T17:44:41.551+0000] {logging_mixin.py:150} INFO - [2023-10-10T17:44:41.551+0000] {dag.py:3508} INFO - Setting next_dagrun for example_task_group to 2023-10-09T17:44:41.550661+00:00, run_after=2023-10-10T17:44:41.550661+00:00
[2023-10-10T17:44:41.597+0000] {processor.py:179} INFO - Processing /home/airflow/.local/lib/python3.7/site-packages/airflow/example_dags/example_task_group.py took 0.171 seconds
[2023-10-10T17:45:11.814+0000] {processor.py:157} INFO - Started process (PID=1506) to work on /home/airflow/.local/lib/python3.7/site-packages/airflow/example_dags/example_task_group.py
[2023-10-10T17:45:11.816+0000] {processor.py:826} INFO - Processing file /home/airflow/.local/lib/python3.7/site-packages/airflow/example_dags/example_task_group.py for tasks to queue
[2023-10-10T17:45:11.818+0000] {logging_mixin.py:150} INFO - [2023-10-10T17:45:11.817+0000] {dagbag.py:541} INFO - Filling up the DagBag from /home/airflow/.local/lib/python3.7/site-packages/airflow/example_dags/example_task_group.py
[2023-10-10T17:45:11.829+0000] {processor.py:836} INFO - DAG(s) dict_keys(['example_task_group']) retrieved from /home/airflow/.local/lib/python3.7/site-packages/airflow/example_dags/example_task_group.py
[2023-10-10T17:45:11.860+0000] {logging_mixin.py:150} INFO - [2023-10-10T17:45:11.860+0000] {dag.py:2742} INFO - Sync 1 DAGs
[2023-10-10T17:45:11.892+0000] {logging_mixin.py:150} INFO - [2023-10-10T17:45:11.891+0000] {dag.py:3508} INFO - Setting next_dagrun for example_task_group to 2023-10-09T17:45:11.891675+00:00, run_after=2023-10-10T17:45:11.891675+00:00
[2023-10-10T17:45:11.915+0000] {processor.py:179} INFO - Processing /home/airflow/.local/lib/python3.7/site-packages/airflow/example_dags/example_task_group.py took 0.105 seconds
[2023-10-10T17:45:42.192+0000] {processor.py:157} INFO - Started process (PID=1587) to work on /home/airflow/.local/lib/python3.7/site-packages/airflow/example_dags/example_task_group.py
[2023-10-10T17:45:42.194+0000] {processor.py:826} INFO - Processing file /home/airflow/.local/lib/python3.7/site-packages/airflow/example_dags/example_task_group.py for tasks to queue
[2023-10-10T17:45:42.197+0000] {logging_mixin.py:150} INFO - [2023-10-10T17:45:42.196+0000] {dagbag.py:541} INFO - Filling up the DagBag from /home/airflow/.local/lib/python3.7/site-packages/airflow/example_dags/example_task_group.py
[2023-10-10T17:45:42.211+0000] {processor.py:836} INFO - DAG(s) dict_keys(['example_task_group']) retrieved from /home/airflow/.local/lib/python3.7/site-packages/airflow/example_dags/example_task_group.py
[2023-10-10T17:45:42.250+0000] {logging_mixin.py:150} INFO - [2023-10-10T17:45:42.250+0000] {dag.py:2742} INFO - Sync 1 DAGs
[2023-10-10T17:45:42.289+0000] {logging_mixin.py:150} INFO - [2023-10-10T17:45:42.288+0000] {dag.py:3508} INFO - Setting next_dagrun for example_task_group to 2023-10-09T17:45:42.288539+00:00, run_after=2023-10-10T17:45:42.288539+00:00
[2023-10-10T17:45:42.320+0000] {processor.py:179} INFO - Processing /home/airflow/.local/lib/python3.7/site-packages/airflow/example_dags/example_task_group.py took 0.133 seconds
[2023-10-10T17:46:12.548+0000] {processor.py:157} INFO - Started process (PID=1676) to work on /home/airflow/.local/lib/python3.7/site-packages/airflow/example_dags/example_task_group.py
[2023-10-10T17:46:12.550+0000] {processor.py:826} INFO - Processing file /home/airflow/.local/lib/python3.7/site-packages/airflow/example_dags/example_task_group.py for tasks to queue
[2023-10-10T17:46:12.552+0000] {logging_mixin.py:150} INFO - [2023-10-10T17:46:12.552+0000] {dagbag.py:541} INFO - Filling up the DagBag from /home/airflow/.local/lib/python3.7/site-packages/airflow/example_dags/example_task_group.py
[2023-10-10T17:46:12.565+0000] {processor.py:836} INFO - DAG(s) dict_keys(['example_task_group']) retrieved from /home/airflow/.local/lib/python3.7/site-packages/airflow/example_dags/example_task_group.py
[2023-10-10T17:46:12.602+0000] {logging_mixin.py:150} INFO - [2023-10-10T17:46:12.602+0000] {dag.py:2742} INFO - Sync 1 DAGs
[2023-10-10T17:46:12.638+0000] {logging_mixin.py:150} INFO - [2023-10-10T17:46:12.638+0000] {dag.py:3508} INFO - Setting next_dagrun for example_task_group to 2023-10-09T17:46:12.637770+00:00, run_after=2023-10-10T17:46:12.637770+00:00
[2023-10-10T17:46:12.671+0000] {processor.py:179} INFO - Processing /home/airflow/.local/lib/python3.7/site-packages/airflow/example_dags/example_task_group.py took 0.128 seconds
[2023-10-10T17:46:43.068+0000] {processor.py:157} INFO - Started process (PID=1756) to work on /home/airflow/.local/lib/python3.7/site-packages/airflow/example_dags/example_task_group.py
[2023-10-10T17:46:43.071+0000] {processor.py:826} INFO - Processing file /home/airflow/.local/lib/python3.7/site-packages/airflow/example_dags/example_task_group.py for tasks to queue
[2023-10-10T17:46:43.073+0000] {logging_mixin.py:150} INFO - [2023-10-10T17:46:43.072+0000] {dagbag.py:541} INFO - Filling up the DagBag from /home/airflow/.local/lib/python3.7/site-packages/airflow/example_dags/example_task_group.py
[2023-10-10T17:46:43.087+0000] {processor.py:836} INFO - DAG(s) dict_keys(['example_task_group']) retrieved from /home/airflow/.local/lib/python3.7/site-packages/airflow/example_dags/example_task_group.py
[2023-10-10T17:46:43.128+0000] {logging_mixin.py:150} INFO - [2023-10-10T17:46:43.128+0000] {dag.py:2742} INFO - Sync 1 DAGs
[2023-10-10T17:46:43.167+0000] {logging_mixin.py:150} INFO - [2023-10-10T17:46:43.167+0000] {dag.py:3508} INFO - Setting next_dagrun for example_task_group to 2023-10-09T17:46:43.166748+00:00, run_after=2023-10-10T17:46:43.166748+00:00
[2023-10-10T17:46:43.196+0000] {processor.py:179} INFO - Processing /home/airflow/.local/lib/python3.7/site-packages/airflow/example_dags/example_task_group.py took 0.134 seconds
[2023-10-10T17:47:13.382+0000] {processor.py:157} INFO - Started process (PID=1845) to work on /home/airflow/.local/lib/python3.7/site-packages/airflow/example_dags/example_task_group.py
[2023-10-10T17:47:13.384+0000] {processor.py:826} INFO - Processing file /home/airflow/.local/lib/python3.7/site-packages/airflow/example_dags/example_task_group.py for tasks to queue
[2023-10-10T17:47:13.387+0000] {logging_mixin.py:150} INFO - [2023-10-10T17:47:13.386+0000] {dagbag.py:541} INFO - Filling up the DagBag from /home/airflow/.local/lib/python3.7/site-packages/airflow/example_dags/example_task_group.py
[2023-10-10T17:47:13.400+0000] {processor.py:836} INFO - DAG(s) dict_keys(['example_task_group']) retrieved from /home/airflow/.local/lib/python3.7/site-packages/airflow/example_dags/example_task_group.py
[2023-10-10T17:47:13.445+0000] {logging_mixin.py:150} INFO - [2023-10-10T17:47:13.445+0000] {dag.py:2742} INFO - Sync 1 DAGs
[2023-10-10T17:47:13.485+0000] {logging_mixin.py:150} INFO - [2023-10-10T17:47:13.485+0000] {dag.py:3508} INFO - Setting next_dagrun for example_task_group to 2023-10-09T17:47:13.485432+00:00, run_after=2023-10-10T17:47:13.485432+00:00
[2023-10-10T17:47:13.509+0000] {processor.py:179} INFO - Processing /home/airflow/.local/lib/python3.7/site-packages/airflow/example_dags/example_task_group.py took 0.133 seconds
[2023-10-10T17:47:43.654+0000] {processor.py:157} INFO - Started process (PID=1925) to work on /home/airflow/.local/lib/python3.7/site-packages/airflow/example_dags/example_task_group.py
[2023-10-10T17:47:43.656+0000] {processor.py:826} INFO - Processing file /home/airflow/.local/lib/python3.7/site-packages/airflow/example_dags/example_task_group.py for tasks to queue
[2023-10-10T17:47:43.658+0000] {logging_mixin.py:150} INFO - [2023-10-10T17:47:43.658+0000] {dagbag.py:541} INFO - Filling up the DagBag from /home/airflow/.local/lib/python3.7/site-packages/airflow/example_dags/example_task_group.py
[2023-10-10T17:47:43.674+0000] {processor.py:836} INFO - DAG(s) dict_keys(['example_task_group']) retrieved from /home/airflow/.local/lib/python3.7/site-packages/airflow/example_dags/example_task_group.py
[2023-10-10T17:47:43.720+0000] {logging_mixin.py:150} INFO - [2023-10-10T17:47:43.720+0000] {dag.py:2742} INFO - Sync 1 DAGs
[2023-10-10T17:47:43.771+0000] {logging_mixin.py:150} INFO - [2023-10-10T17:47:43.771+0000] {dag.py:3508} INFO - Setting next_dagrun for example_task_group to 2023-10-09T17:47:43.770958+00:00, run_after=2023-10-10T17:47:43.770958+00:00
[2023-10-10T17:47:43.814+0000] {processor.py:179} INFO - Processing /home/airflow/.local/lib/python3.7/site-packages/airflow/example_dags/example_task_group.py took 0.166 seconds
[2023-10-10T17:48:14.780+0000] {processor.py:157} INFO - Started process (PID=2014) to work on /home/airflow/.local/lib/python3.7/site-packages/airflow/example_dags/example_task_group.py
[2023-10-10T17:48:14.783+0000] {processor.py:826} INFO - Processing file /home/airflow/.local/lib/python3.7/site-packages/airflow/example_dags/example_task_group.py for tasks to queue
[2023-10-10T17:48:14.785+0000] {logging_mixin.py:150} INFO - [2023-10-10T17:48:14.785+0000] {dagbag.py:541} INFO - Filling up the DagBag from /home/airflow/.local/lib/python3.7/site-packages/airflow/example_dags/example_task_group.py
[2023-10-10T17:48:14.801+0000] {processor.py:836} INFO - DAG(s) dict_keys(['example_task_group']) retrieved from /home/airflow/.local/lib/python3.7/site-packages/airflow/example_dags/example_task_group.py
[2023-10-10T17:48:14.887+0000] {logging_mixin.py:150} INFO - [2023-10-10T17:48:14.886+0000] {dag.py:2742} INFO - Sync 1 DAGs
[2023-10-10T17:48:15.029+0000] {logging_mixin.py:150} INFO - [2023-10-10T17:48:15.029+0000] {dag.py:3508} INFO - Setting next_dagrun for example_task_group to 2023-10-09T17:48:15.028812+00:00, run_after=2023-10-10T17:48:15.028812+00:00
[2023-10-10T17:48:15.092+0000] {processor.py:179} INFO - Processing /home/airflow/.local/lib/python3.7/site-packages/airflow/example_dags/example_task_group.py took 0.319 seconds
[2023-10-10T17:48:45.950+0000] {processor.py:157} INFO - Started process (PID=2097) to work on /home/airflow/.local/lib/python3.7/site-packages/airflow/example_dags/example_task_group.py
[2023-10-10T17:48:45.954+0000] {processor.py:826} INFO - Processing file /home/airflow/.local/lib/python3.7/site-packages/airflow/example_dags/example_task_group.py for tasks to queue
[2023-10-10T17:48:45.957+0000] {logging_mixin.py:150} INFO - [2023-10-10T17:48:45.956+0000] {dagbag.py:541} INFO - Filling up the DagBag from /home/airflow/.local/lib/python3.7/site-packages/airflow/example_dags/example_task_group.py
[2023-10-10T17:48:45.976+0000] {processor.py:836} INFO - DAG(s) dict_keys(['example_task_group']) retrieved from /home/airflow/.local/lib/python3.7/site-packages/airflow/example_dags/example_task_group.py
[2023-10-10T17:48:46.023+0000] {logging_mixin.py:150} INFO - [2023-10-10T17:48:46.022+0000] {dag.py:2742} INFO - Sync 1 DAGs
[2023-10-10T17:48:46.074+0000] {logging_mixin.py:150} INFO - [2023-10-10T17:48:46.074+0000] {dag.py:3508} INFO - Setting next_dagrun for example_task_group to 2023-10-09T17:48:46.074154+00:00, run_after=2023-10-10T17:48:46.074154+00:00
[2023-10-10T17:48:46.123+0000] {processor.py:179} INFO - Processing /home/airflow/.local/lib/python3.7/site-packages/airflow/example_dags/example_task_group.py took 0.181 seconds
[2023-10-10T17:49:16.330+0000] {processor.py:157} INFO - Started process (PID=2190) to work on /home/airflow/.local/lib/python3.7/site-packages/airflow/example_dags/example_task_group.py
[2023-10-10T17:49:16.333+0000] {processor.py:826} INFO - Processing file /home/airflow/.local/lib/python3.7/site-packages/airflow/example_dags/example_task_group.py for tasks to queue
[2023-10-10T17:49:16.335+0000] {logging_mixin.py:150} INFO - [2023-10-10T17:49:16.334+0000] {dagbag.py:541} INFO - Filling up the DagBag from /home/airflow/.local/lib/python3.7/site-packages/airflow/example_dags/example_task_group.py
[2023-10-10T17:49:16.348+0000] {processor.py:836} INFO - DAG(s) dict_keys(['example_task_group']) retrieved from /home/airflow/.local/lib/python3.7/site-packages/airflow/example_dags/example_task_group.py
[2023-10-10T17:49:16.388+0000] {logging_mixin.py:150} INFO - [2023-10-10T17:49:16.388+0000] {dag.py:2742} INFO - Sync 1 DAGs
[2023-10-10T17:49:16.430+0000] {logging_mixin.py:150} INFO - [2023-10-10T17:49:16.430+0000] {dag.py:3508} INFO - Setting next_dagrun for example_task_group to 2023-10-09T17:49:16.430237+00:00, run_after=2023-10-10T17:49:16.430237+00:00
[2023-10-10T17:49:16.458+0000] {processor.py:179} INFO - Processing /home/airflow/.local/lib/python3.7/site-packages/airflow/example_dags/example_task_group.py took 0.134 seconds
[2023-10-10T17:49:46.974+0000] {processor.py:157} INFO - Started process (PID=2270) to work on /home/airflow/.local/lib/python3.7/site-packages/airflow/example_dags/example_task_group.py
[2023-10-10T17:49:46.976+0000] {processor.py:826} INFO - Processing file /home/airflow/.local/lib/python3.7/site-packages/airflow/example_dags/example_task_group.py for tasks to queue
[2023-10-10T17:49:46.978+0000] {logging_mixin.py:150} INFO - [2023-10-10T17:49:46.977+0000] {dagbag.py:541} INFO - Filling up the DagBag from /home/airflow/.local/lib/python3.7/site-packages/airflow/example_dags/example_task_group.py
[2023-10-10T17:49:46.989+0000] {processor.py:836} INFO - DAG(s) dict_keys(['example_task_group']) retrieved from /home/airflow/.local/lib/python3.7/site-packages/airflow/example_dags/example_task_group.py
[2023-10-10T17:49:47.023+0000] {logging_mixin.py:150} INFO - [2023-10-10T17:49:47.023+0000] {dag.py:2742} INFO - Sync 1 DAGs
[2023-10-10T17:49:47.056+0000] {logging_mixin.py:150} INFO - [2023-10-10T17:49:47.056+0000] {dag.py:3508} INFO - Setting next_dagrun for example_task_group to 2023-10-09T17:49:47.056378+00:00, run_after=2023-10-10T17:49:47.056378+00:00
[2023-10-10T17:49:47.084+0000] {processor.py:179} INFO - Processing /home/airflow/.local/lib/python3.7/site-packages/airflow/example_dags/example_task_group.py took 0.115 seconds
[2023-10-10T17:50:17.496+0000] {processor.py:157} INFO - Started process (PID=2360) to work on /home/airflow/.local/lib/python3.7/site-packages/airflow/example_dags/example_task_group.py
[2023-10-10T17:50:17.498+0000] {processor.py:826} INFO - Processing file /home/airflow/.local/lib/python3.7/site-packages/airflow/example_dags/example_task_group.py for tasks to queue
[2023-10-10T17:50:17.500+0000] {logging_mixin.py:150} INFO - [2023-10-10T17:50:17.500+0000] {dagbag.py:541} INFO - Filling up the DagBag from /home/airflow/.local/lib/python3.7/site-packages/airflow/example_dags/example_task_group.py
[2023-10-10T17:50:17.513+0000] {processor.py:836} INFO - DAG(s) dict_keys(['example_task_group']) retrieved from /home/airflow/.local/lib/python3.7/site-packages/airflow/example_dags/example_task_group.py
[2023-10-10T17:50:17.572+0000] {logging_mixin.py:150} INFO - [2023-10-10T17:50:17.572+0000] {dag.py:2742} INFO - Sync 1 DAGs
[2023-10-10T17:50:17.614+0000] {logging_mixin.py:150} INFO - [2023-10-10T17:50:17.613+0000] {dag.py:3508} INFO - Setting next_dagrun for example_task_group to 2023-10-09T17:50:17.613423+00:00, run_after=2023-10-10T17:50:17.613423+00:00
[2023-10-10T17:50:17.658+0000] {processor.py:179} INFO - Processing /home/airflow/.local/lib/python3.7/site-packages/airflow/example_dags/example_task_group.py took 0.167 seconds
[2023-10-10T17:50:47.753+0000] {processor.py:157} INFO - Started process (PID=2441) to work on /home/airflow/.local/lib/python3.7/site-packages/airflow/example_dags/example_task_group.py
[2023-10-10T17:50:47.755+0000] {processor.py:826} INFO - Processing file /home/airflow/.local/lib/python3.7/site-packages/airflow/example_dags/example_task_group.py for tasks to queue
[2023-10-10T17:50:47.758+0000] {logging_mixin.py:150} INFO - [2023-10-10T17:50:47.757+0000] {dagbag.py:541} INFO - Filling up the DagBag from /home/airflow/.local/lib/python3.7/site-packages/airflow/example_dags/example_task_group.py
[2023-10-10T17:50:47.775+0000] {processor.py:836} INFO - DAG(s) dict_keys(['example_task_group']) retrieved from /home/airflow/.local/lib/python3.7/site-packages/airflow/example_dags/example_task_group.py
[2023-10-10T17:50:47.808+0000] {logging_mixin.py:150} INFO - [2023-10-10T17:50:47.808+0000] {dag.py:2742} INFO - Sync 1 DAGs
[2023-10-10T17:50:47.842+0000] {logging_mixin.py:150} INFO - [2023-10-10T17:50:47.841+0000] {dag.py:3508} INFO - Setting next_dagrun for example_task_group to 2023-10-09T17:50:47.841656+00:00, run_after=2023-10-10T17:50:47.841656+00:00
[2023-10-10T17:50:47.870+0000] {processor.py:179} INFO - Processing /home/airflow/.local/lib/python3.7/site-packages/airflow/example_dags/example_task_group.py took 0.122 seconds
[2023-10-10T17:51:18.036+0000] {processor.py:157} INFO - Started process (PID=2528) to work on /home/airflow/.local/lib/python3.7/site-packages/airflow/example_dags/example_task_group.py
[2023-10-10T17:51:18.038+0000] {processor.py:826} INFO - Processing file /home/airflow/.local/lib/python3.7/site-packages/airflow/example_dags/example_task_group.py for tasks to queue
[2023-10-10T17:51:18.040+0000] {logging_mixin.py:150} INFO - [2023-10-10T17:51:18.040+0000] {dagbag.py:541} INFO - Filling up the DagBag from /home/airflow/.local/lib/python3.7/site-packages/airflow/example_dags/example_task_group.py
[2023-10-10T17:51:18.052+0000] {processor.py:836} INFO - DAG(s) dict_keys(['example_task_group']) retrieved from /home/airflow/.local/lib/python3.7/site-packages/airflow/example_dags/example_task_group.py
[2023-10-10T17:51:18.085+0000] {logging_mixin.py:150} INFO - [2023-10-10T17:51:18.085+0000] {dag.py:2742} INFO - Sync 1 DAGs
[2023-10-10T17:51:18.119+0000] {logging_mixin.py:150} INFO - [2023-10-10T17:51:18.119+0000] {dag.py:3508} INFO - Setting next_dagrun for example_task_group to 2023-10-09T17:51:18.118923+00:00, run_after=2023-10-10T17:51:18.118923+00:00
[2023-10-10T17:51:18.144+0000] {processor.py:179} INFO - Processing /home/airflow/.local/lib/python3.7/site-packages/airflow/example_dags/example_task_group.py took 0.113 seconds
[2023-10-10T17:51:48.882+0000] {processor.py:157} INFO - Started process (PID=2614) to work on /home/airflow/.local/lib/python3.7/site-packages/airflow/example_dags/example_task_group.py
[2023-10-10T17:51:48.884+0000] {processor.py:826} INFO - Processing file /home/airflow/.local/lib/python3.7/site-packages/airflow/example_dags/example_task_group.py for tasks to queue
[2023-10-10T17:51:48.886+0000] {logging_mixin.py:150} INFO - [2023-10-10T17:51:48.886+0000] {dagbag.py:541} INFO - Filling up the DagBag from /home/airflow/.local/lib/python3.7/site-packages/airflow/example_dags/example_task_group.py
[2023-10-10T17:51:48.900+0000] {processor.py:836} INFO - DAG(s) dict_keys(['example_task_group']) retrieved from /home/airflow/.local/lib/python3.7/site-packages/airflow/example_dags/example_task_group.py
[2023-10-10T17:51:48.944+0000] {logging_mixin.py:150} INFO - [2023-10-10T17:51:48.944+0000] {dag.py:2742} INFO - Sync 1 DAGs
[2023-10-10T17:51:48.979+0000] {logging_mixin.py:150} INFO - [2023-10-10T17:51:48.978+0000] {dag.py:3508} INFO - Setting next_dagrun for example_task_group to 2023-10-09T17:51:48.978493+00:00, run_after=2023-10-10T17:51:48.978493+00:00
[2023-10-10T17:51:49.004+0000] {processor.py:179} INFO - Processing /home/airflow/.local/lib/python3.7/site-packages/airflow/example_dags/example_task_group.py took 0.127 seconds
[2023-10-10T17:52:19.128+0000] {processor.py:157} INFO - Started process (PID=2695) to work on /home/airflow/.local/lib/python3.7/site-packages/airflow/example_dags/example_task_group.py
[2023-10-10T17:52:19.130+0000] {processor.py:826} INFO - Processing file /home/airflow/.local/lib/python3.7/site-packages/airflow/example_dags/example_task_group.py for tasks to queue
[2023-10-10T17:52:19.132+0000] {logging_mixin.py:150} INFO - [2023-10-10T17:52:19.131+0000] {dagbag.py:541} INFO - Filling up the DagBag from /home/airflow/.local/lib/python3.7/site-packages/airflow/example_dags/example_task_group.py
[2023-10-10T17:52:19.143+0000] {processor.py:836} INFO - DAG(s) dict_keys(['example_task_group']) retrieved from /home/airflow/.local/lib/python3.7/site-packages/airflow/example_dags/example_task_group.py
[2023-10-10T17:52:19.174+0000] {logging_mixin.py:150} INFO - [2023-10-10T17:52:19.174+0000] {dag.py:2742} INFO - Sync 1 DAGs
[2023-10-10T17:52:19.207+0000] {logging_mixin.py:150} INFO - [2023-10-10T17:52:19.206+0000] {dag.py:3508} INFO - Setting next_dagrun for example_task_group to 2023-10-09T17:52:19.206568+00:00, run_after=2023-10-10T17:52:19.206568+00:00
[2023-10-10T17:52:19.231+0000] {processor.py:179} INFO - Processing /home/airflow/.local/lib/python3.7/site-packages/airflow/example_dags/example_task_group.py took 0.108 seconds
[2023-10-10T17:52:49.621+0000] {processor.py:157} INFO - Started process (PID=2785) to work on /home/airflow/.local/lib/python3.7/site-packages/airflow/example_dags/example_task_group.py
[2023-10-10T17:52:49.624+0000] {processor.py:826} INFO - Processing file /home/airflow/.local/lib/python3.7/site-packages/airflow/example_dags/example_task_group.py for tasks to queue
[2023-10-10T17:52:49.626+0000] {logging_mixin.py:150} INFO - [2023-10-10T17:52:49.626+0000] {dagbag.py:541} INFO - Filling up the DagBag from /home/airflow/.local/lib/python3.7/site-packages/airflow/example_dags/example_task_group.py
[2023-10-10T17:52:49.639+0000] {processor.py:836} INFO - DAG(s) dict_keys(['example_task_group']) retrieved from /home/airflow/.local/lib/python3.7/site-packages/airflow/example_dags/example_task_group.py
[2023-10-10T17:52:49.675+0000] {logging_mixin.py:150} INFO - [2023-10-10T17:52:49.675+0000] {dag.py:2742} INFO - Sync 1 DAGs
[2023-10-10T17:52:49.710+0000] {logging_mixin.py:150} INFO - [2023-10-10T17:52:49.709+0000] {dag.py:3508} INFO - Setting next_dagrun for example_task_group to 2023-10-09T17:52:49.709508+00:00, run_after=2023-10-10T17:52:49.709508+00:00
[2023-10-10T17:52:49.734+0000] {processor.py:179} INFO - Processing /home/airflow/.local/lib/python3.7/site-packages/airflow/example_dags/example_task_group.py took 0.118 seconds
[2023-10-10T17:53:20.108+0000] {processor.py:157} INFO - Started process (PID=2869) to work on /home/airflow/.local/lib/python3.7/site-packages/airflow/example_dags/example_task_group.py
[2023-10-10T17:53:20.110+0000] {processor.py:826} INFO - Processing file /home/airflow/.local/lib/python3.7/site-packages/airflow/example_dags/example_task_group.py for tasks to queue
[2023-10-10T17:53:20.111+0000] {logging_mixin.py:150} INFO - [2023-10-10T17:53:20.111+0000] {dagbag.py:541} INFO - Filling up the DagBag from /home/airflow/.local/lib/python3.7/site-packages/airflow/example_dags/example_task_group.py
[2023-10-10T17:53:20.122+0000] {processor.py:836} INFO - DAG(s) dict_keys(['example_task_group']) retrieved from /home/airflow/.local/lib/python3.7/site-packages/airflow/example_dags/example_task_group.py
[2023-10-10T17:53:20.155+0000] {logging_mixin.py:150} INFO - [2023-10-10T17:53:20.154+0000] {dag.py:2742} INFO - Sync 1 DAGs
[2023-10-10T17:53:20.186+0000] {logging_mixin.py:150} INFO - [2023-10-10T17:53:20.186+0000] {dag.py:3508} INFO - Setting next_dagrun for example_task_group to 2023-10-09T17:53:20.185923+00:00, run_after=2023-10-10T17:53:20.185923+00:00
[2023-10-10T17:53:20.209+0000] {processor.py:179} INFO - Processing /home/airflow/.local/lib/python3.7/site-packages/airflow/example_dags/example_task_group.py took 0.106 seconds
[2023-10-10T17:53:50.644+0000] {processor.py:157} INFO - Started process (PID=2959) to work on /home/airflow/.local/lib/python3.7/site-packages/airflow/example_dags/example_task_group.py
[2023-10-10T17:53:50.647+0000] {processor.py:826} INFO - Processing file /home/airflow/.local/lib/python3.7/site-packages/airflow/example_dags/example_task_group.py for tasks to queue
[2023-10-10T17:53:50.649+0000] {logging_mixin.py:150} INFO - [2023-10-10T17:53:50.648+0000] {dagbag.py:541} INFO - Filling up the DagBag from /home/airflow/.local/lib/python3.7/site-packages/airflow/example_dags/example_task_group.py
[2023-10-10T17:53:50.667+0000] {processor.py:836} INFO - DAG(s) dict_keys(['example_task_group']) retrieved from /home/airflow/.local/lib/python3.7/site-packages/airflow/example_dags/example_task_group.py
[2023-10-10T17:53:50.721+0000] {logging_mixin.py:150} INFO - [2023-10-10T17:53:50.720+0000] {dag.py:2742} INFO - Sync 1 DAGs
[2023-10-10T17:53:50.768+0000] {logging_mixin.py:150} INFO - [2023-10-10T17:53:50.768+0000] {dag.py:3508} INFO - Setting next_dagrun for example_task_group to 2023-10-09T17:53:50.767629+00:00, run_after=2023-10-10T17:53:50.767629+00:00
[2023-10-10T17:53:50.802+0000] {processor.py:179} INFO - Processing /home/airflow/.local/lib/python3.7/site-packages/airflow/example_dags/example_task_group.py took 0.165 seconds
[2023-10-10T17:54:20.831+0000] {processor.py:157} INFO - Started process (PID=3039) to work on /home/airflow/.local/lib/python3.7/site-packages/airflow/example_dags/example_task_group.py
[2023-10-10T17:54:20.833+0000] {processor.py:826} INFO - Processing file /home/airflow/.local/lib/python3.7/site-packages/airflow/example_dags/example_task_group.py for tasks to queue
[2023-10-10T17:54:20.835+0000] {logging_mixin.py:150} INFO - [2023-10-10T17:54:20.834+0000] {dagbag.py:541} INFO - Filling up the DagBag from /home/airflow/.local/lib/python3.7/site-packages/airflow/example_dags/example_task_group.py
[2023-10-10T17:54:20.847+0000] {processor.py:836} INFO - DAG(s) dict_keys(['example_task_group']) retrieved from /home/airflow/.local/lib/python3.7/site-packages/airflow/example_dags/example_task_group.py
[2023-10-10T17:54:20.878+0000] {logging_mixin.py:150} INFO - [2023-10-10T17:54:20.878+0000] {dag.py:2742} INFO - Sync 1 DAGs
[2023-10-10T17:54:20.910+0000] {logging_mixin.py:150} INFO - [2023-10-10T17:54:20.910+0000] {dag.py:3508} INFO - Setting next_dagrun for example_task_group to 2023-10-09T17:54:20.910302+00:00, run_after=2023-10-10T17:54:20.910302+00:00
[2023-10-10T17:54:20.932+0000] {processor.py:179} INFO - Processing /home/airflow/.local/lib/python3.7/site-packages/airflow/example_dags/example_task_group.py took 0.105 seconds
[2023-10-10T17:54:52.467+0000] {processor.py:157} INFO - Started process (PID=3142) to work on /home/airflow/.local/lib/python3.7/site-packages/airflow/example_dags/example_task_group.py
[2023-10-10T17:54:52.470+0000] {processor.py:826} INFO - Processing file /home/airflow/.local/lib/python3.7/site-packages/airflow/example_dags/example_task_group.py for tasks to queue
[2023-10-10T17:54:52.476+0000] {logging_mixin.py:150} INFO - [2023-10-10T17:54:52.473+0000] {dagbag.py:541} INFO - Filling up the DagBag from /home/airflow/.local/lib/python3.7/site-packages/airflow/example_dags/example_task_group.py
[2023-10-10T17:54:52.501+0000] {processor.py:836} INFO - DAG(s) dict_keys(['example_task_group']) retrieved from /home/airflow/.local/lib/python3.7/site-packages/airflow/example_dags/example_task_group.py
[2023-10-10T17:54:52.612+0000] {logging_mixin.py:150} INFO - [2023-10-10T17:54:52.612+0000] {dag.py:2742} INFO - Sync 1 DAGs
[2023-10-10T17:54:52.696+0000] {logging_mixin.py:150} INFO - [2023-10-10T17:54:52.695+0000] {dag.py:3508} INFO - Setting next_dagrun for example_task_group to 2023-10-09T17:54:52.694905+00:00, run_after=2023-10-10T17:54:52.694905+00:00
[2023-10-10T17:54:52.753+0000] {processor.py:179} INFO - Processing /home/airflow/.local/lib/python3.7/site-packages/airflow/example_dags/example_task_group.py took 0.293 seconds
[2023-10-10T17:56:03.550+0000] {processor.py:157} INFO - Started process (PID=3224) to work on /home/airflow/.local/lib/python3.7/site-packages/airflow/example_dags/example_task_group.py
[2023-10-10T17:56:03.554+0000] {processor.py:826} INFO - Processing file /home/airflow/.local/lib/python3.7/site-packages/airflow/example_dags/example_task_group.py for tasks to queue
[2023-10-10T17:56:03.558+0000] {logging_mixin.py:150} INFO - [2023-10-10T17:56:03.557+0000] {dagbag.py:541} INFO - Filling up the DagBag from /home/airflow/.local/lib/python3.7/site-packages/airflow/example_dags/example_task_group.py
[2023-10-10T17:56:03.576+0000] {processor.py:836} INFO - DAG(s) dict_keys(['example_task_group']) retrieved from /home/airflow/.local/lib/python3.7/site-packages/airflow/example_dags/example_task_group.py
[2023-10-10T17:56:03.624+0000] {logging_mixin.py:150} INFO - [2023-10-10T17:56:03.624+0000] {dag.py:2742} INFO - Sync 1 DAGs
[2023-10-10T17:56:03.689+0000] {logging_mixin.py:150} INFO - [2023-10-10T17:56:03.689+0000] {dag.py:3508} INFO - Setting next_dagrun for example_task_group to 2023-10-09T17:56:03.689145+00:00, run_after=2023-10-10T17:56:03.689145+00:00
[2023-10-10T17:56:03.733+0000] {processor.py:179} INFO - Processing /home/airflow/.local/lib/python3.7/site-packages/airflow/example_dags/example_task_group.py took 0.190 seconds
[2023-10-10T17:56:34.629+0000] {processor.py:157} INFO - Started process (PID=3305) to work on /home/airflow/.local/lib/python3.7/site-packages/airflow/example_dags/example_task_group.py
[2023-10-10T17:56:34.633+0000] {processor.py:826} INFO - Processing file /home/airflow/.local/lib/python3.7/site-packages/airflow/example_dags/example_task_group.py for tasks to queue
[2023-10-10T17:56:34.638+0000] {logging_mixin.py:150} INFO - [2023-10-10T17:56:34.637+0000] {dagbag.py:541} INFO - Filling up the DagBag from /home/airflow/.local/lib/python3.7/site-packages/airflow/example_dags/example_task_group.py
[2023-10-10T17:56:34.661+0000] {processor.py:836} INFO - DAG(s) dict_keys(['example_task_group']) retrieved from /home/airflow/.local/lib/python3.7/site-packages/airflow/example_dags/example_task_group.py
[2023-10-10T17:56:34.732+0000] {logging_mixin.py:150} INFO - [2023-10-10T17:56:34.732+0000] {dag.py:2742} INFO - Sync 1 DAGs
[2023-10-10T17:56:34.854+0000] {logging_mixin.py:150} INFO - [2023-10-10T17:56:34.854+0000] {dag.py:3508} INFO - Setting next_dagrun for example_task_group to 2023-10-09T17:56:34.853399+00:00, run_after=2023-10-10T17:56:34.853399+00:00
[2023-10-10T17:56:34.955+0000] {processor.py:179} INFO - Processing /home/airflow/.local/lib/python3.7/site-packages/airflow/example_dags/example_task_group.py took 0.337 seconds
[2023-10-10T17:57:09.494+0000] {processor.py:157} INFO - Started process (PID=3386) to work on /home/airflow/.local/lib/python3.7/site-packages/airflow/example_dags/example_task_group.py
[2023-10-10T17:57:09.514+0000] {processor.py:826} INFO - Processing file /home/airflow/.local/lib/python3.7/site-packages/airflow/example_dags/example_task_group.py for tasks to queue
[2023-10-10T17:57:09.535+0000] {logging_mixin.py:150} INFO - [2023-10-10T17:57:09.534+0000] {dagbag.py:541} INFO - Filling up the DagBag from /home/airflow/.local/lib/python3.7/site-packages/airflow/example_dags/example_task_group.py
[2023-10-10T17:57:09.606+0000] {processor.py:836} INFO - DAG(s) dict_keys(['example_task_group']) retrieved from /home/airflow/.local/lib/python3.7/site-packages/airflow/example_dags/example_task_group.py
[2023-10-10T17:57:09.914+0000] {logging_mixin.py:150} INFO - [2023-10-10T17:57:09.913+0000] {dag.py:2742} INFO - Sync 1 DAGs
[2023-10-10T17:57:10.204+0000] {logging_mixin.py:150} INFO - [2023-10-10T17:57:10.203+0000] {dag.py:3508} INFO - Setting next_dagrun for example_task_group to 2023-10-09T17:57:10.202542+00:00, run_after=2023-10-10T17:57:10.202542+00:00
[2023-10-10T17:57:10.633+0000] {processor.py:179} INFO - Processing /home/airflow/.local/lib/python3.7/site-packages/airflow/example_dags/example_task_group.py took 1.168 seconds
[2023-10-10T17:58:17.903+0000] {processor.py:157} INFO - Started process (PID=3477) to work on /home/airflow/.local/lib/python3.7/site-packages/airflow/example_dags/example_task_group.py
[2023-10-10T17:58:17.912+0000] {processor.py:826} INFO - Processing file /home/airflow/.local/lib/python3.7/site-packages/airflow/example_dags/example_task_group.py for tasks to queue
[2023-10-10T17:58:17.923+0000] {logging_mixin.py:150} INFO - [2023-10-10T17:58:17.922+0000] {dagbag.py:541} INFO - Filling up the DagBag from /home/airflow/.local/lib/python3.7/site-packages/airflow/example_dags/example_task_group.py
[2023-10-10T17:58:18.003+0000] {processor.py:836} INFO - DAG(s) dict_keys(['example_task_group']) retrieved from /home/airflow/.local/lib/python3.7/site-packages/airflow/example_dags/example_task_group.py
[2023-10-10T17:58:18.222+0000] {logging_mixin.py:150} INFO - [2023-10-10T17:58:18.221+0000] {dag.py:2742} INFO - Sync 1 DAGs
[2023-10-10T17:58:18.368+0000] {logging_mixin.py:150} INFO - [2023-10-10T17:58:18.367+0000] {dag.py:3508} INFO - Setting next_dagrun for example_task_group to 2023-10-09T17:58:18.366956+00:00, run_after=2023-10-10T17:58:18.366956+00:00
[2023-10-10T17:58:18.510+0000] {processor.py:179} INFO - Processing /home/airflow/.local/lib/python3.7/site-packages/airflow/example_dags/example_task_group.py took 0.628 seconds
[2023-10-10T17:58:51.342+0000] {processor.py:157} INFO - Started process (PID=3579) to work on /home/airflow/.local/lib/python3.7/site-packages/airflow/example_dags/example_task_group.py
[2023-10-10T17:58:51.348+0000] {processor.py:826} INFO - Processing file /home/airflow/.local/lib/python3.7/site-packages/airflow/example_dags/example_task_group.py for tasks to queue
[2023-10-10T17:58:51.354+0000] {logging_mixin.py:150} INFO - [2023-10-10T17:58:51.353+0000] {dagbag.py:541} INFO - Filling up the DagBag from /home/airflow/.local/lib/python3.7/site-packages/airflow/example_dags/example_task_group.py
[2023-10-10T17:58:51.400+0000] {processor.py:836} INFO - DAG(s) dict_keys(['example_task_group']) retrieved from /home/airflow/.local/lib/python3.7/site-packages/airflow/example_dags/example_task_group.py
[2023-10-10T17:58:51.563+0000] {logging_mixin.py:150} INFO - [2023-10-10T17:58:51.562+0000] {dag.py:2742} INFO - Sync 1 DAGs
[2023-10-10T17:58:51.713+0000] {logging_mixin.py:150} INFO - [2023-10-10T17:58:51.713+0000] {dag.py:3508} INFO - Setting next_dagrun for example_task_group to 2023-10-09T17:58:51.711471+00:00, run_after=2023-10-10T17:58:51.711471+00:00
[2023-10-10T17:58:51.820+0000] {processor.py:179} INFO - Processing /home/airflow/.local/lib/python3.7/site-packages/airflow/example_dags/example_task_group.py took 0.495 seconds
[2023-10-10T17:59:37.131+0000] {processor.py:157} INFO - Started process (PID=3660) to work on /home/airflow/.local/lib/python3.7/site-packages/airflow/example_dags/example_task_group.py
[2023-10-10T17:59:37.143+0000] {processor.py:826} INFO - Processing file /home/airflow/.local/lib/python3.7/site-packages/airflow/example_dags/example_task_group.py for tasks to queue
[2023-10-10T17:59:37.160+0000] {logging_mixin.py:150} INFO - [2023-10-10T17:59:37.159+0000] {dagbag.py:541} INFO - Filling up the DagBag from /home/airflow/.local/lib/python3.7/site-packages/airflow/example_dags/example_task_group.py
[2023-10-10T17:59:37.269+0000] {processor.py:836} INFO - DAG(s) dict_keys(['example_task_group']) retrieved from /home/airflow/.local/lib/python3.7/site-packages/airflow/example_dags/example_task_group.py
[2023-10-10T17:59:37.447+0000] {logging_mixin.py:150} INFO - [2023-10-10T17:59:37.446+0000] {dag.py:2742} INFO - Sync 1 DAGs
[2023-10-10T17:59:37.876+0000] {logging_mixin.py:150} INFO - [2023-10-10T17:59:37.876+0000] {dag.py:3508} INFO - Setting next_dagrun for example_task_group to 2023-10-09T17:59:37.874836+00:00, run_after=2023-10-10T17:59:37.874836+00:00
[2023-10-10T17:59:38.147+0000] {processor.py:179} INFO - Processing /home/airflow/.local/lib/python3.7/site-packages/airflow/example_dags/example_task_group.py took 1.054 seconds
[2023-10-10T18:00:08.391+0000] {processor.py:157} INFO - Started process (PID=3741) to work on /home/airflow/.local/lib/python3.7/site-packages/airflow/example_dags/example_task_group.py
[2023-10-10T18:00:08.394+0000] {processor.py:826} INFO - Processing file /home/airflow/.local/lib/python3.7/site-packages/airflow/example_dags/example_task_group.py for tasks to queue
[2023-10-10T18:00:08.398+0000] {logging_mixin.py:150} INFO - [2023-10-10T18:00:08.397+0000] {dagbag.py:541} INFO - Filling up the DagBag from /home/airflow/.local/lib/python3.7/site-packages/airflow/example_dags/example_task_group.py
[2023-10-10T18:00:08.423+0000] {processor.py:836} INFO - DAG(s) dict_keys(['example_task_group']) retrieved from /home/airflow/.local/lib/python3.7/site-packages/airflow/example_dags/example_task_group.py
[2023-10-10T18:00:08.499+0000] {logging_mixin.py:150} INFO - [2023-10-10T18:00:08.498+0000] {dag.py:2742} INFO - Sync 1 DAGs
[2023-10-10T18:00:08.589+0000] {logging_mixin.py:150} INFO - [2023-10-10T18:00:08.589+0000] {dag.py:3508} INFO - Setting next_dagrun for example_task_group to 2023-10-09T18:00:08.588869+00:00, run_after=2023-10-10T18:00:08.588869+00:00
[2023-10-10T18:00:08.654+0000] {processor.py:179} INFO - Processing /home/airflow/.local/lib/python3.7/site-packages/airflow/example_dags/example_task_group.py took 0.274 seconds
[2023-10-10T18:00:39.373+0000] {processor.py:157} INFO - Started process (PID=3822) to work on /home/airflow/.local/lib/python3.7/site-packages/airflow/example_dags/example_task_group.py
[2023-10-10T18:00:39.375+0000] {processor.py:826} INFO - Processing file /home/airflow/.local/lib/python3.7/site-packages/airflow/example_dags/example_task_group.py for tasks to queue
[2023-10-10T18:00:39.378+0000] {logging_mixin.py:150} INFO - [2023-10-10T18:00:39.378+0000] {dagbag.py:541} INFO - Filling up the DagBag from /home/airflow/.local/lib/python3.7/site-packages/airflow/example_dags/example_task_group.py
[2023-10-10T18:00:39.397+0000] {processor.py:836} INFO - DAG(s) dict_keys(['example_task_group']) retrieved from /home/airflow/.local/lib/python3.7/site-packages/airflow/example_dags/example_task_group.py
[2023-10-10T18:00:39.454+0000] {logging_mixin.py:150} INFO - [2023-10-10T18:00:39.454+0000] {dag.py:2742} INFO - Sync 1 DAGs
[2023-10-10T18:00:39.512+0000] {logging_mixin.py:150} INFO - [2023-10-10T18:00:39.512+0000] {dag.py:3508} INFO - Setting next_dagrun for example_task_group to 2023-10-09T18:00:39.511889+00:00, run_after=2023-10-10T18:00:39.511889+00:00
[2023-10-10T18:00:39.551+0000] {processor.py:179} INFO - Processing /home/airflow/.local/lib/python3.7/site-packages/airflow/example_dags/example_task_group.py took 0.186 seconds
[2023-10-10T18:01:09.907+0000] {processor.py:157} INFO - Started process (PID=3903) to work on /home/airflow/.local/lib/python3.7/site-packages/airflow/example_dags/example_task_group.py
[2023-10-10T18:01:09.910+0000] {processor.py:826} INFO - Processing file /home/airflow/.local/lib/python3.7/site-packages/airflow/example_dags/example_task_group.py for tasks to queue
[2023-10-10T18:01:09.912+0000] {logging_mixin.py:150} INFO - [2023-10-10T18:01:09.912+0000] {dagbag.py:541} INFO - Filling up the DagBag from /home/airflow/.local/lib/python3.7/site-packages/airflow/example_dags/example_task_group.py
[2023-10-10T18:01:09.928+0000] {processor.py:836} INFO - DAG(s) dict_keys(['example_task_group']) retrieved from /home/airflow/.local/lib/python3.7/site-packages/airflow/example_dags/example_task_group.py
[2023-10-10T18:01:09.980+0000] {logging_mixin.py:150} INFO - [2023-10-10T18:01:09.979+0000] {dag.py:2742} INFO - Sync 1 DAGs
[2023-10-10T18:01:10.031+0000] {logging_mixin.py:150} INFO - [2023-10-10T18:01:10.031+0000] {dag.py:3508} INFO - Setting next_dagrun for example_task_group to 2023-10-09T18:01:10.030997+00:00, run_after=2023-10-10T18:01:10.030997+00:00
[2023-10-10T18:01:10.070+0000] {processor.py:179} INFO - Processing /home/airflow/.local/lib/python3.7/site-packages/airflow/example_dags/example_task_group.py took 0.170 seconds
[2023-10-10T18:01:40.191+0000] {processor.py:157} INFO - Started process (PID=3993) to work on /home/airflow/.local/lib/python3.7/site-packages/airflow/example_dags/example_task_group.py
[2023-10-10T18:01:40.195+0000] {processor.py:826} INFO - Processing file /home/airflow/.local/lib/python3.7/site-packages/airflow/example_dags/example_task_group.py for tasks to queue
[2023-10-10T18:01:40.198+0000] {logging_mixin.py:150} INFO - [2023-10-10T18:01:40.198+0000] {dagbag.py:541} INFO - Filling up the DagBag from /home/airflow/.local/lib/python3.7/site-packages/airflow/example_dags/example_task_group.py
[2023-10-10T18:01:40.220+0000] {processor.py:836} INFO - DAG(s) dict_keys(['example_task_group']) retrieved from /home/airflow/.local/lib/python3.7/site-packages/airflow/example_dags/example_task_group.py
[2023-10-10T18:01:40.284+0000] {logging_mixin.py:150} INFO - [2023-10-10T18:01:40.284+0000] {dag.py:2742} INFO - Sync 1 DAGs
[2023-10-10T18:01:40.354+0000] {logging_mixin.py:150} INFO - [2023-10-10T18:01:40.353+0000] {dag.py:3508} INFO - Setting next_dagrun for example_task_group to 2023-10-09T18:01:40.353284+00:00, run_after=2023-10-10T18:01:40.353284+00:00
[2023-10-10T18:01:40.396+0000] {processor.py:179} INFO - Processing /home/airflow/.local/lib/python3.7/site-packages/airflow/example_dags/example_task_group.py took 0.213 seconds
[2023-10-10T18:02:10.716+0000] {processor.py:157} INFO - Started process (PID=4074) to work on /home/airflow/.local/lib/python3.7/site-packages/airflow/example_dags/example_task_group.py
[2023-10-10T18:02:10.729+0000] {processor.py:826} INFO - Processing file /home/airflow/.local/lib/python3.7/site-packages/airflow/example_dags/example_task_group.py for tasks to queue
[2023-10-10T18:02:10.734+0000] {logging_mixin.py:150} INFO - [2023-10-10T18:02:10.733+0000] {dagbag.py:541} INFO - Filling up the DagBag from /home/airflow/.local/lib/python3.7/site-packages/airflow/example_dags/example_task_group.py
[2023-10-10T18:02:10.757+0000] {processor.py:836} INFO - DAG(s) dict_keys(['example_task_group']) retrieved from /home/airflow/.local/lib/python3.7/site-packages/airflow/example_dags/example_task_group.py
[2023-10-10T18:02:10.813+0000] {logging_mixin.py:150} INFO - [2023-10-10T18:02:10.813+0000] {dag.py:2742} INFO - Sync 1 DAGs
[2023-10-10T18:02:10.871+0000] {logging_mixin.py:150} INFO - [2023-10-10T18:02:10.871+0000] {dag.py:3508} INFO - Setting next_dagrun for example_task_group to 2023-10-09T18:02:10.870997+00:00, run_after=2023-10-10T18:02:10.870997+00:00
[2023-10-10T18:02:10.913+0000] {processor.py:179} INFO - Processing /home/airflow/.local/lib/python3.7/site-packages/airflow/example_dags/example_task_group.py took 0.210 seconds
[2023-10-10T18:02:41.023+0000] {processor.py:157} INFO - Started process (PID=4155) to work on /home/airflow/.local/lib/python3.7/site-packages/airflow/example_dags/example_task_group.py
[2023-10-10T18:02:41.026+0000] {processor.py:826} INFO - Processing file /home/airflow/.local/lib/python3.7/site-packages/airflow/example_dags/example_task_group.py for tasks to queue
[2023-10-10T18:02:41.028+0000] {logging_mixin.py:150} INFO - [2023-10-10T18:02:41.028+0000] {dagbag.py:541} INFO - Filling up the DagBag from /home/airflow/.local/lib/python3.7/site-packages/airflow/example_dags/example_task_group.py
[2023-10-10T18:02:41.049+0000] {processor.py:836} INFO - DAG(s) dict_keys(['example_task_group']) retrieved from /home/airflow/.local/lib/python3.7/site-packages/airflow/example_dags/example_task_group.py
[2023-10-10T18:02:41.101+0000] {logging_mixin.py:150} INFO - [2023-10-10T18:02:41.101+0000] {dag.py:2742} INFO - Sync 1 DAGs
[2023-10-10T18:02:41.156+0000] {logging_mixin.py:150} INFO - [2023-10-10T18:02:41.155+0000] {dag.py:3508} INFO - Setting next_dagrun for example_task_group to 2023-10-09T18:02:41.155366+00:00, run_after=2023-10-10T18:02:41.155366+00:00
[2023-10-10T18:02:41.197+0000] {processor.py:179} INFO - Processing /home/airflow/.local/lib/python3.7/site-packages/airflow/example_dags/example_task_group.py took 0.181 seconds
[2023-10-10T18:03:11.858+0000] {processor.py:157} INFO - Started process (PID=4236) to work on /home/airflow/.local/lib/python3.7/site-packages/airflow/example_dags/example_task_group.py
[2023-10-10T18:03:11.860+0000] {processor.py:826} INFO - Processing file /home/airflow/.local/lib/python3.7/site-packages/airflow/example_dags/example_task_group.py for tasks to queue
[2023-10-10T18:03:11.862+0000] {logging_mixin.py:150} INFO - [2023-10-10T18:03:11.862+0000] {dagbag.py:541} INFO - Filling up the DagBag from /home/airflow/.local/lib/python3.7/site-packages/airflow/example_dags/example_task_group.py
[2023-10-10T18:03:11.878+0000] {processor.py:836} INFO - DAG(s) dict_keys(['example_task_group']) retrieved from /home/airflow/.local/lib/python3.7/site-packages/airflow/example_dags/example_task_group.py
[2023-10-10T18:03:11.930+0000] {logging_mixin.py:150} INFO - [2023-10-10T18:03:11.930+0000] {dag.py:2742} INFO - Sync 1 DAGs
[2023-10-10T18:03:11.984+0000] {logging_mixin.py:150} INFO - [2023-10-10T18:03:11.984+0000] {dag.py:3508} INFO - Setting next_dagrun for example_task_group to 2023-10-09T18:03:11.983716+00:00, run_after=2023-10-10T18:03:11.983716+00:00
[2023-10-10T18:03:12.021+0000] {processor.py:179} INFO - Processing /home/airflow/.local/lib/python3.7/site-packages/airflow/example_dags/example_task_group.py took 0.169 seconds
[2023-10-10T18:03:42.828+0000] {processor.py:157} INFO - Started process (PID=4325) to work on /home/airflow/.local/lib/python3.7/site-packages/airflow/example_dags/example_task_group.py
[2023-10-10T18:03:42.830+0000] {processor.py:826} INFO - Processing file /home/airflow/.local/lib/python3.7/site-packages/airflow/example_dags/example_task_group.py for tasks to queue
[2023-10-10T18:03:42.832+0000] {logging_mixin.py:150} INFO - [2023-10-10T18:03:42.832+0000] {dagbag.py:541} INFO - Filling up the DagBag from /home/airflow/.local/lib/python3.7/site-packages/airflow/example_dags/example_task_group.py
[2023-10-10T18:03:42.848+0000] {processor.py:836} INFO - DAG(s) dict_keys(['example_task_group']) retrieved from /home/airflow/.local/lib/python3.7/site-packages/airflow/example_dags/example_task_group.py
[2023-10-10T18:03:42.897+0000] {logging_mixin.py:150} INFO - [2023-10-10T18:03:42.897+0000] {dag.py:2742} INFO - Sync 1 DAGs
[2023-10-10T18:03:42.947+0000] {logging_mixin.py:150} INFO - [2023-10-10T18:03:42.947+0000] {dag.py:3508} INFO - Setting next_dagrun for example_task_group to 2023-10-09T18:03:42.947182+00:00, run_after=2023-10-10T18:03:42.947182+00:00
[2023-10-10T18:03:42.985+0000] {processor.py:179} INFO - Processing /home/airflow/.local/lib/python3.7/site-packages/airflow/example_dags/example_task_group.py took 0.164 seconds
[2023-10-10T18:04:13.088+0000] {processor.py:157} INFO - Started process (PID=4399) to work on /home/airflow/.local/lib/python3.7/site-packages/airflow/example_dags/example_task_group.py
[2023-10-10T18:04:13.094+0000] {processor.py:826} INFO - Processing file /home/airflow/.local/lib/python3.7/site-packages/airflow/example_dags/example_task_group.py for tasks to queue
[2023-10-10T18:04:13.099+0000] {logging_mixin.py:150} INFO - [2023-10-10T18:04:13.098+0000] {dagbag.py:541} INFO - Filling up the DagBag from /home/airflow/.local/lib/python3.7/site-packages/airflow/example_dags/example_task_group.py
[2023-10-10T18:04:13.130+0000] {processor.py:836} INFO - DAG(s) dict_keys(['example_task_group']) retrieved from /home/airflow/.local/lib/python3.7/site-packages/airflow/example_dags/example_task_group.py
[2023-10-10T18:04:13.188+0000] {logging_mixin.py:150} INFO - [2023-10-10T18:04:13.188+0000] {dag.py:2742} INFO - Sync 1 DAGs
[2023-10-10T18:04:13.246+0000] {logging_mixin.py:150} INFO - [2023-10-10T18:04:13.245+0000] {dag.py:3508} INFO - Setting next_dagrun for example_task_group to 2023-10-09T18:04:13.245319+00:00, run_after=2023-10-10T18:04:13.245319+00:00
[2023-10-10T18:04:13.286+0000] {processor.py:179} INFO - Processing /home/airflow/.local/lib/python3.7/site-packages/airflow/example_dags/example_task_group.py took 0.208 seconds
[2023-10-10T18:04:43.715+0000] {processor.py:157} INFO - Started process (PID=4480) to work on /home/airflow/.local/lib/python3.7/site-packages/airflow/example_dags/example_task_group.py
[2023-10-10T18:04:43.722+0000] {processor.py:826} INFO - Processing file /home/airflow/.local/lib/python3.7/site-packages/airflow/example_dags/example_task_group.py for tasks to queue
[2023-10-10T18:04:43.728+0000] {logging_mixin.py:150} INFO - [2023-10-10T18:04:43.727+0000] {dagbag.py:541} INFO - Filling up the DagBag from /home/airflow/.local/lib/python3.7/site-packages/airflow/example_dags/example_task_group.py
[2023-10-10T18:04:43.770+0000] {processor.py:836} INFO - DAG(s) dict_keys(['example_task_group']) retrieved from /home/airflow/.local/lib/python3.7/site-packages/airflow/example_dags/example_task_group.py
[2023-10-10T18:04:44.047+0000] {logging_mixin.py:150} INFO - [2023-10-10T18:04:44.046+0000] {dag.py:2742} INFO - Sync 1 DAGs
[2023-10-10T18:04:44.268+0000] {logging_mixin.py:150} INFO - [2023-10-10T18:04:44.268+0000] {dag.py:3508} INFO - Setting next_dagrun for example_task_group to 2023-10-09T18:04:44.267292+00:00, run_after=2023-10-10T18:04:44.267292+00:00
[2023-10-10T18:04:44.359+0000] {processor.py:179} INFO - Processing /home/airflow/.local/lib/python3.7/site-packages/airflow/example_dags/example_task_group.py took 0.669 seconds
[2023-10-10T18:05:14.869+0000] {processor.py:157} INFO - Started process (PID=4561) to work on /home/airflow/.local/lib/python3.7/site-packages/airflow/example_dags/example_task_group.py
[2023-10-10T18:05:14.878+0000] {processor.py:826} INFO - Processing file /home/airflow/.local/lib/python3.7/site-packages/airflow/example_dags/example_task_group.py for tasks to queue
[2023-10-10T18:05:14.887+0000] {logging_mixin.py:150} INFO - [2023-10-10T18:05:14.886+0000] {dagbag.py:541} INFO - Filling up the DagBag from /home/airflow/.local/lib/python3.7/site-packages/airflow/example_dags/example_task_group.py
[2023-10-10T18:05:14.942+0000] {processor.py:836} INFO - DAG(s) dict_keys(['example_task_group']) retrieved from /home/airflow/.local/lib/python3.7/site-packages/airflow/example_dags/example_task_group.py
[2023-10-10T18:05:15.123+0000] {logging_mixin.py:150} INFO - [2023-10-10T18:05:15.122+0000] {dag.py:2742} INFO - Sync 1 DAGs
[2023-10-10T18:05:15.269+0000] {logging_mixin.py:150} INFO - [2023-10-10T18:05:15.268+0000] {dag.py:3508} INFO - Setting next_dagrun for example_task_group to 2023-10-09T18:05:15.266468+00:00, run_after=2023-10-10T18:05:15.266468+00:00
[2023-10-10T18:05:15.417+0000] {processor.py:179} INFO - Processing /home/airflow/.local/lib/python3.7/site-packages/airflow/example_dags/example_task_group.py took 0.578 seconds
[2023-10-10T18:05:51.368+0000] {processor.py:157} INFO - Started process (PID=4643) to work on /home/airflow/.local/lib/python3.7/site-packages/airflow/example_dags/example_task_group.py
[2023-10-10T18:05:51.381+0000] {processor.py:826} INFO - Processing file /home/airflow/.local/lib/python3.7/site-packages/airflow/example_dags/example_task_group.py for tasks to queue
[2023-10-10T18:05:51.391+0000] {logging_mixin.py:150} INFO - [2023-10-10T18:05:51.390+0000] {dagbag.py:541} INFO - Filling up the DagBag from /home/airflow/.local/lib/python3.7/site-packages/airflow/example_dags/example_task_group.py
[2023-10-10T18:05:51.474+0000] {processor.py:836} INFO - DAG(s) dict_keys(['example_task_group']) retrieved from /home/airflow/.local/lib/python3.7/site-packages/airflow/example_dags/example_task_group.py
[2023-10-10T18:05:51.668+0000] {logging_mixin.py:150} INFO - [2023-10-10T18:05:51.667+0000] {dag.py:2742} INFO - Sync 1 DAGs
[2023-10-10T18:05:51.847+0000] {logging_mixin.py:150} INFO - [2023-10-10T18:05:51.846+0000] {dag.py:3508} INFO - Setting next_dagrun for example_task_group to 2023-10-09T18:05:51.845786+00:00, run_after=2023-10-10T18:05:51.845786+00:00
[2023-10-10T18:05:51.991+0000] {processor.py:179} INFO - Processing /home/airflow/.local/lib/python3.7/site-packages/airflow/example_dags/example_task_group.py took 0.642 seconds
[2023-10-10T18:06:22.620+0000] {processor.py:157} INFO - Started process (PID=4715) to work on /home/airflow/.local/lib/python3.7/site-packages/airflow/example_dags/example_task_group.py
[2023-10-10T18:06:22.644+0000] {processor.py:826} INFO - Processing file /home/airflow/.local/lib/python3.7/site-packages/airflow/example_dags/example_task_group.py for tasks to queue
[2023-10-10T18:06:22.649+0000] {logging_mixin.py:150} INFO - [2023-10-10T18:06:22.648+0000] {dagbag.py:541} INFO - Filling up the DagBag from /home/airflow/.local/lib/python3.7/site-packages/airflow/example_dags/example_task_group.py
[2023-10-10T18:06:22.675+0000] {processor.py:836} INFO - DAG(s) dict_keys(['example_task_group']) retrieved from /home/airflow/.local/lib/python3.7/site-packages/airflow/example_dags/example_task_group.py
[2023-10-10T18:06:22.746+0000] {logging_mixin.py:150} INFO - [2023-10-10T18:06:22.745+0000] {dag.py:2742} INFO - Sync 1 DAGs
[2023-10-10T18:06:22.820+0000] {logging_mixin.py:150} INFO - [2023-10-10T18:06:22.819+0000] {dag.py:3508} INFO - Setting next_dagrun for example_task_group to 2023-10-09T18:06:22.819198+00:00, run_after=2023-10-10T18:06:22.819198+00:00
[2023-10-10T18:06:22.869+0000] {processor.py:179} INFO - Processing /home/airflow/.local/lib/python3.7/site-packages/airflow/example_dags/example_task_group.py took 0.262 seconds
