[2023-10-10T17:36:37.111+0000] {processor.py:157} INFO - Started process (PID=84) to work on /home/airflow/.local/lib/python3.7/site-packages/airflow/example_dags/example_latest_only_with_trigger.py
[2023-10-10T17:36:37.123+0000] {processor.py:826} INFO - Processing file /home/airflow/.local/lib/python3.7/site-packages/airflow/example_dags/example_latest_only_with_trigger.py for tasks to queue
[2023-10-10T17:36:37.141+0000] {logging_mixin.py:150} INFO - [2023-10-10T17:36:37.141+0000] {dagbag.py:541} INFO - Filling up the DagBag from /home/airflow/.local/lib/python3.7/site-packages/airflow/example_dags/example_latest_only_with_trigger.py
[2023-10-10T17:36:37.181+0000] {processor.py:836} INFO - DAG(s) dict_keys(['latest_only_with_trigger']) retrieved from /home/airflow/.local/lib/python3.7/site-packages/airflow/example_dags/example_latest_only_with_trigger.py
[2023-10-10T17:36:37.232+0000] {logging_mixin.py:150} INFO - [2023-10-10T17:36:37.232+0000] {dag.py:2742} INFO - Sync 1 DAGs
[2023-10-10T17:36:37.280+0000] {logging_mixin.py:150} INFO - [2023-10-10T17:36:37.279+0000] {dag.py:3508} INFO - Setting next_dagrun for latest_only_with_trigger to 2023-10-10T13:36:37.279566+00:00, run_after=2023-10-10T17:36:37.279566+00:00
[2023-10-10T17:36:37.315+0000] {processor.py:179} INFO - Processing /home/airflow/.local/lib/python3.7/site-packages/airflow/example_dags/example_latest_only_with_trigger.py took 0.213 seconds
[2023-10-10T17:37:07.755+0000] {processor.py:157} INFO - Started process (PID=170) to work on /home/airflow/.local/lib/python3.7/site-packages/airflow/example_dags/example_latest_only_with_trigger.py
[2023-10-10T17:37:07.757+0000] {processor.py:826} INFO - Processing file /home/airflow/.local/lib/python3.7/site-packages/airflow/example_dags/example_latest_only_with_trigger.py for tasks to queue
[2023-10-10T17:37:07.759+0000] {logging_mixin.py:150} INFO - [2023-10-10T17:37:07.759+0000] {dagbag.py:541} INFO - Filling up the DagBag from /home/airflow/.local/lib/python3.7/site-packages/airflow/example_dags/example_latest_only_with_trigger.py
[2023-10-10T17:37:07.768+0000] {processor.py:836} INFO - DAG(s) dict_keys(['latest_only_with_trigger']) retrieved from /home/airflow/.local/lib/python3.7/site-packages/airflow/example_dags/example_latest_only_with_trigger.py
[2023-10-10T17:37:07.802+0000] {logging_mixin.py:150} INFO - [2023-10-10T17:37:07.802+0000] {dag.py:2742} INFO - Sync 1 DAGs
[2023-10-10T17:37:07.836+0000] {logging_mixin.py:150} INFO - [2023-10-10T17:37:07.836+0000] {dag.py:3508} INFO - Setting next_dagrun for latest_only_with_trigger to 2023-10-10T13:37:07.836023+00:00, run_after=2023-10-10T17:37:07.836023+00:00
[2023-10-10T17:37:07.862+0000] {processor.py:179} INFO - Processing /home/airflow/.local/lib/python3.7/site-packages/airflow/example_dags/example_latest_only_with_trigger.py took 0.112 seconds
[2023-10-10T17:37:38.109+0000] {processor.py:157} INFO - Started process (PID=250) to work on /home/airflow/.local/lib/python3.7/site-packages/airflow/example_dags/example_latest_only_with_trigger.py
[2023-10-10T17:37:38.112+0000] {processor.py:826} INFO - Processing file /home/airflow/.local/lib/python3.7/site-packages/airflow/example_dags/example_latest_only_with_trigger.py for tasks to queue
[2023-10-10T17:37:38.114+0000] {logging_mixin.py:150} INFO - [2023-10-10T17:37:38.113+0000] {dagbag.py:541} INFO - Filling up the DagBag from /home/airflow/.local/lib/python3.7/site-packages/airflow/example_dags/example_latest_only_with_trigger.py
[2023-10-10T17:37:38.127+0000] {processor.py:836} INFO - DAG(s) dict_keys(['latest_only_with_trigger']) retrieved from /home/airflow/.local/lib/python3.7/site-packages/airflow/example_dags/example_latest_only_with_trigger.py
[2023-10-10T17:37:38.170+0000] {logging_mixin.py:150} INFO - [2023-10-10T17:37:38.170+0000] {dag.py:2742} INFO - Sync 1 DAGs
[2023-10-10T17:37:38.211+0000] {logging_mixin.py:150} INFO - [2023-10-10T17:37:38.211+0000] {dag.py:3508} INFO - Setting next_dagrun for latest_only_with_trigger to 2023-10-10T13:37:38.211347+00:00, run_after=2023-10-10T17:37:38.211347+00:00
[2023-10-10T17:37:38.238+0000] {processor.py:179} INFO - Processing /home/airflow/.local/lib/python3.7/site-packages/airflow/example_dags/example_latest_only_with_trigger.py took 0.135 seconds
[2023-10-10T17:38:08.590+0000] {processor.py:157} INFO - Started process (PID=339) to work on /home/airflow/.local/lib/python3.7/site-packages/airflow/example_dags/example_latest_only_with_trigger.py
[2023-10-10T17:38:08.593+0000] {processor.py:826} INFO - Processing file /home/airflow/.local/lib/python3.7/site-packages/airflow/example_dags/example_latest_only_with_trigger.py for tasks to queue
[2023-10-10T17:38:08.595+0000] {logging_mixin.py:150} INFO - [2023-10-10T17:38:08.594+0000] {dagbag.py:541} INFO - Filling up the DagBag from /home/airflow/.local/lib/python3.7/site-packages/airflow/example_dags/example_latest_only_with_trigger.py
[2023-10-10T17:38:08.605+0000] {processor.py:836} INFO - DAG(s) dict_keys(['latest_only_with_trigger']) retrieved from /home/airflow/.local/lib/python3.7/site-packages/airflow/example_dags/example_latest_only_with_trigger.py
[2023-10-10T17:38:08.639+0000] {logging_mixin.py:150} INFO - [2023-10-10T17:38:08.639+0000] {dag.py:2742} INFO - Sync 1 DAGs
[2023-10-10T17:38:08.671+0000] {logging_mixin.py:150} INFO - [2023-10-10T17:38:08.671+0000] {dag.py:3508} INFO - Setting next_dagrun for latest_only_with_trigger to 2023-10-10T13:38:08.671228+00:00, run_after=2023-10-10T17:38:08.671228+00:00
[2023-10-10T17:38:08.700+0000] {processor.py:179} INFO - Processing /home/airflow/.local/lib/python3.7/site-packages/airflow/example_dags/example_latest_only_with_trigger.py took 0.115 seconds
[2023-10-10T17:38:39.324+0000] {processor.py:157} INFO - Started process (PID=433) to work on /home/airflow/.local/lib/python3.7/site-packages/airflow/example_dags/example_latest_only_with_trigger.py
[2023-10-10T17:38:39.327+0000] {processor.py:826} INFO - Processing file /home/airflow/.local/lib/python3.7/site-packages/airflow/example_dags/example_latest_only_with_trigger.py for tasks to queue
[2023-10-10T17:38:39.328+0000] {logging_mixin.py:150} INFO - [2023-10-10T17:38:39.328+0000] {dagbag.py:541} INFO - Filling up the DagBag from /home/airflow/.local/lib/python3.7/site-packages/airflow/example_dags/example_latest_only_with_trigger.py
[2023-10-10T17:38:39.339+0000] {processor.py:836} INFO - DAG(s) dict_keys(['latest_only_with_trigger']) retrieved from /home/airflow/.local/lib/python3.7/site-packages/airflow/example_dags/example_latest_only_with_trigger.py
[2023-10-10T17:38:39.383+0000] {logging_mixin.py:150} INFO - [2023-10-10T17:38:39.382+0000] {dag.py:2742} INFO - Sync 1 DAGs
[2023-10-10T17:38:39.423+0000] {logging_mixin.py:150} INFO - [2023-10-10T17:38:39.423+0000] {dag.py:3508} INFO - Setting next_dagrun for latest_only_with_trigger to 2023-10-10T13:38:39.422699+00:00, run_after=2023-10-10T17:38:39.422699+00:00
[2023-10-10T17:38:39.459+0000] {processor.py:179} INFO - Processing /home/airflow/.local/lib/python3.7/site-packages/airflow/example_dags/example_latest_only_with_trigger.py took 0.140 seconds
[2023-10-10T17:39:09.804+0000] {processor.py:157} INFO - Started process (PID=522) to work on /home/airflow/.local/lib/python3.7/site-packages/airflow/example_dags/example_latest_only_with_trigger.py
[2023-10-10T17:39:09.806+0000] {processor.py:826} INFO - Processing file /home/airflow/.local/lib/python3.7/site-packages/airflow/example_dags/example_latest_only_with_trigger.py for tasks to queue
[2023-10-10T17:39:09.807+0000] {logging_mixin.py:150} INFO - [2023-10-10T17:39:09.807+0000] {dagbag.py:541} INFO - Filling up the DagBag from /home/airflow/.local/lib/python3.7/site-packages/airflow/example_dags/example_latest_only_with_trigger.py
[2023-10-10T17:39:09.815+0000] {processor.py:836} INFO - DAG(s) dict_keys(['latest_only_with_trigger']) retrieved from /home/airflow/.local/lib/python3.7/site-packages/airflow/example_dags/example_latest_only_with_trigger.py
[2023-10-10T17:39:09.846+0000] {logging_mixin.py:150} INFO - [2023-10-10T17:39:09.845+0000] {dag.py:2742} INFO - Sync 1 DAGs
[2023-10-10T17:39:09.876+0000] {logging_mixin.py:150} INFO - [2023-10-10T17:39:09.876+0000] {dag.py:3508} INFO - Setting next_dagrun for latest_only_with_trigger to 2023-10-10T13:39:09.875810+00:00, run_after=2023-10-10T17:39:09.875810+00:00
[2023-10-10T17:39:09.900+0000] {processor.py:179} INFO - Processing /home/airflow/.local/lib/python3.7/site-packages/airflow/example_dags/example_latest_only_with_trigger.py took 0.100 seconds
[2023-10-10T17:39:40.298+0000] {processor.py:157} INFO - Started process (PID=602) to work on /home/airflow/.local/lib/python3.7/site-packages/airflow/example_dags/example_latest_only_with_trigger.py
[2023-10-10T17:39:40.301+0000] {processor.py:826} INFO - Processing file /home/airflow/.local/lib/python3.7/site-packages/airflow/example_dags/example_latest_only_with_trigger.py for tasks to queue
[2023-10-10T17:39:40.302+0000] {logging_mixin.py:150} INFO - [2023-10-10T17:39:40.302+0000] {dagbag.py:541} INFO - Filling up the DagBag from /home/airflow/.local/lib/python3.7/site-packages/airflow/example_dags/example_latest_only_with_trigger.py
[2023-10-10T17:39:40.312+0000] {processor.py:836} INFO - DAG(s) dict_keys(['latest_only_with_trigger']) retrieved from /home/airflow/.local/lib/python3.7/site-packages/airflow/example_dags/example_latest_only_with_trigger.py
[2023-10-10T17:39:40.347+0000] {logging_mixin.py:150} INFO - [2023-10-10T17:39:40.347+0000] {dag.py:2742} INFO - Sync 1 DAGs
[2023-10-10T17:39:40.382+0000] {logging_mixin.py:150} INFO - [2023-10-10T17:39:40.382+0000] {dag.py:3508} INFO - Setting next_dagrun for latest_only_with_trigger to 2023-10-10T13:39:40.382189+00:00, run_after=2023-10-10T17:39:40.382189+00:00
[2023-10-10T17:39:40.411+0000] {processor.py:179} INFO - Processing /home/airflow/.local/lib/python3.7/site-packages/airflow/example_dags/example_latest_only_with_trigger.py took 0.118 seconds
[2023-10-10T17:40:10.660+0000] {processor.py:157} INFO - Started process (PID=691) to work on /home/airflow/.local/lib/python3.7/site-packages/airflow/example_dags/example_latest_only_with_trigger.py
[2023-10-10T17:40:10.662+0000] {processor.py:826} INFO - Processing file /home/airflow/.local/lib/python3.7/site-packages/airflow/example_dags/example_latest_only_with_trigger.py for tasks to queue
[2023-10-10T17:40:10.664+0000] {logging_mixin.py:150} INFO - [2023-10-10T17:40:10.664+0000] {dagbag.py:541} INFO - Filling up the DagBag from /home/airflow/.local/lib/python3.7/site-packages/airflow/example_dags/example_latest_only_with_trigger.py
[2023-10-10T17:40:10.674+0000] {processor.py:836} INFO - DAG(s) dict_keys(['latest_only_with_trigger']) retrieved from /home/airflow/.local/lib/python3.7/site-packages/airflow/example_dags/example_latest_only_with_trigger.py
[2023-10-10T17:40:10.709+0000] {logging_mixin.py:150} INFO - [2023-10-10T17:40:10.708+0000] {dag.py:2742} INFO - Sync 1 DAGs
[2023-10-10T17:40:10.742+0000] {logging_mixin.py:150} INFO - [2023-10-10T17:40:10.742+0000] {dag.py:3508} INFO - Setting next_dagrun for latest_only_with_trigger to 2023-10-10T13:40:10.741915+00:00, run_after=2023-10-10T17:40:10.741915+00:00
[2023-10-10T17:40:10.769+0000] {processor.py:179} INFO - Processing /home/airflow/.local/lib/python3.7/site-packages/airflow/example_dags/example_latest_only_with_trigger.py took 0.115 seconds
[2023-10-10T17:40:40.941+0000] {processor.py:157} INFO - Started process (PID=771) to work on /home/airflow/.local/lib/python3.7/site-packages/airflow/example_dags/example_latest_only_with_trigger.py
[2023-10-10T17:40:40.945+0000] {processor.py:826} INFO - Processing file /home/airflow/.local/lib/python3.7/site-packages/airflow/example_dags/example_latest_only_with_trigger.py for tasks to queue
[2023-10-10T17:40:40.949+0000] {logging_mixin.py:150} INFO - [2023-10-10T17:40:40.948+0000] {dagbag.py:541} INFO - Filling up the DagBag from /home/airflow/.local/lib/python3.7/site-packages/airflow/example_dags/example_latest_only_with_trigger.py
[2023-10-10T17:40:40.960+0000] {processor.py:836} INFO - DAG(s) dict_keys(['latest_only_with_trigger']) retrieved from /home/airflow/.local/lib/python3.7/site-packages/airflow/example_dags/example_latest_only_with_trigger.py
[2023-10-10T17:40:41.003+0000] {logging_mixin.py:150} INFO - [2023-10-10T17:40:41.003+0000] {dag.py:2742} INFO - Sync 1 DAGs
[2023-10-10T17:40:41.043+0000] {logging_mixin.py:150} INFO - [2023-10-10T17:40:41.043+0000] {dag.py:3508} INFO - Setting next_dagrun for latest_only_with_trigger to 2023-10-10T13:40:41.042692+00:00, run_after=2023-10-10T17:40:41.042692+00:00
[2023-10-10T17:40:41.072+0000] {processor.py:179} INFO - Processing /home/airflow/.local/lib/python3.7/site-packages/airflow/example_dags/example_latest_only_with_trigger.py took 0.137 seconds
[2023-10-10T17:41:11.540+0000] {processor.py:157} INFO - Started process (PID=860) to work on /home/airflow/.local/lib/python3.7/site-packages/airflow/example_dags/example_latest_only_with_trigger.py
[2023-10-10T17:41:11.543+0000] {processor.py:826} INFO - Processing file /home/airflow/.local/lib/python3.7/site-packages/airflow/example_dags/example_latest_only_with_trigger.py for tasks to queue
[2023-10-10T17:41:11.545+0000] {logging_mixin.py:150} INFO - [2023-10-10T17:41:11.544+0000] {dagbag.py:541} INFO - Filling up the DagBag from /home/airflow/.local/lib/python3.7/site-packages/airflow/example_dags/example_latest_only_with_trigger.py
[2023-10-10T17:41:11.554+0000] {processor.py:836} INFO - DAG(s) dict_keys(['latest_only_with_trigger']) retrieved from /home/airflow/.local/lib/python3.7/site-packages/airflow/example_dags/example_latest_only_with_trigger.py
[2023-10-10T17:41:11.588+0000] {logging_mixin.py:150} INFO - [2023-10-10T17:41:11.588+0000] {dag.py:2742} INFO - Sync 1 DAGs
[2023-10-10T17:41:11.619+0000] {logging_mixin.py:150} INFO - [2023-10-10T17:41:11.618+0000] {dag.py:3508} INFO - Setting next_dagrun for latest_only_with_trigger to 2023-10-10T13:41:11.618718+00:00, run_after=2023-10-10T17:41:11.618718+00:00
[2023-10-10T17:41:11.642+0000] {processor.py:179} INFO - Processing /home/airflow/.local/lib/python3.7/site-packages/airflow/example_dags/example_latest_only_with_trigger.py took 0.106 seconds
[2023-10-10T17:41:42.476+0000] {processor.py:157} INFO - Started process (PID=941) to work on /home/airflow/.local/lib/python3.7/site-packages/airflow/example_dags/example_latest_only_with_trigger.py
[2023-10-10T17:41:42.478+0000] {processor.py:826} INFO - Processing file /home/airflow/.local/lib/python3.7/site-packages/airflow/example_dags/example_latest_only_with_trigger.py for tasks to queue
[2023-10-10T17:41:42.480+0000] {logging_mixin.py:150} INFO - [2023-10-10T17:41:42.480+0000] {dagbag.py:541} INFO - Filling up the DagBag from /home/airflow/.local/lib/python3.7/site-packages/airflow/example_dags/example_latest_only_with_trigger.py
[2023-10-10T17:41:42.489+0000] {processor.py:836} INFO - DAG(s) dict_keys(['latest_only_with_trigger']) retrieved from /home/airflow/.local/lib/python3.7/site-packages/airflow/example_dags/example_latest_only_with_trigger.py
[2023-10-10T17:41:42.528+0000] {logging_mixin.py:150} INFO - [2023-10-10T17:41:42.528+0000] {dag.py:2742} INFO - Sync 1 DAGs
[2023-10-10T17:41:42.564+0000] {logging_mixin.py:150} INFO - [2023-10-10T17:41:42.563+0000] {dag.py:3508} INFO - Setting next_dagrun for latest_only_with_trigger to 2023-10-10T13:41:42.563533+00:00, run_after=2023-10-10T17:41:42.563533+00:00
[2023-10-10T17:41:42.590+0000] {processor.py:179} INFO - Processing /home/airflow/.local/lib/python3.7/site-packages/airflow/example_dags/example_latest_only_with_trigger.py took 0.119 seconds
[2023-10-10T17:42:13.174+0000] {processor.py:157} INFO - Started process (PID=1029) to work on /home/airflow/.local/lib/python3.7/site-packages/airflow/example_dags/example_latest_only_with_trigger.py
[2023-10-10T17:42:13.177+0000] {processor.py:826} INFO - Processing file /home/airflow/.local/lib/python3.7/site-packages/airflow/example_dags/example_latest_only_with_trigger.py for tasks to queue
[2023-10-10T17:42:13.181+0000] {logging_mixin.py:150} INFO - [2023-10-10T17:42:13.180+0000] {dagbag.py:541} INFO - Filling up the DagBag from /home/airflow/.local/lib/python3.7/site-packages/airflow/example_dags/example_latest_only_with_trigger.py
[2023-10-10T17:42:13.194+0000] {processor.py:836} INFO - DAG(s) dict_keys(['latest_only_with_trigger']) retrieved from /home/airflow/.local/lib/python3.7/site-packages/airflow/example_dags/example_latest_only_with_trigger.py
[2023-10-10T17:42:13.250+0000] {logging_mixin.py:150} INFO - [2023-10-10T17:42:13.250+0000] {dag.py:2742} INFO - Sync 1 DAGs
[2023-10-10T17:42:13.321+0000] {logging_mixin.py:150} INFO - [2023-10-10T17:42:13.321+0000] {dag.py:3508} INFO - Setting next_dagrun for latest_only_with_trigger to 2023-10-10T13:42:13.321137+00:00, run_after=2023-10-10T17:42:13.321137+00:00
[2023-10-10T17:42:13.370+0000] {processor.py:179} INFO - Processing /home/airflow/.local/lib/python3.7/site-packages/airflow/example_dags/example_latest_only_with_trigger.py took 0.205 seconds
[2023-10-10T17:42:43.631+0000] {processor.py:157} INFO - Started process (PID=1104) to work on /home/airflow/.local/lib/python3.7/site-packages/airflow/example_dags/example_latest_only_with_trigger.py
[2023-10-10T17:42:43.633+0000] {processor.py:826} INFO - Processing file /home/airflow/.local/lib/python3.7/site-packages/airflow/example_dags/example_latest_only_with_trigger.py for tasks to queue
[2023-10-10T17:42:43.636+0000] {logging_mixin.py:150} INFO - [2023-10-10T17:42:43.635+0000] {dagbag.py:541} INFO - Filling up the DagBag from /home/airflow/.local/lib/python3.7/site-packages/airflow/example_dags/example_latest_only_with_trigger.py
[2023-10-10T17:42:43.648+0000] {processor.py:836} INFO - DAG(s) dict_keys(['latest_only_with_trigger']) retrieved from /home/airflow/.local/lib/python3.7/site-packages/airflow/example_dags/example_latest_only_with_trigger.py
[2023-10-10T17:42:43.694+0000] {logging_mixin.py:150} INFO - [2023-10-10T17:42:43.694+0000] {dag.py:2742} INFO - Sync 1 DAGs
[2023-10-10T17:42:43.751+0000] {logging_mixin.py:150} INFO - [2023-10-10T17:42:43.751+0000] {dag.py:3508} INFO - Setting next_dagrun for latest_only_with_trigger to 2023-10-10T13:42:43.750975+00:00, run_after=2023-10-10T17:42:43.750975+00:00
[2023-10-10T17:42:43.786+0000] {processor.py:179} INFO - Processing /home/airflow/.local/lib/python3.7/site-packages/airflow/example_dags/example_latest_only_with_trigger.py took 0.160 seconds
[2023-10-10T17:43:14.084+0000] {processor.py:157} INFO - Started process (PID=1191) to work on /home/airflow/.local/lib/python3.7/site-packages/airflow/example_dags/example_latest_only_with_trigger.py
[2023-10-10T17:43:14.087+0000] {processor.py:826} INFO - Processing file /home/airflow/.local/lib/python3.7/site-packages/airflow/example_dags/example_latest_only_with_trigger.py for tasks to queue
[2023-10-10T17:43:14.089+0000] {logging_mixin.py:150} INFO - [2023-10-10T17:43:14.088+0000] {dagbag.py:541} INFO - Filling up the DagBag from /home/airflow/.local/lib/python3.7/site-packages/airflow/example_dags/example_latest_only_with_trigger.py
[2023-10-10T17:43:14.099+0000] {processor.py:836} INFO - DAG(s) dict_keys(['latest_only_with_trigger']) retrieved from /home/airflow/.local/lib/python3.7/site-packages/airflow/example_dags/example_latest_only_with_trigger.py
[2023-10-10T17:43:14.139+0000] {logging_mixin.py:150} INFO - [2023-10-10T17:43:14.139+0000] {dag.py:2742} INFO - Sync 1 DAGs
[2023-10-10T17:43:14.177+0000] {logging_mixin.py:150} INFO - [2023-10-10T17:43:14.177+0000] {dag.py:3508} INFO - Setting next_dagrun for latest_only_with_trigger to 2023-10-10T13:43:14.177047+00:00, run_after=2023-10-10T17:43:14.177047+00:00
[2023-10-10T17:43:14.208+0000] {processor.py:179} INFO - Processing /home/airflow/.local/lib/python3.7/site-packages/airflow/example_dags/example_latest_only_with_trigger.py took 0.130 seconds
[2023-10-10T17:43:44.272+0000] {processor.py:157} INFO - Started process (PID=1273) to work on /home/airflow/.local/lib/python3.7/site-packages/airflow/example_dags/example_latest_only_with_trigger.py
[2023-10-10T17:43:44.274+0000] {processor.py:826} INFO - Processing file /home/airflow/.local/lib/python3.7/site-packages/airflow/example_dags/example_latest_only_with_trigger.py for tasks to queue
[2023-10-10T17:43:44.276+0000] {logging_mixin.py:150} INFO - [2023-10-10T17:43:44.275+0000] {dagbag.py:541} INFO - Filling up the DagBag from /home/airflow/.local/lib/python3.7/site-packages/airflow/example_dags/example_latest_only_with_trigger.py
[2023-10-10T17:43:44.286+0000] {processor.py:836} INFO - DAG(s) dict_keys(['latest_only_with_trigger']) retrieved from /home/airflow/.local/lib/python3.7/site-packages/airflow/example_dags/example_latest_only_with_trigger.py
[2023-10-10T17:43:44.323+0000] {logging_mixin.py:150} INFO - [2023-10-10T17:43:44.323+0000] {dag.py:2742} INFO - Sync 1 DAGs
[2023-10-10T17:43:44.358+0000] {logging_mixin.py:150} INFO - [2023-10-10T17:43:44.358+0000] {dag.py:3508} INFO - Setting next_dagrun for latest_only_with_trigger to 2023-10-10T13:43:44.358052+00:00, run_after=2023-10-10T17:43:44.358052+00:00
[2023-10-10T17:43:44.385+0000] {processor.py:179} INFO - Processing /home/airflow/.local/lib/python3.7/site-packages/airflow/example_dags/example_latest_only_with_trigger.py took 0.118 seconds
[2023-10-10T17:44:14.729+0000] {processor.py:157} INFO - Started process (PID=1353) to work on /home/airflow/.local/lib/python3.7/site-packages/airflow/example_dags/example_latest_only_with_trigger.py
[2023-10-10T17:44:14.731+0000] {processor.py:826} INFO - Processing file /home/airflow/.local/lib/python3.7/site-packages/airflow/example_dags/example_latest_only_with_trigger.py for tasks to queue
[2023-10-10T17:44:14.733+0000] {logging_mixin.py:150} INFO - [2023-10-10T17:44:14.732+0000] {dagbag.py:541} INFO - Filling up the DagBag from /home/airflow/.local/lib/python3.7/site-packages/airflow/example_dags/example_latest_only_with_trigger.py
[2023-10-10T17:44:14.742+0000] {processor.py:836} INFO - DAG(s) dict_keys(['latest_only_with_trigger']) retrieved from /home/airflow/.local/lib/python3.7/site-packages/airflow/example_dags/example_latest_only_with_trigger.py
[2023-10-10T17:44:14.778+0000] {logging_mixin.py:150} INFO - [2023-10-10T17:44:14.778+0000] {dag.py:2742} INFO - Sync 1 DAGs
[2023-10-10T17:44:14.813+0000] {logging_mixin.py:150} INFO - [2023-10-10T17:44:14.812+0000] {dag.py:3508} INFO - Setting next_dagrun for latest_only_with_trigger to 2023-10-10T13:44:14.812650+00:00, run_after=2023-10-10T17:44:14.812650+00:00
[2023-10-10T17:44:14.838+0000] {processor.py:179} INFO - Processing /home/airflow/.local/lib/python3.7/site-packages/airflow/example_dags/example_latest_only_with_trigger.py took 0.114 seconds
[2023-10-10T17:44:45.023+0000] {processor.py:157} INFO - Started process (PID=1442) to work on /home/airflow/.local/lib/python3.7/site-packages/airflow/example_dags/example_latest_only_with_trigger.py
[2023-10-10T17:44:45.025+0000] {processor.py:826} INFO - Processing file /home/airflow/.local/lib/python3.7/site-packages/airflow/example_dags/example_latest_only_with_trigger.py for tasks to queue
[2023-10-10T17:44:45.027+0000] {logging_mixin.py:150} INFO - [2023-10-10T17:44:45.027+0000] {dagbag.py:541} INFO - Filling up the DagBag from /home/airflow/.local/lib/python3.7/site-packages/airflow/example_dags/example_latest_only_with_trigger.py
[2023-10-10T17:44:45.038+0000] {processor.py:836} INFO - DAG(s) dict_keys(['latest_only_with_trigger']) retrieved from /home/airflow/.local/lib/python3.7/site-packages/airflow/example_dags/example_latest_only_with_trigger.py
[2023-10-10T17:44:45.078+0000] {logging_mixin.py:150} INFO - [2023-10-10T17:44:45.078+0000] {dag.py:2742} INFO - Sync 1 DAGs
[2023-10-10T17:44:45.120+0000] {logging_mixin.py:150} INFO - [2023-10-10T17:44:45.119+0000] {dag.py:3508} INFO - Setting next_dagrun for latest_only_with_trigger to 2023-10-10T13:44:45.119242+00:00, run_after=2023-10-10T17:44:45.119242+00:00
[2023-10-10T17:44:45.151+0000] {processor.py:179} INFO - Processing /home/airflow/.local/lib/python3.7/site-packages/airflow/example_dags/example_latest_only_with_trigger.py took 0.135 seconds
[2023-10-10T17:45:15.947+0000] {processor.py:157} INFO - Started process (PID=1522) to work on /home/airflow/.local/lib/python3.7/site-packages/airflow/example_dags/example_latest_only_with_trigger.py
[2023-10-10T17:45:15.949+0000] {processor.py:826} INFO - Processing file /home/airflow/.local/lib/python3.7/site-packages/airflow/example_dags/example_latest_only_with_trigger.py for tasks to queue
[2023-10-10T17:45:15.952+0000] {logging_mixin.py:150} INFO - [2023-10-10T17:45:15.951+0000] {dagbag.py:541} INFO - Filling up the DagBag from /home/airflow/.local/lib/python3.7/site-packages/airflow/example_dags/example_latest_only_with_trigger.py
[2023-10-10T17:45:15.961+0000] {processor.py:836} INFO - DAG(s) dict_keys(['latest_only_with_trigger']) retrieved from /home/airflow/.local/lib/python3.7/site-packages/airflow/example_dags/example_latest_only_with_trigger.py
[2023-10-10T17:45:15.994+0000] {logging_mixin.py:150} INFO - [2023-10-10T17:45:15.994+0000] {dag.py:2742} INFO - Sync 1 DAGs
[2023-10-10T17:45:16.030+0000] {logging_mixin.py:150} INFO - [2023-10-10T17:45:16.030+0000] {dag.py:3508} INFO - Setting next_dagrun for latest_only_with_trigger to 2023-10-10T13:45:16.030294+00:00, run_after=2023-10-10T17:45:16.030294+00:00
[2023-10-10T17:45:16.058+0000] {processor.py:179} INFO - Processing /home/airflow/.local/lib/python3.7/site-packages/airflow/example_dags/example_latest_only_with_trigger.py took 0.115 seconds
[2023-10-10T17:45:46.658+0000] {processor.py:157} INFO - Started process (PID=1611) to work on /home/airflow/.local/lib/python3.7/site-packages/airflow/example_dags/example_latest_only_with_trigger.py
[2023-10-10T17:45:46.661+0000] {processor.py:826} INFO - Processing file /home/airflow/.local/lib/python3.7/site-packages/airflow/example_dags/example_latest_only_with_trigger.py for tasks to queue
[2023-10-10T17:45:46.664+0000] {logging_mixin.py:150} INFO - [2023-10-10T17:45:46.663+0000] {dagbag.py:541} INFO - Filling up the DagBag from /home/airflow/.local/lib/python3.7/site-packages/airflow/example_dags/example_latest_only_with_trigger.py
[2023-10-10T17:45:46.674+0000] {processor.py:836} INFO - DAG(s) dict_keys(['latest_only_with_trigger']) retrieved from /home/airflow/.local/lib/python3.7/site-packages/airflow/example_dags/example_latest_only_with_trigger.py
[2023-10-10T17:45:46.719+0000] {logging_mixin.py:150} INFO - [2023-10-10T17:45:46.719+0000] {dag.py:2742} INFO - Sync 1 DAGs
[2023-10-10T17:45:46.755+0000] {logging_mixin.py:150} INFO - [2023-10-10T17:45:46.755+0000] {dag.py:3508} INFO - Setting next_dagrun for latest_only_with_trigger to 2023-10-10T13:45:46.755514+00:00, run_after=2023-10-10T17:45:46.755514+00:00
[2023-10-10T17:45:46.787+0000] {processor.py:179} INFO - Processing /home/airflow/.local/lib/python3.7/site-packages/airflow/example_dags/example_latest_only_with_trigger.py took 0.136 seconds
[2023-10-10T17:46:16.971+0000] {processor.py:157} INFO - Started process (PID=1691) to work on /home/airflow/.local/lib/python3.7/site-packages/airflow/example_dags/example_latest_only_with_trigger.py
[2023-10-10T17:46:16.974+0000] {processor.py:826} INFO - Processing file /home/airflow/.local/lib/python3.7/site-packages/airflow/example_dags/example_latest_only_with_trigger.py for tasks to queue
[2023-10-10T17:46:16.977+0000] {logging_mixin.py:150} INFO - [2023-10-10T17:46:16.977+0000] {dagbag.py:541} INFO - Filling up the DagBag from /home/airflow/.local/lib/python3.7/site-packages/airflow/example_dags/example_latest_only_with_trigger.py
[2023-10-10T17:46:16.989+0000] {processor.py:836} INFO - DAG(s) dict_keys(['latest_only_with_trigger']) retrieved from /home/airflow/.local/lib/python3.7/site-packages/airflow/example_dags/example_latest_only_with_trigger.py
[2023-10-10T17:46:17.039+0000] {logging_mixin.py:150} INFO - [2023-10-10T17:46:17.039+0000] {dag.py:2742} INFO - Sync 1 DAGs
[2023-10-10T17:46:17.079+0000] {logging_mixin.py:150} INFO - [2023-10-10T17:46:17.079+0000] {dag.py:3508} INFO - Setting next_dagrun for latest_only_with_trigger to 2023-10-10T13:46:17.078782+00:00, run_after=2023-10-10T17:46:17.078782+00:00
[2023-10-10T17:46:17.117+0000] {processor.py:179} INFO - Processing /home/airflow/.local/lib/python3.7/site-packages/airflow/example_dags/example_latest_only_with_trigger.py took 0.153 seconds
[2023-10-10T17:46:47.260+0000] {processor.py:157} INFO - Started process (PID=1780) to work on /home/airflow/.local/lib/python3.7/site-packages/airflow/example_dags/example_latest_only_with_trigger.py
[2023-10-10T17:46:47.263+0000] {processor.py:826} INFO - Processing file /home/airflow/.local/lib/python3.7/site-packages/airflow/example_dags/example_latest_only_with_trigger.py for tasks to queue
[2023-10-10T17:46:47.266+0000] {logging_mixin.py:150} INFO - [2023-10-10T17:46:47.265+0000] {dagbag.py:541} INFO - Filling up the DagBag from /home/airflow/.local/lib/python3.7/site-packages/airflow/example_dags/example_latest_only_with_trigger.py
[2023-10-10T17:46:47.276+0000] {processor.py:836} INFO - DAG(s) dict_keys(['latest_only_with_trigger']) retrieved from /home/airflow/.local/lib/python3.7/site-packages/airflow/example_dags/example_latest_only_with_trigger.py
[2023-10-10T17:46:47.319+0000] {logging_mixin.py:150} INFO - [2023-10-10T17:46:47.318+0000] {dag.py:2742} INFO - Sync 1 DAGs
[2023-10-10T17:46:47.358+0000] {logging_mixin.py:150} INFO - [2023-10-10T17:46:47.358+0000] {dag.py:3508} INFO - Setting next_dagrun for latest_only_with_trigger to 2023-10-10T13:46:47.357840+00:00, run_after=2023-10-10T17:46:47.357840+00:00
[2023-10-10T17:46:47.387+0000] {processor.py:179} INFO - Processing /home/airflow/.local/lib/python3.7/site-packages/airflow/example_dags/example_latest_only_with_trigger.py took 0.133 seconds
[2023-10-10T17:47:17.608+0000] {processor.py:157} INFO - Started process (PID=1860) to work on /home/airflow/.local/lib/python3.7/site-packages/airflow/example_dags/example_latest_only_with_trigger.py
[2023-10-10T17:47:17.610+0000] {processor.py:826} INFO - Processing file /home/airflow/.local/lib/python3.7/site-packages/airflow/example_dags/example_latest_only_with_trigger.py for tasks to queue
[2023-10-10T17:47:17.612+0000] {logging_mixin.py:150} INFO - [2023-10-10T17:47:17.612+0000] {dagbag.py:541} INFO - Filling up the DagBag from /home/airflow/.local/lib/python3.7/site-packages/airflow/example_dags/example_latest_only_with_trigger.py
[2023-10-10T17:47:17.620+0000] {processor.py:836} INFO - DAG(s) dict_keys(['latest_only_with_trigger']) retrieved from /home/airflow/.local/lib/python3.7/site-packages/airflow/example_dags/example_latest_only_with_trigger.py
[2023-10-10T17:47:17.651+0000] {logging_mixin.py:150} INFO - [2023-10-10T17:47:17.651+0000] {dag.py:2742} INFO - Sync 1 DAGs
[2023-10-10T17:47:17.680+0000] {logging_mixin.py:150} INFO - [2023-10-10T17:47:17.680+0000] {dag.py:3508} INFO - Setting next_dagrun for latest_only_with_trigger to 2023-10-10T13:47:17.680528+00:00, run_after=2023-10-10T17:47:17.680528+00:00
[2023-10-10T17:47:17.701+0000] {processor.py:179} INFO - Processing /home/airflow/.local/lib/python3.7/site-packages/airflow/example_dags/example_latest_only_with_trigger.py took 0.097 seconds
[2023-10-10T17:47:48.026+0000] {processor.py:157} INFO - Started process (PID=1949) to work on /home/airflow/.local/lib/python3.7/site-packages/airflow/example_dags/example_latest_only_with_trigger.py
[2023-10-10T17:47:48.028+0000] {processor.py:826} INFO - Processing file /home/airflow/.local/lib/python3.7/site-packages/airflow/example_dags/example_latest_only_with_trigger.py for tasks to queue
[2023-10-10T17:47:48.030+0000] {logging_mixin.py:150} INFO - [2023-10-10T17:47:48.030+0000] {dagbag.py:541} INFO - Filling up the DagBag from /home/airflow/.local/lib/python3.7/site-packages/airflow/example_dags/example_latest_only_with_trigger.py
[2023-10-10T17:47:48.040+0000] {processor.py:836} INFO - DAG(s) dict_keys(['latest_only_with_trigger']) retrieved from /home/airflow/.local/lib/python3.7/site-packages/airflow/example_dags/example_latest_only_with_trigger.py
[2023-10-10T17:47:48.075+0000] {logging_mixin.py:150} INFO - [2023-10-10T17:47:48.075+0000] {dag.py:2742} INFO - Sync 1 DAGs
[2023-10-10T17:47:48.113+0000] {logging_mixin.py:150} INFO - [2023-10-10T17:47:48.113+0000] {dag.py:3508} INFO - Setting next_dagrun for latest_only_with_trigger to 2023-10-10T13:47:48.112965+00:00, run_after=2023-10-10T17:47:48.112965+00:00
[2023-10-10T17:47:48.142+0000] {processor.py:179} INFO - Processing /home/airflow/.local/lib/python3.7/site-packages/airflow/example_dags/example_latest_only_with_trigger.py took 0.124 seconds
[2023-10-10T17:48:18.402+0000] {processor.py:157} INFO - Started process (PID=2029) to work on /home/airflow/.local/lib/python3.7/site-packages/airflow/example_dags/example_latest_only_with_trigger.py
[2023-10-10T17:48:18.404+0000] {processor.py:826} INFO - Processing file /home/airflow/.local/lib/python3.7/site-packages/airflow/example_dags/example_latest_only_with_trigger.py for tasks to queue
[2023-10-10T17:48:18.406+0000] {logging_mixin.py:150} INFO - [2023-10-10T17:48:18.406+0000] {dagbag.py:541} INFO - Filling up the DagBag from /home/airflow/.local/lib/python3.7/site-packages/airflow/example_dags/example_latest_only_with_trigger.py
[2023-10-10T17:48:18.415+0000] {processor.py:836} INFO - DAG(s) dict_keys(['latest_only_with_trigger']) retrieved from /home/airflow/.local/lib/python3.7/site-packages/airflow/example_dags/example_latest_only_with_trigger.py
[2023-10-10T17:48:18.449+0000] {logging_mixin.py:150} INFO - [2023-10-10T17:48:18.449+0000] {dag.py:2742} INFO - Sync 1 DAGs
[2023-10-10T17:48:18.485+0000] {logging_mixin.py:150} INFO - [2023-10-10T17:48:18.485+0000] {dag.py:3508} INFO - Setting next_dagrun for latest_only_with_trigger to 2023-10-10T13:48:18.485245+00:00, run_after=2023-10-10T17:48:18.485245+00:00
[2023-10-10T17:48:18.514+0000] {processor.py:179} INFO - Processing /home/airflow/.local/lib/python3.7/site-packages/airflow/example_dags/example_latest_only_with_trigger.py took 0.117 seconds
[2023-10-10T17:48:48.717+0000] {processor.py:157} INFO - Started process (PID=2112) to work on /home/airflow/.local/lib/python3.7/site-packages/airflow/example_dags/example_latest_only_with_trigger.py
[2023-10-10T17:48:48.719+0000] {processor.py:826} INFO - Processing file /home/airflow/.local/lib/python3.7/site-packages/airflow/example_dags/example_latest_only_with_trigger.py for tasks to queue
[2023-10-10T17:48:48.721+0000] {logging_mixin.py:150} INFO - [2023-10-10T17:48:48.721+0000] {dagbag.py:541} INFO - Filling up the DagBag from /home/airflow/.local/lib/python3.7/site-packages/airflow/example_dags/example_latest_only_with_trigger.py
[2023-10-10T17:48:48.730+0000] {processor.py:836} INFO - DAG(s) dict_keys(['latest_only_with_trigger']) retrieved from /home/airflow/.local/lib/python3.7/site-packages/airflow/example_dags/example_latest_only_with_trigger.py
[2023-10-10T17:48:48.782+0000] {logging_mixin.py:150} INFO - [2023-10-10T17:48:48.782+0000] {dag.py:2742} INFO - Sync 1 DAGs
[2023-10-10T17:48:48.832+0000] {logging_mixin.py:150} INFO - [2023-10-10T17:48:48.831+0000] {dag.py:3508} INFO - Setting next_dagrun for latest_only_with_trigger to 2023-10-10T13:48:48.831556+00:00, run_after=2023-10-10T17:48:48.831556+00:00
[2023-10-10T17:48:48.868+0000] {processor.py:179} INFO - Processing /home/airflow/.local/lib/python3.7/site-packages/airflow/example_dags/example_latest_only_with_trigger.py took 0.156 seconds
[2023-10-10T17:49:19.849+0000] {processor.py:157} INFO - Started process (PID=2205) to work on /home/airflow/.local/lib/python3.7/site-packages/airflow/example_dags/example_latest_only_with_trigger.py
[2023-10-10T17:49:19.851+0000] {processor.py:826} INFO - Processing file /home/airflow/.local/lib/python3.7/site-packages/airflow/example_dags/example_latest_only_with_trigger.py for tasks to queue
[2023-10-10T17:49:19.852+0000] {logging_mixin.py:150} INFO - [2023-10-10T17:49:19.852+0000] {dagbag.py:541} INFO - Filling up the DagBag from /home/airflow/.local/lib/python3.7/site-packages/airflow/example_dags/example_latest_only_with_trigger.py
[2023-10-10T17:49:19.861+0000] {processor.py:836} INFO - DAG(s) dict_keys(['latest_only_with_trigger']) retrieved from /home/airflow/.local/lib/python3.7/site-packages/airflow/example_dags/example_latest_only_with_trigger.py
[2023-10-10T17:49:19.907+0000] {logging_mixin.py:150} INFO - [2023-10-10T17:49:19.906+0000] {dag.py:2742} INFO - Sync 1 DAGs
[2023-10-10T17:49:19.945+0000] {logging_mixin.py:150} INFO - [2023-10-10T17:49:19.945+0000] {dag.py:3508} INFO - Setting next_dagrun for latest_only_with_trigger to 2023-10-10T13:49:19.944813+00:00, run_after=2023-10-10T17:49:19.944813+00:00
[2023-10-10T17:49:19.977+0000] {processor.py:179} INFO - Processing /home/airflow/.local/lib/python3.7/site-packages/airflow/example_dags/example_latest_only_with_trigger.py took 0.133 seconds
[2023-10-10T17:49:50.325+0000] {processor.py:157} INFO - Started process (PID=2285) to work on /home/airflow/.local/lib/python3.7/site-packages/airflow/example_dags/example_latest_only_with_trigger.py
[2023-10-10T17:49:50.327+0000] {processor.py:826} INFO - Processing file /home/airflow/.local/lib/python3.7/site-packages/airflow/example_dags/example_latest_only_with_trigger.py for tasks to queue
[2023-10-10T17:49:50.328+0000] {logging_mixin.py:150} INFO - [2023-10-10T17:49:50.328+0000] {dagbag.py:541} INFO - Filling up the DagBag from /home/airflow/.local/lib/python3.7/site-packages/airflow/example_dags/example_latest_only_with_trigger.py
[2023-10-10T17:49:50.337+0000] {processor.py:836} INFO - DAG(s) dict_keys(['latest_only_with_trigger']) retrieved from /home/airflow/.local/lib/python3.7/site-packages/airflow/example_dags/example_latest_only_with_trigger.py
[2023-10-10T17:49:50.383+0000] {logging_mixin.py:150} INFO - [2023-10-10T17:49:50.382+0000] {dag.py:2742} INFO - Sync 1 DAGs
[2023-10-10T17:49:50.422+0000] {logging_mixin.py:150} INFO - [2023-10-10T17:49:50.422+0000] {dag.py:3508} INFO - Setting next_dagrun for latest_only_with_trigger to 2023-10-10T13:49:50.422414+00:00, run_after=2023-10-10T17:49:50.422414+00:00
[2023-10-10T17:49:50.461+0000] {processor.py:179} INFO - Processing /home/airflow/.local/lib/python3.7/site-packages/airflow/example_dags/example_latest_only_with_trigger.py took 0.141 seconds
[2023-10-10T17:50:21.231+0000] {processor.py:157} INFO - Started process (PID=2377) to work on /home/airflow/.local/lib/python3.7/site-packages/airflow/example_dags/example_latest_only_with_trigger.py
[2023-10-10T17:50:21.235+0000] {processor.py:826} INFO - Processing file /home/airflow/.local/lib/python3.7/site-packages/airflow/example_dags/example_latest_only_with_trigger.py for tasks to queue
[2023-10-10T17:50:21.237+0000] {logging_mixin.py:150} INFO - [2023-10-10T17:50:21.237+0000] {dagbag.py:541} INFO - Filling up the DagBag from /home/airflow/.local/lib/python3.7/site-packages/airflow/example_dags/example_latest_only_with_trigger.py
[2023-10-10T17:50:21.254+0000] {processor.py:836} INFO - DAG(s) dict_keys(['latest_only_with_trigger']) retrieved from /home/airflow/.local/lib/python3.7/site-packages/airflow/example_dags/example_latest_only_with_trigger.py
[2023-10-10T17:50:21.328+0000] {logging_mixin.py:150} INFO - [2023-10-10T17:50:21.327+0000] {dag.py:2742} INFO - Sync 1 DAGs
[2023-10-10T17:50:21.399+0000] {logging_mixin.py:150} INFO - [2023-10-10T17:50:21.398+0000] {dag.py:3508} INFO - Setting next_dagrun for latest_only_with_trigger to 2023-10-10T13:50:21.398294+00:00, run_after=2023-10-10T17:50:21.398294+00:00
[2023-10-10T17:50:21.446+0000] {processor.py:179} INFO - Processing /home/airflow/.local/lib/python3.7/site-packages/airflow/example_dags/example_latest_only_with_trigger.py took 0.222 seconds
[2023-10-10T17:50:51.812+0000] {processor.py:157} INFO - Started process (PID=2457) to work on /home/airflow/.local/lib/python3.7/site-packages/airflow/example_dags/example_latest_only_with_trigger.py
[2023-10-10T17:50:51.813+0000] {processor.py:826} INFO - Processing file /home/airflow/.local/lib/python3.7/site-packages/airflow/example_dags/example_latest_only_with_trigger.py for tasks to queue
[2023-10-10T17:50:51.815+0000] {logging_mixin.py:150} INFO - [2023-10-10T17:50:51.814+0000] {dagbag.py:541} INFO - Filling up the DagBag from /home/airflow/.local/lib/python3.7/site-packages/airflow/example_dags/example_latest_only_with_trigger.py
[2023-10-10T17:50:51.825+0000] {processor.py:836} INFO - DAG(s) dict_keys(['latest_only_with_trigger']) retrieved from /home/airflow/.local/lib/python3.7/site-packages/airflow/example_dags/example_latest_only_with_trigger.py
[2023-10-10T17:50:51.858+0000] {logging_mixin.py:150} INFO - [2023-10-10T17:50:51.857+0000] {dag.py:2742} INFO - Sync 1 DAGs
[2023-10-10T17:50:51.892+0000] {logging_mixin.py:150} INFO - [2023-10-10T17:50:51.892+0000] {dag.py:3508} INFO - Setting next_dagrun for latest_only_with_trigger to 2023-10-10T13:50:51.892168+00:00, run_after=2023-10-10T17:50:51.892168+00:00
[2023-10-10T17:50:51.921+0000] {processor.py:179} INFO - Processing /home/airflow/.local/lib/python3.7/site-packages/airflow/example_dags/example_latest_only_with_trigger.py took 0.115 seconds
[2023-10-10T17:51:22.338+0000] {processor.py:157} INFO - Started process (PID=2546) to work on /home/airflow/.local/lib/python3.7/site-packages/airflow/example_dags/example_latest_only_with_trigger.py
[2023-10-10T17:51:22.340+0000] {processor.py:826} INFO - Processing file /home/airflow/.local/lib/python3.7/site-packages/airflow/example_dags/example_latest_only_with_trigger.py for tasks to queue
[2023-10-10T17:51:22.341+0000] {logging_mixin.py:150} INFO - [2023-10-10T17:51:22.341+0000] {dagbag.py:541} INFO - Filling up the DagBag from /home/airflow/.local/lib/python3.7/site-packages/airflow/example_dags/example_latest_only_with_trigger.py
[2023-10-10T17:51:22.352+0000] {processor.py:836} INFO - DAG(s) dict_keys(['latest_only_with_trigger']) retrieved from /home/airflow/.local/lib/python3.7/site-packages/airflow/example_dags/example_latest_only_with_trigger.py
[2023-10-10T17:51:22.399+0000] {logging_mixin.py:150} INFO - [2023-10-10T17:51:22.399+0000] {dag.py:2742} INFO - Sync 1 DAGs
[2023-10-10T17:51:22.440+0000] {logging_mixin.py:150} INFO - [2023-10-10T17:51:22.439+0000] {dag.py:3508} INFO - Setting next_dagrun for latest_only_with_trigger to 2023-10-10T13:51:22.439332+00:00, run_after=2023-10-10T17:51:22.439332+00:00
[2023-10-10T17:51:22.483+0000] {processor.py:179} INFO - Processing /home/airflow/.local/lib/python3.7/site-packages/airflow/example_dags/example_latest_only_with_trigger.py took 0.150 seconds
[2023-10-10T17:51:53.282+0000] {processor.py:157} INFO - Started process (PID=2631) to work on /home/airflow/.local/lib/python3.7/site-packages/airflow/example_dags/example_latest_only_with_trigger.py
[2023-10-10T17:51:53.286+0000] {processor.py:826} INFO - Processing file /home/airflow/.local/lib/python3.7/site-packages/airflow/example_dags/example_latest_only_with_trigger.py for tasks to queue
[2023-10-10T17:51:53.290+0000] {logging_mixin.py:150} INFO - [2023-10-10T17:51:53.289+0000] {dagbag.py:541} INFO - Filling up the DagBag from /home/airflow/.local/lib/python3.7/site-packages/airflow/example_dags/example_latest_only_with_trigger.py
[2023-10-10T17:51:53.308+0000] {processor.py:836} INFO - DAG(s) dict_keys(['latest_only_with_trigger']) retrieved from /home/airflow/.local/lib/python3.7/site-packages/airflow/example_dags/example_latest_only_with_trigger.py
[2023-10-10T17:51:53.361+0000] {logging_mixin.py:150} INFO - [2023-10-10T17:51:53.360+0000] {dag.py:2742} INFO - Sync 1 DAGs
[2023-10-10T17:51:53.426+0000] {logging_mixin.py:150} INFO - [2023-10-10T17:51:53.425+0000] {dag.py:3508} INFO - Setting next_dagrun for latest_only_with_trigger to 2023-10-10T13:51:53.425180+00:00, run_after=2023-10-10T17:51:53.425180+00:00
[2023-10-10T17:51:53.483+0000] {processor.py:179} INFO - Processing /home/airflow/.local/lib/python3.7/site-packages/airflow/example_dags/example_latest_only_with_trigger.py took 0.211 seconds
[2023-10-10T17:52:23.779+0000] {processor.py:157} INFO - Started process (PID=2720) to work on /home/airflow/.local/lib/python3.7/site-packages/airflow/example_dags/example_latest_only_with_trigger.py
[2023-10-10T17:52:23.781+0000] {processor.py:826} INFO - Processing file /home/airflow/.local/lib/python3.7/site-packages/airflow/example_dags/example_latest_only_with_trigger.py for tasks to queue
[2023-10-10T17:52:23.783+0000] {logging_mixin.py:150} INFO - [2023-10-10T17:52:23.782+0000] {dagbag.py:541} INFO - Filling up the DagBag from /home/airflow/.local/lib/python3.7/site-packages/airflow/example_dags/example_latest_only_with_trigger.py
[2023-10-10T17:52:23.791+0000] {processor.py:836} INFO - DAG(s) dict_keys(['latest_only_with_trigger']) retrieved from /home/airflow/.local/lib/python3.7/site-packages/airflow/example_dags/example_latest_only_with_trigger.py
[2023-10-10T17:52:23.824+0000] {logging_mixin.py:150} INFO - [2023-10-10T17:52:23.824+0000] {dag.py:2742} INFO - Sync 1 DAGs
[2023-10-10T17:52:23.859+0000] {logging_mixin.py:150} INFO - [2023-10-10T17:52:23.859+0000] {dag.py:3508} INFO - Setting next_dagrun for latest_only_with_trigger to 2023-10-10T13:52:23.858751+00:00, run_after=2023-10-10T17:52:23.858751+00:00
[2023-10-10T17:52:23.888+0000] {processor.py:179} INFO - Processing /home/airflow/.local/lib/python3.7/site-packages/airflow/example_dags/example_latest_only_with_trigger.py took 0.115 seconds
[2023-10-10T17:52:54.768+0000] {processor.py:157} INFO - Started process (PID=2802) to work on /home/airflow/.local/lib/python3.7/site-packages/airflow/example_dags/example_latest_only_with_trigger.py
[2023-10-10T17:52:54.771+0000] {processor.py:826} INFO - Processing file /home/airflow/.local/lib/python3.7/site-packages/airflow/example_dags/example_latest_only_with_trigger.py for tasks to queue
[2023-10-10T17:52:54.772+0000] {logging_mixin.py:150} INFO - [2023-10-10T17:52:54.772+0000] {dagbag.py:541} INFO - Filling up the DagBag from /home/airflow/.local/lib/python3.7/site-packages/airflow/example_dags/example_latest_only_with_trigger.py
[2023-10-10T17:52:54.783+0000] {processor.py:836} INFO - DAG(s) dict_keys(['latest_only_with_trigger']) retrieved from /home/airflow/.local/lib/python3.7/site-packages/airflow/example_dags/example_latest_only_with_trigger.py
[2023-10-10T17:52:54.820+0000] {logging_mixin.py:150} INFO - [2023-10-10T17:52:54.820+0000] {dag.py:2742} INFO - Sync 1 DAGs
[2023-10-10T17:52:54.859+0000] {logging_mixin.py:150} INFO - [2023-10-10T17:52:54.859+0000] {dag.py:3508} INFO - Setting next_dagrun for latest_only_with_trigger to 2023-10-10T13:52:54.858717+00:00, run_after=2023-10-10T17:52:54.858717+00:00
[2023-10-10T17:52:54.885+0000] {processor.py:179} INFO - Processing /home/airflow/.local/lib/python3.7/site-packages/airflow/example_dags/example_latest_only_with_trigger.py took 0.122 seconds
[2023-10-10T17:53:25.346+0000] {processor.py:157} INFO - Started process (PID=2893) to work on /home/airflow/.local/lib/python3.7/site-packages/airflow/example_dags/example_latest_only_with_trigger.py
[2023-10-10T17:53:25.348+0000] {processor.py:826} INFO - Processing file /home/airflow/.local/lib/python3.7/site-packages/airflow/example_dags/example_latest_only_with_trigger.py for tasks to queue
[2023-10-10T17:53:25.350+0000] {logging_mixin.py:150} INFO - [2023-10-10T17:53:25.350+0000] {dagbag.py:541} INFO - Filling up the DagBag from /home/airflow/.local/lib/python3.7/site-packages/airflow/example_dags/example_latest_only_with_trigger.py
[2023-10-10T17:53:25.365+0000] {processor.py:836} INFO - DAG(s) dict_keys(['latest_only_with_trigger']) retrieved from /home/airflow/.local/lib/python3.7/site-packages/airflow/example_dags/example_latest_only_with_trigger.py
[2023-10-10T17:53:25.406+0000] {logging_mixin.py:150} INFO - [2023-10-10T17:53:25.406+0000] {dag.py:2742} INFO - Sync 1 DAGs
[2023-10-10T17:53:25.450+0000] {logging_mixin.py:150} INFO - [2023-10-10T17:53:25.450+0000] {dag.py:3508} INFO - Setting next_dagrun for latest_only_with_trigger to 2023-10-10T13:53:25.450131+00:00, run_after=2023-10-10T17:53:25.450131+00:00
[2023-10-10T17:53:25.490+0000] {processor.py:179} INFO - Processing /home/airflow/.local/lib/python3.7/site-packages/airflow/example_dags/example_latest_only_with_trigger.py took 0.150 seconds
[2023-10-10T17:53:56.757+0000] {processor.py:157} INFO - Started process (PID=2974) to work on /home/airflow/.local/lib/python3.7/site-packages/airflow/example_dags/example_latest_only_with_trigger.py
[2023-10-10T17:53:56.759+0000] {processor.py:826} INFO - Processing file /home/airflow/.local/lib/python3.7/site-packages/airflow/example_dags/example_latest_only_with_trigger.py for tasks to queue
[2023-10-10T17:53:56.761+0000] {logging_mixin.py:150} INFO - [2023-10-10T17:53:56.760+0000] {dagbag.py:541} INFO - Filling up the DagBag from /home/airflow/.local/lib/python3.7/site-packages/airflow/example_dags/example_latest_only_with_trigger.py
[2023-10-10T17:53:56.771+0000] {processor.py:836} INFO - DAG(s) dict_keys(['latest_only_with_trigger']) retrieved from /home/airflow/.local/lib/python3.7/site-packages/airflow/example_dags/example_latest_only_with_trigger.py
[2023-10-10T17:53:56.810+0000] {logging_mixin.py:150} INFO - [2023-10-10T17:53:56.810+0000] {dag.py:2742} INFO - Sync 1 DAGs
[2023-10-10T17:53:56.850+0000] {logging_mixin.py:150} INFO - [2023-10-10T17:53:56.850+0000] {dag.py:3508} INFO - Setting next_dagrun for latest_only_with_trigger to 2023-10-10T13:53:56.849769+00:00, run_after=2023-10-10T17:53:56.849769+00:00
[2023-10-10T17:53:56.874+0000] {processor.py:179} INFO - Processing /home/airflow/.local/lib/python3.7/site-packages/airflow/example_dags/example_latest_only_with_trigger.py took 0.122 seconds
[2023-10-10T17:54:27.536+0000] {processor.py:157} INFO - Started process (PID=3064) to work on /home/airflow/.local/lib/python3.7/site-packages/airflow/example_dags/example_latest_only_with_trigger.py
[2023-10-10T17:54:27.538+0000] {processor.py:826} INFO - Processing file /home/airflow/.local/lib/python3.7/site-packages/airflow/example_dags/example_latest_only_with_trigger.py for tasks to queue
[2023-10-10T17:54:27.540+0000] {logging_mixin.py:150} INFO - [2023-10-10T17:54:27.539+0000] {dagbag.py:541} INFO - Filling up the DagBag from /home/airflow/.local/lib/python3.7/site-packages/airflow/example_dags/example_latest_only_with_trigger.py
[2023-10-10T17:54:27.551+0000] {processor.py:836} INFO - DAG(s) dict_keys(['latest_only_with_trigger']) retrieved from /home/airflow/.local/lib/python3.7/site-packages/airflow/example_dags/example_latest_only_with_trigger.py
[2023-10-10T17:54:27.584+0000] {logging_mixin.py:150} INFO - [2023-10-10T17:54:27.584+0000] {dag.py:2742} INFO - Sync 1 DAGs
[2023-10-10T17:54:27.625+0000] {logging_mixin.py:150} INFO - [2023-10-10T17:54:27.625+0000] {dag.py:3508} INFO - Setting next_dagrun for latest_only_with_trigger to 2023-10-10T13:54:27.624994+00:00, run_after=2023-10-10T17:54:27.624994+00:00
[2023-10-10T17:54:27.654+0000] {processor.py:179} INFO - Processing /home/airflow/.local/lib/python3.7/site-packages/airflow/example_dags/example_latest_only_with_trigger.py took 0.124 seconds
[2023-10-10T17:54:58.263+0000] {processor.py:157} INFO - Started process (PID=3166) to work on /home/airflow/.local/lib/python3.7/site-packages/airflow/example_dags/example_latest_only_with_trigger.py
[2023-10-10T17:54:58.267+0000] {processor.py:826} INFO - Processing file /home/airflow/.local/lib/python3.7/site-packages/airflow/example_dags/example_latest_only_with_trigger.py for tasks to queue
[2023-10-10T17:54:58.270+0000] {logging_mixin.py:150} INFO - [2023-10-10T17:54:58.270+0000] {dagbag.py:541} INFO - Filling up the DagBag from /home/airflow/.local/lib/python3.7/site-packages/airflow/example_dags/example_latest_only_with_trigger.py
[2023-10-10T17:54:58.288+0000] {processor.py:836} INFO - DAG(s) dict_keys(['latest_only_with_trigger']) retrieved from /home/airflow/.local/lib/python3.7/site-packages/airflow/example_dags/example_latest_only_with_trigger.py
[2023-10-10T17:54:58.360+0000] {logging_mixin.py:150} INFO - [2023-10-10T17:54:58.360+0000] {dag.py:2742} INFO - Sync 1 DAGs
[2023-10-10T17:54:58.425+0000] {logging_mixin.py:150} INFO - [2023-10-10T17:54:58.424+0000] {dag.py:3508} INFO - Setting next_dagrun for latest_only_with_trigger to 2023-10-10T13:54:58.424334+00:00, run_after=2023-10-10T17:54:58.424334+00:00
[2023-10-10T17:54:58.468+0000] {processor.py:179} INFO - Processing /home/airflow/.local/lib/python3.7/site-packages/airflow/example_dags/example_latest_only_with_trigger.py took 0.217 seconds
[2023-10-10T17:56:05.524+0000] {processor.py:157} INFO - Started process (PID=3240) to work on /home/airflow/.local/lib/python3.7/site-packages/airflow/example_dags/example_latest_only_with_trigger.py
[2023-10-10T17:56:05.527+0000] {processor.py:826} INFO - Processing file /home/airflow/.local/lib/python3.7/site-packages/airflow/example_dags/example_latest_only_with_trigger.py for tasks to queue
[2023-10-10T17:56:05.530+0000] {logging_mixin.py:150} INFO - [2023-10-10T17:56:05.530+0000] {dagbag.py:541} INFO - Filling up the DagBag from /home/airflow/.local/lib/python3.7/site-packages/airflow/example_dags/example_latest_only_with_trigger.py
[2023-10-10T17:56:05.541+0000] {processor.py:836} INFO - DAG(s) dict_keys(['latest_only_with_trigger']) retrieved from /home/airflow/.local/lib/python3.7/site-packages/airflow/example_dags/example_latest_only_with_trigger.py
[2023-10-10T17:56:05.587+0000] {logging_mixin.py:150} INFO - [2023-10-10T17:56:05.586+0000] {dag.py:2742} INFO - Sync 1 DAGs
[2023-10-10T17:56:05.633+0000] {logging_mixin.py:150} INFO - [2023-10-10T17:56:05.633+0000] {dag.py:3508} INFO - Setting next_dagrun for latest_only_with_trigger to 2023-10-10T13:56:05.633303+00:00, run_after=2023-10-10T17:56:05.633303+00:00
[2023-10-10T17:56:05.688+0000] {processor.py:179} INFO - Processing /home/airflow/.local/lib/python3.7/site-packages/airflow/example_dags/example_latest_only_with_trigger.py took 0.170 seconds
[2023-10-10T17:56:37.744+0000] {processor.py:157} INFO - Started process (PID=3321) to work on /home/airflow/.local/lib/python3.7/site-packages/airflow/example_dags/example_latest_only_with_trigger.py
[2023-10-10T17:56:37.747+0000] {processor.py:826} INFO - Processing file /home/airflow/.local/lib/python3.7/site-packages/airflow/example_dags/example_latest_only_with_trigger.py for tasks to queue
[2023-10-10T17:56:37.752+0000] {logging_mixin.py:150} INFO - [2023-10-10T17:56:37.751+0000] {dagbag.py:541} INFO - Filling up the DagBag from /home/airflow/.local/lib/python3.7/site-packages/airflow/example_dags/example_latest_only_with_trigger.py
[2023-10-10T17:56:37.773+0000] {processor.py:836} INFO - DAG(s) dict_keys(['latest_only_with_trigger']) retrieved from /home/airflow/.local/lib/python3.7/site-packages/airflow/example_dags/example_latest_only_with_trigger.py
[2023-10-10T17:56:37.860+0000] {logging_mixin.py:150} INFO - [2023-10-10T17:56:37.859+0000] {dag.py:2742} INFO - Sync 1 DAGs
[2023-10-10T17:56:37.945+0000] {logging_mixin.py:150} INFO - [2023-10-10T17:56:37.945+0000] {dag.py:3508} INFO - Setting next_dagrun for latest_only_with_trigger to 2023-10-10T13:56:37.944564+00:00, run_after=2023-10-10T17:56:37.944564+00:00
[2023-10-10T17:56:38.015+0000] {processor.py:179} INFO - Processing /home/airflow/.local/lib/python3.7/site-packages/airflow/example_dags/example_latest_only_with_trigger.py took 0.282 seconds
[2023-10-10T17:57:26.061+0000] {processor.py:157} INFO - Started process (PID=3410) to work on /home/airflow/.local/lib/python3.7/site-packages/airflow/example_dags/example_latest_only_with_trigger.py
[2023-10-10T17:57:26.079+0000] {processor.py:826} INFO - Processing file /home/airflow/.local/lib/python3.7/site-packages/airflow/example_dags/example_latest_only_with_trigger.py for tasks to queue
[2023-10-10T17:57:26.099+0000] {logging_mixin.py:150} INFO - [2023-10-10T17:57:26.087+0000] {dagbag.py:541} INFO - Filling up the DagBag from /home/airflow/.local/lib/python3.7/site-packages/airflow/example_dags/example_latest_only_with_trigger.py
[2023-10-10T17:57:26.177+0000] {processor.py:836} INFO - DAG(s) dict_keys(['latest_only_with_trigger']) retrieved from /home/airflow/.local/lib/python3.7/site-packages/airflow/example_dags/example_latest_only_with_trigger.py
[2023-10-10T17:57:26.570+0000] {logging_mixin.py:150} INFO - [2023-10-10T17:57:26.569+0000] {dag.py:2742} INFO - Sync 1 DAGs
[2023-10-10T17:57:27.061+0000] {logging_mixin.py:150} INFO - [2023-10-10T17:57:27.060+0000] {dag.py:3508} INFO - Setting next_dagrun for latest_only_with_trigger to 2023-10-10T13:57:27.045863+00:00, run_after=2023-10-10T17:57:27.045863+00:00
[2023-10-10T17:57:27.373+0000] {processor.py:179} INFO - Processing /home/airflow/.local/lib/python3.7/site-packages/airflow/example_dags/example_latest_only_with_trigger.py took 1.376 seconds
[2023-10-10T17:58:31.874+0000] {processor.py:157} INFO - Started process (PID=3516) to work on /home/airflow/.local/lib/python3.7/site-packages/airflow/example_dags/example_latest_only_with_trigger.py
[2023-10-10T17:58:31.886+0000] {processor.py:826} INFO - Processing file /home/airflow/.local/lib/python3.7/site-packages/airflow/example_dags/example_latest_only_with_trigger.py for tasks to queue
[2023-10-10T17:58:31.892+0000] {logging_mixin.py:150} INFO - [2023-10-10T17:58:31.891+0000] {dagbag.py:541} INFO - Filling up the DagBag from /home/airflow/.local/lib/python3.7/site-packages/airflow/example_dags/example_latest_only_with_trigger.py
[2023-10-10T17:58:31.948+0000] {processor.py:836} INFO - DAG(s) dict_keys(['latest_only_with_trigger']) retrieved from /home/airflow/.local/lib/python3.7/site-packages/airflow/example_dags/example_latest_only_with_trigger.py
[2023-10-10T17:58:32.480+0000] {logging_mixin.py:150} INFO - [2023-10-10T17:58:32.475+0000] {dag.py:2742} INFO - Sync 1 DAGs
[2023-10-10T17:58:33.036+0000] {logging_mixin.py:150} INFO - [2023-10-10T17:58:33.035+0000] {dag.py:3508} INFO - Setting next_dagrun for latest_only_with_trigger to 2023-10-10T13:58:33.033669+00:00, run_after=2023-10-10T17:58:33.033669+00:00
[2023-10-10T17:58:33.204+0000] {processor.py:179} INFO - Processing /home/airflow/.local/lib/python3.7/site-packages/airflow/example_dags/example_latest_only_with_trigger.py took 1.368 seconds
[2023-10-10T17:59:03.572+0000] {processor.py:157} INFO - Started process (PID=3608) to work on /home/airflow/.local/lib/python3.7/site-packages/airflow/example_dags/example_latest_only_with_trigger.py
[2023-10-10T17:59:03.578+0000] {processor.py:826} INFO - Processing file /home/airflow/.local/lib/python3.7/site-packages/airflow/example_dags/example_latest_only_with_trigger.py for tasks to queue
[2023-10-10T17:59:03.592+0000] {logging_mixin.py:150} INFO - [2023-10-10T17:59:03.583+0000] {dagbag.py:541} INFO - Filling up the DagBag from /home/airflow/.local/lib/python3.7/site-packages/airflow/example_dags/example_latest_only_with_trigger.py
[2023-10-10T17:59:03.672+0000] {processor.py:836} INFO - DAG(s) dict_keys(['latest_only_with_trigger']) retrieved from /home/airflow/.local/lib/python3.7/site-packages/airflow/example_dags/example_latest_only_with_trigger.py
[2023-10-10T17:59:03.995+0000] {logging_mixin.py:150} INFO - [2023-10-10T17:59:03.994+0000] {dag.py:2742} INFO - Sync 1 DAGs
[2023-10-10T17:59:04.179+0000] {logging_mixin.py:150} INFO - [2023-10-10T17:59:04.178+0000] {dag.py:3508} INFO - Setting next_dagrun for latest_only_with_trigger to 2023-10-10T13:59:04.177580+00:00, run_after=2023-10-10T17:59:04.177580+00:00
[2023-10-10T17:59:04.289+0000] {processor.py:179} INFO - Processing /home/airflow/.local/lib/python3.7/site-packages/airflow/example_dags/example_latest_only_with_trigger.py took 0.740 seconds
[2023-10-10T17:59:46.389+0000] {processor.py:157} INFO - Started process (PID=3692) to work on /home/airflow/.local/lib/python3.7/site-packages/airflow/example_dags/example_latest_only_with_trigger.py
[2023-10-10T17:59:46.402+0000] {processor.py:826} INFO - Processing file /home/airflow/.local/lib/python3.7/site-packages/airflow/example_dags/example_latest_only_with_trigger.py for tasks to queue
[2023-10-10T17:59:46.433+0000] {logging_mixin.py:150} INFO - [2023-10-10T17:59:46.430+0000] {dagbag.py:541} INFO - Filling up the DagBag from /home/airflow/.local/lib/python3.7/site-packages/airflow/example_dags/example_latest_only_with_trigger.py
[2023-10-10T17:59:46.478+0000] {processor.py:836} INFO - DAG(s) dict_keys(['latest_only_with_trigger']) retrieved from /home/airflow/.local/lib/python3.7/site-packages/airflow/example_dags/example_latest_only_with_trigger.py
[2023-10-10T17:59:46.628+0000] {logging_mixin.py:150} INFO - [2023-10-10T17:59:46.627+0000] {dag.py:2742} INFO - Sync 1 DAGs
[2023-10-10T17:59:46.793+0000] {logging_mixin.py:150} INFO - [2023-10-10T17:59:46.792+0000] {dag.py:3508} INFO - Setting next_dagrun for latest_only_with_trigger to 2023-10-10T13:59:46.788508+00:00, run_after=2023-10-10T17:59:46.788508+00:00
[2023-10-10T17:59:46.951+0000] {processor.py:179} INFO - Processing /home/airflow/.local/lib/python3.7/site-packages/airflow/example_dags/example_latest_only_with_trigger.py took 0.599 seconds
[2023-10-10T18:00:17.727+0000] {processor.py:157} INFO - Started process (PID=3773) to work on /home/airflow/.local/lib/python3.7/site-packages/airflow/example_dags/example_latest_only_with_trigger.py
[2023-10-10T18:00:17.730+0000] {processor.py:826} INFO - Processing file /home/airflow/.local/lib/python3.7/site-packages/airflow/example_dags/example_latest_only_with_trigger.py for tasks to queue
[2023-10-10T18:00:17.733+0000] {logging_mixin.py:150} INFO - [2023-10-10T18:00:17.732+0000] {dagbag.py:541} INFO - Filling up the DagBag from /home/airflow/.local/lib/python3.7/site-packages/airflow/example_dags/example_latest_only_with_trigger.py
[2023-10-10T18:00:17.750+0000] {processor.py:836} INFO - DAG(s) dict_keys(['latest_only_with_trigger']) retrieved from /home/airflow/.local/lib/python3.7/site-packages/airflow/example_dags/example_latest_only_with_trigger.py
[2023-10-10T18:00:17.814+0000] {logging_mixin.py:150} INFO - [2023-10-10T18:00:17.814+0000] {dag.py:2742} INFO - Sync 1 DAGs
[2023-10-10T18:00:17.880+0000] {logging_mixin.py:150} INFO - [2023-10-10T18:00:17.880+0000] {dag.py:3508} INFO - Setting next_dagrun for latest_only_with_trigger to 2023-10-10T14:00:17.879614+00:00, run_after=2023-10-10T18:00:17.879614+00:00
[2023-10-10T18:00:17.928+0000] {processor.py:179} INFO - Processing /home/airflow/.local/lib/python3.7/site-packages/airflow/example_dags/example_latest_only_with_trigger.py took 0.211 seconds
[2023-10-10T18:00:48.151+0000] {processor.py:157} INFO - Started process (PID=3853) to work on /home/airflow/.local/lib/python3.7/site-packages/airflow/example_dags/example_latest_only_with_trigger.py
[2023-10-10T18:00:48.153+0000] {processor.py:826} INFO - Processing file /home/airflow/.local/lib/python3.7/site-packages/airflow/example_dags/example_latest_only_with_trigger.py for tasks to queue
[2023-10-10T18:00:48.155+0000] {logging_mixin.py:150} INFO - [2023-10-10T18:00:48.155+0000] {dagbag.py:541} INFO - Filling up the DagBag from /home/airflow/.local/lib/python3.7/site-packages/airflow/example_dags/example_latest_only_with_trigger.py
[2023-10-10T18:00:48.167+0000] {processor.py:836} INFO - DAG(s) dict_keys(['latest_only_with_trigger']) retrieved from /home/airflow/.local/lib/python3.7/site-packages/airflow/example_dags/example_latest_only_with_trigger.py
[2023-10-10T18:00:48.215+0000] {logging_mixin.py:150} INFO - [2023-10-10T18:00:48.214+0000] {dag.py:2742} INFO - Sync 1 DAGs
[2023-10-10T18:00:48.262+0000] {logging_mixin.py:150} INFO - [2023-10-10T18:00:48.261+0000] {dag.py:3508} INFO - Setting next_dagrun for latest_only_with_trigger to 2023-10-10T14:00:48.261413+00:00, run_after=2023-10-10T18:00:48.261413+00:00
[2023-10-10T18:00:48.295+0000] {processor.py:179} INFO - Processing /home/airflow/.local/lib/python3.7/site-packages/airflow/example_dags/example_latest_only_with_trigger.py took 0.151 seconds
[2023-10-10T18:01:18.956+0000] {processor.py:157} INFO - Started process (PID=3934) to work on /home/airflow/.local/lib/python3.7/site-packages/airflow/example_dags/example_latest_only_with_trigger.py
[2023-10-10T18:01:18.959+0000] {processor.py:826} INFO - Processing file /home/airflow/.local/lib/python3.7/site-packages/airflow/example_dags/example_latest_only_with_trigger.py for tasks to queue
[2023-10-10T18:01:18.962+0000] {logging_mixin.py:150} INFO - [2023-10-10T18:01:18.961+0000] {dagbag.py:541} INFO - Filling up the DagBag from /home/airflow/.local/lib/python3.7/site-packages/airflow/example_dags/example_latest_only_with_trigger.py
[2023-10-10T18:01:18.981+0000] {processor.py:836} INFO - DAG(s) dict_keys(['latest_only_with_trigger']) retrieved from /home/airflow/.local/lib/python3.7/site-packages/airflow/example_dags/example_latest_only_with_trigger.py
[2023-10-10T18:01:19.042+0000] {logging_mixin.py:150} INFO - [2023-10-10T18:01:19.042+0000] {dag.py:2742} INFO - Sync 1 DAGs
[2023-10-10T18:01:19.098+0000] {logging_mixin.py:150} INFO - [2023-10-10T18:01:19.097+0000] {dag.py:3508} INFO - Setting next_dagrun for latest_only_with_trigger to 2023-10-10T14:01:19.097407+00:00, run_after=2023-10-10T18:01:19.097407+00:00
[2023-10-10T18:01:19.144+0000] {processor.py:179} INFO - Processing /home/airflow/.local/lib/python3.7/site-packages/airflow/example_dags/example_latest_only_with_trigger.py took 0.201 seconds
[2023-10-10T18:01:49.200+0000] {processor.py:157} INFO - Started process (PID=4015) to work on /home/airflow/.local/lib/python3.7/site-packages/airflow/example_dags/example_latest_only_with_trigger.py
[2023-10-10T18:01:49.203+0000] {processor.py:826} INFO - Processing file /home/airflow/.local/lib/python3.7/site-packages/airflow/example_dags/example_latest_only_with_trigger.py for tasks to queue
[2023-10-10T18:01:49.206+0000] {logging_mixin.py:150} INFO - [2023-10-10T18:01:49.205+0000] {dagbag.py:541} INFO - Filling up the DagBag from /home/airflow/.local/lib/python3.7/site-packages/airflow/example_dags/example_latest_only_with_trigger.py
[2023-10-10T18:01:49.220+0000] {processor.py:836} INFO - DAG(s) dict_keys(['latest_only_with_trigger']) retrieved from /home/airflow/.local/lib/python3.7/site-packages/airflow/example_dags/example_latest_only_with_trigger.py
[2023-10-10T18:01:49.275+0000] {logging_mixin.py:150} INFO - [2023-10-10T18:01:49.275+0000] {dag.py:2742} INFO - Sync 1 DAGs
[2023-10-10T18:01:49.331+0000] {logging_mixin.py:150} INFO - [2023-10-10T18:01:49.331+0000] {dag.py:3508} INFO - Setting next_dagrun for latest_only_with_trigger to 2023-10-10T14:01:49.330989+00:00, run_after=2023-10-10T18:01:49.330989+00:00
[2023-10-10T18:01:49.375+0000] {processor.py:179} INFO - Processing /home/airflow/.local/lib/python3.7/site-packages/airflow/example_dags/example_latest_only_with_trigger.py took 0.183 seconds
[2023-10-10T18:02:19.661+0000] {processor.py:157} INFO - Started process (PID=4096) to work on /home/airflow/.local/lib/python3.7/site-packages/airflow/example_dags/example_latest_only_with_trigger.py
[2023-10-10T18:02:19.665+0000] {processor.py:826} INFO - Processing file /home/airflow/.local/lib/python3.7/site-packages/airflow/example_dags/example_latest_only_with_trigger.py for tasks to queue
[2023-10-10T18:02:19.669+0000] {logging_mixin.py:150} INFO - [2023-10-10T18:02:19.668+0000] {dagbag.py:541} INFO - Filling up the DagBag from /home/airflow/.local/lib/python3.7/site-packages/airflow/example_dags/example_latest_only_with_trigger.py
[2023-10-10T18:02:19.692+0000] {processor.py:836} INFO - DAG(s) dict_keys(['latest_only_with_trigger']) retrieved from /home/airflow/.local/lib/python3.7/site-packages/airflow/example_dags/example_latest_only_with_trigger.py
[2023-10-10T18:02:19.764+0000] {logging_mixin.py:150} INFO - [2023-10-10T18:02:19.763+0000] {dag.py:2742} INFO - Sync 1 DAGs
[2023-10-10T18:02:19.833+0000] {logging_mixin.py:150} INFO - [2023-10-10T18:02:19.833+0000] {dag.py:3508} INFO - Setting next_dagrun for latest_only_with_trigger to 2023-10-10T14:02:19.832964+00:00, run_after=2023-10-10T18:02:19.832964+00:00
[2023-10-10T18:02:19.884+0000] {processor.py:179} INFO - Processing /home/airflow/.local/lib/python3.7/site-packages/airflow/example_dags/example_latest_only_with_trigger.py took 0.237 seconds
[2023-10-10T18:02:50.045+0000] {processor.py:157} INFO - Started process (PID=4179) to work on /home/airflow/.local/lib/python3.7/site-packages/airflow/example_dags/example_latest_only_with_trigger.py
[2023-10-10T18:02:50.047+0000] {processor.py:826} INFO - Processing file /home/airflow/.local/lib/python3.7/site-packages/airflow/example_dags/example_latest_only_with_trigger.py for tasks to queue
[2023-10-10T18:02:50.050+0000] {logging_mixin.py:150} INFO - [2023-10-10T18:02:50.049+0000] {dagbag.py:541} INFO - Filling up the DagBag from /home/airflow/.local/lib/python3.7/site-packages/airflow/example_dags/example_latest_only_with_trigger.py
[2023-10-10T18:02:50.072+0000] {processor.py:836} INFO - DAG(s) dict_keys(['latest_only_with_trigger']) retrieved from /home/airflow/.local/lib/python3.7/site-packages/airflow/example_dags/example_latest_only_with_trigger.py
[2023-10-10T18:02:50.124+0000] {logging_mixin.py:150} INFO - [2023-10-10T18:02:50.123+0000] {dag.py:2742} INFO - Sync 1 DAGs
[2023-10-10T18:02:50.179+0000] {logging_mixin.py:150} INFO - [2023-10-10T18:02:50.179+0000] {dag.py:3508} INFO - Setting next_dagrun for latest_only_with_trigger to 2023-10-10T14:02:50.178988+00:00, run_after=2023-10-10T18:02:50.178988+00:00
[2023-10-10T18:02:50.222+0000] {processor.py:179} INFO - Processing /home/airflow/.local/lib/python3.7/site-packages/airflow/example_dags/example_latest_only_with_trigger.py took 0.186 seconds
[2023-10-10T18:03:20.430+0000] {processor.py:157} INFO - Started process (PID=4260) to work on /home/airflow/.local/lib/python3.7/site-packages/airflow/example_dags/example_latest_only_with_trigger.py
[2023-10-10T18:03:20.432+0000] {processor.py:826} INFO - Processing file /home/airflow/.local/lib/python3.7/site-packages/airflow/example_dags/example_latest_only_with_trigger.py for tasks to queue
[2023-10-10T18:03:20.434+0000] {logging_mixin.py:150} INFO - [2023-10-10T18:03:20.434+0000] {dagbag.py:541} INFO - Filling up the DagBag from /home/airflow/.local/lib/python3.7/site-packages/airflow/example_dags/example_latest_only_with_trigger.py
[2023-10-10T18:03:20.446+0000] {processor.py:836} INFO - DAG(s) dict_keys(['latest_only_with_trigger']) retrieved from /home/airflow/.local/lib/python3.7/site-packages/airflow/example_dags/example_latest_only_with_trigger.py
[2023-10-10T18:03:20.492+0000] {logging_mixin.py:150} INFO - [2023-10-10T18:03:20.492+0000] {dag.py:2742} INFO - Sync 1 DAGs
[2023-10-10T18:03:20.538+0000] {logging_mixin.py:150} INFO - [2023-10-10T18:03:20.537+0000] {dag.py:3508} INFO - Setting next_dagrun for latest_only_with_trigger to 2023-10-10T14:03:20.537593+00:00, run_after=2023-10-10T18:03:20.537593+00:00
[2023-10-10T18:03:20.573+0000] {processor.py:179} INFO - Processing /home/airflow/.local/lib/python3.7/site-packages/airflow/example_dags/example_latest_only_with_trigger.py took 0.150 seconds
[2023-10-10T18:03:51.286+0000] {processor.py:157} INFO - Started process (PID=4341) to work on /home/airflow/.local/lib/python3.7/site-packages/airflow/example_dags/example_latest_only_with_trigger.py
[2023-10-10T18:03:51.288+0000] {processor.py:826} INFO - Processing file /home/airflow/.local/lib/python3.7/site-packages/airflow/example_dags/example_latest_only_with_trigger.py for tasks to queue
[2023-10-10T18:03:51.290+0000] {logging_mixin.py:150} INFO - [2023-10-10T18:03:51.290+0000] {dagbag.py:541} INFO - Filling up the DagBag from /home/airflow/.local/lib/python3.7/site-packages/airflow/example_dags/example_latest_only_with_trigger.py
[2023-10-10T18:03:51.302+0000] {processor.py:836} INFO - DAG(s) dict_keys(['latest_only_with_trigger']) retrieved from /home/airflow/.local/lib/python3.7/site-packages/airflow/example_dags/example_latest_only_with_trigger.py
[2023-10-10T18:03:51.347+0000] {logging_mixin.py:150} INFO - [2023-10-10T18:03:51.346+0000] {dag.py:2742} INFO - Sync 1 DAGs
[2023-10-10T18:03:51.392+0000] {logging_mixin.py:150} INFO - [2023-10-10T18:03:51.392+0000] {dag.py:3508} INFO - Setting next_dagrun for latest_only_with_trigger to 2023-10-10T14:03:51.392291+00:00, run_after=2023-10-10T18:03:51.392291+00:00
[2023-10-10T18:03:51.429+0000] {processor.py:179} INFO - Processing /home/airflow/.local/lib/python3.7/site-packages/airflow/example_dags/example_latest_only_with_trigger.py took 0.149 seconds
[2023-10-10T18:04:21.994+0000] {processor.py:157} INFO - Started process (PID=4430) to work on /home/airflow/.local/lib/python3.7/site-packages/airflow/example_dags/example_latest_only_with_trigger.py
[2023-10-10T18:04:21.997+0000] {processor.py:826} INFO - Processing file /home/airflow/.local/lib/python3.7/site-packages/airflow/example_dags/example_latest_only_with_trigger.py for tasks to queue
[2023-10-10T18:04:22.000+0000] {logging_mixin.py:150} INFO - [2023-10-10T18:04:22.000+0000] {dagbag.py:541} INFO - Filling up the DagBag from /home/airflow/.local/lib/python3.7/site-packages/airflow/example_dags/example_latest_only_with_trigger.py
[2023-10-10T18:04:22.015+0000] {processor.py:836} INFO - DAG(s) dict_keys(['latest_only_with_trigger']) retrieved from /home/airflow/.local/lib/python3.7/site-packages/airflow/example_dags/example_latest_only_with_trigger.py
[2023-10-10T18:04:22.073+0000] {logging_mixin.py:150} INFO - [2023-10-10T18:04:22.072+0000] {dag.py:2742} INFO - Sync 1 DAGs
[2023-10-10T18:04:22.131+0000] {logging_mixin.py:150} INFO - [2023-10-10T18:04:22.131+0000] {dag.py:3508} INFO - Setting next_dagrun for latest_only_with_trigger to 2023-10-10T14:04:22.130534+00:00, run_after=2023-10-10T18:04:22.130534+00:00
[2023-10-10T18:04:22.177+0000] {processor.py:179} INFO - Processing /home/airflow/.local/lib/python3.7/site-packages/airflow/example_dags/example_latest_only_with_trigger.py took 0.194 seconds
[2023-10-10T18:04:52.502+0000] {processor.py:157} INFO - Started process (PID=4511) to work on /home/airflow/.local/lib/python3.7/site-packages/airflow/example_dags/example_latest_only_with_trigger.py
[2023-10-10T18:04:52.508+0000] {processor.py:826} INFO - Processing file /home/airflow/.local/lib/python3.7/site-packages/airflow/example_dags/example_latest_only_with_trigger.py for tasks to queue
[2023-10-10T18:04:52.515+0000] {logging_mixin.py:150} INFO - [2023-10-10T18:04:52.514+0000] {dagbag.py:541} INFO - Filling up the DagBag from /home/airflow/.local/lib/python3.7/site-packages/airflow/example_dags/example_latest_only_with_trigger.py
[2023-10-10T18:04:52.556+0000] {processor.py:836} INFO - DAG(s) dict_keys(['latest_only_with_trigger']) retrieved from /home/airflow/.local/lib/python3.7/site-packages/airflow/example_dags/example_latest_only_with_trigger.py
[2023-10-10T18:04:52.717+0000] {logging_mixin.py:150} INFO - [2023-10-10T18:04:52.717+0000] {dag.py:2742} INFO - Sync 1 DAGs
[2023-10-10T18:04:52.929+0000] {logging_mixin.py:150} INFO - [2023-10-10T18:04:52.928+0000] {dag.py:3508} INFO - Setting next_dagrun for latest_only_with_trigger to 2023-10-10T14:04:52.926091+00:00, run_after=2023-10-10T18:04:52.926091+00:00
[2023-10-10T18:04:53.081+0000] {processor.py:179} INFO - Processing /home/airflow/.local/lib/python3.7/site-packages/airflow/example_dags/example_latest_only_with_trigger.py took 0.603 seconds
[2023-10-10T18:05:24.451+0000] {processor.py:157} INFO - Started process (PID=4583) to work on /home/airflow/.local/lib/python3.7/site-packages/airflow/example_dags/example_latest_only_with_trigger.py
[2023-10-10T18:05:24.459+0000] {processor.py:826} INFO - Processing file /home/airflow/.local/lib/python3.7/site-packages/airflow/example_dags/example_latest_only_with_trigger.py for tasks to queue
[2023-10-10T18:05:24.470+0000] {logging_mixin.py:150} INFO - [2023-10-10T18:05:24.468+0000] {dagbag.py:541} INFO - Filling up the DagBag from /home/airflow/.local/lib/python3.7/site-packages/airflow/example_dags/example_latest_only_with_trigger.py
[2023-10-10T18:05:24.548+0000] {processor.py:836} INFO - DAG(s) dict_keys(['latest_only_with_trigger']) retrieved from /home/airflow/.local/lib/python3.7/site-packages/airflow/example_dags/example_latest_only_with_trigger.py
[2023-10-10T18:05:24.837+0000] {logging_mixin.py:150} INFO - [2023-10-10T18:05:24.835+0000] {dag.py:2742} INFO - Sync 1 DAGs
[2023-10-10T18:05:25.096+0000] {logging_mixin.py:150} INFO - [2023-10-10T18:05:25.095+0000] {dag.py:3508} INFO - Setting next_dagrun for latest_only_with_trigger to 2023-10-10T14:05:25.092592+00:00, run_after=2023-10-10T18:05:25.092592+00:00
[2023-10-10T18:05:25.275+0000] {processor.py:179} INFO - Processing /home/airflow/.local/lib/python3.7/site-packages/airflow/example_dags/example_latest_only_with_trigger.py took 0.886 seconds
