[2023-10-10T17:36:35.479+0000] {processor.py:157} INFO - Started process (PID=73) to work on /home/airflow/.local/lib/python3.7/site-packages/airflow/example_dags/example_short_circuit_decorator.py
[2023-10-10T17:36:35.482+0000] {processor.py:826} INFO - Processing file /home/airflow/.local/lib/python3.7/site-packages/airflow/example_dags/example_short_circuit_decorator.py for tasks to queue
[2023-10-10T17:36:35.486+0000] {logging_mixin.py:150} INFO - [2023-10-10T17:36:35.486+0000] {dagbag.py:541} INFO - Filling up the DagBag from /home/airflow/.local/lib/python3.7/site-packages/airflow/example_dags/example_short_circuit_decorator.py
[2023-10-10T17:36:35.556+0000] {processor.py:836} INFO - DAG(s) dict_keys(['example_short_circuit_decorator']) retrieved from /home/airflow/.local/lib/python3.7/site-packages/airflow/example_dags/example_short_circuit_decorator.py
[2023-10-10T17:36:35.587+0000] {logging_mixin.py:150} INFO - [2023-10-10T17:36:35.586+0000] {dag.py:2742} INFO - Sync 1 DAGs
[2023-10-10T17:36:35.639+0000] {logging_mixin.py:150} INFO - [2023-10-10T17:36:35.639+0000] {dag.py:3508} INFO - Setting next_dagrun for example_short_circuit_decorator to 2023-10-09T17:36:35.638864+00:00, run_after=2023-10-10T17:36:35.638864+00:00
[2023-10-10T17:36:35.698+0000] {processor.py:179} INFO - Processing /home/airflow/.local/lib/python3.7/site-packages/airflow/example_dags/example_short_circuit_decorator.py took 0.225 seconds
[2023-10-10T17:37:05.932+0000] {processor.py:157} INFO - Started process (PID=160) to work on /home/airflow/.local/lib/python3.7/site-packages/airflow/example_dags/example_short_circuit_decorator.py
[2023-10-10T17:37:05.933+0000] {processor.py:826} INFO - Processing file /home/airflow/.local/lib/python3.7/site-packages/airflow/example_dags/example_short_circuit_decorator.py for tasks to queue
[2023-10-10T17:37:05.935+0000] {logging_mixin.py:150} INFO - [2023-10-10T17:37:05.934+0000] {dagbag.py:541} INFO - Filling up the DagBag from /home/airflow/.local/lib/python3.7/site-packages/airflow/example_dags/example_short_circuit_decorator.py
[2023-10-10T17:37:05.948+0000] {processor.py:836} INFO - DAG(s) dict_keys(['example_short_circuit_decorator']) retrieved from /home/airflow/.local/lib/python3.7/site-packages/airflow/example_dags/example_short_circuit_decorator.py
[2023-10-10T17:37:05.981+0000] {logging_mixin.py:150} INFO - [2023-10-10T17:37:05.980+0000] {dag.py:2742} INFO - Sync 1 DAGs
[2023-10-10T17:37:06.009+0000] {logging_mixin.py:150} INFO - [2023-10-10T17:37:06.009+0000] {dag.py:3508} INFO - Setting next_dagrun for example_short_circuit_decorator to 2023-10-09T17:37:06.009217+00:00, run_after=2023-10-10T17:37:06.009217+00:00
[2023-10-10T17:37:06.029+0000] {processor.py:179} INFO - Processing /home/airflow/.local/lib/python3.7/site-packages/airflow/example_dags/example_short_circuit_decorator.py took 0.102 seconds
[2023-10-10T17:37:36.282+0000] {processor.py:157} INFO - Started process (PID=240) to work on /home/airflow/.local/lib/python3.7/site-packages/airflow/example_dags/example_short_circuit_decorator.py
[2023-10-10T17:37:36.284+0000] {processor.py:826} INFO - Processing file /home/airflow/.local/lib/python3.7/site-packages/airflow/example_dags/example_short_circuit_decorator.py for tasks to queue
[2023-10-10T17:37:36.286+0000] {logging_mixin.py:150} INFO - [2023-10-10T17:37:36.286+0000] {dagbag.py:541} INFO - Filling up the DagBag from /home/airflow/.local/lib/python3.7/site-packages/airflow/example_dags/example_short_circuit_decorator.py
[2023-10-10T17:37:36.302+0000] {processor.py:836} INFO - DAG(s) dict_keys(['example_short_circuit_decorator']) retrieved from /home/airflow/.local/lib/python3.7/site-packages/airflow/example_dags/example_short_circuit_decorator.py
[2023-10-10T17:37:36.342+0000] {logging_mixin.py:150} INFO - [2023-10-10T17:37:36.341+0000] {dag.py:2742} INFO - Sync 1 DAGs
[2023-10-10T17:37:36.378+0000] {logging_mixin.py:150} INFO - [2023-10-10T17:37:36.378+0000] {dag.py:3508} INFO - Setting next_dagrun for example_short_circuit_decorator to 2023-10-09T17:37:36.377732+00:00, run_after=2023-10-10T17:37:36.377732+00:00
[2023-10-10T17:37:36.407+0000] {processor.py:179} INFO - Processing /home/airflow/.local/lib/python3.7/site-packages/airflow/example_dags/example_short_circuit_decorator.py took 0.131 seconds
[2023-10-10T17:38:06.833+0000] {processor.py:157} INFO - Started process (PID=329) to work on /home/airflow/.local/lib/python3.7/site-packages/airflow/example_dags/example_short_circuit_decorator.py
[2023-10-10T17:38:06.835+0000] {processor.py:826} INFO - Processing file /home/airflow/.local/lib/python3.7/site-packages/airflow/example_dags/example_short_circuit_decorator.py for tasks to queue
[2023-10-10T17:38:06.837+0000] {logging_mixin.py:150} INFO - [2023-10-10T17:38:06.837+0000] {dagbag.py:541} INFO - Filling up the DagBag from /home/airflow/.local/lib/python3.7/site-packages/airflow/example_dags/example_short_circuit_decorator.py
[2023-10-10T17:38:06.850+0000] {processor.py:836} INFO - DAG(s) dict_keys(['example_short_circuit_decorator']) retrieved from /home/airflow/.local/lib/python3.7/site-packages/airflow/example_dags/example_short_circuit_decorator.py
[2023-10-10T17:38:06.884+0000] {logging_mixin.py:150} INFO - [2023-10-10T17:38:06.883+0000] {dag.py:2742} INFO - Sync 1 DAGs
[2023-10-10T17:38:06.916+0000] {logging_mixin.py:150} INFO - [2023-10-10T17:38:06.915+0000] {dag.py:3508} INFO - Setting next_dagrun for example_short_circuit_decorator to 2023-10-09T17:38:06.915453+00:00, run_after=2023-10-10T17:38:06.915453+00:00
[2023-10-10T17:38:06.940+0000] {processor.py:179} INFO - Processing /home/airflow/.local/lib/python3.7/site-packages/airflow/example_dags/example_short_circuit_decorator.py took 0.111 seconds
[2023-10-10T17:38:37.629+0000] {processor.py:157} INFO - Started process (PID=423) to work on /home/airflow/.local/lib/python3.7/site-packages/airflow/example_dags/example_short_circuit_decorator.py
[2023-10-10T17:38:37.631+0000] {processor.py:826} INFO - Processing file /home/airflow/.local/lib/python3.7/site-packages/airflow/example_dags/example_short_circuit_decorator.py for tasks to queue
[2023-10-10T17:38:37.633+0000] {logging_mixin.py:150} INFO - [2023-10-10T17:38:37.633+0000] {dagbag.py:541} INFO - Filling up the DagBag from /home/airflow/.local/lib/python3.7/site-packages/airflow/example_dags/example_short_circuit_decorator.py
[2023-10-10T17:38:37.654+0000] {processor.py:836} INFO - DAG(s) dict_keys(['example_short_circuit_decorator']) retrieved from /home/airflow/.local/lib/python3.7/site-packages/airflow/example_dags/example_short_circuit_decorator.py
[2023-10-10T17:38:37.701+0000] {logging_mixin.py:150} INFO - [2023-10-10T17:38:37.701+0000] {dag.py:2742} INFO - Sync 1 DAGs
[2023-10-10T17:38:37.742+0000] {logging_mixin.py:150} INFO - [2023-10-10T17:38:37.742+0000] {dag.py:3508} INFO - Setting next_dagrun for example_short_circuit_decorator to 2023-10-09T17:38:37.741879+00:00, run_after=2023-10-10T17:38:37.741879+00:00
[2023-10-10T17:38:37.769+0000] {processor.py:179} INFO - Processing /home/airflow/.local/lib/python3.7/site-packages/airflow/example_dags/example_short_circuit_decorator.py took 0.145 seconds
[2023-10-10T17:39:07.923+0000] {processor.py:157} INFO - Started process (PID=511) to work on /home/airflow/.local/lib/python3.7/site-packages/airflow/example_dags/example_short_circuit_decorator.py
[2023-10-10T17:39:07.925+0000] {processor.py:826} INFO - Processing file /home/airflow/.local/lib/python3.7/site-packages/airflow/example_dags/example_short_circuit_decorator.py for tasks to queue
[2023-10-10T17:39:07.926+0000] {logging_mixin.py:150} INFO - [2023-10-10T17:39:07.926+0000] {dagbag.py:541} INFO - Filling up the DagBag from /home/airflow/.local/lib/python3.7/site-packages/airflow/example_dags/example_short_circuit_decorator.py
[2023-10-10T17:39:07.939+0000] {processor.py:836} INFO - DAG(s) dict_keys(['example_short_circuit_decorator']) retrieved from /home/airflow/.local/lib/python3.7/site-packages/airflow/example_dags/example_short_circuit_decorator.py
[2023-10-10T17:39:07.973+0000] {logging_mixin.py:150} INFO - [2023-10-10T17:39:07.973+0000] {dag.py:2742} INFO - Sync 1 DAGs
[2023-10-10T17:39:08.003+0000] {logging_mixin.py:150} INFO - [2023-10-10T17:39:08.003+0000] {dag.py:3508} INFO - Setting next_dagrun for example_short_circuit_decorator to 2023-10-09T17:39:08.003233+00:00, run_after=2023-10-10T17:39:08.003233+00:00
[2023-10-10T17:39:08.026+0000] {processor.py:179} INFO - Processing /home/airflow/.local/lib/python3.7/site-packages/airflow/example_dags/example_short_circuit_decorator.py took 0.108 seconds
[2023-10-10T17:39:38.265+0000] {processor.py:157} INFO - Started process (PID=585) to work on /home/airflow/.local/lib/python3.7/site-packages/airflow/example_dags/example_short_circuit_decorator.py
[2023-10-10T17:39:38.267+0000] {processor.py:826} INFO - Processing file /home/airflow/.local/lib/python3.7/site-packages/airflow/example_dags/example_short_circuit_decorator.py for tasks to queue
[2023-10-10T17:39:38.269+0000] {logging_mixin.py:150} INFO - [2023-10-10T17:39:38.268+0000] {dagbag.py:541} INFO - Filling up the DagBag from /home/airflow/.local/lib/python3.7/site-packages/airflow/example_dags/example_short_circuit_decorator.py
[2023-10-10T17:39:38.281+0000] {processor.py:836} INFO - DAG(s) dict_keys(['example_short_circuit_decorator']) retrieved from /home/airflow/.local/lib/python3.7/site-packages/airflow/example_dags/example_short_circuit_decorator.py
[2023-10-10T17:39:38.322+0000] {logging_mixin.py:150} INFO - [2023-10-10T17:39:38.321+0000] {dag.py:2742} INFO - Sync 1 DAGs
[2023-10-10T17:39:38.362+0000] {logging_mixin.py:150} INFO - [2023-10-10T17:39:38.362+0000] {dag.py:3508} INFO - Setting next_dagrun for example_short_circuit_decorator to 2023-10-09T17:39:38.361756+00:00, run_after=2023-10-10T17:39:38.361756+00:00
[2023-10-10T17:39:38.393+0000] {processor.py:179} INFO - Processing /home/airflow/.local/lib/python3.7/site-packages/airflow/example_dags/example_short_circuit_decorator.py took 0.133 seconds
[2023-10-10T17:40:08.712+0000] {processor.py:157} INFO - Started process (PID=674) to work on /home/airflow/.local/lib/python3.7/site-packages/airflow/example_dags/example_short_circuit_decorator.py
[2023-10-10T17:40:08.715+0000] {processor.py:826} INFO - Processing file /home/airflow/.local/lib/python3.7/site-packages/airflow/example_dags/example_short_circuit_decorator.py for tasks to queue
[2023-10-10T17:40:08.717+0000] {logging_mixin.py:150} INFO - [2023-10-10T17:40:08.717+0000] {dagbag.py:541} INFO - Filling up the DagBag from /home/airflow/.local/lib/python3.7/site-packages/airflow/example_dags/example_short_circuit_decorator.py
[2023-10-10T17:40:08.734+0000] {processor.py:836} INFO - DAG(s) dict_keys(['example_short_circuit_decorator']) retrieved from /home/airflow/.local/lib/python3.7/site-packages/airflow/example_dags/example_short_circuit_decorator.py
[2023-10-10T17:40:08.779+0000] {logging_mixin.py:150} INFO - [2023-10-10T17:40:08.779+0000] {dag.py:2742} INFO - Sync 1 DAGs
[2023-10-10T17:40:08.826+0000] {logging_mixin.py:150} INFO - [2023-10-10T17:40:08.825+0000] {dag.py:3508} INFO - Setting next_dagrun for example_short_circuit_decorator to 2023-10-09T17:40:08.825654+00:00, run_after=2023-10-10T17:40:08.825654+00:00
[2023-10-10T17:40:08.859+0000] {processor.py:179} INFO - Processing /home/airflow/.local/lib/python3.7/site-packages/airflow/example_dags/example_short_circuit_decorator.py took 0.153 seconds
[2023-10-10T17:40:39.186+0000] {processor.py:157} INFO - Started process (PID=754) to work on /home/airflow/.local/lib/python3.7/site-packages/airflow/example_dags/example_short_circuit_decorator.py
[2023-10-10T17:40:39.188+0000] {processor.py:826} INFO - Processing file /home/airflow/.local/lib/python3.7/site-packages/airflow/example_dags/example_short_circuit_decorator.py for tasks to queue
[2023-10-10T17:40:39.193+0000] {logging_mixin.py:150} INFO - [2023-10-10T17:40:39.193+0000] {dagbag.py:541} INFO - Filling up the DagBag from /home/airflow/.local/lib/python3.7/site-packages/airflow/example_dags/example_short_circuit_decorator.py
[2023-10-10T17:40:39.207+0000] {processor.py:836} INFO - DAG(s) dict_keys(['example_short_circuit_decorator']) retrieved from /home/airflow/.local/lib/python3.7/site-packages/airflow/example_dags/example_short_circuit_decorator.py
[2023-10-10T17:40:39.250+0000] {logging_mixin.py:150} INFO - [2023-10-10T17:40:39.250+0000] {dag.py:2742} INFO - Sync 1 DAGs
[2023-10-10T17:40:39.286+0000] {logging_mixin.py:150} INFO - [2023-10-10T17:40:39.286+0000] {dag.py:3508} INFO - Setting next_dagrun for example_short_circuit_decorator to 2023-10-09T17:40:39.286353+00:00, run_after=2023-10-10T17:40:39.286353+00:00
[2023-10-10T17:40:39.317+0000] {processor.py:179} INFO - Processing /home/airflow/.local/lib/python3.7/site-packages/airflow/example_dags/example_short_circuit_decorator.py took 0.137 seconds
[2023-10-10T17:41:09.432+0000] {processor.py:157} INFO - Started process (PID=844) to work on /home/airflow/.local/lib/python3.7/site-packages/airflow/example_dags/example_short_circuit_decorator.py
[2023-10-10T17:41:09.434+0000] {processor.py:826} INFO - Processing file /home/airflow/.local/lib/python3.7/site-packages/airflow/example_dags/example_short_circuit_decorator.py for tasks to queue
[2023-10-10T17:41:09.436+0000] {logging_mixin.py:150} INFO - [2023-10-10T17:41:09.436+0000] {dagbag.py:541} INFO - Filling up the DagBag from /home/airflow/.local/lib/python3.7/site-packages/airflow/example_dags/example_short_circuit_decorator.py
[2023-10-10T17:41:09.451+0000] {processor.py:836} INFO - DAG(s) dict_keys(['example_short_circuit_decorator']) retrieved from /home/airflow/.local/lib/python3.7/site-packages/airflow/example_dags/example_short_circuit_decorator.py
[2023-10-10T17:41:09.501+0000] {logging_mixin.py:150} INFO - [2023-10-10T17:41:09.500+0000] {dag.py:2742} INFO - Sync 1 DAGs
[2023-10-10T17:41:09.543+0000] {logging_mixin.py:150} INFO - [2023-10-10T17:41:09.543+0000] {dag.py:3508} INFO - Setting next_dagrun for example_short_circuit_decorator to 2023-10-09T17:41:09.543256+00:00, run_after=2023-10-10T17:41:09.543256+00:00
[2023-10-10T17:41:09.576+0000] {processor.py:179} INFO - Processing /home/airflow/.local/lib/python3.7/site-packages/airflow/example_dags/example_short_circuit_decorator.py took 0.149 seconds
[2023-10-10T17:41:40.254+0000] {processor.py:157} INFO - Started process (PID=924) to work on /home/airflow/.local/lib/python3.7/site-packages/airflow/example_dags/example_short_circuit_decorator.py
[2023-10-10T17:41:40.256+0000] {processor.py:826} INFO - Processing file /home/airflow/.local/lib/python3.7/site-packages/airflow/example_dags/example_short_circuit_decorator.py for tasks to queue
[2023-10-10T17:41:40.258+0000] {logging_mixin.py:150} INFO - [2023-10-10T17:41:40.258+0000] {dagbag.py:541} INFO - Filling up the DagBag from /home/airflow/.local/lib/python3.7/site-packages/airflow/example_dags/example_short_circuit_decorator.py
[2023-10-10T17:41:40.272+0000] {processor.py:836} INFO - DAG(s) dict_keys(['example_short_circuit_decorator']) retrieved from /home/airflow/.local/lib/python3.7/site-packages/airflow/example_dags/example_short_circuit_decorator.py
[2023-10-10T17:41:40.310+0000] {logging_mixin.py:150} INFO - [2023-10-10T17:41:40.309+0000] {dag.py:2742} INFO - Sync 1 DAGs
[2023-10-10T17:41:40.347+0000] {logging_mixin.py:150} INFO - [2023-10-10T17:41:40.347+0000] {dag.py:3508} INFO - Setting next_dagrun for example_short_circuit_decorator to 2023-10-09T17:41:40.346814+00:00, run_after=2023-10-10T17:41:40.346814+00:00
[2023-10-10T17:41:40.379+0000] {processor.py:179} INFO - Processing /home/airflow/.local/lib/python3.7/site-packages/airflow/example_dags/example_short_circuit_decorator.py took 0.130 seconds
[2023-10-10T17:42:10.531+0000] {processor.py:157} INFO - Started process (PID=1004) to work on /home/airflow/.local/lib/python3.7/site-packages/airflow/example_dags/example_short_circuit_decorator.py
[2023-10-10T17:42:10.534+0000] {processor.py:826} INFO - Processing file /home/airflow/.local/lib/python3.7/site-packages/airflow/example_dags/example_short_circuit_decorator.py for tasks to queue
[2023-10-10T17:42:10.536+0000] {logging_mixin.py:150} INFO - [2023-10-10T17:42:10.536+0000] {dagbag.py:541} INFO - Filling up the DagBag from /home/airflow/.local/lib/python3.7/site-packages/airflow/example_dags/example_short_circuit_decorator.py
[2023-10-10T17:42:10.555+0000] {processor.py:836} INFO - DAG(s) dict_keys(['example_short_circuit_decorator']) retrieved from /home/airflow/.local/lib/python3.7/site-packages/airflow/example_dags/example_short_circuit_decorator.py
[2023-10-10T17:42:10.608+0000] {logging_mixin.py:150} INFO - [2023-10-10T17:42:10.606+0000] {dag.py:2742} INFO - Sync 1 DAGs
[2023-10-10T17:42:10.663+0000] {logging_mixin.py:150} INFO - [2023-10-10T17:42:10.663+0000] {dag.py:3508} INFO - Setting next_dagrun for example_short_circuit_decorator to 2023-10-09T17:42:10.663275+00:00, run_after=2023-10-10T17:42:10.663275+00:00
[2023-10-10T17:42:10.712+0000] {processor.py:179} INFO - Processing /home/airflow/.local/lib/python3.7/site-packages/airflow/example_dags/example_short_circuit_decorator.py took 0.187 seconds
[2023-10-10T17:42:40.895+0000] {processor.py:157} INFO - Started process (PID=1095) to work on /home/airflow/.local/lib/python3.7/site-packages/airflow/example_dags/example_short_circuit_decorator.py
[2023-10-10T17:42:40.898+0000] {processor.py:826} INFO - Processing file /home/airflow/.local/lib/python3.7/site-packages/airflow/example_dags/example_short_circuit_decorator.py for tasks to queue
[2023-10-10T17:42:40.900+0000] {logging_mixin.py:150} INFO - [2023-10-10T17:42:40.899+0000] {dagbag.py:541} INFO - Filling up the DagBag from /home/airflow/.local/lib/python3.7/site-packages/airflow/example_dags/example_short_circuit_decorator.py
[2023-10-10T17:42:40.917+0000] {processor.py:836} INFO - DAG(s) dict_keys(['example_short_circuit_decorator']) retrieved from /home/airflow/.local/lib/python3.7/site-packages/airflow/example_dags/example_short_circuit_decorator.py
[2023-10-10T17:42:40.961+0000] {logging_mixin.py:150} INFO - [2023-10-10T17:42:40.960+0000] {dag.py:2742} INFO - Sync 1 DAGs
[2023-10-10T17:42:40.999+0000] {logging_mixin.py:150} INFO - [2023-10-10T17:42:40.999+0000] {dag.py:3508} INFO - Setting next_dagrun for example_short_circuit_decorator to 2023-10-09T17:42:40.998782+00:00, run_after=2023-10-10T17:42:40.998782+00:00
[2023-10-10T17:42:41.024+0000] {processor.py:179} INFO - Processing /home/airflow/.local/lib/python3.7/site-packages/airflow/example_dags/example_short_circuit_decorator.py took 0.135 seconds
[2023-10-10T17:43:11.164+0000] {processor.py:157} INFO - Started process (PID=1174) to work on /home/airflow/.local/lib/python3.7/site-packages/airflow/example_dags/example_short_circuit_decorator.py
[2023-10-10T17:43:11.166+0000] {processor.py:826} INFO - Processing file /home/airflow/.local/lib/python3.7/site-packages/airflow/example_dags/example_short_circuit_decorator.py for tasks to queue
[2023-10-10T17:43:11.168+0000] {logging_mixin.py:150} INFO - [2023-10-10T17:43:11.168+0000] {dagbag.py:541} INFO - Filling up the DagBag from /home/airflow/.local/lib/python3.7/site-packages/airflow/example_dags/example_short_circuit_decorator.py
[2023-10-10T17:43:11.183+0000] {processor.py:836} INFO - DAG(s) dict_keys(['example_short_circuit_decorator']) retrieved from /home/airflow/.local/lib/python3.7/site-packages/airflow/example_dags/example_short_circuit_decorator.py
[2023-10-10T17:43:11.225+0000] {logging_mixin.py:150} INFO - [2023-10-10T17:43:11.225+0000] {dag.py:2742} INFO - Sync 1 DAGs
[2023-10-10T17:43:11.263+0000] {logging_mixin.py:150} INFO - [2023-10-10T17:43:11.263+0000] {dag.py:3508} INFO - Setting next_dagrun for example_short_circuit_decorator to 2023-10-09T17:43:11.262712+00:00, run_after=2023-10-10T17:43:11.262712+00:00
[2023-10-10T17:43:11.294+0000] {processor.py:179} INFO - Processing /home/airflow/.local/lib/python3.7/site-packages/airflow/example_dags/example_short_circuit_decorator.py took 0.135 seconds
[2023-10-10T17:43:41.365+0000] {processor.py:157} INFO - Started process (PID=1263) to work on /home/airflow/.local/lib/python3.7/site-packages/airflow/example_dags/example_short_circuit_decorator.py
[2023-10-10T17:43:41.367+0000] {processor.py:826} INFO - Processing file /home/airflow/.local/lib/python3.7/site-packages/airflow/example_dags/example_short_circuit_decorator.py for tasks to queue
[2023-10-10T17:43:41.369+0000] {logging_mixin.py:150} INFO - [2023-10-10T17:43:41.369+0000] {dagbag.py:541} INFO - Filling up the DagBag from /home/airflow/.local/lib/python3.7/site-packages/airflow/example_dags/example_short_circuit_decorator.py
[2023-10-10T17:43:41.385+0000] {processor.py:836} INFO - DAG(s) dict_keys(['example_short_circuit_decorator']) retrieved from /home/airflow/.local/lib/python3.7/site-packages/airflow/example_dags/example_short_circuit_decorator.py
[2023-10-10T17:43:41.424+0000] {logging_mixin.py:150} INFO - [2023-10-10T17:43:41.423+0000] {dag.py:2742} INFO - Sync 1 DAGs
[2023-10-10T17:43:41.459+0000] {logging_mixin.py:150} INFO - [2023-10-10T17:43:41.459+0000] {dag.py:3508} INFO - Setting next_dagrun for example_short_circuit_decorator to 2023-10-09T17:43:41.459290+00:00, run_after=2023-10-10T17:43:41.459290+00:00
[2023-10-10T17:43:41.488+0000] {processor.py:179} INFO - Processing /home/airflow/.local/lib/python3.7/site-packages/airflow/example_dags/example_short_circuit_decorator.py took 0.128 seconds
[2023-10-10T17:44:11.752+0000] {processor.py:157} INFO - Started process (PID=1343) to work on /home/airflow/.local/lib/python3.7/site-packages/airflow/example_dags/example_short_circuit_decorator.py
[2023-10-10T17:44:11.770+0000] {processor.py:826} INFO - Processing file /home/airflow/.local/lib/python3.7/site-packages/airflow/example_dags/example_short_circuit_decorator.py for tasks to queue
[2023-10-10T17:44:11.772+0000] {logging_mixin.py:150} INFO - [2023-10-10T17:44:11.771+0000] {dagbag.py:541} INFO - Filling up the DagBag from /home/airflow/.local/lib/python3.7/site-packages/airflow/example_dags/example_short_circuit_decorator.py
[2023-10-10T17:44:11.785+0000] {processor.py:836} INFO - DAG(s) dict_keys(['example_short_circuit_decorator']) retrieved from /home/airflow/.local/lib/python3.7/site-packages/airflow/example_dags/example_short_circuit_decorator.py
[2023-10-10T17:44:11.820+0000] {logging_mixin.py:150} INFO - [2023-10-10T17:44:11.820+0000] {dag.py:2742} INFO - Sync 1 DAGs
[2023-10-10T17:44:11.851+0000] {logging_mixin.py:150} INFO - [2023-10-10T17:44:11.851+0000] {dag.py:3508} INFO - Setting next_dagrun for example_short_circuit_decorator to 2023-10-09T17:44:11.851285+00:00, run_after=2023-10-10T17:44:11.851285+00:00
[2023-10-10T17:44:11.882+0000] {processor.py:179} INFO - Processing /home/airflow/.local/lib/python3.7/site-packages/airflow/example_dags/example_short_circuit_decorator.py took 0.135 seconds
[2023-10-10T17:44:42.021+0000] {processor.py:157} INFO - Started process (PID=1432) to work on /home/airflow/.local/lib/python3.7/site-packages/airflow/example_dags/example_short_circuit_decorator.py
[2023-10-10T17:44:42.024+0000] {processor.py:826} INFO - Processing file /home/airflow/.local/lib/python3.7/site-packages/airflow/example_dags/example_short_circuit_decorator.py for tasks to queue
[2023-10-10T17:44:42.026+0000] {logging_mixin.py:150} INFO - [2023-10-10T17:44:42.025+0000] {dagbag.py:541} INFO - Filling up the DagBag from /home/airflow/.local/lib/python3.7/site-packages/airflow/example_dags/example_short_circuit_decorator.py
[2023-10-10T17:44:42.041+0000] {processor.py:836} INFO - DAG(s) dict_keys(['example_short_circuit_decorator']) retrieved from /home/airflow/.local/lib/python3.7/site-packages/airflow/example_dags/example_short_circuit_decorator.py
[2023-10-10T17:44:42.086+0000] {logging_mixin.py:150} INFO - [2023-10-10T17:44:42.086+0000] {dag.py:2742} INFO - Sync 1 DAGs
[2023-10-10T17:44:42.130+0000] {logging_mixin.py:150} INFO - [2023-10-10T17:44:42.129+0000] {dag.py:3508} INFO - Setting next_dagrun for example_short_circuit_decorator to 2023-10-09T17:44:42.129213+00:00, run_after=2023-10-10T17:44:42.129213+00:00
[2023-10-10T17:44:42.164+0000] {processor.py:179} INFO - Processing /home/airflow/.local/lib/python3.7/site-packages/airflow/example_dags/example_short_circuit_decorator.py took 0.148 seconds
[2023-10-10T17:45:12.341+0000] {processor.py:157} INFO - Started process (PID=1512) to work on /home/airflow/.local/lib/python3.7/site-packages/airflow/example_dags/example_short_circuit_decorator.py
[2023-10-10T17:45:12.343+0000] {processor.py:826} INFO - Processing file /home/airflow/.local/lib/python3.7/site-packages/airflow/example_dags/example_short_circuit_decorator.py for tasks to queue
[2023-10-10T17:45:12.345+0000] {logging_mixin.py:150} INFO - [2023-10-10T17:45:12.345+0000] {dagbag.py:541} INFO - Filling up the DagBag from /home/airflow/.local/lib/python3.7/site-packages/airflow/example_dags/example_short_circuit_decorator.py
[2023-10-10T17:45:12.360+0000] {processor.py:836} INFO - DAG(s) dict_keys(['example_short_circuit_decorator']) retrieved from /home/airflow/.local/lib/python3.7/site-packages/airflow/example_dags/example_short_circuit_decorator.py
[2023-10-10T17:45:12.401+0000] {logging_mixin.py:150} INFO - [2023-10-10T17:45:12.400+0000] {dag.py:2742} INFO - Sync 1 DAGs
[2023-10-10T17:45:12.436+0000] {logging_mixin.py:150} INFO - [2023-10-10T17:45:12.436+0000] {dag.py:3508} INFO - Setting next_dagrun for example_short_circuit_decorator to 2023-10-09T17:45:12.436421+00:00, run_after=2023-10-10T17:45:12.436421+00:00
[2023-10-10T17:45:12.461+0000] {processor.py:179} INFO - Processing /home/airflow/.local/lib/python3.7/site-packages/airflow/example_dags/example_short_circuit_decorator.py took 0.125 seconds
[2023-10-10T17:45:42.823+0000] {processor.py:157} INFO - Started process (PID=1599) to work on /home/airflow/.local/lib/python3.7/site-packages/airflow/example_dags/example_short_circuit_decorator.py
[2023-10-10T17:45:42.825+0000] {processor.py:826} INFO - Processing file /home/airflow/.local/lib/python3.7/site-packages/airflow/example_dags/example_short_circuit_decorator.py for tasks to queue
[2023-10-10T17:45:42.826+0000] {logging_mixin.py:150} INFO - [2023-10-10T17:45:42.826+0000] {dagbag.py:541} INFO - Filling up the DagBag from /home/airflow/.local/lib/python3.7/site-packages/airflow/example_dags/example_short_circuit_decorator.py
[2023-10-10T17:45:42.840+0000] {processor.py:836} INFO - DAG(s) dict_keys(['example_short_circuit_decorator']) retrieved from /home/airflow/.local/lib/python3.7/site-packages/airflow/example_dags/example_short_circuit_decorator.py
[2023-10-10T17:45:42.880+0000] {logging_mixin.py:150} INFO - [2023-10-10T17:45:42.880+0000] {dag.py:2742} INFO - Sync 1 DAGs
[2023-10-10T17:45:42.918+0000] {logging_mixin.py:150} INFO - [2023-10-10T17:45:42.917+0000] {dag.py:3508} INFO - Setting next_dagrun for example_short_circuit_decorator to 2023-10-09T17:45:42.917662+00:00, run_after=2023-10-10T17:45:42.917662+00:00
[2023-10-10T17:45:42.951+0000] {processor.py:179} INFO - Processing /home/airflow/.local/lib/python3.7/site-packages/airflow/example_dags/example_short_circuit_decorator.py took 0.133 seconds
[2023-10-10T17:46:13.053+0000] {processor.py:157} INFO - Started process (PID=1682) to work on /home/airflow/.local/lib/python3.7/site-packages/airflow/example_dags/example_short_circuit_decorator.py
[2023-10-10T17:46:13.055+0000] {processor.py:826} INFO - Processing file /home/airflow/.local/lib/python3.7/site-packages/airflow/example_dags/example_short_circuit_decorator.py for tasks to queue
[2023-10-10T17:46:13.057+0000] {logging_mixin.py:150} INFO - [2023-10-10T17:46:13.057+0000] {dagbag.py:541} INFO - Filling up the DagBag from /home/airflow/.local/lib/python3.7/site-packages/airflow/example_dags/example_short_circuit_decorator.py
[2023-10-10T17:46:13.072+0000] {processor.py:836} INFO - DAG(s) dict_keys(['example_short_circuit_decorator']) retrieved from /home/airflow/.local/lib/python3.7/site-packages/airflow/example_dags/example_short_circuit_decorator.py
[2023-10-10T17:46:13.111+0000] {logging_mixin.py:150} INFO - [2023-10-10T17:46:13.111+0000] {dag.py:2742} INFO - Sync 1 DAGs
[2023-10-10T17:46:13.149+0000] {logging_mixin.py:150} INFO - [2023-10-10T17:46:13.149+0000] {dag.py:3508} INFO - Setting next_dagrun for example_short_circuit_decorator to 2023-10-09T17:46:13.149365+00:00, run_after=2023-10-10T17:46:13.149365+00:00
[2023-10-10T17:46:13.178+0000] {processor.py:179} INFO - Processing /home/airflow/.local/lib/python3.7/site-packages/airflow/example_dags/example_short_circuit_decorator.py took 0.131 seconds
[2023-10-10T17:46:43.474+0000] {processor.py:157} INFO - Started process (PID=1761) to work on /home/airflow/.local/lib/python3.7/site-packages/airflow/example_dags/example_short_circuit_decorator.py
[2023-10-10T17:46:43.476+0000] {processor.py:826} INFO - Processing file /home/airflow/.local/lib/python3.7/site-packages/airflow/example_dags/example_short_circuit_decorator.py for tasks to queue
[2023-10-10T17:46:43.478+0000] {logging_mixin.py:150} INFO - [2023-10-10T17:46:43.478+0000] {dagbag.py:541} INFO - Filling up the DagBag from /home/airflow/.local/lib/python3.7/site-packages/airflow/example_dags/example_short_circuit_decorator.py
[2023-10-10T17:46:43.494+0000] {processor.py:836} INFO - DAG(s) dict_keys(['example_short_circuit_decorator']) retrieved from /home/airflow/.local/lib/python3.7/site-packages/airflow/example_dags/example_short_circuit_decorator.py
[2023-10-10T17:46:43.537+0000] {logging_mixin.py:150} INFO - [2023-10-10T17:46:43.537+0000] {dag.py:2742} INFO - Sync 1 DAGs
[2023-10-10T17:46:43.581+0000] {logging_mixin.py:150} INFO - [2023-10-10T17:46:43.581+0000] {dag.py:3508} INFO - Setting next_dagrun for example_short_circuit_decorator to 2023-10-09T17:46:43.581086+00:00, run_after=2023-10-10T17:46:43.581086+00:00
[2023-10-10T17:46:43.622+0000] {processor.py:179} INFO - Processing /home/airflow/.local/lib/python3.7/site-packages/airflow/example_dags/example_short_circuit_decorator.py took 0.153 seconds
[2023-10-10T17:47:13.779+0000] {processor.py:157} INFO - Started process (PID=1850) to work on /home/airflow/.local/lib/python3.7/site-packages/airflow/example_dags/example_short_circuit_decorator.py
[2023-10-10T17:47:13.781+0000] {processor.py:826} INFO - Processing file /home/airflow/.local/lib/python3.7/site-packages/airflow/example_dags/example_short_circuit_decorator.py for tasks to queue
[2023-10-10T17:47:13.783+0000] {logging_mixin.py:150} INFO - [2023-10-10T17:47:13.782+0000] {dagbag.py:541} INFO - Filling up the DagBag from /home/airflow/.local/lib/python3.7/site-packages/airflow/example_dags/example_short_circuit_decorator.py
[2023-10-10T17:47:13.797+0000] {processor.py:836} INFO - DAG(s) dict_keys(['example_short_circuit_decorator']) retrieved from /home/airflow/.local/lib/python3.7/site-packages/airflow/example_dags/example_short_circuit_decorator.py
[2023-10-10T17:47:13.841+0000] {logging_mixin.py:150} INFO - [2023-10-10T17:47:13.841+0000] {dag.py:2742} INFO - Sync 1 DAGs
[2023-10-10T17:47:13.886+0000] {logging_mixin.py:150} INFO - [2023-10-10T17:47:13.886+0000] {dag.py:3508} INFO - Setting next_dagrun for example_short_circuit_decorator to 2023-10-09T17:47:13.886005+00:00, run_after=2023-10-10T17:47:13.886005+00:00
[2023-10-10T17:47:13.933+0000] {processor.py:179} INFO - Processing /home/airflow/.local/lib/python3.7/site-packages/airflow/example_dags/example_short_circuit_decorator.py took 0.159 seconds
[2023-10-10T17:47:44.133+0000] {processor.py:157} INFO - Started process (PID=1930) to work on /home/airflow/.local/lib/python3.7/site-packages/airflow/example_dags/example_short_circuit_decorator.py
[2023-10-10T17:47:44.139+0000] {processor.py:826} INFO - Processing file /home/airflow/.local/lib/python3.7/site-packages/airflow/example_dags/example_short_circuit_decorator.py for tasks to queue
[2023-10-10T17:47:44.141+0000] {logging_mixin.py:150} INFO - [2023-10-10T17:47:44.141+0000] {dagbag.py:541} INFO - Filling up the DagBag from /home/airflow/.local/lib/python3.7/site-packages/airflow/example_dags/example_short_circuit_decorator.py
[2023-10-10T17:47:44.163+0000] {processor.py:836} INFO - DAG(s) dict_keys(['example_short_circuit_decorator']) retrieved from /home/airflow/.local/lib/python3.7/site-packages/airflow/example_dags/example_short_circuit_decorator.py
[2023-10-10T17:47:44.243+0000] {logging_mixin.py:150} INFO - [2023-10-10T17:47:44.243+0000] {dag.py:2742} INFO - Sync 1 DAGs
[2023-10-10T17:47:44.307+0000] {logging_mixin.py:150} INFO - [2023-10-10T17:47:44.307+0000] {dag.py:3508} INFO - Setting next_dagrun for example_short_circuit_decorator to 2023-10-09T17:47:44.307321+00:00, run_after=2023-10-10T17:47:44.307321+00:00
[2023-10-10T17:47:44.341+0000] {processor.py:179} INFO - Processing /home/airflow/.local/lib/python3.7/site-packages/airflow/example_dags/example_short_circuit_decorator.py took 0.214 seconds
[2023-10-10T17:48:15.424+0000] {processor.py:157} INFO - Started process (PID=2019) to work on /home/airflow/.local/lib/python3.7/site-packages/airflow/example_dags/example_short_circuit_decorator.py
[2023-10-10T17:48:15.426+0000] {processor.py:826} INFO - Processing file /home/airflow/.local/lib/python3.7/site-packages/airflow/example_dags/example_short_circuit_decorator.py for tasks to queue
[2023-10-10T17:48:15.427+0000] {logging_mixin.py:150} INFO - [2023-10-10T17:48:15.427+0000] {dagbag.py:541} INFO - Filling up the DagBag from /home/airflow/.local/lib/python3.7/site-packages/airflow/example_dags/example_short_circuit_decorator.py
[2023-10-10T17:48:15.441+0000] {processor.py:836} INFO - DAG(s) dict_keys(['example_short_circuit_decorator']) retrieved from /home/airflow/.local/lib/python3.7/site-packages/airflow/example_dags/example_short_circuit_decorator.py
[2023-10-10T17:48:15.475+0000] {logging_mixin.py:150} INFO - [2023-10-10T17:48:15.475+0000] {dag.py:2742} INFO - Sync 1 DAGs
[2023-10-10T17:48:15.507+0000] {logging_mixin.py:150} INFO - [2023-10-10T17:48:15.507+0000] {dag.py:3508} INFO - Setting next_dagrun for example_short_circuit_decorator to 2023-10-09T17:48:15.507062+00:00, run_after=2023-10-10T17:48:15.507062+00:00
[2023-10-10T17:48:15.533+0000] {processor.py:179} INFO - Processing /home/airflow/.local/lib/python3.7/site-packages/airflow/example_dags/example_short_circuit_decorator.py took 0.114 seconds
[2023-10-10T17:48:46.414+0000] {processor.py:157} INFO - Started process (PID=2102) to work on /home/airflow/.local/lib/python3.7/site-packages/airflow/example_dags/example_short_circuit_decorator.py
[2023-10-10T17:48:46.417+0000] {processor.py:826} INFO - Processing file /home/airflow/.local/lib/python3.7/site-packages/airflow/example_dags/example_short_circuit_decorator.py for tasks to queue
[2023-10-10T17:48:46.419+0000] {logging_mixin.py:150} INFO - [2023-10-10T17:48:46.419+0000] {dagbag.py:541} INFO - Filling up the DagBag from /home/airflow/.local/lib/python3.7/site-packages/airflow/example_dags/example_short_circuit_decorator.py
[2023-10-10T17:48:46.438+0000] {processor.py:836} INFO - DAG(s) dict_keys(['example_short_circuit_decorator']) retrieved from /home/airflow/.local/lib/python3.7/site-packages/airflow/example_dags/example_short_circuit_decorator.py
[2023-10-10T17:48:46.496+0000] {logging_mixin.py:150} INFO - [2023-10-10T17:48:46.496+0000] {dag.py:2742} INFO - Sync 1 DAGs
[2023-10-10T17:48:46.571+0000] {logging_mixin.py:150} INFO - [2023-10-10T17:48:46.570+0000] {dag.py:3508} INFO - Setting next_dagrun for example_short_circuit_decorator to 2023-10-09T17:48:46.570228+00:00, run_after=2023-10-10T17:48:46.570228+00:00
[2023-10-10T17:48:46.640+0000] {processor.py:179} INFO - Processing /home/airflow/.local/lib/python3.7/site-packages/airflow/example_dags/example_short_circuit_decorator.py took 0.233 seconds
[2023-10-10T17:49:16.859+0000] {processor.py:157} INFO - Started process (PID=2195) to work on /home/airflow/.local/lib/python3.7/site-packages/airflow/example_dags/example_short_circuit_decorator.py
[2023-10-10T17:49:16.862+0000] {processor.py:826} INFO - Processing file /home/airflow/.local/lib/python3.7/site-packages/airflow/example_dags/example_short_circuit_decorator.py for tasks to queue
[2023-10-10T17:49:16.864+0000] {logging_mixin.py:150} INFO - [2023-10-10T17:49:16.864+0000] {dagbag.py:541} INFO - Filling up the DagBag from /home/airflow/.local/lib/python3.7/site-packages/airflow/example_dags/example_short_circuit_decorator.py
[2023-10-10T17:49:16.881+0000] {processor.py:836} INFO - DAG(s) dict_keys(['example_short_circuit_decorator']) retrieved from /home/airflow/.local/lib/python3.7/site-packages/airflow/example_dags/example_short_circuit_decorator.py
[2023-10-10T17:49:16.926+0000] {logging_mixin.py:150} INFO - [2023-10-10T17:49:16.926+0000] {dag.py:2742} INFO - Sync 1 DAGs
[2023-10-10T17:49:16.965+0000] {logging_mixin.py:150} INFO - [2023-10-10T17:49:16.965+0000] {dag.py:3508} INFO - Setting next_dagrun for example_short_circuit_decorator to 2023-10-09T17:49:16.965085+00:00, run_after=2023-10-10T17:49:16.965085+00:00
[2023-10-10T17:49:16.995+0000] {processor.py:179} INFO - Processing /home/airflow/.local/lib/python3.7/site-packages/airflow/example_dags/example_short_circuit_decorator.py took 0.141 seconds
[2023-10-10T17:49:47.576+0000] {processor.py:157} INFO - Started process (PID=2275) to work on /home/airflow/.local/lib/python3.7/site-packages/airflow/example_dags/example_short_circuit_decorator.py
[2023-10-10T17:49:47.578+0000] {processor.py:826} INFO - Processing file /home/airflow/.local/lib/python3.7/site-packages/airflow/example_dags/example_short_circuit_decorator.py for tasks to queue
[2023-10-10T17:49:47.581+0000] {logging_mixin.py:150} INFO - [2023-10-10T17:49:47.580+0000] {dagbag.py:541} INFO - Filling up the DagBag from /home/airflow/.local/lib/python3.7/site-packages/airflow/example_dags/example_short_circuit_decorator.py
[2023-10-10T17:49:47.599+0000] {processor.py:836} INFO - DAG(s) dict_keys(['example_short_circuit_decorator']) retrieved from /home/airflow/.local/lib/python3.7/site-packages/airflow/example_dags/example_short_circuit_decorator.py
[2023-10-10T17:49:47.651+0000] {logging_mixin.py:150} INFO - [2023-10-10T17:49:47.650+0000] {dag.py:2742} INFO - Sync 1 DAGs
[2023-10-10T17:49:47.701+0000] {logging_mixin.py:150} INFO - [2023-10-10T17:49:47.701+0000] {dag.py:3508} INFO - Setting next_dagrun for example_short_circuit_decorator to 2023-10-09T17:49:47.701161+00:00, run_after=2023-10-10T17:49:47.701161+00:00
[2023-10-10T17:49:47.746+0000] {processor.py:179} INFO - Processing /home/airflow/.local/lib/python3.7/site-packages/airflow/example_dags/example_short_circuit_decorator.py took 0.177 seconds
[2023-10-10T17:50:18.124+0000] {processor.py:157} INFO - Started process (PID=2365) to work on /home/airflow/.local/lib/python3.7/site-packages/airflow/example_dags/example_short_circuit_decorator.py
[2023-10-10T17:50:18.126+0000] {processor.py:826} INFO - Processing file /home/airflow/.local/lib/python3.7/site-packages/airflow/example_dags/example_short_circuit_decorator.py for tasks to queue
[2023-10-10T17:50:18.128+0000] {logging_mixin.py:150} INFO - [2023-10-10T17:50:18.127+0000] {dagbag.py:541} INFO - Filling up the DagBag from /home/airflow/.local/lib/python3.7/site-packages/airflow/example_dags/example_short_circuit_decorator.py
[2023-10-10T17:50:18.143+0000] {processor.py:836} INFO - DAG(s) dict_keys(['example_short_circuit_decorator']) retrieved from /home/airflow/.local/lib/python3.7/site-packages/airflow/example_dags/example_short_circuit_decorator.py
[2023-10-10T17:50:18.187+0000] {logging_mixin.py:150} INFO - [2023-10-10T17:50:18.187+0000] {dag.py:2742} INFO - Sync 1 DAGs
[2023-10-10T17:50:18.233+0000] {logging_mixin.py:150} INFO - [2023-10-10T17:50:18.233+0000] {dag.py:3508} INFO - Setting next_dagrun for example_short_circuit_decorator to 2023-10-09T17:50:18.233421+00:00, run_after=2023-10-10T17:50:18.233421+00:00
[2023-10-10T17:50:18.262+0000] {processor.py:179} INFO - Processing /home/airflow/.local/lib/python3.7/site-packages/airflow/example_dags/example_short_circuit_decorator.py took 0.144 seconds
[2023-10-10T17:50:49.074+0000] {processor.py:157} INFO - Started process (PID=2446) to work on /home/airflow/.local/lib/python3.7/site-packages/airflow/example_dags/example_short_circuit_decorator.py
[2023-10-10T17:50:49.076+0000] {processor.py:826} INFO - Processing file /home/airflow/.local/lib/python3.7/site-packages/airflow/example_dags/example_short_circuit_decorator.py for tasks to queue
[2023-10-10T17:50:49.078+0000] {logging_mixin.py:150} INFO - [2023-10-10T17:50:49.077+0000] {dagbag.py:541} INFO - Filling up the DagBag from /home/airflow/.local/lib/python3.7/site-packages/airflow/example_dags/example_short_circuit_decorator.py
[2023-10-10T17:50:49.094+0000] {processor.py:836} INFO - DAG(s) dict_keys(['example_short_circuit_decorator']) retrieved from /home/airflow/.local/lib/python3.7/site-packages/airflow/example_dags/example_short_circuit_decorator.py
[2023-10-10T17:50:49.132+0000] {logging_mixin.py:150} INFO - [2023-10-10T17:50:49.132+0000] {dag.py:2742} INFO - Sync 1 DAGs
[2023-10-10T17:50:49.167+0000] {logging_mixin.py:150} INFO - [2023-10-10T17:50:49.167+0000] {dag.py:3508} INFO - Setting next_dagrun for example_short_circuit_decorator to 2023-10-09T17:50:49.167141+00:00, run_after=2023-10-10T17:50:49.167141+00:00
[2023-10-10T17:50:49.190+0000] {processor.py:179} INFO - Processing /home/airflow/.local/lib/python3.7/site-packages/airflow/example_dags/example_short_circuit_decorator.py took 0.121 seconds
[2023-10-10T17:51:19.387+0000] {processor.py:157} INFO - Started process (PID=2535) to work on /home/airflow/.local/lib/python3.7/site-packages/airflow/example_dags/example_short_circuit_decorator.py
[2023-10-10T17:51:19.389+0000] {processor.py:826} INFO - Processing file /home/airflow/.local/lib/python3.7/site-packages/airflow/example_dags/example_short_circuit_decorator.py for tasks to queue
[2023-10-10T17:51:19.391+0000] {logging_mixin.py:150} INFO - [2023-10-10T17:51:19.391+0000] {dagbag.py:541} INFO - Filling up the DagBag from /home/airflow/.local/lib/python3.7/site-packages/airflow/example_dags/example_short_circuit_decorator.py
[2023-10-10T17:51:19.406+0000] {processor.py:836} INFO - DAG(s) dict_keys(['example_short_circuit_decorator']) retrieved from /home/airflow/.local/lib/python3.7/site-packages/airflow/example_dags/example_short_circuit_decorator.py
[2023-10-10T17:51:19.450+0000] {logging_mixin.py:150} INFO - [2023-10-10T17:51:19.449+0000] {dag.py:2742} INFO - Sync 1 DAGs
[2023-10-10T17:51:19.485+0000] {logging_mixin.py:150} INFO - [2023-10-10T17:51:19.485+0000] {dag.py:3508} INFO - Setting next_dagrun for example_short_circuit_decorator to 2023-10-09T17:51:19.484918+00:00, run_after=2023-10-10T17:51:19.484918+00:00
[2023-10-10T17:51:19.516+0000] {processor.py:179} INFO - Processing /home/airflow/.local/lib/python3.7/site-packages/airflow/example_dags/example_short_circuit_decorator.py took 0.134 seconds
[2023-10-10T17:51:50.233+0000] {processor.py:157} INFO - Started process (PID=2620) to work on /home/airflow/.local/lib/python3.7/site-packages/airflow/example_dags/example_short_circuit_decorator.py
[2023-10-10T17:51:50.235+0000] {processor.py:826} INFO - Processing file /home/airflow/.local/lib/python3.7/site-packages/airflow/example_dags/example_short_circuit_decorator.py for tasks to queue
[2023-10-10T17:51:50.237+0000] {logging_mixin.py:150} INFO - [2023-10-10T17:51:50.237+0000] {dagbag.py:541} INFO - Filling up the DagBag from /home/airflow/.local/lib/python3.7/site-packages/airflow/example_dags/example_short_circuit_decorator.py
[2023-10-10T17:51:50.253+0000] {processor.py:836} INFO - DAG(s) dict_keys(['example_short_circuit_decorator']) retrieved from /home/airflow/.local/lib/python3.7/site-packages/airflow/example_dags/example_short_circuit_decorator.py
[2023-10-10T17:51:50.295+0000] {logging_mixin.py:150} INFO - [2023-10-10T17:51:50.295+0000] {dag.py:2742} INFO - Sync 1 DAGs
[2023-10-10T17:51:50.336+0000] {logging_mixin.py:150} INFO - [2023-10-10T17:51:50.335+0000] {dag.py:3508} INFO - Setting next_dagrun for example_short_circuit_decorator to 2023-10-09T17:51:50.335623+00:00, run_after=2023-10-10T17:51:50.335623+00:00
[2023-10-10T17:51:50.366+0000] {processor.py:179} INFO - Processing /home/airflow/.local/lib/python3.7/site-packages/airflow/example_dags/example_short_circuit_decorator.py took 0.137 seconds
[2023-10-10T17:52:20.432+0000] {processor.py:157} INFO - Started process (PID=2701) to work on /home/airflow/.local/lib/python3.7/site-packages/airflow/example_dags/example_short_circuit_decorator.py
[2023-10-10T17:52:20.434+0000] {processor.py:826} INFO - Processing file /home/airflow/.local/lib/python3.7/site-packages/airflow/example_dags/example_short_circuit_decorator.py for tasks to queue
[2023-10-10T17:52:20.436+0000] {logging_mixin.py:150} INFO - [2023-10-10T17:52:20.435+0000] {dagbag.py:541} INFO - Filling up the DagBag from /home/airflow/.local/lib/python3.7/site-packages/airflow/example_dags/example_short_circuit_decorator.py
[2023-10-10T17:52:20.449+0000] {processor.py:836} INFO - DAG(s) dict_keys(['example_short_circuit_decorator']) retrieved from /home/airflow/.local/lib/python3.7/site-packages/airflow/example_dags/example_short_circuit_decorator.py
[2023-10-10T17:52:20.484+0000] {logging_mixin.py:150} INFO - [2023-10-10T17:52:20.484+0000] {dag.py:2742} INFO - Sync 1 DAGs
[2023-10-10T17:52:20.520+0000] {logging_mixin.py:150} INFO - [2023-10-10T17:52:20.520+0000] {dag.py:3508} INFO - Setting next_dagrun for example_short_circuit_decorator to 2023-10-09T17:52:20.519936+00:00, run_after=2023-10-10T17:52:20.519936+00:00
[2023-10-10T17:52:20.551+0000] {processor.py:179} INFO - Processing /home/airflow/.local/lib/python3.7/site-packages/airflow/example_dags/example_short_circuit_decorator.py took 0.124 seconds
[2023-10-10T17:52:50.948+0000] {processor.py:157} INFO - Started process (PID=2791) to work on /home/airflow/.local/lib/python3.7/site-packages/airflow/example_dags/example_short_circuit_decorator.py
[2023-10-10T17:52:50.950+0000] {processor.py:826} INFO - Processing file /home/airflow/.local/lib/python3.7/site-packages/airflow/example_dags/example_short_circuit_decorator.py for tasks to queue
[2023-10-10T17:52:50.952+0000] {logging_mixin.py:150} INFO - [2023-10-10T17:52:50.952+0000] {dagbag.py:541} INFO - Filling up the DagBag from /home/airflow/.local/lib/python3.7/site-packages/airflow/example_dags/example_short_circuit_decorator.py
[2023-10-10T17:52:50.967+0000] {processor.py:836} INFO - DAG(s) dict_keys(['example_short_circuit_decorator']) retrieved from /home/airflow/.local/lib/python3.7/site-packages/airflow/example_dags/example_short_circuit_decorator.py
[2023-10-10T17:52:51.006+0000] {logging_mixin.py:150} INFO - [2023-10-10T17:52:51.006+0000] {dag.py:2742} INFO - Sync 1 DAGs
[2023-10-10T17:52:51.051+0000] {logging_mixin.py:150} INFO - [2023-10-10T17:52:51.051+0000] {dag.py:3508} INFO - Setting next_dagrun for example_short_circuit_decorator to 2023-10-09T17:52:51.051298+00:00, run_after=2023-10-10T17:52:51.051298+00:00
[2023-10-10T17:52:51.081+0000] {processor.py:179} INFO - Processing /home/airflow/.local/lib/python3.7/site-packages/airflow/example_dags/example_short_circuit_decorator.py took 0.139 seconds
[2023-10-10T17:53:21.452+0000] {processor.py:157} INFO - Started process (PID=2874) to work on /home/airflow/.local/lib/python3.7/site-packages/airflow/example_dags/example_short_circuit_decorator.py
[2023-10-10T17:53:21.454+0000] {processor.py:826} INFO - Processing file /home/airflow/.local/lib/python3.7/site-packages/airflow/example_dags/example_short_circuit_decorator.py for tasks to queue
[2023-10-10T17:53:21.457+0000] {logging_mixin.py:150} INFO - [2023-10-10T17:53:21.457+0000] {dagbag.py:541} INFO - Filling up the DagBag from /home/airflow/.local/lib/python3.7/site-packages/airflow/example_dags/example_short_circuit_decorator.py
[2023-10-10T17:53:21.476+0000] {processor.py:836} INFO - DAG(s) dict_keys(['example_short_circuit_decorator']) retrieved from /home/airflow/.local/lib/python3.7/site-packages/airflow/example_dags/example_short_circuit_decorator.py
[2023-10-10T17:53:21.539+0000] {logging_mixin.py:150} INFO - [2023-10-10T17:53:21.539+0000] {dag.py:2742} INFO - Sync 1 DAGs
[2023-10-10T17:53:21.604+0000] {logging_mixin.py:150} INFO - [2023-10-10T17:53:21.604+0000] {dag.py:3508} INFO - Setting next_dagrun for example_short_circuit_decorator to 2023-10-09T17:53:21.603459+00:00, run_after=2023-10-10T17:53:21.603459+00:00
[2023-10-10T17:53:21.644+0000] {processor.py:179} INFO - Processing /home/airflow/.local/lib/python3.7/site-packages/airflow/example_dags/example_short_circuit_decorator.py took 0.199 seconds
[2023-10-10T17:53:52.314+0000] {processor.py:157} INFO - Started process (PID=2964) to work on /home/airflow/.local/lib/python3.7/site-packages/airflow/example_dags/example_short_circuit_decorator.py
[2023-10-10T17:53:52.320+0000] {processor.py:826} INFO - Processing file /home/airflow/.local/lib/python3.7/site-packages/airflow/example_dags/example_short_circuit_decorator.py for tasks to queue
[2023-10-10T17:53:52.325+0000] {logging_mixin.py:150} INFO - [2023-10-10T17:53:52.324+0000] {dagbag.py:541} INFO - Filling up the DagBag from /home/airflow/.local/lib/python3.7/site-packages/airflow/example_dags/example_short_circuit_decorator.py
[2023-10-10T17:53:52.358+0000] {processor.py:836} INFO - DAG(s) dict_keys(['example_short_circuit_decorator']) retrieved from /home/airflow/.local/lib/python3.7/site-packages/airflow/example_dags/example_short_circuit_decorator.py
[2023-10-10T17:53:52.471+0000] {logging_mixin.py:150} INFO - [2023-10-10T17:53:52.471+0000] {dag.py:2742} INFO - Sync 1 DAGs
[2023-10-10T17:53:52.585+0000] {logging_mixin.py:150} INFO - [2023-10-10T17:53:52.584+0000] {dag.py:3508} INFO - Setting next_dagrun for example_short_circuit_decorator to 2023-10-09T17:53:52.583639+00:00, run_after=2023-10-10T17:53:52.583639+00:00
[2023-10-10T17:53:52.638+0000] {processor.py:179} INFO - Processing /home/airflow/.local/lib/python3.7/site-packages/airflow/example_dags/example_short_circuit_decorator.py took 0.333 seconds
[2023-10-10T17:54:23.423+0000] {processor.py:157} INFO - Started process (PID=3045) to work on /home/airflow/.local/lib/python3.7/site-packages/airflow/example_dags/example_short_circuit_decorator.py
[2023-10-10T17:54:23.426+0000] {processor.py:826} INFO - Processing file /home/airflow/.local/lib/python3.7/site-packages/airflow/example_dags/example_short_circuit_decorator.py for tasks to queue
[2023-10-10T17:54:23.429+0000] {logging_mixin.py:150} INFO - [2023-10-10T17:54:23.428+0000] {dagbag.py:541} INFO - Filling up the DagBag from /home/airflow/.local/lib/python3.7/site-packages/airflow/example_dags/example_short_circuit_decorator.py
[2023-10-10T17:54:23.459+0000] {processor.py:836} INFO - DAG(s) dict_keys(['example_short_circuit_decorator']) retrieved from /home/airflow/.local/lib/python3.7/site-packages/airflow/example_dags/example_short_circuit_decorator.py
[2023-10-10T17:54:23.514+0000] {logging_mixin.py:150} INFO - [2023-10-10T17:54:23.513+0000] {dag.py:2742} INFO - Sync 1 DAGs
[2023-10-10T17:54:23.573+0000] {logging_mixin.py:150} INFO - [2023-10-10T17:54:23.572+0000] {dag.py:3508} INFO - Setting next_dagrun for example_short_circuit_decorator to 2023-10-09T17:54:23.572412+00:00, run_after=2023-10-10T17:54:23.572412+00:00
[2023-10-10T17:54:23.613+0000] {processor.py:179} INFO - Processing /home/airflow/.local/lib/python3.7/site-packages/airflow/example_dags/example_short_circuit_decorator.py took 0.206 seconds
[2023-10-10T17:54:54.680+0000] {processor.py:157} INFO - Started process (PID=3156) to work on /home/airflow/.local/lib/python3.7/site-packages/airflow/example_dags/example_short_circuit_decorator.py
[2023-10-10T17:54:54.682+0000] {processor.py:826} INFO - Processing file /home/airflow/.local/lib/python3.7/site-packages/airflow/example_dags/example_short_circuit_decorator.py for tasks to queue
[2023-10-10T17:54:54.684+0000] {logging_mixin.py:150} INFO - [2023-10-10T17:54:54.684+0000] {dagbag.py:541} INFO - Filling up the DagBag from /home/airflow/.local/lib/python3.7/site-packages/airflow/example_dags/example_short_circuit_decorator.py
[2023-10-10T17:54:54.706+0000] {processor.py:836} INFO - DAG(s) dict_keys(['example_short_circuit_decorator']) retrieved from /home/airflow/.local/lib/python3.7/site-packages/airflow/example_dags/example_short_circuit_decorator.py
[2023-10-10T17:54:54.772+0000] {logging_mixin.py:150} INFO - [2023-10-10T17:54:54.772+0000] {dag.py:2742} INFO - Sync 1 DAGs
[2023-10-10T17:54:54.833+0000] {logging_mixin.py:150} INFO - [2023-10-10T17:54:54.833+0000] {dag.py:3508} INFO - Setting next_dagrun for example_short_circuit_decorator to 2023-10-09T17:54:54.832983+00:00, run_after=2023-10-10T17:54:54.832983+00:00
[2023-10-10T17:54:54.881+0000] {processor.py:179} INFO - Processing /home/airflow/.local/lib/python3.7/site-packages/airflow/example_dags/example_short_circuit_decorator.py took 0.208 seconds
[2023-10-10T17:56:04.205+0000] {processor.py:157} INFO - Started process (PID=3229) to work on /home/airflow/.local/lib/python3.7/site-packages/airflow/example_dags/example_short_circuit_decorator.py
[2023-10-10T17:56:04.208+0000] {processor.py:826} INFO - Processing file /home/airflow/.local/lib/python3.7/site-packages/airflow/example_dags/example_short_circuit_decorator.py for tasks to queue
[2023-10-10T17:56:04.212+0000] {logging_mixin.py:150} INFO - [2023-10-10T17:56:04.211+0000] {dagbag.py:541} INFO - Filling up the DagBag from /home/airflow/.local/lib/python3.7/site-packages/airflow/example_dags/example_short_circuit_decorator.py
[2023-10-10T17:56:04.238+0000] {processor.py:836} INFO - DAG(s) dict_keys(['example_short_circuit_decorator']) retrieved from /home/airflow/.local/lib/python3.7/site-packages/airflow/example_dags/example_short_circuit_decorator.py
[2023-10-10T17:56:04.304+0000] {logging_mixin.py:150} INFO - [2023-10-10T17:56:04.304+0000] {dag.py:2742} INFO - Sync 1 DAGs
[2023-10-10T17:56:04.364+0000] {logging_mixin.py:150} INFO - [2023-10-10T17:56:04.363+0000] {dag.py:3508} INFO - Setting next_dagrun for example_short_circuit_decorator to 2023-10-09T17:56:04.363430+00:00, run_after=2023-10-10T17:56:04.363430+00:00
[2023-10-10T17:56:04.402+0000] {processor.py:179} INFO - Processing /home/airflow/.local/lib/python3.7/site-packages/airflow/example_dags/example_short_circuit_decorator.py took 0.205 seconds
[2023-10-10T17:56:35.571+0000] {processor.py:157} INFO - Started process (PID=3310) to work on /home/airflow/.local/lib/python3.7/site-packages/airflow/example_dags/example_short_circuit_decorator.py
[2023-10-10T17:56:35.575+0000] {processor.py:826} INFO - Processing file /home/airflow/.local/lib/python3.7/site-packages/airflow/example_dags/example_short_circuit_decorator.py for tasks to queue
[2023-10-10T17:56:35.579+0000] {logging_mixin.py:150} INFO - [2023-10-10T17:56:35.578+0000] {dagbag.py:541} INFO - Filling up the DagBag from /home/airflow/.local/lib/python3.7/site-packages/airflow/example_dags/example_short_circuit_decorator.py
[2023-10-10T17:56:35.611+0000] {processor.py:836} INFO - DAG(s) dict_keys(['example_short_circuit_decorator']) retrieved from /home/airflow/.local/lib/python3.7/site-packages/airflow/example_dags/example_short_circuit_decorator.py
[2023-10-10T17:56:35.686+0000] {logging_mixin.py:150} INFO - [2023-10-10T17:56:35.686+0000] {dag.py:2742} INFO - Sync 1 DAGs
[2023-10-10T17:56:35.754+0000] {logging_mixin.py:150} INFO - [2023-10-10T17:56:35.753+0000] {dag.py:3508} INFO - Setting next_dagrun for example_short_circuit_decorator to 2023-10-09T17:56:35.753118+00:00, run_after=2023-10-10T17:56:35.753118+00:00
[2023-10-10T17:56:35.806+0000] {processor.py:179} INFO - Processing /home/airflow/.local/lib/python3.7/site-packages/airflow/example_dags/example_short_circuit_decorator.py took 0.245 seconds
[2023-10-10T17:57:13.295+0000] {processor.py:157} INFO - Started process (PID=3391) to work on /home/airflow/.local/lib/python3.7/site-packages/airflow/example_dags/example_short_circuit_decorator.py
[2023-10-10T17:57:13.316+0000] {processor.py:826} INFO - Processing file /home/airflow/.local/lib/python3.7/site-packages/airflow/example_dags/example_short_circuit_decorator.py for tasks to queue
[2023-10-10T17:57:13.340+0000] {logging_mixin.py:150} INFO - [2023-10-10T17:57:13.327+0000] {dagbag.py:541} INFO - Filling up the DagBag from /home/airflow/.local/lib/python3.7/site-packages/airflow/example_dags/example_short_circuit_decorator.py
[2023-10-10T17:57:13.476+0000] {processor.py:836} INFO - DAG(s) dict_keys(['example_short_circuit_decorator']) retrieved from /home/airflow/.local/lib/python3.7/site-packages/airflow/example_dags/example_short_circuit_decorator.py
[2023-10-10T17:57:13.851+0000] {logging_mixin.py:150} INFO - [2023-10-10T17:57:13.848+0000] {dag.py:2742} INFO - Sync 1 DAGs
[2023-10-10T17:57:14.196+0000] {logging_mixin.py:150} INFO - [2023-10-10T17:57:14.195+0000] {dag.py:3508} INFO - Setting next_dagrun for example_short_circuit_decorator to 2023-10-09T17:57:14.193881+00:00, run_after=2023-10-10T17:57:14.193881+00:00
[2023-10-10T17:57:14.456+0000] {processor.py:179} INFO - Processing /home/airflow/.local/lib/python3.7/site-packages/airflow/example_dags/example_short_circuit_decorator.py took 1.266 seconds
[2023-10-10T17:58:21.968+0000] {processor.py:157} INFO - Started process (PID=3496) to work on /home/airflow/.local/lib/python3.7/site-packages/airflow/example_dags/example_short_circuit_decorator.py
[2023-10-10T17:58:21.985+0000] {processor.py:826} INFO - Processing file /home/airflow/.local/lib/python3.7/site-packages/airflow/example_dags/example_short_circuit_decorator.py for tasks to queue
[2023-10-10T17:58:21.996+0000] {logging_mixin.py:150} INFO - [2023-10-10T17:58:21.994+0000] {dagbag.py:541} INFO - Filling up the DagBag from /home/airflow/.local/lib/python3.7/site-packages/airflow/example_dags/example_short_circuit_decorator.py
[2023-10-10T17:58:22.188+0000] {processor.py:836} INFO - DAG(s) dict_keys(['example_short_circuit_decorator']) retrieved from /home/airflow/.local/lib/python3.7/site-packages/airflow/example_dags/example_short_circuit_decorator.py
[2023-10-10T17:58:22.581+0000] {logging_mixin.py:150} INFO - [2023-10-10T17:58:22.580+0000] {dag.py:2742} INFO - Sync 1 DAGs
[2023-10-10T17:58:23.044+0000] {logging_mixin.py:150} INFO - [2023-10-10T17:58:23.043+0000] {dag.py:3508} INFO - Setting next_dagrun for example_short_circuit_decorator to 2023-10-09T17:58:23.041543+00:00, run_after=2023-10-10T17:58:23.041543+00:00
[2023-10-10T17:58:23.236+0000] {processor.py:179} INFO - Processing /home/airflow/.local/lib/python3.7/site-packages/airflow/example_dags/example_short_circuit_decorator.py took 1.350 seconds
[2023-10-10T17:58:53.859+0000] {processor.py:157} INFO - Started process (PID=3584) to work on /home/airflow/.local/lib/python3.7/site-packages/airflow/example_dags/example_short_circuit_decorator.py
[2023-10-10T17:58:53.871+0000] {processor.py:826} INFO - Processing file /home/airflow/.local/lib/python3.7/site-packages/airflow/example_dags/example_short_circuit_decorator.py for tasks to queue
[2023-10-10T17:58:53.877+0000] {logging_mixin.py:150} INFO - [2023-10-10T17:58:53.876+0000] {dagbag.py:541} INFO - Filling up the DagBag from /home/airflow/.local/lib/python3.7/site-packages/airflow/example_dags/example_short_circuit_decorator.py
[2023-10-10T17:58:54.020+0000] {processor.py:836} INFO - DAG(s) dict_keys(['example_short_circuit_decorator']) retrieved from /home/airflow/.local/lib/python3.7/site-packages/airflow/example_dags/example_short_circuit_decorator.py
[2023-10-10T17:58:54.229+0000] {logging_mixin.py:150} INFO - [2023-10-10T17:58:54.229+0000] {dag.py:2742} INFO - Sync 1 DAGs
[2023-10-10T17:58:54.433+0000] {logging_mixin.py:150} INFO - [2023-10-10T17:58:54.432+0000] {dag.py:3508} INFO - Setting next_dagrun for example_short_circuit_decorator to 2023-10-09T17:58:54.430889+00:00, run_after=2023-10-10T17:58:54.430889+00:00
[2023-10-10T17:58:54.573+0000] {processor.py:179} INFO - Processing /home/airflow/.local/lib/python3.7/site-packages/airflow/example_dags/example_short_circuit_decorator.py took 0.737 seconds
[2023-10-10T17:59:40.511+0000] {processor.py:157} INFO - Started process (PID=3672) to work on /home/airflow/.local/lib/python3.7/site-packages/airflow/example_dags/example_short_circuit_decorator.py
[2023-10-10T17:59:40.517+0000] {processor.py:826} INFO - Processing file /home/airflow/.local/lib/python3.7/site-packages/airflow/example_dags/example_short_circuit_decorator.py for tasks to queue
[2023-10-10T17:59:40.525+0000] {logging_mixin.py:150} INFO - [2023-10-10T17:59:40.523+0000] {dagbag.py:541} INFO - Filling up the DagBag from /home/airflow/.local/lib/python3.7/site-packages/airflow/example_dags/example_short_circuit_decorator.py
[2023-10-10T17:59:40.585+0000] {processor.py:836} INFO - DAG(s) dict_keys(['example_short_circuit_decorator']) retrieved from /home/airflow/.local/lib/python3.7/site-packages/airflow/example_dags/example_short_circuit_decorator.py
[2023-10-10T17:59:40.764+0000] {logging_mixin.py:150} INFO - [2023-10-10T17:59:40.764+0000] {dag.py:2742} INFO - Sync 1 DAGs
[2023-10-10T17:59:41.085+0000] {logging_mixin.py:150} INFO - [2023-10-10T17:59:41.084+0000] {dag.py:3508} INFO - Setting next_dagrun for example_short_circuit_decorator to 2023-10-09T17:59:41.083791+00:00, run_after=2023-10-10T17:59:41.083791+00:00
[2023-10-10T17:59:41.207+0000] {processor.py:179} INFO - Processing /home/airflow/.local/lib/python3.7/site-packages/airflow/example_dags/example_short_circuit_decorator.py took 0.716 seconds
[2023-10-10T18:00:11.386+0000] {processor.py:157} INFO - Started process (PID=3746) to work on /home/airflow/.local/lib/python3.7/site-packages/airflow/example_dags/example_short_circuit_decorator.py
[2023-10-10T18:00:11.389+0000] {processor.py:826} INFO - Processing file /home/airflow/.local/lib/python3.7/site-packages/airflow/example_dags/example_short_circuit_decorator.py for tasks to queue
[2023-10-10T18:00:11.393+0000] {logging_mixin.py:150} INFO - [2023-10-10T18:00:11.392+0000] {dagbag.py:541} INFO - Filling up the DagBag from /home/airflow/.local/lib/python3.7/site-packages/airflow/example_dags/example_short_circuit_decorator.py
[2023-10-10T18:00:11.421+0000] {processor.py:836} INFO - DAG(s) dict_keys(['example_short_circuit_decorator']) retrieved from /home/airflow/.local/lib/python3.7/site-packages/airflow/example_dags/example_short_circuit_decorator.py
[2023-10-10T18:00:11.495+0000] {logging_mixin.py:150} INFO - [2023-10-10T18:00:11.495+0000] {dag.py:2742} INFO - Sync 1 DAGs
[2023-10-10T18:00:11.565+0000] {logging_mixin.py:150} INFO - [2023-10-10T18:00:11.565+0000] {dag.py:3508} INFO - Setting next_dagrun for example_short_circuit_decorator to 2023-10-09T18:00:11.564681+00:00, run_after=2023-10-10T18:00:11.564681+00:00
[2023-10-10T18:00:11.622+0000] {processor.py:179} INFO - Processing /home/airflow/.local/lib/python3.7/site-packages/airflow/example_dags/example_short_circuit_decorator.py took 0.247 seconds
[2023-10-10T18:00:41.903+0000] {processor.py:157} INFO - Started process (PID=3827) to work on /home/airflow/.local/lib/python3.7/site-packages/airflow/example_dags/example_short_circuit_decorator.py
[2023-10-10T18:00:41.905+0000] {processor.py:826} INFO - Processing file /home/airflow/.local/lib/python3.7/site-packages/airflow/example_dags/example_short_circuit_decorator.py for tasks to queue
[2023-10-10T18:00:41.907+0000] {logging_mixin.py:150} INFO - [2023-10-10T18:00:41.907+0000] {dagbag.py:541} INFO - Filling up the DagBag from /home/airflow/.local/lib/python3.7/site-packages/airflow/example_dags/example_short_circuit_decorator.py
[2023-10-10T18:00:41.927+0000] {processor.py:836} INFO - DAG(s) dict_keys(['example_short_circuit_decorator']) retrieved from /home/airflow/.local/lib/python3.7/site-packages/airflow/example_dags/example_short_circuit_decorator.py
[2023-10-10T18:00:41.983+0000] {logging_mixin.py:150} INFO - [2023-10-10T18:00:41.983+0000] {dag.py:2742} INFO - Sync 1 DAGs
[2023-10-10T18:00:42.035+0000] {logging_mixin.py:150} INFO - [2023-10-10T18:00:42.035+0000] {dag.py:3508} INFO - Setting next_dagrun for example_short_circuit_decorator to 2023-10-09T18:00:42.035008+00:00, run_after=2023-10-10T18:00:42.035008+00:00
[2023-10-10T18:00:42.079+0000] {processor.py:179} INFO - Processing /home/airflow/.local/lib/python3.7/site-packages/airflow/example_dags/example_short_circuit_decorator.py took 0.183 seconds
[2023-10-10T18:01:12.385+0000] {processor.py:157} INFO - Started process (PID=3917) to work on /home/airflow/.local/lib/python3.7/site-packages/airflow/example_dags/example_short_circuit_decorator.py
[2023-10-10T18:01:12.388+0000] {processor.py:826} INFO - Processing file /home/airflow/.local/lib/python3.7/site-packages/airflow/example_dags/example_short_circuit_decorator.py for tasks to queue
[2023-10-10T18:01:12.390+0000] {logging_mixin.py:150} INFO - [2023-10-10T18:01:12.390+0000] {dagbag.py:541} INFO - Filling up the DagBag from /home/airflow/.local/lib/python3.7/site-packages/airflow/example_dags/example_short_circuit_decorator.py
[2023-10-10T18:01:12.410+0000] {processor.py:836} INFO - DAG(s) dict_keys(['example_short_circuit_decorator']) retrieved from /home/airflow/.local/lib/python3.7/site-packages/airflow/example_dags/example_short_circuit_decorator.py
[2023-10-10T18:01:12.463+0000] {logging_mixin.py:150} INFO - [2023-10-10T18:01:12.463+0000] {dag.py:2742} INFO - Sync 1 DAGs
[2023-10-10T18:01:12.512+0000] {logging_mixin.py:150} INFO - [2023-10-10T18:01:12.512+0000] {dag.py:3508} INFO - Setting next_dagrun for example_short_circuit_decorator to 2023-10-09T18:01:12.511952+00:00, run_after=2023-10-10T18:01:12.511952+00:00
[2023-10-10T18:01:12.559+0000] {processor.py:179} INFO - Processing /home/airflow/.local/lib/python3.7/site-packages/airflow/example_dags/example_short_circuit_decorator.py took 0.181 seconds
[2023-10-10T18:01:42.781+0000] {processor.py:157} INFO - Started process (PID=3998) to work on /home/airflow/.local/lib/python3.7/site-packages/airflow/example_dags/example_short_circuit_decorator.py
[2023-10-10T18:01:42.785+0000] {processor.py:826} INFO - Processing file /home/airflow/.local/lib/python3.7/site-packages/airflow/example_dags/example_short_circuit_decorator.py for tasks to queue
[2023-10-10T18:01:42.788+0000] {logging_mixin.py:150} INFO - [2023-10-10T18:01:42.788+0000] {dagbag.py:541} INFO - Filling up the DagBag from /home/airflow/.local/lib/python3.7/site-packages/airflow/example_dags/example_short_circuit_decorator.py
[2023-10-10T18:01:42.812+0000] {processor.py:836} INFO - DAG(s) dict_keys(['example_short_circuit_decorator']) retrieved from /home/airflow/.local/lib/python3.7/site-packages/airflow/example_dags/example_short_circuit_decorator.py
[2023-10-10T18:01:42.892+0000] {logging_mixin.py:150} INFO - [2023-10-10T18:01:42.892+0000] {dag.py:2742} INFO - Sync 1 DAGs
[2023-10-10T18:01:42.955+0000] {logging_mixin.py:150} INFO - [2023-10-10T18:01:42.954+0000] {dag.py:3508} INFO - Setting next_dagrun for example_short_circuit_decorator to 2023-10-09T18:01:42.954414+00:00, run_after=2023-10-10T18:01:42.954414+00:00
[2023-10-10T18:01:43.008+0000] {processor.py:179} INFO - Processing /home/airflow/.local/lib/python3.7/site-packages/airflow/example_dags/example_short_circuit_decorator.py took 0.236 seconds
[2023-10-10T18:02:13.083+0000] {processor.py:157} INFO - Started process (PID=4079) to work on /home/airflow/.local/lib/python3.7/site-packages/airflow/example_dags/example_short_circuit_decorator.py
[2023-10-10T18:02:13.086+0000] {processor.py:826} INFO - Processing file /home/airflow/.local/lib/python3.7/site-packages/airflow/example_dags/example_short_circuit_decorator.py for tasks to queue
[2023-10-10T18:02:13.088+0000] {logging_mixin.py:150} INFO - [2023-10-10T18:02:13.088+0000] {dagbag.py:541} INFO - Filling up the DagBag from /home/airflow/.local/lib/python3.7/site-packages/airflow/example_dags/example_short_circuit_decorator.py
[2023-10-10T18:02:13.111+0000] {processor.py:836} INFO - DAG(s) dict_keys(['example_short_circuit_decorator']) retrieved from /home/airflow/.local/lib/python3.7/site-packages/airflow/example_dags/example_short_circuit_decorator.py
[2023-10-10T18:02:13.171+0000] {logging_mixin.py:150} INFO - [2023-10-10T18:02:13.171+0000] {dag.py:2742} INFO - Sync 1 DAGs
[2023-10-10T18:02:13.227+0000] {logging_mixin.py:150} INFO - [2023-10-10T18:02:13.227+0000] {dag.py:3508} INFO - Setting next_dagrun for example_short_circuit_decorator to 2023-10-09T18:02:13.226550+00:00, run_after=2023-10-10T18:02:13.226550+00:00
[2023-10-10T18:02:13.270+0000] {processor.py:179} INFO - Processing /home/airflow/.local/lib/python3.7/site-packages/airflow/example_dags/example_short_circuit_decorator.py took 0.195 seconds
[2023-10-10T18:02:43.411+0000] {processor.py:157} INFO - Started process (PID=4160) to work on /home/airflow/.local/lib/python3.7/site-packages/airflow/example_dags/example_short_circuit_decorator.py
[2023-10-10T18:02:43.414+0000] {processor.py:826} INFO - Processing file /home/airflow/.local/lib/python3.7/site-packages/airflow/example_dags/example_short_circuit_decorator.py for tasks to queue
[2023-10-10T18:02:43.416+0000] {logging_mixin.py:150} INFO - [2023-10-10T18:02:43.416+0000] {dagbag.py:541} INFO - Filling up the DagBag from /home/airflow/.local/lib/python3.7/site-packages/airflow/example_dags/example_short_circuit_decorator.py
[2023-10-10T18:02:43.441+0000] {processor.py:836} INFO - DAG(s) dict_keys(['example_short_circuit_decorator']) retrieved from /home/airflow/.local/lib/python3.7/site-packages/airflow/example_dags/example_short_circuit_decorator.py
[2023-10-10T18:02:43.502+0000] {logging_mixin.py:150} INFO - [2023-10-10T18:02:43.501+0000] {dag.py:2742} INFO - Sync 1 DAGs
[2023-10-10T18:02:43.554+0000] {logging_mixin.py:150} INFO - [2023-10-10T18:02:43.553+0000] {dag.py:3508} INFO - Setting next_dagrun for example_short_circuit_decorator to 2023-10-09T18:02:43.553450+00:00, run_after=2023-10-10T18:02:43.553450+00:00
[2023-10-10T18:02:43.593+0000] {processor.py:179} INFO - Processing /home/airflow/.local/lib/python3.7/site-packages/airflow/example_dags/example_short_circuit_decorator.py took 0.191 seconds
[2023-10-10T18:03:14.323+0000] {processor.py:157} INFO - Started process (PID=4250) to work on /home/airflow/.local/lib/python3.7/site-packages/airflow/example_dags/example_short_circuit_decorator.py
[2023-10-10T18:03:14.325+0000] {processor.py:826} INFO - Processing file /home/airflow/.local/lib/python3.7/site-packages/airflow/example_dags/example_short_circuit_decorator.py for tasks to queue
[2023-10-10T18:03:14.327+0000] {logging_mixin.py:150} INFO - [2023-10-10T18:03:14.327+0000] {dagbag.py:541} INFO - Filling up the DagBag from /home/airflow/.local/lib/python3.7/site-packages/airflow/example_dags/example_short_circuit_decorator.py
[2023-10-10T18:03:14.346+0000] {processor.py:836} INFO - DAG(s) dict_keys(['example_short_circuit_decorator']) retrieved from /home/airflow/.local/lib/python3.7/site-packages/airflow/example_dags/example_short_circuit_decorator.py
[2023-10-10T18:03:14.403+0000] {logging_mixin.py:150} INFO - [2023-10-10T18:03:14.403+0000] {dag.py:2742} INFO - Sync 1 DAGs
[2023-10-10T18:03:14.452+0000] {logging_mixin.py:150} INFO - [2023-10-10T18:03:14.452+0000] {dag.py:3508} INFO - Setting next_dagrun for example_short_circuit_decorator to 2023-10-09T18:03:14.451596+00:00, run_after=2023-10-10T18:03:14.451596+00:00
[2023-10-10T18:03:14.488+0000] {processor.py:179} INFO - Processing /home/airflow/.local/lib/python3.7/site-packages/airflow/example_dags/example_short_circuit_decorator.py took 0.172 seconds
[2023-10-10T18:03:45.277+0000] {processor.py:157} INFO - Started process (PID=4331) to work on /home/airflow/.local/lib/python3.7/site-packages/airflow/example_dags/example_short_circuit_decorator.py
[2023-10-10T18:03:45.279+0000] {processor.py:826} INFO - Processing file /home/airflow/.local/lib/python3.7/site-packages/airflow/example_dags/example_short_circuit_decorator.py for tasks to queue
[2023-10-10T18:03:45.282+0000] {logging_mixin.py:150} INFO - [2023-10-10T18:03:45.281+0000] {dagbag.py:541} INFO - Filling up the DagBag from /home/airflow/.local/lib/python3.7/site-packages/airflow/example_dags/example_short_circuit_decorator.py
[2023-10-10T18:03:45.303+0000] {processor.py:836} INFO - DAG(s) dict_keys(['example_short_circuit_decorator']) retrieved from /home/airflow/.local/lib/python3.7/site-packages/airflow/example_dags/example_short_circuit_decorator.py
[2023-10-10T18:03:45.354+0000] {logging_mixin.py:150} INFO - [2023-10-10T18:03:45.354+0000] {dag.py:2742} INFO - Sync 1 DAGs
[2023-10-10T18:03:45.407+0000] {logging_mixin.py:150} INFO - [2023-10-10T18:03:45.407+0000] {dag.py:3508} INFO - Setting next_dagrun for example_short_circuit_decorator to 2023-10-09T18:03:45.406895+00:00, run_after=2023-10-10T18:03:45.406895+00:00
[2023-10-10T18:03:45.448+0000] {processor.py:179} INFO - Processing /home/airflow/.local/lib/python3.7/site-packages/airflow/example_dags/example_short_circuit_decorator.py took 0.177 seconds
[2023-10-10T18:04:15.616+0000] {processor.py:157} INFO - Started process (PID=4411) to work on /home/airflow/.local/lib/python3.7/site-packages/airflow/example_dags/example_short_circuit_decorator.py
[2023-10-10T18:04:15.620+0000] {processor.py:826} INFO - Processing file /home/airflow/.local/lib/python3.7/site-packages/airflow/example_dags/example_short_circuit_decorator.py for tasks to queue
[2023-10-10T18:04:15.624+0000] {logging_mixin.py:150} INFO - [2023-10-10T18:04:15.623+0000] {dagbag.py:541} INFO - Filling up the DagBag from /home/airflow/.local/lib/python3.7/site-packages/airflow/example_dags/example_short_circuit_decorator.py
[2023-10-10T18:04:15.654+0000] {processor.py:836} INFO - DAG(s) dict_keys(['example_short_circuit_decorator']) retrieved from /home/airflow/.local/lib/python3.7/site-packages/airflow/example_dags/example_short_circuit_decorator.py
[2023-10-10T18:04:15.749+0000] {logging_mixin.py:150} INFO - [2023-10-10T18:04:15.749+0000] {dag.py:2742} INFO - Sync 1 DAGs
[2023-10-10T18:04:15.841+0000] {logging_mixin.py:150} INFO - [2023-10-10T18:04:15.841+0000] {dag.py:3508} INFO - Setting next_dagrun for example_short_circuit_decorator to 2023-10-09T18:04:15.840594+00:00, run_after=2023-10-10T18:04:15.840594+00:00
[2023-10-10T18:04:15.920+0000] {processor.py:179} INFO - Processing /home/airflow/.local/lib/python3.7/site-packages/airflow/example_dags/example_short_circuit_decorator.py took 0.317 seconds
[2023-10-10T18:04:45.999+0000] {processor.py:157} INFO - Started process (PID=4491) to work on /home/airflow/.local/lib/python3.7/site-packages/airflow/example_dags/example_short_circuit_decorator.py
[2023-10-10T18:04:46.003+0000] {processor.py:826} INFO - Processing file /home/airflow/.local/lib/python3.7/site-packages/airflow/example_dags/example_short_circuit_decorator.py for tasks to queue
[2023-10-10T18:04:46.007+0000] {logging_mixin.py:150} INFO - [2023-10-10T18:04:46.007+0000] {dagbag.py:541} INFO - Filling up the DagBag from /home/airflow/.local/lib/python3.7/site-packages/airflow/example_dags/example_short_circuit_decorator.py
[2023-10-10T18:04:46.045+0000] {processor.py:836} INFO - DAG(s) dict_keys(['example_short_circuit_decorator']) retrieved from /home/airflow/.local/lib/python3.7/site-packages/airflow/example_dags/example_short_circuit_decorator.py
[2023-10-10T18:04:46.146+0000] {logging_mixin.py:150} INFO - [2023-10-10T18:04:46.146+0000] {dag.py:2742} INFO - Sync 1 DAGs
[2023-10-10T18:04:46.295+0000] {logging_mixin.py:150} INFO - [2023-10-10T18:04:46.295+0000] {dag.py:3508} INFO - Setting next_dagrun for example_short_circuit_decorator to 2023-10-09T18:04:46.294365+00:00, run_after=2023-10-10T18:04:46.294365+00:00
[2023-10-10T18:04:46.369+0000] {processor.py:179} INFO - Processing /home/airflow/.local/lib/python3.7/site-packages/airflow/example_dags/example_short_circuit_decorator.py took 0.384 seconds
[2023-10-10T18:05:18.430+0000] {processor.py:157} INFO - Started process (PID=4572) to work on /home/airflow/.local/lib/python3.7/site-packages/airflow/example_dags/example_short_circuit_decorator.py
[2023-10-10T18:05:18.439+0000] {processor.py:826} INFO - Processing file /home/airflow/.local/lib/python3.7/site-packages/airflow/example_dags/example_short_circuit_decorator.py for tasks to queue
[2023-10-10T18:05:18.448+0000] {logging_mixin.py:150} INFO - [2023-10-10T18:05:18.447+0000] {dagbag.py:541} INFO - Filling up the DagBag from /home/airflow/.local/lib/python3.7/site-packages/airflow/example_dags/example_short_circuit_decorator.py
[2023-10-10T18:05:18.539+0000] {processor.py:836} INFO - DAG(s) dict_keys(['example_short_circuit_decorator']) retrieved from /home/airflow/.local/lib/python3.7/site-packages/airflow/example_dags/example_short_circuit_decorator.py
[2023-10-10T18:05:18.811+0000] {logging_mixin.py:150} INFO - [2023-10-10T18:05:18.810+0000] {dag.py:2742} INFO - Sync 1 DAGs
[2023-10-10T18:05:19.061+0000] {logging_mixin.py:150} INFO - [2023-10-10T18:05:19.060+0000] {dag.py:3508} INFO - Setting next_dagrun for example_short_circuit_decorator to 2023-10-09T18:05:19.058950+00:00, run_after=2023-10-10T18:05:19.058950+00:00
[2023-10-10T18:05:19.162+0000] {processor.py:179} INFO - Processing /home/airflow/.local/lib/python3.7/site-packages/airflow/example_dags/example_short_circuit_decorator.py took 0.762 seconds
[2023-10-10T18:05:54.857+0000] {processor.py:157} INFO - Started process (PID=4655) to work on /home/airflow/.local/lib/python3.7/site-packages/airflow/example_dags/example_short_circuit_decorator.py
[2023-10-10T18:05:54.864+0000] {processor.py:826} INFO - Processing file /home/airflow/.local/lib/python3.7/site-packages/airflow/example_dags/example_short_circuit_decorator.py for tasks to queue
[2023-10-10T18:05:54.872+0000] {logging_mixin.py:150} INFO - [2023-10-10T18:05:54.871+0000] {dagbag.py:541} INFO - Filling up the DagBag from /home/airflow/.local/lib/python3.7/site-packages/airflow/example_dags/example_short_circuit_decorator.py
[2023-10-10T18:05:54.932+0000] {processor.py:836} INFO - DAG(s) dict_keys(['example_short_circuit_decorator']) retrieved from /home/airflow/.local/lib/python3.7/site-packages/airflow/example_dags/example_short_circuit_decorator.py
[2023-10-10T18:05:55.097+0000] {logging_mixin.py:150} INFO - [2023-10-10T18:05:55.096+0000] {dag.py:2742} INFO - Sync 1 DAGs
[2023-10-10T18:05:55.248+0000] {logging_mixin.py:150} INFO - [2023-10-10T18:05:55.247+0000] {dag.py:3508} INFO - Setting next_dagrun for example_short_circuit_decorator to 2023-10-09T18:05:55.246292+00:00, run_after=2023-10-10T18:05:55.246292+00:00
[2023-10-10T18:05:55.351+0000] {processor.py:179} INFO - Processing /home/airflow/.local/lib/python3.7/site-packages/airflow/example_dags/example_short_circuit_decorator.py took 0.515 seconds
[2023-10-10T18:06:25.492+0000] {processor.py:157} INFO - Started process (PID=4736) to work on /home/airflow/.local/lib/python3.7/site-packages/airflow/example_dags/example_short_circuit_decorator.py
[2023-10-10T18:06:25.496+0000] {processor.py:826} INFO - Processing file /home/airflow/.local/lib/python3.7/site-packages/airflow/example_dags/example_short_circuit_decorator.py for tasks to queue
[2023-10-10T18:06:25.499+0000] {logging_mixin.py:150} INFO - [2023-10-10T18:06:25.498+0000] {dagbag.py:541} INFO - Filling up the DagBag from /home/airflow/.local/lib/python3.7/site-packages/airflow/example_dags/example_short_circuit_decorator.py
[2023-10-10T18:06:25.527+0000] {processor.py:836} INFO - DAG(s) dict_keys(['example_short_circuit_decorator']) retrieved from /home/airflow/.local/lib/python3.7/site-packages/airflow/example_dags/example_short_circuit_decorator.py
[2023-10-10T18:06:25.602+0000] {logging_mixin.py:150} INFO - [2023-10-10T18:06:25.601+0000] {dag.py:2742} INFO - Sync 1 DAGs
[2023-10-10T18:06:25.679+0000] {logging_mixin.py:150} INFO - [2023-10-10T18:06:25.679+0000] {dag.py:3508} INFO - Setting next_dagrun for example_short_circuit_decorator to 2023-10-09T18:06:25.678826+00:00, run_after=2023-10-10T18:06:25.678826+00:00
[2023-10-10T18:06:25.735+0000] {processor.py:179} INFO - Processing /home/airflow/.local/lib/python3.7/site-packages/airflow/example_dags/example_short_circuit_decorator.py took 0.253 seconds
