[2023-10-10T17:36:38.937+0000] {processor.py:157} INFO - Started process (PID=87) to work on /home/airflow/.local/lib/python3.7/site-packages/airflow/example_dags/example_dynamic_task_mapping_with_no_taskflow_operators.py
[2023-10-10T17:36:38.940+0000] {processor.py:826} INFO - Processing file /home/airflow/.local/lib/python3.7/site-packages/airflow/example_dags/example_dynamic_task_mapping_with_no_taskflow_operators.py for tasks to queue
[2023-10-10T17:36:38.942+0000] {logging_mixin.py:150} INFO - [2023-10-10T17:36:38.942+0000] {dagbag.py:541} INFO - Filling up the DagBag from /home/airflow/.local/lib/python3.7/site-packages/airflow/example_dags/example_dynamic_task_mapping_with_no_taskflow_operators.py
[2023-10-10T17:36:38.956+0000] {processor.py:836} INFO - DAG(s) dict_keys(['example_dynamic_task_mapping_with_no_taskflow_operators']) retrieved from /home/airflow/.local/lib/python3.7/site-packages/airflow/example_dags/example_dynamic_task_mapping_with_no_taskflow_operators.py
[2023-10-10T17:36:39.001+0000] {logging_mixin.py:150} INFO - [2023-10-10T17:36:39.001+0000] {dag.py:2742} INFO - Sync 1 DAGs
[2023-10-10T17:36:39.053+0000] {logging_mixin.py:150} INFO - [2023-10-10T17:36:39.053+0000] {dag.py:3508} INFO - Setting next_dagrun for example_dynamic_task_mapping_with_no_taskflow_operators to 2023-10-09T17:36:39.052698+00:00, run_after=2023-10-10T17:36:39.052698+00:00
[2023-10-10T17:36:39.093+0000] {processor.py:179} INFO - Processing /home/airflow/.local/lib/python3.7/site-packages/airflow/example_dags/example_dynamic_task_mapping_with_no_taskflow_operators.py took 0.163 seconds
[2023-10-10T17:37:09.529+0000] {processor.py:157} INFO - Started process (PID=174) to work on /home/airflow/.local/lib/python3.7/site-packages/airflow/example_dags/example_dynamic_task_mapping_with_no_taskflow_operators.py
[2023-10-10T17:37:09.530+0000] {processor.py:826} INFO - Processing file /home/airflow/.local/lib/python3.7/site-packages/airflow/example_dags/example_dynamic_task_mapping_with_no_taskflow_operators.py for tasks to queue
[2023-10-10T17:37:09.531+0000] {logging_mixin.py:150} INFO - [2023-10-10T17:37:09.531+0000] {dagbag.py:541} INFO - Filling up the DagBag from /home/airflow/.local/lib/python3.7/site-packages/airflow/example_dags/example_dynamic_task_mapping_with_no_taskflow_operators.py
[2023-10-10T17:37:09.540+0000] {processor.py:836} INFO - DAG(s) dict_keys(['example_dynamic_task_mapping_with_no_taskflow_operators']) retrieved from /home/airflow/.local/lib/python3.7/site-packages/airflow/example_dags/example_dynamic_task_mapping_with_no_taskflow_operators.py
[2023-10-10T17:37:09.570+0000] {logging_mixin.py:150} INFO - [2023-10-10T17:37:09.570+0000] {dag.py:2742} INFO - Sync 1 DAGs
[2023-10-10T17:37:09.606+0000] {logging_mixin.py:150} INFO - [2023-10-10T17:37:09.605+0000] {dag.py:3508} INFO - Setting next_dagrun for example_dynamic_task_mapping_with_no_taskflow_operators to 2023-10-09T17:37:09.605169+00:00, run_after=2023-10-10T17:37:09.605169+00:00
[2023-10-10T17:37:09.628+0000] {processor.py:179} INFO - Processing /home/airflow/.local/lib/python3.7/site-packages/airflow/example_dags/example_dynamic_task_mapping_with_no_taskflow_operators.py took 0.104 seconds
[2023-10-10T17:37:40.941+0000] {processor.py:157} INFO - Started process (PID=263) to work on /home/airflow/.local/lib/python3.7/site-packages/airflow/example_dags/example_dynamic_task_mapping_with_no_taskflow_operators.py
[2023-10-10T17:37:40.944+0000] {processor.py:826} INFO - Processing file /home/airflow/.local/lib/python3.7/site-packages/airflow/example_dags/example_dynamic_task_mapping_with_no_taskflow_operators.py for tasks to queue
[2023-10-10T17:37:40.948+0000] {logging_mixin.py:150} INFO - [2023-10-10T17:37:40.948+0000] {dagbag.py:541} INFO - Filling up the DagBag from /home/airflow/.local/lib/python3.7/site-packages/airflow/example_dags/example_dynamic_task_mapping_with_no_taskflow_operators.py
[2023-10-10T17:37:40.965+0000] {processor.py:836} INFO - DAG(s) dict_keys(['example_dynamic_task_mapping_with_no_taskflow_operators']) retrieved from /home/airflow/.local/lib/python3.7/site-packages/airflow/example_dags/example_dynamic_task_mapping_with_no_taskflow_operators.py
[2023-10-10T17:37:41.027+0000] {logging_mixin.py:150} INFO - [2023-10-10T17:37:41.026+0000] {dag.py:2742} INFO - Sync 1 DAGs
[2023-10-10T17:37:41.087+0000] {logging_mixin.py:150} INFO - [2023-10-10T17:37:41.087+0000] {dag.py:3508} INFO - Setting next_dagrun for example_dynamic_task_mapping_with_no_taskflow_operators to 2023-10-09T17:37:41.086989+00:00, run_after=2023-10-10T17:37:41.086989+00:00
[2023-10-10T17:37:41.141+0000] {processor.py:179} INFO - Processing /home/airflow/.local/lib/python3.7/site-packages/airflow/example_dags/example_dynamic_task_mapping_with_no_taskflow_operators.py took 0.210 seconds
[2023-10-10T17:38:12.285+0000] {processor.py:157} INFO - Started process (PID=343) to work on /home/airflow/.local/lib/python3.7/site-packages/airflow/example_dags/example_dynamic_task_mapping_with_no_taskflow_operators.py
[2023-10-10T17:38:12.288+0000] {processor.py:826} INFO - Processing file /home/airflow/.local/lib/python3.7/site-packages/airflow/example_dags/example_dynamic_task_mapping_with_no_taskflow_operators.py for tasks to queue
[2023-10-10T17:38:12.289+0000] {logging_mixin.py:150} INFO - [2023-10-10T17:38:12.289+0000] {dagbag.py:541} INFO - Filling up the DagBag from /home/airflow/.local/lib/python3.7/site-packages/airflow/example_dags/example_dynamic_task_mapping_with_no_taskflow_operators.py
[2023-10-10T17:38:12.299+0000] {processor.py:836} INFO - DAG(s) dict_keys(['example_dynamic_task_mapping_with_no_taskflow_operators']) retrieved from /home/airflow/.local/lib/python3.7/site-packages/airflow/example_dags/example_dynamic_task_mapping_with_no_taskflow_operators.py
[2023-10-10T17:38:12.332+0000] {logging_mixin.py:150} INFO - [2023-10-10T17:38:12.331+0000] {dag.py:2742} INFO - Sync 1 DAGs
[2023-10-10T17:38:12.365+0000] {logging_mixin.py:150} INFO - [2023-10-10T17:38:12.364+0000] {dag.py:3508} INFO - Setting next_dagrun for example_dynamic_task_mapping_with_no_taskflow_operators to 2023-10-09T17:38:12.364603+00:00, run_after=2023-10-10T17:38:12.364603+00:00
[2023-10-10T17:38:12.391+0000] {processor.py:179} INFO - Processing /home/airflow/.local/lib/python3.7/site-packages/airflow/example_dags/example_dynamic_task_mapping_with_no_taskflow_operators.py took 0.111 seconds
[2023-10-10T17:38:43.257+0000] {processor.py:157} INFO - Started process (PID=446) to work on /home/airflow/.local/lib/python3.7/site-packages/airflow/example_dags/example_dynamic_task_mapping_with_no_taskflow_operators.py
[2023-10-10T17:38:43.261+0000] {processor.py:826} INFO - Processing file /home/airflow/.local/lib/python3.7/site-packages/airflow/example_dags/example_dynamic_task_mapping_with_no_taskflow_operators.py for tasks to queue
[2023-10-10T17:38:43.267+0000] {logging_mixin.py:150} INFO - [2023-10-10T17:38:43.264+0000] {dagbag.py:541} INFO - Filling up the DagBag from /home/airflow/.local/lib/python3.7/site-packages/airflow/example_dags/example_dynamic_task_mapping_with_no_taskflow_operators.py
[2023-10-10T17:38:43.287+0000] {processor.py:836} INFO - DAG(s) dict_keys(['example_dynamic_task_mapping_with_no_taskflow_operators']) retrieved from /home/airflow/.local/lib/python3.7/site-packages/airflow/example_dags/example_dynamic_task_mapping_with_no_taskflow_operators.py
[2023-10-10T17:38:43.326+0000] {logging_mixin.py:150} INFO - [2023-10-10T17:38:43.326+0000] {dag.py:2742} INFO - Sync 1 DAGs
[2023-10-10T17:38:43.368+0000] {logging_mixin.py:150} INFO - [2023-10-10T17:38:43.367+0000] {dag.py:3508} INFO - Setting next_dagrun for example_dynamic_task_mapping_with_no_taskflow_operators to 2023-10-09T17:38:43.367260+00:00, run_after=2023-10-10T17:38:43.367260+00:00
[2023-10-10T17:38:43.399+0000] {processor.py:179} INFO - Processing /home/airflow/.local/lib/python3.7/site-packages/airflow/example_dags/example_dynamic_task_mapping_with_no_taskflow_operators.py took 0.149 seconds
[2023-10-10T17:39:14.380+0000] {processor.py:157} INFO - Started process (PID=526) to work on /home/airflow/.local/lib/python3.7/site-packages/airflow/example_dags/example_dynamic_task_mapping_with_no_taskflow_operators.py
[2023-10-10T17:39:14.383+0000] {processor.py:826} INFO - Processing file /home/airflow/.local/lib/python3.7/site-packages/airflow/example_dags/example_dynamic_task_mapping_with_no_taskflow_operators.py for tasks to queue
[2023-10-10T17:39:14.384+0000] {logging_mixin.py:150} INFO - [2023-10-10T17:39:14.384+0000] {dagbag.py:541} INFO - Filling up the DagBag from /home/airflow/.local/lib/python3.7/site-packages/airflow/example_dags/example_dynamic_task_mapping_with_no_taskflow_operators.py
[2023-10-10T17:39:14.394+0000] {processor.py:836} INFO - DAG(s) dict_keys(['example_dynamic_task_mapping_with_no_taskflow_operators']) retrieved from /home/airflow/.local/lib/python3.7/site-packages/airflow/example_dags/example_dynamic_task_mapping_with_no_taskflow_operators.py
[2023-10-10T17:39:14.426+0000] {logging_mixin.py:150} INFO - [2023-10-10T17:39:14.426+0000] {dag.py:2742} INFO - Sync 1 DAGs
[2023-10-10T17:39:14.460+0000] {logging_mixin.py:150} INFO - [2023-10-10T17:39:14.460+0000] {dag.py:3508} INFO - Setting next_dagrun for example_dynamic_task_mapping_with_no_taskflow_operators to 2023-10-09T17:39:14.459717+00:00, run_after=2023-10-10T17:39:14.459717+00:00
[2023-10-10T17:39:14.486+0000] {processor.py:179} INFO - Processing /home/airflow/.local/lib/python3.7/site-packages/airflow/example_dags/example_dynamic_task_mapping_with_no_taskflow_operators.py took 0.111 seconds
[2023-10-10T17:39:44.964+0000] {processor.py:157} INFO - Started process (PID=615) to work on /home/airflow/.local/lib/python3.7/site-packages/airflow/example_dags/example_dynamic_task_mapping_with_no_taskflow_operators.py
[2023-10-10T17:39:44.966+0000] {processor.py:826} INFO - Processing file /home/airflow/.local/lib/python3.7/site-packages/airflow/example_dags/example_dynamic_task_mapping_with_no_taskflow_operators.py for tasks to queue
[2023-10-10T17:39:44.968+0000] {logging_mixin.py:150} INFO - [2023-10-10T17:39:44.967+0000] {dagbag.py:541} INFO - Filling up the DagBag from /home/airflow/.local/lib/python3.7/site-packages/airflow/example_dags/example_dynamic_task_mapping_with_no_taskflow_operators.py
[2023-10-10T17:39:44.978+0000] {processor.py:836} INFO - DAG(s) dict_keys(['example_dynamic_task_mapping_with_no_taskflow_operators']) retrieved from /home/airflow/.local/lib/python3.7/site-packages/airflow/example_dags/example_dynamic_task_mapping_with_no_taskflow_operators.py
[2023-10-10T17:39:45.012+0000] {logging_mixin.py:150} INFO - [2023-10-10T17:39:45.011+0000] {dag.py:2742} INFO - Sync 1 DAGs
[2023-10-10T17:39:45.044+0000] {logging_mixin.py:150} INFO - [2023-10-10T17:39:45.044+0000] {dag.py:3508} INFO - Setting next_dagrun for example_dynamic_task_mapping_with_no_taskflow_operators to 2023-10-09T17:39:45.044011+00:00, run_after=2023-10-10T17:39:45.044011+00:00
[2023-10-10T17:39:45.069+0000] {processor.py:179} INFO - Processing /home/airflow/.local/lib/python3.7/site-packages/airflow/example_dags/example_dynamic_task_mapping_with_no_taskflow_operators.py took 0.110 seconds
[2023-10-10T17:40:16.519+0000] {processor.py:157} INFO - Started process (PID=695) to work on /home/airflow/.local/lib/python3.7/site-packages/airflow/example_dags/example_dynamic_task_mapping_with_no_taskflow_operators.py
[2023-10-10T17:40:16.521+0000] {processor.py:826} INFO - Processing file /home/airflow/.local/lib/python3.7/site-packages/airflow/example_dags/example_dynamic_task_mapping_with_no_taskflow_operators.py for tasks to queue
[2023-10-10T17:40:16.523+0000] {logging_mixin.py:150} INFO - [2023-10-10T17:40:16.522+0000] {dagbag.py:541} INFO - Filling up the DagBag from /home/airflow/.local/lib/python3.7/site-packages/airflow/example_dags/example_dynamic_task_mapping_with_no_taskflow_operators.py
[2023-10-10T17:40:16.533+0000] {processor.py:836} INFO - DAG(s) dict_keys(['example_dynamic_task_mapping_with_no_taskflow_operators']) retrieved from /home/airflow/.local/lib/python3.7/site-packages/airflow/example_dags/example_dynamic_task_mapping_with_no_taskflow_operators.py
[2023-10-10T17:40:16.565+0000] {logging_mixin.py:150} INFO - [2023-10-10T17:40:16.565+0000] {dag.py:2742} INFO - Sync 1 DAGs
[2023-10-10T17:40:16.600+0000] {logging_mixin.py:150} INFO - [2023-10-10T17:40:16.600+0000] {dag.py:3508} INFO - Setting next_dagrun for example_dynamic_task_mapping_with_no_taskflow_operators to 2023-10-09T17:40:16.600336+00:00, run_after=2023-10-10T17:40:16.600336+00:00
[2023-10-10T17:40:16.627+0000] {processor.py:179} INFO - Processing /home/airflow/.local/lib/python3.7/site-packages/airflow/example_dags/example_dynamic_task_mapping_with_no_taskflow_operators.py took 0.113 seconds
[2023-10-10T17:40:47.978+0000] {processor.py:157} INFO - Started process (PID=784) to work on /home/airflow/.local/lib/python3.7/site-packages/airflow/example_dags/example_dynamic_task_mapping_with_no_taskflow_operators.py
[2023-10-10T17:40:47.980+0000] {processor.py:826} INFO - Processing file /home/airflow/.local/lib/python3.7/site-packages/airflow/example_dags/example_dynamic_task_mapping_with_no_taskflow_operators.py for tasks to queue
[2023-10-10T17:40:47.982+0000] {logging_mixin.py:150} INFO - [2023-10-10T17:40:47.981+0000] {dagbag.py:541} INFO - Filling up the DagBag from /home/airflow/.local/lib/python3.7/site-packages/airflow/example_dags/example_dynamic_task_mapping_with_no_taskflow_operators.py
[2023-10-10T17:40:47.991+0000] {processor.py:836} INFO - DAG(s) dict_keys(['example_dynamic_task_mapping_with_no_taskflow_operators']) retrieved from /home/airflow/.local/lib/python3.7/site-packages/airflow/example_dags/example_dynamic_task_mapping_with_no_taskflow_operators.py
[2023-10-10T17:40:48.022+0000] {logging_mixin.py:150} INFO - [2023-10-10T17:40:48.022+0000] {dag.py:2742} INFO - Sync 1 DAGs
[2023-10-10T17:40:48.055+0000] {logging_mixin.py:150} INFO - [2023-10-10T17:40:48.055+0000] {dag.py:3508} INFO - Setting next_dagrun for example_dynamic_task_mapping_with_no_taskflow_operators to 2023-10-09T17:40:48.055150+00:00, run_after=2023-10-10T17:40:48.055150+00:00
[2023-10-10T17:40:48.084+0000] {processor.py:179} INFO - Processing /home/airflow/.local/lib/python3.7/site-packages/airflow/example_dags/example_dynamic_task_mapping_with_no_taskflow_operators.py took 0.112 seconds
[2023-10-10T17:41:19.213+0000] {processor.py:157} INFO - Started process (PID=864) to work on /home/airflow/.local/lib/python3.7/site-packages/airflow/example_dags/example_dynamic_task_mapping_with_no_taskflow_operators.py
[2023-10-10T17:41:19.215+0000] {processor.py:826} INFO - Processing file /home/airflow/.local/lib/python3.7/site-packages/airflow/example_dags/example_dynamic_task_mapping_with_no_taskflow_operators.py for tasks to queue
[2023-10-10T17:41:19.216+0000] {logging_mixin.py:150} INFO - [2023-10-10T17:41:19.216+0000] {dagbag.py:541} INFO - Filling up the DagBag from /home/airflow/.local/lib/python3.7/site-packages/airflow/example_dags/example_dynamic_task_mapping_with_no_taskflow_operators.py
[2023-10-10T17:41:19.226+0000] {processor.py:836} INFO - DAG(s) dict_keys(['example_dynamic_task_mapping_with_no_taskflow_operators']) retrieved from /home/airflow/.local/lib/python3.7/site-packages/airflow/example_dags/example_dynamic_task_mapping_with_no_taskflow_operators.py
[2023-10-10T17:41:19.255+0000] {logging_mixin.py:150} INFO - [2023-10-10T17:41:19.255+0000] {dag.py:2742} INFO - Sync 1 DAGs
[2023-10-10T17:41:19.291+0000] {logging_mixin.py:150} INFO - [2023-10-10T17:41:19.291+0000] {dag.py:3508} INFO - Setting next_dagrun for example_dynamic_task_mapping_with_no_taskflow_operators to 2023-10-09T17:41:19.291145+00:00, run_after=2023-10-10T17:41:19.291145+00:00
[2023-10-10T17:41:19.317+0000] {processor.py:179} INFO - Processing /home/airflow/.local/lib/python3.7/site-packages/airflow/example_dags/example_dynamic_task_mapping_with_no_taskflow_operators.py took 0.110 seconds
[2023-10-10T17:41:50.157+0000] {processor.py:157} INFO - Started process (PID=954) to work on /home/airflow/.local/lib/python3.7/site-packages/airflow/example_dags/example_dynamic_task_mapping_with_no_taskflow_operators.py
[2023-10-10T17:41:50.159+0000] {processor.py:826} INFO - Processing file /home/airflow/.local/lib/python3.7/site-packages/airflow/example_dags/example_dynamic_task_mapping_with_no_taskflow_operators.py for tasks to queue
[2023-10-10T17:41:50.162+0000] {logging_mixin.py:150} INFO - [2023-10-10T17:41:50.161+0000] {dagbag.py:541} INFO - Filling up the DagBag from /home/airflow/.local/lib/python3.7/site-packages/airflow/example_dags/example_dynamic_task_mapping_with_no_taskflow_operators.py
[2023-10-10T17:41:50.171+0000] {processor.py:836} INFO - DAG(s) dict_keys(['example_dynamic_task_mapping_with_no_taskflow_operators']) retrieved from /home/airflow/.local/lib/python3.7/site-packages/airflow/example_dags/example_dynamic_task_mapping_with_no_taskflow_operators.py
[2023-10-10T17:41:50.204+0000] {logging_mixin.py:150} INFO - [2023-10-10T17:41:50.203+0000] {dag.py:2742} INFO - Sync 1 DAGs
[2023-10-10T17:41:50.239+0000] {logging_mixin.py:150} INFO - [2023-10-10T17:41:50.239+0000] {dag.py:3508} INFO - Setting next_dagrun for example_dynamic_task_mapping_with_no_taskflow_operators to 2023-10-09T17:41:50.238937+00:00, run_after=2023-10-10T17:41:50.238937+00:00
[2023-10-10T17:41:50.265+0000] {processor.py:179} INFO - Processing /home/airflow/.local/lib/python3.7/site-packages/airflow/example_dags/example_dynamic_task_mapping_with_no_taskflow_operators.py took 0.113 seconds
[2023-10-10T17:42:21.524+0000] {processor.py:157} INFO - Started process (PID=1034) to work on /home/airflow/.local/lib/python3.7/site-packages/airflow/example_dags/example_dynamic_task_mapping_with_no_taskflow_operators.py
[2023-10-10T17:42:21.527+0000] {processor.py:826} INFO - Processing file /home/airflow/.local/lib/python3.7/site-packages/airflow/example_dags/example_dynamic_task_mapping_with_no_taskflow_operators.py for tasks to queue
[2023-10-10T17:42:21.529+0000] {logging_mixin.py:150} INFO - [2023-10-10T17:42:21.528+0000] {dagbag.py:541} INFO - Filling up the DagBag from /home/airflow/.local/lib/python3.7/site-packages/airflow/example_dags/example_dynamic_task_mapping_with_no_taskflow_operators.py
[2023-10-10T17:42:21.541+0000] {processor.py:836} INFO - DAG(s) dict_keys(['example_dynamic_task_mapping_with_no_taskflow_operators']) retrieved from /home/airflow/.local/lib/python3.7/site-packages/airflow/example_dags/example_dynamic_task_mapping_with_no_taskflow_operators.py
[2023-10-10T17:42:21.577+0000] {logging_mixin.py:150} INFO - [2023-10-10T17:42:21.576+0000] {dag.py:2742} INFO - Sync 1 DAGs
[2023-10-10T17:42:21.613+0000] {logging_mixin.py:150} INFO - [2023-10-10T17:42:21.613+0000] {dag.py:3508} INFO - Setting next_dagrun for example_dynamic_task_mapping_with_no_taskflow_operators to 2023-10-09T17:42:21.613200+00:00, run_after=2023-10-10T17:42:21.613200+00:00
[2023-10-10T17:42:21.643+0000] {processor.py:179} INFO - Processing /home/airflow/.local/lib/python3.7/site-packages/airflow/example_dags/example_dynamic_task_mapping_with_no_taskflow_operators.py took 0.126 seconds
[2023-10-10T17:42:52.185+0000] {processor.py:157} INFO - Started process (PID=1124) to work on /home/airflow/.local/lib/python3.7/site-packages/airflow/example_dags/example_dynamic_task_mapping_with_no_taskflow_operators.py
[2023-10-10T17:42:52.186+0000] {processor.py:826} INFO - Processing file /home/airflow/.local/lib/python3.7/site-packages/airflow/example_dags/example_dynamic_task_mapping_with_no_taskflow_operators.py for tasks to queue
[2023-10-10T17:42:52.188+0000] {logging_mixin.py:150} INFO - [2023-10-10T17:42:52.187+0000] {dagbag.py:541} INFO - Filling up the DagBag from /home/airflow/.local/lib/python3.7/site-packages/airflow/example_dags/example_dynamic_task_mapping_with_no_taskflow_operators.py
[2023-10-10T17:42:52.197+0000] {processor.py:836} INFO - DAG(s) dict_keys(['example_dynamic_task_mapping_with_no_taskflow_operators']) retrieved from /home/airflow/.local/lib/python3.7/site-packages/airflow/example_dags/example_dynamic_task_mapping_with_no_taskflow_operators.py
[2023-10-10T17:42:52.227+0000] {logging_mixin.py:150} INFO - [2023-10-10T17:42:52.227+0000] {dag.py:2742} INFO - Sync 1 DAGs
[2023-10-10T17:42:52.258+0000] {logging_mixin.py:150} INFO - [2023-10-10T17:42:52.258+0000] {dag.py:3508} INFO - Setting next_dagrun for example_dynamic_task_mapping_with_no_taskflow_operators to 2023-10-09T17:42:52.257973+00:00, run_after=2023-10-10T17:42:52.257973+00:00
[2023-10-10T17:42:52.283+0000] {processor.py:179} INFO - Processing /home/airflow/.local/lib/python3.7/site-packages/airflow/example_dags/example_dynamic_task_mapping_with_no_taskflow_operators.py took 0.104 seconds
[2023-10-10T17:43:23.192+0000] {processor.py:157} INFO - Started process (PID=1205) to work on /home/airflow/.local/lib/python3.7/site-packages/airflow/example_dags/example_dynamic_task_mapping_with_no_taskflow_operators.py
[2023-10-10T17:43:23.216+0000] {processor.py:826} INFO - Processing file /home/airflow/.local/lib/python3.7/site-packages/airflow/example_dags/example_dynamic_task_mapping_with_no_taskflow_operators.py for tasks to queue
[2023-10-10T17:43:23.219+0000] {logging_mixin.py:150} INFO - [2023-10-10T17:43:23.218+0000] {dagbag.py:541} INFO - Filling up the DagBag from /home/airflow/.local/lib/python3.7/site-packages/airflow/example_dags/example_dynamic_task_mapping_with_no_taskflow_operators.py
[2023-10-10T17:43:23.235+0000] {processor.py:836} INFO - DAG(s) dict_keys(['example_dynamic_task_mapping_with_no_taskflow_operators']) retrieved from /home/airflow/.local/lib/python3.7/site-packages/airflow/example_dags/example_dynamic_task_mapping_with_no_taskflow_operators.py
[2023-10-10T17:43:23.278+0000] {logging_mixin.py:150} INFO - [2023-10-10T17:43:23.278+0000] {dag.py:2742} INFO - Sync 1 DAGs
[2023-10-10T17:43:23.341+0000] {logging_mixin.py:150} INFO - [2023-10-10T17:43:23.340+0000] {dag.py:3508} INFO - Setting next_dagrun for example_dynamic_task_mapping_with_no_taskflow_operators to 2023-10-09T17:43:23.340200+00:00, run_after=2023-10-10T17:43:23.340200+00:00
[2023-10-10T17:43:23.386+0000] {processor.py:179} INFO - Processing /home/airflow/.local/lib/python3.7/site-packages/airflow/example_dags/example_dynamic_task_mapping_with_no_taskflow_operators.py took 0.203 seconds
[2023-10-10T17:43:54.216+0000] {processor.py:157} INFO - Started process (PID=1294) to work on /home/airflow/.local/lib/python3.7/site-packages/airflow/example_dags/example_dynamic_task_mapping_with_no_taskflow_operators.py
[2023-10-10T17:43:54.218+0000] {processor.py:826} INFO - Processing file /home/airflow/.local/lib/python3.7/site-packages/airflow/example_dags/example_dynamic_task_mapping_with_no_taskflow_operators.py for tasks to queue
[2023-10-10T17:43:54.220+0000] {logging_mixin.py:150} INFO - [2023-10-10T17:43:54.219+0000] {dagbag.py:541} INFO - Filling up the DagBag from /home/airflow/.local/lib/python3.7/site-packages/airflow/example_dags/example_dynamic_task_mapping_with_no_taskflow_operators.py
[2023-10-10T17:43:54.232+0000] {processor.py:836} INFO - DAG(s) dict_keys(['example_dynamic_task_mapping_with_no_taskflow_operators']) retrieved from /home/airflow/.local/lib/python3.7/site-packages/airflow/example_dags/example_dynamic_task_mapping_with_no_taskflow_operators.py
[2023-10-10T17:43:54.267+0000] {logging_mixin.py:150} INFO - [2023-10-10T17:43:54.267+0000] {dag.py:2742} INFO - Sync 1 DAGs
[2023-10-10T17:43:54.302+0000] {logging_mixin.py:150} INFO - [2023-10-10T17:43:54.302+0000] {dag.py:3508} INFO - Setting next_dagrun for example_dynamic_task_mapping_with_no_taskflow_operators to 2023-10-09T17:43:54.302027+00:00, run_after=2023-10-10T17:43:54.302027+00:00
[2023-10-10T17:43:54.328+0000] {processor.py:179} INFO - Processing /home/airflow/.local/lib/python3.7/site-packages/airflow/example_dags/example_dynamic_task_mapping_with_no_taskflow_operators.py took 0.117 seconds
[2023-10-10T17:44:24.889+0000] {processor.py:157} INFO - Started process (PID=1374) to work on /home/airflow/.local/lib/python3.7/site-packages/airflow/example_dags/example_dynamic_task_mapping_with_no_taskflow_operators.py
[2023-10-10T17:44:24.891+0000] {processor.py:826} INFO - Processing file /home/airflow/.local/lib/python3.7/site-packages/airflow/example_dags/example_dynamic_task_mapping_with_no_taskflow_operators.py for tasks to queue
[2023-10-10T17:44:24.893+0000] {logging_mixin.py:150} INFO - [2023-10-10T17:44:24.893+0000] {dagbag.py:541} INFO - Filling up the DagBag from /home/airflow/.local/lib/python3.7/site-packages/airflow/example_dags/example_dynamic_task_mapping_with_no_taskflow_operators.py
[2023-10-10T17:44:24.905+0000] {processor.py:836} INFO - DAG(s) dict_keys(['example_dynamic_task_mapping_with_no_taskflow_operators']) retrieved from /home/airflow/.local/lib/python3.7/site-packages/airflow/example_dags/example_dynamic_task_mapping_with_no_taskflow_operators.py
[2023-10-10T17:44:24.942+0000] {logging_mixin.py:150} INFO - [2023-10-10T17:44:24.941+0000] {dag.py:2742} INFO - Sync 1 DAGs
[2023-10-10T17:44:24.982+0000] {logging_mixin.py:150} INFO - [2023-10-10T17:44:24.982+0000] {dag.py:3508} INFO - Setting next_dagrun for example_dynamic_task_mapping_with_no_taskflow_operators to 2023-10-09T17:44:24.982008+00:00, run_after=2023-10-10T17:44:24.982008+00:00
[2023-10-10T17:44:25.014+0000] {processor.py:179} INFO - Processing /home/airflow/.local/lib/python3.7/site-packages/airflow/example_dags/example_dynamic_task_mapping_with_no_taskflow_operators.py took 0.131 seconds
[2023-10-10T17:44:55.378+0000] {processor.py:157} INFO - Started process (PID=1462) to work on /home/airflow/.local/lib/python3.7/site-packages/airflow/example_dags/example_dynamic_task_mapping_with_no_taskflow_operators.py
[2023-10-10T17:44:55.381+0000] {processor.py:826} INFO - Processing file /home/airflow/.local/lib/python3.7/site-packages/airflow/example_dags/example_dynamic_task_mapping_with_no_taskflow_operators.py for tasks to queue
[2023-10-10T17:44:55.383+0000] {logging_mixin.py:150} INFO - [2023-10-10T17:44:55.382+0000] {dagbag.py:541} INFO - Filling up the DagBag from /home/airflow/.local/lib/python3.7/site-packages/airflow/example_dags/example_dynamic_task_mapping_with_no_taskflow_operators.py
[2023-10-10T17:44:55.392+0000] {processor.py:836} INFO - DAG(s) dict_keys(['example_dynamic_task_mapping_with_no_taskflow_operators']) retrieved from /home/airflow/.local/lib/python3.7/site-packages/airflow/example_dags/example_dynamic_task_mapping_with_no_taskflow_operators.py
[2023-10-10T17:44:55.430+0000] {logging_mixin.py:150} INFO - [2023-10-10T17:44:55.429+0000] {dag.py:2742} INFO - Sync 1 DAGs
[2023-10-10T17:44:55.478+0000] {logging_mixin.py:150} INFO - [2023-10-10T17:44:55.478+0000] {dag.py:3508} INFO - Setting next_dagrun for example_dynamic_task_mapping_with_no_taskflow_operators to 2023-10-09T17:44:55.477702+00:00, run_after=2023-10-10T17:44:55.477702+00:00
[2023-10-10T17:44:55.511+0000] {processor.py:179} INFO - Processing /home/airflow/.local/lib/python3.7/site-packages/airflow/example_dags/example_dynamic_task_mapping_with_no_taskflow_operators.py took 0.140 seconds
[2023-10-10T17:45:25.679+0000] {processor.py:157} INFO - Started process (PID=1541) to work on /home/airflow/.local/lib/python3.7/site-packages/airflow/example_dags/example_dynamic_task_mapping_with_no_taskflow_operators.py
[2023-10-10T17:45:25.681+0000] {processor.py:826} INFO - Processing file /home/airflow/.local/lib/python3.7/site-packages/airflow/example_dags/example_dynamic_task_mapping_with_no_taskflow_operators.py for tasks to queue
[2023-10-10T17:45:25.683+0000] {logging_mixin.py:150} INFO - [2023-10-10T17:45:25.682+0000] {dagbag.py:541} INFO - Filling up the DagBag from /home/airflow/.local/lib/python3.7/site-packages/airflow/example_dags/example_dynamic_task_mapping_with_no_taskflow_operators.py
[2023-10-10T17:45:25.694+0000] {processor.py:836} INFO - DAG(s) dict_keys(['example_dynamic_task_mapping_with_no_taskflow_operators']) retrieved from /home/airflow/.local/lib/python3.7/site-packages/airflow/example_dags/example_dynamic_task_mapping_with_no_taskflow_operators.py
[2023-10-10T17:45:25.727+0000] {logging_mixin.py:150} INFO - [2023-10-10T17:45:25.727+0000] {dag.py:2742} INFO - Sync 1 DAGs
[2023-10-10T17:45:25.763+0000] {logging_mixin.py:150} INFO - [2023-10-10T17:45:25.763+0000] {dag.py:3508} INFO - Setting next_dagrun for example_dynamic_task_mapping_with_no_taskflow_operators to 2023-10-09T17:45:25.763251+00:00, run_after=2023-10-10T17:45:25.763251+00:00
[2023-10-10T17:45:25.788+0000] {processor.py:179} INFO - Processing /home/airflow/.local/lib/python3.7/site-packages/airflow/example_dags/example_dynamic_task_mapping_with_no_taskflow_operators.py took 0.115 seconds
[2023-10-10T17:45:55.861+0000] {processor.py:157} INFO - Started process (PID=1630) to work on /home/airflow/.local/lib/python3.7/site-packages/airflow/example_dags/example_dynamic_task_mapping_with_no_taskflow_operators.py
[2023-10-10T17:45:55.863+0000] {processor.py:826} INFO - Processing file /home/airflow/.local/lib/python3.7/site-packages/airflow/example_dags/example_dynamic_task_mapping_with_no_taskflow_operators.py for tasks to queue
[2023-10-10T17:45:55.864+0000] {logging_mixin.py:150} INFO - [2023-10-10T17:45:55.864+0000] {dagbag.py:541} INFO - Filling up the DagBag from /home/airflow/.local/lib/python3.7/site-packages/airflow/example_dags/example_dynamic_task_mapping_with_no_taskflow_operators.py
[2023-10-10T17:45:55.876+0000] {processor.py:836} INFO - DAG(s) dict_keys(['example_dynamic_task_mapping_with_no_taskflow_operators']) retrieved from /home/airflow/.local/lib/python3.7/site-packages/airflow/example_dags/example_dynamic_task_mapping_with_no_taskflow_operators.py
[2023-10-10T17:45:55.915+0000] {logging_mixin.py:150} INFO - [2023-10-10T17:45:55.914+0000] {dag.py:2742} INFO - Sync 1 DAGs
[2023-10-10T17:45:55.965+0000] {logging_mixin.py:150} INFO - [2023-10-10T17:45:55.965+0000] {dag.py:3508} INFO - Setting next_dagrun for example_dynamic_task_mapping_with_no_taskflow_operators to 2023-10-09T17:45:55.965316+00:00, run_after=2023-10-10T17:45:55.965316+00:00
[2023-10-10T17:45:56.004+0000] {processor.py:179} INFO - Processing /home/airflow/.local/lib/python3.7/site-packages/airflow/example_dags/example_dynamic_task_mapping_with_no_taskflow_operators.py took 0.148 seconds
[2023-10-10T17:46:26.213+0000] {processor.py:157} INFO - Started process (PID=1710) to work on /home/airflow/.local/lib/python3.7/site-packages/airflow/example_dags/example_dynamic_task_mapping_with_no_taskflow_operators.py
[2023-10-10T17:46:26.215+0000] {processor.py:826} INFO - Processing file /home/airflow/.local/lib/python3.7/site-packages/airflow/example_dags/example_dynamic_task_mapping_with_no_taskflow_operators.py for tasks to queue
[2023-10-10T17:46:26.217+0000] {logging_mixin.py:150} INFO - [2023-10-10T17:46:26.217+0000] {dagbag.py:541} INFO - Filling up the DagBag from /home/airflow/.local/lib/python3.7/site-packages/airflow/example_dags/example_dynamic_task_mapping_with_no_taskflow_operators.py
[2023-10-10T17:46:26.228+0000] {processor.py:836} INFO - DAG(s) dict_keys(['example_dynamic_task_mapping_with_no_taskflow_operators']) retrieved from /home/airflow/.local/lib/python3.7/site-packages/airflow/example_dags/example_dynamic_task_mapping_with_no_taskflow_operators.py
[2023-10-10T17:46:26.264+0000] {logging_mixin.py:150} INFO - [2023-10-10T17:46:26.264+0000] {dag.py:2742} INFO - Sync 1 DAGs
[2023-10-10T17:46:26.303+0000] {logging_mixin.py:150} INFO - [2023-10-10T17:46:26.303+0000] {dag.py:3508} INFO - Setting next_dagrun for example_dynamic_task_mapping_with_no_taskflow_operators to 2023-10-09T17:46:26.302971+00:00, run_after=2023-10-10T17:46:26.302971+00:00
[2023-10-10T17:46:26.332+0000] {processor.py:179} INFO - Processing /home/airflow/.local/lib/python3.7/site-packages/airflow/example_dags/example_dynamic_task_mapping_with_no_taskflow_operators.py took 0.125 seconds
[2023-10-10T17:46:56.488+0000] {processor.py:157} INFO - Started process (PID=1790) to work on /home/airflow/.local/lib/python3.7/site-packages/airflow/example_dags/example_dynamic_task_mapping_with_no_taskflow_operators.py
[2023-10-10T17:46:56.490+0000] {processor.py:826} INFO - Processing file /home/airflow/.local/lib/python3.7/site-packages/airflow/example_dags/example_dynamic_task_mapping_with_no_taskflow_operators.py for tasks to queue
[2023-10-10T17:46:56.492+0000] {logging_mixin.py:150} INFO - [2023-10-10T17:46:56.492+0000] {dagbag.py:541} INFO - Filling up the DagBag from /home/airflow/.local/lib/python3.7/site-packages/airflow/example_dags/example_dynamic_task_mapping_with_no_taskflow_operators.py
[2023-10-10T17:46:56.504+0000] {processor.py:836} INFO - DAG(s) dict_keys(['example_dynamic_task_mapping_with_no_taskflow_operators']) retrieved from /home/airflow/.local/lib/python3.7/site-packages/airflow/example_dags/example_dynamic_task_mapping_with_no_taskflow_operators.py
[2023-10-10T17:46:56.542+0000] {logging_mixin.py:150} INFO - [2023-10-10T17:46:56.541+0000] {dag.py:2742} INFO - Sync 1 DAGs
[2023-10-10T17:46:56.600+0000] {logging_mixin.py:150} INFO - [2023-10-10T17:46:56.600+0000] {dag.py:3508} INFO - Setting next_dagrun for example_dynamic_task_mapping_with_no_taskflow_operators to 2023-10-09T17:46:56.600082+00:00, run_after=2023-10-10T17:46:56.600082+00:00
[2023-10-10T17:46:56.632+0000] {processor.py:179} INFO - Processing /home/airflow/.local/lib/python3.7/site-packages/airflow/example_dags/example_dynamic_task_mapping_with_no_taskflow_operators.py took 0.149 seconds
[2023-10-10T17:47:26.777+0000] {processor.py:157} INFO - Started process (PID=1879) to work on /home/airflow/.local/lib/python3.7/site-packages/airflow/example_dags/example_dynamic_task_mapping_with_no_taskflow_operators.py
[2023-10-10T17:47:26.779+0000] {processor.py:826} INFO - Processing file /home/airflow/.local/lib/python3.7/site-packages/airflow/example_dags/example_dynamic_task_mapping_with_no_taskflow_operators.py for tasks to queue
[2023-10-10T17:47:26.781+0000] {logging_mixin.py:150} INFO - [2023-10-10T17:47:26.780+0000] {dagbag.py:541} INFO - Filling up the DagBag from /home/airflow/.local/lib/python3.7/site-packages/airflow/example_dags/example_dynamic_task_mapping_with_no_taskflow_operators.py
[2023-10-10T17:47:26.791+0000] {processor.py:836} INFO - DAG(s) dict_keys(['example_dynamic_task_mapping_with_no_taskflow_operators']) retrieved from /home/airflow/.local/lib/python3.7/site-packages/airflow/example_dags/example_dynamic_task_mapping_with_no_taskflow_operators.py
[2023-10-10T17:47:26.821+0000] {logging_mixin.py:150} INFO - [2023-10-10T17:47:26.821+0000] {dag.py:2742} INFO - Sync 1 DAGs
[2023-10-10T17:47:26.853+0000] {logging_mixin.py:150} INFO - [2023-10-10T17:47:26.853+0000] {dag.py:3508} INFO - Setting next_dagrun for example_dynamic_task_mapping_with_no_taskflow_operators to 2023-10-09T17:47:26.853053+00:00, run_after=2023-10-10T17:47:26.853053+00:00
[2023-10-10T17:47:26.876+0000] {processor.py:179} INFO - Processing /home/airflow/.local/lib/python3.7/site-packages/airflow/example_dags/example_dynamic_task_mapping_with_no_taskflow_operators.py took 0.105 seconds
[2023-10-10T17:47:57.231+0000] {processor.py:157} INFO - Started process (PID=1959) to work on /home/airflow/.local/lib/python3.7/site-packages/airflow/example_dags/example_dynamic_task_mapping_with_no_taskflow_operators.py
[2023-10-10T17:47:57.233+0000] {processor.py:826} INFO - Processing file /home/airflow/.local/lib/python3.7/site-packages/airflow/example_dags/example_dynamic_task_mapping_with_no_taskflow_operators.py for tasks to queue
[2023-10-10T17:47:57.236+0000] {logging_mixin.py:150} INFO - [2023-10-10T17:47:57.235+0000] {dagbag.py:541} INFO - Filling up the DagBag from /home/airflow/.local/lib/python3.7/site-packages/airflow/example_dags/example_dynamic_task_mapping_with_no_taskflow_operators.py
[2023-10-10T17:47:57.248+0000] {processor.py:836} INFO - DAG(s) dict_keys(['example_dynamic_task_mapping_with_no_taskflow_operators']) retrieved from /home/airflow/.local/lib/python3.7/site-packages/airflow/example_dags/example_dynamic_task_mapping_with_no_taskflow_operators.py
[2023-10-10T17:47:57.286+0000] {logging_mixin.py:150} INFO - [2023-10-10T17:47:57.285+0000] {dag.py:2742} INFO - Sync 1 DAGs
[2023-10-10T17:47:57.334+0000] {logging_mixin.py:150} INFO - [2023-10-10T17:47:57.334+0000] {dag.py:3508} INFO - Setting next_dagrun for example_dynamic_task_mapping_with_no_taskflow_operators to 2023-10-09T17:47:57.334349+00:00, run_after=2023-10-10T17:47:57.334349+00:00
[2023-10-10T17:47:57.365+0000] {processor.py:179} INFO - Processing /home/airflow/.local/lib/python3.7/site-packages/airflow/example_dags/example_dynamic_task_mapping_with_no_taskflow_operators.py took 0.140 seconds
[2023-10-10T17:48:27.631+0000] {processor.py:157} INFO - Started process (PID=2048) to work on /home/airflow/.local/lib/python3.7/site-packages/airflow/example_dags/example_dynamic_task_mapping_with_no_taskflow_operators.py
[2023-10-10T17:48:27.633+0000] {processor.py:826} INFO - Processing file /home/airflow/.local/lib/python3.7/site-packages/airflow/example_dags/example_dynamic_task_mapping_with_no_taskflow_operators.py for tasks to queue
[2023-10-10T17:48:27.635+0000] {logging_mixin.py:150} INFO - [2023-10-10T17:48:27.634+0000] {dagbag.py:541} INFO - Filling up the DagBag from /home/airflow/.local/lib/python3.7/site-packages/airflow/example_dags/example_dynamic_task_mapping_with_no_taskflow_operators.py
[2023-10-10T17:48:27.646+0000] {processor.py:836} INFO - DAG(s) dict_keys(['example_dynamic_task_mapping_with_no_taskflow_operators']) retrieved from /home/airflow/.local/lib/python3.7/site-packages/airflow/example_dags/example_dynamic_task_mapping_with_no_taskflow_operators.py
[2023-10-10T17:48:27.679+0000] {logging_mixin.py:150} INFO - [2023-10-10T17:48:27.679+0000] {dag.py:2742} INFO - Sync 1 DAGs
[2023-10-10T17:48:27.713+0000] {logging_mixin.py:150} INFO - [2023-10-10T17:48:27.712+0000] {dag.py:3508} INFO - Setting next_dagrun for example_dynamic_task_mapping_with_no_taskflow_operators to 2023-10-09T17:48:27.712556+00:00, run_after=2023-10-10T17:48:27.712556+00:00
[2023-10-10T17:48:27.737+0000] {processor.py:179} INFO - Processing /home/airflow/.local/lib/python3.7/site-packages/airflow/example_dags/example_dynamic_task_mapping_with_no_taskflow_operators.py took 0.111 seconds
[2023-10-10T17:48:58.595+0000] {processor.py:157} INFO - Started process (PID=2133) to work on /home/airflow/.local/lib/python3.7/site-packages/airflow/example_dags/example_dynamic_task_mapping_with_no_taskflow_operators.py
[2023-10-10T17:48:58.597+0000] {processor.py:826} INFO - Processing file /home/airflow/.local/lib/python3.7/site-packages/airflow/example_dags/example_dynamic_task_mapping_with_no_taskflow_operators.py for tasks to queue
[2023-10-10T17:48:58.599+0000] {logging_mixin.py:150} INFO - [2023-10-10T17:48:58.598+0000] {dagbag.py:541} INFO - Filling up the DagBag from /home/airflow/.local/lib/python3.7/site-packages/airflow/example_dags/example_dynamic_task_mapping_with_no_taskflow_operators.py
[2023-10-10T17:48:58.609+0000] {processor.py:836} INFO - DAG(s) dict_keys(['example_dynamic_task_mapping_with_no_taskflow_operators']) retrieved from /home/airflow/.local/lib/python3.7/site-packages/airflow/example_dags/example_dynamic_task_mapping_with_no_taskflow_operators.py
[2023-10-10T17:48:58.646+0000] {logging_mixin.py:150} INFO - [2023-10-10T17:48:58.646+0000] {dag.py:2742} INFO - Sync 1 DAGs
[2023-10-10T17:48:58.679+0000] {logging_mixin.py:150} INFO - [2023-10-10T17:48:58.679+0000] {dag.py:3508} INFO - Setting next_dagrun for example_dynamic_task_mapping_with_no_taskflow_operators to 2023-10-09T17:48:58.679167+00:00, run_after=2023-10-10T17:48:58.679167+00:00
[2023-10-10T17:48:58.705+0000] {processor.py:179} INFO - Processing /home/airflow/.local/lib/python3.7/site-packages/airflow/example_dags/example_dynamic_task_mapping_with_no_taskflow_operators.py took 0.116 seconds
[2023-10-10T17:49:29.068+0000] {processor.py:157} INFO - Started process (PID=2223) to work on /home/airflow/.local/lib/python3.7/site-packages/airflow/example_dags/example_dynamic_task_mapping_with_no_taskflow_operators.py
[2023-10-10T17:49:29.070+0000] {processor.py:826} INFO - Processing file /home/airflow/.local/lib/python3.7/site-packages/airflow/example_dags/example_dynamic_task_mapping_with_no_taskflow_operators.py for tasks to queue
[2023-10-10T17:49:29.071+0000] {logging_mixin.py:150} INFO - [2023-10-10T17:49:29.071+0000] {dagbag.py:541} INFO - Filling up the DagBag from /home/airflow/.local/lib/python3.7/site-packages/airflow/example_dags/example_dynamic_task_mapping_with_no_taskflow_operators.py
[2023-10-10T17:49:29.081+0000] {processor.py:836} INFO - DAG(s) dict_keys(['example_dynamic_task_mapping_with_no_taskflow_operators']) retrieved from /home/airflow/.local/lib/python3.7/site-packages/airflow/example_dags/example_dynamic_task_mapping_with_no_taskflow_operators.py
[2023-10-10T17:49:29.112+0000] {logging_mixin.py:150} INFO - [2023-10-10T17:49:29.112+0000] {dag.py:2742} INFO - Sync 1 DAGs
[2023-10-10T17:49:29.146+0000] {logging_mixin.py:150} INFO - [2023-10-10T17:49:29.146+0000] {dag.py:3508} INFO - Setting next_dagrun for example_dynamic_task_mapping_with_no_taskflow_operators to 2023-10-09T17:49:29.145979+00:00, run_after=2023-10-10T17:49:29.145979+00:00
[2023-10-10T17:49:29.175+0000] {processor.py:179} INFO - Processing /home/airflow/.local/lib/python3.7/site-packages/airflow/example_dags/example_dynamic_task_mapping_with_no_taskflow_operators.py took 0.113 seconds
[2023-10-10T17:49:59.568+0000] {processor.py:157} INFO - Started process (PID=2303) to work on /home/airflow/.local/lib/python3.7/site-packages/airflow/example_dags/example_dynamic_task_mapping_with_no_taskflow_operators.py
[2023-10-10T17:49:59.570+0000] {processor.py:826} INFO - Processing file /home/airflow/.local/lib/python3.7/site-packages/airflow/example_dags/example_dynamic_task_mapping_with_no_taskflow_operators.py for tasks to queue
[2023-10-10T17:49:59.572+0000] {logging_mixin.py:150} INFO - [2023-10-10T17:49:59.572+0000] {dagbag.py:541} INFO - Filling up the DagBag from /home/airflow/.local/lib/python3.7/site-packages/airflow/example_dags/example_dynamic_task_mapping_with_no_taskflow_operators.py
[2023-10-10T17:49:59.587+0000] {processor.py:836} INFO - DAG(s) dict_keys(['example_dynamic_task_mapping_with_no_taskflow_operators']) retrieved from /home/airflow/.local/lib/python3.7/site-packages/airflow/example_dags/example_dynamic_task_mapping_with_no_taskflow_operators.py
[2023-10-10T17:49:59.627+0000] {logging_mixin.py:150} INFO - [2023-10-10T17:49:59.627+0000] {dag.py:2742} INFO - Sync 1 DAGs
[2023-10-10T17:49:59.675+0000] {logging_mixin.py:150} INFO - [2023-10-10T17:49:59.675+0000] {dag.py:3508} INFO - Setting next_dagrun for example_dynamic_task_mapping_with_no_taskflow_operators to 2023-10-09T17:49:59.674722+00:00, run_after=2023-10-10T17:49:59.674722+00:00
[2023-10-10T17:49:59.708+0000] {processor.py:179} INFO - Processing /home/airflow/.local/lib/python3.7/site-packages/airflow/example_dags/example_dynamic_task_mapping_with_no_taskflow_operators.py took 0.145 seconds
[2023-10-10T17:50:29.863+0000] {processor.py:157} INFO - Started process (PID=2395) to work on /home/airflow/.local/lib/python3.7/site-packages/airflow/example_dags/example_dynamic_task_mapping_with_no_taskflow_operators.py
[2023-10-10T17:50:29.865+0000] {processor.py:826} INFO - Processing file /home/airflow/.local/lib/python3.7/site-packages/airflow/example_dags/example_dynamic_task_mapping_with_no_taskflow_operators.py for tasks to queue
[2023-10-10T17:50:29.868+0000] {logging_mixin.py:150} INFO - [2023-10-10T17:50:29.867+0000] {dagbag.py:541} INFO - Filling up the DagBag from /home/airflow/.local/lib/python3.7/site-packages/airflow/example_dags/example_dynamic_task_mapping_with_no_taskflow_operators.py
[2023-10-10T17:50:29.881+0000] {processor.py:836} INFO - DAG(s) dict_keys(['example_dynamic_task_mapping_with_no_taskflow_operators']) retrieved from /home/airflow/.local/lib/python3.7/site-packages/airflow/example_dags/example_dynamic_task_mapping_with_no_taskflow_operators.py
[2023-10-10T17:50:29.923+0000] {logging_mixin.py:150} INFO - [2023-10-10T17:50:29.922+0000] {dag.py:2742} INFO - Sync 1 DAGs
[2023-10-10T17:50:29.965+0000] {logging_mixin.py:150} INFO - [2023-10-10T17:50:29.965+0000] {dag.py:3508} INFO - Setting next_dagrun for example_dynamic_task_mapping_with_no_taskflow_operators to 2023-10-09T17:50:29.964924+00:00, run_after=2023-10-10T17:50:29.964924+00:00
[2023-10-10T17:50:29.996+0000] {processor.py:179} INFO - Processing /home/airflow/.local/lib/python3.7/site-packages/airflow/example_dags/example_dynamic_task_mapping_with_no_taskflow_operators.py took 0.139 seconds
[2023-10-10T17:51:00.569+0000] {processor.py:157} INFO - Started process (PID=2475) to work on /home/airflow/.local/lib/python3.7/site-packages/airflow/example_dags/example_dynamic_task_mapping_with_no_taskflow_operators.py
[2023-10-10T17:51:00.571+0000] {processor.py:826} INFO - Processing file /home/airflow/.local/lib/python3.7/site-packages/airflow/example_dags/example_dynamic_task_mapping_with_no_taskflow_operators.py for tasks to queue
[2023-10-10T17:51:00.572+0000] {logging_mixin.py:150} INFO - [2023-10-10T17:51:00.572+0000] {dagbag.py:541} INFO - Filling up the DagBag from /home/airflow/.local/lib/python3.7/site-packages/airflow/example_dags/example_dynamic_task_mapping_with_no_taskflow_operators.py
[2023-10-10T17:51:00.583+0000] {processor.py:836} INFO - DAG(s) dict_keys(['example_dynamic_task_mapping_with_no_taskflow_operators']) retrieved from /home/airflow/.local/lib/python3.7/site-packages/airflow/example_dags/example_dynamic_task_mapping_with_no_taskflow_operators.py
[2023-10-10T17:51:00.617+0000] {logging_mixin.py:150} INFO - [2023-10-10T17:51:00.617+0000] {dag.py:2742} INFO - Sync 1 DAGs
[2023-10-10T17:51:00.653+0000] {logging_mixin.py:150} INFO - [2023-10-10T17:51:00.653+0000] {dag.py:3508} INFO - Setting next_dagrun for example_dynamic_task_mapping_with_no_taskflow_operators to 2023-10-09T17:51:00.653172+00:00, run_after=2023-10-10T17:51:00.653172+00:00
[2023-10-10T17:51:00.682+0000] {processor.py:179} INFO - Processing /home/airflow/.local/lib/python3.7/site-packages/airflow/example_dags/example_dynamic_task_mapping_with_no_taskflow_operators.py took 0.119 seconds
[2023-10-10T17:51:31.590+0000] {processor.py:157} INFO - Started process (PID=2563) to work on /home/airflow/.local/lib/python3.7/site-packages/airflow/example_dags/example_dynamic_task_mapping_with_no_taskflow_operators.py
[2023-10-10T17:51:31.592+0000] {processor.py:826} INFO - Processing file /home/airflow/.local/lib/python3.7/site-packages/airflow/example_dags/example_dynamic_task_mapping_with_no_taskflow_operators.py for tasks to queue
[2023-10-10T17:51:31.594+0000] {logging_mixin.py:150} INFO - [2023-10-10T17:51:31.593+0000] {dagbag.py:541} INFO - Filling up the DagBag from /home/airflow/.local/lib/python3.7/site-packages/airflow/example_dags/example_dynamic_task_mapping_with_no_taskflow_operators.py
[2023-10-10T17:51:31.604+0000] {processor.py:836} INFO - DAG(s) dict_keys(['example_dynamic_task_mapping_with_no_taskflow_operators']) retrieved from /home/airflow/.local/lib/python3.7/site-packages/airflow/example_dags/example_dynamic_task_mapping_with_no_taskflow_operators.py
[2023-10-10T17:51:31.639+0000] {logging_mixin.py:150} INFO - [2023-10-10T17:51:31.638+0000] {dag.py:2742} INFO - Sync 1 DAGs
[2023-10-10T17:51:31.680+0000] {logging_mixin.py:150} INFO - [2023-10-10T17:51:31.680+0000] {dag.py:3508} INFO - Setting next_dagrun for example_dynamic_task_mapping_with_no_taskflow_operators to 2023-10-09T17:51:31.679917+00:00, run_after=2023-10-10T17:51:31.679917+00:00
[2023-10-10T17:51:31.716+0000] {processor.py:179} INFO - Processing /home/airflow/.local/lib/python3.7/site-packages/airflow/example_dags/example_dynamic_task_mapping_with_no_taskflow_operators.py took 0.132 seconds
[2023-10-10T17:52:02.731+0000] {processor.py:157} INFO - Started process (PID=2648) to work on /home/airflow/.local/lib/python3.7/site-packages/airflow/example_dags/example_dynamic_task_mapping_with_no_taskflow_operators.py
[2023-10-10T17:52:02.733+0000] {processor.py:826} INFO - Processing file /home/airflow/.local/lib/python3.7/site-packages/airflow/example_dags/example_dynamic_task_mapping_with_no_taskflow_operators.py for tasks to queue
[2023-10-10T17:52:02.735+0000] {logging_mixin.py:150} INFO - [2023-10-10T17:52:02.735+0000] {dagbag.py:541} INFO - Filling up the DagBag from /home/airflow/.local/lib/python3.7/site-packages/airflow/example_dags/example_dynamic_task_mapping_with_no_taskflow_operators.py
[2023-10-10T17:52:02.746+0000] {processor.py:836} INFO - DAG(s) dict_keys(['example_dynamic_task_mapping_with_no_taskflow_operators']) retrieved from /home/airflow/.local/lib/python3.7/site-packages/airflow/example_dags/example_dynamic_task_mapping_with_no_taskflow_operators.py
[2023-10-10T17:52:02.783+0000] {logging_mixin.py:150} INFO - [2023-10-10T17:52:02.783+0000] {dag.py:2742} INFO - Sync 1 DAGs
[2023-10-10T17:52:02.837+0000] {logging_mixin.py:150} INFO - [2023-10-10T17:52:02.836+0000] {dag.py:3508} INFO - Setting next_dagrun for example_dynamic_task_mapping_with_no_taskflow_operators to 2023-10-09T17:52:02.836239+00:00, run_after=2023-10-10T17:52:02.836239+00:00
[2023-10-10T17:52:02.881+0000] {processor.py:179} INFO - Processing /home/airflow/.local/lib/python3.7/site-packages/airflow/example_dags/example_dynamic_task_mapping_with_no_taskflow_operators.py took 0.155 seconds
[2023-10-10T17:52:32.984+0000] {processor.py:157} INFO - Started process (PID=2722) to work on /home/airflow/.local/lib/python3.7/site-packages/airflow/example_dags/example_dynamic_task_mapping_with_no_taskflow_operators.py
[2023-10-10T17:52:32.987+0000] {processor.py:826} INFO - Processing file /home/airflow/.local/lib/python3.7/site-packages/airflow/example_dags/example_dynamic_task_mapping_with_no_taskflow_operators.py for tasks to queue
[2023-10-10T17:52:32.989+0000] {logging_mixin.py:150} INFO - [2023-10-10T17:52:32.989+0000] {dagbag.py:541} INFO - Filling up the DagBag from /home/airflow/.local/lib/python3.7/site-packages/airflow/example_dags/example_dynamic_task_mapping_with_no_taskflow_operators.py
[2023-10-10T17:52:33.001+0000] {processor.py:836} INFO - DAG(s) dict_keys(['example_dynamic_task_mapping_with_no_taskflow_operators']) retrieved from /home/airflow/.local/lib/python3.7/site-packages/airflow/example_dags/example_dynamic_task_mapping_with_no_taskflow_operators.py
[2023-10-10T17:52:33.043+0000] {logging_mixin.py:150} INFO - [2023-10-10T17:52:33.043+0000] {dag.py:2742} INFO - Sync 1 DAGs
[2023-10-10T17:52:33.095+0000] {logging_mixin.py:150} INFO - [2023-10-10T17:52:33.095+0000] {dag.py:3508} INFO - Setting next_dagrun for example_dynamic_task_mapping_with_no_taskflow_operators to 2023-10-09T17:52:33.094759+00:00, run_after=2023-10-10T17:52:33.094759+00:00
[2023-10-10T17:52:33.143+0000] {processor.py:179} INFO - Processing /home/airflow/.local/lib/python3.7/site-packages/airflow/example_dags/example_dynamic_task_mapping_with_no_taskflow_operators.py took 0.165 seconds
[2023-10-10T17:53:03.971+0000] {processor.py:157} INFO - Started process (PID=2813) to work on /home/airflow/.local/lib/python3.7/site-packages/airflow/example_dags/example_dynamic_task_mapping_with_no_taskflow_operators.py
[2023-10-10T17:53:03.976+0000] {processor.py:826} INFO - Processing file /home/airflow/.local/lib/python3.7/site-packages/airflow/example_dags/example_dynamic_task_mapping_with_no_taskflow_operators.py for tasks to queue
[2023-10-10T17:53:03.978+0000] {logging_mixin.py:150} INFO - [2023-10-10T17:53:03.978+0000] {dagbag.py:541} INFO - Filling up the DagBag from /home/airflow/.local/lib/python3.7/site-packages/airflow/example_dags/example_dynamic_task_mapping_with_no_taskflow_operators.py
[2023-10-10T17:53:03.993+0000] {processor.py:836} INFO - DAG(s) dict_keys(['example_dynamic_task_mapping_with_no_taskflow_operators']) retrieved from /home/airflow/.local/lib/python3.7/site-packages/airflow/example_dags/example_dynamic_task_mapping_with_no_taskflow_operators.py
[2023-10-10T17:53:04.063+0000] {logging_mixin.py:150} INFO - [2023-10-10T17:53:04.063+0000] {dag.py:2742} INFO - Sync 1 DAGs
[2023-10-10T17:53:04.126+0000] {logging_mixin.py:150} INFO - [2023-10-10T17:53:04.126+0000] {dag.py:3508} INFO - Setting next_dagrun for example_dynamic_task_mapping_with_no_taskflow_operators to 2023-10-09T17:53:04.125890+00:00, run_after=2023-10-10T17:53:04.125890+00:00
[2023-10-10T17:53:04.155+0000] {processor.py:179} INFO - Processing /home/airflow/.local/lib/python3.7/site-packages/airflow/example_dags/example_dynamic_task_mapping_with_no_taskflow_operators.py took 0.191 seconds
[2023-10-10T17:53:34.565+0000] {processor.py:157} INFO - Started process (PID=2895) to work on /home/airflow/.local/lib/python3.7/site-packages/airflow/example_dags/example_dynamic_task_mapping_with_no_taskflow_operators.py
[2023-10-10T17:53:34.568+0000] {processor.py:826} INFO - Processing file /home/airflow/.local/lib/python3.7/site-packages/airflow/example_dags/example_dynamic_task_mapping_with_no_taskflow_operators.py for tasks to queue
[2023-10-10T17:53:34.570+0000] {logging_mixin.py:150} INFO - [2023-10-10T17:53:34.569+0000] {dagbag.py:541} INFO - Filling up the DagBag from /home/airflow/.local/lib/python3.7/site-packages/airflow/example_dags/example_dynamic_task_mapping_with_no_taskflow_operators.py
[2023-10-10T17:53:34.580+0000] {processor.py:836} INFO - DAG(s) dict_keys(['example_dynamic_task_mapping_with_no_taskflow_operators']) retrieved from /home/airflow/.local/lib/python3.7/site-packages/airflow/example_dags/example_dynamic_task_mapping_with_no_taskflow_operators.py
[2023-10-10T17:53:34.613+0000] {logging_mixin.py:150} INFO - [2023-10-10T17:53:34.613+0000] {dag.py:2742} INFO - Sync 1 DAGs
[2023-10-10T17:53:34.648+0000] {logging_mixin.py:150} INFO - [2023-10-10T17:53:34.648+0000] {dag.py:3508} INFO - Setting next_dagrun for example_dynamic_task_mapping_with_no_taskflow_operators to 2023-10-09T17:53:34.647831+00:00, run_after=2023-10-10T17:53:34.647831+00:00
[2023-10-10T17:53:34.672+0000] {processor.py:179} INFO - Processing /home/airflow/.local/lib/python3.7/site-packages/airflow/example_dags/example_dynamic_task_mapping_with_no_taskflow_operators.py took 0.111 seconds
[2023-10-10T17:54:04.988+0000] {processor.py:157} INFO - Started process (PID=2986) to work on /home/airflow/.local/lib/python3.7/site-packages/airflow/example_dags/example_dynamic_task_mapping_with_no_taskflow_operators.py
[2023-10-10T17:54:04.990+0000] {processor.py:826} INFO - Processing file /home/airflow/.local/lib/python3.7/site-packages/airflow/example_dags/example_dynamic_task_mapping_with_no_taskflow_operators.py for tasks to queue
[2023-10-10T17:54:04.991+0000] {logging_mixin.py:150} INFO - [2023-10-10T17:54:04.991+0000] {dagbag.py:541} INFO - Filling up the DagBag from /home/airflow/.local/lib/python3.7/site-packages/airflow/example_dags/example_dynamic_task_mapping_with_no_taskflow_operators.py
[2023-10-10T17:54:05.002+0000] {processor.py:836} INFO - DAG(s) dict_keys(['example_dynamic_task_mapping_with_no_taskflow_operators']) retrieved from /home/airflow/.local/lib/python3.7/site-packages/airflow/example_dags/example_dynamic_task_mapping_with_no_taskflow_operators.py
[2023-10-10T17:54:05.036+0000] {logging_mixin.py:150} INFO - [2023-10-10T17:54:05.035+0000] {dag.py:2742} INFO - Sync 1 DAGs
[2023-10-10T17:54:05.080+0000] {logging_mixin.py:150} INFO - [2023-10-10T17:54:05.079+0000] {dag.py:3508} INFO - Setting next_dagrun for example_dynamic_task_mapping_with_no_taskflow_operators to 2023-10-09T17:54:05.079550+00:00, run_after=2023-10-10T17:54:05.079550+00:00
[2023-10-10T17:54:05.107+0000] {processor.py:179} INFO - Processing /home/airflow/.local/lib/python3.7/site-packages/airflow/example_dags/example_dynamic_task_mapping_with_no_taskflow_operators.py took 0.125 seconds
[2023-10-10T17:54:35.746+0000] {processor.py:157} INFO - Started process (PID=3067) to work on /home/airflow/.local/lib/python3.7/site-packages/airflow/example_dags/example_dynamic_task_mapping_with_no_taskflow_operators.py
[2023-10-10T17:54:35.748+0000] {processor.py:826} INFO - Processing file /home/airflow/.local/lib/python3.7/site-packages/airflow/example_dags/example_dynamic_task_mapping_with_no_taskflow_operators.py for tasks to queue
[2023-10-10T17:54:35.750+0000] {logging_mixin.py:150} INFO - [2023-10-10T17:54:35.750+0000] {dagbag.py:541} INFO - Filling up the DagBag from /home/airflow/.local/lib/python3.7/site-packages/airflow/example_dags/example_dynamic_task_mapping_with_no_taskflow_operators.py
[2023-10-10T17:54:35.762+0000] {processor.py:836} INFO - DAG(s) dict_keys(['example_dynamic_task_mapping_with_no_taskflow_operators']) retrieved from /home/airflow/.local/lib/python3.7/site-packages/airflow/example_dags/example_dynamic_task_mapping_with_no_taskflow_operators.py
[2023-10-10T17:54:35.797+0000] {logging_mixin.py:150} INFO - [2023-10-10T17:54:35.797+0000] {dag.py:2742} INFO - Sync 1 DAGs
[2023-10-10T17:54:35.838+0000] {logging_mixin.py:150} INFO - [2023-10-10T17:54:35.837+0000] {dag.py:3508} INFO - Setting next_dagrun for example_dynamic_task_mapping_with_no_taskflow_operators to 2023-10-09T17:54:35.837656+00:00, run_after=2023-10-10T17:54:35.837656+00:00
[2023-10-10T17:54:35.877+0000] {processor.py:179} INFO - Processing /home/airflow/.local/lib/python3.7/site-packages/airflow/example_dags/example_dynamic_task_mapping_with_no_taskflow_operators.py took 0.136 seconds
[2023-10-10T17:55:06.583+0000] {processor.py:157} INFO - Started process (PID=3176) to work on /home/airflow/.local/lib/python3.7/site-packages/airflow/example_dags/example_dynamic_task_mapping_with_no_taskflow_operators.py
[2023-10-10T17:55:06.585+0000] {processor.py:826} INFO - Processing file /home/airflow/.local/lib/python3.7/site-packages/airflow/example_dags/example_dynamic_task_mapping_with_no_taskflow_operators.py for tasks to queue
[2023-10-10T17:55:06.587+0000] {logging_mixin.py:150} INFO - [2023-10-10T17:55:06.586+0000] {dagbag.py:541} INFO - Filling up the DagBag from /home/airflow/.local/lib/python3.7/site-packages/airflow/example_dags/example_dynamic_task_mapping_with_no_taskflow_operators.py
[2023-10-10T17:55:06.598+0000] {processor.py:836} INFO - DAG(s) dict_keys(['example_dynamic_task_mapping_with_no_taskflow_operators']) retrieved from /home/airflow/.local/lib/python3.7/site-packages/airflow/example_dags/example_dynamic_task_mapping_with_no_taskflow_operators.py
[2023-10-10T17:55:06.636+0000] {logging_mixin.py:150} INFO - [2023-10-10T17:55:06.636+0000] {dag.py:2742} INFO - Sync 1 DAGs
[2023-10-10T17:55:06.677+0000] {logging_mixin.py:150} INFO - [2023-10-10T17:55:06.676+0000] {dag.py:3508} INFO - Setting next_dagrun for example_dynamic_task_mapping_with_no_taskflow_operators to 2023-10-09T17:55:06.676519+00:00, run_after=2023-10-10T17:55:06.676519+00:00
[2023-10-10T17:55:06.705+0000] {processor.py:179} INFO - Processing /home/airflow/.local/lib/python3.7/site-packages/airflow/example_dags/example_dynamic_task_mapping_with_no_taskflow_operators.py took 0.128 seconds
[2023-10-10T17:56:06.385+0000] {processor.py:157} INFO - Started process (PID=3243) to work on /home/airflow/.local/lib/python3.7/site-packages/airflow/example_dags/example_dynamic_task_mapping_with_no_taskflow_operators.py
[2023-10-10T17:56:06.388+0000] {processor.py:826} INFO - Processing file /home/airflow/.local/lib/python3.7/site-packages/airflow/example_dags/example_dynamic_task_mapping_with_no_taskflow_operators.py for tasks to queue
[2023-10-10T17:56:06.390+0000] {logging_mixin.py:150} INFO - [2023-10-10T17:56:06.390+0000] {dagbag.py:541} INFO - Filling up the DagBag from /home/airflow/.local/lib/python3.7/site-packages/airflow/example_dags/example_dynamic_task_mapping_with_no_taskflow_operators.py
[2023-10-10T17:56:06.406+0000] {processor.py:836} INFO - DAG(s) dict_keys(['example_dynamic_task_mapping_with_no_taskflow_operators']) retrieved from /home/airflow/.local/lib/python3.7/site-packages/airflow/example_dags/example_dynamic_task_mapping_with_no_taskflow_operators.py
[2023-10-10T17:56:06.446+0000] {logging_mixin.py:150} INFO - [2023-10-10T17:56:06.446+0000] {dag.py:2742} INFO - Sync 1 DAGs
[2023-10-10T17:56:06.493+0000] {logging_mixin.py:150} INFO - [2023-10-10T17:56:06.493+0000] {dag.py:3508} INFO - Setting next_dagrun for example_dynamic_task_mapping_with_no_taskflow_operators to 2023-10-09T17:56:06.493180+00:00, run_after=2023-10-10T17:56:06.493180+00:00
[2023-10-10T17:56:06.530+0000] {processor.py:179} INFO - Processing /home/airflow/.local/lib/python3.7/site-packages/airflow/example_dags/example_dynamic_task_mapping_with_no_taskflow_operators.py took 0.151 seconds
[2023-10-10T17:56:38.867+0000] {processor.py:157} INFO - Started process (PID=3324) to work on /home/airflow/.local/lib/python3.7/site-packages/airflow/example_dags/example_dynamic_task_mapping_with_no_taskflow_operators.py
[2023-10-10T17:56:38.876+0000] {processor.py:826} INFO - Processing file /home/airflow/.local/lib/python3.7/site-packages/airflow/example_dags/example_dynamic_task_mapping_with_no_taskflow_operators.py for tasks to queue
[2023-10-10T17:56:38.888+0000] {logging_mixin.py:150} INFO - [2023-10-10T17:56:38.886+0000] {dagbag.py:541} INFO - Filling up the DagBag from /home/airflow/.local/lib/python3.7/site-packages/airflow/example_dags/example_dynamic_task_mapping_with_no_taskflow_operators.py
[2023-10-10T17:56:38.918+0000] {processor.py:836} INFO - DAG(s) dict_keys(['example_dynamic_task_mapping_with_no_taskflow_operators']) retrieved from /home/airflow/.local/lib/python3.7/site-packages/airflow/example_dags/example_dynamic_task_mapping_with_no_taskflow_operators.py
[2023-10-10T17:56:39.038+0000] {logging_mixin.py:150} INFO - [2023-10-10T17:56:39.037+0000] {dag.py:2742} INFO - Sync 1 DAGs
[2023-10-10T17:56:39.155+0000] {logging_mixin.py:150} INFO - [2023-10-10T17:56:39.154+0000] {dag.py:3508} INFO - Setting next_dagrun for example_dynamic_task_mapping_with_no_taskflow_operators to 2023-10-09T17:56:39.153995+00:00, run_after=2023-10-10T17:56:39.153995+00:00
[2023-10-10T17:56:39.235+0000] {processor.py:179} INFO - Processing /home/airflow/.local/lib/python3.7/site-packages/airflow/example_dags/example_dynamic_task_mapping_with_no_taskflow_operators.py took 0.383 seconds
[2023-10-10T17:57:38.419+0000] {processor.py:157} INFO - Started process (PID=3415) to work on /home/airflow/.local/lib/python3.7/site-packages/airflow/example_dags/example_dynamic_task_mapping_with_no_taskflow_operators.py
[2023-10-10T17:57:38.506+0000] {processor.py:826} INFO - Processing file /home/airflow/.local/lib/python3.7/site-packages/airflow/example_dags/example_dynamic_task_mapping_with_no_taskflow_operators.py for tasks to queue
[2023-10-10T17:57:38.531+0000] {logging_mixin.py:150} INFO - [2023-10-10T17:57:38.515+0000] {dagbag.py:541} INFO - Filling up the DagBag from /home/airflow/.local/lib/python3.7/site-packages/airflow/example_dags/example_dynamic_task_mapping_with_no_taskflow_operators.py
[2023-10-10T17:57:38.776+0000] {processor.py:836} INFO - DAG(s) dict_keys(['example_dynamic_task_mapping_with_no_taskflow_operators']) retrieved from /home/airflow/.local/lib/python3.7/site-packages/airflow/example_dags/example_dynamic_task_mapping_with_no_taskflow_operators.py
[2023-10-10T17:57:39.852+0000] {logging_mixin.py:150} INFO - [2023-10-10T17:57:39.851+0000] {dag.py:2742} INFO - Sync 1 DAGs
[2023-10-10T17:57:40.321+0000] {logging_mixin.py:150} INFO - [2023-10-10T17:57:40.320+0000] {dag.py:3508} INFO - Setting next_dagrun for example_dynamic_task_mapping_with_no_taskflow_operators to 2023-10-09T17:57:40.318902+00:00, run_after=2023-10-10T17:57:40.318902+00:00
[2023-10-10T17:57:40.675+0000] {processor.py:179} INFO - Processing /home/airflow/.local/lib/python3.7/site-packages/airflow/example_dags/example_dynamic_task_mapping_with_no_taskflow_operators.py took 2.339 seconds
[2023-10-10T17:58:35.709+0000] {processor.py:157} INFO - Started process (PID=3519) to work on /home/airflow/.local/lib/python3.7/site-packages/airflow/example_dags/example_dynamic_task_mapping_with_no_taskflow_operators.py
[2023-10-10T17:58:35.726+0000] {processor.py:826} INFO - Processing file /home/airflow/.local/lib/python3.7/site-packages/airflow/example_dags/example_dynamic_task_mapping_with_no_taskflow_operators.py for tasks to queue
[2023-10-10T17:58:35.753+0000] {logging_mixin.py:150} INFO - [2023-10-10T17:58:35.751+0000] {dagbag.py:541} INFO - Filling up the DagBag from /home/airflow/.local/lib/python3.7/site-packages/airflow/example_dags/example_dynamic_task_mapping_with_no_taskflow_operators.py
[2023-10-10T17:58:35.890+0000] {processor.py:836} INFO - DAG(s) dict_keys(['example_dynamic_task_mapping_with_no_taskflow_operators']) retrieved from /home/airflow/.local/lib/python3.7/site-packages/airflow/example_dags/example_dynamic_task_mapping_with_no_taskflow_operators.py
[2023-10-10T17:58:36.300+0000] {logging_mixin.py:150} INFO - [2023-10-10T17:58:36.299+0000] {dag.py:2742} INFO - Sync 1 DAGs
[2023-10-10T17:58:36.529+0000] {logging_mixin.py:150} INFO - [2023-10-10T17:58:36.528+0000] {dag.py:3508} INFO - Setting next_dagrun for example_dynamic_task_mapping_with_no_taskflow_operators to 2023-10-09T17:58:36.526720+00:00, run_after=2023-10-10T17:58:36.526720+00:00
[2023-10-10T17:58:36.693+0000] {processor.py:179} INFO - Processing /home/airflow/.local/lib/python3.7/site-packages/airflow/example_dags/example_dynamic_task_mapping_with_no_taskflow_operators.py took 1.008 seconds
[2023-10-10T17:59:08.853+0000] {processor.py:157} INFO - Started process (PID=3614) to work on /home/airflow/.local/lib/python3.7/site-packages/airflow/example_dags/example_dynamic_task_mapping_with_no_taskflow_operators.py
[2023-10-10T17:59:08.869+0000] {processor.py:826} INFO - Processing file /home/airflow/.local/lib/python3.7/site-packages/airflow/example_dags/example_dynamic_task_mapping_with_no_taskflow_operators.py for tasks to queue
[2023-10-10T17:59:08.898+0000] {logging_mixin.py:150} INFO - [2023-10-10T17:59:08.897+0000] {dagbag.py:541} INFO - Filling up the DagBag from /home/airflow/.local/lib/python3.7/site-packages/airflow/example_dags/example_dynamic_task_mapping_with_no_taskflow_operators.py
[2023-10-10T17:59:08.990+0000] {processor.py:836} INFO - DAG(s) dict_keys(['example_dynamic_task_mapping_with_no_taskflow_operators']) retrieved from /home/airflow/.local/lib/python3.7/site-packages/airflow/example_dags/example_dynamic_task_mapping_with_no_taskflow_operators.py
[2023-10-10T17:59:09.174+0000] {logging_mixin.py:150} INFO - [2023-10-10T17:59:09.173+0000] {dag.py:2742} INFO - Sync 1 DAGs
[2023-10-10T17:59:09.341+0000] {logging_mixin.py:150} INFO - [2023-10-10T17:59:09.340+0000] {dag.py:3508} INFO - Setting next_dagrun for example_dynamic_task_mapping_with_no_taskflow_operators to 2023-10-09T17:59:09.339830+00:00, run_after=2023-10-10T17:59:09.339830+00:00
[2023-10-10T17:59:09.469+0000] {processor.py:179} INFO - Processing /home/airflow/.local/lib/python3.7/site-packages/airflow/example_dags/example_dynamic_task_mapping_with_no_taskflow_operators.py took 0.641 seconds
[2023-10-10T17:59:47.683+0000] {processor.py:157} INFO - Started process (PID=3694) to work on /home/airflow/.local/lib/python3.7/site-packages/airflow/example_dags/example_dynamic_task_mapping_with_no_taskflow_operators.py
[2023-10-10T17:59:47.689+0000] {processor.py:826} INFO - Processing file /home/airflow/.local/lib/python3.7/site-packages/airflow/example_dags/example_dynamic_task_mapping_with_no_taskflow_operators.py for tasks to queue
[2023-10-10T17:59:47.698+0000] {logging_mixin.py:150} INFO - [2023-10-10T17:59:47.697+0000] {dagbag.py:541} INFO - Filling up the DagBag from /home/airflow/.local/lib/python3.7/site-packages/airflow/example_dags/example_dynamic_task_mapping_with_no_taskflow_operators.py
[2023-10-10T17:59:47.744+0000] {processor.py:836} INFO - DAG(s) dict_keys(['example_dynamic_task_mapping_with_no_taskflow_operators']) retrieved from /home/airflow/.local/lib/python3.7/site-packages/airflow/example_dags/example_dynamic_task_mapping_with_no_taskflow_operators.py
[2023-10-10T17:59:47.894+0000] {logging_mixin.py:150} INFO - [2023-10-10T17:59:47.893+0000] {dag.py:2742} INFO - Sync 1 DAGs
[2023-10-10T17:59:48.093+0000] {logging_mixin.py:150} INFO - [2023-10-10T17:59:48.093+0000] {dag.py:3508} INFO - Setting next_dagrun for example_dynamic_task_mapping_with_no_taskflow_operators to 2023-10-09T17:59:48.091989+00:00, run_after=2023-10-10T17:59:48.091989+00:00
[2023-10-10T17:59:48.190+0000] {processor.py:179} INFO - Processing /home/airflow/.local/lib/python3.7/site-packages/airflow/example_dags/example_dynamic_task_mapping_with_no_taskflow_operators.py took 0.527 seconds
[2023-10-10T18:00:18.729+0000] {processor.py:157} INFO - Started process (PID=3776) to work on /home/airflow/.local/lib/python3.7/site-packages/airflow/example_dags/example_dynamic_task_mapping_with_no_taskflow_operators.py
[2023-10-10T18:00:18.732+0000] {processor.py:826} INFO - Processing file /home/airflow/.local/lib/python3.7/site-packages/airflow/example_dags/example_dynamic_task_mapping_with_no_taskflow_operators.py for tasks to queue
[2023-10-10T18:00:18.735+0000] {logging_mixin.py:150} INFO - [2023-10-10T18:00:18.735+0000] {dagbag.py:541} INFO - Filling up the DagBag from /home/airflow/.local/lib/python3.7/site-packages/airflow/example_dags/example_dynamic_task_mapping_with_no_taskflow_operators.py
[2023-10-10T18:00:18.756+0000] {processor.py:836} INFO - DAG(s) dict_keys(['example_dynamic_task_mapping_with_no_taskflow_operators']) retrieved from /home/airflow/.local/lib/python3.7/site-packages/airflow/example_dags/example_dynamic_task_mapping_with_no_taskflow_operators.py
[2023-10-10T18:00:18.820+0000] {logging_mixin.py:150} INFO - [2023-10-10T18:00:18.820+0000] {dag.py:2742} INFO - Sync 1 DAGs
[2023-10-10T18:00:18.891+0000] {logging_mixin.py:150} INFO - [2023-10-10T18:00:18.891+0000] {dag.py:3508} INFO - Setting next_dagrun for example_dynamic_task_mapping_with_no_taskflow_operators to 2023-10-09T18:00:18.890912+00:00, run_after=2023-10-10T18:00:18.890912+00:00
[2023-10-10T18:00:18.938+0000] {processor.py:179} INFO - Processing /home/airflow/.local/lib/python3.7/site-packages/airflow/example_dags/example_dynamic_task_mapping_with_no_taskflow_operators.py took 0.219 seconds
[2023-10-10T18:00:49.570+0000] {processor.py:157} INFO - Started process (PID=3857) to work on /home/airflow/.local/lib/python3.7/site-packages/airflow/example_dags/example_dynamic_task_mapping_with_no_taskflow_operators.py
[2023-10-10T18:00:49.573+0000] {processor.py:826} INFO - Processing file /home/airflow/.local/lib/python3.7/site-packages/airflow/example_dags/example_dynamic_task_mapping_with_no_taskflow_operators.py for tasks to queue
[2023-10-10T18:00:49.575+0000] {logging_mixin.py:150} INFO - [2023-10-10T18:00:49.575+0000] {dagbag.py:541} INFO - Filling up the DagBag from /home/airflow/.local/lib/python3.7/site-packages/airflow/example_dags/example_dynamic_task_mapping_with_no_taskflow_operators.py
[2023-10-10T18:00:49.588+0000] {processor.py:836} INFO - DAG(s) dict_keys(['example_dynamic_task_mapping_with_no_taskflow_operators']) retrieved from /home/airflow/.local/lib/python3.7/site-packages/airflow/example_dags/example_dynamic_task_mapping_with_no_taskflow_operators.py
[2023-10-10T18:00:49.632+0000] {logging_mixin.py:150} INFO - [2023-10-10T18:00:49.632+0000] {dag.py:2742} INFO - Sync 1 DAGs
[2023-10-10T18:00:49.681+0000] {logging_mixin.py:150} INFO - [2023-10-10T18:00:49.681+0000] {dag.py:3508} INFO - Setting next_dagrun for example_dynamic_task_mapping_with_no_taskflow_operators to 2023-10-09T18:00:49.680584+00:00, run_after=2023-10-10T18:00:49.680584+00:00
[2023-10-10T18:00:49.746+0000] {processor.py:179} INFO - Processing /home/airflow/.local/lib/python3.7/site-packages/airflow/example_dags/example_dynamic_task_mapping_with_no_taskflow_operators.py took 0.183 seconds
[2023-10-10T18:01:19.992+0000] {processor.py:157} INFO - Started process (PID=3937) to work on /home/airflow/.local/lib/python3.7/site-packages/airflow/example_dags/example_dynamic_task_mapping_with_no_taskflow_operators.py
[2023-10-10T18:01:19.996+0000] {processor.py:826} INFO - Processing file /home/airflow/.local/lib/python3.7/site-packages/airflow/example_dags/example_dynamic_task_mapping_with_no_taskflow_operators.py for tasks to queue
[2023-10-10T18:01:19.999+0000] {logging_mixin.py:150} INFO - [2023-10-10T18:01:19.998+0000] {dagbag.py:541} INFO - Filling up the DagBag from /home/airflow/.local/lib/python3.7/site-packages/airflow/example_dags/example_dynamic_task_mapping_with_no_taskflow_operators.py
[2023-10-10T18:01:20.015+0000] {processor.py:836} INFO - DAG(s) dict_keys(['example_dynamic_task_mapping_with_no_taskflow_operators']) retrieved from /home/airflow/.local/lib/python3.7/site-packages/airflow/example_dags/example_dynamic_task_mapping_with_no_taskflow_operators.py
[2023-10-10T18:01:20.066+0000] {logging_mixin.py:150} INFO - [2023-10-10T18:01:20.066+0000] {dag.py:2742} INFO - Sync 1 DAGs
[2023-10-10T18:01:20.123+0000] {logging_mixin.py:150} INFO - [2023-10-10T18:01:20.123+0000] {dag.py:3508} INFO - Setting next_dagrun for example_dynamic_task_mapping_with_no_taskflow_operators to 2023-10-09T18:01:20.122491+00:00, run_after=2023-10-10T18:01:20.122491+00:00
[2023-10-10T18:01:20.165+0000] {processor.py:179} INFO - Processing /home/airflow/.local/lib/python3.7/site-packages/airflow/example_dags/example_dynamic_task_mapping_with_no_taskflow_operators.py took 0.183 seconds
[2023-10-10T18:01:50.487+0000] {processor.py:157} INFO - Started process (PID=4018) to work on /home/airflow/.local/lib/python3.7/site-packages/airflow/example_dags/example_dynamic_task_mapping_with_no_taskflow_operators.py
[2023-10-10T18:01:50.490+0000] {processor.py:826} INFO - Processing file /home/airflow/.local/lib/python3.7/site-packages/airflow/example_dags/example_dynamic_task_mapping_with_no_taskflow_operators.py for tasks to queue
[2023-10-10T18:01:50.494+0000] {logging_mixin.py:150} INFO - [2023-10-10T18:01:50.493+0000] {dagbag.py:541} INFO - Filling up the DagBag from /home/airflow/.local/lib/python3.7/site-packages/airflow/example_dags/example_dynamic_task_mapping_with_no_taskflow_operators.py
[2023-10-10T18:01:50.514+0000] {processor.py:836} INFO - DAG(s) dict_keys(['example_dynamic_task_mapping_with_no_taskflow_operators']) retrieved from /home/airflow/.local/lib/python3.7/site-packages/airflow/example_dags/example_dynamic_task_mapping_with_no_taskflow_operators.py
[2023-10-10T18:01:50.572+0000] {logging_mixin.py:150} INFO - [2023-10-10T18:01:50.572+0000] {dag.py:2742} INFO - Sync 1 DAGs
[2023-10-10T18:01:50.627+0000] {logging_mixin.py:150} INFO - [2023-10-10T18:01:50.627+0000] {dag.py:3508} INFO - Setting next_dagrun for example_dynamic_task_mapping_with_no_taskflow_operators to 2023-10-09T18:01:50.626870+00:00, run_after=2023-10-10T18:01:50.626870+00:00
[2023-10-10T18:01:50.671+0000] {processor.py:179} INFO - Processing /home/airflow/.local/lib/python3.7/site-packages/airflow/example_dags/example_dynamic_task_mapping_with_no_taskflow_operators.py took 0.194 seconds
[2023-10-10T18:02:21.119+0000] {processor.py:157} INFO - Started process (PID=4108) to work on /home/airflow/.local/lib/python3.7/site-packages/airflow/example_dags/example_dynamic_task_mapping_with_no_taskflow_operators.py
[2023-10-10T18:02:21.123+0000] {processor.py:826} INFO - Processing file /home/airflow/.local/lib/python3.7/site-packages/airflow/example_dags/example_dynamic_task_mapping_with_no_taskflow_operators.py for tasks to queue
[2023-10-10T18:02:21.128+0000] {logging_mixin.py:150} INFO - [2023-10-10T18:02:21.127+0000] {dagbag.py:541} INFO - Filling up the DagBag from /home/airflow/.local/lib/python3.7/site-packages/airflow/example_dags/example_dynamic_task_mapping_with_no_taskflow_operators.py
[2023-10-10T18:02:21.149+0000] {processor.py:836} INFO - DAG(s) dict_keys(['example_dynamic_task_mapping_with_no_taskflow_operators']) retrieved from /home/airflow/.local/lib/python3.7/site-packages/airflow/example_dags/example_dynamic_task_mapping_with_no_taskflow_operators.py
[2023-10-10T18:02:21.218+0000] {logging_mixin.py:150} INFO - [2023-10-10T18:02:21.218+0000] {dag.py:2742} INFO - Sync 1 DAGs
[2023-10-10T18:02:21.324+0000] {logging_mixin.py:150} INFO - [2023-10-10T18:02:21.324+0000] {dag.py:3508} INFO - Setting next_dagrun for example_dynamic_task_mapping_with_no_taskflow_operators to 2023-10-09T18:02:21.323675+00:00, run_after=2023-10-10T18:02:21.323675+00:00
[2023-10-10T18:02:21.383+0000] {processor.py:179} INFO - Processing /home/airflow/.local/lib/python3.7/site-packages/airflow/example_dags/example_dynamic_task_mapping_with_no_taskflow_operators.py took 0.276 seconds
[2023-10-10T18:02:51.497+0000] {processor.py:157} INFO - Started process (PID=4188) to work on /home/airflow/.local/lib/python3.7/site-packages/airflow/example_dags/example_dynamic_task_mapping_with_no_taskflow_operators.py
[2023-10-10T18:02:51.500+0000] {processor.py:826} INFO - Processing file /home/airflow/.local/lib/python3.7/site-packages/airflow/example_dags/example_dynamic_task_mapping_with_no_taskflow_operators.py for tasks to queue
[2023-10-10T18:02:51.503+0000] {logging_mixin.py:150} INFO - [2023-10-10T18:02:51.502+0000] {dagbag.py:541} INFO - Filling up the DagBag from /home/airflow/.local/lib/python3.7/site-packages/airflow/example_dags/example_dynamic_task_mapping_with_no_taskflow_operators.py
[2023-10-10T18:02:51.530+0000] {processor.py:836} INFO - DAG(s) dict_keys(['example_dynamic_task_mapping_with_no_taskflow_operators']) retrieved from /home/airflow/.local/lib/python3.7/site-packages/airflow/example_dags/example_dynamic_task_mapping_with_no_taskflow_operators.py
[2023-10-10T18:02:51.587+0000] {logging_mixin.py:150} INFO - [2023-10-10T18:02:51.586+0000] {dag.py:2742} INFO - Sync 1 DAGs
[2023-10-10T18:02:51.651+0000] {logging_mixin.py:150} INFO - [2023-10-10T18:02:51.651+0000] {dag.py:3508} INFO - Setting next_dagrun for example_dynamic_task_mapping_with_no_taskflow_operators to 2023-10-09T18:02:51.651095+00:00, run_after=2023-10-10T18:02:51.651095+00:00
[2023-10-10T18:02:51.688+0000] {processor.py:179} INFO - Processing /home/airflow/.local/lib/python3.7/site-packages/airflow/example_dags/example_dynamic_task_mapping_with_no_taskflow_operators.py took 0.198 seconds
[2023-10-10T18:03:21.844+0000] {processor.py:157} INFO - Started process (PID=4263) to work on /home/airflow/.local/lib/python3.7/site-packages/airflow/example_dags/example_dynamic_task_mapping_with_no_taskflow_operators.py
[2023-10-10T18:03:21.847+0000] {processor.py:826} INFO - Processing file /home/airflow/.local/lib/python3.7/site-packages/airflow/example_dags/example_dynamic_task_mapping_with_no_taskflow_operators.py for tasks to queue
[2023-10-10T18:03:21.849+0000] {logging_mixin.py:150} INFO - [2023-10-10T18:03:21.849+0000] {dagbag.py:541} INFO - Filling up the DagBag from /home/airflow/.local/lib/python3.7/site-packages/airflow/example_dags/example_dynamic_task_mapping_with_no_taskflow_operators.py
[2023-10-10T18:03:21.863+0000] {processor.py:836} INFO - DAG(s) dict_keys(['example_dynamic_task_mapping_with_no_taskflow_operators']) retrieved from /home/airflow/.local/lib/python3.7/site-packages/airflow/example_dags/example_dynamic_task_mapping_with_no_taskflow_operators.py
[2023-10-10T18:03:21.906+0000] {logging_mixin.py:150} INFO - [2023-10-10T18:03:21.906+0000] {dag.py:2742} INFO - Sync 1 DAGs
[2023-10-10T18:03:21.952+0000] {logging_mixin.py:150} INFO - [2023-10-10T18:03:21.952+0000] {dag.py:3508} INFO - Setting next_dagrun for example_dynamic_task_mapping_with_no_taskflow_operators to 2023-10-09T18:03:21.952284+00:00, run_after=2023-10-10T18:03:21.952284+00:00
[2023-10-10T18:03:21.986+0000] {processor.py:179} INFO - Processing /home/airflow/.local/lib/python3.7/site-packages/airflow/example_dags/example_dynamic_task_mapping_with_no_taskflow_operators.py took 0.148 seconds
[2023-10-10T18:03:52.488+0000] {processor.py:157} INFO - Started process (PID=4344) to work on /home/airflow/.local/lib/python3.7/site-packages/airflow/example_dags/example_dynamic_task_mapping_with_no_taskflow_operators.py
[2023-10-10T18:03:52.490+0000] {processor.py:826} INFO - Processing file /home/airflow/.local/lib/python3.7/site-packages/airflow/example_dags/example_dynamic_task_mapping_with_no_taskflow_operators.py for tasks to queue
[2023-10-10T18:03:52.492+0000] {logging_mixin.py:150} INFO - [2023-10-10T18:03:52.491+0000] {dagbag.py:541} INFO - Filling up the DagBag from /home/airflow/.local/lib/python3.7/site-packages/airflow/example_dags/example_dynamic_task_mapping_with_no_taskflow_operators.py
[2023-10-10T18:03:52.505+0000] {processor.py:836} INFO - DAG(s) dict_keys(['example_dynamic_task_mapping_with_no_taskflow_operators']) retrieved from /home/airflow/.local/lib/python3.7/site-packages/airflow/example_dags/example_dynamic_task_mapping_with_no_taskflow_operators.py
[2023-10-10T18:03:52.549+0000] {logging_mixin.py:150} INFO - [2023-10-10T18:03:52.549+0000] {dag.py:2742} INFO - Sync 1 DAGs
[2023-10-10T18:03:52.604+0000] {logging_mixin.py:150} INFO - [2023-10-10T18:03:52.604+0000] {dag.py:3508} INFO - Setting next_dagrun for example_dynamic_task_mapping_with_no_taskflow_operators to 2023-10-09T18:03:52.603839+00:00, run_after=2023-10-10T18:03:52.603839+00:00
[2023-10-10T18:03:52.636+0000] {processor.py:179} INFO - Processing /home/airflow/.local/lib/python3.7/site-packages/airflow/example_dags/example_dynamic_task_mapping_with_no_taskflow_operators.py took 0.154 seconds
[2023-10-10T18:04:23.257+0000] {processor.py:157} INFO - Started process (PID=4433) to work on /home/airflow/.local/lib/python3.7/site-packages/airflow/example_dags/example_dynamic_task_mapping_with_no_taskflow_operators.py
[2023-10-10T18:04:23.260+0000] {processor.py:826} INFO - Processing file /home/airflow/.local/lib/python3.7/site-packages/airflow/example_dags/example_dynamic_task_mapping_with_no_taskflow_operators.py for tasks to queue
[2023-10-10T18:04:23.263+0000] {logging_mixin.py:150} INFO - [2023-10-10T18:04:23.262+0000] {dagbag.py:541} INFO - Filling up the DagBag from /home/airflow/.local/lib/python3.7/site-packages/airflow/example_dags/example_dynamic_task_mapping_with_no_taskflow_operators.py
[2023-10-10T18:04:23.284+0000] {processor.py:836} INFO - DAG(s) dict_keys(['example_dynamic_task_mapping_with_no_taskflow_operators']) retrieved from /home/airflow/.local/lib/python3.7/site-packages/airflow/example_dags/example_dynamic_task_mapping_with_no_taskflow_operators.py
[2023-10-10T18:04:23.357+0000] {logging_mixin.py:150} INFO - [2023-10-10T18:04:23.356+0000] {dag.py:2742} INFO - Sync 1 DAGs
[2023-10-10T18:04:23.455+0000] {logging_mixin.py:150} INFO - [2023-10-10T18:04:23.455+0000] {dag.py:3508} INFO - Setting next_dagrun for example_dynamic_task_mapping_with_no_taskflow_operators to 2023-10-09T18:04:23.454650+00:00, run_after=2023-10-10T18:04:23.454650+00:00
[2023-10-10T18:04:23.510+0000] {processor.py:179} INFO - Processing /home/airflow/.local/lib/python3.7/site-packages/airflow/example_dags/example_dynamic_task_mapping_with_no_taskflow_operators.py took 0.262 seconds
[2023-10-10T18:04:53.996+0000] {processor.py:157} INFO - Started process (PID=4514) to work on /home/airflow/.local/lib/python3.7/site-packages/airflow/example_dags/example_dynamic_task_mapping_with_no_taskflow_operators.py
[2023-10-10T18:04:54.005+0000] {processor.py:826} INFO - Processing file /home/airflow/.local/lib/python3.7/site-packages/airflow/example_dags/example_dynamic_task_mapping_with_no_taskflow_operators.py for tasks to queue
[2023-10-10T18:04:54.016+0000] {logging_mixin.py:150} INFO - [2023-10-10T18:04:54.014+0000] {dagbag.py:541} INFO - Filling up the DagBag from /home/airflow/.local/lib/python3.7/site-packages/airflow/example_dags/example_dynamic_task_mapping_with_no_taskflow_operators.py
[2023-10-10T18:04:54.076+0000] {processor.py:836} INFO - DAG(s) dict_keys(['example_dynamic_task_mapping_with_no_taskflow_operators']) retrieved from /home/airflow/.local/lib/python3.7/site-packages/airflow/example_dags/example_dynamic_task_mapping_with_no_taskflow_operators.py
[2023-10-10T18:04:54.275+0000] {logging_mixin.py:150} INFO - [2023-10-10T18:04:54.272+0000] {dag.py:2742} INFO - Sync 1 DAGs
[2023-10-10T18:04:54.513+0000] {logging_mixin.py:150} INFO - [2023-10-10T18:04:54.512+0000] {dag.py:3508} INFO - Setting next_dagrun for example_dynamic_task_mapping_with_no_taskflow_operators to 2023-10-09T18:04:54.511422+00:00, run_after=2023-10-10T18:04:54.511422+00:00
[2023-10-10T18:04:54.769+0000] {processor.py:179} INFO - Processing /home/airflow/.local/lib/python3.7/site-packages/airflow/example_dags/example_dynamic_task_mapping_with_no_taskflow_operators.py took 0.801 seconds
[2023-10-10T18:05:26.416+0000] {processor.py:157} INFO - Started process (PID=4586) to work on /home/airflow/.local/lib/python3.7/site-packages/airflow/example_dags/example_dynamic_task_mapping_with_no_taskflow_operators.py
[2023-10-10T18:05:26.425+0000] {processor.py:826} INFO - Processing file /home/airflow/.local/lib/python3.7/site-packages/airflow/example_dags/example_dynamic_task_mapping_with_no_taskflow_operators.py for tasks to queue
[2023-10-10T18:05:26.435+0000] {logging_mixin.py:150} INFO - [2023-10-10T18:05:26.433+0000] {dagbag.py:541} INFO - Filling up the DagBag from /home/airflow/.local/lib/python3.7/site-packages/airflow/example_dags/example_dynamic_task_mapping_with_no_taskflow_operators.py
[2023-10-10T18:05:26.522+0000] {processor.py:836} INFO - DAG(s) dict_keys(['example_dynamic_task_mapping_with_no_taskflow_operators']) retrieved from /home/airflow/.local/lib/python3.7/site-packages/airflow/example_dags/example_dynamic_task_mapping_with_no_taskflow_operators.py
[2023-10-10T18:05:26.828+0000] {logging_mixin.py:150} INFO - [2023-10-10T18:05:26.827+0000] {dag.py:2742} INFO - Sync 1 DAGs
[2023-10-10T18:05:27.178+0000] {logging_mixin.py:150} INFO - [2023-10-10T18:05:27.177+0000] {dag.py:3508} INFO - Setting next_dagrun for example_dynamic_task_mapping_with_no_taskflow_operators to 2023-10-09T18:05:27.175717+00:00, run_after=2023-10-10T18:05:27.175717+00:00
[2023-10-10T18:05:27.351+0000] {processor.py:179} INFO - Processing /home/airflow/.local/lib/python3.7/site-packages/airflow/example_dags/example_dynamic_task_mapping_with_no_taskflow_operators.py took 0.962 seconds
