[2023-10-10T17:36:34.623+0000] {processor.py:157} INFO - Started process (PID=65) to work on /home/airflow/.local/lib/python3.7/site-packages/airflow/example_dags/example_task_group_decorator.py
[2023-10-10T17:36:34.626+0000] {processor.py:826} INFO - Processing file /home/airflow/.local/lib/python3.7/site-packages/airflow/example_dags/example_task_group_decorator.py for tasks to queue
[2023-10-10T17:36:34.628+0000] {logging_mixin.py:150} INFO - [2023-10-10T17:36:34.627+0000] {dagbag.py:541} INFO - Filling up the DagBag from /home/airflow/.local/lib/python3.7/site-packages/airflow/example_dags/example_task_group_decorator.py
[2023-10-10T17:36:34.655+0000] {processor.py:836} INFO - DAG(s) dict_keys(['example_task_group_decorator']) retrieved from /home/airflow/.local/lib/python3.7/site-packages/airflow/example_dags/example_task_group_decorator.py
[2023-10-10T17:36:34.676+0000] {logging_mixin.py:150} INFO - [2023-10-10T17:36:34.675+0000] {dag.py:2742} INFO - Sync 1 DAGs
[2023-10-10T17:36:34.720+0000] {logging_mixin.py:150} INFO - [2023-10-10T17:36:34.720+0000] {dag.py:3508} INFO - Setting next_dagrun for example_task_group_decorator to 2023-10-09T17:36:34.720109+00:00, run_after=2023-10-10T17:36:34.720109+00:00
[2023-10-10T17:36:34.766+0000] {processor.py:179} INFO - Processing /home/airflow/.local/lib/python3.7/site-packages/airflow/example_dags/example_task_group_decorator.py took 0.148 seconds
[2023-10-10T17:37:05.346+0000] {processor.py:157} INFO - Started process (PID=154) to work on /home/airflow/.local/lib/python3.7/site-packages/airflow/example_dags/example_task_group_decorator.py
[2023-10-10T17:37:05.348+0000] {processor.py:826} INFO - Processing file /home/airflow/.local/lib/python3.7/site-packages/airflow/example_dags/example_task_group_decorator.py for tasks to queue
[2023-10-10T17:37:05.349+0000] {logging_mixin.py:150} INFO - [2023-10-10T17:37:05.349+0000] {dagbag.py:541} INFO - Filling up the DagBag from /home/airflow/.local/lib/python3.7/site-packages/airflow/example_dags/example_task_group_decorator.py
[2023-10-10T17:37:05.374+0000] {processor.py:836} INFO - DAG(s) dict_keys(['example_task_group_decorator']) retrieved from /home/airflow/.local/lib/python3.7/site-packages/airflow/example_dags/example_task_group_decorator.py
[2023-10-10T17:37:05.416+0000] {logging_mixin.py:150} INFO - [2023-10-10T17:37:05.415+0000] {dag.py:2742} INFO - Sync 1 DAGs
[2023-10-10T17:37:05.450+0000] {logging_mixin.py:150} INFO - [2023-10-10T17:37:05.450+0000] {dag.py:3508} INFO - Setting next_dagrun for example_task_group_decorator to 2023-10-09T17:37:05.449725+00:00, run_after=2023-10-10T17:37:05.449725+00:00
[2023-10-10T17:37:05.474+0000] {processor.py:179} INFO - Processing /home/airflow/.local/lib/python3.7/site-packages/airflow/example_dags/example_task_group_decorator.py took 0.134 seconds
[2023-10-10T17:37:35.536+0000] {processor.py:157} INFO - Started process (PID=228) to work on /home/airflow/.local/lib/python3.7/site-packages/airflow/example_dags/example_task_group_decorator.py
[2023-10-10T17:37:35.537+0000] {processor.py:826} INFO - Processing file /home/airflow/.local/lib/python3.7/site-packages/airflow/example_dags/example_task_group_decorator.py for tasks to queue
[2023-10-10T17:37:35.539+0000] {logging_mixin.py:150} INFO - [2023-10-10T17:37:35.539+0000] {dagbag.py:541} INFO - Filling up the DagBag from /home/airflow/.local/lib/python3.7/site-packages/airflow/example_dags/example_task_group_decorator.py
[2023-10-10T17:37:35.561+0000] {processor.py:836} INFO - DAG(s) dict_keys(['example_task_group_decorator']) retrieved from /home/airflow/.local/lib/python3.7/site-packages/airflow/example_dags/example_task_group_decorator.py
[2023-10-10T17:37:35.596+0000] {logging_mixin.py:150} INFO - [2023-10-10T17:37:35.596+0000] {dag.py:2742} INFO - Sync 1 DAGs
[2023-10-10T17:37:35.629+0000] {logging_mixin.py:150} INFO - [2023-10-10T17:37:35.629+0000] {dag.py:3508} INFO - Setting next_dagrun for example_task_group_decorator to 2023-10-09T17:37:35.629268+00:00, run_after=2023-10-10T17:37:35.629268+00:00
[2023-10-10T17:37:35.654+0000] {processor.py:179} INFO - Processing /home/airflow/.local/lib/python3.7/site-packages/airflow/example_dags/example_task_group_decorator.py took 0.123 seconds
[2023-10-10T17:38:06.107+0000] {processor.py:157} INFO - Started process (PID=316) to work on /home/airflow/.local/lib/python3.7/site-packages/airflow/example_dags/example_task_group_decorator.py
[2023-10-10T17:38:06.109+0000] {processor.py:826} INFO - Processing file /home/airflow/.local/lib/python3.7/site-packages/airflow/example_dags/example_task_group_decorator.py for tasks to queue
[2023-10-10T17:38:06.111+0000] {logging_mixin.py:150} INFO - [2023-10-10T17:38:06.111+0000] {dagbag.py:541} INFO - Filling up the DagBag from /home/airflow/.local/lib/python3.7/site-packages/airflow/example_dags/example_task_group_decorator.py
[2023-10-10T17:38:06.131+0000] {processor.py:836} INFO - DAG(s) dict_keys(['example_task_group_decorator']) retrieved from /home/airflow/.local/lib/python3.7/site-packages/airflow/example_dags/example_task_group_decorator.py
[2023-10-10T17:38:06.165+0000] {logging_mixin.py:150} INFO - [2023-10-10T17:38:06.164+0000] {dag.py:2742} INFO - Sync 1 DAGs
[2023-10-10T17:38:06.195+0000] {logging_mixin.py:150} INFO - [2023-10-10T17:38:06.194+0000] {dag.py:3508} INFO - Setting next_dagrun for example_task_group_decorator to 2023-10-09T17:38:06.194592+00:00, run_after=2023-10-10T17:38:06.194592+00:00
[2023-10-10T17:38:06.216+0000] {processor.py:179} INFO - Processing /home/airflow/.local/lib/python3.7/site-packages/airflow/example_dags/example_task_group_decorator.py took 0.113 seconds
[2023-10-10T17:38:36.772+0000] {processor.py:157} INFO - Started process (PID=410) to work on /home/airflow/.local/lib/python3.7/site-packages/airflow/example_dags/example_task_group_decorator.py
[2023-10-10T17:38:36.774+0000] {processor.py:826} INFO - Processing file /home/airflow/.local/lib/python3.7/site-packages/airflow/example_dags/example_task_group_decorator.py for tasks to queue
[2023-10-10T17:38:36.776+0000] {logging_mixin.py:150} INFO - [2023-10-10T17:38:36.775+0000] {dagbag.py:541} INFO - Filling up the DagBag from /home/airflow/.local/lib/python3.7/site-packages/airflow/example_dags/example_task_group_decorator.py
[2023-10-10T17:38:36.799+0000] {processor.py:836} INFO - DAG(s) dict_keys(['example_task_group_decorator']) retrieved from /home/airflow/.local/lib/python3.7/site-packages/airflow/example_dags/example_task_group_decorator.py
[2023-10-10T17:38:36.837+0000] {logging_mixin.py:150} INFO - [2023-10-10T17:38:36.837+0000] {dag.py:2742} INFO - Sync 1 DAGs
[2023-10-10T17:38:36.872+0000] {logging_mixin.py:150} INFO - [2023-10-10T17:38:36.872+0000] {dag.py:3508} INFO - Setting next_dagrun for example_task_group_decorator to 2023-10-09T17:38:36.872144+00:00, run_after=2023-10-10T17:38:36.872144+00:00
[2023-10-10T17:38:36.903+0000] {processor.py:179} INFO - Processing /home/airflow/.local/lib/python3.7/site-packages/airflow/example_dags/example_task_group_decorator.py took 0.136 seconds
[2023-10-10T17:39:07.019+0000] {processor.py:157} INFO - Started process (PID=499) to work on /home/airflow/.local/lib/python3.7/site-packages/airflow/example_dags/example_task_group_decorator.py
[2023-10-10T17:39:07.021+0000] {processor.py:826} INFO - Processing file /home/airflow/.local/lib/python3.7/site-packages/airflow/example_dags/example_task_group_decorator.py for tasks to queue
[2023-10-10T17:39:07.023+0000] {logging_mixin.py:150} INFO - [2023-10-10T17:39:07.022+0000] {dagbag.py:541} INFO - Filling up the DagBag from /home/airflow/.local/lib/python3.7/site-packages/airflow/example_dags/example_task_group_decorator.py
[2023-10-10T17:39:07.049+0000] {processor.py:836} INFO - DAG(s) dict_keys(['example_task_group_decorator']) retrieved from /home/airflow/.local/lib/python3.7/site-packages/airflow/example_dags/example_task_group_decorator.py
[2023-10-10T17:39:07.092+0000] {logging_mixin.py:150} INFO - [2023-10-10T17:39:07.092+0000] {dag.py:2742} INFO - Sync 1 DAGs
[2023-10-10T17:39:07.134+0000] {logging_mixin.py:150} INFO - [2023-10-10T17:39:07.134+0000] {dag.py:3508} INFO - Setting next_dagrun for example_task_group_decorator to 2023-10-09T17:39:07.134126+00:00, run_after=2023-10-10T17:39:07.134126+00:00
[2023-10-10T17:39:07.168+0000] {processor.py:179} INFO - Processing /home/airflow/.local/lib/python3.7/site-packages/airflow/example_dags/example_task_group_decorator.py took 0.154 seconds
[2023-10-10T17:39:37.643+0000] {processor.py:157} INFO - Started process (PID=579) to work on /home/airflow/.local/lib/python3.7/site-packages/airflow/example_dags/example_task_group_decorator.py
[2023-10-10T17:39:37.645+0000] {processor.py:826} INFO - Processing file /home/airflow/.local/lib/python3.7/site-packages/airflow/example_dags/example_task_group_decorator.py for tasks to queue
[2023-10-10T17:39:37.647+0000] {logging_mixin.py:150} INFO - [2023-10-10T17:39:37.646+0000] {dagbag.py:541} INFO - Filling up the DagBag from /home/airflow/.local/lib/python3.7/site-packages/airflow/example_dags/example_task_group_decorator.py
[2023-10-10T17:39:37.669+0000] {processor.py:836} INFO - DAG(s) dict_keys(['example_task_group_decorator']) retrieved from /home/airflow/.local/lib/python3.7/site-packages/airflow/example_dags/example_task_group_decorator.py
[2023-10-10T17:39:37.707+0000] {logging_mixin.py:150} INFO - [2023-10-10T17:39:37.706+0000] {dag.py:2742} INFO - Sync 1 DAGs
[2023-10-10T17:39:37.739+0000] {logging_mixin.py:150} INFO - [2023-10-10T17:39:37.739+0000] {dag.py:3508} INFO - Setting next_dagrun for example_task_group_decorator to 2023-10-09T17:39:37.739304+00:00, run_after=2023-10-10T17:39:37.739304+00:00
[2023-10-10T17:39:37.765+0000] {processor.py:179} INFO - Processing /home/airflow/.local/lib/python3.7/site-packages/airflow/example_dags/example_task_group_decorator.py took 0.126 seconds
[2023-10-10T17:40:08.161+0000] {processor.py:157} INFO - Started process (PID=668) to work on /home/airflow/.local/lib/python3.7/site-packages/airflow/example_dags/example_task_group_decorator.py
[2023-10-10T17:40:08.163+0000] {processor.py:826} INFO - Processing file /home/airflow/.local/lib/python3.7/site-packages/airflow/example_dags/example_task_group_decorator.py for tasks to queue
[2023-10-10T17:40:08.165+0000] {logging_mixin.py:150} INFO - [2023-10-10T17:40:08.165+0000] {dagbag.py:541} INFO - Filling up the DagBag from /home/airflow/.local/lib/python3.7/site-packages/airflow/example_dags/example_task_group_decorator.py
[2023-10-10T17:40:08.187+0000] {processor.py:836} INFO - DAG(s) dict_keys(['example_task_group_decorator']) retrieved from /home/airflow/.local/lib/python3.7/site-packages/airflow/example_dags/example_task_group_decorator.py
[2023-10-10T17:40:08.232+0000] {logging_mixin.py:150} INFO - [2023-10-10T17:40:08.232+0000] {dag.py:2742} INFO - Sync 1 DAGs
[2023-10-10T17:40:08.279+0000] {logging_mixin.py:150} INFO - [2023-10-10T17:40:08.279+0000] {dag.py:3508} INFO - Setting next_dagrun for example_task_group_decorator to 2023-10-09T17:40:08.278917+00:00, run_after=2023-10-10T17:40:08.278917+00:00
[2023-10-10T17:40:08.317+0000] {processor.py:179} INFO - Processing /home/airflow/.local/lib/python3.7/site-packages/airflow/example_dags/example_task_group_decorator.py took 0.163 seconds
[2023-10-10T17:40:38.619+0000] {processor.py:157} INFO - Started process (PID=748) to work on /home/airflow/.local/lib/python3.7/site-packages/airflow/example_dags/example_task_group_decorator.py
[2023-10-10T17:40:38.621+0000] {processor.py:826} INFO - Processing file /home/airflow/.local/lib/python3.7/site-packages/airflow/example_dags/example_task_group_decorator.py for tasks to queue
[2023-10-10T17:40:38.623+0000] {logging_mixin.py:150} INFO - [2023-10-10T17:40:38.622+0000] {dagbag.py:541} INFO - Filling up the DagBag from /home/airflow/.local/lib/python3.7/site-packages/airflow/example_dags/example_task_group_decorator.py
[2023-10-10T17:40:38.643+0000] {processor.py:836} INFO - DAG(s) dict_keys(['example_task_group_decorator']) retrieved from /home/airflow/.local/lib/python3.7/site-packages/airflow/example_dags/example_task_group_decorator.py
[2023-10-10T17:40:38.678+0000] {logging_mixin.py:150} INFO - [2023-10-10T17:40:38.677+0000] {dag.py:2742} INFO - Sync 1 DAGs
[2023-10-10T17:40:38.708+0000] {logging_mixin.py:150} INFO - [2023-10-10T17:40:38.708+0000] {dag.py:3508} INFO - Setting next_dagrun for example_task_group_decorator to 2023-10-09T17:40:38.708205+00:00, run_after=2023-10-10T17:40:38.708205+00:00
[2023-10-10T17:40:38.732+0000] {processor.py:179} INFO - Processing /home/airflow/.local/lib/python3.7/site-packages/airflow/example_dags/example_task_group_decorator.py took 0.118 seconds
[2023-10-10T17:41:08.843+0000] {processor.py:157} INFO - Started process (PID=835) to work on /home/airflow/.local/lib/python3.7/site-packages/airflow/example_dags/example_task_group_decorator.py
[2023-10-10T17:41:08.846+0000] {processor.py:826} INFO - Processing file /home/airflow/.local/lib/python3.7/site-packages/airflow/example_dags/example_task_group_decorator.py for tasks to queue
[2023-10-10T17:41:08.849+0000] {logging_mixin.py:150} INFO - [2023-10-10T17:41:08.848+0000] {dagbag.py:541} INFO - Filling up the DagBag from /home/airflow/.local/lib/python3.7/site-packages/airflow/example_dags/example_task_group_decorator.py
[2023-10-10T17:41:08.879+0000] {processor.py:836} INFO - DAG(s) dict_keys(['example_task_group_decorator']) retrieved from /home/airflow/.local/lib/python3.7/site-packages/airflow/example_dags/example_task_group_decorator.py
[2023-10-10T17:41:08.937+0000] {logging_mixin.py:150} INFO - [2023-10-10T17:41:08.937+0000] {dag.py:2742} INFO - Sync 1 DAGs
[2023-10-10T17:41:08.977+0000] {logging_mixin.py:150} INFO - [2023-10-10T17:41:08.977+0000] {dag.py:3508} INFO - Setting next_dagrun for example_task_group_decorator to 2023-10-09T17:41:08.977061+00:00, run_after=2023-10-10T17:41:08.977061+00:00
[2023-10-10T17:41:09.007+0000] {processor.py:179} INFO - Processing /home/airflow/.local/lib/python3.7/site-packages/airflow/example_dags/example_task_group_decorator.py took 0.169 seconds
[2023-10-10T17:41:39.548+0000] {processor.py:157} INFO - Started process (PID=918) to work on /home/airflow/.local/lib/python3.7/site-packages/airflow/example_dags/example_task_group_decorator.py
[2023-10-10T17:41:39.550+0000] {processor.py:826} INFO - Processing file /home/airflow/.local/lib/python3.7/site-packages/airflow/example_dags/example_task_group_decorator.py for tasks to queue
[2023-10-10T17:41:39.552+0000] {logging_mixin.py:150} INFO - [2023-10-10T17:41:39.552+0000] {dagbag.py:541} INFO - Filling up the DagBag from /home/airflow/.local/lib/python3.7/site-packages/airflow/example_dags/example_task_group_decorator.py
[2023-10-10T17:41:39.576+0000] {processor.py:836} INFO - DAG(s) dict_keys(['example_task_group_decorator']) retrieved from /home/airflow/.local/lib/python3.7/site-packages/airflow/example_dags/example_task_group_decorator.py
[2023-10-10T17:41:39.618+0000] {logging_mixin.py:150} INFO - [2023-10-10T17:41:39.617+0000] {dag.py:2742} INFO - Sync 1 DAGs
[2023-10-10T17:41:39.656+0000] {logging_mixin.py:150} INFO - [2023-10-10T17:41:39.656+0000] {dag.py:3508} INFO - Setting next_dagrun for example_task_group_decorator to 2023-10-09T17:41:39.655856+00:00, run_after=2023-10-10T17:41:39.655856+00:00
[2023-10-10T17:41:39.686+0000] {processor.py:179} INFO - Processing /home/airflow/.local/lib/python3.7/site-packages/airflow/example_dags/example_task_group_decorator.py took 0.144 seconds
[2023-10-10T17:42:09.761+0000] {processor.py:157} INFO - Started process (PID=998) to work on /home/airflow/.local/lib/python3.7/site-packages/airflow/example_dags/example_task_group_decorator.py
[2023-10-10T17:42:09.764+0000] {processor.py:826} INFO - Processing file /home/airflow/.local/lib/python3.7/site-packages/airflow/example_dags/example_task_group_decorator.py for tasks to queue
[2023-10-10T17:42:09.769+0000] {logging_mixin.py:150} INFO - [2023-10-10T17:42:09.768+0000] {dagbag.py:541} INFO - Filling up the DagBag from /home/airflow/.local/lib/python3.7/site-packages/airflow/example_dags/example_task_group_decorator.py
[2023-10-10T17:42:09.810+0000] {processor.py:836} INFO - DAG(s) dict_keys(['example_task_group_decorator']) retrieved from /home/airflow/.local/lib/python3.7/site-packages/airflow/example_dags/example_task_group_decorator.py
[2023-10-10T17:42:09.862+0000] {logging_mixin.py:150} INFO - [2023-10-10T17:42:09.861+0000] {dag.py:2742} INFO - Sync 1 DAGs
[2023-10-10T17:42:09.902+0000] {logging_mixin.py:150} INFO - [2023-10-10T17:42:09.901+0000] {dag.py:3508} INFO - Setting next_dagrun for example_task_group_decorator to 2023-10-09T17:42:09.901445+00:00, run_after=2023-10-10T17:42:09.901445+00:00
[2023-10-10T17:42:09.934+0000] {processor.py:179} INFO - Processing /home/airflow/.local/lib/python3.7/site-packages/airflow/example_dags/example_task_group_decorator.py took 0.179 seconds
[2023-10-10T17:42:40.193+0000] {processor.py:157} INFO - Started process (PID=1088) to work on /home/airflow/.local/lib/python3.7/site-packages/airflow/example_dags/example_task_group_decorator.py
[2023-10-10T17:42:40.196+0000] {processor.py:826} INFO - Processing file /home/airflow/.local/lib/python3.7/site-packages/airflow/example_dags/example_task_group_decorator.py for tasks to queue
[2023-10-10T17:42:40.198+0000] {logging_mixin.py:150} INFO - [2023-10-10T17:42:40.197+0000] {dagbag.py:541} INFO - Filling up the DagBag from /home/airflow/.local/lib/python3.7/site-packages/airflow/example_dags/example_task_group_decorator.py
[2023-10-10T17:42:40.225+0000] {processor.py:836} INFO - DAG(s) dict_keys(['example_task_group_decorator']) retrieved from /home/airflow/.local/lib/python3.7/site-packages/airflow/example_dags/example_task_group_decorator.py
[2023-10-10T17:42:40.262+0000] {logging_mixin.py:150} INFO - [2023-10-10T17:42:40.262+0000] {dag.py:2742} INFO - Sync 1 DAGs
[2023-10-10T17:42:40.293+0000] {logging_mixin.py:150} INFO - [2023-10-10T17:42:40.293+0000] {dag.py:3508} INFO - Setting next_dagrun for example_task_group_decorator to 2023-10-09T17:42:40.293229+00:00, run_after=2023-10-10T17:42:40.293229+00:00
[2023-10-10T17:42:40.318+0000] {processor.py:179} INFO - Processing /home/airflow/.local/lib/python3.7/site-packages/airflow/example_dags/example_task_group_decorator.py took 0.131 seconds
[2023-10-10T17:43:10.557+0000] {processor.py:157} INFO - Started process (PID=1168) to work on /home/airflow/.local/lib/python3.7/site-packages/airflow/example_dags/example_task_group_decorator.py
[2023-10-10T17:43:10.559+0000] {processor.py:826} INFO - Processing file /home/airflow/.local/lib/python3.7/site-packages/airflow/example_dags/example_task_group_decorator.py for tasks to queue
[2023-10-10T17:43:10.561+0000] {logging_mixin.py:150} INFO - [2023-10-10T17:43:10.560+0000] {dagbag.py:541} INFO - Filling up the DagBag from /home/airflow/.local/lib/python3.7/site-packages/airflow/example_dags/example_task_group_decorator.py
[2023-10-10T17:43:10.584+0000] {processor.py:836} INFO - DAG(s) dict_keys(['example_task_group_decorator']) retrieved from /home/airflow/.local/lib/python3.7/site-packages/airflow/example_dags/example_task_group_decorator.py
[2023-10-10T17:43:10.626+0000] {logging_mixin.py:150} INFO - [2023-10-10T17:43:10.626+0000] {dag.py:2742} INFO - Sync 1 DAGs
[2023-10-10T17:43:10.663+0000] {logging_mixin.py:150} INFO - [2023-10-10T17:43:10.662+0000] {dag.py:3508} INFO - Setting next_dagrun for example_task_group_decorator to 2023-10-09T17:43:10.662615+00:00, run_after=2023-10-10T17:43:10.662615+00:00
[2023-10-10T17:43:10.691+0000] {processor.py:179} INFO - Processing /home/airflow/.local/lib/python3.7/site-packages/airflow/example_dags/example_task_group_decorator.py took 0.140 seconds
[2023-10-10T17:43:40.868+0000] {processor.py:157} INFO - Started process (PID=1258) to work on /home/airflow/.local/lib/python3.7/site-packages/airflow/example_dags/example_task_group_decorator.py
[2023-10-10T17:43:40.870+0000] {processor.py:826} INFO - Processing file /home/airflow/.local/lib/python3.7/site-packages/airflow/example_dags/example_task_group_decorator.py for tasks to queue
[2023-10-10T17:43:40.871+0000] {logging_mixin.py:150} INFO - [2023-10-10T17:43:40.871+0000] {dagbag.py:541} INFO - Filling up the DagBag from /home/airflow/.local/lib/python3.7/site-packages/airflow/example_dags/example_task_group_decorator.py
[2023-10-10T17:43:40.896+0000] {processor.py:836} INFO - DAG(s) dict_keys(['example_task_group_decorator']) retrieved from /home/airflow/.local/lib/python3.7/site-packages/airflow/example_dags/example_task_group_decorator.py
[2023-10-10T17:43:40.940+0000] {logging_mixin.py:150} INFO - [2023-10-10T17:43:40.939+0000] {dag.py:2742} INFO - Sync 1 DAGs
[2023-10-10T17:43:40.979+0000] {logging_mixin.py:150} INFO - [2023-10-10T17:43:40.979+0000] {dag.py:3508} INFO - Setting next_dagrun for example_task_group_decorator to 2023-10-09T17:43:40.979346+00:00, run_after=2023-10-10T17:43:40.979346+00:00
[2023-10-10T17:43:41.012+0000] {processor.py:179} INFO - Processing /home/airflow/.local/lib/python3.7/site-packages/airflow/example_dags/example_task_group_decorator.py took 0.149 seconds
[2023-10-10T17:44:11.220+0000] {processor.py:157} INFO - Started process (PID=1339) to work on /home/airflow/.local/lib/python3.7/site-packages/airflow/example_dags/example_task_group_decorator.py
[2023-10-10T17:44:11.222+0000] {processor.py:826} INFO - Processing file /home/airflow/.local/lib/python3.7/site-packages/airflow/example_dags/example_task_group_decorator.py for tasks to queue
[2023-10-10T17:44:11.225+0000] {logging_mixin.py:150} INFO - [2023-10-10T17:44:11.224+0000] {dagbag.py:541} INFO - Filling up the DagBag from /home/airflow/.local/lib/python3.7/site-packages/airflow/example_dags/example_task_group_decorator.py
[2023-10-10T17:44:11.252+0000] {processor.py:836} INFO - DAG(s) dict_keys(['example_task_group_decorator']) retrieved from /home/airflow/.local/lib/python3.7/site-packages/airflow/example_dags/example_task_group_decorator.py
[2023-10-10T17:44:11.299+0000] {logging_mixin.py:150} INFO - [2023-10-10T17:44:11.299+0000] {dag.py:2742} INFO - Sync 1 DAGs
[2023-10-10T17:44:11.338+0000] {logging_mixin.py:150} INFO - [2023-10-10T17:44:11.338+0000] {dag.py:3508} INFO - Setting next_dagrun for example_task_group_decorator to 2023-10-09T17:44:11.338210+00:00, run_after=2023-10-10T17:44:11.338210+00:00
[2023-10-10T17:44:11.370+0000] {processor.py:179} INFO - Processing /home/airflow/.local/lib/python3.7/site-packages/airflow/example_dags/example_task_group_decorator.py took 0.155 seconds
[2023-10-10T17:44:41.640+0000] {processor.py:157} INFO - Started process (PID=1428) to work on /home/airflow/.local/lib/python3.7/site-packages/airflow/example_dags/example_task_group_decorator.py
[2023-10-10T17:44:41.642+0000] {processor.py:826} INFO - Processing file /home/airflow/.local/lib/python3.7/site-packages/airflow/example_dags/example_task_group_decorator.py for tasks to queue
[2023-10-10T17:44:41.644+0000] {logging_mixin.py:150} INFO - [2023-10-10T17:44:41.644+0000] {dagbag.py:541} INFO - Filling up the DagBag from /home/airflow/.local/lib/python3.7/site-packages/airflow/example_dags/example_task_group_decorator.py
[2023-10-10T17:44:41.671+0000] {processor.py:836} INFO - DAG(s) dict_keys(['example_task_group_decorator']) retrieved from /home/airflow/.local/lib/python3.7/site-packages/airflow/example_dags/example_task_group_decorator.py
[2023-10-10T17:44:41.715+0000] {logging_mixin.py:150} INFO - [2023-10-10T17:44:41.715+0000] {dag.py:2742} INFO - Sync 1 DAGs
[2023-10-10T17:44:41.765+0000] {logging_mixin.py:150} INFO - [2023-10-10T17:44:41.764+0000] {dag.py:3508} INFO - Setting next_dagrun for example_task_group_decorator to 2023-10-09T17:44:41.764476+00:00, run_after=2023-10-10T17:44:41.764476+00:00
[2023-10-10T17:44:41.800+0000] {processor.py:179} INFO - Processing /home/airflow/.local/lib/python3.7/site-packages/airflow/example_dags/example_task_group_decorator.py took 0.165 seconds
[2023-10-10T17:45:11.941+0000] {processor.py:157} INFO - Started process (PID=1507) to work on /home/airflow/.local/lib/python3.7/site-packages/airflow/example_dags/example_task_group_decorator.py
[2023-10-10T17:45:11.943+0000] {processor.py:826} INFO - Processing file /home/airflow/.local/lib/python3.7/site-packages/airflow/example_dags/example_task_group_decorator.py for tasks to queue
[2023-10-10T17:45:11.945+0000] {logging_mixin.py:150} INFO - [2023-10-10T17:45:11.944+0000] {dagbag.py:541} INFO - Filling up the DagBag from /home/airflow/.local/lib/python3.7/site-packages/airflow/example_dags/example_task_group_decorator.py
[2023-10-10T17:45:11.965+0000] {processor.py:836} INFO - DAG(s) dict_keys(['example_task_group_decorator']) retrieved from /home/airflow/.local/lib/python3.7/site-packages/airflow/example_dags/example_task_group_decorator.py
[2023-10-10T17:45:12.000+0000] {logging_mixin.py:150} INFO - [2023-10-10T17:45:12.000+0000] {dag.py:2742} INFO - Sync 1 DAGs
[2023-10-10T17:45:12.030+0000] {logging_mixin.py:150} INFO - [2023-10-10T17:45:12.030+0000] {dag.py:3508} INFO - Setting next_dagrun for example_task_group_decorator to 2023-10-09T17:45:12.030212+00:00, run_after=2023-10-10T17:45:12.030212+00:00
[2023-10-10T17:45:12.054+0000] {processor.py:179} INFO - Processing /home/airflow/.local/lib/python3.7/site-packages/airflow/example_dags/example_task_group_decorator.py took 0.118 seconds
[2023-10-10T17:45:42.184+0000] {processor.py:157} INFO - Started process (PID=1586) to work on /home/airflow/.local/lib/python3.7/site-packages/airflow/example_dags/example_task_group_decorator.py
[2023-10-10T17:45:42.187+0000] {processor.py:826} INFO - Processing file /home/airflow/.local/lib/python3.7/site-packages/airflow/example_dags/example_task_group_decorator.py for tasks to queue
[2023-10-10T17:45:42.189+0000] {logging_mixin.py:150} INFO - [2023-10-10T17:45:42.188+0000] {dagbag.py:541} INFO - Filling up the DagBag from /home/airflow/.local/lib/python3.7/site-packages/airflow/example_dags/example_task_group_decorator.py
[2023-10-10T17:45:42.214+0000] {processor.py:836} INFO - DAG(s) dict_keys(['example_task_group_decorator']) retrieved from /home/airflow/.local/lib/python3.7/site-packages/airflow/example_dags/example_task_group_decorator.py
[2023-10-10T17:45:42.256+0000] {logging_mixin.py:150} INFO - [2023-10-10T17:45:42.256+0000] {dag.py:2742} INFO - Sync 1 DAGs
[2023-10-10T17:45:42.293+0000] {logging_mixin.py:150} INFO - [2023-10-10T17:45:42.293+0000] {dag.py:3508} INFO - Setting next_dagrun for example_task_group_decorator to 2023-10-09T17:45:42.292733+00:00, run_after=2023-10-10T17:45:42.292733+00:00
[2023-10-10T17:45:42.325+0000] {processor.py:179} INFO - Processing /home/airflow/.local/lib/python3.7/site-packages/airflow/example_dags/example_task_group_decorator.py took 0.146 seconds
[2023-10-10T17:46:12.381+0000] {processor.py:157} INFO - Started process (PID=1675) to work on /home/airflow/.local/lib/python3.7/site-packages/airflow/example_dags/example_task_group_decorator.py
[2023-10-10T17:46:12.383+0000] {processor.py:826} INFO - Processing file /home/airflow/.local/lib/python3.7/site-packages/airflow/example_dags/example_task_group_decorator.py for tasks to queue
[2023-10-10T17:46:12.384+0000] {logging_mixin.py:150} INFO - [2023-10-10T17:46:12.384+0000] {dagbag.py:541} INFO - Filling up the DagBag from /home/airflow/.local/lib/python3.7/site-packages/airflow/example_dags/example_task_group_decorator.py
[2023-10-10T17:46:12.409+0000] {processor.py:836} INFO - DAG(s) dict_keys(['example_task_group_decorator']) retrieved from /home/airflow/.local/lib/python3.7/site-packages/airflow/example_dags/example_task_group_decorator.py
[2023-10-10T17:46:12.490+0000] {logging_mixin.py:150} INFO - [2023-10-10T17:46:12.490+0000] {dag.py:2742} INFO - Sync 1 DAGs
[2023-10-10T17:46:12.530+0000] {logging_mixin.py:150} INFO - [2023-10-10T17:46:12.530+0000] {dag.py:3508} INFO - Setting next_dagrun for example_task_group_decorator to 2023-10-09T17:46:12.529832+00:00, run_after=2023-10-10T17:46:12.529832+00:00
[2023-10-10T17:46:12.561+0000] {processor.py:179} INFO - Processing /home/airflow/.local/lib/python3.7/site-packages/airflow/example_dags/example_task_group_decorator.py took 0.185 seconds
[2023-10-10T17:46:42.930+0000] {processor.py:157} INFO - Started process (PID=1755) to work on /home/airflow/.local/lib/python3.7/site-packages/airflow/example_dags/example_task_group_decorator.py
[2023-10-10T17:46:42.932+0000] {processor.py:826} INFO - Processing file /home/airflow/.local/lib/python3.7/site-packages/airflow/example_dags/example_task_group_decorator.py for tasks to queue
[2023-10-10T17:46:42.934+0000] {logging_mixin.py:150} INFO - [2023-10-10T17:46:42.934+0000] {dagbag.py:541} INFO - Filling up the DagBag from /home/airflow/.local/lib/python3.7/site-packages/airflow/example_dags/example_task_group_decorator.py
[2023-10-10T17:46:42.956+0000] {processor.py:836} INFO - DAG(s) dict_keys(['example_task_group_decorator']) retrieved from /home/airflow/.local/lib/python3.7/site-packages/airflow/example_dags/example_task_group_decorator.py
[2023-10-10T17:46:42.998+0000] {logging_mixin.py:150} INFO - [2023-10-10T17:46:42.998+0000] {dag.py:2742} INFO - Sync 1 DAGs
[2023-10-10T17:46:43.038+0000] {logging_mixin.py:150} INFO - [2023-10-10T17:46:43.038+0000] {dag.py:3508} INFO - Setting next_dagrun for example_task_group_decorator to 2023-10-09T17:46:43.038015+00:00, run_after=2023-10-10T17:46:43.038015+00:00
[2023-10-10T17:46:43.075+0000] {processor.py:179} INFO - Processing /home/airflow/.local/lib/python3.7/site-packages/airflow/example_dags/example_task_group_decorator.py took 0.150 seconds
[2023-10-10T17:47:13.245+0000] {processor.py:157} INFO - Started process (PID=1844) to work on /home/airflow/.local/lib/python3.7/site-packages/airflow/example_dags/example_task_group_decorator.py
[2023-10-10T17:47:13.247+0000] {processor.py:826} INFO - Processing file /home/airflow/.local/lib/python3.7/site-packages/airflow/example_dags/example_task_group_decorator.py for tasks to queue
[2023-10-10T17:47:13.249+0000] {logging_mixin.py:150} INFO - [2023-10-10T17:47:13.249+0000] {dagbag.py:541} INFO - Filling up the DagBag from /home/airflow/.local/lib/python3.7/site-packages/airflow/example_dags/example_task_group_decorator.py
[2023-10-10T17:47:13.275+0000] {processor.py:836} INFO - DAG(s) dict_keys(['example_task_group_decorator']) retrieved from /home/airflow/.local/lib/python3.7/site-packages/airflow/example_dags/example_task_group_decorator.py
[2023-10-10T17:47:13.319+0000] {logging_mixin.py:150} INFO - [2023-10-10T17:47:13.319+0000] {dag.py:2742} INFO - Sync 1 DAGs
[2023-10-10T17:47:13.368+0000] {logging_mixin.py:150} INFO - [2023-10-10T17:47:13.368+0000] {dag.py:3508} INFO - Setting next_dagrun for example_task_group_decorator to 2023-10-09T17:47:13.367757+00:00, run_after=2023-10-10T17:47:13.367757+00:00
[2023-10-10T17:47:13.396+0000] {processor.py:179} INFO - Processing /home/airflow/.local/lib/python3.7/site-packages/airflow/example_dags/example_task_group_decorator.py took 0.158 seconds
[2023-10-10T17:47:43.498+0000] {processor.py:157} INFO - Started process (PID=1924) to work on /home/airflow/.local/lib/python3.7/site-packages/airflow/example_dags/example_task_group_decorator.py
[2023-10-10T17:47:43.500+0000] {processor.py:826} INFO - Processing file /home/airflow/.local/lib/python3.7/site-packages/airflow/example_dags/example_task_group_decorator.py for tasks to queue
[2023-10-10T17:47:43.503+0000] {logging_mixin.py:150} INFO - [2023-10-10T17:47:43.502+0000] {dagbag.py:541} INFO - Filling up the DagBag from /home/airflow/.local/lib/python3.7/site-packages/airflow/example_dags/example_task_group_decorator.py
[2023-10-10T17:47:43.529+0000] {processor.py:836} INFO - DAG(s) dict_keys(['example_task_group_decorator']) retrieved from /home/airflow/.local/lib/python3.7/site-packages/airflow/example_dags/example_task_group_decorator.py
[2023-10-10T17:47:43.573+0000] {logging_mixin.py:150} INFO - [2023-10-10T17:47:43.572+0000] {dag.py:2742} INFO - Sync 1 DAGs
[2023-10-10T17:47:43.625+0000] {logging_mixin.py:150} INFO - [2023-10-10T17:47:43.625+0000] {dag.py:3508} INFO - Setting next_dagrun for example_task_group_decorator to 2023-10-09T17:47:43.625078+00:00, run_after=2023-10-10T17:47:43.625078+00:00
[2023-10-10T17:47:43.660+0000] {processor.py:179} INFO - Processing /home/airflow/.local/lib/python3.7/site-packages/airflow/example_dags/example_task_group_decorator.py took 0.168 seconds
[2023-10-10T17:48:14.759+0000] {processor.py:157} INFO - Started process (PID=2013) to work on /home/airflow/.local/lib/python3.7/site-packages/airflow/example_dags/example_task_group_decorator.py
[2023-10-10T17:48:14.768+0000] {processor.py:826} INFO - Processing file /home/airflow/.local/lib/python3.7/site-packages/airflow/example_dags/example_task_group_decorator.py for tasks to queue
[2023-10-10T17:48:14.772+0000] {logging_mixin.py:150} INFO - [2023-10-10T17:48:14.771+0000] {dagbag.py:541} INFO - Filling up the DagBag from /home/airflow/.local/lib/python3.7/site-packages/airflow/example_dags/example_task_group_decorator.py
[2023-10-10T17:48:14.808+0000] {processor.py:836} INFO - DAG(s) dict_keys(['example_task_group_decorator']) retrieved from /home/airflow/.local/lib/python3.7/site-packages/airflow/example_dags/example_task_group_decorator.py
[2023-10-10T17:48:14.893+0000] {logging_mixin.py:150} INFO - [2023-10-10T17:48:14.892+0000] {dag.py:2742} INFO - Sync 1 DAGs
[2023-10-10T17:48:15.023+0000] {logging_mixin.py:150} INFO - [2023-10-10T17:48:15.022+0000] {dag.py:3508} INFO - Setting next_dagrun for example_task_group_decorator to 2023-10-09T17:48:15.022275+00:00, run_after=2023-10-10T17:48:15.022275+00:00
[2023-10-10T17:48:15.080+0000] {processor.py:179} INFO - Processing /home/airflow/.local/lib/python3.7/site-packages/airflow/example_dags/example_task_group_decorator.py took 0.327 seconds
[2023-10-10T17:48:45.721+0000] {processor.py:157} INFO - Started process (PID=2096) to work on /home/airflow/.local/lib/python3.7/site-packages/airflow/example_dags/example_task_group_decorator.py
[2023-10-10T17:48:45.723+0000] {processor.py:826} INFO - Processing file /home/airflow/.local/lib/python3.7/site-packages/airflow/example_dags/example_task_group_decorator.py for tasks to queue
[2023-10-10T17:48:45.725+0000] {logging_mixin.py:150} INFO - [2023-10-10T17:48:45.724+0000] {dagbag.py:541} INFO - Filling up the DagBag from /home/airflow/.local/lib/python3.7/site-packages/airflow/example_dags/example_task_group_decorator.py
[2023-10-10T17:48:45.754+0000] {processor.py:836} INFO - DAG(s) dict_keys(['example_task_group_decorator']) retrieved from /home/airflow/.local/lib/python3.7/site-packages/airflow/example_dags/example_task_group_decorator.py
[2023-10-10T17:48:45.817+0000] {logging_mixin.py:150} INFO - [2023-10-10T17:48:45.817+0000] {dag.py:2742} INFO - Sync 1 DAGs
[2023-10-10T17:48:45.868+0000] {logging_mixin.py:150} INFO - [2023-10-10T17:48:45.867+0000] {dag.py:3508} INFO - Setting next_dagrun for example_task_group_decorator to 2023-10-09T17:48:45.867618+00:00, run_after=2023-10-10T17:48:45.867618+00:00
[2023-10-10T17:48:45.911+0000] {processor.py:179} INFO - Processing /home/airflow/.local/lib/python3.7/site-packages/airflow/example_dags/example_task_group_decorator.py took 0.198 seconds
[2023-10-10T17:49:16.140+0000] {processor.py:157} INFO - Started process (PID=2189) to work on /home/airflow/.local/lib/python3.7/site-packages/airflow/example_dags/example_task_group_decorator.py
[2023-10-10T17:49:16.143+0000] {processor.py:826} INFO - Processing file /home/airflow/.local/lib/python3.7/site-packages/airflow/example_dags/example_task_group_decorator.py for tasks to queue
[2023-10-10T17:49:16.146+0000] {logging_mixin.py:150} INFO - [2023-10-10T17:49:16.145+0000] {dagbag.py:541} INFO - Filling up the DagBag from /home/airflow/.local/lib/python3.7/site-packages/airflow/example_dags/example_task_group_decorator.py
[2023-10-10T17:49:16.174+0000] {processor.py:836} INFO - DAG(s) dict_keys(['example_task_group_decorator']) retrieved from /home/airflow/.local/lib/python3.7/site-packages/airflow/example_dags/example_task_group_decorator.py
[2023-10-10T17:49:16.223+0000] {logging_mixin.py:150} INFO - [2023-10-10T17:49:16.223+0000] {dag.py:2742} INFO - Sync 1 DAGs
[2023-10-10T17:49:16.266+0000] {logging_mixin.py:150} INFO - [2023-10-10T17:49:16.266+0000] {dag.py:3508} INFO - Setting next_dagrun for example_task_group_decorator to 2023-10-09T17:49:16.265841+00:00, run_after=2023-10-10T17:49:16.265841+00:00
[2023-10-10T17:49:16.296+0000] {processor.py:179} INFO - Processing /home/airflow/.local/lib/python3.7/site-packages/airflow/example_dags/example_task_group_decorator.py took 0.171 seconds
[2023-10-10T17:49:46.959+0000] {processor.py:157} INFO - Started process (PID=2269) to work on /home/airflow/.local/lib/python3.7/site-packages/airflow/example_dags/example_task_group_decorator.py
[2023-10-10T17:49:46.961+0000] {processor.py:826} INFO - Processing file /home/airflow/.local/lib/python3.7/site-packages/airflow/example_dags/example_task_group_decorator.py for tasks to queue
[2023-10-10T17:49:46.963+0000] {logging_mixin.py:150} INFO - [2023-10-10T17:49:46.962+0000] {dagbag.py:541} INFO - Filling up the DagBag from /home/airflow/.local/lib/python3.7/site-packages/airflow/example_dags/example_task_group_decorator.py
[2023-10-10T17:49:46.985+0000] {processor.py:836} INFO - DAG(s) dict_keys(['example_task_group_decorator']) retrieved from /home/airflow/.local/lib/python3.7/site-packages/airflow/example_dags/example_task_group_decorator.py
[2023-10-10T17:49:47.021+0000] {logging_mixin.py:150} INFO - [2023-10-10T17:49:47.021+0000] {dag.py:2742} INFO - Sync 1 DAGs
[2023-10-10T17:49:47.056+0000] {logging_mixin.py:150} INFO - [2023-10-10T17:49:47.056+0000] {dag.py:3508} INFO - Setting next_dagrun for example_task_group_decorator to 2023-10-09T17:49:47.055924+00:00, run_after=2023-10-10T17:49:47.055924+00:00
[2023-10-10T17:49:47.084+0000] {processor.py:179} INFO - Processing /home/airflow/.local/lib/python3.7/site-packages/airflow/example_dags/example_task_group_decorator.py took 0.130 seconds
[2023-10-10T17:50:17.338+0000] {processor.py:157} INFO - Started process (PID=2359) to work on /home/airflow/.local/lib/python3.7/site-packages/airflow/example_dags/example_task_group_decorator.py
[2023-10-10T17:50:17.340+0000] {processor.py:826} INFO - Processing file /home/airflow/.local/lib/python3.7/site-packages/airflow/example_dags/example_task_group_decorator.py for tasks to queue
[2023-10-10T17:50:17.341+0000] {logging_mixin.py:150} INFO - [2023-10-10T17:50:17.341+0000] {dagbag.py:541} INFO - Filling up the DagBag from /home/airflow/.local/lib/python3.7/site-packages/airflow/example_dags/example_task_group_decorator.py
[2023-10-10T17:50:17.366+0000] {processor.py:836} INFO - DAG(s) dict_keys(['example_task_group_decorator']) retrieved from /home/airflow/.local/lib/python3.7/site-packages/airflow/example_dags/example_task_group_decorator.py
[2023-10-10T17:50:17.408+0000] {logging_mixin.py:150} INFO - [2023-10-10T17:50:17.408+0000] {dag.py:2742} INFO - Sync 1 DAGs
[2023-10-10T17:50:17.443+0000] {logging_mixin.py:150} INFO - [2023-10-10T17:50:17.443+0000] {dag.py:3508} INFO - Setting next_dagrun for example_task_group_decorator to 2023-10-09T17:50:17.443140+00:00, run_after=2023-10-10T17:50:17.443140+00:00
[2023-10-10T17:50:17.466+0000] {processor.py:179} INFO - Processing /home/airflow/.local/lib/python3.7/site-packages/airflow/example_dags/example_task_group_decorator.py took 0.134 seconds
[2023-10-10T17:50:47.600+0000] {processor.py:157} INFO - Started process (PID=2440) to work on /home/airflow/.local/lib/python3.7/site-packages/airflow/example_dags/example_task_group_decorator.py
[2023-10-10T17:50:47.602+0000] {processor.py:826} INFO - Processing file /home/airflow/.local/lib/python3.7/site-packages/airflow/example_dags/example_task_group_decorator.py for tasks to queue
[2023-10-10T17:50:47.604+0000] {logging_mixin.py:150} INFO - [2023-10-10T17:50:47.604+0000] {dagbag.py:541} INFO - Filling up the DagBag from /home/airflow/.local/lib/python3.7/site-packages/airflow/example_dags/example_task_group_decorator.py
[2023-10-10T17:50:47.626+0000] {processor.py:836} INFO - DAG(s) dict_keys(['example_task_group_decorator']) retrieved from /home/airflow/.local/lib/python3.7/site-packages/airflow/example_dags/example_task_group_decorator.py
[2023-10-10T17:50:47.661+0000] {logging_mixin.py:150} INFO - [2023-10-10T17:50:47.661+0000] {dag.py:2742} INFO - Sync 1 DAGs
[2023-10-10T17:50:47.694+0000] {logging_mixin.py:150} INFO - [2023-10-10T17:50:47.694+0000] {dag.py:3508} INFO - Setting next_dagrun for example_task_group_decorator to 2023-10-09T17:50:47.693901+00:00, run_after=2023-10-10T17:50:47.693901+00:00
[2023-10-10T17:50:47.724+0000] {processor.py:179} INFO - Processing /home/airflow/.local/lib/python3.7/site-packages/airflow/example_dags/example_task_group_decorator.py took 0.128 seconds
[2023-10-10T17:51:17.876+0000] {processor.py:157} INFO - Started process (PID=2527) to work on /home/airflow/.local/lib/python3.7/site-packages/airflow/example_dags/example_task_group_decorator.py
[2023-10-10T17:51:17.878+0000] {processor.py:826} INFO - Processing file /home/airflow/.local/lib/python3.7/site-packages/airflow/example_dags/example_task_group_decorator.py for tasks to queue
[2023-10-10T17:51:17.880+0000] {logging_mixin.py:150} INFO - [2023-10-10T17:51:17.880+0000] {dagbag.py:541} INFO - Filling up the DagBag from /home/airflow/.local/lib/python3.7/site-packages/airflow/example_dags/example_task_group_decorator.py
[2023-10-10T17:51:17.904+0000] {processor.py:836} INFO - DAG(s) dict_keys(['example_task_group_decorator']) retrieved from /home/airflow/.local/lib/python3.7/site-packages/airflow/example_dags/example_task_group_decorator.py
[2023-10-10T17:51:17.945+0000] {logging_mixin.py:150} INFO - [2023-10-10T17:51:17.944+0000] {dag.py:2742} INFO - Sync 1 DAGs
[2023-10-10T17:51:17.980+0000] {logging_mixin.py:150} INFO - [2023-10-10T17:51:17.980+0000] {dag.py:3508} INFO - Setting next_dagrun for example_task_group_decorator to 2023-10-09T17:51:17.979806+00:00, run_after=2023-10-10T17:51:17.979806+00:00
[2023-10-10T17:51:18.005+0000] {processor.py:179} INFO - Processing /home/airflow/.local/lib/python3.7/site-packages/airflow/example_dags/example_task_group_decorator.py took 0.134 seconds
[2023-10-10T17:51:48.721+0000] {processor.py:157} INFO - Started process (PID=2613) to work on /home/airflow/.local/lib/python3.7/site-packages/airflow/example_dags/example_task_group_decorator.py
[2023-10-10T17:51:48.723+0000] {processor.py:826} INFO - Processing file /home/airflow/.local/lib/python3.7/site-packages/airflow/example_dags/example_task_group_decorator.py for tasks to queue
[2023-10-10T17:51:48.725+0000] {logging_mixin.py:150} INFO - [2023-10-10T17:51:48.724+0000] {dagbag.py:541} INFO - Filling up the DagBag from /home/airflow/.local/lib/python3.7/site-packages/airflow/example_dags/example_task_group_decorator.py
[2023-10-10T17:51:48.748+0000] {processor.py:836} INFO - DAG(s) dict_keys(['example_task_group_decorator']) retrieved from /home/airflow/.local/lib/python3.7/site-packages/airflow/example_dags/example_task_group_decorator.py
[2023-10-10T17:51:48.786+0000] {logging_mixin.py:150} INFO - [2023-10-10T17:51:48.785+0000] {dag.py:2742} INFO - Sync 1 DAGs
[2023-10-10T17:51:48.821+0000] {logging_mixin.py:150} INFO - [2023-10-10T17:51:48.821+0000] {dag.py:3508} INFO - Setting next_dagrun for example_task_group_decorator to 2023-10-09T17:51:48.820973+00:00, run_after=2023-10-10T17:51:48.820973+00:00
[2023-10-10T17:51:48.848+0000] {processor.py:179} INFO - Processing /home/airflow/.local/lib/python3.7/site-packages/airflow/example_dags/example_task_group_decorator.py took 0.132 seconds
[2023-10-10T17:52:18.967+0000] {processor.py:157} INFO - Started process (PID=2694) to work on /home/airflow/.local/lib/python3.7/site-packages/airflow/example_dags/example_task_group_decorator.py
[2023-10-10T17:52:18.970+0000] {processor.py:826} INFO - Processing file /home/airflow/.local/lib/python3.7/site-packages/airflow/example_dags/example_task_group_decorator.py for tasks to queue
[2023-10-10T17:52:18.972+0000] {logging_mixin.py:150} INFO - [2023-10-10T17:52:18.972+0000] {dagbag.py:541} INFO - Filling up the DagBag from /home/airflow/.local/lib/python3.7/site-packages/airflow/example_dags/example_task_group_decorator.py
[2023-10-10T17:52:18.997+0000] {processor.py:836} INFO - DAG(s) dict_keys(['example_task_group_decorator']) retrieved from /home/airflow/.local/lib/python3.7/site-packages/airflow/example_dags/example_task_group_decorator.py
[2023-10-10T17:52:19.036+0000] {logging_mixin.py:150} INFO - [2023-10-10T17:52:19.035+0000] {dag.py:2742} INFO - Sync 1 DAGs
[2023-10-10T17:52:19.070+0000] {logging_mixin.py:150} INFO - [2023-10-10T17:52:19.070+0000] {dag.py:3508} INFO - Setting next_dagrun for example_task_group_decorator to 2023-10-09T17:52:19.069900+00:00, run_after=2023-10-10T17:52:19.069900+00:00
[2023-10-10T17:52:19.098+0000] {processor.py:179} INFO - Processing /home/airflow/.local/lib/python3.7/site-packages/airflow/example_dags/example_task_group_decorator.py took 0.136 seconds
[2023-10-10T17:52:49.440+0000] {processor.py:157} INFO - Started process (PID=2784) to work on /home/airflow/.local/lib/python3.7/site-packages/airflow/example_dags/example_task_group_decorator.py
[2023-10-10T17:52:49.442+0000] {processor.py:826} INFO - Processing file /home/airflow/.local/lib/python3.7/site-packages/airflow/example_dags/example_task_group_decorator.py for tasks to queue
[2023-10-10T17:52:49.444+0000] {logging_mixin.py:150} INFO - [2023-10-10T17:52:49.444+0000] {dagbag.py:541} INFO - Filling up the DagBag from /home/airflow/.local/lib/python3.7/site-packages/airflow/example_dags/example_task_group_decorator.py
[2023-10-10T17:52:49.467+0000] {processor.py:836} INFO - DAG(s) dict_keys(['example_task_group_decorator']) retrieved from /home/airflow/.local/lib/python3.7/site-packages/airflow/example_dags/example_task_group_decorator.py
[2023-10-10T17:52:49.511+0000] {logging_mixin.py:150} INFO - [2023-10-10T17:52:49.510+0000] {dag.py:2742} INFO - Sync 1 DAGs
[2023-10-10T17:52:49.558+0000] {logging_mixin.py:150} INFO - [2023-10-10T17:52:49.558+0000] {dag.py:3508} INFO - Setting next_dagrun for example_task_group_decorator to 2023-10-09T17:52:49.557665+00:00, run_after=2023-10-10T17:52:49.557665+00:00
[2023-10-10T17:52:49.588+0000] {processor.py:179} INFO - Processing /home/airflow/.local/lib/python3.7/site-packages/airflow/example_dags/example_task_group_decorator.py took 0.154 seconds
[2023-10-10T17:53:19.960+0000] {processor.py:157} INFO - Started process (PID=2868) to work on /home/airflow/.local/lib/python3.7/site-packages/airflow/example_dags/example_task_group_decorator.py
[2023-10-10T17:53:19.963+0000] {processor.py:826} INFO - Processing file /home/airflow/.local/lib/python3.7/site-packages/airflow/example_dags/example_task_group_decorator.py for tasks to queue
[2023-10-10T17:53:19.965+0000] {logging_mixin.py:150} INFO - [2023-10-10T17:53:19.965+0000] {dagbag.py:541} INFO - Filling up the DagBag from /home/airflow/.local/lib/python3.7/site-packages/airflow/example_dags/example_task_group_decorator.py
[2023-10-10T17:53:19.990+0000] {processor.py:836} INFO - DAG(s) dict_keys(['example_task_group_decorator']) retrieved from /home/airflow/.local/lib/python3.7/site-packages/airflow/example_dags/example_task_group_decorator.py
[2023-10-10T17:53:20.029+0000] {logging_mixin.py:150} INFO - [2023-10-10T17:53:20.028+0000] {dag.py:2742} INFO - Sync 1 DAGs
[2023-10-10T17:53:20.059+0000] {logging_mixin.py:150} INFO - [2023-10-10T17:53:20.059+0000] {dag.py:3508} INFO - Setting next_dagrun for example_task_group_decorator to 2023-10-09T17:53:20.059149+00:00, run_after=2023-10-10T17:53:20.059149+00:00
[2023-10-10T17:53:20.081+0000] {processor.py:179} INFO - Processing /home/airflow/.local/lib/python3.7/site-packages/airflow/example_dags/example_task_group_decorator.py took 0.127 seconds
[2023-10-10T17:53:50.617+0000] {processor.py:157} INFO - Started process (PID=2958) to work on /home/airflow/.local/lib/python3.7/site-packages/airflow/example_dags/example_task_group_decorator.py
[2023-10-10T17:53:50.619+0000] {processor.py:826} INFO - Processing file /home/airflow/.local/lib/python3.7/site-packages/airflow/example_dags/example_task_group_decorator.py for tasks to queue
[2023-10-10T17:53:50.622+0000] {logging_mixin.py:150} INFO - [2023-10-10T17:53:50.621+0000] {dagbag.py:541} INFO - Filling up the DagBag from /home/airflow/.local/lib/python3.7/site-packages/airflow/example_dags/example_task_group_decorator.py
[2023-10-10T17:53:50.676+0000] {processor.py:836} INFO - DAG(s) dict_keys(['example_task_group_decorator']) retrieved from /home/airflow/.local/lib/python3.7/site-packages/airflow/example_dags/example_task_group_decorator.py
[2023-10-10T17:53:50.729+0000] {logging_mixin.py:150} INFO - [2023-10-10T17:53:50.728+0000] {dag.py:2742} INFO - Sync 1 DAGs
[2023-10-10T17:53:50.774+0000] {logging_mixin.py:150} INFO - [2023-10-10T17:53:50.773+0000] {dag.py:3508} INFO - Setting next_dagrun for example_task_group_decorator to 2023-10-09T17:53:50.773459+00:00, run_after=2023-10-10T17:53:50.773459+00:00
[2023-10-10T17:53:50.807+0000] {processor.py:179} INFO - Processing /home/airflow/.local/lib/python3.7/site-packages/airflow/example_dags/example_task_group_decorator.py took 0.196 seconds
[2023-10-10T17:54:20.851+0000] {processor.py:157} INFO - Started process (PID=3040) to work on /home/airflow/.local/lib/python3.7/site-packages/airflow/example_dags/example_task_group_decorator.py
[2023-10-10T17:54:20.852+0000] {processor.py:826} INFO - Processing file /home/airflow/.local/lib/python3.7/site-packages/airflow/example_dags/example_task_group_decorator.py for tasks to queue
[2023-10-10T17:54:20.854+0000] {logging_mixin.py:150} INFO - [2023-10-10T17:54:20.854+0000] {dagbag.py:541} INFO - Filling up the DagBag from /home/airflow/.local/lib/python3.7/site-packages/airflow/example_dags/example_task_group_decorator.py
[2023-10-10T17:54:20.876+0000] {processor.py:836} INFO - DAG(s) dict_keys(['example_task_group_decorator']) retrieved from /home/airflow/.local/lib/python3.7/site-packages/airflow/example_dags/example_task_group_decorator.py
[2023-10-10T17:54:20.910+0000] {logging_mixin.py:150} INFO - [2023-10-10T17:54:20.910+0000] {dag.py:2742} INFO - Sync 1 DAGs
[2023-10-10T17:54:20.943+0000] {logging_mixin.py:150} INFO - [2023-10-10T17:54:20.943+0000] {dag.py:3508} INFO - Setting next_dagrun for example_task_group_decorator to 2023-10-09T17:54:20.943006+00:00, run_after=2023-10-10T17:54:20.943006+00:00
[2023-10-10T17:54:20.971+0000] {processor.py:179} INFO - Processing /home/airflow/.local/lib/python3.7/site-packages/airflow/example_dags/example_task_group_decorator.py took 0.125 seconds
[2023-10-10T17:54:51.922+0000] {processor.py:157} INFO - Started process (PID=3134) to work on /home/airflow/.local/lib/python3.7/site-packages/airflow/example_dags/example_task_group_decorator.py
[2023-10-10T17:54:51.931+0000] {processor.py:826} INFO - Processing file /home/airflow/.local/lib/python3.7/site-packages/airflow/example_dags/example_task_group_decorator.py for tasks to queue
[2023-10-10T17:54:51.936+0000] {logging_mixin.py:150} INFO - [2023-10-10T17:54:51.936+0000] {dagbag.py:541} INFO - Filling up the DagBag from /home/airflow/.local/lib/python3.7/site-packages/airflow/example_dags/example_task_group_decorator.py
[2023-10-10T17:54:52.017+0000] {processor.py:836} INFO - DAG(s) dict_keys(['example_task_group_decorator']) retrieved from /home/airflow/.local/lib/python3.7/site-packages/airflow/example_dags/example_task_group_decorator.py
[2023-10-10T17:54:52.256+0000] {logging_mixin.py:150} INFO - [2023-10-10T17:54:52.255+0000] {dag.py:2742} INFO - Sync 1 DAGs
[2023-10-10T17:54:52.368+0000] {logging_mixin.py:150} INFO - [2023-10-10T17:54:52.368+0000] {dag.py:3508} INFO - Setting next_dagrun for example_task_group_decorator to 2023-10-09T17:54:52.367988+00:00, run_after=2023-10-10T17:54:52.367988+00:00
[2023-10-10T17:54:52.424+0000] {processor.py:179} INFO - Processing /home/airflow/.local/lib/python3.7/site-packages/airflow/example_dags/example_task_group_decorator.py took 0.520 seconds
[2023-10-10T17:56:03.499+0000] {processor.py:157} INFO - Started process (PID=3223) to work on /home/airflow/.local/lib/python3.7/site-packages/airflow/example_dags/example_task_group_decorator.py
[2023-10-10T17:56:03.506+0000] {processor.py:826} INFO - Processing file /home/airflow/.local/lib/python3.7/site-packages/airflow/example_dags/example_task_group_decorator.py for tasks to queue
[2023-10-10T17:56:03.513+0000] {logging_mixin.py:150} INFO - [2023-10-10T17:56:03.512+0000] {dagbag.py:541} INFO - Filling up the DagBag from /home/airflow/.local/lib/python3.7/site-packages/airflow/example_dags/example_task_group_decorator.py
[2023-10-10T17:56:03.545+0000] {processor.py:836} INFO - DAG(s) dict_keys(['example_task_group_decorator']) retrieved from /home/airflow/.local/lib/python3.7/site-packages/airflow/example_dags/example_task_group_decorator.py
[2023-10-10T17:56:03.603+0000] {logging_mixin.py:150} INFO - [2023-10-10T17:56:03.603+0000] {dag.py:2742} INFO - Sync 1 DAGs
[2023-10-10T17:56:03.655+0000] {logging_mixin.py:150} INFO - [2023-10-10T17:56:03.654+0000] {dag.py:3508} INFO - Setting next_dagrun for example_task_group_decorator to 2023-10-09T17:56:03.654087+00:00, run_after=2023-10-10T17:56:03.654087+00:00
[2023-10-10T17:56:03.708+0000] {processor.py:179} INFO - Processing /home/airflow/.local/lib/python3.7/site-packages/airflow/example_dags/example_task_group_decorator.py took 0.229 seconds
[2023-10-10T17:56:34.364+0000] {processor.py:157} INFO - Started process (PID=3304) to work on /home/airflow/.local/lib/python3.7/site-packages/airflow/example_dags/example_task_group_decorator.py
[2023-10-10T17:56:34.368+0000] {processor.py:826} INFO - Processing file /home/airflow/.local/lib/python3.7/site-packages/airflow/example_dags/example_task_group_decorator.py for tasks to queue
[2023-10-10T17:56:34.371+0000] {logging_mixin.py:150} INFO - [2023-10-10T17:56:34.370+0000] {dagbag.py:541} INFO - Filling up the DagBag from /home/airflow/.local/lib/python3.7/site-packages/airflow/example_dags/example_task_group_decorator.py
[2023-10-10T17:56:34.419+0000] {processor.py:836} INFO - DAG(s) dict_keys(['example_task_group_decorator']) retrieved from /home/airflow/.local/lib/python3.7/site-packages/airflow/example_dags/example_task_group_decorator.py
[2023-10-10T17:56:34.497+0000] {logging_mixin.py:150} INFO - [2023-10-10T17:56:34.497+0000] {dag.py:2742} INFO - Sync 1 DAGs
[2023-10-10T17:56:34.566+0000] {logging_mixin.py:150} INFO - [2023-10-10T17:56:34.565+0000] {dag.py:3508} INFO - Setting next_dagrun for example_task_group_decorator to 2023-10-09T17:56:34.565261+00:00, run_after=2023-10-10T17:56:34.565261+00:00
[2023-10-10T17:56:34.620+0000] {processor.py:179} INFO - Processing /home/airflow/.local/lib/python3.7/site-packages/airflow/example_dags/example_task_group_decorator.py took 0.266 seconds
[2023-10-10T17:57:08.950+0000] {processor.py:157} INFO - Started process (PID=3385) to work on /home/airflow/.local/lib/python3.7/site-packages/airflow/example_dags/example_task_group_decorator.py
[2023-10-10T17:57:08.971+0000] {processor.py:826} INFO - Processing file /home/airflow/.local/lib/python3.7/site-packages/airflow/example_dags/example_task_group_decorator.py for tasks to queue
[2023-10-10T17:57:08.990+0000] {logging_mixin.py:150} INFO - [2023-10-10T17:57:08.979+0000] {dagbag.py:541} INFO - Filling up the DagBag from /home/airflow/.local/lib/python3.7/site-packages/airflow/example_dags/example_task_group_decorator.py
[2023-10-10T17:57:09.122+0000] {processor.py:836} INFO - DAG(s) dict_keys(['example_task_group_decorator']) retrieved from /home/airflow/.local/lib/python3.7/site-packages/airflow/example_dags/example_task_group_decorator.py
[2023-10-10T17:57:09.403+0000] {logging_mixin.py:150} INFO - [2023-10-10T17:57:09.403+0000] {dag.py:2742} INFO - Sync 1 DAGs
[2023-10-10T17:57:09.631+0000] {logging_mixin.py:150} INFO - [2023-10-10T17:57:09.630+0000] {dag.py:3508} INFO - Setting next_dagrun for example_task_group_decorator to 2023-10-09T17:57:09.629735+00:00, run_after=2023-10-10T17:57:09.629735+00:00
[2023-10-10T17:57:09.795+0000] {processor.py:179} INFO - Processing /home/airflow/.local/lib/python3.7/site-packages/airflow/example_dags/example_task_group_decorator.py took 0.874 seconds
[2023-10-10T17:58:16.932+0000] {processor.py:157} INFO - Started process (PID=3476) to work on /home/airflow/.local/lib/python3.7/site-packages/airflow/example_dags/example_task_group_decorator.py
[2023-10-10T17:58:16.950+0000] {processor.py:826} INFO - Processing file /home/airflow/.local/lib/python3.7/site-packages/airflow/example_dags/example_task_group_decorator.py for tasks to queue
[2023-10-10T17:58:16.959+0000] {logging_mixin.py:150} INFO - [2023-10-10T17:58:16.958+0000] {dagbag.py:541} INFO - Filling up the DagBag from /home/airflow/.local/lib/python3.7/site-packages/airflow/example_dags/example_task_group_decorator.py
[2023-10-10T17:58:17.324+0000] {processor.py:836} INFO - DAG(s) dict_keys(['example_task_group_decorator']) retrieved from /home/airflow/.local/lib/python3.7/site-packages/airflow/example_dags/example_task_group_decorator.py
[2023-10-10T17:58:17.789+0000] {logging_mixin.py:150} INFO - [2023-10-10T17:58:17.788+0000] {dag.py:2742} INFO - Sync 1 DAGs
[2023-10-10T17:58:17.941+0000] {logging_mixin.py:150} INFO - [2023-10-10T17:58:17.941+0000] {dag.py:3508} INFO - Setting next_dagrun for example_task_group_decorator to 2023-10-09T17:58:17.940013+00:00, run_after=2023-10-10T17:58:17.940013+00:00
[2023-10-10T17:58:18.067+0000] {processor.py:179} INFO - Processing /home/airflow/.local/lib/python3.7/site-packages/airflow/example_dags/example_task_group_decorator.py took 1.195 seconds
[2023-10-10T17:58:51.037+0000] {processor.py:157} INFO - Started process (PID=3578) to work on /home/airflow/.local/lib/python3.7/site-packages/airflow/example_dags/example_task_group_decorator.py
[2023-10-10T17:58:51.046+0000] {processor.py:826} INFO - Processing file /home/airflow/.local/lib/python3.7/site-packages/airflow/example_dags/example_task_group_decorator.py for tasks to queue
[2023-10-10T17:58:51.055+0000] {logging_mixin.py:150} INFO - [2023-10-10T17:58:51.054+0000] {dagbag.py:541} INFO - Filling up the DagBag from /home/airflow/.local/lib/python3.7/site-packages/airflow/example_dags/example_task_group_decorator.py
[2023-10-10T17:58:51.223+0000] {processor.py:836} INFO - DAG(s) dict_keys(['example_task_group_decorator']) retrieved from /home/airflow/.local/lib/python3.7/site-packages/airflow/example_dags/example_task_group_decorator.py
[2023-10-10T17:58:51.482+0000] {logging_mixin.py:150} INFO - [2023-10-10T17:58:51.482+0000] {dag.py:2742} INFO - Sync 1 DAGs
[2023-10-10T17:58:51.632+0000] {logging_mixin.py:150} INFO - [2023-10-10T17:58:51.631+0000] {dag.py:3508} INFO - Setting next_dagrun for example_task_group_decorator to 2023-10-09T17:58:51.629721+00:00, run_after=2023-10-10T17:58:51.629721+00:00
[2023-10-10T17:58:51.730+0000] {processor.py:179} INFO - Processing /home/airflow/.local/lib/python3.7/site-packages/airflow/example_dags/example_task_group_decorator.py took 0.729 seconds
[2023-10-10T17:59:37.107+0000] {processor.py:157} INFO - Started process (PID=3659) to work on /home/airflow/.local/lib/python3.7/site-packages/airflow/example_dags/example_task_group_decorator.py
[2023-10-10T17:59:37.116+0000] {processor.py:826} INFO - Processing file /home/airflow/.local/lib/python3.7/site-packages/airflow/example_dags/example_task_group_decorator.py for tasks to queue
[2023-10-10T17:59:37.123+0000] {logging_mixin.py:150} INFO - [2023-10-10T17:59:37.122+0000] {dagbag.py:541} INFO - Filling up the DagBag from /home/airflow/.local/lib/python3.7/site-packages/airflow/example_dags/example_task_group_decorator.py
[2023-10-10T17:59:37.298+0000] {processor.py:836} INFO - DAG(s) dict_keys(['example_task_group_decorator']) retrieved from /home/airflow/.local/lib/python3.7/site-packages/airflow/example_dags/example_task_group_decorator.py
[2023-10-10T17:59:37.605+0000] {logging_mixin.py:150} INFO - [2023-10-10T17:59:37.604+0000] {dag.py:2742} INFO - Sync 1 DAGs
[2023-10-10T17:59:37.913+0000] {logging_mixin.py:150} INFO - [2023-10-10T17:59:37.911+0000] {dag.py:3508} INFO - Setting next_dagrun for example_task_group_decorator to 2023-10-09T17:59:37.908131+00:00, run_after=2023-10-10T17:59:37.908131+00:00
[2023-10-10T17:59:38.086+0000] {processor.py:179} INFO - Processing /home/airflow/.local/lib/python3.7/site-packages/airflow/example_dags/example_task_group_decorator.py took 1.051 seconds
[2023-10-10T18:00:08.375+0000] {processor.py:157} INFO - Started process (PID=3740) to work on /home/airflow/.local/lib/python3.7/site-packages/airflow/example_dags/example_task_group_decorator.py
[2023-10-10T18:00:08.379+0000] {processor.py:826} INFO - Processing file /home/airflow/.local/lib/python3.7/site-packages/airflow/example_dags/example_task_group_decorator.py for tasks to queue
[2023-10-10T18:00:08.382+0000] {logging_mixin.py:150} INFO - [2023-10-10T18:00:08.382+0000] {dagbag.py:541} INFO - Filling up the DagBag from /home/airflow/.local/lib/python3.7/site-packages/airflow/example_dags/example_task_group_decorator.py
[2023-10-10T18:00:08.433+0000] {processor.py:836} INFO - DAG(s) dict_keys(['example_task_group_decorator']) retrieved from /home/airflow/.local/lib/python3.7/site-packages/airflow/example_dags/example_task_group_decorator.py
[2023-10-10T18:00:08.518+0000] {logging_mixin.py:150} INFO - [2023-10-10T18:00:08.517+0000] {dag.py:2742} INFO - Sync 1 DAGs
[2023-10-10T18:00:08.597+0000] {logging_mixin.py:150} INFO - [2023-10-10T18:00:08.596+0000] {dag.py:3508} INFO - Setting next_dagrun for example_task_group_decorator to 2023-10-09T18:00:08.596011+00:00, run_after=2023-10-10T18:00:08.596011+00:00
[2023-10-10T18:00:08.649+0000] {processor.py:179} INFO - Processing /home/airflow/.local/lib/python3.7/site-packages/airflow/example_dags/example_task_group_decorator.py took 0.286 seconds
[2023-10-10T18:00:39.361+0000] {processor.py:157} INFO - Started process (PID=3821) to work on /home/airflow/.local/lib/python3.7/site-packages/airflow/example_dags/example_task_group_decorator.py
[2023-10-10T18:00:39.364+0000] {processor.py:826} INFO - Processing file /home/airflow/.local/lib/python3.7/site-packages/airflow/example_dags/example_task_group_decorator.py for tasks to queue
[2023-10-10T18:00:39.367+0000] {logging_mixin.py:150} INFO - [2023-10-10T18:00:39.366+0000] {dagbag.py:541} INFO - Filling up the DagBag from /home/airflow/.local/lib/python3.7/site-packages/airflow/example_dags/example_task_group_decorator.py
[2023-10-10T18:00:39.405+0000] {processor.py:836} INFO - DAG(s) dict_keys(['example_task_group_decorator']) retrieved from /home/airflow/.local/lib/python3.7/site-packages/airflow/example_dags/example_task_group_decorator.py
[2023-10-10T18:00:39.465+0000] {logging_mixin.py:150} INFO - [2023-10-10T18:00:39.465+0000] {dag.py:2742} INFO - Sync 1 DAGs
[2023-10-10T18:00:39.523+0000] {logging_mixin.py:150} INFO - [2023-10-10T18:00:39.522+0000] {dag.py:3508} INFO - Setting next_dagrun for example_task_group_decorator to 2023-10-09T18:00:39.522246+00:00, run_after=2023-10-10T18:00:39.522246+00:00
[2023-10-10T18:00:39.562+0000] {processor.py:179} INFO - Processing /home/airflow/.local/lib/python3.7/site-packages/airflow/example_dags/example_task_group_decorator.py took 0.210 seconds
[2023-10-10T18:01:09.894+0000] {processor.py:157} INFO - Started process (PID=3902) to work on /home/airflow/.local/lib/python3.7/site-packages/airflow/example_dags/example_task_group_decorator.py
[2023-10-10T18:01:09.897+0000] {processor.py:826} INFO - Processing file /home/airflow/.local/lib/python3.7/site-packages/airflow/example_dags/example_task_group_decorator.py for tasks to queue
[2023-10-10T18:01:09.899+0000] {logging_mixin.py:150} INFO - [2023-10-10T18:01:09.899+0000] {dagbag.py:541} INFO - Filling up the DagBag from /home/airflow/.local/lib/python3.7/site-packages/airflow/example_dags/example_task_group_decorator.py
[2023-10-10T18:01:09.931+0000] {processor.py:836} INFO - DAG(s) dict_keys(['example_task_group_decorator']) retrieved from /home/airflow/.local/lib/python3.7/site-packages/airflow/example_dags/example_task_group_decorator.py
[2023-10-10T18:01:09.985+0000] {logging_mixin.py:150} INFO - [2023-10-10T18:01:09.985+0000] {dag.py:2742} INFO - Sync 1 DAGs
[2023-10-10T18:01:10.045+0000] {logging_mixin.py:150} INFO - [2023-10-10T18:01:10.045+0000] {dag.py:3508} INFO - Setting next_dagrun for example_task_group_decorator to 2023-10-09T18:01:10.044699+00:00, run_after=2023-10-10T18:01:10.044699+00:00
[2023-10-10T18:01:10.083+0000] {processor.py:179} INFO - Processing /home/airflow/.local/lib/python3.7/site-packages/airflow/example_dags/example_task_group_decorator.py took 0.196 seconds
[2023-10-10T18:01:40.168+0000] {processor.py:157} INFO - Started process (PID=3992) to work on /home/airflow/.local/lib/python3.7/site-packages/airflow/example_dags/example_task_group_decorator.py
[2023-10-10T18:01:40.171+0000] {processor.py:826} INFO - Processing file /home/airflow/.local/lib/python3.7/site-packages/airflow/example_dags/example_task_group_decorator.py for tasks to queue
[2023-10-10T18:01:40.176+0000] {logging_mixin.py:150} INFO - [2023-10-10T18:01:40.175+0000] {dagbag.py:541} INFO - Filling up the DagBag from /home/airflow/.local/lib/python3.7/site-packages/airflow/example_dags/example_task_group_decorator.py
[2023-10-10T18:01:40.218+0000] {processor.py:836} INFO - DAG(s) dict_keys(['example_task_group_decorator']) retrieved from /home/airflow/.local/lib/python3.7/site-packages/airflow/example_dags/example_task_group_decorator.py
[2023-10-10T18:01:40.289+0000] {logging_mixin.py:150} INFO - [2023-10-10T18:01:40.289+0000] {dag.py:2742} INFO - Sync 1 DAGs
[2023-10-10T18:01:40.357+0000] {logging_mixin.py:150} INFO - [2023-10-10T18:01:40.356+0000] {dag.py:3508} INFO - Setting next_dagrun for example_task_group_decorator to 2023-10-09T18:01:40.356429+00:00, run_after=2023-10-10T18:01:40.356429+00:00
[2023-10-10T18:01:40.397+0000] {processor.py:179} INFO - Processing /home/airflow/.local/lib/python3.7/site-packages/airflow/example_dags/example_task_group_decorator.py took 0.238 seconds
[2023-10-10T18:02:10.487+0000] {processor.py:157} INFO - Started process (PID=4073) to work on /home/airflow/.local/lib/python3.7/site-packages/airflow/example_dags/example_task_group_decorator.py
[2023-10-10T18:02:10.490+0000] {processor.py:826} INFO - Processing file /home/airflow/.local/lib/python3.7/site-packages/airflow/example_dags/example_task_group_decorator.py for tasks to queue
[2023-10-10T18:02:10.493+0000] {logging_mixin.py:150} INFO - [2023-10-10T18:02:10.492+0000] {dagbag.py:541} INFO - Filling up the DagBag from /home/airflow/.local/lib/python3.7/site-packages/airflow/example_dags/example_task_group_decorator.py
[2023-10-10T18:02:10.530+0000] {processor.py:836} INFO - DAG(s) dict_keys(['example_task_group_decorator']) retrieved from /home/airflow/.local/lib/python3.7/site-packages/airflow/example_dags/example_task_group_decorator.py
[2023-10-10T18:02:10.591+0000] {logging_mixin.py:150} INFO - [2023-10-10T18:02:10.591+0000] {dag.py:2742} INFO - Sync 1 DAGs
[2023-10-10T18:02:10.654+0000] {logging_mixin.py:150} INFO - [2023-10-10T18:02:10.654+0000] {dag.py:3508} INFO - Setting next_dagrun for example_task_group_decorator to 2023-10-09T18:02:10.653612+00:00, run_after=2023-10-10T18:02:10.653612+00:00
[2023-10-10T18:02:10.714+0000] {processor.py:179} INFO - Processing /home/airflow/.local/lib/python3.7/site-packages/airflow/example_dags/example_task_group_decorator.py took 0.234 seconds
[2023-10-10T18:02:40.833+0000] {processor.py:157} INFO - Started process (PID=4154) to work on /home/airflow/.local/lib/python3.7/site-packages/airflow/example_dags/example_task_group_decorator.py
[2023-10-10T18:02:40.835+0000] {processor.py:826} INFO - Processing file /home/airflow/.local/lib/python3.7/site-packages/airflow/example_dags/example_task_group_decorator.py for tasks to queue
[2023-10-10T18:02:40.838+0000] {logging_mixin.py:150} INFO - [2023-10-10T18:02:40.837+0000] {dagbag.py:541} INFO - Filling up the DagBag from /home/airflow/.local/lib/python3.7/site-packages/airflow/example_dags/example_task_group_decorator.py
[2023-10-10T18:02:40.871+0000] {processor.py:836} INFO - DAG(s) dict_keys(['example_task_group_decorator']) retrieved from /home/airflow/.local/lib/python3.7/site-packages/airflow/example_dags/example_task_group_decorator.py
[2023-10-10T18:02:40.927+0000] {logging_mixin.py:150} INFO - [2023-10-10T18:02:40.927+0000] {dag.py:2742} INFO - Sync 1 DAGs
[2023-10-10T18:02:40.979+0000] {logging_mixin.py:150} INFO - [2023-10-10T18:02:40.979+0000] {dag.py:3508} INFO - Setting next_dagrun for example_task_group_decorator to 2023-10-09T18:02:40.978673+00:00, run_after=2023-10-10T18:02:40.978673+00:00
[2023-10-10T18:02:41.024+0000] {processor.py:179} INFO - Processing /home/airflow/.local/lib/python3.7/site-packages/airflow/example_dags/example_task_group_decorator.py took 0.198 seconds
[2023-10-10T18:03:11.642+0000] {processor.py:157} INFO - Started process (PID=4234) to work on /home/airflow/.local/lib/python3.7/site-packages/airflow/example_dags/example_task_group_decorator.py
[2023-10-10T18:03:11.645+0000] {processor.py:826} INFO - Processing file /home/airflow/.local/lib/python3.7/site-packages/airflow/example_dags/example_task_group_decorator.py for tasks to queue
[2023-10-10T18:03:11.648+0000] {logging_mixin.py:150} INFO - [2023-10-10T18:03:11.647+0000] {dagbag.py:541} INFO - Filling up the DagBag from /home/airflow/.local/lib/python3.7/site-packages/airflow/example_dags/example_task_group_decorator.py
[2023-10-10T18:03:11.679+0000] {processor.py:836} INFO - DAG(s) dict_keys(['example_task_group_decorator']) retrieved from /home/airflow/.local/lib/python3.7/site-packages/airflow/example_dags/example_task_group_decorator.py
[2023-10-10T18:03:11.732+0000] {logging_mixin.py:150} INFO - [2023-10-10T18:03:11.732+0000] {dag.py:2742} INFO - Sync 1 DAGs
[2023-10-10T18:03:11.782+0000] {logging_mixin.py:150} INFO - [2023-10-10T18:03:11.782+0000] {dag.py:3508} INFO - Setting next_dagrun for example_task_group_decorator to 2023-10-09T18:03:11.781761+00:00, run_after=2023-10-10T18:03:11.781761+00:00
[2023-10-10T18:03:11.819+0000] {processor.py:179} INFO - Processing /home/airflow/.local/lib/python3.7/site-packages/airflow/example_dags/example_task_group_decorator.py took 0.183 seconds
[2023-10-10T18:03:42.597+0000] {processor.py:157} INFO - Started process (PID=4324) to work on /home/airflow/.local/lib/python3.7/site-packages/airflow/example_dags/example_task_group_decorator.py
[2023-10-10T18:03:42.600+0000] {processor.py:826} INFO - Processing file /home/airflow/.local/lib/python3.7/site-packages/airflow/example_dags/example_task_group_decorator.py for tasks to queue
[2023-10-10T18:03:42.602+0000] {logging_mixin.py:150} INFO - [2023-10-10T18:03:42.602+0000] {dagbag.py:541} INFO - Filling up the DagBag from /home/airflow/.local/lib/python3.7/site-packages/airflow/example_dags/example_task_group_decorator.py
[2023-10-10T18:03:42.636+0000] {processor.py:836} INFO - DAG(s) dict_keys(['example_task_group_decorator']) retrieved from /home/airflow/.local/lib/python3.7/site-packages/airflow/example_dags/example_task_group_decorator.py
[2023-10-10T18:03:42.698+0000] {logging_mixin.py:150} INFO - [2023-10-10T18:03:42.698+0000] {dag.py:2742} INFO - Sync 1 DAGs
[2023-10-10T18:03:42.746+0000] {logging_mixin.py:150} INFO - [2023-10-10T18:03:42.745+0000] {dag.py:3508} INFO - Setting next_dagrun for example_task_group_decorator to 2023-10-09T18:03:42.745580+00:00, run_after=2023-10-10T18:03:42.745580+00:00
[2023-10-10T18:03:42.785+0000] {processor.py:179} INFO - Processing /home/airflow/.local/lib/python3.7/site-packages/airflow/example_dags/example_task_group_decorator.py took 0.195 seconds
[2023-10-10T18:04:12.848+0000] {processor.py:157} INFO - Started process (PID=4398) to work on /home/airflow/.local/lib/python3.7/site-packages/airflow/example_dags/example_task_group_decorator.py
[2023-10-10T18:04:12.850+0000] {processor.py:826} INFO - Processing file /home/airflow/.local/lib/python3.7/site-packages/airflow/example_dags/example_task_group_decorator.py for tasks to queue
[2023-10-10T18:04:12.852+0000] {logging_mixin.py:150} INFO - [2023-10-10T18:04:12.852+0000] {dagbag.py:541} INFO - Filling up the DagBag from /home/airflow/.local/lib/python3.7/site-packages/airflow/example_dags/example_task_group_decorator.py
[2023-10-10T18:04:12.896+0000] {processor.py:836} INFO - DAG(s) dict_keys(['example_task_group_decorator']) retrieved from /home/airflow/.local/lib/python3.7/site-packages/airflow/example_dags/example_task_group_decorator.py
[2023-10-10T18:04:12.964+0000] {logging_mixin.py:150} INFO - [2023-10-10T18:04:12.963+0000] {dag.py:2742} INFO - Sync 1 DAGs
[2023-10-10T18:04:13.054+0000] {logging_mixin.py:150} INFO - [2023-10-10T18:04:13.053+0000] {dag.py:3508} INFO - Setting next_dagrun for example_task_group_decorator to 2023-10-09T18:04:13.052523+00:00, run_after=2023-10-10T18:04:13.052523+00:00
[2023-10-10T18:04:13.136+0000] {processor.py:179} INFO - Processing /home/airflow/.local/lib/python3.7/site-packages/airflow/example_dags/example_task_group_decorator.py took 0.296 seconds
[2023-10-10T18:04:43.682+0000] {processor.py:157} INFO - Started process (PID=4479) to work on /home/airflow/.local/lib/python3.7/site-packages/airflow/example_dags/example_task_group_decorator.py
[2023-10-10T18:04:43.689+0000] {processor.py:826} INFO - Processing file /home/airflow/.local/lib/python3.7/site-packages/airflow/example_dags/example_task_group_decorator.py for tasks to queue
[2023-10-10T18:04:43.694+0000] {logging_mixin.py:150} INFO - [2023-10-10T18:04:43.693+0000] {dagbag.py:541} INFO - Filling up the DagBag from /home/airflow/.local/lib/python3.7/site-packages/airflow/example_dags/example_task_group_decorator.py
[2023-10-10T18:04:43.776+0000] {processor.py:836} INFO - DAG(s) dict_keys(['example_task_group_decorator']) retrieved from /home/airflow/.local/lib/python3.7/site-packages/airflow/example_dags/example_task_group_decorator.py
[2023-10-10T18:04:43.990+0000] {logging_mixin.py:150} INFO - [2023-10-10T18:04:43.990+0000] {dag.py:2742} INFO - Sync 1 DAGs
[2023-10-10T18:04:44.227+0000] {logging_mixin.py:150} INFO - [2023-10-10T18:04:44.226+0000] {dag.py:3508} INFO - Setting next_dagrun for example_task_group_decorator to 2023-10-09T18:04:44.225029+00:00, run_after=2023-10-10T18:04:44.225029+00:00
[2023-10-10T18:04:44.328+0000] {processor.py:179} INFO - Processing /home/airflow/.local/lib/python3.7/site-packages/airflow/example_dags/example_task_group_decorator.py took 0.668 seconds
[2023-10-10T18:05:14.682+0000] {processor.py:157} INFO - Started process (PID=4560) to work on /home/airflow/.local/lib/python3.7/site-packages/airflow/example_dags/example_task_group_decorator.py
[2023-10-10T18:05:14.689+0000] {processor.py:826} INFO - Processing file /home/airflow/.local/lib/python3.7/site-packages/airflow/example_dags/example_task_group_decorator.py for tasks to queue
[2023-10-10T18:05:14.696+0000] {logging_mixin.py:150} INFO - [2023-10-10T18:05:14.695+0000] {dagbag.py:541} INFO - Filling up the DagBag from /home/airflow/.local/lib/python3.7/site-packages/airflow/example_dags/example_task_group_decorator.py
[2023-10-10T18:05:14.846+0000] {processor.py:836} INFO - DAG(s) dict_keys(['example_task_group_decorator']) retrieved from /home/airflow/.local/lib/python3.7/site-packages/airflow/example_dags/example_task_group_decorator.py
[2023-10-10T18:05:15.066+0000] {logging_mixin.py:150} INFO - [2023-10-10T18:05:15.064+0000] {dag.py:2742} INFO - Sync 1 DAGs
[2023-10-10T18:05:15.227+0000] {logging_mixin.py:150} INFO - [2023-10-10T18:05:15.226+0000] {dag.py:3508} INFO - Setting next_dagrun for example_task_group_decorator to 2023-10-09T18:05:15.225341+00:00, run_after=2023-10-10T18:05:15.225341+00:00
[2023-10-10T18:05:15.355+0000] {processor.py:179} INFO - Processing /home/airflow/.local/lib/python3.7/site-packages/airflow/example_dags/example_task_group_decorator.py took 0.698 seconds
[2023-10-10T18:05:50.853+0000] {processor.py:157} INFO - Started process (PID=4642) to work on /home/airflow/.local/lib/python3.7/site-packages/airflow/example_dags/example_task_group_decorator.py
[2023-10-10T18:05:50.865+0000] {processor.py:826} INFO - Processing file /home/airflow/.local/lib/python3.7/site-packages/airflow/example_dags/example_task_group_decorator.py for tasks to queue
[2023-10-10T18:05:50.873+0000] {logging_mixin.py:150} INFO - [2023-10-10T18:05:50.871+0000] {dagbag.py:541} INFO - Filling up the DagBag from /home/airflow/.local/lib/python3.7/site-packages/airflow/example_dags/example_task_group_decorator.py
[2023-10-10T18:05:50.976+0000] {processor.py:836} INFO - DAG(s) dict_keys(['example_task_group_decorator']) retrieved from /home/airflow/.local/lib/python3.7/site-packages/airflow/example_dags/example_task_group_decorator.py
[2023-10-10T18:05:51.149+0000] {logging_mixin.py:150} INFO - [2023-10-10T18:05:51.148+0000] {dag.py:2742} INFO - Sync 1 DAGs
[2023-10-10T18:05:51.302+0000] {logging_mixin.py:150} INFO - [2023-10-10T18:05:51.301+0000] {dag.py:3508} INFO - Setting next_dagrun for example_task_group_decorator to 2023-10-09T18:05:51.300408+00:00, run_after=2023-10-10T18:05:51.300408+00:00
[2023-10-10T18:05:51.481+0000] {processor.py:179} INFO - Processing /home/airflow/.local/lib/python3.7/site-packages/airflow/example_dags/example_task_group_decorator.py took 0.661 seconds
[2023-10-10T18:06:21.599+0000] {processor.py:157} INFO - Started process (PID=4714) to work on /home/airflow/.local/lib/python3.7/site-packages/airflow/example_dags/example_task_group_decorator.py
[2023-10-10T18:06:21.603+0000] {processor.py:826} INFO - Processing file /home/airflow/.local/lib/python3.7/site-packages/airflow/example_dags/example_task_group_decorator.py for tasks to queue
[2023-10-10T18:06:21.606+0000] {logging_mixin.py:150} INFO - [2023-10-10T18:06:21.606+0000] {dagbag.py:541} INFO - Filling up the DagBag from /home/airflow/.local/lib/python3.7/site-packages/airflow/example_dags/example_task_group_decorator.py
[2023-10-10T18:06:21.653+0000] {processor.py:836} INFO - DAG(s) dict_keys(['example_task_group_decorator']) retrieved from /home/airflow/.local/lib/python3.7/site-packages/airflow/example_dags/example_task_group_decorator.py
[2023-10-10T18:06:21.755+0000] {logging_mixin.py:150} INFO - [2023-10-10T18:06:21.754+0000] {dag.py:2742} INFO - Sync 1 DAGs
[2023-10-10T18:06:21.823+0000] {logging_mixin.py:150} INFO - [2023-10-10T18:06:21.823+0000] {dag.py:3508} INFO - Setting next_dagrun for example_task_group_decorator to 2023-10-09T18:06:21.822988+00:00, run_after=2023-10-10T18:06:21.822988+00:00
[2023-10-10T18:06:21.873+0000] {processor.py:179} INFO - Processing /home/airflow/.local/lib/python3.7/site-packages/airflow/example_dags/example_task_group_decorator.py took 0.283 seconds
