[2023-10-10T17:36:35.049+0000] {processor.py:157} INFO - Started process (PID=70) to work on /home/airflow/.local/lib/python3.7/site-packages/airflow/example_dags/example_short_circuit_operator.py
[2023-10-10T17:36:35.052+0000] {processor.py:826} INFO - Processing file /home/airflow/.local/lib/python3.7/site-packages/airflow/example_dags/example_short_circuit_operator.py for tasks to queue
[2023-10-10T17:36:35.054+0000] {logging_mixin.py:150} INFO - [2023-10-10T17:36:35.054+0000] {dagbag.py:541} INFO - Filling up the DagBag from /home/airflow/.local/lib/python3.7/site-packages/airflow/example_dags/example_short_circuit_operator.py
[2023-10-10T17:36:35.075+0000] {processor.py:836} INFO - DAG(s) dict_keys(['example_short_circuit_operator']) retrieved from /home/airflow/.local/lib/python3.7/site-packages/airflow/example_dags/example_short_circuit_operator.py
[2023-10-10T17:36:35.098+0000] {logging_mixin.py:150} INFO - [2023-10-10T17:36:35.097+0000] {dag.py:2742} INFO - Sync 1 DAGs
[2023-10-10T17:36:35.156+0000] {logging_mixin.py:150} INFO - [2023-10-10T17:36:35.156+0000] {dag.py:3508} INFO - Setting next_dagrun for example_short_circuit_operator to 2023-10-09T17:36:35.155794+00:00, run_after=2023-10-10T17:36:35.155794+00:00
[2023-10-10T17:36:35.187+0000] {processor.py:179} INFO - Processing /home/airflow/.local/lib/python3.7/site-packages/airflow/example_dags/example_short_circuit_operator.py took 0.145 seconds
[2023-10-10T17:37:05.653+0000] {processor.py:157} INFO - Started process (PID=157) to work on /home/airflow/.local/lib/python3.7/site-packages/airflow/example_dags/example_short_circuit_operator.py
[2023-10-10T17:37:05.655+0000] {processor.py:826} INFO - Processing file /home/airflow/.local/lib/python3.7/site-packages/airflow/example_dags/example_short_circuit_operator.py for tasks to queue
[2023-10-10T17:37:05.657+0000] {logging_mixin.py:150} INFO - [2023-10-10T17:37:05.656+0000] {dagbag.py:541} INFO - Filling up the DagBag from /home/airflow/.local/lib/python3.7/site-packages/airflow/example_dags/example_short_circuit_operator.py
[2023-10-10T17:37:05.670+0000] {processor.py:836} INFO - DAG(s) dict_keys(['example_short_circuit_operator']) retrieved from /home/airflow/.local/lib/python3.7/site-packages/airflow/example_dags/example_short_circuit_operator.py
[2023-10-10T17:37:05.710+0000] {logging_mixin.py:150} INFO - [2023-10-10T17:37:05.710+0000] {dag.py:2742} INFO - Sync 1 DAGs
[2023-10-10T17:37:05.740+0000] {logging_mixin.py:150} INFO - [2023-10-10T17:37:05.740+0000] {dag.py:3508} INFO - Setting next_dagrun for example_short_circuit_operator to 2023-10-09T17:37:05.739778+00:00, run_after=2023-10-10T17:37:05.739778+00:00
[2023-10-10T17:37:05.767+0000] {processor.py:179} INFO - Processing /home/airflow/.local/lib/python3.7/site-packages/airflow/example_dags/example_short_circuit_operator.py took 0.120 seconds
[2023-10-10T17:37:35.989+0000] {processor.py:157} INFO - Started process (PID=237) to work on /home/airflow/.local/lib/python3.7/site-packages/airflow/example_dags/example_short_circuit_operator.py
[2023-10-10T17:37:35.992+0000] {processor.py:826} INFO - Processing file /home/airflow/.local/lib/python3.7/site-packages/airflow/example_dags/example_short_circuit_operator.py for tasks to queue
[2023-10-10T17:37:35.993+0000] {logging_mixin.py:150} INFO - [2023-10-10T17:37:35.993+0000] {dagbag.py:541} INFO - Filling up the DagBag from /home/airflow/.local/lib/python3.7/site-packages/airflow/example_dags/example_short_circuit_operator.py
[2023-10-10T17:37:36.006+0000] {processor.py:836} INFO - DAG(s) dict_keys(['example_short_circuit_operator']) retrieved from /home/airflow/.local/lib/python3.7/site-packages/airflow/example_dags/example_short_circuit_operator.py
[2023-10-10T17:37:36.041+0000] {logging_mixin.py:150} INFO - [2023-10-10T17:37:36.040+0000] {dag.py:2742} INFO - Sync 1 DAGs
[2023-10-10T17:37:36.073+0000] {logging_mixin.py:150} INFO - [2023-10-10T17:37:36.073+0000] {dag.py:3508} INFO - Setting next_dagrun for example_short_circuit_operator to 2023-10-09T17:37:36.073113+00:00, run_after=2023-10-10T17:37:36.073113+00:00
[2023-10-10T17:37:36.102+0000] {processor.py:179} INFO - Processing /home/airflow/.local/lib/python3.7/site-packages/airflow/example_dags/example_short_circuit_operator.py took 0.118 seconds
[2023-10-10T17:38:06.537+0000] {processor.py:157} INFO - Started process (PID=326) to work on /home/airflow/.local/lib/python3.7/site-packages/airflow/example_dags/example_short_circuit_operator.py
[2023-10-10T17:38:06.539+0000] {processor.py:826} INFO - Processing file /home/airflow/.local/lib/python3.7/site-packages/airflow/example_dags/example_short_circuit_operator.py for tasks to queue
[2023-10-10T17:38:06.541+0000] {logging_mixin.py:150} INFO - [2023-10-10T17:38:06.541+0000] {dagbag.py:541} INFO - Filling up the DagBag from /home/airflow/.local/lib/python3.7/site-packages/airflow/example_dags/example_short_circuit_operator.py
[2023-10-10T17:38:06.553+0000] {processor.py:836} INFO - DAG(s) dict_keys(['example_short_circuit_operator']) retrieved from /home/airflow/.local/lib/python3.7/site-packages/airflow/example_dags/example_short_circuit_operator.py
[2023-10-10T17:38:06.589+0000] {logging_mixin.py:150} INFO - [2023-10-10T17:38:06.588+0000] {dag.py:2742} INFO - Sync 1 DAGs
[2023-10-10T17:38:06.624+0000] {logging_mixin.py:150} INFO - [2023-10-10T17:38:06.624+0000] {dag.py:3508} INFO - Setting next_dagrun for example_short_circuit_operator to 2023-10-09T17:38:06.624061+00:00, run_after=2023-10-10T17:38:06.624061+00:00
[2023-10-10T17:38:06.654+0000] {processor.py:179} INFO - Processing /home/airflow/.local/lib/python3.7/site-packages/airflow/example_dags/example_short_circuit_operator.py took 0.121 seconds
[2023-10-10T17:38:37.080+0000] {processor.py:157} INFO - Started process (PID=414) to work on /home/airflow/.local/lib/python3.7/site-packages/airflow/example_dags/example_short_circuit_operator.py
[2023-10-10T17:38:37.097+0000] {processor.py:826} INFO - Processing file /home/airflow/.local/lib/python3.7/site-packages/airflow/example_dags/example_short_circuit_operator.py for tasks to queue
[2023-10-10T17:38:37.098+0000] {logging_mixin.py:150} INFO - [2023-10-10T17:38:37.098+0000] {dagbag.py:541} INFO - Filling up the DagBag from /home/airflow/.local/lib/python3.7/site-packages/airflow/example_dags/example_short_circuit_operator.py
[2023-10-10T17:38:37.109+0000] {processor.py:836} INFO - DAG(s) dict_keys(['example_short_circuit_operator']) retrieved from /home/airflow/.local/lib/python3.7/site-packages/airflow/example_dags/example_short_circuit_operator.py
[2023-10-10T17:38:37.175+0000] {logging_mixin.py:150} INFO - [2023-10-10T17:38:37.174+0000] {dag.py:2742} INFO - Sync 1 DAGs
[2023-10-10T17:38:37.216+0000] {logging_mixin.py:150} INFO - [2023-10-10T17:38:37.216+0000] {dag.py:3508} INFO - Setting next_dagrun for example_short_circuit_operator to 2023-10-09T17:38:37.215708+00:00, run_after=2023-10-10T17:38:37.215708+00:00
[2023-10-10T17:38:37.247+0000] {processor.py:179} INFO - Processing /home/airflow/.local/lib/python3.7/site-packages/airflow/example_dags/example_short_circuit_operator.py took 0.172 seconds
[2023-10-10T17:39:07.326+0000] {processor.py:157} INFO - Started process (PID=502) to work on /home/airflow/.local/lib/python3.7/site-packages/airflow/example_dags/example_short_circuit_operator.py
[2023-10-10T17:39:07.328+0000] {processor.py:826} INFO - Processing file /home/airflow/.local/lib/python3.7/site-packages/airflow/example_dags/example_short_circuit_operator.py for tasks to queue
[2023-10-10T17:39:07.330+0000] {logging_mixin.py:150} INFO - [2023-10-10T17:39:07.330+0000] {dagbag.py:541} INFO - Filling up the DagBag from /home/airflow/.local/lib/python3.7/site-packages/airflow/example_dags/example_short_circuit_operator.py
[2023-10-10T17:39:07.346+0000] {processor.py:836} INFO - DAG(s) dict_keys(['example_short_circuit_operator']) retrieved from /home/airflow/.local/lib/python3.7/site-packages/airflow/example_dags/example_short_circuit_operator.py
[2023-10-10T17:39:07.390+0000] {logging_mixin.py:150} INFO - [2023-10-10T17:39:07.389+0000] {dag.py:2742} INFO - Sync 1 DAGs
[2023-10-10T17:39:07.426+0000] {logging_mixin.py:150} INFO - [2023-10-10T17:39:07.426+0000] {dag.py:3508} INFO - Setting next_dagrun for example_short_circuit_operator to 2023-10-09T17:39:07.426014+00:00, run_after=2023-10-10T17:39:07.426014+00:00
[2023-10-10T17:39:07.465+0000] {processor.py:179} INFO - Processing /home/airflow/.local/lib/python3.7/site-packages/airflow/example_dags/example_short_circuit_operator.py took 0.144 seconds
[2023-10-10T17:39:37.923+0000] {processor.py:157} INFO - Started process (PID=582) to work on /home/airflow/.local/lib/python3.7/site-packages/airflow/example_dags/example_short_circuit_operator.py
[2023-10-10T17:39:37.925+0000] {processor.py:826} INFO - Processing file /home/airflow/.local/lib/python3.7/site-packages/airflow/example_dags/example_short_circuit_operator.py for tasks to queue
[2023-10-10T17:39:37.927+0000] {logging_mixin.py:150} INFO - [2023-10-10T17:39:37.926+0000] {dagbag.py:541} INFO - Filling up the DagBag from /home/airflow/.local/lib/python3.7/site-packages/airflow/example_dags/example_short_circuit_operator.py
[2023-10-10T17:39:37.940+0000] {processor.py:836} INFO - DAG(s) dict_keys(['example_short_circuit_operator']) retrieved from /home/airflow/.local/lib/python3.7/site-packages/airflow/example_dags/example_short_circuit_operator.py
[2023-10-10T17:39:37.990+0000] {logging_mixin.py:150} INFO - [2023-10-10T17:39:37.990+0000] {dag.py:2742} INFO - Sync 1 DAGs
[2023-10-10T17:39:38.024+0000] {logging_mixin.py:150} INFO - [2023-10-10T17:39:38.024+0000] {dag.py:3508} INFO - Setting next_dagrun for example_short_circuit_operator to 2023-10-09T17:39:38.023785+00:00, run_after=2023-10-10T17:39:38.023785+00:00
[2023-10-10T17:39:38.049+0000] {processor.py:179} INFO - Processing /home/airflow/.local/lib/python3.7/site-packages/airflow/example_dags/example_short_circuit_operator.py took 0.131 seconds
[2023-10-10T17:40:08.506+0000] {processor.py:157} INFO - Started process (PID=671) to work on /home/airflow/.local/lib/python3.7/site-packages/airflow/example_dags/example_short_circuit_operator.py
[2023-10-10T17:40:08.508+0000] {processor.py:826} INFO - Processing file /home/airflow/.local/lib/python3.7/site-packages/airflow/example_dags/example_short_circuit_operator.py for tasks to queue
[2023-10-10T17:40:08.510+0000] {logging_mixin.py:150} INFO - [2023-10-10T17:40:08.510+0000] {dagbag.py:541} INFO - Filling up the DagBag from /home/airflow/.local/lib/python3.7/site-packages/airflow/example_dags/example_short_circuit_operator.py
[2023-10-10T17:40:08.524+0000] {processor.py:836} INFO - DAG(s) dict_keys(['example_short_circuit_operator']) retrieved from /home/airflow/.local/lib/python3.7/site-packages/airflow/example_dags/example_short_circuit_operator.py
[2023-10-10T17:40:08.562+0000] {logging_mixin.py:150} INFO - [2023-10-10T17:40:08.562+0000] {dag.py:2742} INFO - Sync 1 DAGs
[2023-10-10T17:40:08.594+0000] {logging_mixin.py:150} INFO - [2023-10-10T17:40:08.594+0000] {dag.py:3508} INFO - Setting next_dagrun for example_short_circuit_operator to 2023-10-09T17:40:08.594441+00:00, run_after=2023-10-10T17:40:08.594441+00:00
[2023-10-10T17:40:08.618+0000] {processor.py:179} INFO - Processing /home/airflow/.local/lib/python3.7/site-packages/airflow/example_dags/example_short_circuit_operator.py took 0.118 seconds
[2023-10-10T17:40:38.882+0000] {processor.py:157} INFO - Started process (PID=751) to work on /home/airflow/.local/lib/python3.7/site-packages/airflow/example_dags/example_short_circuit_operator.py
[2023-10-10T17:40:38.884+0000] {processor.py:826} INFO - Processing file /home/airflow/.local/lib/python3.7/site-packages/airflow/example_dags/example_short_circuit_operator.py for tasks to queue
[2023-10-10T17:40:38.886+0000] {logging_mixin.py:150} INFO - [2023-10-10T17:40:38.886+0000] {dagbag.py:541} INFO - Filling up the DagBag from /home/airflow/.local/lib/python3.7/site-packages/airflow/example_dags/example_short_circuit_operator.py
[2023-10-10T17:40:38.902+0000] {processor.py:836} INFO - DAG(s) dict_keys(['example_short_circuit_operator']) retrieved from /home/airflow/.local/lib/python3.7/site-packages/airflow/example_dags/example_short_circuit_operator.py
[2023-10-10T17:40:38.942+0000] {logging_mixin.py:150} INFO - [2023-10-10T17:40:38.942+0000] {dag.py:2742} INFO - Sync 1 DAGs
[2023-10-10T17:40:38.975+0000] {logging_mixin.py:150} INFO - [2023-10-10T17:40:38.975+0000] {dag.py:3508} INFO - Setting next_dagrun for example_short_circuit_operator to 2023-10-09T17:40:38.974771+00:00, run_after=2023-10-10T17:40:38.974771+00:00
[2023-10-10T17:40:38.998+0000] {processor.py:179} INFO - Processing /home/airflow/.local/lib/python3.7/site-packages/airflow/example_dags/example_short_circuit_operator.py took 0.122 seconds
[2023-10-10T17:41:09.142+0000] {processor.py:157} INFO - Started process (PID=840) to work on /home/airflow/.local/lib/python3.7/site-packages/airflow/example_dags/example_short_circuit_operator.py
[2023-10-10T17:41:09.145+0000] {processor.py:826} INFO - Processing file /home/airflow/.local/lib/python3.7/site-packages/airflow/example_dags/example_short_circuit_operator.py for tasks to queue
[2023-10-10T17:41:09.146+0000] {logging_mixin.py:150} INFO - [2023-10-10T17:41:09.146+0000] {dagbag.py:541} INFO - Filling up the DagBag from /home/airflow/.local/lib/python3.7/site-packages/airflow/example_dags/example_short_circuit_operator.py
[2023-10-10T17:41:09.159+0000] {processor.py:836} INFO - DAG(s) dict_keys(['example_short_circuit_operator']) retrieved from /home/airflow/.local/lib/python3.7/site-packages/airflow/example_dags/example_short_circuit_operator.py
[2023-10-10T17:41:09.200+0000] {logging_mixin.py:150} INFO - [2023-10-10T17:41:09.200+0000] {dag.py:2742} INFO - Sync 1 DAGs
[2023-10-10T17:41:09.239+0000] {logging_mixin.py:150} INFO - [2023-10-10T17:41:09.238+0000] {dag.py:3508} INFO - Setting next_dagrun for example_short_circuit_operator to 2023-10-09T17:41:09.238524+00:00, run_after=2023-10-10T17:41:09.238524+00:00
[2023-10-10T17:41:09.267+0000] {processor.py:179} INFO - Processing /home/airflow/.local/lib/python3.7/site-packages/airflow/example_dags/example_short_circuit_operator.py took 0.130 seconds
[2023-10-10T17:41:39.888+0000] {processor.py:157} INFO - Started process (PID=921) to work on /home/airflow/.local/lib/python3.7/site-packages/airflow/example_dags/example_short_circuit_operator.py
[2023-10-10T17:41:39.891+0000] {processor.py:826} INFO - Processing file /home/airflow/.local/lib/python3.7/site-packages/airflow/example_dags/example_short_circuit_operator.py for tasks to queue
[2023-10-10T17:41:39.893+0000] {logging_mixin.py:150} INFO - [2023-10-10T17:41:39.892+0000] {dagbag.py:541} INFO - Filling up the DagBag from /home/airflow/.local/lib/python3.7/site-packages/airflow/example_dags/example_short_circuit_operator.py
[2023-10-10T17:41:39.907+0000] {processor.py:836} INFO - DAG(s) dict_keys(['example_short_circuit_operator']) retrieved from /home/airflow/.local/lib/python3.7/site-packages/airflow/example_dags/example_short_circuit_operator.py
[2023-10-10T17:41:39.947+0000] {logging_mixin.py:150} INFO - [2023-10-10T17:41:39.946+0000] {dag.py:2742} INFO - Sync 1 DAGs
[2023-10-10T17:41:39.998+0000] {logging_mixin.py:150} INFO - [2023-10-10T17:41:39.998+0000] {dag.py:3508} INFO - Setting next_dagrun for example_short_circuit_operator to 2023-10-09T17:41:39.998158+00:00, run_after=2023-10-10T17:41:39.998158+00:00
[2023-10-10T17:41:40.043+0000] {processor.py:179} INFO - Processing /home/airflow/.local/lib/python3.7/site-packages/airflow/example_dags/example_short_circuit_operator.py took 0.160 seconds
[2023-10-10T17:42:10.130+0000] {processor.py:157} INFO - Started process (PID=1001) to work on /home/airflow/.local/lib/python3.7/site-packages/airflow/example_dags/example_short_circuit_operator.py
[2023-10-10T17:42:10.132+0000] {processor.py:826} INFO - Processing file /home/airflow/.local/lib/python3.7/site-packages/airflow/example_dags/example_short_circuit_operator.py for tasks to queue
[2023-10-10T17:42:10.134+0000] {logging_mixin.py:150} INFO - [2023-10-10T17:42:10.134+0000] {dagbag.py:541} INFO - Filling up the DagBag from /home/airflow/.local/lib/python3.7/site-packages/airflow/example_dags/example_short_circuit_operator.py
[2023-10-10T17:42:10.148+0000] {processor.py:836} INFO - DAG(s) dict_keys(['example_short_circuit_operator']) retrieved from /home/airflow/.local/lib/python3.7/site-packages/airflow/example_dags/example_short_circuit_operator.py
[2023-10-10T17:42:10.194+0000] {logging_mixin.py:150} INFO - [2023-10-10T17:42:10.193+0000] {dag.py:2742} INFO - Sync 1 DAGs
[2023-10-10T17:42:10.236+0000] {logging_mixin.py:150} INFO - [2023-10-10T17:42:10.235+0000] {dag.py:3508} INFO - Setting next_dagrun for example_short_circuit_operator to 2023-10-09T17:42:10.235363+00:00, run_after=2023-10-10T17:42:10.235363+00:00
[2023-10-10T17:42:10.273+0000] {processor.py:179} INFO - Processing /home/airflow/.local/lib/python3.7/site-packages/airflow/example_dags/example_short_circuit_operator.py took 0.149 seconds
[2023-10-10T17:42:40.471+0000] {processor.py:157} INFO - Started process (PID=1091) to work on /home/airflow/.local/lib/python3.7/site-packages/airflow/example_dags/example_short_circuit_operator.py
[2023-10-10T17:42:40.473+0000] {processor.py:826} INFO - Processing file /home/airflow/.local/lib/python3.7/site-packages/airflow/example_dags/example_short_circuit_operator.py for tasks to queue
[2023-10-10T17:42:40.475+0000] {logging_mixin.py:150} INFO - [2023-10-10T17:42:40.475+0000] {dagbag.py:541} INFO - Filling up the DagBag from /home/airflow/.local/lib/python3.7/site-packages/airflow/example_dags/example_short_circuit_operator.py
[2023-10-10T17:42:40.488+0000] {processor.py:836} INFO - DAG(s) dict_keys(['example_short_circuit_operator']) retrieved from /home/airflow/.local/lib/python3.7/site-packages/airflow/example_dags/example_short_circuit_operator.py
[2023-10-10T17:42:40.532+0000] {logging_mixin.py:150} INFO - [2023-10-10T17:42:40.532+0000] {dag.py:2742} INFO - Sync 1 DAGs
[2023-10-10T17:42:40.576+0000] {logging_mixin.py:150} INFO - [2023-10-10T17:42:40.575+0000] {dag.py:3508} INFO - Setting next_dagrun for example_short_circuit_operator to 2023-10-09T17:42:40.575613+00:00, run_after=2023-10-10T17:42:40.575613+00:00
[2023-10-10T17:42:40.608+0000] {processor.py:179} INFO - Processing /home/airflow/.local/lib/python3.7/site-packages/airflow/example_dags/example_short_circuit_operator.py took 0.142 seconds
[2023-10-10T17:43:10.848+0000] {processor.py:157} INFO - Started process (PID=1171) to work on /home/airflow/.local/lib/python3.7/site-packages/airflow/example_dags/example_short_circuit_operator.py
[2023-10-10T17:43:10.850+0000] {processor.py:826} INFO - Processing file /home/airflow/.local/lib/python3.7/site-packages/airflow/example_dags/example_short_circuit_operator.py for tasks to queue
[2023-10-10T17:43:10.851+0000] {logging_mixin.py:150} INFO - [2023-10-10T17:43:10.851+0000] {dagbag.py:541} INFO - Filling up the DagBag from /home/airflow/.local/lib/python3.7/site-packages/airflow/example_dags/example_short_circuit_operator.py
[2023-10-10T17:43:10.863+0000] {processor.py:836} INFO - DAG(s) dict_keys(['example_short_circuit_operator']) retrieved from /home/airflow/.local/lib/python3.7/site-packages/airflow/example_dags/example_short_circuit_operator.py
[2023-10-10T17:43:10.901+0000] {logging_mixin.py:150} INFO - [2023-10-10T17:43:10.901+0000] {dag.py:2742} INFO - Sync 1 DAGs
[2023-10-10T17:43:10.937+0000] {logging_mixin.py:150} INFO - [2023-10-10T17:43:10.937+0000] {dag.py:3508} INFO - Setting next_dagrun for example_short_circuit_operator to 2023-10-09T17:43:10.936801+00:00, run_after=2023-10-10T17:43:10.936801+00:00
[2023-10-10T17:43:10.966+0000] {processor.py:179} INFO - Processing /home/airflow/.local/lib/python3.7/site-packages/airflow/example_dags/example_short_circuit_operator.py took 0.123 seconds
[2023-10-10T17:43:41.048+0000] {processor.py:157} INFO - Started process (PID=1260) to work on /home/airflow/.local/lib/python3.7/site-packages/airflow/example_dags/example_short_circuit_operator.py
[2023-10-10T17:43:41.051+0000] {processor.py:826} INFO - Processing file /home/airflow/.local/lib/python3.7/site-packages/airflow/example_dags/example_short_circuit_operator.py for tasks to queue
[2023-10-10T17:43:41.053+0000] {logging_mixin.py:150} INFO - [2023-10-10T17:43:41.052+0000] {dagbag.py:541} INFO - Filling up the DagBag from /home/airflow/.local/lib/python3.7/site-packages/airflow/example_dags/example_short_circuit_operator.py
[2023-10-10T17:43:41.076+0000] {processor.py:836} INFO - DAG(s) dict_keys(['example_short_circuit_operator']) retrieved from /home/airflow/.local/lib/python3.7/site-packages/airflow/example_dags/example_short_circuit_operator.py
[2023-10-10T17:43:41.118+0000] {logging_mixin.py:150} INFO - [2023-10-10T17:43:41.117+0000] {dag.py:2742} INFO - Sync 1 DAGs
[2023-10-10T17:43:41.151+0000] {logging_mixin.py:150} INFO - [2023-10-10T17:43:41.151+0000] {dag.py:3508} INFO - Setting next_dagrun for example_short_circuit_operator to 2023-10-09T17:43:41.151439+00:00, run_after=2023-10-10T17:43:41.151439+00:00
[2023-10-10T17:43:41.188+0000] {processor.py:179} INFO - Processing /home/airflow/.local/lib/python3.7/site-packages/airflow/example_dags/example_short_circuit_operator.py took 0.147 seconds
[2023-10-10T17:44:11.403+0000] {processor.py:157} INFO - Started process (PID=1340) to work on /home/airflow/.local/lib/python3.7/site-packages/airflow/example_dags/example_short_circuit_operator.py
[2023-10-10T17:44:11.405+0000] {processor.py:826} INFO - Processing file /home/airflow/.local/lib/python3.7/site-packages/airflow/example_dags/example_short_circuit_operator.py for tasks to queue
[2023-10-10T17:44:11.407+0000] {logging_mixin.py:150} INFO - [2023-10-10T17:44:11.407+0000] {dagbag.py:541} INFO - Filling up the DagBag from /home/airflow/.local/lib/python3.7/site-packages/airflow/example_dags/example_short_circuit_operator.py
[2023-10-10T17:44:11.422+0000] {processor.py:836} INFO - DAG(s) dict_keys(['example_short_circuit_operator']) retrieved from /home/airflow/.local/lib/python3.7/site-packages/airflow/example_dags/example_short_circuit_operator.py
[2023-10-10T17:44:11.468+0000] {logging_mixin.py:150} INFO - [2023-10-10T17:44:11.468+0000] {dag.py:2742} INFO - Sync 1 DAGs
[2023-10-10T17:44:11.507+0000] {logging_mixin.py:150} INFO - [2023-10-10T17:44:11.507+0000] {dag.py:3508} INFO - Setting next_dagrun for example_short_circuit_operator to 2023-10-09T17:44:11.507026+00:00, run_after=2023-10-10T17:44:11.507026+00:00
[2023-10-10T17:44:11.538+0000] {processor.py:179} INFO - Processing /home/airflow/.local/lib/python3.7/site-packages/airflow/example_dags/example_short_circuit_operator.py took 0.141 seconds
[2023-10-10T17:44:41.758+0000] {processor.py:157} INFO - Started process (PID=1429) to work on /home/airflow/.local/lib/python3.7/site-packages/airflow/example_dags/example_short_circuit_operator.py
[2023-10-10T17:44:41.761+0000] {processor.py:826} INFO - Processing file /home/airflow/.local/lib/python3.7/site-packages/airflow/example_dags/example_short_circuit_operator.py for tasks to queue
[2023-10-10T17:44:41.763+0000] {logging_mixin.py:150} INFO - [2023-10-10T17:44:41.763+0000] {dagbag.py:541} INFO - Filling up the DagBag from /home/airflow/.local/lib/python3.7/site-packages/airflow/example_dags/example_short_circuit_operator.py
[2023-10-10T17:44:41.780+0000] {processor.py:836} INFO - DAG(s) dict_keys(['example_short_circuit_operator']) retrieved from /home/airflow/.local/lib/python3.7/site-packages/airflow/example_dags/example_short_circuit_operator.py
[2023-10-10T17:44:41.824+0000] {logging_mixin.py:150} INFO - [2023-10-10T17:44:41.824+0000] {dag.py:2742} INFO - Sync 1 DAGs
[2023-10-10T17:44:41.866+0000] {logging_mixin.py:150} INFO - [2023-10-10T17:44:41.866+0000] {dag.py:3508} INFO - Setting next_dagrun for example_short_circuit_operator to 2023-10-09T17:44:41.866203+00:00, run_after=2023-10-10T17:44:41.866203+00:00
[2023-10-10T17:44:41.902+0000] {processor.py:179} INFO - Processing /home/airflow/.local/lib/python3.7/site-packages/airflow/example_dags/example_short_circuit_operator.py took 0.151 seconds
[2023-10-10T17:45:12.076+0000] {processor.py:157} INFO - Started process (PID=1509) to work on /home/airflow/.local/lib/python3.7/site-packages/airflow/example_dags/example_short_circuit_operator.py
[2023-10-10T17:45:12.078+0000] {processor.py:826} INFO - Processing file /home/airflow/.local/lib/python3.7/site-packages/airflow/example_dags/example_short_circuit_operator.py for tasks to queue
[2023-10-10T17:45:12.080+0000] {logging_mixin.py:150} INFO - [2023-10-10T17:45:12.080+0000] {dagbag.py:541} INFO - Filling up the DagBag from /home/airflow/.local/lib/python3.7/site-packages/airflow/example_dags/example_short_circuit_operator.py
[2023-10-10T17:45:12.091+0000] {processor.py:836} INFO - DAG(s) dict_keys(['example_short_circuit_operator']) retrieved from /home/airflow/.local/lib/python3.7/site-packages/airflow/example_dags/example_short_circuit_operator.py
[2023-10-10T17:45:12.125+0000] {logging_mixin.py:150} INFO - [2023-10-10T17:45:12.125+0000] {dag.py:2742} INFO - Sync 1 DAGs
[2023-10-10T17:45:12.155+0000] {logging_mixin.py:150} INFO - [2023-10-10T17:45:12.155+0000] {dag.py:3508} INFO - Setting next_dagrun for example_short_circuit_operator to 2023-10-09T17:45:12.155040+00:00, run_after=2023-10-10T17:45:12.155040+00:00
[2023-10-10T17:45:12.175+0000] {processor.py:179} INFO - Processing /home/airflow/.local/lib/python3.7/site-packages/airflow/example_dags/example_short_circuit_operator.py took 0.104 seconds
[2023-10-10T17:45:42.498+0000] {processor.py:157} INFO - Started process (PID=1589) to work on /home/airflow/.local/lib/python3.7/site-packages/airflow/example_dags/example_short_circuit_operator.py
[2023-10-10T17:45:42.500+0000] {processor.py:826} INFO - Processing file /home/airflow/.local/lib/python3.7/site-packages/airflow/example_dags/example_short_circuit_operator.py for tasks to queue
[2023-10-10T17:45:42.502+0000] {logging_mixin.py:150} INFO - [2023-10-10T17:45:42.501+0000] {dagbag.py:541} INFO - Filling up the DagBag from /home/airflow/.local/lib/python3.7/site-packages/airflow/example_dags/example_short_circuit_operator.py
[2023-10-10T17:45:42.515+0000] {processor.py:836} INFO - DAG(s) dict_keys(['example_short_circuit_operator']) retrieved from /home/airflow/.local/lib/python3.7/site-packages/airflow/example_dags/example_short_circuit_operator.py
[2023-10-10T17:45:42.555+0000] {logging_mixin.py:150} INFO - [2023-10-10T17:45:42.555+0000] {dag.py:2742} INFO - Sync 1 DAGs
[2023-10-10T17:45:42.597+0000] {logging_mixin.py:150} INFO - [2023-10-10T17:45:42.597+0000] {dag.py:3508} INFO - Setting next_dagrun for example_short_circuit_operator to 2023-10-09T17:45:42.596766+00:00, run_after=2023-10-10T17:45:42.596766+00:00
[2023-10-10T17:45:42.624+0000] {processor.py:179} INFO - Processing /home/airflow/.local/lib/python3.7/site-packages/airflow/example_dags/example_short_circuit_operator.py took 0.133 seconds
[2023-10-10T17:46:12.706+0000] {processor.py:157} INFO - Started process (PID=1678) to work on /home/airflow/.local/lib/python3.7/site-packages/airflow/example_dags/example_short_circuit_operator.py
[2023-10-10T17:46:12.708+0000] {processor.py:826} INFO - Processing file /home/airflow/.local/lib/python3.7/site-packages/airflow/example_dags/example_short_circuit_operator.py for tasks to queue
[2023-10-10T17:46:12.710+0000] {logging_mixin.py:150} INFO - [2023-10-10T17:46:12.710+0000] {dagbag.py:541} INFO - Filling up the DagBag from /home/airflow/.local/lib/python3.7/site-packages/airflow/example_dags/example_short_circuit_operator.py
[2023-10-10T17:46:12.724+0000] {processor.py:836} INFO - DAG(s) dict_keys(['example_short_circuit_operator']) retrieved from /home/airflow/.local/lib/python3.7/site-packages/airflow/example_dags/example_short_circuit_operator.py
[2023-10-10T17:46:12.765+0000] {logging_mixin.py:150} INFO - [2023-10-10T17:46:12.765+0000] {dag.py:2742} INFO - Sync 1 DAGs
[2023-10-10T17:46:12.809+0000] {logging_mixin.py:150} INFO - [2023-10-10T17:46:12.809+0000] {dag.py:3508} INFO - Setting next_dagrun for example_short_circuit_operator to 2023-10-09T17:46:12.809251+00:00, run_after=2023-10-10T17:46:12.809251+00:00
[2023-10-10T17:46:12.884+0000] {processor.py:179} INFO - Processing /home/airflow/.local/lib/python3.7/site-packages/airflow/example_dags/example_short_circuit_operator.py took 0.184 seconds
[2023-10-10T17:46:43.233+0000] {processor.py:157} INFO - Started process (PID=1758) to work on /home/airflow/.local/lib/python3.7/site-packages/airflow/example_dags/example_short_circuit_operator.py
[2023-10-10T17:46:43.237+0000] {processor.py:826} INFO - Processing file /home/airflow/.local/lib/python3.7/site-packages/airflow/example_dags/example_short_circuit_operator.py for tasks to queue
[2023-10-10T17:46:43.239+0000] {logging_mixin.py:150} INFO - [2023-10-10T17:46:43.239+0000] {dagbag.py:541} INFO - Filling up the DagBag from /home/airflow/.local/lib/python3.7/site-packages/airflow/example_dags/example_short_circuit_operator.py
[2023-10-10T17:46:43.255+0000] {processor.py:836} INFO - DAG(s) dict_keys(['example_short_circuit_operator']) retrieved from /home/airflow/.local/lib/python3.7/site-packages/airflow/example_dags/example_short_circuit_operator.py
[2023-10-10T17:46:43.300+0000] {logging_mixin.py:150} INFO - [2023-10-10T17:46:43.300+0000] {dag.py:2742} INFO - Sync 1 DAGs
[2023-10-10T17:46:43.339+0000] {logging_mixin.py:150} INFO - [2023-10-10T17:46:43.339+0000] {dag.py:3508} INFO - Setting next_dagrun for example_short_circuit_operator to 2023-10-09T17:46:43.338846+00:00, run_after=2023-10-10T17:46:43.338846+00:00
[2023-10-10T17:46:43.367+0000] {processor.py:179} INFO - Processing /home/airflow/.local/lib/python3.7/site-packages/airflow/example_dags/example_short_circuit_operator.py took 0.139 seconds
[2023-10-10T17:47:13.539+0000] {processor.py:157} INFO - Started process (PID=1847) to work on /home/airflow/.local/lib/python3.7/site-packages/airflow/example_dags/example_short_circuit_operator.py
[2023-10-10T17:47:13.541+0000] {processor.py:826} INFO - Processing file /home/airflow/.local/lib/python3.7/site-packages/airflow/example_dags/example_short_circuit_operator.py for tasks to queue
[2023-10-10T17:47:13.542+0000] {logging_mixin.py:150} INFO - [2023-10-10T17:47:13.542+0000] {dagbag.py:541} INFO - Filling up the DagBag from /home/airflow/.local/lib/python3.7/site-packages/airflow/example_dags/example_short_circuit_operator.py
[2023-10-10T17:47:13.554+0000] {processor.py:836} INFO - DAG(s) dict_keys(['example_short_circuit_operator']) retrieved from /home/airflow/.local/lib/python3.7/site-packages/airflow/example_dags/example_short_circuit_operator.py
[2023-10-10T17:47:13.592+0000] {logging_mixin.py:150} INFO - [2023-10-10T17:47:13.592+0000] {dag.py:2742} INFO - Sync 1 DAGs
[2023-10-10T17:47:13.651+0000] {logging_mixin.py:150} INFO - [2023-10-10T17:47:13.651+0000] {dag.py:3508} INFO - Setting next_dagrun for example_short_circuit_operator to 2023-10-09T17:47:13.651227+00:00, run_after=2023-10-10T17:47:13.651227+00:00
[2023-10-10T17:47:13.679+0000] {processor.py:179} INFO - Processing /home/airflow/.local/lib/python3.7/site-packages/airflow/example_dags/example_short_circuit_operator.py took 0.145 seconds
[2023-10-10T17:47:43.859+0000] {processor.py:157} INFO - Started process (PID=1927) to work on /home/airflow/.local/lib/python3.7/site-packages/airflow/example_dags/example_short_circuit_operator.py
[2023-10-10T17:47:43.862+0000] {processor.py:826} INFO - Processing file /home/airflow/.local/lib/python3.7/site-packages/airflow/example_dags/example_short_circuit_operator.py for tasks to queue
[2023-10-10T17:47:43.866+0000] {logging_mixin.py:150} INFO - [2023-10-10T17:47:43.864+0000] {dagbag.py:541} INFO - Filling up the DagBag from /home/airflow/.local/lib/python3.7/site-packages/airflow/example_dags/example_short_circuit_operator.py
[2023-10-10T17:47:43.887+0000] {processor.py:836} INFO - DAG(s) dict_keys(['example_short_circuit_operator']) retrieved from /home/airflow/.local/lib/python3.7/site-packages/airflow/example_dags/example_short_circuit_operator.py
[2023-10-10T17:47:43.935+0000] {logging_mixin.py:150} INFO - [2023-10-10T17:47:43.935+0000] {dag.py:2742} INFO - Sync 1 DAGs
[2023-10-10T17:47:43.974+0000] {logging_mixin.py:150} INFO - [2023-10-10T17:47:43.973+0000] {dag.py:3508} INFO - Setting next_dagrun for example_short_circuit_operator to 2023-10-09T17:47:43.973497+00:00, run_after=2023-10-10T17:47:43.973497+00:00
[2023-10-10T17:47:44.008+0000] {processor.py:179} INFO - Processing /home/airflow/.local/lib/python3.7/site-packages/airflow/example_dags/example_short_circuit_operator.py took 0.156 seconds
[2023-10-10T17:48:15.273+0000] {processor.py:157} INFO - Started process (PID=2016) to work on /home/airflow/.local/lib/python3.7/site-packages/airflow/example_dags/example_short_circuit_operator.py
[2023-10-10T17:48:15.275+0000] {processor.py:826} INFO - Processing file /home/airflow/.local/lib/python3.7/site-packages/airflow/example_dags/example_short_circuit_operator.py for tasks to queue
[2023-10-10T17:48:15.276+0000] {logging_mixin.py:150} INFO - [2023-10-10T17:48:15.276+0000] {dagbag.py:541} INFO - Filling up the DagBag from /home/airflow/.local/lib/python3.7/site-packages/airflow/example_dags/example_short_circuit_operator.py
[2023-10-10T17:48:15.287+0000] {processor.py:836} INFO - DAG(s) dict_keys(['example_short_circuit_operator']) retrieved from /home/airflow/.local/lib/python3.7/site-packages/airflow/example_dags/example_short_circuit_operator.py
[2023-10-10T17:48:15.320+0000] {logging_mixin.py:150} INFO - [2023-10-10T17:48:15.320+0000] {dag.py:2742} INFO - Sync 1 DAGs
[2023-10-10T17:48:15.353+0000] {logging_mixin.py:150} INFO - [2023-10-10T17:48:15.353+0000] {dag.py:3508} INFO - Setting next_dagrun for example_short_circuit_operator to 2023-10-09T17:48:15.352735+00:00, run_after=2023-10-10T17:48:15.352735+00:00
[2023-10-10T17:48:15.376+0000] {processor.py:179} INFO - Processing /home/airflow/.local/lib/python3.7/site-packages/airflow/example_dags/example_short_circuit_operator.py took 0.107 seconds
[2023-10-10T17:48:46.167+0000] {processor.py:157} INFO - Started process (PID=2099) to work on /home/airflow/.local/lib/python3.7/site-packages/airflow/example_dags/example_short_circuit_operator.py
[2023-10-10T17:48:46.169+0000] {processor.py:826} INFO - Processing file /home/airflow/.local/lib/python3.7/site-packages/airflow/example_dags/example_short_circuit_operator.py for tasks to queue
[2023-10-10T17:48:46.172+0000] {logging_mixin.py:150} INFO - [2023-10-10T17:48:46.171+0000] {dagbag.py:541} INFO - Filling up the DagBag from /home/airflow/.local/lib/python3.7/site-packages/airflow/example_dags/example_short_circuit_operator.py
[2023-10-10T17:48:46.190+0000] {processor.py:836} INFO - DAG(s) dict_keys(['example_short_circuit_operator']) retrieved from /home/airflow/.local/lib/python3.7/site-packages/airflow/example_dags/example_short_circuit_operator.py
[2023-10-10T17:48:46.245+0000] {logging_mixin.py:150} INFO - [2023-10-10T17:48:46.245+0000] {dag.py:2742} INFO - Sync 1 DAGs
[2023-10-10T17:48:46.289+0000] {logging_mixin.py:150} INFO - [2023-10-10T17:48:46.289+0000] {dag.py:3508} INFO - Setting next_dagrun for example_short_circuit_operator to 2023-10-09T17:48:46.288614+00:00, run_after=2023-10-10T17:48:46.288614+00:00
[2023-10-10T17:48:46.329+0000] {processor.py:179} INFO - Processing /home/airflow/.local/lib/python3.7/site-packages/airflow/example_dags/example_short_circuit_operator.py took 0.168 seconds
[2023-10-10T17:49:16.489+0000] {processor.py:157} INFO - Started process (PID=2192) to work on /home/airflow/.local/lib/python3.7/site-packages/airflow/example_dags/example_short_circuit_operator.py
[2023-10-10T17:49:16.491+0000] {processor.py:826} INFO - Processing file /home/airflow/.local/lib/python3.7/site-packages/airflow/example_dags/example_short_circuit_operator.py for tasks to queue
[2023-10-10T17:49:16.492+0000] {logging_mixin.py:150} INFO - [2023-10-10T17:49:16.492+0000] {dagbag.py:541} INFO - Filling up the DagBag from /home/airflow/.local/lib/python3.7/site-packages/airflow/example_dags/example_short_circuit_operator.py
[2023-10-10T17:49:16.506+0000] {processor.py:836} INFO - DAG(s) dict_keys(['example_short_circuit_operator']) retrieved from /home/airflow/.local/lib/python3.7/site-packages/airflow/example_dags/example_short_circuit_operator.py
[2023-10-10T17:49:16.554+0000] {logging_mixin.py:150} INFO - [2023-10-10T17:49:16.554+0000] {dag.py:2742} INFO - Sync 1 DAGs
[2023-10-10T17:49:16.605+0000] {logging_mixin.py:150} INFO - [2023-10-10T17:49:16.605+0000] {dag.py:3508} INFO - Setting next_dagrun for example_short_circuit_operator to 2023-10-09T17:49:16.604954+00:00, run_after=2023-10-10T17:49:16.604954+00:00
[2023-10-10T17:49:16.646+0000] {processor.py:179} INFO - Processing /home/airflow/.local/lib/python3.7/site-packages/airflow/example_dags/example_short_circuit_operator.py took 0.163 seconds
[2023-10-10T17:49:47.271+0000] {processor.py:157} INFO - Started process (PID=2272) to work on /home/airflow/.local/lib/python3.7/site-packages/airflow/example_dags/example_short_circuit_operator.py
[2023-10-10T17:49:47.273+0000] {processor.py:826} INFO - Processing file /home/airflow/.local/lib/python3.7/site-packages/airflow/example_dags/example_short_circuit_operator.py for tasks to queue
[2023-10-10T17:49:47.275+0000] {logging_mixin.py:150} INFO - [2023-10-10T17:49:47.274+0000] {dagbag.py:541} INFO - Filling up the DagBag from /home/airflow/.local/lib/python3.7/site-packages/airflow/example_dags/example_short_circuit_operator.py
[2023-10-10T17:49:47.287+0000] {processor.py:836} INFO - DAG(s) dict_keys(['example_short_circuit_operator']) retrieved from /home/airflow/.local/lib/python3.7/site-packages/airflow/example_dags/example_short_circuit_operator.py
[2023-10-10T17:49:47.324+0000] {logging_mixin.py:150} INFO - [2023-10-10T17:49:47.324+0000] {dag.py:2742} INFO - Sync 1 DAGs
[2023-10-10T17:49:47.360+0000] {logging_mixin.py:150} INFO - [2023-10-10T17:49:47.360+0000] {dag.py:3508} INFO - Setting next_dagrun for example_short_circuit_operator to 2023-10-09T17:49:47.360422+00:00, run_after=2023-10-10T17:49:47.360422+00:00
[2023-10-10T17:49:47.383+0000] {processor.py:179} INFO - Processing /home/airflow/.local/lib/python3.7/site-packages/airflow/example_dags/example_short_circuit_operator.py took 0.117 seconds
[2023-10-10T17:50:17.752+0000] {processor.py:157} INFO - Started process (PID=2362) to work on /home/airflow/.local/lib/python3.7/site-packages/airflow/example_dags/example_short_circuit_operator.py
[2023-10-10T17:50:17.756+0000] {processor.py:826} INFO - Processing file /home/airflow/.local/lib/python3.7/site-packages/airflow/example_dags/example_short_circuit_operator.py for tasks to queue
[2023-10-10T17:50:17.758+0000] {logging_mixin.py:150} INFO - [2023-10-10T17:50:17.758+0000] {dagbag.py:541} INFO - Filling up the DagBag from /home/airflow/.local/lib/python3.7/site-packages/airflow/example_dags/example_short_circuit_operator.py
[2023-10-10T17:50:17.777+0000] {processor.py:836} INFO - DAG(s) dict_keys(['example_short_circuit_operator']) retrieved from /home/airflow/.local/lib/python3.7/site-packages/airflow/example_dags/example_short_circuit_operator.py
[2023-10-10T17:50:17.836+0000] {logging_mixin.py:150} INFO - [2023-10-10T17:50:17.836+0000] {dag.py:2742} INFO - Sync 1 DAGs
[2023-10-10T17:50:17.889+0000] {logging_mixin.py:150} INFO - [2023-10-10T17:50:17.888+0000] {dag.py:3508} INFO - Setting next_dagrun for example_short_circuit_operator to 2023-10-09T17:50:17.887894+00:00, run_after=2023-10-10T17:50:17.887894+00:00
[2023-10-10T17:50:17.936+0000] {processor.py:179} INFO - Processing /home/airflow/.local/lib/python3.7/site-packages/airflow/example_dags/example_short_circuit_operator.py took 0.194 seconds
[2023-10-10T17:50:48.770+0000] {processor.py:157} INFO - Started process (PID=2443) to work on /home/airflow/.local/lib/python3.7/site-packages/airflow/example_dags/example_short_circuit_operator.py
[2023-10-10T17:50:48.772+0000] {processor.py:826} INFO - Processing file /home/airflow/.local/lib/python3.7/site-packages/airflow/example_dags/example_short_circuit_operator.py for tasks to queue
[2023-10-10T17:50:48.774+0000] {logging_mixin.py:150} INFO - [2023-10-10T17:50:48.774+0000] {dagbag.py:541} INFO - Filling up the DagBag from /home/airflow/.local/lib/python3.7/site-packages/airflow/example_dags/example_short_circuit_operator.py
[2023-10-10T17:50:48.786+0000] {processor.py:836} INFO - DAG(s) dict_keys(['example_short_circuit_operator']) retrieved from /home/airflow/.local/lib/python3.7/site-packages/airflow/example_dags/example_short_circuit_operator.py
[2023-10-10T17:50:48.823+0000] {logging_mixin.py:150} INFO - [2023-10-10T17:50:48.823+0000] {dag.py:2742} INFO - Sync 1 DAGs
[2023-10-10T17:50:48.862+0000] {logging_mixin.py:150} INFO - [2023-10-10T17:50:48.862+0000] {dag.py:3508} INFO - Setting next_dagrun for example_short_circuit_operator to 2023-10-09T17:50:48.862329+00:00, run_after=2023-10-10T17:50:48.862329+00:00
[2023-10-10T17:50:48.893+0000] {processor.py:179} INFO - Processing /home/airflow/.local/lib/python3.7/site-packages/airflow/example_dags/example_short_circuit_operator.py took 0.127 seconds
[2023-10-10T17:51:19.061+0000] {processor.py:157} INFO - Started process (PID=2532) to work on /home/airflow/.local/lib/python3.7/site-packages/airflow/example_dags/example_short_circuit_operator.py
[2023-10-10T17:51:19.063+0000] {processor.py:826} INFO - Processing file /home/airflow/.local/lib/python3.7/site-packages/airflow/example_dags/example_short_circuit_operator.py for tasks to queue
[2023-10-10T17:51:19.065+0000] {logging_mixin.py:150} INFO - [2023-10-10T17:51:19.065+0000] {dagbag.py:541} INFO - Filling up the DagBag from /home/airflow/.local/lib/python3.7/site-packages/airflow/example_dags/example_short_circuit_operator.py
[2023-10-10T17:51:19.080+0000] {processor.py:836} INFO - DAG(s) dict_keys(['example_short_circuit_operator']) retrieved from /home/airflow/.local/lib/python3.7/site-packages/airflow/example_dags/example_short_circuit_operator.py
[2023-10-10T17:51:19.123+0000] {logging_mixin.py:150} INFO - [2023-10-10T17:51:19.123+0000] {dag.py:2742} INFO - Sync 1 DAGs
[2023-10-10T17:51:19.174+0000] {logging_mixin.py:150} INFO - [2023-10-10T17:51:19.173+0000] {dag.py:3508} INFO - Setting next_dagrun for example_short_circuit_operator to 2023-10-09T17:51:19.173425+00:00, run_after=2023-10-10T17:51:19.173425+00:00
[2023-10-10T17:51:19.208+0000] {processor.py:179} INFO - Processing /home/airflow/.local/lib/python3.7/site-packages/airflow/example_dags/example_short_circuit_operator.py took 0.152 seconds
[2023-10-10T17:51:49.963+0000] {processor.py:157} INFO - Started process (PID=2617) to work on /home/airflow/.local/lib/python3.7/site-packages/airflow/example_dags/example_short_circuit_operator.py
[2023-10-10T17:51:49.966+0000] {processor.py:826} INFO - Processing file /home/airflow/.local/lib/python3.7/site-packages/airflow/example_dags/example_short_circuit_operator.py for tasks to queue
[2023-10-10T17:51:49.967+0000] {logging_mixin.py:150} INFO - [2023-10-10T17:51:49.967+0000] {dagbag.py:541} INFO - Filling up the DagBag from /home/airflow/.local/lib/python3.7/site-packages/airflow/example_dags/example_short_circuit_operator.py
[2023-10-10T17:51:49.982+0000] {processor.py:836} INFO - DAG(s) dict_keys(['example_short_circuit_operator']) retrieved from /home/airflow/.local/lib/python3.7/site-packages/airflow/example_dags/example_short_circuit_operator.py
[2023-10-10T17:51:50.031+0000] {logging_mixin.py:150} INFO - [2023-10-10T17:51:50.031+0000] {dag.py:2742} INFO - Sync 1 DAGs
[2023-10-10T17:51:50.090+0000] {logging_mixin.py:150} INFO - [2023-10-10T17:51:50.090+0000] {dag.py:3508} INFO - Setting next_dagrun for example_short_circuit_operator to 2023-10-09T17:51:50.090114+00:00, run_after=2023-10-10T17:51:50.090114+00:00
[2023-10-10T17:51:50.124+0000] {processor.py:179} INFO - Processing /home/airflow/.local/lib/python3.7/site-packages/airflow/example_dags/example_short_circuit_operator.py took 0.167 seconds
[2023-10-10T17:52:20.196+0000] {processor.py:157} INFO - Started process (PID=2698) to work on /home/airflow/.local/lib/python3.7/site-packages/airflow/example_dags/example_short_circuit_operator.py
[2023-10-10T17:52:20.198+0000] {processor.py:826} INFO - Processing file /home/airflow/.local/lib/python3.7/site-packages/airflow/example_dags/example_short_circuit_operator.py for tasks to queue
[2023-10-10T17:52:20.200+0000] {logging_mixin.py:150} INFO - [2023-10-10T17:52:20.200+0000] {dagbag.py:541} INFO - Filling up the DagBag from /home/airflow/.local/lib/python3.7/site-packages/airflow/example_dags/example_short_circuit_operator.py
[2023-10-10T17:52:20.212+0000] {processor.py:836} INFO - DAG(s) dict_keys(['example_short_circuit_operator']) retrieved from /home/airflow/.local/lib/python3.7/site-packages/airflow/example_dags/example_short_circuit_operator.py
[2023-10-10T17:52:20.247+0000] {logging_mixin.py:150} INFO - [2023-10-10T17:52:20.247+0000] {dag.py:2742} INFO - Sync 1 DAGs
[2023-10-10T17:52:20.285+0000] {logging_mixin.py:150} INFO - [2023-10-10T17:52:20.285+0000] {dag.py:3508} INFO - Setting next_dagrun for example_short_circuit_operator to 2023-10-09T17:52:20.284820+00:00, run_after=2023-10-10T17:52:20.284820+00:00
[2023-10-10T17:52:20.314+0000] {processor.py:179} INFO - Processing /home/airflow/.local/lib/python3.7/site-packages/airflow/example_dags/example_short_circuit_operator.py took 0.122 seconds
[2023-10-10T17:52:50.705+0000] {processor.py:157} INFO - Started process (PID=2788) to work on /home/airflow/.local/lib/python3.7/site-packages/airflow/example_dags/example_short_circuit_operator.py
[2023-10-10T17:52:50.707+0000] {processor.py:826} INFO - Processing file /home/airflow/.local/lib/python3.7/site-packages/airflow/example_dags/example_short_circuit_operator.py for tasks to queue
[2023-10-10T17:52:50.708+0000] {logging_mixin.py:150} INFO - [2023-10-10T17:52:50.708+0000] {dagbag.py:541} INFO - Filling up the DagBag from /home/airflow/.local/lib/python3.7/site-packages/airflow/example_dags/example_short_circuit_operator.py
[2023-10-10T17:52:50.723+0000] {processor.py:836} INFO - DAG(s) dict_keys(['example_short_circuit_operator']) retrieved from /home/airflow/.local/lib/python3.7/site-packages/airflow/example_dags/example_short_circuit_operator.py
[2023-10-10T17:52:50.763+0000] {logging_mixin.py:150} INFO - [2023-10-10T17:52:50.763+0000] {dag.py:2742} INFO - Sync 1 DAGs
[2023-10-10T17:52:50.806+0000] {logging_mixin.py:150} INFO - [2023-10-10T17:52:50.806+0000] {dag.py:3508} INFO - Setting next_dagrun for example_short_circuit_operator to 2023-10-09T17:52:50.805759+00:00, run_after=2023-10-10T17:52:50.805759+00:00
[2023-10-10T17:52:50.830+0000] {processor.py:179} INFO - Processing /home/airflow/.local/lib/python3.7/site-packages/airflow/example_dags/example_short_circuit_operator.py took 0.130 seconds
[2023-10-10T17:53:21.128+0000] {processor.py:157} INFO - Started process (PID=2871) to work on /home/airflow/.local/lib/python3.7/site-packages/airflow/example_dags/example_short_circuit_operator.py
[2023-10-10T17:53:21.131+0000] {processor.py:826} INFO - Processing file /home/airflow/.local/lib/python3.7/site-packages/airflow/example_dags/example_short_circuit_operator.py for tasks to queue
[2023-10-10T17:53:21.133+0000] {logging_mixin.py:150} INFO - [2023-10-10T17:53:21.132+0000] {dagbag.py:541} INFO - Filling up the DagBag from /home/airflow/.local/lib/python3.7/site-packages/airflow/example_dags/example_short_circuit_operator.py
[2023-10-10T17:53:21.147+0000] {processor.py:836} INFO - DAG(s) dict_keys(['example_short_circuit_operator']) retrieved from /home/airflow/.local/lib/python3.7/site-packages/airflow/example_dags/example_short_circuit_operator.py
[2023-10-10T17:53:21.189+0000] {logging_mixin.py:150} INFO - [2023-10-10T17:53:21.189+0000] {dag.py:2742} INFO - Sync 1 DAGs
[2023-10-10T17:53:21.224+0000] {logging_mixin.py:150} INFO - [2023-10-10T17:53:21.224+0000] {dag.py:3508} INFO - Setting next_dagrun for example_short_circuit_operator to 2023-10-09T17:53:21.224421+00:00, run_after=2023-10-10T17:53:21.224421+00:00
[2023-10-10T17:53:21.258+0000] {processor.py:179} INFO - Processing /home/airflow/.local/lib/python3.7/site-packages/airflow/example_dags/example_short_circuit_operator.py took 0.139 seconds
[2023-10-10T17:53:51.849+0000] {processor.py:157} INFO - Started process (PID=2961) to work on /home/airflow/.local/lib/python3.7/site-packages/airflow/example_dags/example_short_circuit_operator.py
[2023-10-10T17:53:51.850+0000] {processor.py:826} INFO - Processing file /home/airflow/.local/lib/python3.7/site-packages/airflow/example_dags/example_short_circuit_operator.py for tasks to queue
[2023-10-10T17:53:51.852+0000] {logging_mixin.py:150} INFO - [2023-10-10T17:53:51.852+0000] {dagbag.py:541} INFO - Filling up the DagBag from /home/airflow/.local/lib/python3.7/site-packages/airflow/example_dags/example_short_circuit_operator.py
[2023-10-10T17:53:51.865+0000] {processor.py:836} INFO - DAG(s) dict_keys(['example_short_circuit_operator']) retrieved from /home/airflow/.local/lib/python3.7/site-packages/airflow/example_dags/example_short_circuit_operator.py
[2023-10-10T17:53:51.902+0000] {logging_mixin.py:150} INFO - [2023-10-10T17:53:51.902+0000] {dag.py:2742} INFO - Sync 1 DAGs
[2023-10-10T17:53:51.937+0000] {logging_mixin.py:150} INFO - [2023-10-10T17:53:51.937+0000] {dag.py:3508} INFO - Setting next_dagrun for example_short_circuit_operator to 2023-10-09T17:53:51.937413+00:00, run_after=2023-10-10T17:53:51.937413+00:00
[2023-10-10T17:53:51.996+0000] {processor.py:179} INFO - Processing /home/airflow/.local/lib/python3.7/site-packages/airflow/example_dags/example_short_circuit_operator.py took 0.152 seconds
[2023-10-10T17:54:22.983+0000] {processor.py:157} INFO - Started process (PID=3042) to work on /home/airflow/.local/lib/python3.7/site-packages/airflow/example_dags/example_short_circuit_operator.py
[2023-10-10T17:54:22.989+0000] {processor.py:826} INFO - Processing file /home/airflow/.local/lib/python3.7/site-packages/airflow/example_dags/example_short_circuit_operator.py for tasks to queue
[2023-10-10T17:54:22.992+0000] {logging_mixin.py:150} INFO - [2023-10-10T17:54:22.992+0000] {dagbag.py:541} INFO - Filling up the DagBag from /home/airflow/.local/lib/python3.7/site-packages/airflow/example_dags/example_short_circuit_operator.py
[2023-10-10T17:54:23.010+0000] {processor.py:836} INFO - DAG(s) dict_keys(['example_short_circuit_operator']) retrieved from /home/airflow/.local/lib/python3.7/site-packages/airflow/example_dags/example_short_circuit_operator.py
[2023-10-10T17:54:23.064+0000] {logging_mixin.py:150} INFO - [2023-10-10T17:54:23.064+0000] {dag.py:2742} INFO - Sync 1 DAGs
[2023-10-10T17:54:23.112+0000] {logging_mixin.py:150} INFO - [2023-10-10T17:54:23.112+0000] {dag.py:3508} INFO - Setting next_dagrun for example_short_circuit_operator to 2023-10-09T17:54:23.112306+00:00, run_after=2023-10-10T17:54:23.112306+00:00
[2023-10-10T17:54:23.172+0000] {processor.py:179} INFO - Processing /home/airflow/.local/lib/python3.7/site-packages/airflow/example_dags/example_short_circuit_operator.py took 0.195 seconds
[2023-10-10T17:54:53.831+0000] {processor.py:157} INFO - Started process (PID=3153) to work on /home/airflow/.local/lib/python3.7/site-packages/airflow/example_dags/example_short_circuit_operator.py
[2023-10-10T17:54:53.837+0000] {processor.py:826} INFO - Processing file /home/airflow/.local/lib/python3.7/site-packages/airflow/example_dags/example_short_circuit_operator.py for tasks to queue
[2023-10-10T17:54:53.840+0000] {logging_mixin.py:150} INFO - [2023-10-10T17:54:53.839+0000] {dagbag.py:541} INFO - Filling up the DagBag from /home/airflow/.local/lib/python3.7/site-packages/airflow/example_dags/example_short_circuit_operator.py
[2023-10-10T17:54:53.866+0000] {processor.py:836} INFO - DAG(s) dict_keys(['example_short_circuit_operator']) retrieved from /home/airflow/.local/lib/python3.7/site-packages/airflow/example_dags/example_short_circuit_operator.py
[2023-10-10T17:54:54.001+0000] {logging_mixin.py:150} INFO - [2023-10-10T17:54:54.001+0000] {dag.py:2742} INFO - Sync 1 DAGs
[2023-10-10T17:54:54.079+0000] {logging_mixin.py:150} INFO - [2023-10-10T17:54:54.078+0000] {dag.py:3508} INFO - Setting next_dagrun for example_short_circuit_operator to 2023-10-09T17:54:54.078494+00:00, run_after=2023-10-10T17:54:54.078494+00:00
[2023-10-10T17:54:54.176+0000] {processor.py:179} INFO - Processing /home/airflow/.local/lib/python3.7/site-packages/airflow/example_dags/example_short_circuit_operator.py took 0.355 seconds
[2023-10-10T17:56:03.791+0000] {processor.py:157} INFO - Started process (PID=3226) to work on /home/airflow/.local/lib/python3.7/site-packages/airflow/example_dags/example_short_circuit_operator.py
[2023-10-10T17:56:03.794+0000] {processor.py:826} INFO - Processing file /home/airflow/.local/lib/python3.7/site-packages/airflow/example_dags/example_short_circuit_operator.py for tasks to queue
[2023-10-10T17:56:03.810+0000] {logging_mixin.py:150} INFO - [2023-10-10T17:56:03.810+0000] {dagbag.py:541} INFO - Filling up the DagBag from /home/airflow/.local/lib/python3.7/site-packages/airflow/example_dags/example_short_circuit_operator.py
[2023-10-10T17:56:03.835+0000] {processor.py:836} INFO - DAG(s) dict_keys(['example_short_circuit_operator']) retrieved from /home/airflow/.local/lib/python3.7/site-packages/airflow/example_dags/example_short_circuit_operator.py
[2023-10-10T17:56:03.887+0000] {logging_mixin.py:150} INFO - [2023-10-10T17:56:03.886+0000] {dag.py:2742} INFO - Sync 1 DAGs
[2023-10-10T17:56:03.938+0000] {logging_mixin.py:150} INFO - [2023-10-10T17:56:03.937+0000] {dag.py:3508} INFO - Setting next_dagrun for example_short_circuit_operator to 2023-10-09T17:56:03.937595+00:00, run_after=2023-10-10T17:56:03.937595+00:00
[2023-10-10T17:56:03.976+0000] {processor.py:179} INFO - Processing /home/airflow/.local/lib/python3.7/site-packages/airflow/example_dags/example_short_circuit_operator.py took 0.193 seconds
[2023-10-10T17:56:35.049+0000] {processor.py:157} INFO - Started process (PID=3307) to work on /home/airflow/.local/lib/python3.7/site-packages/airflow/example_dags/example_short_circuit_operator.py
[2023-10-10T17:56:35.055+0000] {processor.py:826} INFO - Processing file /home/airflow/.local/lib/python3.7/site-packages/airflow/example_dags/example_short_circuit_operator.py for tasks to queue
[2023-10-10T17:56:35.060+0000] {logging_mixin.py:150} INFO - [2023-10-10T17:56:35.059+0000] {dagbag.py:541} INFO - Filling up the DagBag from /home/airflow/.local/lib/python3.7/site-packages/airflow/example_dags/example_short_circuit_operator.py
[2023-10-10T17:56:35.094+0000] {processor.py:836} INFO - DAG(s) dict_keys(['example_short_circuit_operator']) retrieved from /home/airflow/.local/lib/python3.7/site-packages/airflow/example_dags/example_short_circuit_operator.py
[2023-10-10T17:56:35.189+0000] {logging_mixin.py:150} INFO - [2023-10-10T17:56:35.188+0000] {dag.py:2742} INFO - Sync 1 DAGs
[2023-10-10T17:56:35.302+0000] {logging_mixin.py:150} INFO - [2023-10-10T17:56:35.301+0000] {dag.py:3508} INFO - Setting next_dagrun for example_short_circuit_operator to 2023-10-09T17:56:35.300555+00:00, run_after=2023-10-10T17:56:35.300555+00:00
[2023-10-10T17:56:35.398+0000] {processor.py:179} INFO - Processing /home/airflow/.local/lib/python3.7/site-packages/airflow/example_dags/example_short_circuit_operator.py took 0.365 seconds
[2023-10-10T17:57:10.921+0000] {processor.py:157} INFO - Started process (PID=3388) to work on /home/airflow/.local/lib/python3.7/site-packages/airflow/example_dags/example_short_circuit_operator.py
[2023-10-10T17:57:10.940+0000] {processor.py:826} INFO - Processing file /home/airflow/.local/lib/python3.7/site-packages/airflow/example_dags/example_short_circuit_operator.py for tasks to queue
[2023-10-10T17:57:10.961+0000] {logging_mixin.py:150} INFO - [2023-10-10T17:57:10.948+0000] {dagbag.py:541} INFO - Filling up the DagBag from /home/airflow/.local/lib/python3.7/site-packages/airflow/example_dags/example_short_circuit_operator.py
[2023-10-10T17:57:11.091+0000] {processor.py:836} INFO - DAG(s) dict_keys(['example_short_circuit_operator']) retrieved from /home/airflow/.local/lib/python3.7/site-packages/airflow/example_dags/example_short_circuit_operator.py
[2023-10-10T17:57:11.389+0000] {logging_mixin.py:150} INFO - [2023-10-10T17:57:11.388+0000] {dag.py:2742} INFO - Sync 1 DAGs
[2023-10-10T17:57:11.813+0000] {logging_mixin.py:150} INFO - [2023-10-10T17:57:11.793+0000] {dag.py:3508} INFO - Setting next_dagrun for example_short_circuit_operator to 2023-10-09T17:57:11.789823+00:00, run_after=2023-10-10T17:57:11.789823+00:00
[2023-10-10T17:57:12.076+0000] {processor.py:179} INFO - Processing /home/airflow/.local/lib/python3.7/site-packages/airflow/example_dags/example_short_circuit_operator.py took 1.184 seconds
[2023-10-10T17:58:18.687+0000] {processor.py:157} INFO - Started process (PID=3479) to work on /home/airflow/.local/lib/python3.7/site-packages/airflow/example_dags/example_short_circuit_operator.py
[2023-10-10T17:58:18.701+0000] {processor.py:826} INFO - Processing file /home/airflow/.local/lib/python3.7/site-packages/airflow/example_dags/example_short_circuit_operator.py for tasks to queue
[2023-10-10T17:58:18.722+0000] {logging_mixin.py:150} INFO - [2023-10-10T17:58:18.721+0000] {dagbag.py:541} INFO - Filling up the DagBag from /home/airflow/.local/lib/python3.7/site-packages/airflow/example_dags/example_short_circuit_operator.py
[2023-10-10T17:58:18.799+0000] {processor.py:836} INFO - DAG(s) dict_keys(['example_short_circuit_operator']) retrieved from /home/airflow/.local/lib/python3.7/site-packages/airflow/example_dags/example_short_circuit_operator.py
[2023-10-10T17:58:19.011+0000] {logging_mixin.py:150} INFO - [2023-10-10T17:58:19.010+0000] {dag.py:2742} INFO - Sync 1 DAGs
[2023-10-10T17:58:19.422+0000] {logging_mixin.py:150} INFO - [2023-10-10T17:58:19.421+0000] {dag.py:3508} INFO - Setting next_dagrun for example_short_circuit_operator to 2023-10-09T17:58:19.420807+00:00, run_after=2023-10-10T17:58:19.420807+00:00
[2023-10-10T17:58:19.535+0000] {processor.py:179} INFO - Processing /home/airflow/.local/lib/python3.7/site-packages/airflow/example_dags/example_short_circuit_operator.py took 0.873 seconds
[2023-10-10T17:58:52.018+0000] {processor.py:157} INFO - Started process (PID=3581) to work on /home/airflow/.local/lib/python3.7/site-packages/airflow/example_dags/example_short_circuit_operator.py
[2023-10-10T17:58:52.030+0000] {processor.py:826} INFO - Processing file /home/airflow/.local/lib/python3.7/site-packages/airflow/example_dags/example_short_circuit_operator.py for tasks to queue
[2023-10-10T17:58:52.038+0000] {logging_mixin.py:150} INFO - [2023-10-10T17:58:52.037+0000] {dagbag.py:541} INFO - Filling up the DagBag from /home/airflow/.local/lib/python3.7/site-packages/airflow/example_dags/example_short_circuit_operator.py
[2023-10-10T17:58:52.188+0000] {processor.py:836} INFO - DAG(s) dict_keys(['example_short_circuit_operator']) retrieved from /home/airflow/.local/lib/python3.7/site-packages/airflow/example_dags/example_short_circuit_operator.py
[2023-10-10T17:58:52.510+0000] {logging_mixin.py:150} INFO - [2023-10-10T17:58:52.508+0000] {dag.py:2742} INFO - Sync 1 DAGs
[2023-10-10T17:58:53.019+0000] {logging_mixin.py:150} INFO - [2023-10-10T17:58:53.018+0000] {dag.py:3508} INFO - Setting next_dagrun for example_short_circuit_operator to 2023-10-09T17:58:53.017496+00:00, run_after=2023-10-10T17:58:53.017496+00:00
[2023-10-10T17:58:53.136+0000] {processor.py:179} INFO - Processing /home/airflow/.local/lib/python3.7/site-packages/airflow/example_dags/example_short_circuit_operator.py took 1.169 seconds
[2023-10-10T17:59:39.006+0000] {processor.py:157} INFO - Started process (PID=3662) to work on /home/airflow/.local/lib/python3.7/site-packages/airflow/example_dags/example_short_circuit_operator.py
[2023-10-10T17:59:39.024+0000] {processor.py:826} INFO - Processing file /home/airflow/.local/lib/python3.7/site-packages/airflow/example_dags/example_short_circuit_operator.py for tasks to queue
[2023-10-10T17:59:39.044+0000] {logging_mixin.py:150} INFO - [2023-10-10T17:59:39.041+0000] {dagbag.py:541} INFO - Filling up the DagBag from /home/airflow/.local/lib/python3.7/site-packages/airflow/example_dags/example_short_circuit_operator.py
[2023-10-10T17:59:39.111+0000] {processor.py:836} INFO - DAG(s) dict_keys(['example_short_circuit_operator']) retrieved from /home/airflow/.local/lib/python3.7/site-packages/airflow/example_dags/example_short_circuit_operator.py
[2023-10-10T17:59:39.285+0000] {logging_mixin.py:150} INFO - [2023-10-10T17:59:39.284+0000] {dag.py:2742} INFO - Sync 1 DAGs
[2023-10-10T17:59:39.440+0000] {logging_mixin.py:150} INFO - [2023-10-10T17:59:39.440+0000] {dag.py:3508} INFO - Setting next_dagrun for example_short_circuit_operator to 2023-10-09T17:59:39.439073+00:00, run_after=2023-10-10T17:59:39.439073+00:00
[2023-10-10T17:59:39.588+0000] {processor.py:179} INFO - Processing /home/airflow/.local/lib/python3.7/site-packages/airflow/example_dags/example_short_circuit_operator.py took 0.623 seconds
[2023-10-10T18:00:09.701+0000] {processor.py:157} INFO - Started process (PID=3743) to work on /home/airflow/.local/lib/python3.7/site-packages/airflow/example_dags/example_short_circuit_operator.py
[2023-10-10T18:00:09.704+0000] {processor.py:826} INFO - Processing file /home/airflow/.local/lib/python3.7/site-packages/airflow/example_dags/example_short_circuit_operator.py for tasks to queue
[2023-10-10T18:00:09.708+0000] {logging_mixin.py:150} INFO - [2023-10-10T18:00:09.707+0000] {dagbag.py:541} INFO - Filling up the DagBag from /home/airflow/.local/lib/python3.7/site-packages/airflow/example_dags/example_short_circuit_operator.py
[2023-10-10T18:00:09.734+0000] {processor.py:836} INFO - DAG(s) dict_keys(['example_short_circuit_operator']) retrieved from /home/airflow/.local/lib/python3.7/site-packages/airflow/example_dags/example_short_circuit_operator.py
[2023-10-10T18:00:09.811+0000] {logging_mixin.py:150} INFO - [2023-10-10T18:00:09.811+0000] {dag.py:2742} INFO - Sync 1 DAGs
[2023-10-10T18:00:09.888+0000] {logging_mixin.py:150} INFO - [2023-10-10T18:00:09.888+0000] {dag.py:3508} INFO - Setting next_dagrun for example_short_circuit_operator to 2023-10-09T18:00:09.887810+00:00, run_after=2023-10-10T18:00:09.887810+00:00
[2023-10-10T18:00:09.940+0000] {processor.py:179} INFO - Processing /home/airflow/.local/lib/python3.7/site-packages/airflow/example_dags/example_short_circuit_operator.py took 0.249 seconds
[2023-10-10T18:00:40.638+0000] {processor.py:157} INFO - Started process (PID=3824) to work on /home/airflow/.local/lib/python3.7/site-packages/airflow/example_dags/example_short_circuit_operator.py
[2023-10-10T18:00:40.644+0000] {processor.py:826} INFO - Processing file /home/airflow/.local/lib/python3.7/site-packages/airflow/example_dags/example_short_circuit_operator.py for tasks to queue
[2023-10-10T18:00:40.646+0000] {logging_mixin.py:150} INFO - [2023-10-10T18:00:40.646+0000] {dagbag.py:541} INFO - Filling up the DagBag from /home/airflow/.local/lib/python3.7/site-packages/airflow/example_dags/example_short_circuit_operator.py
[2023-10-10T18:00:40.665+0000] {processor.py:836} INFO - DAG(s) dict_keys(['example_short_circuit_operator']) retrieved from /home/airflow/.local/lib/python3.7/site-packages/airflow/example_dags/example_short_circuit_operator.py
[2023-10-10T18:00:40.723+0000] {logging_mixin.py:150} INFO - [2023-10-10T18:00:40.723+0000] {dag.py:2742} INFO - Sync 1 DAGs
[2023-10-10T18:00:40.787+0000] {logging_mixin.py:150} INFO - [2023-10-10T18:00:40.786+0000] {dag.py:3508} INFO - Setting next_dagrun for example_short_circuit_operator to 2023-10-09T18:00:40.786240+00:00, run_after=2023-10-10T18:00:40.786240+00:00
[2023-10-10T18:00:40.837+0000] {processor.py:179} INFO - Processing /home/airflow/.local/lib/python3.7/site-packages/airflow/example_dags/example_short_circuit_operator.py took 0.205 seconds
[2023-10-10T18:01:11.132+0000] {processor.py:157} INFO - Started process (PID=3912) to work on /home/airflow/.local/lib/python3.7/site-packages/airflow/example_dags/example_short_circuit_operator.py
[2023-10-10T18:01:11.134+0000] {processor.py:826} INFO - Processing file /home/airflow/.local/lib/python3.7/site-packages/airflow/example_dags/example_short_circuit_operator.py for tasks to queue
[2023-10-10T18:01:11.136+0000] {logging_mixin.py:150} INFO - [2023-10-10T18:01:11.136+0000] {dagbag.py:541} INFO - Filling up the DagBag from /home/airflow/.local/lib/python3.7/site-packages/airflow/example_dags/example_short_circuit_operator.py
[2023-10-10T18:01:11.153+0000] {processor.py:836} INFO - DAG(s) dict_keys(['example_short_circuit_operator']) retrieved from /home/airflow/.local/lib/python3.7/site-packages/airflow/example_dags/example_short_circuit_operator.py
[2023-10-10T18:01:11.209+0000] {logging_mixin.py:150} INFO - [2023-10-10T18:01:11.208+0000] {dag.py:2742} INFO - Sync 1 DAGs
[2023-10-10T18:01:11.264+0000] {logging_mixin.py:150} INFO - [2023-10-10T18:01:11.264+0000] {dag.py:3508} INFO - Setting next_dagrun for example_short_circuit_operator to 2023-10-09T18:01:11.263875+00:00, run_after=2023-10-10T18:01:11.263875+00:00
[2023-10-10T18:01:11.311+0000] {processor.py:179} INFO - Processing /home/airflow/.local/lib/python3.7/site-packages/airflow/example_dags/example_short_circuit_operator.py took 0.185 seconds
[2023-10-10T18:01:41.485+0000] {processor.py:157} INFO - Started process (PID=3995) to work on /home/airflow/.local/lib/python3.7/site-packages/airflow/example_dags/example_short_circuit_operator.py
[2023-10-10T18:01:41.488+0000] {processor.py:826} INFO - Processing file /home/airflow/.local/lib/python3.7/site-packages/airflow/example_dags/example_short_circuit_operator.py for tasks to queue
[2023-10-10T18:01:41.491+0000] {logging_mixin.py:150} INFO - [2023-10-10T18:01:41.490+0000] {dagbag.py:541} INFO - Filling up the DagBag from /home/airflow/.local/lib/python3.7/site-packages/airflow/example_dags/example_short_circuit_operator.py
[2023-10-10T18:01:41.513+0000] {processor.py:836} INFO - DAG(s) dict_keys(['example_short_circuit_operator']) retrieved from /home/airflow/.local/lib/python3.7/site-packages/airflow/example_dags/example_short_circuit_operator.py
[2023-10-10T18:01:41.576+0000] {logging_mixin.py:150} INFO - [2023-10-10T18:01:41.576+0000] {dag.py:2742} INFO - Sync 1 DAGs
[2023-10-10T18:01:41.636+0000] {logging_mixin.py:150} INFO - [2023-10-10T18:01:41.636+0000] {dag.py:3508} INFO - Setting next_dagrun for example_short_circuit_operator to 2023-10-09T18:01:41.635979+00:00, run_after=2023-10-10T18:01:41.635979+00:00
[2023-10-10T18:01:41.681+0000] {processor.py:179} INFO - Processing /home/airflow/.local/lib/python3.7/site-packages/airflow/example_dags/example_short_circuit_operator.py took 0.206 seconds
[2023-10-10T18:02:11.796+0000] {processor.py:157} INFO - Started process (PID=4076) to work on /home/airflow/.local/lib/python3.7/site-packages/airflow/example_dags/example_short_circuit_operator.py
[2023-10-10T18:02:11.799+0000] {processor.py:826} INFO - Processing file /home/airflow/.local/lib/python3.7/site-packages/airflow/example_dags/example_short_circuit_operator.py for tasks to queue
[2023-10-10T18:02:11.802+0000] {logging_mixin.py:150} INFO - [2023-10-10T18:02:11.801+0000] {dagbag.py:541} INFO - Filling up the DagBag from /home/airflow/.local/lib/python3.7/site-packages/airflow/example_dags/example_short_circuit_operator.py
[2023-10-10T18:02:11.828+0000] {processor.py:836} INFO - DAG(s) dict_keys(['example_short_circuit_operator']) retrieved from /home/airflow/.local/lib/python3.7/site-packages/airflow/example_dags/example_short_circuit_operator.py
[2023-10-10T18:02:11.895+0000] {logging_mixin.py:150} INFO - [2023-10-10T18:02:11.894+0000] {dag.py:2742} INFO - Sync 1 DAGs
[2023-10-10T18:02:11.966+0000] {logging_mixin.py:150} INFO - [2023-10-10T18:02:11.966+0000] {dag.py:3508} INFO - Setting next_dagrun for example_short_circuit_operator to 2023-10-09T18:02:11.965384+00:00, run_after=2023-10-10T18:02:11.965384+00:00
[2023-10-10T18:02:12.012+0000] {processor.py:179} INFO - Processing /home/airflow/.local/lib/python3.7/site-packages/airflow/example_dags/example_short_circuit_operator.py took 0.225 seconds
[2023-10-10T18:02:42.100+0000] {processor.py:157} INFO - Started process (PID=4157) to work on /home/airflow/.local/lib/python3.7/site-packages/airflow/example_dags/example_short_circuit_operator.py
[2023-10-10T18:02:42.102+0000] {processor.py:826} INFO - Processing file /home/airflow/.local/lib/python3.7/site-packages/airflow/example_dags/example_short_circuit_operator.py for tasks to queue
[2023-10-10T18:02:42.105+0000] {logging_mixin.py:150} INFO - [2023-10-10T18:02:42.105+0000] {dagbag.py:541} INFO - Filling up the DagBag from /home/airflow/.local/lib/python3.7/site-packages/airflow/example_dags/example_short_circuit_operator.py
[2023-10-10T18:02:42.125+0000] {processor.py:836} INFO - DAG(s) dict_keys(['example_short_circuit_operator']) retrieved from /home/airflow/.local/lib/python3.7/site-packages/airflow/example_dags/example_short_circuit_operator.py
[2023-10-10T18:02:42.198+0000] {logging_mixin.py:150} INFO - [2023-10-10T18:02:42.198+0000] {dag.py:2742} INFO - Sync 1 DAGs
[2023-10-10T18:02:42.273+0000] {logging_mixin.py:150} INFO - [2023-10-10T18:02:42.272+0000] {dag.py:3508} INFO - Setting next_dagrun for example_short_circuit_operator to 2023-10-09T18:02:42.272224+00:00, run_after=2023-10-10T18:02:42.272224+00:00
[2023-10-10T18:02:42.334+0000] {processor.py:179} INFO - Processing /home/airflow/.local/lib/python3.7/site-packages/airflow/example_dags/example_short_circuit_operator.py took 0.242 seconds
[2023-10-10T18:03:13.085+0000] {processor.py:157} INFO - Started process (PID=4238) to work on /home/airflow/.local/lib/python3.7/site-packages/airflow/example_dags/example_short_circuit_operator.py
[2023-10-10T18:03:13.088+0000] {processor.py:826} INFO - Processing file /home/airflow/.local/lib/python3.7/site-packages/airflow/example_dags/example_short_circuit_operator.py for tasks to queue
[2023-10-10T18:03:13.093+0000] {logging_mixin.py:150} INFO - [2023-10-10T18:03:13.091+0000] {dagbag.py:541} INFO - Filling up the DagBag from /home/airflow/.local/lib/python3.7/site-packages/airflow/example_dags/example_short_circuit_operator.py
[2023-10-10T18:03:13.116+0000] {processor.py:836} INFO - DAG(s) dict_keys(['example_short_circuit_operator']) retrieved from /home/airflow/.local/lib/python3.7/site-packages/airflow/example_dags/example_short_circuit_operator.py
[2023-10-10T18:03:13.165+0000] {logging_mixin.py:150} INFO - [2023-10-10T18:03:13.165+0000] {dag.py:2742} INFO - Sync 1 DAGs
[2023-10-10T18:03:13.215+0000] {logging_mixin.py:150} INFO - [2023-10-10T18:03:13.215+0000] {dag.py:3508} INFO - Setting next_dagrun for example_short_circuit_operator to 2023-10-09T18:03:13.214909+00:00, run_after=2023-10-10T18:03:13.214909+00:00
[2023-10-10T18:03:13.255+0000] {processor.py:179} INFO - Processing /home/airflow/.local/lib/python3.7/site-packages/airflow/example_dags/example_short_circuit_operator.py took 0.177 seconds
[2023-10-10T18:03:44.046+0000] {processor.py:157} INFO - Started process (PID=4328) to work on /home/airflow/.local/lib/python3.7/site-packages/airflow/example_dags/example_short_circuit_operator.py
[2023-10-10T18:03:44.048+0000] {processor.py:826} INFO - Processing file /home/airflow/.local/lib/python3.7/site-packages/airflow/example_dags/example_short_circuit_operator.py for tasks to queue
[2023-10-10T18:03:44.051+0000] {logging_mixin.py:150} INFO - [2023-10-10T18:03:44.050+0000] {dagbag.py:541} INFO - Filling up the DagBag from /home/airflow/.local/lib/python3.7/site-packages/airflow/example_dags/example_short_circuit_operator.py
[2023-10-10T18:03:44.069+0000] {processor.py:836} INFO - DAG(s) dict_keys(['example_short_circuit_operator']) retrieved from /home/airflow/.local/lib/python3.7/site-packages/airflow/example_dags/example_short_circuit_operator.py
[2023-10-10T18:03:44.123+0000] {logging_mixin.py:150} INFO - [2023-10-10T18:03:44.123+0000] {dag.py:2742} INFO - Sync 1 DAGs
[2023-10-10T18:03:44.174+0000] {logging_mixin.py:150} INFO - [2023-10-10T18:03:44.173+0000] {dag.py:3508} INFO - Setting next_dagrun for example_short_circuit_operator to 2023-10-09T18:03:44.173469+00:00, run_after=2023-10-10T18:03:44.173469+00:00
[2023-10-10T18:03:44.214+0000] {processor.py:179} INFO - Processing /home/airflow/.local/lib/python3.7/site-packages/airflow/example_dags/example_short_circuit_operator.py took 0.175 seconds
[2023-10-10T18:04:14.367+0000] {processor.py:157} INFO - Started process (PID=4408) to work on /home/airflow/.local/lib/python3.7/site-packages/airflow/example_dags/example_short_circuit_operator.py
[2023-10-10T18:04:14.370+0000] {processor.py:826} INFO - Processing file /home/airflow/.local/lib/python3.7/site-packages/airflow/example_dags/example_short_circuit_operator.py for tasks to queue
[2023-10-10T18:04:14.372+0000] {logging_mixin.py:150} INFO - [2023-10-10T18:04:14.371+0000] {dagbag.py:541} INFO - Filling up the DagBag from /home/airflow/.local/lib/python3.7/site-packages/airflow/example_dags/example_short_circuit_operator.py
[2023-10-10T18:04:14.393+0000] {processor.py:836} INFO - DAG(s) dict_keys(['example_short_circuit_operator']) retrieved from /home/airflow/.local/lib/python3.7/site-packages/airflow/example_dags/example_short_circuit_operator.py
[2023-10-10T18:04:14.448+0000] {logging_mixin.py:150} INFO - [2023-10-10T18:04:14.448+0000] {dag.py:2742} INFO - Sync 1 DAGs
[2023-10-10T18:04:14.498+0000] {logging_mixin.py:150} INFO - [2023-10-10T18:04:14.498+0000] {dag.py:3508} INFO - Setting next_dagrun for example_short_circuit_operator to 2023-10-09T18:04:14.497787+00:00, run_after=2023-10-10T18:04:14.497787+00:00
[2023-10-10T18:04:14.541+0000] {processor.py:179} INFO - Processing /home/airflow/.local/lib/python3.7/site-packages/airflow/example_dags/example_short_circuit_operator.py took 0.181 seconds
[2023-10-10T18:04:45.594+0000] {processor.py:157} INFO - Started process (PID=4489) to work on /home/airflow/.local/lib/python3.7/site-packages/airflow/example_dags/example_short_circuit_operator.py
[2023-10-10T18:04:45.598+0000] {processor.py:826} INFO - Processing file /home/airflow/.local/lib/python3.7/site-packages/airflow/example_dags/example_short_circuit_operator.py for tasks to queue
[2023-10-10T18:04:45.603+0000] {logging_mixin.py:150} INFO - [2023-10-10T18:04:45.603+0000] {dagbag.py:541} INFO - Filling up the DagBag from /home/airflow/.local/lib/python3.7/site-packages/airflow/example_dags/example_short_circuit_operator.py
[2023-10-10T18:04:45.636+0000] {processor.py:836} INFO - DAG(s) dict_keys(['example_short_circuit_operator']) retrieved from /home/airflow/.local/lib/python3.7/site-packages/airflow/example_dags/example_short_circuit_operator.py
[2023-10-10T18:04:45.738+0000] {logging_mixin.py:150} INFO - [2023-10-10T18:04:45.737+0000] {dag.py:2742} INFO - Sync 1 DAGs
[2023-10-10T18:04:45.837+0000] {logging_mixin.py:150} INFO - [2023-10-10T18:04:45.837+0000] {dag.py:3508} INFO - Setting next_dagrun for example_short_circuit_operator to 2023-10-09T18:04:45.836449+00:00, run_after=2023-10-10T18:04:45.836449+00:00
[2023-10-10T18:04:45.911+0000] {processor.py:179} INFO - Processing /home/airflow/.local/lib/python3.7/site-packages/airflow/example_dags/example_short_circuit_operator.py took 0.330 seconds
[2023-10-10T18:05:17.156+0000] {processor.py:157} INFO - Started process (PID=4569) to work on /home/airflow/.local/lib/python3.7/site-packages/airflow/example_dags/example_short_circuit_operator.py
[2023-10-10T18:05:17.164+0000] {processor.py:826} INFO - Processing file /home/airflow/.local/lib/python3.7/site-packages/airflow/example_dags/example_short_circuit_operator.py for tasks to queue
[2023-10-10T18:05:17.169+0000] {logging_mixin.py:150} INFO - [2023-10-10T18:05:17.168+0000] {dagbag.py:541} INFO - Filling up the DagBag from /home/airflow/.local/lib/python3.7/site-packages/airflow/example_dags/example_short_circuit_operator.py
[2023-10-10T18:05:17.237+0000] {processor.py:836} INFO - DAG(s) dict_keys(['example_short_circuit_operator']) retrieved from /home/airflow/.local/lib/python3.7/site-packages/airflow/example_dags/example_short_circuit_operator.py
[2023-10-10T18:05:17.452+0000] {logging_mixin.py:150} INFO - [2023-10-10T18:05:17.451+0000] {dag.py:2742} INFO - Sync 1 DAGs
[2023-10-10T18:05:17.636+0000] {logging_mixin.py:150} INFO - [2023-10-10T18:05:17.636+0000] {dag.py:3508} INFO - Setting next_dagrun for example_short_circuit_operator to 2023-10-09T18:05:17.634793+00:00, run_after=2023-10-10T18:05:17.634793+00:00
[2023-10-10T18:05:17.725+0000] {processor.py:179} INFO - Processing /home/airflow/.local/lib/python3.7/site-packages/airflow/example_dags/example_short_circuit_operator.py took 0.613 seconds
