[2023-10-10T17:36:39.882+0000] {processor.py:157} INFO - Started process (PID=97) to work on /home/airflow/.local/lib/python3.7/site-packages/airflow/example_dags/example_branch_day_of_week_operator.py
[2023-10-10T17:36:39.885+0000] {processor.py:826} INFO - Processing file /home/airflow/.local/lib/python3.7/site-packages/airflow/example_dags/example_branch_day_of_week_operator.py for tasks to queue
[2023-10-10T17:36:39.888+0000] {logging_mixin.py:150} INFO - [2023-10-10T17:36:39.887+0000] {dagbag.py:541} INFO - Filling up the DagBag from /home/airflow/.local/lib/python3.7/site-packages/airflow/example_dags/example_branch_day_of_week_operator.py
[2023-10-10T17:36:39.907+0000] {processor.py:836} INFO - DAG(s) dict_keys(['example_weekday_branch_operator']) retrieved from /home/airflow/.local/lib/python3.7/site-packages/airflow/example_dags/example_branch_day_of_week_operator.py
[2023-10-10T17:36:39.930+0000] {logging_mixin.py:150} INFO - [2023-10-10T17:36:39.930+0000] {dag.py:2742} INFO - Sync 1 DAGs
[2023-10-10T17:36:39.983+0000] {logging_mixin.py:150} INFO - [2023-10-10T17:36:39.983+0000] {dag.py:3508} INFO - Setting next_dagrun for example_weekday_branch_operator to 2023-10-09T00:00:00+00:00, run_after=2023-10-10T00:00:00+00:00
[2023-10-10T17:36:40.045+0000] {processor.py:179} INFO - Processing /home/airflow/.local/lib/python3.7/site-packages/airflow/example_dags/example_branch_day_of_week_operator.py took 0.170 seconds
[2023-10-10T17:37:10.549+0000] {processor.py:157} INFO - Started process (PID=184) to work on /home/airflow/.local/lib/python3.7/site-packages/airflow/example_dags/example_branch_day_of_week_operator.py
[2023-10-10T17:37:10.551+0000] {processor.py:826} INFO - Processing file /home/airflow/.local/lib/python3.7/site-packages/airflow/example_dags/example_branch_day_of_week_operator.py for tasks to queue
[2023-10-10T17:37:10.552+0000] {logging_mixin.py:150} INFO - [2023-10-10T17:37:10.552+0000] {dagbag.py:541} INFO - Filling up the DagBag from /home/airflow/.local/lib/python3.7/site-packages/airflow/example_dags/example_branch_day_of_week_operator.py
[2023-10-10T17:37:10.568+0000] {processor.py:836} INFO - DAG(s) dict_keys(['example_weekday_branch_operator']) retrieved from /home/airflow/.local/lib/python3.7/site-packages/airflow/example_dags/example_branch_day_of_week_operator.py
[2023-10-10T17:37:10.599+0000] {logging_mixin.py:150} INFO - [2023-10-10T17:37:10.599+0000] {dag.py:2742} INFO - Sync 1 DAGs
[2023-10-10T17:37:10.632+0000] {logging_mixin.py:150} INFO - [2023-10-10T17:37:10.631+0000] {dag.py:3508} INFO - Setting next_dagrun for example_weekday_branch_operator to 2023-10-09T00:00:00+00:00, run_after=2023-10-10T00:00:00+00:00
[2023-10-10T17:37:10.653+0000] {processor.py:179} INFO - Processing /home/airflow/.local/lib/python3.7/site-packages/airflow/example_dags/example_branch_day_of_week_operator.py took 0.109 seconds
[2023-10-10T17:37:42.587+0000] {processor.py:157} INFO - Started process (PID=273) to work on /home/airflow/.local/lib/python3.7/site-packages/airflow/example_dags/example_branch_day_of_week_operator.py
[2023-10-10T17:37:42.594+0000] {processor.py:826} INFO - Processing file /home/airflow/.local/lib/python3.7/site-packages/airflow/example_dags/example_branch_day_of_week_operator.py for tasks to queue
[2023-10-10T17:37:42.596+0000] {logging_mixin.py:150} INFO - [2023-10-10T17:37:42.596+0000] {dagbag.py:541} INFO - Filling up the DagBag from /home/airflow/.local/lib/python3.7/site-packages/airflow/example_dags/example_branch_day_of_week_operator.py
[2023-10-10T17:37:42.608+0000] {processor.py:836} INFO - DAG(s) dict_keys(['example_weekday_branch_operator']) retrieved from /home/airflow/.local/lib/python3.7/site-packages/airflow/example_dags/example_branch_day_of_week_operator.py
[2023-10-10T17:37:42.644+0000] {logging_mixin.py:150} INFO - [2023-10-10T17:37:42.644+0000] {dag.py:2742} INFO - Sync 1 DAGs
[2023-10-10T17:37:42.679+0000] {logging_mixin.py:150} INFO - [2023-10-10T17:37:42.679+0000] {dag.py:3508} INFO - Setting next_dagrun for example_weekday_branch_operator to 2023-10-09T00:00:00+00:00, run_after=2023-10-10T00:00:00+00:00
[2023-10-10T17:37:42.703+0000] {processor.py:179} INFO - Processing /home/airflow/.local/lib/python3.7/site-packages/airflow/example_dags/example_branch_day_of_week_operator.py took 0.121 seconds
[2023-10-10T17:38:13.292+0000] {processor.py:157} INFO - Started process (PID=353) to work on /home/airflow/.local/lib/python3.7/site-packages/airflow/example_dags/example_branch_day_of_week_operator.py
[2023-10-10T17:38:13.294+0000] {processor.py:826} INFO - Processing file /home/airflow/.local/lib/python3.7/site-packages/airflow/example_dags/example_branch_day_of_week_operator.py for tasks to queue
[2023-10-10T17:38:13.295+0000] {logging_mixin.py:150} INFO - [2023-10-10T17:38:13.295+0000] {dagbag.py:541} INFO - Filling up the DagBag from /home/airflow/.local/lib/python3.7/site-packages/airflow/example_dags/example_branch_day_of_week_operator.py
[2023-10-10T17:38:13.306+0000] {processor.py:836} INFO - DAG(s) dict_keys(['example_weekday_branch_operator']) retrieved from /home/airflow/.local/lib/python3.7/site-packages/airflow/example_dags/example_branch_day_of_week_operator.py
[2023-10-10T17:38:13.342+0000] {logging_mixin.py:150} INFO - [2023-10-10T17:38:13.341+0000] {dag.py:2742} INFO - Sync 1 DAGs
[2023-10-10T17:38:13.376+0000] {logging_mixin.py:150} INFO - [2023-10-10T17:38:13.376+0000] {dag.py:3508} INFO - Setting next_dagrun for example_weekday_branch_operator to 2023-10-09T00:00:00+00:00, run_after=2023-10-10T00:00:00+00:00
[2023-10-10T17:38:13.401+0000] {processor.py:179} INFO - Processing /home/airflow/.local/lib/python3.7/site-packages/airflow/example_dags/example_branch_day_of_week_operator.py took 0.114 seconds
[2023-10-10T17:38:44.237+0000] {processor.py:157} INFO - Started process (PID=456) to work on /home/airflow/.local/lib/python3.7/site-packages/airflow/example_dags/example_branch_day_of_week_operator.py
[2023-10-10T17:38:44.239+0000] {processor.py:826} INFO - Processing file /home/airflow/.local/lib/python3.7/site-packages/airflow/example_dags/example_branch_day_of_week_operator.py for tasks to queue
[2023-10-10T17:38:44.241+0000] {logging_mixin.py:150} INFO - [2023-10-10T17:38:44.241+0000] {dagbag.py:541} INFO - Filling up the DagBag from /home/airflow/.local/lib/python3.7/site-packages/airflow/example_dags/example_branch_day_of_week_operator.py
[2023-10-10T17:38:44.253+0000] {processor.py:836} INFO - DAG(s) dict_keys(['example_weekday_branch_operator']) retrieved from /home/airflow/.local/lib/python3.7/site-packages/airflow/example_dags/example_branch_day_of_week_operator.py
[2023-10-10T17:38:44.288+0000] {logging_mixin.py:150} INFO - [2023-10-10T17:38:44.287+0000] {dag.py:2742} INFO - Sync 1 DAGs
[2023-10-10T17:38:44.326+0000] {logging_mixin.py:150} INFO - [2023-10-10T17:38:44.325+0000] {dag.py:3508} INFO - Setting next_dagrun for example_weekday_branch_operator to 2023-10-09T00:00:00+00:00, run_after=2023-10-10T00:00:00+00:00
[2023-10-10T17:38:44.358+0000] {processor.py:179} INFO - Processing /home/airflow/.local/lib/python3.7/site-packages/airflow/example_dags/example_branch_day_of_week_operator.py took 0.126 seconds
[2023-10-10T17:39:15.318+0000] {processor.py:157} INFO - Started process (PID=536) to work on /home/airflow/.local/lib/python3.7/site-packages/airflow/example_dags/example_branch_day_of_week_operator.py
[2023-10-10T17:39:15.320+0000] {processor.py:826} INFO - Processing file /home/airflow/.local/lib/python3.7/site-packages/airflow/example_dags/example_branch_day_of_week_operator.py for tasks to queue
[2023-10-10T17:39:15.322+0000] {logging_mixin.py:150} INFO - [2023-10-10T17:39:15.321+0000] {dagbag.py:541} INFO - Filling up the DagBag from /home/airflow/.local/lib/python3.7/site-packages/airflow/example_dags/example_branch_day_of_week_operator.py
[2023-10-10T17:39:15.334+0000] {processor.py:836} INFO - DAG(s) dict_keys(['example_weekday_branch_operator']) retrieved from /home/airflow/.local/lib/python3.7/site-packages/airflow/example_dags/example_branch_day_of_week_operator.py
[2023-10-10T17:39:15.366+0000] {logging_mixin.py:150} INFO - [2023-10-10T17:39:15.366+0000] {dag.py:2742} INFO - Sync 1 DAGs
[2023-10-10T17:39:15.400+0000] {logging_mixin.py:150} INFO - [2023-10-10T17:39:15.400+0000] {dag.py:3508} INFO - Setting next_dagrun for example_weekday_branch_operator to 2023-10-09T00:00:00+00:00, run_after=2023-10-10T00:00:00+00:00
[2023-10-10T17:39:15.423+0000] {processor.py:179} INFO - Processing /home/airflow/.local/lib/python3.7/site-packages/airflow/example_dags/example_branch_day_of_week_operator.py took 0.110 seconds
[2023-10-10T17:39:45.766+0000] {processor.py:157} INFO - Started process (PID=625) to work on /home/airflow/.local/lib/python3.7/site-packages/airflow/example_dags/example_branch_day_of_week_operator.py
[2023-10-10T17:39:45.768+0000] {processor.py:826} INFO - Processing file /home/airflow/.local/lib/python3.7/site-packages/airflow/example_dags/example_branch_day_of_week_operator.py for tasks to queue
[2023-10-10T17:39:45.770+0000] {logging_mixin.py:150} INFO - [2023-10-10T17:39:45.770+0000] {dagbag.py:541} INFO - Filling up the DagBag from /home/airflow/.local/lib/python3.7/site-packages/airflow/example_dags/example_branch_day_of_week_operator.py
[2023-10-10T17:39:45.783+0000] {processor.py:836} INFO - DAG(s) dict_keys(['example_weekday_branch_operator']) retrieved from /home/airflow/.local/lib/python3.7/site-packages/airflow/example_dags/example_branch_day_of_week_operator.py
[2023-10-10T17:39:45.818+0000] {logging_mixin.py:150} INFO - [2023-10-10T17:39:45.818+0000] {dag.py:2742} INFO - Sync 1 DAGs
[2023-10-10T17:39:45.856+0000] {logging_mixin.py:150} INFO - [2023-10-10T17:39:45.856+0000] {dag.py:3508} INFO - Setting next_dagrun for example_weekday_branch_operator to 2023-10-09T00:00:00+00:00, run_after=2023-10-10T00:00:00+00:00
[2023-10-10T17:39:45.880+0000] {processor.py:179} INFO - Processing /home/airflow/.local/lib/python3.7/site-packages/airflow/example_dags/example_branch_day_of_week_operator.py took 0.119 seconds
[2023-10-10T17:40:17.445+0000] {processor.py:157} INFO - Started process (PID=706) to work on /home/airflow/.local/lib/python3.7/site-packages/airflow/example_dags/example_branch_day_of_week_operator.py
[2023-10-10T17:40:17.447+0000] {processor.py:826} INFO - Processing file /home/airflow/.local/lib/python3.7/site-packages/airflow/example_dags/example_branch_day_of_week_operator.py for tasks to queue
[2023-10-10T17:40:17.449+0000] {logging_mixin.py:150} INFO - [2023-10-10T17:40:17.449+0000] {dagbag.py:541} INFO - Filling up the DagBag from /home/airflow/.local/lib/python3.7/site-packages/airflow/example_dags/example_branch_day_of_week_operator.py
[2023-10-10T17:40:17.462+0000] {processor.py:836} INFO - DAG(s) dict_keys(['example_weekday_branch_operator']) retrieved from /home/airflow/.local/lib/python3.7/site-packages/airflow/example_dags/example_branch_day_of_week_operator.py
[2023-10-10T17:40:17.496+0000] {logging_mixin.py:150} INFO - [2023-10-10T17:40:17.496+0000] {dag.py:2742} INFO - Sync 1 DAGs
[2023-10-10T17:40:17.533+0000] {logging_mixin.py:150} INFO - [2023-10-10T17:40:17.533+0000] {dag.py:3508} INFO - Setting next_dagrun for example_weekday_branch_operator to 2023-10-09T00:00:00+00:00, run_after=2023-10-10T00:00:00+00:00
[2023-10-10T17:40:17.563+0000] {processor.py:179} INFO - Processing /home/airflow/.local/lib/python3.7/site-packages/airflow/example_dags/example_branch_day_of_week_operator.py took 0.123 seconds
[2023-10-10T17:40:49.033+0000] {processor.py:157} INFO - Started process (PID=795) to work on /home/airflow/.local/lib/python3.7/site-packages/airflow/example_dags/example_branch_day_of_week_operator.py
[2023-10-10T17:40:49.036+0000] {processor.py:826} INFO - Processing file /home/airflow/.local/lib/python3.7/site-packages/airflow/example_dags/example_branch_day_of_week_operator.py for tasks to queue
[2023-10-10T17:40:49.037+0000] {logging_mixin.py:150} INFO - [2023-10-10T17:40:49.037+0000] {dagbag.py:541} INFO - Filling up the DagBag from /home/airflow/.local/lib/python3.7/site-packages/airflow/example_dags/example_branch_day_of_week_operator.py
[2023-10-10T17:40:49.048+0000] {processor.py:836} INFO - DAG(s) dict_keys(['example_weekday_branch_operator']) retrieved from /home/airflow/.local/lib/python3.7/site-packages/airflow/example_dags/example_branch_day_of_week_operator.py
[2023-10-10T17:40:49.085+0000] {logging_mixin.py:150} INFO - [2023-10-10T17:40:49.085+0000] {dag.py:2742} INFO - Sync 1 DAGs
[2023-10-10T17:40:49.121+0000] {logging_mixin.py:150} INFO - [2023-10-10T17:40:49.121+0000] {dag.py:3508} INFO - Setting next_dagrun for example_weekday_branch_operator to 2023-10-09T00:00:00+00:00, run_after=2023-10-10T00:00:00+00:00
[2023-10-10T17:40:49.145+0000] {processor.py:179} INFO - Processing /home/airflow/.local/lib/python3.7/site-packages/airflow/example_dags/example_branch_day_of_week_operator.py took 0.116 seconds
[2023-10-10T17:41:20.301+0000] {processor.py:157} INFO - Started process (PID=875) to work on /home/airflow/.local/lib/python3.7/site-packages/airflow/example_dags/example_branch_day_of_week_operator.py
[2023-10-10T17:41:20.307+0000] {processor.py:826} INFO - Processing file /home/airflow/.local/lib/python3.7/site-packages/airflow/example_dags/example_branch_day_of_week_operator.py for tasks to queue
[2023-10-10T17:41:20.310+0000] {logging_mixin.py:150} INFO - [2023-10-10T17:41:20.310+0000] {dagbag.py:541} INFO - Filling up the DagBag from /home/airflow/.local/lib/python3.7/site-packages/airflow/example_dags/example_branch_day_of_week_operator.py
[2023-10-10T17:41:20.323+0000] {processor.py:836} INFO - DAG(s) dict_keys(['example_weekday_branch_operator']) retrieved from /home/airflow/.local/lib/python3.7/site-packages/airflow/example_dags/example_branch_day_of_week_operator.py
[2023-10-10T17:41:20.380+0000] {logging_mixin.py:150} INFO - [2023-10-10T17:41:20.380+0000] {dag.py:2742} INFO - Sync 1 DAGs
[2023-10-10T17:41:20.421+0000] {logging_mixin.py:150} INFO - [2023-10-10T17:41:20.421+0000] {dag.py:3508} INFO - Setting next_dagrun for example_weekday_branch_operator to 2023-10-09T00:00:00+00:00, run_after=2023-10-10T00:00:00+00:00
[2023-10-10T17:41:20.452+0000] {processor.py:179} INFO - Processing /home/airflow/.local/lib/python3.7/site-packages/airflow/example_dags/example_branch_day_of_week_operator.py took 0.155 seconds
[2023-10-10T17:41:51.282+0000] {processor.py:157} INFO - Started process (PID=965) to work on /home/airflow/.local/lib/python3.7/site-packages/airflow/example_dags/example_branch_day_of_week_operator.py
[2023-10-10T17:41:51.284+0000] {processor.py:826} INFO - Processing file /home/airflow/.local/lib/python3.7/site-packages/airflow/example_dags/example_branch_day_of_week_operator.py for tasks to queue
[2023-10-10T17:41:51.286+0000] {logging_mixin.py:150} INFO - [2023-10-10T17:41:51.286+0000] {dagbag.py:541} INFO - Filling up the DagBag from /home/airflow/.local/lib/python3.7/site-packages/airflow/example_dags/example_branch_day_of_week_operator.py
[2023-10-10T17:41:51.297+0000] {processor.py:836} INFO - DAG(s) dict_keys(['example_weekday_branch_operator']) retrieved from /home/airflow/.local/lib/python3.7/site-packages/airflow/example_dags/example_branch_day_of_week_operator.py
[2023-10-10T17:41:51.334+0000] {logging_mixin.py:150} INFO - [2023-10-10T17:41:51.333+0000] {dag.py:2742} INFO - Sync 1 DAGs
[2023-10-10T17:41:51.372+0000] {logging_mixin.py:150} INFO - [2023-10-10T17:41:51.372+0000] {dag.py:3508} INFO - Setting next_dagrun for example_weekday_branch_operator to 2023-10-09T00:00:00+00:00, run_after=2023-10-10T00:00:00+00:00
[2023-10-10T17:41:51.396+0000] {processor.py:179} INFO - Processing /home/airflow/.local/lib/python3.7/site-packages/airflow/example_dags/example_branch_day_of_week_operator.py took 0.119 seconds
[2023-10-10T17:42:22.857+0000] {processor.py:157} INFO - Started process (PID=1045) to work on /home/airflow/.local/lib/python3.7/site-packages/airflow/example_dags/example_branch_day_of_week_operator.py
[2023-10-10T17:42:22.860+0000] {processor.py:826} INFO - Processing file /home/airflow/.local/lib/python3.7/site-packages/airflow/example_dags/example_branch_day_of_week_operator.py for tasks to queue
[2023-10-10T17:42:22.864+0000] {logging_mixin.py:150} INFO - [2023-10-10T17:42:22.862+0000] {dagbag.py:541} INFO - Filling up the DagBag from /home/airflow/.local/lib/python3.7/site-packages/airflow/example_dags/example_branch_day_of_week_operator.py
[2023-10-10T17:42:22.892+0000] {processor.py:836} INFO - DAG(s) dict_keys(['example_weekday_branch_operator']) retrieved from /home/airflow/.local/lib/python3.7/site-packages/airflow/example_dags/example_branch_day_of_week_operator.py
[2023-10-10T17:42:22.927+0000] {logging_mixin.py:150} INFO - [2023-10-10T17:42:22.927+0000] {dag.py:2742} INFO - Sync 1 DAGs
[2023-10-10T17:42:22.964+0000] {logging_mixin.py:150} INFO - [2023-10-10T17:42:22.963+0000] {dag.py:3508} INFO - Setting next_dagrun for example_weekday_branch_operator to 2023-10-09T00:00:00+00:00, run_after=2023-10-10T00:00:00+00:00
[2023-10-10T17:42:22.994+0000] {processor.py:179} INFO - Processing /home/airflow/.local/lib/python3.7/site-packages/airflow/example_dags/example_branch_day_of_week_operator.py took 0.142 seconds
[2023-10-10T17:42:53.320+0000] {processor.py:157} INFO - Started process (PID=1135) to work on /home/airflow/.local/lib/python3.7/site-packages/airflow/example_dags/example_branch_day_of_week_operator.py
[2023-10-10T17:42:53.322+0000] {processor.py:826} INFO - Processing file /home/airflow/.local/lib/python3.7/site-packages/airflow/example_dags/example_branch_day_of_week_operator.py for tasks to queue
[2023-10-10T17:42:53.324+0000] {logging_mixin.py:150} INFO - [2023-10-10T17:42:53.324+0000] {dagbag.py:541} INFO - Filling up the DagBag from /home/airflow/.local/lib/python3.7/site-packages/airflow/example_dags/example_branch_day_of_week_operator.py
[2023-10-10T17:42:53.337+0000] {processor.py:836} INFO - DAG(s) dict_keys(['example_weekday_branch_operator']) retrieved from /home/airflow/.local/lib/python3.7/site-packages/airflow/example_dags/example_branch_day_of_week_operator.py
[2023-10-10T17:42:53.376+0000] {logging_mixin.py:150} INFO - [2023-10-10T17:42:53.376+0000] {dag.py:2742} INFO - Sync 1 DAGs
[2023-10-10T17:42:53.421+0000] {logging_mixin.py:150} INFO - [2023-10-10T17:42:53.420+0000] {dag.py:3508} INFO - Setting next_dagrun for example_weekday_branch_operator to 2023-10-09T00:00:00+00:00, run_after=2023-10-10T00:00:00+00:00
[2023-10-10T17:42:53.448+0000] {processor.py:179} INFO - Processing /home/airflow/.local/lib/python3.7/site-packages/airflow/example_dags/example_branch_day_of_week_operator.py took 0.134 seconds
[2023-10-10T17:43:24.435+0000] {processor.py:157} INFO - Started process (PID=1215) to work on /home/airflow/.local/lib/python3.7/site-packages/airflow/example_dags/example_branch_day_of_week_operator.py
[2023-10-10T17:43:24.439+0000] {processor.py:826} INFO - Processing file /home/airflow/.local/lib/python3.7/site-packages/airflow/example_dags/example_branch_day_of_week_operator.py for tasks to queue
[2023-10-10T17:43:24.441+0000] {logging_mixin.py:150} INFO - [2023-10-10T17:43:24.441+0000] {dagbag.py:541} INFO - Filling up the DagBag from /home/airflow/.local/lib/python3.7/site-packages/airflow/example_dags/example_branch_day_of_week_operator.py
[2023-10-10T17:43:24.456+0000] {processor.py:836} INFO - DAG(s) dict_keys(['example_weekday_branch_operator']) retrieved from /home/airflow/.local/lib/python3.7/site-packages/airflow/example_dags/example_branch_day_of_week_operator.py
[2023-10-10T17:43:24.507+0000] {logging_mixin.py:150} INFO - [2023-10-10T17:43:24.507+0000] {dag.py:2742} INFO - Sync 1 DAGs
[2023-10-10T17:43:24.558+0000] {logging_mixin.py:150} INFO - [2023-10-10T17:43:24.558+0000] {dag.py:3508} INFO - Setting next_dagrun for example_weekday_branch_operator to 2023-10-09T00:00:00+00:00, run_after=2023-10-10T00:00:00+00:00
[2023-10-10T17:43:24.593+0000] {processor.py:179} INFO - Processing /home/airflow/.local/lib/python3.7/site-packages/airflow/example_dags/example_branch_day_of_week_operator.py took 0.166 seconds
[2023-10-10T17:43:55.089+0000] {processor.py:157} INFO - Started process (PID=1304) to work on /home/airflow/.local/lib/python3.7/site-packages/airflow/example_dags/example_branch_day_of_week_operator.py
[2023-10-10T17:43:55.091+0000] {processor.py:826} INFO - Processing file /home/airflow/.local/lib/python3.7/site-packages/airflow/example_dags/example_branch_day_of_week_operator.py for tasks to queue
[2023-10-10T17:43:55.093+0000] {logging_mixin.py:150} INFO - [2023-10-10T17:43:55.093+0000] {dagbag.py:541} INFO - Filling up the DagBag from /home/airflow/.local/lib/python3.7/site-packages/airflow/example_dags/example_branch_day_of_week_operator.py
[2023-10-10T17:43:55.106+0000] {processor.py:836} INFO - DAG(s) dict_keys(['example_weekday_branch_operator']) retrieved from /home/airflow/.local/lib/python3.7/site-packages/airflow/example_dags/example_branch_day_of_week_operator.py
[2023-10-10T17:43:55.159+0000] {logging_mixin.py:150} INFO - [2023-10-10T17:43:55.159+0000] {dag.py:2742} INFO - Sync 1 DAGs
[2023-10-10T17:43:55.201+0000] {logging_mixin.py:150} INFO - [2023-10-10T17:43:55.200+0000] {dag.py:3508} INFO - Setting next_dagrun for example_weekday_branch_operator to 2023-10-09T00:00:00+00:00, run_after=2023-10-10T00:00:00+00:00
[2023-10-10T17:43:55.227+0000] {processor.py:179} INFO - Processing /home/airflow/.local/lib/python3.7/site-packages/airflow/example_dags/example_branch_day_of_week_operator.py took 0.148 seconds
[2023-10-10T17:44:26.075+0000] {processor.py:157} INFO - Started process (PID=1384) to work on /home/airflow/.local/lib/python3.7/site-packages/airflow/example_dags/example_branch_day_of_week_operator.py
[2023-10-10T17:44:26.077+0000] {processor.py:826} INFO - Processing file /home/airflow/.local/lib/python3.7/site-packages/airflow/example_dags/example_branch_day_of_week_operator.py for tasks to queue
[2023-10-10T17:44:26.079+0000] {logging_mixin.py:150} INFO - [2023-10-10T17:44:26.078+0000] {dagbag.py:541} INFO - Filling up the DagBag from /home/airflow/.local/lib/python3.7/site-packages/airflow/example_dags/example_branch_day_of_week_operator.py
[2023-10-10T17:44:26.096+0000] {processor.py:836} INFO - DAG(s) dict_keys(['example_weekday_branch_operator']) retrieved from /home/airflow/.local/lib/python3.7/site-packages/airflow/example_dags/example_branch_day_of_week_operator.py
[2023-10-10T17:44:26.135+0000] {logging_mixin.py:150} INFO - [2023-10-10T17:44:26.135+0000] {dag.py:2742} INFO - Sync 1 DAGs
[2023-10-10T17:44:26.174+0000] {logging_mixin.py:150} INFO - [2023-10-10T17:44:26.174+0000] {dag.py:3508} INFO - Setting next_dagrun for example_weekday_branch_operator to 2023-10-09T00:00:00+00:00, run_after=2023-10-10T00:00:00+00:00
[2023-10-10T17:44:26.196+0000] {processor.py:179} INFO - Processing /home/airflow/.local/lib/python3.7/site-packages/airflow/example_dags/example_branch_day_of_week_operator.py took 0.127 seconds
[2023-10-10T17:44:57.053+0000] {processor.py:157} INFO - Started process (PID=1473) to work on /home/airflow/.local/lib/python3.7/site-packages/airflow/example_dags/example_branch_day_of_week_operator.py
[2023-10-10T17:44:57.055+0000] {processor.py:826} INFO - Processing file /home/airflow/.local/lib/python3.7/site-packages/airflow/example_dags/example_branch_day_of_week_operator.py for tasks to queue
[2023-10-10T17:44:57.057+0000] {logging_mixin.py:150} INFO - [2023-10-10T17:44:57.057+0000] {dagbag.py:541} INFO - Filling up the DagBag from /home/airflow/.local/lib/python3.7/site-packages/airflow/example_dags/example_branch_day_of_week_operator.py
[2023-10-10T17:44:57.068+0000] {processor.py:836} INFO - DAG(s) dict_keys(['example_weekday_branch_operator']) retrieved from /home/airflow/.local/lib/python3.7/site-packages/airflow/example_dags/example_branch_day_of_week_operator.py
[2023-10-10T17:44:57.104+0000] {logging_mixin.py:150} INFO - [2023-10-10T17:44:57.104+0000] {dag.py:2742} INFO - Sync 1 DAGs
[2023-10-10T17:44:57.144+0000] {logging_mixin.py:150} INFO - [2023-10-10T17:44:57.144+0000] {dag.py:3508} INFO - Setting next_dagrun for example_weekday_branch_operator to 2023-10-09T00:00:00+00:00, run_after=2023-10-10T00:00:00+00:00
[2023-10-10T17:44:57.172+0000] {processor.py:179} INFO - Processing /home/airflow/.local/lib/python3.7/site-packages/airflow/example_dags/example_branch_day_of_week_operator.py took 0.124 seconds
[2023-10-10T17:45:28.207+0000] {processor.py:157} INFO - Started process (PID=1553) to work on /home/airflow/.local/lib/python3.7/site-packages/airflow/example_dags/example_branch_day_of_week_operator.py
[2023-10-10T17:45:28.209+0000] {processor.py:826} INFO - Processing file /home/airflow/.local/lib/python3.7/site-packages/airflow/example_dags/example_branch_day_of_week_operator.py for tasks to queue
[2023-10-10T17:45:28.210+0000] {logging_mixin.py:150} INFO - [2023-10-10T17:45:28.210+0000] {dagbag.py:541} INFO - Filling up the DagBag from /home/airflow/.local/lib/python3.7/site-packages/airflow/example_dags/example_branch_day_of_week_operator.py
[2023-10-10T17:45:28.221+0000] {processor.py:836} INFO - DAG(s) dict_keys(['example_weekday_branch_operator']) retrieved from /home/airflow/.local/lib/python3.7/site-packages/airflow/example_dags/example_branch_day_of_week_operator.py
[2023-10-10T17:45:28.262+0000] {logging_mixin.py:150} INFO - [2023-10-10T17:45:28.262+0000] {dag.py:2742} INFO - Sync 1 DAGs
[2023-10-10T17:45:28.298+0000] {logging_mixin.py:150} INFO - [2023-10-10T17:45:28.297+0000] {dag.py:3508} INFO - Setting next_dagrun for example_weekday_branch_operator to 2023-10-09T00:00:00+00:00, run_after=2023-10-10T00:00:00+00:00
[2023-10-10T17:45:28.323+0000] {processor.py:179} INFO - Processing /home/airflow/.local/lib/python3.7/site-packages/airflow/example_dags/example_branch_day_of_week_operator.py took 0.121 seconds
[2023-10-10T17:45:59.497+0000] {processor.py:157} INFO - Started process (PID=1642) to work on /home/airflow/.local/lib/python3.7/site-packages/airflow/example_dags/example_branch_day_of_week_operator.py
[2023-10-10T17:45:59.499+0000] {processor.py:826} INFO - Processing file /home/airflow/.local/lib/python3.7/site-packages/airflow/example_dags/example_branch_day_of_week_operator.py for tasks to queue
[2023-10-10T17:45:59.501+0000] {logging_mixin.py:150} INFO - [2023-10-10T17:45:59.501+0000] {dagbag.py:541} INFO - Filling up the DagBag from /home/airflow/.local/lib/python3.7/site-packages/airflow/example_dags/example_branch_day_of_week_operator.py
[2023-10-10T17:45:59.513+0000] {processor.py:836} INFO - DAG(s) dict_keys(['example_weekday_branch_operator']) retrieved from /home/airflow/.local/lib/python3.7/site-packages/airflow/example_dags/example_branch_day_of_week_operator.py
[2023-10-10T17:45:59.555+0000] {logging_mixin.py:150} INFO - [2023-10-10T17:45:59.555+0000] {dag.py:2742} INFO - Sync 1 DAGs
[2023-10-10T17:45:59.596+0000] {logging_mixin.py:150} INFO - [2023-10-10T17:45:59.596+0000] {dag.py:3508} INFO - Setting next_dagrun for example_weekday_branch_operator to 2023-10-09T00:00:00+00:00, run_after=2023-10-10T00:00:00+00:00
[2023-10-10T17:45:59.619+0000] {processor.py:179} INFO - Processing /home/airflow/.local/lib/python3.7/site-packages/airflow/example_dags/example_branch_day_of_week_operator.py took 0.128 seconds
[2023-10-10T17:46:30.891+0000] {processor.py:157} INFO - Started process (PID=1722) to work on /home/airflow/.local/lib/python3.7/site-packages/airflow/example_dags/example_branch_day_of_week_operator.py
[2023-10-10T17:46:30.893+0000] {processor.py:826} INFO - Processing file /home/airflow/.local/lib/python3.7/site-packages/airflow/example_dags/example_branch_day_of_week_operator.py for tasks to queue
[2023-10-10T17:46:30.896+0000] {logging_mixin.py:150} INFO - [2023-10-10T17:46:30.895+0000] {dagbag.py:541} INFO - Filling up the DagBag from /home/airflow/.local/lib/python3.7/site-packages/airflow/example_dags/example_branch_day_of_week_operator.py
[2023-10-10T17:46:30.912+0000] {processor.py:836} INFO - DAG(s) dict_keys(['example_weekday_branch_operator']) retrieved from /home/airflow/.local/lib/python3.7/site-packages/airflow/example_dags/example_branch_day_of_week_operator.py
[2023-10-10T17:46:30.950+0000] {logging_mixin.py:150} INFO - [2023-10-10T17:46:30.949+0000] {dag.py:2742} INFO - Sync 1 DAGs
[2023-10-10T17:46:30.984+0000] {logging_mixin.py:150} INFO - [2023-10-10T17:46:30.984+0000] {dag.py:3508} INFO - Setting next_dagrun for example_weekday_branch_operator to 2023-10-09T00:00:00+00:00, run_after=2023-10-10T00:00:00+00:00
[2023-10-10T17:46:31.010+0000] {processor.py:179} INFO - Processing /home/airflow/.local/lib/python3.7/site-packages/airflow/example_dags/example_branch_day_of_week_operator.py took 0.125 seconds
[2023-10-10T17:47:02.371+0000] {processor.py:157} INFO - Started process (PID=1811) to work on /home/airflow/.local/lib/python3.7/site-packages/airflow/example_dags/example_branch_day_of_week_operator.py
[2023-10-10T17:47:02.373+0000] {processor.py:826} INFO - Processing file /home/airflow/.local/lib/python3.7/site-packages/airflow/example_dags/example_branch_day_of_week_operator.py for tasks to queue
[2023-10-10T17:47:02.374+0000] {logging_mixin.py:150} INFO - [2023-10-10T17:47:02.374+0000] {dagbag.py:541} INFO - Filling up the DagBag from /home/airflow/.local/lib/python3.7/site-packages/airflow/example_dags/example_branch_day_of_week_operator.py
[2023-10-10T17:47:02.385+0000] {processor.py:836} INFO - DAG(s) dict_keys(['example_weekday_branch_operator']) retrieved from /home/airflow/.local/lib/python3.7/site-packages/airflow/example_dags/example_branch_day_of_week_operator.py
[2023-10-10T17:47:02.418+0000] {logging_mixin.py:150} INFO - [2023-10-10T17:47:02.417+0000] {dag.py:2742} INFO - Sync 1 DAGs
[2023-10-10T17:47:02.457+0000] {logging_mixin.py:150} INFO - [2023-10-10T17:47:02.457+0000] {dag.py:3508} INFO - Setting next_dagrun for example_weekday_branch_operator to 2023-10-09T00:00:00+00:00, run_after=2023-10-10T00:00:00+00:00
[2023-10-10T17:47:02.481+0000] {processor.py:179} INFO - Processing /home/airflow/.local/lib/python3.7/site-packages/airflow/example_dags/example_branch_day_of_week_operator.py took 0.115 seconds
[2023-10-10T17:47:33.585+0000] {processor.py:157} INFO - Started process (PID=1891) to work on /home/airflow/.local/lib/python3.7/site-packages/airflow/example_dags/example_branch_day_of_week_operator.py
[2023-10-10T17:47:33.587+0000] {processor.py:826} INFO - Processing file /home/airflow/.local/lib/python3.7/site-packages/airflow/example_dags/example_branch_day_of_week_operator.py for tasks to queue
[2023-10-10T17:47:33.588+0000] {logging_mixin.py:150} INFO - [2023-10-10T17:47:33.588+0000] {dagbag.py:541} INFO - Filling up the DagBag from /home/airflow/.local/lib/python3.7/site-packages/airflow/example_dags/example_branch_day_of_week_operator.py
[2023-10-10T17:47:33.599+0000] {processor.py:836} INFO - DAG(s) dict_keys(['example_weekday_branch_operator']) retrieved from /home/airflow/.local/lib/python3.7/site-packages/airflow/example_dags/example_branch_day_of_week_operator.py
[2023-10-10T17:47:33.635+0000] {logging_mixin.py:150} INFO - [2023-10-10T17:47:33.635+0000] {dag.py:2742} INFO - Sync 1 DAGs
[2023-10-10T17:47:33.675+0000] {logging_mixin.py:150} INFO - [2023-10-10T17:47:33.674+0000] {dag.py:3508} INFO - Setting next_dagrun for example_weekday_branch_operator to 2023-10-09T00:00:00+00:00, run_after=2023-10-10T00:00:00+00:00
[2023-10-10T17:47:33.700+0000] {processor.py:179} INFO - Processing /home/airflow/.local/lib/python3.7/site-packages/airflow/example_dags/example_branch_day_of_week_operator.py took 0.120 seconds
[2023-10-10T17:48:05.223+0000] {processor.py:157} INFO - Started process (PID=1981) to work on /home/airflow/.local/lib/python3.7/site-packages/airflow/example_dags/example_branch_day_of_week_operator.py
[2023-10-10T17:48:05.226+0000] {processor.py:826} INFO - Processing file /home/airflow/.local/lib/python3.7/site-packages/airflow/example_dags/example_branch_day_of_week_operator.py for tasks to queue
[2023-10-10T17:48:05.227+0000] {logging_mixin.py:150} INFO - [2023-10-10T17:48:05.227+0000] {dagbag.py:541} INFO - Filling up the DagBag from /home/airflow/.local/lib/python3.7/site-packages/airflow/example_dags/example_branch_day_of_week_operator.py
[2023-10-10T17:48:05.238+0000] {processor.py:836} INFO - DAG(s) dict_keys(['example_weekday_branch_operator']) retrieved from /home/airflow/.local/lib/python3.7/site-packages/airflow/example_dags/example_branch_day_of_week_operator.py
[2023-10-10T17:48:05.282+0000] {logging_mixin.py:150} INFO - [2023-10-10T17:48:05.282+0000] {dag.py:2742} INFO - Sync 1 DAGs
[2023-10-10T17:48:05.320+0000] {logging_mixin.py:150} INFO - [2023-10-10T17:48:05.320+0000] {dag.py:3508} INFO - Setting next_dagrun for example_weekday_branch_operator to 2023-10-09T00:00:00+00:00, run_after=2023-10-10T00:00:00+00:00
[2023-10-10T17:48:05.348+0000] {processor.py:179} INFO - Processing /home/airflow/.local/lib/python3.7/site-packages/airflow/example_dags/example_branch_day_of_week_operator.py took 0.130 seconds
[2023-10-10T17:48:36.723+0000] {processor.py:157} INFO - Started process (PID=2070) to work on /home/airflow/.local/lib/python3.7/site-packages/airflow/example_dags/example_branch_day_of_week_operator.py
[2023-10-10T17:48:36.725+0000] {processor.py:826} INFO - Processing file /home/airflow/.local/lib/python3.7/site-packages/airflow/example_dags/example_branch_day_of_week_operator.py for tasks to queue
[2023-10-10T17:48:36.727+0000] {logging_mixin.py:150} INFO - [2023-10-10T17:48:36.727+0000] {dagbag.py:541} INFO - Filling up the DagBag from /home/airflow/.local/lib/python3.7/site-packages/airflow/example_dags/example_branch_day_of_week_operator.py
[2023-10-10T17:48:36.742+0000] {processor.py:836} INFO - DAG(s) dict_keys(['example_weekday_branch_operator']) retrieved from /home/airflow/.local/lib/python3.7/site-packages/airflow/example_dags/example_branch_day_of_week_operator.py
[2023-10-10T17:48:36.782+0000] {logging_mixin.py:150} INFO - [2023-10-10T17:48:36.782+0000] {dag.py:2742} INFO - Sync 1 DAGs
[2023-10-10T17:48:36.825+0000] {logging_mixin.py:150} INFO - [2023-10-10T17:48:36.825+0000] {dag.py:3508} INFO - Setting next_dagrun for example_weekday_branch_operator to 2023-10-09T00:00:00+00:00, run_after=2023-10-10T00:00:00+00:00
[2023-10-10T17:48:36.851+0000] {processor.py:179} INFO - Processing /home/airflow/.local/lib/python3.7/site-packages/airflow/example_dags/example_branch_day_of_week_operator.py took 0.134 seconds
[2023-10-10T17:49:07.575+0000] {processor.py:157} INFO - Started process (PID=2157) to work on /home/airflow/.local/lib/python3.7/site-packages/airflow/example_dags/example_branch_day_of_week_operator.py
[2023-10-10T17:49:07.578+0000] {processor.py:826} INFO - Processing file /home/airflow/.local/lib/python3.7/site-packages/airflow/example_dags/example_branch_day_of_week_operator.py for tasks to queue
[2023-10-10T17:49:07.579+0000] {logging_mixin.py:150} INFO - [2023-10-10T17:49:07.579+0000] {dagbag.py:541} INFO - Filling up the DagBag from /home/airflow/.local/lib/python3.7/site-packages/airflow/example_dags/example_branch_day_of_week_operator.py
[2023-10-10T17:49:07.594+0000] {processor.py:836} INFO - DAG(s) dict_keys(['example_weekday_branch_operator']) retrieved from /home/airflow/.local/lib/python3.7/site-packages/airflow/example_dags/example_branch_day_of_week_operator.py
[2023-10-10T17:49:07.641+0000] {logging_mixin.py:150} INFO - [2023-10-10T17:49:07.641+0000] {dag.py:2742} INFO - Sync 1 DAGs
[2023-10-10T17:49:07.709+0000] {logging_mixin.py:150} INFO - [2023-10-10T17:49:07.709+0000] {dag.py:3508} INFO - Setting next_dagrun for example_weekday_branch_operator to 2023-10-09T00:00:00+00:00, run_after=2023-10-10T00:00:00+00:00
[2023-10-10T17:49:07.783+0000] {processor.py:179} INFO - Processing /home/airflow/.local/lib/python3.7/site-packages/airflow/example_dags/example_branch_day_of_week_operator.py took 0.214 seconds
[2023-10-10T17:49:39.218+0000] {processor.py:157} INFO - Started process (PID=2244) to work on /home/airflow/.local/lib/python3.7/site-packages/airflow/example_dags/example_branch_day_of_week_operator.py
[2023-10-10T17:49:39.221+0000] {processor.py:826} INFO - Processing file /home/airflow/.local/lib/python3.7/site-packages/airflow/example_dags/example_branch_day_of_week_operator.py for tasks to queue
[2023-10-10T17:49:39.223+0000] {logging_mixin.py:150} INFO - [2023-10-10T17:49:39.223+0000] {dagbag.py:541} INFO - Filling up the DagBag from /home/airflow/.local/lib/python3.7/site-packages/airflow/example_dags/example_branch_day_of_week_operator.py
[2023-10-10T17:49:39.248+0000] {processor.py:836} INFO - DAG(s) dict_keys(['example_weekday_branch_operator']) retrieved from /home/airflow/.local/lib/python3.7/site-packages/airflow/example_dags/example_branch_day_of_week_operator.py
[2023-10-10T17:49:39.320+0000] {logging_mixin.py:150} INFO - [2023-10-10T17:49:39.320+0000] {dag.py:2742} INFO - Sync 1 DAGs
[2023-10-10T17:49:39.382+0000] {logging_mixin.py:150} INFO - [2023-10-10T17:49:39.382+0000] {dag.py:3508} INFO - Setting next_dagrun for example_weekday_branch_operator to 2023-10-09T00:00:00+00:00, run_after=2023-10-10T00:00:00+00:00
[2023-10-10T17:49:39.447+0000] {processor.py:179} INFO - Processing /home/airflow/.local/lib/python3.7/site-packages/airflow/example_dags/example_branch_day_of_week_operator.py took 0.239 seconds
[2023-10-10T17:50:09.631+0000] {processor.py:157} INFO - Started process (PID=2325) to work on /home/airflow/.local/lib/python3.7/site-packages/airflow/example_dags/example_branch_day_of_week_operator.py
[2023-10-10T17:50:09.633+0000] {processor.py:826} INFO - Processing file /home/airflow/.local/lib/python3.7/site-packages/airflow/example_dags/example_branch_day_of_week_operator.py for tasks to queue
[2023-10-10T17:50:09.635+0000] {logging_mixin.py:150} INFO - [2023-10-10T17:50:09.635+0000] {dagbag.py:541} INFO - Filling up the DagBag from /home/airflow/.local/lib/python3.7/site-packages/airflow/example_dags/example_branch_day_of_week_operator.py
[2023-10-10T17:50:09.649+0000] {processor.py:836} INFO - DAG(s) dict_keys(['example_weekday_branch_operator']) retrieved from /home/airflow/.local/lib/python3.7/site-packages/airflow/example_dags/example_branch_day_of_week_operator.py
[2023-10-10T17:50:09.690+0000] {logging_mixin.py:150} INFO - [2023-10-10T17:50:09.690+0000] {dag.py:2742} INFO - Sync 1 DAGs
[2023-10-10T17:50:09.728+0000] {logging_mixin.py:150} INFO - [2023-10-10T17:50:09.728+0000] {dag.py:3508} INFO - Setting next_dagrun for example_weekday_branch_operator to 2023-10-09T00:00:00+00:00, run_after=2023-10-10T00:00:00+00:00
[2023-10-10T17:50:09.753+0000] {processor.py:179} INFO - Processing /home/airflow/.local/lib/python3.7/site-packages/airflow/example_dags/example_branch_day_of_week_operator.py took 0.127 seconds
[2023-10-10T17:50:40.403+0000] {processor.py:157} INFO - Started process (PID=2408) to work on /home/airflow/.local/lib/python3.7/site-packages/airflow/example_dags/example_branch_day_of_week_operator.py
[2023-10-10T17:50:40.405+0000] {processor.py:826} INFO - Processing file /home/airflow/.local/lib/python3.7/site-packages/airflow/example_dags/example_branch_day_of_week_operator.py for tasks to queue
[2023-10-10T17:50:40.407+0000] {logging_mixin.py:150} INFO - [2023-10-10T17:50:40.406+0000] {dagbag.py:541} INFO - Filling up the DagBag from /home/airflow/.local/lib/python3.7/site-packages/airflow/example_dags/example_branch_day_of_week_operator.py
[2023-10-10T17:50:40.418+0000] {processor.py:836} INFO - DAG(s) dict_keys(['example_weekday_branch_operator']) retrieved from /home/airflow/.local/lib/python3.7/site-packages/airflow/example_dags/example_branch_day_of_week_operator.py
[2023-10-10T17:50:40.452+0000] {logging_mixin.py:150} INFO - [2023-10-10T17:50:40.452+0000] {dag.py:2742} INFO - Sync 1 DAGs
[2023-10-10T17:50:40.489+0000] {logging_mixin.py:150} INFO - [2023-10-10T17:50:40.489+0000] {dag.py:3508} INFO - Setting next_dagrun for example_weekday_branch_operator to 2023-10-09T00:00:00+00:00, run_after=2023-10-10T00:00:00+00:00
[2023-10-10T17:50:40.514+0000] {processor.py:179} INFO - Processing /home/airflow/.local/lib/python3.7/site-packages/airflow/example_dags/example_branch_day_of_week_operator.py took 0.116 seconds
[2023-10-10T17:51:11.091+0000] {processor.py:157} INFO - Started process (PID=2497) to work on /home/airflow/.local/lib/python3.7/site-packages/airflow/example_dags/example_branch_day_of_week_operator.py
[2023-10-10T17:51:11.093+0000] {processor.py:826} INFO - Processing file /home/airflow/.local/lib/python3.7/site-packages/airflow/example_dags/example_branch_day_of_week_operator.py for tasks to queue
[2023-10-10T17:51:11.095+0000] {logging_mixin.py:150} INFO - [2023-10-10T17:51:11.094+0000] {dagbag.py:541} INFO - Filling up the DagBag from /home/airflow/.local/lib/python3.7/site-packages/airflow/example_dags/example_branch_day_of_week_operator.py
[2023-10-10T17:51:11.108+0000] {processor.py:836} INFO - DAG(s) dict_keys(['example_weekday_branch_operator']) retrieved from /home/airflow/.local/lib/python3.7/site-packages/airflow/example_dags/example_branch_day_of_week_operator.py
[2023-10-10T17:51:11.146+0000] {logging_mixin.py:150} INFO - [2023-10-10T17:51:11.146+0000] {dag.py:2742} INFO - Sync 1 DAGs
[2023-10-10T17:51:11.193+0000] {logging_mixin.py:150} INFO - [2023-10-10T17:51:11.192+0000] {dag.py:3508} INFO - Setting next_dagrun for example_weekday_branch_operator to 2023-10-09T00:00:00+00:00, run_after=2023-10-10T00:00:00+00:00
[2023-10-10T17:51:11.229+0000] {processor.py:179} INFO - Processing /home/airflow/.local/lib/python3.7/site-packages/airflow/example_dags/example_branch_day_of_week_operator.py took 0.143 seconds
[2023-10-10T17:51:42.027+0000] {processor.py:157} INFO - Started process (PID=2579) to work on /home/airflow/.local/lib/python3.7/site-packages/airflow/example_dags/example_branch_day_of_week_operator.py
[2023-10-10T17:51:42.029+0000] {processor.py:826} INFO - Processing file /home/airflow/.local/lib/python3.7/site-packages/airflow/example_dags/example_branch_day_of_week_operator.py for tasks to queue
[2023-10-10T17:51:42.031+0000] {logging_mixin.py:150} INFO - [2023-10-10T17:51:42.031+0000] {dagbag.py:541} INFO - Filling up the DagBag from /home/airflow/.local/lib/python3.7/site-packages/airflow/example_dags/example_branch_day_of_week_operator.py
[2023-10-10T17:51:42.046+0000] {processor.py:836} INFO - DAG(s) dict_keys(['example_weekday_branch_operator']) retrieved from /home/airflow/.local/lib/python3.7/site-packages/airflow/example_dags/example_branch_day_of_week_operator.py
[2023-10-10T17:51:42.088+0000] {logging_mixin.py:150} INFO - [2023-10-10T17:51:42.088+0000] {dag.py:2742} INFO - Sync 1 DAGs
[2023-10-10T17:51:42.129+0000] {logging_mixin.py:150} INFO - [2023-10-10T17:51:42.129+0000] {dag.py:3508} INFO - Setting next_dagrun for example_weekday_branch_operator to 2023-10-09T00:00:00+00:00, run_after=2023-10-10T00:00:00+00:00
[2023-10-10T17:51:42.160+0000] {processor.py:179} INFO - Processing /home/airflow/.local/lib/python3.7/site-packages/airflow/example_dags/example_branch_day_of_week_operator.py took 0.139 seconds
[2023-10-10T17:52:12.814+0000] {processor.py:157} INFO - Started process (PID=2671) to work on /home/airflow/.local/lib/python3.7/site-packages/airflow/example_dags/example_branch_day_of_week_operator.py
[2023-10-10T17:52:12.816+0000] {processor.py:826} INFO - Processing file /home/airflow/.local/lib/python3.7/site-packages/airflow/example_dags/example_branch_day_of_week_operator.py for tasks to queue
[2023-10-10T17:52:12.818+0000] {logging_mixin.py:150} INFO - [2023-10-10T17:52:12.818+0000] {dagbag.py:541} INFO - Filling up the DagBag from /home/airflow/.local/lib/python3.7/site-packages/airflow/example_dags/example_branch_day_of_week_operator.py
[2023-10-10T17:52:12.832+0000] {processor.py:836} INFO - DAG(s) dict_keys(['example_weekday_branch_operator']) retrieved from /home/airflow/.local/lib/python3.7/site-packages/airflow/example_dags/example_branch_day_of_week_operator.py
[2023-10-10T17:52:12.884+0000] {logging_mixin.py:150} INFO - [2023-10-10T17:52:12.883+0000] {dag.py:2742} INFO - Sync 1 DAGs
[2023-10-10T17:52:12.934+0000] {logging_mixin.py:150} INFO - [2023-10-10T17:52:12.934+0000] {dag.py:3508} INFO - Setting next_dagrun for example_weekday_branch_operator to 2023-10-09T00:00:00+00:00, run_after=2023-10-10T00:00:00+00:00
[2023-10-10T17:52:12.968+0000] {processor.py:179} INFO - Processing /home/airflow/.local/lib/python3.7/site-packages/airflow/example_dags/example_branch_day_of_week_operator.py took 0.160 seconds
[2023-10-10T17:52:44.106+0000] {processor.py:157} INFO - Started process (PID=2752) to work on /home/airflow/.local/lib/python3.7/site-packages/airflow/example_dags/example_branch_day_of_week_operator.py
[2023-10-10T17:52:44.108+0000] {processor.py:826} INFO - Processing file /home/airflow/.local/lib/python3.7/site-packages/airflow/example_dags/example_branch_day_of_week_operator.py for tasks to queue
[2023-10-10T17:52:44.110+0000] {logging_mixin.py:150} INFO - [2023-10-10T17:52:44.110+0000] {dagbag.py:541} INFO - Filling up the DagBag from /home/airflow/.local/lib/python3.7/site-packages/airflow/example_dags/example_branch_day_of_week_operator.py
[2023-10-10T17:52:44.122+0000] {processor.py:836} INFO - DAG(s) dict_keys(['example_weekday_branch_operator']) retrieved from /home/airflow/.local/lib/python3.7/site-packages/airflow/example_dags/example_branch_day_of_week_operator.py
[2023-10-10T17:52:44.155+0000] {logging_mixin.py:150} INFO - [2023-10-10T17:52:44.155+0000] {dag.py:2742} INFO - Sync 1 DAGs
[2023-10-10T17:52:44.197+0000] {logging_mixin.py:150} INFO - [2023-10-10T17:52:44.196+0000] {dag.py:3508} INFO - Setting next_dagrun for example_weekday_branch_operator to 2023-10-09T00:00:00+00:00, run_after=2023-10-10T00:00:00+00:00
[2023-10-10T17:52:44.230+0000] {processor.py:179} INFO - Processing /home/airflow/.local/lib/python3.7/site-packages/airflow/example_dags/example_branch_day_of_week_operator.py took 0.131 seconds
[2023-10-10T17:53:14.776+0000] {processor.py:157} INFO - Started process (PID=2845) to work on /home/airflow/.local/lib/python3.7/site-packages/airflow/example_dags/example_branch_day_of_week_operator.py
[2023-10-10T17:53:14.778+0000] {processor.py:826} INFO - Processing file /home/airflow/.local/lib/python3.7/site-packages/airflow/example_dags/example_branch_day_of_week_operator.py for tasks to queue
[2023-10-10T17:53:14.779+0000] {logging_mixin.py:150} INFO - [2023-10-10T17:53:14.779+0000] {dagbag.py:541} INFO - Filling up the DagBag from /home/airflow/.local/lib/python3.7/site-packages/airflow/example_dags/example_branch_day_of_week_operator.py
[2023-10-10T17:53:14.790+0000] {processor.py:836} INFO - DAG(s) dict_keys(['example_weekday_branch_operator']) retrieved from /home/airflow/.local/lib/python3.7/site-packages/airflow/example_dags/example_branch_day_of_week_operator.py
[2023-10-10T17:53:14.823+0000] {logging_mixin.py:150} INFO - [2023-10-10T17:53:14.823+0000] {dag.py:2742} INFO - Sync 1 DAGs
[2023-10-10T17:53:14.860+0000] {logging_mixin.py:150} INFO - [2023-10-10T17:53:14.859+0000] {dag.py:3508} INFO - Setting next_dagrun for example_weekday_branch_operator to 2023-10-09T00:00:00+00:00, run_after=2023-10-10T00:00:00+00:00
[2023-10-10T17:53:14.889+0000] {processor.py:179} INFO - Processing /home/airflow/.local/lib/python3.7/site-packages/airflow/example_dags/example_branch_day_of_week_operator.py took 0.119 seconds
[2023-10-10T17:53:45.909+0000] {processor.py:157} INFO - Started process (PID=2926) to work on /home/airflow/.local/lib/python3.7/site-packages/airflow/example_dags/example_branch_day_of_week_operator.py
[2023-10-10T17:53:45.911+0000] {processor.py:826} INFO - Processing file /home/airflow/.local/lib/python3.7/site-packages/airflow/example_dags/example_branch_day_of_week_operator.py for tasks to queue
[2023-10-10T17:53:45.913+0000] {logging_mixin.py:150} INFO - [2023-10-10T17:53:45.912+0000] {dagbag.py:541} INFO - Filling up the DagBag from /home/airflow/.local/lib/python3.7/site-packages/airflow/example_dags/example_branch_day_of_week_operator.py
[2023-10-10T17:53:45.925+0000] {processor.py:836} INFO - DAG(s) dict_keys(['example_weekday_branch_operator']) retrieved from /home/airflow/.local/lib/python3.7/site-packages/airflow/example_dags/example_branch_day_of_week_operator.py
[2023-10-10T17:53:45.964+0000] {logging_mixin.py:150} INFO - [2023-10-10T17:53:45.964+0000] {dag.py:2742} INFO - Sync 1 DAGs
[2023-10-10T17:53:46.006+0000] {logging_mixin.py:150} INFO - [2023-10-10T17:53:46.006+0000] {dag.py:3508} INFO - Setting next_dagrun for example_weekday_branch_operator to 2023-10-09T00:00:00+00:00, run_after=2023-10-10T00:00:00+00:00
[2023-10-10T17:53:46.036+0000] {processor.py:179} INFO - Processing /home/airflow/.local/lib/python3.7/site-packages/airflow/example_dags/example_branch_day_of_week_operator.py took 0.133 seconds
[2023-10-10T17:54:16.181+0000] {processor.py:157} INFO - Started process (PID=3016) to work on /home/airflow/.local/lib/python3.7/site-packages/airflow/example_dags/example_branch_day_of_week_operator.py
[2023-10-10T17:54:16.183+0000] {processor.py:826} INFO - Processing file /home/airflow/.local/lib/python3.7/site-packages/airflow/example_dags/example_branch_day_of_week_operator.py for tasks to queue
[2023-10-10T17:54:16.185+0000] {logging_mixin.py:150} INFO - [2023-10-10T17:54:16.185+0000] {dagbag.py:541} INFO - Filling up the DagBag from /home/airflow/.local/lib/python3.7/site-packages/airflow/example_dags/example_branch_day_of_week_operator.py
[2023-10-10T17:54:16.198+0000] {processor.py:836} INFO - DAG(s) dict_keys(['example_weekday_branch_operator']) retrieved from /home/airflow/.local/lib/python3.7/site-packages/airflow/example_dags/example_branch_day_of_week_operator.py
[2023-10-10T17:54:16.240+0000] {logging_mixin.py:150} INFO - [2023-10-10T17:54:16.240+0000] {dag.py:2742} INFO - Sync 1 DAGs
[2023-10-10T17:54:16.287+0000] {logging_mixin.py:150} INFO - [2023-10-10T17:54:16.287+0000] {dag.py:3508} INFO - Setting next_dagrun for example_weekday_branch_operator to 2023-10-09T00:00:00+00:00, run_after=2023-10-10T00:00:00+00:00
[2023-10-10T17:54:16.321+0000] {processor.py:179} INFO - Processing /home/airflow/.local/lib/python3.7/site-packages/airflow/example_dags/example_branch_day_of_week_operator.py took 0.146 seconds
[2023-10-10T17:54:48.635+0000] {processor.py:157} INFO - Started process (PID=3123) to work on /home/airflow/.local/lib/python3.7/site-packages/airflow/example_dags/example_branch_day_of_week_operator.py
[2023-10-10T17:54:48.638+0000] {processor.py:826} INFO - Processing file /home/airflow/.local/lib/python3.7/site-packages/airflow/example_dags/example_branch_day_of_week_operator.py for tasks to queue
[2023-10-10T17:54:48.641+0000] {logging_mixin.py:150} INFO - [2023-10-10T17:54:48.640+0000] {dagbag.py:541} INFO - Filling up the DagBag from /home/airflow/.local/lib/python3.7/site-packages/airflow/example_dags/example_branch_day_of_week_operator.py
[2023-10-10T17:54:48.657+0000] {processor.py:836} INFO - DAG(s) dict_keys(['example_weekday_branch_operator']) retrieved from /home/airflow/.local/lib/python3.7/site-packages/airflow/example_dags/example_branch_day_of_week_operator.py
[2023-10-10T17:54:48.749+0000] {logging_mixin.py:150} INFO - [2023-10-10T17:54:48.748+0000] {dag.py:2742} INFO - Sync 1 DAGs
[2023-10-10T17:54:48.878+0000] {logging_mixin.py:150} INFO - [2023-10-10T17:54:48.877+0000] {dag.py:3508} INFO - Setting next_dagrun for example_weekday_branch_operator to 2023-10-09T00:00:00+00:00, run_after=2023-10-10T00:00:00+00:00
[2023-10-10T17:54:48.983+0000] {processor.py:179} INFO - Processing /home/airflow/.local/lib/python3.7/site-packages/airflow/example_dags/example_branch_day_of_week_operator.py took 0.354 seconds
[2023-10-10T17:56:08.231+0000] {processor.py:157} INFO - Started process (PID=3253) to work on /home/airflow/.local/lib/python3.7/site-packages/airflow/example_dags/example_branch_day_of_week_operator.py
[2023-10-10T17:56:08.234+0000] {processor.py:826} INFO - Processing file /home/airflow/.local/lib/python3.7/site-packages/airflow/example_dags/example_branch_day_of_week_operator.py for tasks to queue
[2023-10-10T17:56:08.238+0000] {logging_mixin.py:150} INFO - [2023-10-10T17:56:08.237+0000] {dagbag.py:541} INFO - Filling up the DagBag from /home/airflow/.local/lib/python3.7/site-packages/airflow/example_dags/example_branch_day_of_week_operator.py
[2023-10-10T17:56:08.270+0000] {processor.py:836} INFO - DAG(s) dict_keys(['example_weekday_branch_operator']) retrieved from /home/airflow/.local/lib/python3.7/site-packages/airflow/example_dags/example_branch_day_of_week_operator.py
[2023-10-10T17:56:08.353+0000] {logging_mixin.py:150} INFO - [2023-10-10T17:56:08.352+0000] {dag.py:2742} INFO - Sync 1 DAGs
[2023-10-10T17:56:08.447+0000] {logging_mixin.py:150} INFO - [2023-10-10T17:56:08.446+0000] {dag.py:3508} INFO - Setting next_dagrun for example_weekday_branch_operator to 2023-10-09T00:00:00+00:00, run_after=2023-10-10T00:00:00+00:00
[2023-10-10T17:56:08.509+0000] {processor.py:179} INFO - Processing /home/airflow/.local/lib/python3.7/site-packages/airflow/example_dags/example_branch_day_of_week_operator.py took 0.286 seconds
[2023-10-10T17:56:41.598+0000] {processor.py:157} INFO - Started process (PID=3334) to work on /home/airflow/.local/lib/python3.7/site-packages/airflow/example_dags/example_branch_day_of_week_operator.py
[2023-10-10T17:56:41.602+0000] {processor.py:826} INFO - Processing file /home/airflow/.local/lib/python3.7/site-packages/airflow/example_dags/example_branch_day_of_week_operator.py for tasks to queue
[2023-10-10T17:56:41.607+0000] {logging_mixin.py:150} INFO - [2023-10-10T17:56:41.606+0000] {dagbag.py:541} INFO - Filling up the DagBag from /home/airflow/.local/lib/python3.7/site-packages/airflow/example_dags/example_branch_day_of_week_operator.py
[2023-10-10T17:56:41.636+0000] {processor.py:836} INFO - DAG(s) dict_keys(['example_weekday_branch_operator']) retrieved from /home/airflow/.local/lib/python3.7/site-packages/airflow/example_dags/example_branch_day_of_week_operator.py
[2023-10-10T17:56:41.731+0000] {logging_mixin.py:150} INFO - [2023-10-10T17:56:41.730+0000] {dag.py:2742} INFO - Sync 1 DAGs
[2023-10-10T17:56:41.835+0000] {logging_mixin.py:150} INFO - [2023-10-10T17:56:41.834+0000] {dag.py:3508} INFO - Setting next_dagrun for example_weekday_branch_operator to 2023-10-09T00:00:00+00:00, run_after=2023-10-10T00:00:00+00:00
[2023-10-10T17:56:41.898+0000] {processor.py:179} INFO - Processing /home/airflow/.local/lib/python3.7/site-packages/airflow/example_dags/example_branch_day_of_week_operator.py took 0.314 seconds
[2023-10-10T17:57:53.799+0000] {processor.py:157} INFO - Started process (PID=3434) to work on /home/airflow/.local/lib/python3.7/site-packages/airflow/example_dags/example_branch_day_of_week_operator.py
[2023-10-10T17:57:53.842+0000] {processor.py:826} INFO - Processing file /home/airflow/.local/lib/python3.7/site-packages/airflow/example_dags/example_branch_day_of_week_operator.py for tasks to queue
[2023-10-10T17:57:53.853+0000] {logging_mixin.py:150} INFO - [2023-10-10T17:57:53.851+0000] {dagbag.py:541} INFO - Filling up the DagBag from /home/airflow/.local/lib/python3.7/site-packages/airflow/example_dags/example_branch_day_of_week_operator.py
[2023-10-10T17:57:54.016+0000] {processor.py:836} INFO - DAG(s) dict_keys(['example_weekday_branch_operator']) retrieved from /home/airflow/.local/lib/python3.7/site-packages/airflow/example_dags/example_branch_day_of_week_operator.py
[2023-10-10T17:57:54.471+0000] {logging_mixin.py:150} INFO - [2023-10-10T17:57:54.470+0000] {dag.py:2742} INFO - Sync 1 DAGs
[2023-10-10T17:57:55.053+0000] {logging_mixin.py:150} INFO - [2023-10-10T17:57:55.051+0000] {dag.py:3508} INFO - Setting next_dagrun for example_weekday_branch_operator to 2023-10-09T00:00:00+00:00, run_after=2023-10-10T00:00:00+00:00
[2023-10-10T17:57:55.265+0000] {processor.py:179} INFO - Processing /home/airflow/.local/lib/python3.7/site-packages/airflow/example_dags/example_branch_day_of_week_operator.py took 1.526 seconds
[2023-10-10T17:58:42.561+0000] {processor.py:157} INFO - Started process (PID=3536) to work on /home/airflow/.local/lib/python3.7/site-packages/airflow/example_dags/example_branch_day_of_week_operator.py
[2023-10-10T17:58:42.569+0000] {processor.py:826} INFO - Processing file /home/airflow/.local/lib/python3.7/site-packages/airflow/example_dags/example_branch_day_of_week_operator.py for tasks to queue
[2023-10-10T17:58:42.588+0000] {logging_mixin.py:150} INFO - [2023-10-10T17:58:42.587+0000] {dagbag.py:541} INFO - Filling up the DagBag from /home/airflow/.local/lib/python3.7/site-packages/airflow/example_dags/example_branch_day_of_week_operator.py
[2023-10-10T17:58:42.654+0000] {processor.py:836} INFO - DAG(s) dict_keys(['example_weekday_branch_operator']) retrieved from /home/airflow/.local/lib/python3.7/site-packages/airflow/example_dags/example_branch_day_of_week_operator.py
[2023-10-10T17:58:42.839+0000] {logging_mixin.py:150} INFO - [2023-10-10T17:58:42.839+0000] {dag.py:2742} INFO - Sync 1 DAGs
[2023-10-10T17:58:43.086+0000] {logging_mixin.py:150} INFO - [2023-10-10T17:58:43.085+0000] {dag.py:3508} INFO - Setting next_dagrun for example_weekday_branch_operator to 2023-10-09T00:00:00+00:00, run_after=2023-10-10T00:00:00+00:00
[2023-10-10T17:58:43.260+0000] {processor.py:179} INFO - Processing /home/airflow/.local/lib/python3.7/site-packages/airflow/example_dags/example_branch_day_of_week_operator.py took 0.717 seconds
[2023-10-10T17:59:20.256+0000] {processor.py:157} INFO - Started process (PID=3627) to work on /home/airflow/.local/lib/python3.7/site-packages/airflow/example_dags/example_branch_day_of_week_operator.py
[2023-10-10T17:59:20.277+0000] {processor.py:826} INFO - Processing file /home/airflow/.local/lib/python3.7/site-packages/airflow/example_dags/example_branch_day_of_week_operator.py for tasks to queue
[2023-10-10T17:59:20.284+0000] {logging_mixin.py:150} INFO - [2023-10-10T17:59:20.283+0000] {dagbag.py:541} INFO - Filling up the DagBag from /home/airflow/.local/lib/python3.7/site-packages/airflow/example_dags/example_branch_day_of_week_operator.py
[2023-10-10T17:59:20.807+0000] {processor.py:836} INFO - DAG(s) dict_keys(['example_weekday_branch_operator']) retrieved from /home/airflow/.local/lib/python3.7/site-packages/airflow/example_dags/example_branch_day_of_week_operator.py
[2023-10-10T17:59:21.391+0000] {logging_mixin.py:150} INFO - [2023-10-10T17:59:21.390+0000] {dag.py:2742} INFO - Sync 1 DAGs
[2023-10-10T17:59:21.998+0000] {logging_mixin.py:150} INFO - [2023-10-10T17:59:21.998+0000] {dag.py:3508} INFO - Setting next_dagrun for example_weekday_branch_operator to 2023-10-09T00:00:00+00:00, run_after=2023-10-10T00:00:00+00:00
[2023-10-10T17:59:22.504+0000] {processor.py:179} INFO - Processing /home/airflow/.local/lib/python3.7/site-packages/airflow/example_dags/example_branch_day_of_week_operator.py took 2.295 seconds
[2023-10-10T17:59:53.829+0000] {processor.py:157} INFO - Started process (PID=3708) to work on /home/airflow/.local/lib/python3.7/site-packages/airflow/example_dags/example_branch_day_of_week_operator.py
[2023-10-10T17:59:53.838+0000] {processor.py:826} INFO - Processing file /home/airflow/.local/lib/python3.7/site-packages/airflow/example_dags/example_branch_day_of_week_operator.py for tasks to queue
[2023-10-10T17:59:53.844+0000] {logging_mixin.py:150} INFO - [2023-10-10T17:59:53.843+0000] {dagbag.py:541} INFO - Filling up the DagBag from /home/airflow/.local/lib/python3.7/site-packages/airflow/example_dags/example_branch_day_of_week_operator.py
[2023-10-10T17:59:53.915+0000] {processor.py:836} INFO - DAG(s) dict_keys(['example_weekday_branch_operator']) retrieved from /home/airflow/.local/lib/python3.7/site-packages/airflow/example_dags/example_branch_day_of_week_operator.py
[2023-10-10T17:59:54.171+0000] {logging_mixin.py:150} INFO - [2023-10-10T17:59:54.170+0000] {dag.py:2742} INFO - Sync 1 DAGs
[2023-10-10T17:59:54.353+0000] {logging_mixin.py:150} INFO - [2023-10-10T17:59:54.353+0000] {dag.py:3508} INFO - Setting next_dagrun for example_weekday_branch_operator to 2023-10-09T00:00:00+00:00, run_after=2023-10-10T00:00:00+00:00
[2023-10-10T17:59:54.475+0000] {processor.py:179} INFO - Processing /home/airflow/.local/lib/python3.7/site-packages/airflow/example_dags/example_branch_day_of_week_operator.py took 0.686 seconds
[2023-10-10T18:00:24.871+0000] {processor.py:157} INFO - Started process (PID=3789) to work on /home/airflow/.local/lib/python3.7/site-packages/airflow/example_dags/example_branch_day_of_week_operator.py
[2023-10-10T18:00:24.873+0000] {processor.py:826} INFO - Processing file /home/airflow/.local/lib/python3.7/site-packages/airflow/example_dags/example_branch_day_of_week_operator.py for tasks to queue
[2023-10-10T18:00:24.876+0000] {logging_mixin.py:150} INFO - [2023-10-10T18:00:24.875+0000] {dagbag.py:541} INFO - Filling up the DagBag from /home/airflow/.local/lib/python3.7/site-packages/airflow/example_dags/example_branch_day_of_week_operator.py
[2023-10-10T18:00:24.903+0000] {processor.py:836} INFO - DAG(s) dict_keys(['example_weekday_branch_operator']) retrieved from /home/airflow/.local/lib/python3.7/site-packages/airflow/example_dags/example_branch_day_of_week_operator.py
[2023-10-10T18:00:24.965+0000] {logging_mixin.py:150} INFO - [2023-10-10T18:00:24.965+0000] {dag.py:2742} INFO - Sync 1 DAGs
[2023-10-10T18:00:25.034+0000] {logging_mixin.py:150} INFO - [2023-10-10T18:00:25.033+0000] {dag.py:3508} INFO - Setting next_dagrun for example_weekday_branch_operator to 2023-10-09T00:00:00+00:00, run_after=2023-10-10T00:00:00+00:00
[2023-10-10T18:00:25.082+0000] {processor.py:179} INFO - Processing /home/airflow/.local/lib/python3.7/site-packages/airflow/example_dags/example_branch_day_of_week_operator.py took 0.221 seconds
[2023-10-10T18:00:55.148+0000] {processor.py:157} INFO - Started process (PID=3870) to work on /home/airflow/.local/lib/python3.7/site-packages/airflow/example_dags/example_branch_day_of_week_operator.py
[2023-10-10T18:00:55.150+0000] {processor.py:826} INFO - Processing file /home/airflow/.local/lib/python3.7/site-packages/airflow/example_dags/example_branch_day_of_week_operator.py for tasks to queue
[2023-10-10T18:00:55.152+0000] {logging_mixin.py:150} INFO - [2023-10-10T18:00:55.152+0000] {dagbag.py:541} INFO - Filling up the DagBag from /home/airflow/.local/lib/python3.7/site-packages/airflow/example_dags/example_branch_day_of_week_operator.py
[2023-10-10T18:00:55.168+0000] {processor.py:836} INFO - DAG(s) dict_keys(['example_weekday_branch_operator']) retrieved from /home/airflow/.local/lib/python3.7/site-packages/airflow/example_dags/example_branch_day_of_week_operator.py
[2023-10-10T18:00:55.216+0000] {logging_mixin.py:150} INFO - [2023-10-10T18:00:55.216+0000] {dag.py:2742} INFO - Sync 1 DAGs
[2023-10-10T18:00:55.265+0000] {logging_mixin.py:150} INFO - [2023-10-10T18:00:55.264+0000] {dag.py:3508} INFO - Setting next_dagrun for example_weekday_branch_operator to 2023-10-09T00:00:00+00:00, run_after=2023-10-10T00:00:00+00:00
[2023-10-10T18:00:55.300+0000] {processor.py:179} INFO - Processing /home/airflow/.local/lib/python3.7/site-packages/airflow/example_dags/example_branch_day_of_week_operator.py took 0.159 seconds
[2023-10-10T18:01:25.621+0000] {processor.py:157} INFO - Started process (PID=3960) to work on /home/airflow/.local/lib/python3.7/site-packages/airflow/example_dags/example_branch_day_of_week_operator.py
[2023-10-10T18:01:25.624+0000] {processor.py:826} INFO - Processing file /home/airflow/.local/lib/python3.7/site-packages/airflow/example_dags/example_branch_day_of_week_operator.py for tasks to queue
[2023-10-10T18:01:25.627+0000] {logging_mixin.py:150} INFO - [2023-10-10T18:01:25.626+0000] {dagbag.py:541} INFO - Filling up the DagBag from /home/airflow/.local/lib/python3.7/site-packages/airflow/example_dags/example_branch_day_of_week_operator.py
[2023-10-10T18:01:25.646+0000] {processor.py:836} INFO - DAG(s) dict_keys(['example_weekday_branch_operator']) retrieved from /home/airflow/.local/lib/python3.7/site-packages/airflow/example_dags/example_branch_day_of_week_operator.py
[2023-10-10T18:01:25.701+0000] {logging_mixin.py:150} INFO - [2023-10-10T18:01:25.700+0000] {dag.py:2742} INFO - Sync 1 DAGs
[2023-10-10T18:01:25.763+0000] {logging_mixin.py:150} INFO - [2023-10-10T18:01:25.763+0000] {dag.py:3508} INFO - Setting next_dagrun for example_weekday_branch_operator to 2023-10-09T00:00:00+00:00, run_after=2023-10-10T00:00:00+00:00
[2023-10-10T18:01:25.816+0000] {processor.py:179} INFO - Processing /home/airflow/.local/lib/python3.7/site-packages/airflow/example_dags/example_branch_day_of_week_operator.py took 0.203 seconds
[2023-10-10T18:01:55.937+0000] {processor.py:157} INFO - Started process (PID=4040) to work on /home/airflow/.local/lib/python3.7/site-packages/airflow/example_dags/example_branch_day_of_week_operator.py
[2023-10-10T18:01:55.940+0000] {processor.py:826} INFO - Processing file /home/airflow/.local/lib/python3.7/site-packages/airflow/example_dags/example_branch_day_of_week_operator.py for tasks to queue
[2023-10-10T18:01:55.943+0000] {logging_mixin.py:150} INFO - [2023-10-10T18:01:55.942+0000] {dagbag.py:541} INFO - Filling up the DagBag from /home/airflow/.local/lib/python3.7/site-packages/airflow/example_dags/example_branch_day_of_week_operator.py
[2023-10-10T18:01:55.947+0000] {processor.py:836} INFO - DAG(s) dict_keys(['example_weekday_branch_operator']) retrieved from /home/airflow/.local/lib/python3.7/site-packages/airflow/example_dags/example_branch_day_of_week_operator.py
[2023-10-10T18:01:56.006+0000] {logging_mixin.py:150} INFO - [2023-10-10T18:01:56.005+0000] {dag.py:2742} INFO - Sync 1 DAGs
[2023-10-10T18:01:56.070+0000] {logging_mixin.py:150} INFO - [2023-10-10T18:01:56.070+0000] {dag.py:3508} INFO - Setting next_dagrun for example_weekday_branch_operator to 2023-10-09T00:00:00+00:00, run_after=2023-10-10T00:00:00+00:00
[2023-10-10T18:01:56.114+0000] {processor.py:179} INFO - Processing /home/airflow/.local/lib/python3.7/site-packages/airflow/example_dags/example_branch_day_of_week_operator.py took 0.206 seconds
[2023-10-10T18:02:26.528+0000] {processor.py:157} INFO - Started process (PID=4121) to work on /home/airflow/.local/lib/python3.7/site-packages/airflow/example_dags/example_branch_day_of_week_operator.py
[2023-10-10T18:02:26.532+0000] {processor.py:826} INFO - Processing file /home/airflow/.local/lib/python3.7/site-packages/airflow/example_dags/example_branch_day_of_week_operator.py for tasks to queue
[2023-10-10T18:02:26.538+0000] {logging_mixin.py:150} INFO - [2023-10-10T18:02:26.537+0000] {dagbag.py:541} INFO - Filling up the DagBag from /home/airflow/.local/lib/python3.7/site-packages/airflow/example_dags/example_branch_day_of_week_operator.py
[2023-10-10T18:02:26.562+0000] {processor.py:836} INFO - DAG(s) dict_keys(['example_weekday_branch_operator']) retrieved from /home/airflow/.local/lib/python3.7/site-packages/airflow/example_dags/example_branch_day_of_week_operator.py
[2023-10-10T18:02:26.641+0000] {logging_mixin.py:150} INFO - [2023-10-10T18:02:26.641+0000] {dag.py:2742} INFO - Sync 1 DAGs
[2023-10-10T18:02:26.704+0000] {logging_mixin.py:150} INFO - [2023-10-10T18:02:26.704+0000] {dag.py:3508} INFO - Setting next_dagrun for example_weekday_branch_operator to 2023-10-09T00:00:00+00:00, run_after=2023-10-10T00:00:00+00:00
[2023-10-10T18:02:26.747+0000] {processor.py:179} INFO - Processing /home/airflow/.local/lib/python3.7/site-packages/airflow/example_dags/example_branch_day_of_week_operator.py took 0.228 seconds
[2023-10-10T18:02:56.960+0000] {processor.py:157} INFO - Started process (PID=4202) to work on /home/airflow/.local/lib/python3.7/site-packages/airflow/example_dags/example_branch_day_of_week_operator.py
[2023-10-10T18:02:56.962+0000] {processor.py:826} INFO - Processing file /home/airflow/.local/lib/python3.7/site-packages/airflow/example_dags/example_branch_day_of_week_operator.py for tasks to queue
[2023-10-10T18:02:56.965+0000] {logging_mixin.py:150} INFO - [2023-10-10T18:02:56.964+0000] {dagbag.py:541} INFO - Filling up the DagBag from /home/airflow/.local/lib/python3.7/site-packages/airflow/example_dags/example_branch_day_of_week_operator.py
[2023-10-10T18:02:56.983+0000] {processor.py:836} INFO - DAG(s) dict_keys(['example_weekday_branch_operator']) retrieved from /home/airflow/.local/lib/python3.7/site-packages/airflow/example_dags/example_branch_day_of_week_operator.py
[2023-10-10T18:02:57.032+0000] {logging_mixin.py:150} INFO - [2023-10-10T18:02:57.032+0000] {dag.py:2742} INFO - Sync 1 DAGs
[2023-10-10T18:02:57.084+0000] {logging_mixin.py:150} INFO - [2023-10-10T18:02:57.084+0000] {dag.py:3508} INFO - Setting next_dagrun for example_weekday_branch_operator to 2023-10-09T00:00:00+00:00, run_after=2023-10-10T00:00:00+00:00
[2023-10-10T18:02:57.157+0000] {processor.py:179} INFO - Processing /home/airflow/.local/lib/python3.7/site-packages/airflow/example_dags/example_branch_day_of_week_operator.py took 0.204 seconds
[2023-10-10T18:03:27.725+0000] {processor.py:157} INFO - Started process (PID=4291) to work on /home/airflow/.local/lib/python3.7/site-packages/airflow/example_dags/example_branch_day_of_week_operator.py
[2023-10-10T18:03:27.728+0000] {processor.py:826} INFO - Processing file /home/airflow/.local/lib/python3.7/site-packages/airflow/example_dags/example_branch_day_of_week_operator.py for tasks to queue
[2023-10-10T18:03:27.731+0000] {logging_mixin.py:150} INFO - [2023-10-10T18:03:27.730+0000] {dagbag.py:541} INFO - Filling up the DagBag from /home/airflow/.local/lib/python3.7/site-packages/airflow/example_dags/example_branch_day_of_week_operator.py
[2023-10-10T18:03:27.750+0000] {processor.py:836} INFO - DAG(s) dict_keys(['example_weekday_branch_operator']) retrieved from /home/airflow/.local/lib/python3.7/site-packages/airflow/example_dags/example_branch_day_of_week_operator.py
[2023-10-10T18:03:27.823+0000] {logging_mixin.py:150} INFO - [2023-10-10T18:03:27.823+0000] {dag.py:2742} INFO - Sync 1 DAGs
[2023-10-10T18:03:27.876+0000] {logging_mixin.py:150} INFO - [2023-10-10T18:03:27.876+0000] {dag.py:3508} INFO - Setting next_dagrun for example_weekday_branch_operator to 2023-10-09T00:00:00+00:00, run_after=2023-10-10T00:00:00+00:00
[2023-10-10T18:03:27.914+0000] {processor.py:179} INFO - Processing /home/airflow/.local/lib/python3.7/site-packages/airflow/example_dags/example_branch_day_of_week_operator.py took 0.197 seconds
[2023-10-10T18:03:58.116+0000] {processor.py:157} INFO - Started process (PID=4371) to work on /home/airflow/.local/lib/python3.7/site-packages/airflow/example_dags/example_branch_day_of_week_operator.py
[2023-10-10T18:03:58.119+0000] {processor.py:826} INFO - Processing file /home/airflow/.local/lib/python3.7/site-packages/airflow/example_dags/example_branch_day_of_week_operator.py for tasks to queue
[2023-10-10T18:03:58.121+0000] {logging_mixin.py:150} INFO - [2023-10-10T18:03:58.120+0000] {dagbag.py:541} INFO - Filling up the DagBag from /home/airflow/.local/lib/python3.7/site-packages/airflow/example_dags/example_branch_day_of_week_operator.py
[2023-10-10T18:03:58.135+0000] {processor.py:836} INFO - DAG(s) dict_keys(['example_weekday_branch_operator']) retrieved from /home/airflow/.local/lib/python3.7/site-packages/airflow/example_dags/example_branch_day_of_week_operator.py
[2023-10-10T18:03:58.177+0000] {logging_mixin.py:150} INFO - [2023-10-10T18:03:58.177+0000] {dag.py:2742} INFO - Sync 1 DAGs
[2023-10-10T18:03:58.223+0000] {logging_mixin.py:150} INFO - [2023-10-10T18:03:58.223+0000] {dag.py:3508} INFO - Setting next_dagrun for example_weekday_branch_operator to 2023-10-09T00:00:00+00:00, run_after=2023-10-10T00:00:00+00:00
[2023-10-10T18:03:58.256+0000] {processor.py:179} INFO - Processing /home/airflow/.local/lib/python3.7/site-packages/airflow/example_dags/example_branch_day_of_week_operator.py took 0.145 seconds
[2023-10-10T18:04:29.332+0000] {processor.py:157} INFO - Started process (PID=4452) to work on /home/airflow/.local/lib/python3.7/site-packages/airflow/example_dags/example_branch_day_of_week_operator.py
[2023-10-10T18:04:29.336+0000] {processor.py:826} INFO - Processing file /home/airflow/.local/lib/python3.7/site-packages/airflow/example_dags/example_branch_day_of_week_operator.py for tasks to queue
[2023-10-10T18:04:29.341+0000] {logging_mixin.py:150} INFO - [2023-10-10T18:04:29.339+0000] {dagbag.py:541} INFO - Filling up the DagBag from /home/airflow/.local/lib/python3.7/site-packages/airflow/example_dags/example_branch_day_of_week_operator.py
[2023-10-10T18:04:29.384+0000] {processor.py:836} INFO - DAG(s) dict_keys(['example_weekday_branch_operator']) retrieved from /home/airflow/.local/lib/python3.7/site-packages/airflow/example_dags/example_branch_day_of_week_operator.py
[2023-10-10T18:04:29.462+0000] {logging_mixin.py:150} INFO - [2023-10-10T18:04:29.462+0000] {dag.py:2742} INFO - Sync 1 DAGs
[2023-10-10T18:04:29.548+0000] {logging_mixin.py:150} INFO - [2023-10-10T18:04:29.548+0000] {dag.py:3508} INFO - Setting next_dagrun for example_weekday_branch_operator to 2023-10-09T00:00:00+00:00, run_after=2023-10-10T00:00:00+00:00
[2023-10-10T18:04:29.610+0000] {processor.py:179} INFO - Processing /home/airflow/.local/lib/python3.7/site-packages/airflow/example_dags/example_branch_day_of_week_operator.py took 0.288 seconds
[2023-10-10T18:05:02.588+0000] {processor.py:157} INFO - Started process (PID=4533) to work on /home/airflow/.local/lib/python3.7/site-packages/airflow/example_dags/example_branch_day_of_week_operator.py
[2023-10-10T18:05:02.594+0000] {processor.py:826} INFO - Processing file /home/airflow/.local/lib/python3.7/site-packages/airflow/example_dags/example_branch_day_of_week_operator.py for tasks to queue
[2023-10-10T18:05:02.601+0000] {logging_mixin.py:150} INFO - [2023-10-10T18:05:02.600+0000] {dagbag.py:541} INFO - Filling up the DagBag from /home/airflow/.local/lib/python3.7/site-packages/airflow/example_dags/example_branch_day_of_week_operator.py
[2023-10-10T18:05:02.653+0000] {processor.py:836} INFO - DAG(s) dict_keys(['example_weekday_branch_operator']) retrieved from /home/airflow/.local/lib/python3.7/site-packages/airflow/example_dags/example_branch_day_of_week_operator.py
[2023-10-10T18:05:02.811+0000] {logging_mixin.py:150} INFO - [2023-10-10T18:05:02.810+0000] {dag.py:2742} INFO - Sync 1 DAGs
[2023-10-10T18:05:02.999+0000] {logging_mixin.py:150} INFO - [2023-10-10T18:05:02.998+0000] {dag.py:3508} INFO - Setting next_dagrun for example_weekday_branch_operator to 2023-10-09T00:00:00+00:00, run_after=2023-10-10T00:00:00+00:00
[2023-10-10T18:05:03.142+0000] {processor.py:179} INFO - Processing /home/airflow/.local/lib/python3.7/site-packages/airflow/example_dags/example_branch_day_of_week_operator.py took 0.574 seconds
[2023-10-10T18:05:41.835+0000] {processor.py:157} INFO - Started process (PID=4619) to work on /home/airflow/.local/lib/python3.7/site-packages/airflow/example_dags/example_branch_day_of_week_operator.py
[2023-10-10T18:05:41.851+0000] {processor.py:826} INFO - Processing file /home/airflow/.local/lib/python3.7/site-packages/airflow/example_dags/example_branch_day_of_week_operator.py for tasks to queue
[2023-10-10T18:05:41.874+0000] {logging_mixin.py:150} INFO - [2023-10-10T18:05:41.865+0000] {dagbag.py:541} INFO - Filling up the DagBag from /home/airflow/.local/lib/python3.7/site-packages/airflow/example_dags/example_branch_day_of_week_operator.py
[2023-10-10T18:05:41.939+0000] {processor.py:836} INFO - DAG(s) dict_keys(['example_weekday_branch_operator']) retrieved from /home/airflow/.local/lib/python3.7/site-packages/airflow/example_dags/example_branch_day_of_week_operator.py
[2023-10-10T18:05:42.128+0000] {logging_mixin.py:150} INFO - [2023-10-10T18:05:42.127+0000] {dag.py:2742} INFO - Sync 1 DAGs
[2023-10-10T18:05:42.333+0000] {logging_mixin.py:150} INFO - [2023-10-10T18:05:42.330+0000] {dag.py:3508} INFO - Setting next_dagrun for example_weekday_branch_operator to 2023-10-09T00:00:00+00:00, run_after=2023-10-10T00:00:00+00:00
[2023-10-10T18:05:42.457+0000] {processor.py:179} INFO - Processing /home/airflow/.local/lib/python3.7/site-packages/airflow/example_dags/example_branch_day_of_week_operator.py took 0.640 seconds
[2023-10-10T18:06:12.744+0000] {processor.py:157} INFO - Started process (PID=4700) to work on /home/airflow/.local/lib/python3.7/site-packages/airflow/example_dags/example_branch_day_of_week_operator.py
[2023-10-10T18:06:12.750+0000] {processor.py:826} INFO - Processing file /home/airflow/.local/lib/python3.7/site-packages/airflow/example_dags/example_branch_day_of_week_operator.py for tasks to queue
[2023-10-10T18:06:12.758+0000] {logging_mixin.py:150} INFO - [2023-10-10T18:06:12.756+0000] {dagbag.py:541} INFO - Filling up the DagBag from /home/airflow/.local/lib/python3.7/site-packages/airflow/example_dags/example_branch_day_of_week_operator.py
[2023-10-10T18:06:12.795+0000] {processor.py:836} INFO - DAG(s) dict_keys(['example_weekday_branch_operator']) retrieved from /home/airflow/.local/lib/python3.7/site-packages/airflow/example_dags/example_branch_day_of_week_operator.py
[2023-10-10T18:06:12.884+0000] {logging_mixin.py:150} INFO - [2023-10-10T18:06:12.884+0000] {dag.py:2742} INFO - Sync 1 DAGs
[2023-10-10T18:06:12.984+0000] {logging_mixin.py:150} INFO - [2023-10-10T18:06:12.984+0000] {dag.py:3508} INFO - Setting next_dagrun for example_weekday_branch_operator to 2023-10-09T00:00:00+00:00, run_after=2023-10-10T00:00:00+00:00
[2023-10-10T18:06:13.065+0000] {processor.py:179} INFO - Processing /home/airflow/.local/lib/python3.7/site-packages/airflow/example_dags/example_branch_day_of_week_operator.py took 0.334 seconds
