[2023-10-10T17:36:39.442+0000] {processor.py:157} INFO - Started process (PID=92) to work on /home/airflow/.local/lib/python3.7/site-packages/airflow/example_dags/example_complex.py
[2023-10-10T17:36:39.444+0000] {processor.py:826} INFO - Processing file /home/airflow/.local/lib/python3.7/site-packages/airflow/example_dags/example_complex.py for tasks to queue
[2023-10-10T17:36:39.446+0000] {logging_mixin.py:150} INFO - [2023-10-10T17:36:39.445+0000] {dagbag.py:541} INFO - Filling up the DagBag from /home/airflow/.local/lib/python3.7/site-packages/airflow/example_dags/example_complex.py
[2023-10-10T17:36:39.466+0000] {processor.py:836} INFO - DAG(s) dict_keys(['example_complex']) retrieved from /home/airflow/.local/lib/python3.7/site-packages/airflow/example_dags/example_complex.py
[2023-10-10T17:36:39.486+0000] {logging_mixin.py:150} INFO - [2023-10-10T17:36:39.486+0000] {dag.py:2742} INFO - Sync 1 DAGs
[2023-10-10T17:36:39.523+0000] {logging_mixin.py:150} INFO - [2023-10-10T17:36:39.523+0000] {dag.py:3508} INFO - Setting next_dagrun for example_complex to None, run_after=None
[2023-10-10T17:36:39.551+0000] {processor.py:179} INFO - Processing /home/airflow/.local/lib/python3.7/site-packages/airflow/example_dags/example_complex.py took 0.114 seconds
[2023-10-10T17:37:10.129+0000] {processor.py:157} INFO - Started process (PID=179) to work on /home/airflow/.local/lib/python3.7/site-packages/airflow/example_dags/example_complex.py
[2023-10-10T17:37:10.130+0000] {processor.py:826} INFO - Processing file /home/airflow/.local/lib/python3.7/site-packages/airflow/example_dags/example_complex.py for tasks to queue
[2023-10-10T17:37:10.132+0000] {logging_mixin.py:150} INFO - [2023-10-10T17:37:10.131+0000] {dagbag.py:541} INFO - Filling up the DagBag from /home/airflow/.local/lib/python3.7/site-packages/airflow/example_dags/example_complex.py
[2023-10-10T17:37:10.148+0000] {processor.py:836} INFO - DAG(s) dict_keys(['example_complex']) retrieved from /home/airflow/.local/lib/python3.7/site-packages/airflow/example_dags/example_complex.py
[2023-10-10T17:37:10.189+0000] {logging_mixin.py:150} INFO - [2023-10-10T17:37:10.189+0000] {dag.py:2742} INFO - Sync 1 DAGs
[2023-10-10T17:37:10.218+0000] {logging_mixin.py:150} INFO - [2023-10-10T17:37:10.218+0000] {dag.py:3508} INFO - Setting next_dagrun for example_complex to None, run_after=None
[2023-10-10T17:37:10.242+0000] {processor.py:179} INFO - Processing /home/airflow/.local/lib/python3.7/site-packages/airflow/example_dags/example_complex.py took 0.118 seconds
[2023-10-10T17:37:41.658+0000] {processor.py:157} INFO - Started process (PID=267) to work on /home/airflow/.local/lib/python3.7/site-packages/airflow/example_dags/example_complex.py
[2023-10-10T17:37:41.662+0000] {processor.py:826} INFO - Processing file /home/airflow/.local/lib/python3.7/site-packages/airflow/example_dags/example_complex.py for tasks to queue
[2023-10-10T17:37:41.665+0000] {logging_mixin.py:150} INFO - [2023-10-10T17:37:41.664+0000] {dagbag.py:541} INFO - Filling up the DagBag from /home/airflow/.local/lib/python3.7/site-packages/airflow/example_dags/example_complex.py
[2023-10-10T17:37:41.690+0000] {processor.py:836} INFO - DAG(s) dict_keys(['example_complex']) retrieved from /home/airflow/.local/lib/python3.7/site-packages/airflow/example_dags/example_complex.py
[2023-10-10T17:37:41.746+0000] {logging_mixin.py:150} INFO - [2023-10-10T17:37:41.745+0000] {dag.py:2742} INFO - Sync 1 DAGs
[2023-10-10T17:37:41.789+0000] {logging_mixin.py:150} INFO - [2023-10-10T17:37:41.789+0000] {dag.py:3508} INFO - Setting next_dagrun for example_complex to None, run_after=None
[2023-10-10T17:37:41.821+0000] {processor.py:179} INFO - Processing /home/airflow/.local/lib/python3.7/site-packages/airflow/example_dags/example_complex.py took 0.184 seconds
[2023-10-10T17:38:12.764+0000] {processor.py:157} INFO - Started process (PID=348) to work on /home/airflow/.local/lib/python3.7/site-packages/airflow/example_dags/example_complex.py
[2023-10-10T17:38:12.766+0000] {processor.py:826} INFO - Processing file /home/airflow/.local/lib/python3.7/site-packages/airflow/example_dags/example_complex.py for tasks to queue
[2023-10-10T17:38:12.769+0000] {logging_mixin.py:150} INFO - [2023-10-10T17:38:12.768+0000] {dagbag.py:541} INFO - Filling up the DagBag from /home/airflow/.local/lib/python3.7/site-packages/airflow/example_dags/example_complex.py
[2023-10-10T17:38:12.787+0000] {processor.py:836} INFO - DAG(s) dict_keys(['example_complex']) retrieved from /home/airflow/.local/lib/python3.7/site-packages/airflow/example_dags/example_complex.py
[2023-10-10T17:38:12.831+0000] {logging_mixin.py:150} INFO - [2023-10-10T17:38:12.831+0000] {dag.py:2742} INFO - Sync 1 DAGs
[2023-10-10T17:38:12.864+0000] {logging_mixin.py:150} INFO - [2023-10-10T17:38:12.864+0000] {dag.py:3508} INFO - Setting next_dagrun for example_complex to None, run_after=None
[2023-10-10T17:38:12.890+0000] {processor.py:179} INFO - Processing /home/airflow/.local/lib/python3.7/site-packages/airflow/example_dags/example_complex.py took 0.132 seconds
[2023-10-10T17:38:43.774+0000] {processor.py:157} INFO - Started process (PID=451) to work on /home/airflow/.local/lib/python3.7/site-packages/airflow/example_dags/example_complex.py
[2023-10-10T17:38:43.776+0000] {processor.py:826} INFO - Processing file /home/airflow/.local/lib/python3.7/site-packages/airflow/example_dags/example_complex.py for tasks to queue
[2023-10-10T17:38:43.777+0000] {logging_mixin.py:150} INFO - [2023-10-10T17:38:43.777+0000] {dagbag.py:541} INFO - Filling up the DagBag from /home/airflow/.local/lib/python3.7/site-packages/airflow/example_dags/example_complex.py
[2023-10-10T17:38:43.794+0000] {processor.py:836} INFO - DAG(s) dict_keys(['example_complex']) retrieved from /home/airflow/.local/lib/python3.7/site-packages/airflow/example_dags/example_complex.py
[2023-10-10T17:38:43.835+0000] {logging_mixin.py:150} INFO - [2023-10-10T17:38:43.834+0000] {dag.py:2742} INFO - Sync 1 DAGs
[2023-10-10T17:38:43.867+0000] {logging_mixin.py:150} INFO - [2023-10-10T17:38:43.866+0000] {dag.py:3508} INFO - Setting next_dagrun for example_complex to None, run_after=None
[2023-10-10T17:38:43.894+0000] {processor.py:179} INFO - Processing /home/airflow/.local/lib/python3.7/site-packages/airflow/example_dags/example_complex.py took 0.125 seconds
[2023-10-10T17:39:14.844+0000] {processor.py:157} INFO - Started process (PID=531) to work on /home/airflow/.local/lib/python3.7/site-packages/airflow/example_dags/example_complex.py
[2023-10-10T17:39:14.846+0000] {processor.py:826} INFO - Processing file /home/airflow/.local/lib/python3.7/site-packages/airflow/example_dags/example_complex.py for tasks to queue
[2023-10-10T17:39:14.848+0000] {logging_mixin.py:150} INFO - [2023-10-10T17:39:14.847+0000] {dagbag.py:541} INFO - Filling up the DagBag from /home/airflow/.local/lib/python3.7/site-packages/airflow/example_dags/example_complex.py
[2023-10-10T17:39:14.865+0000] {processor.py:836} INFO - DAG(s) dict_keys(['example_complex']) retrieved from /home/airflow/.local/lib/python3.7/site-packages/airflow/example_dags/example_complex.py
[2023-10-10T17:39:14.914+0000] {logging_mixin.py:150} INFO - [2023-10-10T17:39:14.913+0000] {dag.py:2742} INFO - Sync 1 DAGs
[2023-10-10T17:39:14.954+0000] {logging_mixin.py:150} INFO - [2023-10-10T17:39:14.953+0000] {dag.py:3508} INFO - Setting next_dagrun for example_complex to None, run_after=None
[2023-10-10T17:39:14.986+0000] {processor.py:179} INFO - Processing /home/airflow/.local/lib/python3.7/site-packages/airflow/example_dags/example_complex.py took 0.147 seconds
[2023-10-10T17:39:45.405+0000] {processor.py:157} INFO - Started process (PID=620) to work on /home/airflow/.local/lib/python3.7/site-packages/airflow/example_dags/example_complex.py
[2023-10-10T17:39:45.407+0000] {processor.py:826} INFO - Processing file /home/airflow/.local/lib/python3.7/site-packages/airflow/example_dags/example_complex.py for tasks to queue
[2023-10-10T17:39:45.409+0000] {logging_mixin.py:150} INFO - [2023-10-10T17:39:45.409+0000] {dagbag.py:541} INFO - Filling up the DagBag from /home/airflow/.local/lib/python3.7/site-packages/airflow/example_dags/example_complex.py
[2023-10-10T17:39:45.428+0000] {processor.py:836} INFO - DAG(s) dict_keys(['example_complex']) retrieved from /home/airflow/.local/lib/python3.7/site-packages/airflow/example_dags/example_complex.py
[2023-10-10T17:39:45.475+0000] {logging_mixin.py:150} INFO - [2023-10-10T17:39:45.475+0000] {dag.py:2742} INFO - Sync 1 DAGs
[2023-10-10T17:39:45.507+0000] {logging_mixin.py:150} INFO - [2023-10-10T17:39:45.507+0000] {dag.py:3508} INFO - Setting next_dagrun for example_complex to None, run_after=None
[2023-10-10T17:39:45.531+0000] {processor.py:179} INFO - Processing /home/airflow/.local/lib/python3.7/site-packages/airflow/example_dags/example_complex.py took 0.132 seconds
[2023-10-10T17:40:16.874+0000] {processor.py:157} INFO - Started process (PID=700) to work on /home/airflow/.local/lib/python3.7/site-packages/airflow/example_dags/example_complex.py
[2023-10-10T17:40:16.876+0000] {processor.py:826} INFO - Processing file /home/airflow/.local/lib/python3.7/site-packages/airflow/example_dags/example_complex.py for tasks to queue
[2023-10-10T17:40:16.877+0000] {logging_mixin.py:150} INFO - [2023-10-10T17:40:16.877+0000] {dagbag.py:541} INFO - Filling up the DagBag from /home/airflow/.local/lib/python3.7/site-packages/airflow/example_dags/example_complex.py
[2023-10-10T17:40:16.894+0000] {processor.py:836} INFO - DAG(s) dict_keys(['example_complex']) retrieved from /home/airflow/.local/lib/python3.7/site-packages/airflow/example_dags/example_complex.py
[2023-10-10T17:40:16.934+0000] {logging_mixin.py:150} INFO - [2023-10-10T17:40:16.934+0000] {dag.py:2742} INFO - Sync 1 DAGs
[2023-10-10T17:40:16.968+0000] {logging_mixin.py:150} INFO - [2023-10-10T17:40:16.968+0000] {dag.py:3508} INFO - Setting next_dagrun for example_complex to None, run_after=None
[2023-10-10T17:40:16.991+0000] {processor.py:179} INFO - Processing /home/airflow/.local/lib/python3.7/site-packages/airflow/example_dags/example_complex.py took 0.122 seconds
[2023-10-10T17:40:48.374+0000] {processor.py:157} INFO - Started process (PID=789) to work on /home/airflow/.local/lib/python3.7/site-packages/airflow/example_dags/example_complex.py
[2023-10-10T17:40:48.377+0000] {processor.py:826} INFO - Processing file /home/airflow/.local/lib/python3.7/site-packages/airflow/example_dags/example_complex.py for tasks to queue
[2023-10-10T17:40:48.379+0000] {logging_mixin.py:150} INFO - [2023-10-10T17:40:48.378+0000] {dagbag.py:541} INFO - Filling up the DagBag from /home/airflow/.local/lib/python3.7/site-packages/airflow/example_dags/example_complex.py
[2023-10-10T17:40:48.400+0000] {processor.py:836} INFO - DAG(s) dict_keys(['example_complex']) retrieved from /home/airflow/.local/lib/python3.7/site-packages/airflow/example_dags/example_complex.py
[2023-10-10T17:40:48.456+0000] {logging_mixin.py:150} INFO - [2023-10-10T17:40:48.456+0000] {dag.py:2742} INFO - Sync 1 DAGs
[2023-10-10T17:40:48.503+0000] {logging_mixin.py:150} INFO - [2023-10-10T17:40:48.503+0000] {dag.py:3508} INFO - Setting next_dagrun for example_complex to None, run_after=None
[2023-10-10T17:40:48.535+0000] {processor.py:179} INFO - Processing /home/airflow/.local/lib/python3.7/site-packages/airflow/example_dags/example_complex.py took 0.166 seconds
[2023-10-10T17:41:19.490+0000] {processor.py:157} INFO - Started process (PID=868) to work on /home/airflow/.local/lib/python3.7/site-packages/airflow/example_dags/example_complex.py
[2023-10-10T17:41:19.492+0000] {processor.py:826} INFO - Processing file /home/airflow/.local/lib/python3.7/site-packages/airflow/example_dags/example_complex.py for tasks to queue
[2023-10-10T17:41:19.494+0000] {logging_mixin.py:150} INFO - [2023-10-10T17:41:19.493+0000] {dagbag.py:541} INFO - Filling up the DagBag from /home/airflow/.local/lib/python3.7/site-packages/airflow/example_dags/example_complex.py
[2023-10-10T17:41:19.512+0000] {processor.py:836} INFO - DAG(s) dict_keys(['example_complex']) retrieved from /home/airflow/.local/lib/python3.7/site-packages/airflow/example_dags/example_complex.py
[2023-10-10T17:41:19.560+0000] {logging_mixin.py:150} INFO - [2023-10-10T17:41:19.560+0000] {dag.py:2742} INFO - Sync 1 DAGs
[2023-10-10T17:41:19.594+0000] {logging_mixin.py:150} INFO - [2023-10-10T17:41:19.594+0000] {dag.py:3508} INFO - Setting next_dagrun for example_complex to None, run_after=None
[2023-10-10T17:41:19.622+0000] {processor.py:179} INFO - Processing /home/airflow/.local/lib/python3.7/site-packages/airflow/example_dags/example_complex.py took 0.137 seconds
[2023-10-10T17:41:50.794+0000] {processor.py:157} INFO - Started process (PID=960) to work on /home/airflow/.local/lib/python3.7/site-packages/airflow/example_dags/example_complex.py
[2023-10-10T17:41:50.796+0000] {processor.py:826} INFO - Processing file /home/airflow/.local/lib/python3.7/site-packages/airflow/example_dags/example_complex.py for tasks to queue
[2023-10-10T17:41:50.799+0000] {logging_mixin.py:150} INFO - [2023-10-10T17:41:50.798+0000] {dagbag.py:541} INFO - Filling up the DagBag from /home/airflow/.local/lib/python3.7/site-packages/airflow/example_dags/example_complex.py
[2023-10-10T17:41:50.818+0000] {processor.py:836} INFO - DAG(s) dict_keys(['example_complex']) retrieved from /home/airflow/.local/lib/python3.7/site-packages/airflow/example_dags/example_complex.py
[2023-10-10T17:41:50.866+0000] {logging_mixin.py:150} INFO - [2023-10-10T17:41:50.866+0000] {dag.py:2742} INFO - Sync 1 DAGs
[2023-10-10T17:41:50.902+0000] {logging_mixin.py:150} INFO - [2023-10-10T17:41:50.902+0000] {dag.py:3508} INFO - Setting next_dagrun for example_complex to None, run_after=None
[2023-10-10T17:41:50.938+0000] {processor.py:179} INFO - Processing /home/airflow/.local/lib/python3.7/site-packages/airflow/example_dags/example_complex.py took 0.150 seconds
[2023-10-10T17:42:22.343+0000] {processor.py:157} INFO - Started process (PID=1040) to work on /home/airflow/.local/lib/python3.7/site-packages/airflow/example_dags/example_complex.py
[2023-10-10T17:42:22.346+0000] {processor.py:826} INFO - Processing file /home/airflow/.local/lib/python3.7/site-packages/airflow/example_dags/example_complex.py for tasks to queue
[2023-10-10T17:42:22.351+0000] {logging_mixin.py:150} INFO - [2023-10-10T17:42:22.351+0000] {dagbag.py:541} INFO - Filling up the DagBag from /home/airflow/.local/lib/python3.7/site-packages/airflow/example_dags/example_complex.py
[2023-10-10T17:42:22.371+0000] {processor.py:836} INFO - DAG(s) dict_keys(['example_complex']) retrieved from /home/airflow/.local/lib/python3.7/site-packages/airflow/example_dags/example_complex.py
[2023-10-10T17:42:22.423+0000] {logging_mixin.py:150} INFO - [2023-10-10T17:42:22.422+0000] {dag.py:2742} INFO - Sync 1 DAGs
[2023-10-10T17:42:22.459+0000] {logging_mixin.py:150} INFO - [2023-10-10T17:42:22.458+0000] {dag.py:3508} INFO - Setting next_dagrun for example_complex to None, run_after=None
[2023-10-10T17:42:22.489+0000] {processor.py:179} INFO - Processing /home/airflow/.local/lib/python3.7/site-packages/airflow/example_dags/example_complex.py took 0.151 seconds
[2023-10-10T17:42:52.771+0000] {processor.py:157} INFO - Started process (PID=1130) to work on /home/airflow/.local/lib/python3.7/site-packages/airflow/example_dags/example_complex.py
[2023-10-10T17:42:52.773+0000] {processor.py:826} INFO - Processing file /home/airflow/.local/lib/python3.7/site-packages/airflow/example_dags/example_complex.py for tasks to queue
[2023-10-10T17:42:52.775+0000] {logging_mixin.py:150} INFO - [2023-10-10T17:42:52.774+0000] {dagbag.py:541} INFO - Filling up the DagBag from /home/airflow/.local/lib/python3.7/site-packages/airflow/example_dags/example_complex.py
[2023-10-10T17:42:52.794+0000] {processor.py:836} INFO - DAG(s) dict_keys(['example_complex']) retrieved from /home/airflow/.local/lib/python3.7/site-packages/airflow/example_dags/example_complex.py
[2023-10-10T17:42:52.842+0000] {logging_mixin.py:150} INFO - [2023-10-10T17:42:52.842+0000] {dag.py:2742} INFO - Sync 1 DAGs
[2023-10-10T17:42:52.878+0000] {logging_mixin.py:150} INFO - [2023-10-10T17:42:52.877+0000] {dag.py:3508} INFO - Setting next_dagrun for example_complex to None, run_after=None
[2023-10-10T17:42:52.906+0000] {processor.py:179} INFO - Processing /home/airflow/.local/lib/python3.7/site-packages/airflow/example_dags/example_complex.py took 0.140 seconds
[2023-10-10T17:43:23.593+0000] {processor.py:157} INFO - Started process (PID=1209) to work on /home/airflow/.local/lib/python3.7/site-packages/airflow/example_dags/example_complex.py
[2023-10-10T17:43:23.596+0000] {processor.py:826} INFO - Processing file /home/airflow/.local/lib/python3.7/site-packages/airflow/example_dags/example_complex.py for tasks to queue
[2023-10-10T17:43:23.598+0000] {logging_mixin.py:150} INFO - [2023-10-10T17:43:23.597+0000] {dagbag.py:541} INFO - Filling up the DagBag from /home/airflow/.local/lib/python3.7/site-packages/airflow/example_dags/example_complex.py
[2023-10-10T17:43:23.617+0000] {processor.py:836} INFO - DAG(s) dict_keys(['example_complex']) retrieved from /home/airflow/.local/lib/python3.7/site-packages/airflow/example_dags/example_complex.py
[2023-10-10T17:43:23.665+0000] {logging_mixin.py:150} INFO - [2023-10-10T17:43:23.665+0000] {dag.py:2742} INFO - Sync 1 DAGs
[2023-10-10T17:43:23.708+0000] {logging_mixin.py:150} INFO - [2023-10-10T17:43:23.708+0000] {dag.py:3508} INFO - Setting next_dagrun for example_complex to None, run_after=None
[2023-10-10T17:43:23.743+0000] {processor.py:179} INFO - Processing /home/airflow/.local/lib/python3.7/site-packages/airflow/example_dags/example_complex.py took 0.155 seconds
[2023-10-10T17:43:54.634+0000] {processor.py:157} INFO - Started process (PID=1299) to work on /home/airflow/.local/lib/python3.7/site-packages/airflow/example_dags/example_complex.py
[2023-10-10T17:43:54.636+0000] {processor.py:826} INFO - Processing file /home/airflow/.local/lib/python3.7/site-packages/airflow/example_dags/example_complex.py for tasks to queue
[2023-10-10T17:43:54.637+0000] {logging_mixin.py:150} INFO - [2023-10-10T17:43:54.637+0000] {dagbag.py:541} INFO - Filling up the DagBag from /home/airflow/.local/lib/python3.7/site-packages/airflow/example_dags/example_complex.py
[2023-10-10T17:43:54.655+0000] {processor.py:836} INFO - DAG(s) dict_keys(['example_complex']) retrieved from /home/airflow/.local/lib/python3.7/site-packages/airflow/example_dags/example_complex.py
[2023-10-10T17:43:54.699+0000] {logging_mixin.py:150} INFO - [2023-10-10T17:43:54.699+0000] {dag.py:2742} INFO - Sync 1 DAGs
[2023-10-10T17:43:54.733+0000] {logging_mixin.py:150} INFO - [2023-10-10T17:43:54.733+0000] {dag.py:3508} INFO - Setting next_dagrun for example_complex to None, run_after=None
[2023-10-10T17:43:54.764+0000] {processor.py:179} INFO - Processing /home/airflow/.local/lib/python3.7/site-packages/airflow/example_dags/example_complex.py took 0.135 seconds
[2023-10-10T17:44:25.575+0000] {processor.py:157} INFO - Started process (PID=1379) to work on /home/airflow/.local/lib/python3.7/site-packages/airflow/example_dags/example_complex.py
[2023-10-10T17:44:25.577+0000] {processor.py:826} INFO - Processing file /home/airflow/.local/lib/python3.7/site-packages/airflow/example_dags/example_complex.py for tasks to queue
[2023-10-10T17:44:25.579+0000] {logging_mixin.py:150} INFO - [2023-10-10T17:44:25.579+0000] {dagbag.py:541} INFO - Filling up the DagBag from /home/airflow/.local/lib/python3.7/site-packages/airflow/example_dags/example_complex.py
[2023-10-10T17:44:25.602+0000] {processor.py:836} INFO - DAG(s) dict_keys(['example_complex']) retrieved from /home/airflow/.local/lib/python3.7/site-packages/airflow/example_dags/example_complex.py
[2023-10-10T17:44:25.656+0000] {logging_mixin.py:150} INFO - [2023-10-10T17:44:25.656+0000] {dag.py:2742} INFO - Sync 1 DAGs
[2023-10-10T17:44:25.705+0000] {logging_mixin.py:150} INFO - [2023-10-10T17:44:25.704+0000] {dag.py:3508} INFO - Setting next_dagrun for example_complex to None, run_after=None
[2023-10-10T17:44:25.734+0000] {processor.py:179} INFO - Processing /home/airflow/.local/lib/python3.7/site-packages/airflow/example_dags/example_complex.py took 0.165 seconds
[2023-10-10T17:44:56.545+0000] {processor.py:157} INFO - Started process (PID=1468) to work on /home/airflow/.local/lib/python3.7/site-packages/airflow/example_dags/example_complex.py
[2023-10-10T17:44:56.549+0000] {processor.py:826} INFO - Processing file /home/airflow/.local/lib/python3.7/site-packages/airflow/example_dags/example_complex.py for tasks to queue
[2023-10-10T17:44:56.551+0000] {logging_mixin.py:150} INFO - [2023-10-10T17:44:56.550+0000] {dagbag.py:541} INFO - Filling up the DagBag from /home/airflow/.local/lib/python3.7/site-packages/airflow/example_dags/example_complex.py
[2023-10-10T17:44:56.571+0000] {processor.py:836} INFO - DAG(s) dict_keys(['example_complex']) retrieved from /home/airflow/.local/lib/python3.7/site-packages/airflow/example_dags/example_complex.py
[2023-10-10T17:44:56.620+0000] {logging_mixin.py:150} INFO - [2023-10-10T17:44:56.620+0000] {dag.py:2742} INFO - Sync 1 DAGs
[2023-10-10T17:44:56.656+0000] {logging_mixin.py:150} INFO - [2023-10-10T17:44:56.655+0000] {dag.py:3508} INFO - Setting next_dagrun for example_complex to None, run_after=None
[2023-10-10T17:44:56.684+0000] {processor.py:179} INFO - Processing /home/airflow/.local/lib/python3.7/site-packages/airflow/example_dags/example_complex.py took 0.144 seconds
[2023-10-10T17:45:27.690+0000] {processor.py:157} INFO - Started process (PID=1548) to work on /home/airflow/.local/lib/python3.7/site-packages/airflow/example_dags/example_complex.py
[2023-10-10T17:45:27.697+0000] {processor.py:826} INFO - Processing file /home/airflow/.local/lib/python3.7/site-packages/airflow/example_dags/example_complex.py for tasks to queue
[2023-10-10T17:45:27.725+0000] {logging_mixin.py:150} INFO - [2023-10-10T17:45:27.724+0000] {dagbag.py:541} INFO - Filling up the DagBag from /home/airflow/.local/lib/python3.7/site-packages/airflow/example_dags/example_complex.py
[2023-10-10T17:45:27.744+0000] {processor.py:836} INFO - DAG(s) dict_keys(['example_complex']) retrieved from /home/airflow/.local/lib/python3.7/site-packages/airflow/example_dags/example_complex.py
[2023-10-10T17:45:27.786+0000] {logging_mixin.py:150} INFO - [2023-10-10T17:45:27.786+0000] {dag.py:2742} INFO - Sync 1 DAGs
[2023-10-10T17:45:27.817+0000] {logging_mixin.py:150} INFO - [2023-10-10T17:45:27.816+0000] {dag.py:3508} INFO - Setting next_dagrun for example_complex to None, run_after=None
[2023-10-10T17:45:27.842+0000] {processor.py:179} INFO - Processing /home/airflow/.local/lib/python3.7/site-packages/airflow/example_dags/example_complex.py took 0.157 seconds
[2023-10-10T17:45:58.983+0000] {processor.py:157} INFO - Started process (PID=1637) to work on /home/airflow/.local/lib/python3.7/site-packages/airflow/example_dags/example_complex.py
[2023-10-10T17:45:58.985+0000] {processor.py:826} INFO - Processing file /home/airflow/.local/lib/python3.7/site-packages/airflow/example_dags/example_complex.py for tasks to queue
[2023-10-10T17:45:58.987+0000] {logging_mixin.py:150} INFO - [2023-10-10T17:45:58.987+0000] {dagbag.py:541} INFO - Filling up the DagBag from /home/airflow/.local/lib/python3.7/site-packages/airflow/example_dags/example_complex.py
[2023-10-10T17:45:59.009+0000] {processor.py:836} INFO - DAG(s) dict_keys(['example_complex']) retrieved from /home/airflow/.local/lib/python3.7/site-packages/airflow/example_dags/example_complex.py
[2023-10-10T17:45:59.062+0000] {logging_mixin.py:150} INFO - [2023-10-10T17:45:59.062+0000] {dag.py:2742} INFO - Sync 1 DAGs
[2023-10-10T17:45:59.101+0000] {logging_mixin.py:150} INFO - [2023-10-10T17:45:59.101+0000] {dag.py:3508} INFO - Setting next_dagrun for example_complex to None, run_after=None
[2023-10-10T17:45:59.131+0000] {processor.py:179} INFO - Processing /home/airflow/.local/lib/python3.7/site-packages/airflow/example_dags/example_complex.py took 0.154 seconds
[2023-10-10T17:46:30.388+0000] {processor.py:157} INFO - Started process (PID=1717) to work on /home/airflow/.local/lib/python3.7/site-packages/airflow/example_dags/example_complex.py
[2023-10-10T17:46:30.391+0000] {processor.py:826} INFO - Processing file /home/airflow/.local/lib/python3.7/site-packages/airflow/example_dags/example_complex.py for tasks to queue
[2023-10-10T17:46:30.392+0000] {logging_mixin.py:150} INFO - [2023-10-10T17:46:30.392+0000] {dagbag.py:541} INFO - Filling up the DagBag from /home/airflow/.local/lib/python3.7/site-packages/airflow/example_dags/example_complex.py
[2023-10-10T17:46:30.413+0000] {processor.py:836} INFO - DAG(s) dict_keys(['example_complex']) retrieved from /home/airflow/.local/lib/python3.7/site-packages/airflow/example_dags/example_complex.py
[2023-10-10T17:46:30.460+0000] {logging_mixin.py:150} INFO - [2023-10-10T17:46:30.460+0000] {dag.py:2742} INFO - Sync 1 DAGs
[2023-10-10T17:46:30.500+0000] {logging_mixin.py:150} INFO - [2023-10-10T17:46:30.500+0000] {dag.py:3508} INFO - Setting next_dagrun for example_complex to None, run_after=None
[2023-10-10T17:46:30.531+0000] {processor.py:179} INFO - Processing /home/airflow/.local/lib/python3.7/site-packages/airflow/example_dags/example_complex.py took 0.149 seconds
[2023-10-10T17:47:01.736+0000] {processor.py:157} INFO - Started process (PID=1806) to work on /home/airflow/.local/lib/python3.7/site-packages/airflow/example_dags/example_complex.py
[2023-10-10T17:47:01.739+0000] {processor.py:826} INFO - Processing file /home/airflow/.local/lib/python3.7/site-packages/airflow/example_dags/example_complex.py for tasks to queue
[2023-10-10T17:47:01.741+0000] {logging_mixin.py:150} INFO - [2023-10-10T17:47:01.741+0000] {dagbag.py:541} INFO - Filling up the DagBag from /home/airflow/.local/lib/python3.7/site-packages/airflow/example_dags/example_complex.py
[2023-10-10T17:47:01.761+0000] {processor.py:836} INFO - DAG(s) dict_keys(['example_complex']) retrieved from /home/airflow/.local/lib/python3.7/site-packages/airflow/example_dags/example_complex.py
[2023-10-10T17:47:01.811+0000] {logging_mixin.py:150} INFO - [2023-10-10T17:47:01.811+0000] {dag.py:2742} INFO - Sync 1 DAGs
[2023-10-10T17:47:01.850+0000] {logging_mixin.py:150} INFO - [2023-10-10T17:47:01.850+0000] {dag.py:3508} INFO - Setting next_dagrun for example_complex to None, run_after=None
[2023-10-10T17:47:01.881+0000] {processor.py:179} INFO - Processing /home/airflow/.local/lib/python3.7/site-packages/airflow/example_dags/example_complex.py took 0.150 seconds
[2023-10-10T17:47:32.951+0000] {processor.py:157} INFO - Started process (PID=1886) to work on /home/airflow/.local/lib/python3.7/site-packages/airflow/example_dags/example_complex.py
[2023-10-10T17:47:32.954+0000] {processor.py:826} INFO - Processing file /home/airflow/.local/lib/python3.7/site-packages/airflow/example_dags/example_complex.py for tasks to queue
[2023-10-10T17:47:32.956+0000] {logging_mixin.py:150} INFO - [2023-10-10T17:47:32.956+0000] {dagbag.py:541} INFO - Filling up the DagBag from /home/airflow/.local/lib/python3.7/site-packages/airflow/example_dags/example_complex.py
[2023-10-10T17:47:32.978+0000] {processor.py:836} INFO - DAG(s) dict_keys(['example_complex']) retrieved from /home/airflow/.local/lib/python3.7/site-packages/airflow/example_dags/example_complex.py
[2023-10-10T17:47:33.038+0000] {logging_mixin.py:150} INFO - [2023-10-10T17:47:33.037+0000] {dag.py:2742} INFO - Sync 1 DAGs
[2023-10-10T17:47:33.085+0000] {logging_mixin.py:150} INFO - [2023-10-10T17:47:33.085+0000] {dag.py:3508} INFO - Setting next_dagrun for example_complex to None, run_after=None
[2023-10-10T17:47:33.133+0000] {processor.py:179} INFO - Processing /home/airflow/.local/lib/python3.7/site-packages/airflow/example_dags/example_complex.py took 0.189 seconds
[2023-10-10T17:48:04.570+0000] {processor.py:157} INFO - Started process (PID=1975) to work on /home/airflow/.local/lib/python3.7/site-packages/airflow/example_dags/example_complex.py
[2023-10-10T17:48:04.572+0000] {processor.py:826} INFO - Processing file /home/airflow/.local/lib/python3.7/site-packages/airflow/example_dags/example_complex.py for tasks to queue
[2023-10-10T17:48:04.575+0000] {logging_mixin.py:150} INFO - [2023-10-10T17:48:04.574+0000] {dagbag.py:541} INFO - Filling up the DagBag from /home/airflow/.local/lib/python3.7/site-packages/airflow/example_dags/example_complex.py
[2023-10-10T17:48:04.599+0000] {processor.py:836} INFO - DAG(s) dict_keys(['example_complex']) retrieved from /home/airflow/.local/lib/python3.7/site-packages/airflow/example_dags/example_complex.py
[2023-10-10T17:48:04.662+0000] {logging_mixin.py:150} INFO - [2023-10-10T17:48:04.662+0000] {dag.py:2742} INFO - Sync 1 DAGs
[2023-10-10T17:48:04.721+0000] {logging_mixin.py:150} INFO - [2023-10-10T17:48:04.720+0000] {dag.py:3508} INFO - Setting next_dagrun for example_complex to None, run_after=None
[2023-10-10T17:48:04.754+0000] {processor.py:179} INFO - Processing /home/airflow/.local/lib/python3.7/site-packages/airflow/example_dags/example_complex.py took 0.190 seconds
[2023-10-10T17:48:35.942+0000] {processor.py:157} INFO - Started process (PID=2055) to work on /home/airflow/.local/lib/python3.7/site-packages/airflow/example_dags/example_complex.py
[2023-10-10T17:48:35.945+0000] {processor.py:826} INFO - Processing file /home/airflow/.local/lib/python3.7/site-packages/airflow/example_dags/example_complex.py for tasks to queue
[2023-10-10T17:48:35.947+0000] {logging_mixin.py:150} INFO - [2023-10-10T17:48:35.947+0000] {dagbag.py:541} INFO - Filling up the DagBag from /home/airflow/.local/lib/python3.7/site-packages/airflow/example_dags/example_complex.py
[2023-10-10T17:48:35.967+0000] {processor.py:836} INFO - DAG(s) dict_keys(['example_complex']) retrieved from /home/airflow/.local/lib/python3.7/site-packages/airflow/example_dags/example_complex.py
[2023-10-10T17:48:36.013+0000] {logging_mixin.py:150} INFO - [2023-10-10T17:48:36.013+0000] {dag.py:2742} INFO - Sync 1 DAGs
[2023-10-10T17:48:36.042+0000] {logging_mixin.py:150} INFO - [2023-10-10T17:48:36.042+0000] {dag.py:3508} INFO - Setting next_dagrun for example_complex to None, run_after=None
[2023-10-10T17:48:36.067+0000] {processor.py:179} INFO - Processing /home/airflow/.local/lib/python3.7/site-packages/airflow/example_dags/example_complex.py took 0.130 seconds
[2023-10-10T17:49:06.970+0000] {processor.py:157} INFO - Started process (PID=2152) to work on /home/airflow/.local/lib/python3.7/site-packages/airflow/example_dags/example_complex.py
[2023-10-10T17:49:06.972+0000] {processor.py:826} INFO - Processing file /home/airflow/.local/lib/python3.7/site-packages/airflow/example_dags/example_complex.py for tasks to queue
[2023-10-10T17:49:06.974+0000] {logging_mixin.py:150} INFO - [2023-10-10T17:49:06.973+0000] {dagbag.py:541} INFO - Filling up the DagBag from /home/airflow/.local/lib/python3.7/site-packages/airflow/example_dags/example_complex.py
[2023-10-10T17:49:06.993+0000] {processor.py:836} INFO - DAG(s) dict_keys(['example_complex']) retrieved from /home/airflow/.local/lib/python3.7/site-packages/airflow/example_dags/example_complex.py
[2023-10-10T17:49:07.043+0000] {logging_mixin.py:150} INFO - [2023-10-10T17:49:07.043+0000] {dag.py:2742} INFO - Sync 1 DAGs
[2023-10-10T17:49:07.083+0000] {logging_mixin.py:150} INFO - [2023-10-10T17:49:07.083+0000] {dag.py:3508} INFO - Setting next_dagrun for example_complex to None, run_after=None
[2023-10-10T17:49:07.117+0000] {processor.py:179} INFO - Processing /home/airflow/.local/lib/python3.7/site-packages/airflow/example_dags/example_complex.py took 0.152 seconds
[2023-10-10T17:49:38.263+0000] {processor.py:157} INFO - Started process (PID=2232) to work on /home/airflow/.local/lib/python3.7/site-packages/airflow/example_dags/example_complex.py
[2023-10-10T17:49:38.265+0000] {processor.py:826} INFO - Processing file /home/airflow/.local/lib/python3.7/site-packages/airflow/example_dags/example_complex.py for tasks to queue
[2023-10-10T17:49:38.267+0000] {logging_mixin.py:150} INFO - [2023-10-10T17:49:38.267+0000] {dagbag.py:541} INFO - Filling up the DagBag from /home/airflow/.local/lib/python3.7/site-packages/airflow/example_dags/example_complex.py
[2023-10-10T17:49:38.284+0000] {processor.py:836} INFO - DAG(s) dict_keys(['example_complex']) retrieved from /home/airflow/.local/lib/python3.7/site-packages/airflow/example_dags/example_complex.py
[2023-10-10T17:49:38.326+0000] {logging_mixin.py:150} INFO - [2023-10-10T17:49:38.326+0000] {dag.py:2742} INFO - Sync 1 DAGs
[2023-10-10T17:49:38.361+0000] {logging_mixin.py:150} INFO - [2023-10-10T17:49:38.360+0000] {dag.py:3508} INFO - Setting next_dagrun for example_complex to None, run_after=None
[2023-10-10T17:49:38.387+0000] {processor.py:179} INFO - Processing /home/airflow/.local/lib/python3.7/site-packages/airflow/example_dags/example_complex.py took 0.129 seconds
[2023-10-10T17:50:09.053+0000] {processor.py:157} INFO - Started process (PID=2319) to work on /home/airflow/.local/lib/python3.7/site-packages/airflow/example_dags/example_complex.py
[2023-10-10T17:50:09.055+0000] {processor.py:826} INFO - Processing file /home/airflow/.local/lib/python3.7/site-packages/airflow/example_dags/example_complex.py for tasks to queue
[2023-10-10T17:50:09.057+0000] {logging_mixin.py:150} INFO - [2023-10-10T17:50:09.056+0000] {dagbag.py:541} INFO - Filling up the DagBag from /home/airflow/.local/lib/python3.7/site-packages/airflow/example_dags/example_complex.py
[2023-10-10T17:50:09.075+0000] {processor.py:836} INFO - DAG(s) dict_keys(['example_complex']) retrieved from /home/airflow/.local/lib/python3.7/site-packages/airflow/example_dags/example_complex.py
[2023-10-10T17:50:09.125+0000] {logging_mixin.py:150} INFO - [2023-10-10T17:50:09.124+0000] {dag.py:2742} INFO - Sync 1 DAGs
[2023-10-10T17:50:09.157+0000] {logging_mixin.py:150} INFO - [2023-10-10T17:50:09.157+0000] {dag.py:3508} INFO - Setting next_dagrun for example_complex to None, run_after=None
[2023-10-10T17:50:09.179+0000] {processor.py:179} INFO - Processing /home/airflow/.local/lib/python3.7/site-packages/airflow/example_dags/example_complex.py took 0.130 seconds
[2023-10-10T17:50:39.975+0000] {processor.py:157} INFO - Started process (PID=2403) to work on /home/airflow/.local/lib/python3.7/site-packages/airflow/example_dags/example_complex.py
[2023-10-10T17:50:39.977+0000] {processor.py:826} INFO - Processing file /home/airflow/.local/lib/python3.7/site-packages/airflow/example_dags/example_complex.py for tasks to queue
[2023-10-10T17:50:39.979+0000] {logging_mixin.py:150} INFO - [2023-10-10T17:50:39.978+0000] {dagbag.py:541} INFO - Filling up the DagBag from /home/airflow/.local/lib/python3.7/site-packages/airflow/example_dags/example_complex.py
[2023-10-10T17:50:39.997+0000] {processor.py:836} INFO - DAG(s) dict_keys(['example_complex']) retrieved from /home/airflow/.local/lib/python3.7/site-packages/airflow/example_dags/example_complex.py
[2023-10-10T17:50:40.043+0000] {logging_mixin.py:150} INFO - [2023-10-10T17:50:40.042+0000] {dag.py:2742} INFO - Sync 1 DAGs
[2023-10-10T17:50:40.080+0000] {logging_mixin.py:150} INFO - [2023-10-10T17:50:40.080+0000] {dag.py:3508} INFO - Setting next_dagrun for example_complex to None, run_after=None
[2023-10-10T17:50:40.110+0000] {processor.py:179} INFO - Processing /home/airflow/.local/lib/python3.7/site-packages/airflow/example_dags/example_complex.py took 0.140 seconds
[2023-10-10T17:51:10.536+0000] {processor.py:157} INFO - Started process (PID=2492) to work on /home/airflow/.local/lib/python3.7/site-packages/airflow/example_dags/example_complex.py
[2023-10-10T17:51:10.538+0000] {processor.py:826} INFO - Processing file /home/airflow/.local/lib/python3.7/site-packages/airflow/example_dags/example_complex.py for tasks to queue
[2023-10-10T17:51:10.540+0000] {logging_mixin.py:150} INFO - [2023-10-10T17:51:10.539+0000] {dagbag.py:541} INFO - Filling up the DagBag from /home/airflow/.local/lib/python3.7/site-packages/airflow/example_dags/example_complex.py
[2023-10-10T17:51:10.559+0000] {processor.py:836} INFO - DAG(s) dict_keys(['example_complex']) retrieved from /home/airflow/.local/lib/python3.7/site-packages/airflow/example_dags/example_complex.py
[2023-10-10T17:51:10.605+0000] {logging_mixin.py:150} INFO - [2023-10-10T17:51:10.605+0000] {dag.py:2742} INFO - Sync 1 DAGs
[2023-10-10T17:51:10.639+0000] {logging_mixin.py:150} INFO - [2023-10-10T17:51:10.638+0000] {dag.py:3508} INFO - Setting next_dagrun for example_complex to None, run_after=None
[2023-10-10T17:51:10.664+0000] {processor.py:179} INFO - Processing /home/airflow/.local/lib/python3.7/site-packages/airflow/example_dags/example_complex.py took 0.134 seconds
[2023-10-10T17:51:41.424+0000] {processor.py:157} INFO - Started process (PID=2574) to work on /home/airflow/.local/lib/python3.7/site-packages/airflow/example_dags/example_complex.py
[2023-10-10T17:51:41.426+0000] {processor.py:826} INFO - Processing file /home/airflow/.local/lib/python3.7/site-packages/airflow/example_dags/example_complex.py for tasks to queue
[2023-10-10T17:51:41.429+0000] {logging_mixin.py:150} INFO - [2023-10-10T17:51:41.428+0000] {dagbag.py:541} INFO - Filling up the DagBag from /home/airflow/.local/lib/python3.7/site-packages/airflow/example_dags/example_complex.py
[2023-10-10T17:51:41.449+0000] {processor.py:836} INFO - DAG(s) dict_keys(['example_complex']) retrieved from /home/airflow/.local/lib/python3.7/site-packages/airflow/example_dags/example_complex.py
[2023-10-10T17:51:41.501+0000] {logging_mixin.py:150} INFO - [2023-10-10T17:51:41.501+0000] {dag.py:2742} INFO - Sync 1 DAGs
[2023-10-10T17:51:41.537+0000] {logging_mixin.py:150} INFO - [2023-10-10T17:51:41.536+0000] {dag.py:3508} INFO - Setting next_dagrun for example_complex to None, run_after=None
[2023-10-10T17:51:41.566+0000] {processor.py:179} INFO - Processing /home/airflow/.local/lib/python3.7/site-packages/airflow/example_dags/example_complex.py took 0.147 seconds
[2023-10-10T17:52:12.136+0000] {processor.py:157} INFO - Started process (PID=2666) to work on /home/airflow/.local/lib/python3.7/site-packages/airflow/example_dags/example_complex.py
[2023-10-10T17:52:12.138+0000] {processor.py:826} INFO - Processing file /home/airflow/.local/lib/python3.7/site-packages/airflow/example_dags/example_complex.py for tasks to queue
[2023-10-10T17:52:12.140+0000] {logging_mixin.py:150} INFO - [2023-10-10T17:52:12.139+0000] {dagbag.py:541} INFO - Filling up the DagBag from /home/airflow/.local/lib/python3.7/site-packages/airflow/example_dags/example_complex.py
[2023-10-10T17:52:12.161+0000] {processor.py:836} INFO - DAG(s) dict_keys(['example_complex']) retrieved from /home/airflow/.local/lib/python3.7/site-packages/airflow/example_dags/example_complex.py
[2023-10-10T17:52:12.216+0000] {logging_mixin.py:150} INFO - [2023-10-10T17:52:12.215+0000] {dag.py:2742} INFO - Sync 1 DAGs
[2023-10-10T17:52:12.259+0000] {logging_mixin.py:150} INFO - [2023-10-10T17:52:12.258+0000] {dag.py:3508} INFO - Setting next_dagrun for example_complex to None, run_after=None
[2023-10-10T17:52:12.291+0000] {processor.py:179} INFO - Processing /home/airflow/.local/lib/python3.7/site-packages/airflow/example_dags/example_complex.py took 0.161 seconds
[2023-10-10T17:52:42.950+0000] {processor.py:157} INFO - Started process (PID=2746) to work on /home/airflow/.local/lib/python3.7/site-packages/airflow/example_dags/example_complex.py
[2023-10-10T17:52:42.957+0000] {processor.py:826} INFO - Processing file /home/airflow/.local/lib/python3.7/site-packages/airflow/example_dags/example_complex.py for tasks to queue
[2023-10-10T17:52:42.960+0000] {logging_mixin.py:150} INFO - [2023-10-10T17:52:42.959+0000] {dagbag.py:541} INFO - Filling up the DagBag from /home/airflow/.local/lib/python3.7/site-packages/airflow/example_dags/example_complex.py
[2023-10-10T17:52:42.983+0000] {processor.py:836} INFO - DAG(s) dict_keys(['example_complex']) retrieved from /home/airflow/.local/lib/python3.7/site-packages/airflow/example_dags/example_complex.py
[2023-10-10T17:52:43.035+0000] {logging_mixin.py:150} INFO - [2023-10-10T17:52:43.035+0000] {dag.py:2742} INFO - Sync 1 DAGs
[2023-10-10T17:52:43.073+0000] {logging_mixin.py:150} INFO - [2023-10-10T17:52:43.073+0000] {dag.py:3508} INFO - Setting next_dagrun for example_complex to None, run_after=None
[2023-10-10T17:52:43.105+0000] {processor.py:179} INFO - Processing /home/airflow/.local/lib/python3.7/site-packages/airflow/example_dags/example_complex.py took 0.164 seconds
[2023-10-10T17:53:13.664+0000] {processor.py:157} INFO - Started process (PID=2839) to work on /home/airflow/.local/lib/python3.7/site-packages/airflow/example_dags/example_complex.py
[2023-10-10T17:53:13.666+0000] {processor.py:826} INFO - Processing file /home/airflow/.local/lib/python3.7/site-packages/airflow/example_dags/example_complex.py for tasks to queue
[2023-10-10T17:53:13.669+0000] {logging_mixin.py:150} INFO - [2023-10-10T17:53:13.669+0000] {dagbag.py:541} INFO - Filling up the DagBag from /home/airflow/.local/lib/python3.7/site-packages/airflow/example_dags/example_complex.py
[2023-10-10T17:53:13.692+0000] {processor.py:836} INFO - DAG(s) dict_keys(['example_complex']) retrieved from /home/airflow/.local/lib/python3.7/site-packages/airflow/example_dags/example_complex.py
[2023-10-10T17:53:13.746+0000] {logging_mixin.py:150} INFO - [2023-10-10T17:53:13.746+0000] {dag.py:2742} INFO - Sync 1 DAGs
[2023-10-10T17:53:13.780+0000] {logging_mixin.py:150} INFO - [2023-10-10T17:53:13.780+0000] {dag.py:3508} INFO - Setting next_dagrun for example_complex to None, run_after=None
[2023-10-10T17:53:13.803+0000] {processor.py:179} INFO - Processing /home/airflow/.local/lib/python3.7/site-packages/airflow/example_dags/example_complex.py took 0.144 seconds
[2023-10-10T17:53:44.245+0000] {processor.py:157} INFO - Started process (PID=2920) to work on /home/airflow/.local/lib/python3.7/site-packages/airflow/example_dags/example_complex.py
[2023-10-10T17:53:44.247+0000] {processor.py:826} INFO - Processing file /home/airflow/.local/lib/python3.7/site-packages/airflow/example_dags/example_complex.py for tasks to queue
[2023-10-10T17:53:44.249+0000] {logging_mixin.py:150} INFO - [2023-10-10T17:53:44.248+0000] {dagbag.py:541} INFO - Filling up the DagBag from /home/airflow/.local/lib/python3.7/site-packages/airflow/example_dags/example_complex.py
[2023-10-10T17:53:44.267+0000] {processor.py:836} INFO - DAG(s) dict_keys(['example_complex']) retrieved from /home/airflow/.local/lib/python3.7/site-packages/airflow/example_dags/example_complex.py
[2023-10-10T17:53:44.318+0000] {logging_mixin.py:150} INFO - [2023-10-10T17:53:44.318+0000] {dag.py:2742} INFO - Sync 1 DAGs
[2023-10-10T17:53:44.359+0000] {logging_mixin.py:150} INFO - [2023-10-10T17:53:44.358+0000] {dag.py:3508} INFO - Setting next_dagrun for example_complex to None, run_after=None
[2023-10-10T17:53:44.396+0000] {processor.py:179} INFO - Processing /home/airflow/.local/lib/python3.7/site-packages/airflow/example_dags/example_complex.py took 0.157 seconds
[2023-10-10T17:54:15.381+0000] {processor.py:157} INFO - Started process (PID=3010) to work on /home/airflow/.local/lib/python3.7/site-packages/airflow/example_dags/example_complex.py
[2023-10-10T17:54:15.383+0000] {processor.py:826} INFO - Processing file /home/airflow/.local/lib/python3.7/site-packages/airflow/example_dags/example_complex.py for tasks to queue
[2023-10-10T17:54:15.384+0000] {logging_mixin.py:150} INFO - [2023-10-10T17:54:15.384+0000] {dagbag.py:541} INFO - Filling up the DagBag from /home/airflow/.local/lib/python3.7/site-packages/airflow/example_dags/example_complex.py
[2023-10-10T17:54:15.403+0000] {processor.py:836} INFO - DAG(s) dict_keys(['example_complex']) retrieved from /home/airflow/.local/lib/python3.7/site-packages/airflow/example_dags/example_complex.py
[2023-10-10T17:54:15.451+0000] {logging_mixin.py:150} INFO - [2023-10-10T17:54:15.451+0000] {dag.py:2742} INFO - Sync 1 DAGs
[2023-10-10T17:54:15.484+0000] {logging_mixin.py:150} INFO - [2023-10-10T17:54:15.484+0000] {dag.py:3508} INFO - Setting next_dagrun for example_complex to None, run_after=None
[2023-10-10T17:54:15.511+0000] {processor.py:179} INFO - Processing /home/airflow/.local/lib/python3.7/site-packages/airflow/example_dags/example_complex.py took 0.135 seconds
[2023-10-10T17:54:46.764+0000] {processor.py:157} INFO - Started process (PID=3112) to work on /home/airflow/.local/lib/python3.7/site-packages/airflow/example_dags/example_complex.py
[2023-10-10T17:54:46.767+0000] {processor.py:826} INFO - Processing file /home/airflow/.local/lib/python3.7/site-packages/airflow/example_dags/example_complex.py for tasks to queue
[2023-10-10T17:54:46.770+0000] {logging_mixin.py:150} INFO - [2023-10-10T17:54:46.769+0000] {dagbag.py:541} INFO - Filling up the DagBag from /home/airflow/.local/lib/python3.7/site-packages/airflow/example_dags/example_complex.py
[2023-10-10T17:54:46.817+0000] {processor.py:836} INFO - DAG(s) dict_keys(['example_complex']) retrieved from /home/airflow/.local/lib/python3.7/site-packages/airflow/example_dags/example_complex.py
[2023-10-10T17:54:46.941+0000] {logging_mixin.py:150} INFO - [2023-10-10T17:54:46.940+0000] {dag.py:2742} INFO - Sync 1 DAGs
[2023-10-10T17:54:47.015+0000] {logging_mixin.py:150} INFO - [2023-10-10T17:54:47.015+0000] {dag.py:3508} INFO - Setting next_dagrun for example_complex to None, run_after=None
[2023-10-10T17:54:47.060+0000] {processor.py:179} INFO - Processing /home/airflow/.local/lib/python3.7/site-packages/airflow/example_dags/example_complex.py took 0.310 seconds
[2023-10-10T17:56:07.051+0000] {processor.py:157} INFO - Started process (PID=3248) to work on /home/airflow/.local/lib/python3.7/site-packages/airflow/example_dags/example_complex.py
[2023-10-10T17:56:07.054+0000] {processor.py:826} INFO - Processing file /home/airflow/.local/lib/python3.7/site-packages/airflow/example_dags/example_complex.py for tasks to queue
[2023-10-10T17:56:07.057+0000] {logging_mixin.py:150} INFO - [2023-10-10T17:56:07.057+0000] {dagbag.py:541} INFO - Filling up the DagBag from /home/airflow/.local/lib/python3.7/site-packages/airflow/example_dags/example_complex.py
[2023-10-10T17:56:07.119+0000] {processor.py:836} INFO - DAG(s) dict_keys(['example_complex']) retrieved from /home/airflow/.local/lib/python3.7/site-packages/airflow/example_dags/example_complex.py
[2023-10-10T17:56:07.237+0000] {logging_mixin.py:150} INFO - [2023-10-10T17:56:07.237+0000] {dag.py:2742} INFO - Sync 1 DAGs
[2023-10-10T17:56:07.305+0000] {logging_mixin.py:150} INFO - [2023-10-10T17:56:07.305+0000] {dag.py:3508} INFO - Setting next_dagrun for example_complex to None, run_after=None
[2023-10-10T17:56:07.343+0000] {processor.py:179} INFO - Processing /home/airflow/.local/lib/python3.7/site-packages/airflow/example_dags/example_complex.py took 0.301 seconds
[2023-10-10T17:56:40.265+0000] {processor.py:157} INFO - Started process (PID=3329) to work on /home/airflow/.local/lib/python3.7/site-packages/airflow/example_dags/example_complex.py
[2023-10-10T17:56:40.270+0000] {processor.py:826} INFO - Processing file /home/airflow/.local/lib/python3.7/site-packages/airflow/example_dags/example_complex.py for tasks to queue
[2023-10-10T17:56:40.275+0000] {logging_mixin.py:150} INFO - [2023-10-10T17:56:40.274+0000] {dagbag.py:541} INFO - Filling up the DagBag from /home/airflow/.local/lib/python3.7/site-packages/airflow/example_dags/example_complex.py
[2023-10-10T17:56:40.329+0000] {processor.py:836} INFO - DAG(s) dict_keys(['example_complex']) retrieved from /home/airflow/.local/lib/python3.7/site-packages/airflow/example_dags/example_complex.py
[2023-10-10T17:56:40.476+0000] {logging_mixin.py:150} INFO - [2023-10-10T17:56:40.476+0000] {dag.py:2742} INFO - Sync 1 DAGs
[2023-10-10T17:56:40.562+0000] {logging_mixin.py:150} INFO - [2023-10-10T17:56:40.561+0000] {dag.py:3508} INFO - Setting next_dagrun for example_complex to None, run_after=None
[2023-10-10T17:56:40.619+0000] {processor.py:179} INFO - Processing /home/airflow/.local/lib/python3.7/site-packages/airflow/example_dags/example_complex.py took 0.365 seconds
[2023-10-10T17:57:47.364+0000] {processor.py:157} INFO - Started process (PID=3429) to work on /home/airflow/.local/lib/python3.7/site-packages/airflow/example_dags/example_complex.py
[2023-10-10T17:57:47.387+0000] {processor.py:826} INFO - Processing file /home/airflow/.local/lib/python3.7/site-packages/airflow/example_dags/example_complex.py for tasks to queue
[2023-10-10T17:57:47.434+0000] {logging_mixin.py:150} INFO - [2023-10-10T17:57:47.413+0000] {dagbag.py:541} INFO - Filling up the DagBag from /home/airflow/.local/lib/python3.7/site-packages/airflow/example_dags/example_complex.py
[2023-10-10T17:57:47.921+0000] {processor.py:836} INFO - DAG(s) dict_keys(['example_complex']) retrieved from /home/airflow/.local/lib/python3.7/site-packages/airflow/example_dags/example_complex.py
[2023-10-10T17:57:48.596+0000] {logging_mixin.py:150} INFO - [2023-10-10T17:57:48.596+0000] {dag.py:2742} INFO - Sync 1 DAGs
[2023-10-10T17:57:49.199+0000] {logging_mixin.py:150} INFO - [2023-10-10T17:57:49.198+0000] {dag.py:3508} INFO - Setting next_dagrun for example_complex to None, run_after=None
[2023-10-10T17:57:49.414+0000] {processor.py:179} INFO - Processing /home/airflow/.local/lib/python3.7/site-packages/airflow/example_dags/example_complex.py took 2.103 seconds
[2023-10-10T17:58:38.913+0000] {processor.py:157} INFO - Started process (PID=3524) to work on /home/airflow/.local/lib/python3.7/site-packages/airflow/example_dags/example_complex.py
[2023-10-10T17:58:38.922+0000] {processor.py:826} INFO - Processing file /home/airflow/.local/lib/python3.7/site-packages/airflow/example_dags/example_complex.py for tasks to queue
[2023-10-10T17:58:38.942+0000] {logging_mixin.py:150} INFO - [2023-10-10T17:58:38.941+0000] {dagbag.py:541} INFO - Filling up the DagBag from /home/airflow/.local/lib/python3.7/site-packages/airflow/example_dags/example_complex.py
[2023-10-10T17:58:39.094+0000] {processor.py:836} INFO - DAG(s) dict_keys(['example_complex']) retrieved from /home/airflow/.local/lib/python3.7/site-packages/airflow/example_dags/example_complex.py
[2023-10-10T17:58:39.723+0000] {logging_mixin.py:150} INFO - [2023-10-10T17:58:39.723+0000] {dag.py:2742} INFO - Sync 1 DAGs
[2023-10-10T17:58:40.150+0000] {logging_mixin.py:150} INFO - [2023-10-10T17:58:40.149+0000] {dag.py:3508} INFO - Setting next_dagrun for example_complex to None, run_after=None
[2023-10-10T17:58:40.355+0000] {processor.py:179} INFO - Processing /home/airflow/.local/lib/python3.7/site-packages/airflow/example_dags/example_complex.py took 1.483 seconds
[2023-10-10T17:59:12.825+0000] {processor.py:157} INFO - Started process (PID=3619) to work on /home/airflow/.local/lib/python3.7/site-packages/airflow/example_dags/example_complex.py
[2023-10-10T17:59:12.881+0000] {processor.py:826} INFO - Processing file /home/airflow/.local/lib/python3.7/site-packages/airflow/example_dags/example_complex.py for tasks to queue
[2023-10-10T17:59:12.915+0000] {logging_mixin.py:150} INFO - [2023-10-10T17:59:12.905+0000] {dagbag.py:541} INFO - Filling up the DagBag from /home/airflow/.local/lib/python3.7/site-packages/airflow/example_dags/example_complex.py
[2023-10-10T17:59:13.178+0000] {processor.py:836} INFO - DAG(s) dict_keys(['example_complex']) retrieved from /home/airflow/.local/lib/python3.7/site-packages/airflow/example_dags/example_complex.py
[2023-10-10T17:59:13.549+0000] {logging_mixin.py:150} INFO - [2023-10-10T17:59:13.548+0000] {dag.py:2742} INFO - Sync 1 DAGs
[2023-10-10T17:59:13.909+0000] {logging_mixin.py:150} INFO - [2023-10-10T17:59:13.902+0000] {dag.py:3508} INFO - Setting next_dagrun for example_complex to None, run_after=None
[2023-10-10T17:59:14.299+0000] {processor.py:179} INFO - Processing /home/airflow/.local/lib/python3.7/site-packages/airflow/example_dags/example_complex.py took 1.544 seconds
[2023-10-10T17:59:50.834+0000] {processor.py:157} INFO - Started process (PID=3701) to work on /home/airflow/.local/lib/python3.7/site-packages/airflow/example_dags/example_complex.py
[2023-10-10T17:59:50.844+0000] {processor.py:826} INFO - Processing file /home/airflow/.local/lib/python3.7/site-packages/airflow/example_dags/example_complex.py for tasks to queue
[2023-10-10T17:59:50.862+0000] {logging_mixin.py:150} INFO - [2023-10-10T17:59:50.858+0000] {dagbag.py:541} INFO - Filling up the DagBag from /home/airflow/.local/lib/python3.7/site-packages/airflow/example_dags/example_complex.py
[2023-10-10T17:59:50.972+0000] {processor.py:836} INFO - DAG(s) dict_keys(['example_complex']) retrieved from /home/airflow/.local/lib/python3.7/site-packages/airflow/example_dags/example_complex.py
[2023-10-10T17:59:51.165+0000] {logging_mixin.py:150} INFO - [2023-10-10T17:59:51.164+0000] {dag.py:2742} INFO - Sync 1 DAGs
[2023-10-10T17:59:51.310+0000] {logging_mixin.py:150} INFO - [2023-10-10T17:59:51.310+0000] {dag.py:3508} INFO - Setting next_dagrun for example_complex to None, run_after=None
[2023-10-10T17:59:51.412+0000] {processor.py:179} INFO - Processing /home/airflow/.local/lib/python3.7/site-packages/airflow/example_dags/example_complex.py took 0.597 seconds
[2023-10-10T18:00:22.041+0000] {processor.py:157} INFO - Started process (PID=3781) to work on /home/airflow/.local/lib/python3.7/site-packages/airflow/example_dags/example_complex.py
[2023-10-10T18:00:22.044+0000] {processor.py:826} INFO - Processing file /home/airflow/.local/lib/python3.7/site-packages/airflow/example_dags/example_complex.py for tasks to queue
[2023-10-10T18:00:22.047+0000] {logging_mixin.py:150} INFO - [2023-10-10T18:00:22.047+0000] {dagbag.py:541} INFO - Filling up the DagBag from /home/airflow/.local/lib/python3.7/site-packages/airflow/example_dags/example_complex.py
[2023-10-10T18:00:22.083+0000] {processor.py:836} INFO - DAG(s) dict_keys(['example_complex']) retrieved from /home/airflow/.local/lib/python3.7/site-packages/airflow/example_dags/example_complex.py
[2023-10-10T18:00:22.183+0000] {logging_mixin.py:150} INFO - [2023-10-10T18:00:22.182+0000] {dag.py:2742} INFO - Sync 1 DAGs
[2023-10-10T18:00:22.248+0000] {logging_mixin.py:150} INFO - [2023-10-10T18:00:22.248+0000] {dag.py:3508} INFO - Setting next_dagrun for example_complex to None, run_after=None
[2023-10-10T18:00:22.294+0000] {processor.py:179} INFO - Processing /home/airflow/.local/lib/python3.7/site-packages/airflow/example_dags/example_complex.py took 0.263 seconds
[2023-10-10T18:00:52.999+0000] {processor.py:157} INFO - Started process (PID=3863) to work on /home/airflow/.local/lib/python3.7/site-packages/airflow/example_dags/example_complex.py
[2023-10-10T18:00:53.003+0000] {processor.py:826} INFO - Processing file /home/airflow/.local/lib/python3.7/site-packages/airflow/example_dags/example_complex.py for tasks to queue
[2023-10-10T18:00:53.006+0000] {logging_mixin.py:150} INFO - [2023-10-10T18:00:53.005+0000] {dagbag.py:541} INFO - Filling up the DagBag from /home/airflow/.local/lib/python3.7/site-packages/airflow/example_dags/example_complex.py
[2023-10-10T18:00:53.034+0000] {processor.py:836} INFO - DAG(s) dict_keys(['example_complex']) retrieved from /home/airflow/.local/lib/python3.7/site-packages/airflow/example_dags/example_complex.py
[2023-10-10T18:00:53.104+0000] {logging_mixin.py:150} INFO - [2023-10-10T18:00:53.104+0000] {dag.py:2742} INFO - Sync 1 DAGs
[2023-10-10T18:00:53.166+0000] {logging_mixin.py:150} INFO - [2023-10-10T18:00:53.166+0000] {dag.py:3508} INFO - Setting next_dagrun for example_complex to None, run_after=None
[2023-10-10T18:00:53.234+0000] {processor.py:179} INFO - Processing /home/airflow/.local/lib/python3.7/site-packages/airflow/example_dags/example_complex.py took 0.244 seconds
[2023-10-10T18:01:23.396+0000] {processor.py:157} INFO - Started process (PID=3944) to work on /home/airflow/.local/lib/python3.7/site-packages/airflow/example_dags/example_complex.py
[2023-10-10T18:01:23.399+0000] {processor.py:826} INFO - Processing file /home/airflow/.local/lib/python3.7/site-packages/airflow/example_dags/example_complex.py for tasks to queue
[2023-10-10T18:01:23.402+0000] {logging_mixin.py:150} INFO - [2023-10-10T18:01:23.401+0000] {dagbag.py:541} INFO - Filling up the DagBag from /home/airflow/.local/lib/python3.7/site-packages/airflow/example_dags/example_complex.py
[2023-10-10T18:01:23.435+0000] {processor.py:836} INFO - DAG(s) dict_keys(['example_complex']) retrieved from /home/airflow/.local/lib/python3.7/site-packages/airflow/example_dags/example_complex.py
[2023-10-10T18:01:23.522+0000] {logging_mixin.py:150} INFO - [2023-10-10T18:01:23.522+0000] {dag.py:2742} INFO - Sync 1 DAGs
[2023-10-10T18:01:23.581+0000] {logging_mixin.py:150} INFO - [2023-10-10T18:01:23.580+0000] {dag.py:3508} INFO - Setting next_dagrun for example_complex to None, run_after=None
[2023-10-10T18:01:23.624+0000] {processor.py:179} INFO - Processing /home/airflow/.local/lib/python3.7/site-packages/airflow/example_dags/example_complex.py took 0.236 seconds
[2023-10-10T18:01:53.704+0000] {processor.py:157} INFO - Started process (PID=4033) to work on /home/airflow/.local/lib/python3.7/site-packages/airflow/example_dags/example_complex.py
[2023-10-10T18:01:53.708+0000] {processor.py:826} INFO - Processing file /home/airflow/.local/lib/python3.7/site-packages/airflow/example_dags/example_complex.py for tasks to queue
[2023-10-10T18:01:53.711+0000] {logging_mixin.py:150} INFO - [2023-10-10T18:01:53.710+0000] {dagbag.py:541} INFO - Filling up the DagBag from /home/airflow/.local/lib/python3.7/site-packages/airflow/example_dags/example_complex.py
[2023-10-10T18:01:53.742+0000] {processor.py:836} INFO - DAG(s) dict_keys(['example_complex']) retrieved from /home/airflow/.local/lib/python3.7/site-packages/airflow/example_dags/example_complex.py
[2023-10-10T18:01:53.819+0000] {logging_mixin.py:150} INFO - [2023-10-10T18:01:53.819+0000] {dag.py:2742} INFO - Sync 1 DAGs
[2023-10-10T18:01:53.877+0000] {logging_mixin.py:150} INFO - [2023-10-10T18:01:53.877+0000] {dag.py:3508} INFO - Setting next_dagrun for example_complex to None, run_after=None
[2023-10-10T18:01:53.917+0000] {processor.py:179} INFO - Processing /home/airflow/.local/lib/python3.7/site-packages/airflow/example_dags/example_complex.py took 0.222 seconds
[2023-10-10T18:02:24.014+0000] {processor.py:157} INFO - Started process (PID=4114) to work on /home/airflow/.local/lib/python3.7/site-packages/airflow/example_dags/example_complex.py
[2023-10-10T18:02:24.018+0000] {processor.py:826} INFO - Processing file /home/airflow/.local/lib/python3.7/site-packages/airflow/example_dags/example_complex.py for tasks to queue
[2023-10-10T18:02:24.021+0000] {logging_mixin.py:150} INFO - [2023-10-10T18:02:24.020+0000] {dagbag.py:541} INFO - Filling up the DagBag from /home/airflow/.local/lib/python3.7/site-packages/airflow/example_dags/example_complex.py
[2023-10-10T18:02:24.067+0000] {processor.py:836} INFO - DAG(s) dict_keys(['example_complex']) retrieved from /home/airflow/.local/lib/python3.7/site-packages/airflow/example_dags/example_complex.py
[2023-10-10T18:02:24.155+0000] {logging_mixin.py:150} INFO - [2023-10-10T18:02:24.155+0000] {dag.py:2742} INFO - Sync 1 DAGs
[2023-10-10T18:02:24.231+0000] {logging_mixin.py:150} INFO - [2023-10-10T18:02:24.230+0000] {dag.py:3508} INFO - Setting next_dagrun for example_complex to None, run_after=None
[2023-10-10T18:02:24.294+0000] {processor.py:179} INFO - Processing /home/airflow/.local/lib/python3.7/site-packages/airflow/example_dags/example_complex.py took 0.287 seconds
[2023-10-10T18:02:55.315+0000] {processor.py:157} INFO - Started process (PID=4195) to work on /home/airflow/.local/lib/python3.7/site-packages/airflow/example_dags/example_complex.py
[2023-10-10T18:02:55.318+0000] {processor.py:826} INFO - Processing file /home/airflow/.local/lib/python3.7/site-packages/airflow/example_dags/example_complex.py for tasks to queue
[2023-10-10T18:02:55.322+0000] {logging_mixin.py:150} INFO - [2023-10-10T18:02:55.321+0000] {dagbag.py:541} INFO - Filling up the DagBag from /home/airflow/.local/lib/python3.7/site-packages/airflow/example_dags/example_complex.py
[2023-10-10T18:02:55.383+0000] {processor.py:836} INFO - DAG(s) dict_keys(['example_complex']) retrieved from /home/airflow/.local/lib/python3.7/site-packages/airflow/example_dags/example_complex.py
[2023-10-10T18:02:55.503+0000] {logging_mixin.py:150} INFO - [2023-10-10T18:02:55.502+0000] {dag.py:2742} INFO - Sync 1 DAGs
[2023-10-10T18:02:55.644+0000] {logging_mixin.py:150} INFO - [2023-10-10T18:02:55.644+0000] {dag.py:3508} INFO - Setting next_dagrun for example_complex to None, run_after=None
[2023-10-10T18:02:55.713+0000] {processor.py:179} INFO - Processing /home/airflow/.local/lib/python3.7/site-packages/airflow/example_dags/example_complex.py took 0.410 seconds
[2023-10-10T18:03:25.877+0000] {processor.py:157} INFO - Started process (PID=4275) to work on /home/airflow/.local/lib/python3.7/site-packages/airflow/example_dags/example_complex.py
[2023-10-10T18:03:25.879+0000] {processor.py:826} INFO - Processing file /home/airflow/.local/lib/python3.7/site-packages/airflow/example_dags/example_complex.py for tasks to queue
[2023-10-10T18:03:25.883+0000] {logging_mixin.py:150} INFO - [2023-10-10T18:03:25.882+0000] {dagbag.py:541} INFO - Filling up the DagBag from /home/airflow/.local/lib/python3.7/site-packages/airflow/example_dags/example_complex.py
[2023-10-10T18:03:25.889+0000] {processor.py:836} INFO - DAG(s) dict_keys(['example_complex']) retrieved from /home/airflow/.local/lib/python3.7/site-packages/airflow/example_dags/example_complex.py
[2023-10-10T18:03:25.956+0000] {logging_mixin.py:150} INFO - [2023-10-10T18:03:25.956+0000] {dag.py:2742} INFO - Sync 1 DAGs
[2023-10-10T18:03:26.008+0000] {logging_mixin.py:150} INFO - [2023-10-10T18:03:26.008+0000] {dag.py:3508} INFO - Setting next_dagrun for example_complex to None, run_after=None
[2023-10-10T18:03:26.049+0000] {processor.py:179} INFO - Processing /home/airflow/.local/lib/python3.7/site-packages/airflow/example_dags/example_complex.py took 0.200 seconds
[2023-10-10T18:03:56.387+0000] {processor.py:157} INFO - Started process (PID=4364) to work on /home/airflow/.local/lib/python3.7/site-packages/airflow/example_dags/example_complex.py
[2023-10-10T18:03:56.389+0000] {processor.py:826} INFO - Processing file /home/airflow/.local/lib/python3.7/site-packages/airflow/example_dags/example_complex.py for tasks to queue
[2023-10-10T18:03:56.394+0000] {logging_mixin.py:150} INFO - [2023-10-10T18:03:56.394+0000] {dagbag.py:541} INFO - Filling up the DagBag from /home/airflow/.local/lib/python3.7/site-packages/airflow/example_dags/example_complex.py
[2023-10-10T18:03:56.418+0000] {processor.py:836} INFO - DAG(s) dict_keys(['example_complex']) retrieved from /home/airflow/.local/lib/python3.7/site-packages/airflow/example_dags/example_complex.py
[2023-10-10T18:03:56.499+0000] {logging_mixin.py:150} INFO - [2023-10-10T18:03:56.499+0000] {dag.py:2742} INFO - Sync 1 DAGs
[2023-10-10T18:03:56.566+0000] {logging_mixin.py:150} INFO - [2023-10-10T18:03:56.566+0000] {dag.py:3508} INFO - Setting next_dagrun for example_complex to None, run_after=None
[2023-10-10T18:03:56.608+0000] {processor.py:179} INFO - Processing /home/airflow/.local/lib/python3.7/site-packages/airflow/example_dags/example_complex.py took 0.227 seconds
[2023-10-10T18:04:27.114+0000] {processor.py:157} INFO - Started process (PID=4446) to work on /home/airflow/.local/lib/python3.7/site-packages/airflow/example_dags/example_complex.py
[2023-10-10T18:04:27.118+0000] {processor.py:826} INFO - Processing file /home/airflow/.local/lib/python3.7/site-packages/airflow/example_dags/example_complex.py for tasks to queue
[2023-10-10T18:04:27.123+0000] {logging_mixin.py:150} INFO - [2023-10-10T18:04:27.122+0000] {dagbag.py:541} INFO - Filling up the DagBag from /home/airflow/.local/lib/python3.7/site-packages/airflow/example_dags/example_complex.py
[2023-10-10T18:04:27.162+0000] {processor.py:836} INFO - DAG(s) dict_keys(['example_complex']) retrieved from /home/airflow/.local/lib/python3.7/site-packages/airflow/example_dags/example_complex.py
[2023-10-10T18:04:27.245+0000] {logging_mixin.py:150} INFO - [2023-10-10T18:04:27.245+0000] {dag.py:2742} INFO - Sync 1 DAGs
[2023-10-10T18:04:27.324+0000] {logging_mixin.py:150} INFO - [2023-10-10T18:04:27.324+0000] {dag.py:3508} INFO - Setting next_dagrun for example_complex to None, run_after=None
[2023-10-10T18:04:27.381+0000] {processor.py:179} INFO - Processing /home/airflow/.local/lib/python3.7/site-packages/airflow/example_dags/example_complex.py took 0.279 seconds
[2023-10-10T18:04:58.937+0000] {processor.py:157} INFO - Started process (PID=4527) to work on /home/airflow/.local/lib/python3.7/site-packages/airflow/example_dags/example_complex.py
[2023-10-10T18:04:58.953+0000] {processor.py:826} INFO - Processing file /home/airflow/.local/lib/python3.7/site-packages/airflow/example_dags/example_complex.py for tasks to queue
[2023-10-10T18:04:58.972+0000] {logging_mixin.py:150} INFO - [2023-10-10T18:04:58.969+0000] {dagbag.py:541} INFO - Filling up the DagBag from /home/airflow/.local/lib/python3.7/site-packages/airflow/example_dags/example_complex.py
[2023-10-10T18:04:59.097+0000] {processor.py:836} INFO - DAG(s) dict_keys(['example_complex']) retrieved from /home/airflow/.local/lib/python3.7/site-packages/airflow/example_dags/example_complex.py
[2023-10-10T18:04:59.401+0000] {logging_mixin.py:150} INFO - [2023-10-10T18:04:59.399+0000] {dag.py:2742} INFO - Sync 1 DAGs
[2023-10-10T18:04:59.645+0000] {logging_mixin.py:150} INFO - [2023-10-10T18:04:59.644+0000] {dag.py:3508} INFO - Setting next_dagrun for example_complex to None, run_after=None
[2023-10-10T18:04:59.832+0000] {processor.py:179} INFO - Processing /home/airflow/.local/lib/python3.7/site-packages/airflow/example_dags/example_complex.py took 0.937 seconds
[2023-10-10T18:05:30.336+0000] {processor.py:157} INFO - Started process (PID=4600) to work on /home/airflow/.local/lib/python3.7/site-packages/airflow/example_dags/example_complex.py
[2023-10-10T18:05:30.350+0000] {processor.py:826} INFO - Processing file /home/airflow/.local/lib/python3.7/site-packages/airflow/example_dags/example_complex.py for tasks to queue
[2023-10-10T18:05:30.363+0000] {logging_mixin.py:150} INFO - [2023-10-10T18:05:30.361+0000] {dagbag.py:541} INFO - Filling up the DagBag from /home/airflow/.local/lib/python3.7/site-packages/airflow/example_dags/example_complex.py
[2023-10-10T18:05:30.533+0000] {processor.py:836} INFO - DAG(s) dict_keys(['example_complex']) retrieved from /home/airflow/.local/lib/python3.7/site-packages/airflow/example_dags/example_complex.py
[2023-10-10T18:05:30.938+0000] {logging_mixin.py:150} INFO - [2023-10-10T18:05:30.937+0000] {dag.py:2742} INFO - Sync 1 DAGs
[2023-10-10T18:05:31.221+0000] {logging_mixin.py:150} INFO - [2023-10-10T18:05:31.220+0000] {dag.py:3508} INFO - Setting next_dagrun for example_complex to None, run_after=None
[2023-10-10T18:05:31.499+0000] {processor.py:179} INFO - Processing /home/airflow/.local/lib/python3.7/site-packages/airflow/example_dags/example_complex.py took 1.223 seconds
[2023-10-10T18:06:02.916+0000] {processor.py:157} INFO - Started process (PID=4674) to work on /home/airflow/.local/lib/python3.7/site-packages/airflow/example_dags/example_complex.py
[2023-10-10T18:06:02.923+0000] {processor.py:826} INFO - Processing file /home/airflow/.local/lib/python3.7/site-packages/airflow/example_dags/example_complex.py for tasks to queue
[2023-10-10T18:06:02.930+0000] {logging_mixin.py:150} INFO - [2023-10-10T18:06:02.928+0000] {dagbag.py:541} INFO - Filling up the DagBag from /home/airflow/.local/lib/python3.7/site-packages/airflow/example_dags/example_complex.py
[2023-10-10T18:06:03.002+0000] {processor.py:836} INFO - DAG(s) dict_keys(['example_complex']) retrieved from /home/airflow/.local/lib/python3.7/site-packages/airflow/example_dags/example_complex.py
[2023-10-10T18:06:03.157+0000] {logging_mixin.py:150} INFO - [2023-10-10T18:06:03.156+0000] {dag.py:2742} INFO - Sync 1 DAGs
[2023-10-10T18:06:03.277+0000] {logging_mixin.py:150} INFO - [2023-10-10T18:06:03.276+0000] {dag.py:3508} INFO - Setting next_dagrun for example_complex to None, run_after=None
[2023-10-10T18:06:03.354+0000] {processor.py:179} INFO - Processing /home/airflow/.local/lib/python3.7/site-packages/airflow/example_dags/example_complex.py took 0.456 seconds
[2023-10-10T18:06:34.116+0000] {processor.py:157} INFO - Started process (PID=4755) to work on /home/airflow/.local/lib/python3.7/site-packages/airflow/example_dags/example_complex.py
[2023-10-10T18:06:34.121+0000] {processor.py:826} INFO - Processing file /home/airflow/.local/lib/python3.7/site-packages/airflow/example_dags/example_complex.py for tasks to queue
[2023-10-10T18:06:34.125+0000] {logging_mixin.py:150} INFO - [2023-10-10T18:06:34.124+0000] {dagbag.py:541} INFO - Filling up the DagBag from /home/airflow/.local/lib/python3.7/site-packages/airflow/example_dags/example_complex.py
[2023-10-10T18:06:34.172+0000] {processor.py:836} INFO - DAG(s) dict_keys(['example_complex']) retrieved from /home/airflow/.local/lib/python3.7/site-packages/airflow/example_dags/example_complex.py
[2023-10-10T18:06:34.275+0000] {logging_mixin.py:150} INFO - [2023-10-10T18:06:34.274+0000] {dag.py:2742} INFO - Sync 1 DAGs
[2023-10-10T18:06:34.357+0000] {logging_mixin.py:150} INFO - [2023-10-10T18:06:34.357+0000] {dag.py:3508} INFO - Setting next_dagrun for example_complex to None, run_after=None
[2023-10-10T18:06:34.425+0000] {processor.py:179} INFO - Processing /home/airflow/.local/lib/python3.7/site-packages/airflow/example_dags/example_complex.py took 0.323 seconds
