[2023-10-10T17:36:33.758+0000] {processor.py:157} INFO - Started process (PID=55) to work on /home/airflow/.local/lib/python3.7/site-packages/airflow/example_dags/example_trigger_target_dag.py
[2023-10-10T17:36:33.760+0000] {processor.py:826} INFO - Processing file /home/airflow/.local/lib/python3.7/site-packages/airflow/example_dags/example_trigger_target_dag.py for tasks to queue
[2023-10-10T17:36:33.766+0000] {logging_mixin.py:150} INFO - [2023-10-10T17:36:33.763+0000] {dagbag.py:541} INFO - Filling up the DagBag from /home/airflow/.local/lib/python3.7/site-packages/airflow/example_dags/example_trigger_target_dag.py
[2023-10-10T17:36:33.811+0000] {processor.py:836} INFO - DAG(s) dict_keys(['example_trigger_target_dag']) retrieved from /home/airflow/.local/lib/python3.7/site-packages/airflow/example_dags/example_trigger_target_dag.py
[2023-10-10T17:36:33.868+0000] {logging_mixin.py:150} INFO - [2023-10-10T17:36:33.868+0000] {dag.py:2742} INFO - Sync 1 DAGs
[2023-10-10T17:36:33.962+0000] {logging_mixin.py:150} INFO - [2023-10-10T17:36:33.962+0000] {dag.py:3508} INFO - Setting next_dagrun for example_trigger_target_dag to None, run_after=None
[2023-10-10T17:36:34.059+0000] {processor.py:179} INFO - Processing /home/airflow/.local/lib/python3.7/site-packages/airflow/example_dags/example_trigger_target_dag.py took 0.307 seconds
[2023-10-10T17:37:04.956+0000] {processor.py:157} INFO - Started process (PID=145) to work on /home/airflow/.local/lib/python3.7/site-packages/airflow/example_dags/example_trigger_target_dag.py
[2023-10-10T17:37:04.958+0000] {processor.py:826} INFO - Processing file /home/airflow/.local/lib/python3.7/site-packages/airflow/example_dags/example_trigger_target_dag.py for tasks to queue
[2023-10-10T17:37:04.960+0000] {logging_mixin.py:150} INFO - [2023-10-10T17:37:04.959+0000] {dagbag.py:541} INFO - Filling up the DagBag from /home/airflow/.local/lib/python3.7/site-packages/airflow/example_dags/example_trigger_target_dag.py
[2023-10-10T17:37:04.970+0000] {processor.py:836} INFO - DAG(s) dict_keys(['example_trigger_target_dag']) retrieved from /home/airflow/.local/lib/python3.7/site-packages/airflow/example_dags/example_trigger_target_dag.py
[2023-10-10T17:37:05.000+0000] {logging_mixin.py:150} INFO - [2023-10-10T17:37:05.000+0000] {dag.py:2742} INFO - Sync 1 DAGs
[2023-10-10T17:37:05.048+0000] {logging_mixin.py:150} INFO - [2023-10-10T17:37:05.047+0000] {dag.py:3508} INFO - Setting next_dagrun for example_trigger_target_dag to None, run_after=None
[2023-10-10T17:37:05.071+0000] {processor.py:179} INFO - Processing /home/airflow/.local/lib/python3.7/site-packages/airflow/example_dags/example_trigger_target_dag.py took 0.119 seconds
[2023-10-10T17:37:35.229+0000] {processor.py:157} INFO - Started process (PID=224) to work on /home/airflow/.local/lib/python3.7/site-packages/airflow/example_dags/example_trigger_target_dag.py
[2023-10-10T17:37:35.232+0000] {processor.py:826} INFO - Processing file /home/airflow/.local/lib/python3.7/site-packages/airflow/example_dags/example_trigger_target_dag.py for tasks to queue
[2023-10-10T17:37:35.233+0000] {logging_mixin.py:150} INFO - [2023-10-10T17:37:35.233+0000] {dagbag.py:541} INFO - Filling up the DagBag from /home/airflow/.local/lib/python3.7/site-packages/airflow/example_dags/example_trigger_target_dag.py
[2023-10-10T17:37:35.244+0000] {processor.py:836} INFO - DAG(s) dict_keys(['example_trigger_target_dag']) retrieved from /home/airflow/.local/lib/python3.7/site-packages/airflow/example_dags/example_trigger_target_dag.py
[2023-10-10T17:37:35.282+0000] {logging_mixin.py:150} INFO - [2023-10-10T17:37:35.282+0000] {dag.py:2742} INFO - Sync 1 DAGs
[2023-10-10T17:37:35.323+0000] {logging_mixin.py:150} INFO - [2023-10-10T17:37:35.323+0000] {dag.py:3508} INFO - Setting next_dagrun for example_trigger_target_dag to None, run_after=None
[2023-10-10T17:37:35.361+0000] {processor.py:179} INFO - Processing /home/airflow/.local/lib/python3.7/site-packages/airflow/example_dags/example_trigger_target_dag.py took 0.137 seconds
[2023-10-10T17:38:05.791+0000] {processor.py:157} INFO - Started process (PID=313) to work on /home/airflow/.local/lib/python3.7/site-packages/airflow/example_dags/example_trigger_target_dag.py
[2023-10-10T17:38:05.799+0000] {processor.py:826} INFO - Processing file /home/airflow/.local/lib/python3.7/site-packages/airflow/example_dags/example_trigger_target_dag.py for tasks to queue
[2023-10-10T17:38:05.801+0000] {logging_mixin.py:150} INFO - [2023-10-10T17:38:05.801+0000] {dagbag.py:541} INFO - Filling up the DagBag from /home/airflow/.local/lib/python3.7/site-packages/airflow/example_dags/example_trigger_target_dag.py
[2023-10-10T17:38:05.813+0000] {processor.py:836} INFO - DAG(s) dict_keys(['example_trigger_target_dag']) retrieved from /home/airflow/.local/lib/python3.7/site-packages/airflow/example_dags/example_trigger_target_dag.py
[2023-10-10T17:38:05.851+0000] {logging_mixin.py:150} INFO - [2023-10-10T17:38:05.851+0000] {dag.py:2742} INFO - Sync 1 DAGs
[2023-10-10T17:38:05.890+0000] {logging_mixin.py:150} INFO - [2023-10-10T17:38:05.890+0000] {dag.py:3508} INFO - Setting next_dagrun for example_trigger_target_dag to None, run_after=None
[2023-10-10T17:38:05.920+0000] {processor.py:179} INFO - Processing /home/airflow/.local/lib/python3.7/site-packages/airflow/example_dags/example_trigger_target_dag.py took 0.138 seconds
[2023-10-10T17:38:36.622+0000] {processor.py:157} INFO - Started process (PID=407) to work on /home/airflow/.local/lib/python3.7/site-packages/airflow/example_dags/example_trigger_target_dag.py
[2023-10-10T17:38:36.625+0000] {processor.py:826} INFO - Processing file /home/airflow/.local/lib/python3.7/site-packages/airflow/example_dags/example_trigger_target_dag.py for tasks to queue
[2023-10-10T17:38:36.627+0000] {logging_mixin.py:150} INFO - [2023-10-10T17:38:36.627+0000] {dagbag.py:541} INFO - Filling up the DagBag from /home/airflow/.local/lib/python3.7/site-packages/airflow/example_dags/example_trigger_target_dag.py
[2023-10-10T17:38:36.638+0000] {processor.py:836} INFO - DAG(s) dict_keys(['example_trigger_target_dag']) retrieved from /home/airflow/.local/lib/python3.7/site-packages/airflow/example_dags/example_trigger_target_dag.py
[2023-10-10T17:38:36.672+0000] {logging_mixin.py:150} INFO - [2023-10-10T17:38:36.672+0000] {dag.py:2742} INFO - Sync 1 DAGs
[2023-10-10T17:38:36.707+0000] {logging_mixin.py:150} INFO - [2023-10-10T17:38:36.707+0000] {dag.py:3508} INFO - Setting next_dagrun for example_trigger_target_dag to None, run_after=None
[2023-10-10T17:38:36.736+0000] {processor.py:179} INFO - Processing /home/airflow/.local/lib/python3.7/site-packages/airflow/example_dags/example_trigger_target_dag.py took 0.122 seconds
[2023-10-10T17:39:06.851+0000] {processor.py:157} INFO - Started process (PID=496) to work on /home/airflow/.local/lib/python3.7/site-packages/airflow/example_dags/example_trigger_target_dag.py
[2023-10-10T17:39:06.853+0000] {processor.py:826} INFO - Processing file /home/airflow/.local/lib/python3.7/site-packages/airflow/example_dags/example_trigger_target_dag.py for tasks to queue
[2023-10-10T17:39:06.854+0000] {logging_mixin.py:150} INFO - [2023-10-10T17:39:06.854+0000] {dagbag.py:541} INFO - Filling up the DagBag from /home/airflow/.local/lib/python3.7/site-packages/airflow/example_dags/example_trigger_target_dag.py
[2023-10-10T17:39:06.864+0000] {processor.py:836} INFO - DAG(s) dict_keys(['example_trigger_target_dag']) retrieved from /home/airflow/.local/lib/python3.7/site-packages/airflow/example_dags/example_trigger_target_dag.py
[2023-10-10T17:39:06.896+0000] {logging_mixin.py:150} INFO - [2023-10-10T17:39:06.895+0000] {dag.py:2742} INFO - Sync 1 DAGs
[2023-10-10T17:39:06.929+0000] {logging_mixin.py:150} INFO - [2023-10-10T17:39:06.929+0000] {dag.py:3508} INFO - Setting next_dagrun for example_trigger_target_dag to None, run_after=None
[2023-10-10T17:39:06.955+0000] {processor.py:179} INFO - Processing /home/airflow/.local/lib/python3.7/site-packages/airflow/example_dags/example_trigger_target_dag.py took 0.110 seconds
[2023-10-10T17:39:37.370+0000] {processor.py:157} INFO - Started process (PID=576) to work on /home/airflow/.local/lib/python3.7/site-packages/airflow/example_dags/example_trigger_target_dag.py
[2023-10-10T17:39:37.373+0000] {processor.py:826} INFO - Processing file /home/airflow/.local/lib/python3.7/site-packages/airflow/example_dags/example_trigger_target_dag.py for tasks to queue
[2023-10-10T17:39:37.374+0000] {logging_mixin.py:150} INFO - [2023-10-10T17:39:37.374+0000] {dagbag.py:541} INFO - Filling up the DagBag from /home/airflow/.local/lib/python3.7/site-packages/airflow/example_dags/example_trigger_target_dag.py
[2023-10-10T17:39:37.384+0000] {processor.py:836} INFO - DAG(s) dict_keys(['example_trigger_target_dag']) retrieved from /home/airflow/.local/lib/python3.7/site-packages/airflow/example_dags/example_trigger_target_dag.py
[2023-10-10T17:39:37.415+0000] {logging_mixin.py:150} INFO - [2023-10-10T17:39:37.415+0000] {dag.py:2742} INFO - Sync 1 DAGs
[2023-10-10T17:39:37.452+0000] {logging_mixin.py:150} INFO - [2023-10-10T17:39:37.452+0000] {dag.py:3508} INFO - Setting next_dagrun for example_trigger_target_dag to None, run_after=None
[2023-10-10T17:39:37.478+0000] {processor.py:179} INFO - Processing /home/airflow/.local/lib/python3.7/site-packages/airflow/example_dags/example_trigger_target_dag.py took 0.112 seconds
[2023-10-10T17:40:07.991+0000] {processor.py:157} INFO - Started process (PID=665) to work on /home/airflow/.local/lib/python3.7/site-packages/airflow/example_dags/example_trigger_target_dag.py
[2023-10-10T17:40:07.994+0000] {processor.py:826} INFO - Processing file /home/airflow/.local/lib/python3.7/site-packages/airflow/example_dags/example_trigger_target_dag.py for tasks to queue
[2023-10-10T17:40:07.996+0000] {logging_mixin.py:150} INFO - [2023-10-10T17:40:07.995+0000] {dagbag.py:541} INFO - Filling up the DagBag from /home/airflow/.local/lib/python3.7/site-packages/airflow/example_dags/example_trigger_target_dag.py
[2023-10-10T17:40:08.006+0000] {processor.py:836} INFO - DAG(s) dict_keys(['example_trigger_target_dag']) retrieved from /home/airflow/.local/lib/python3.7/site-packages/airflow/example_dags/example_trigger_target_dag.py
[2023-10-10T17:40:08.043+0000] {logging_mixin.py:150} INFO - [2023-10-10T17:40:08.043+0000] {dag.py:2742} INFO - Sync 1 DAGs
[2023-10-10T17:40:08.080+0000] {logging_mixin.py:150} INFO - [2023-10-10T17:40:08.080+0000] {dag.py:3508} INFO - Setting next_dagrun for example_trigger_target_dag to None, run_after=None
[2023-10-10T17:40:08.115+0000] {processor.py:179} INFO - Processing /home/airflow/.local/lib/python3.7/site-packages/airflow/example_dags/example_trigger_target_dag.py took 0.130 seconds
[2023-10-10T17:40:38.323+0000] {processor.py:157} INFO - Started process (PID=745) to work on /home/airflow/.local/lib/python3.7/site-packages/airflow/example_dags/example_trigger_target_dag.py
[2023-10-10T17:40:38.325+0000] {processor.py:826} INFO - Processing file /home/airflow/.local/lib/python3.7/site-packages/airflow/example_dags/example_trigger_target_dag.py for tasks to queue
[2023-10-10T17:40:38.327+0000] {logging_mixin.py:150} INFO - [2023-10-10T17:40:38.327+0000] {dagbag.py:541} INFO - Filling up the DagBag from /home/airflow/.local/lib/python3.7/site-packages/airflow/example_dags/example_trigger_target_dag.py
[2023-10-10T17:40:38.337+0000] {processor.py:836} INFO - DAG(s) dict_keys(['example_trigger_target_dag']) retrieved from /home/airflow/.local/lib/python3.7/site-packages/airflow/example_dags/example_trigger_target_dag.py
[2023-10-10T17:40:38.371+0000] {logging_mixin.py:150} INFO - [2023-10-10T17:40:38.371+0000] {dag.py:2742} INFO - Sync 1 DAGs
[2023-10-10T17:40:38.402+0000] {logging_mixin.py:150} INFO - [2023-10-10T17:40:38.402+0000] {dag.py:3508} INFO - Setting next_dagrun for example_trigger_target_dag to None, run_after=None
[2023-10-10T17:40:38.425+0000] {processor.py:179} INFO - Processing /home/airflow/.local/lib/python3.7/site-packages/airflow/example_dags/example_trigger_target_dag.py took 0.107 seconds
[2023-10-10T17:41:08.677+0000] {processor.py:157} INFO - Started process (PID=832) to work on /home/airflow/.local/lib/python3.7/site-packages/airflow/example_dags/example_trigger_target_dag.py
[2023-10-10T17:41:08.680+0000] {processor.py:826} INFO - Processing file /home/airflow/.local/lib/python3.7/site-packages/airflow/example_dags/example_trigger_target_dag.py for tasks to queue
[2023-10-10T17:41:08.681+0000] {logging_mixin.py:150} INFO - [2023-10-10T17:41:08.681+0000] {dagbag.py:541} INFO - Filling up the DagBag from /home/airflow/.local/lib/python3.7/site-packages/airflow/example_dags/example_trigger_target_dag.py
[2023-10-10T17:41:08.690+0000] {processor.py:836} INFO - DAG(s) dict_keys(['example_trigger_target_dag']) retrieved from /home/airflow/.local/lib/python3.7/site-packages/airflow/example_dags/example_trigger_target_dag.py
[2023-10-10T17:41:08.721+0000] {logging_mixin.py:150} INFO - [2023-10-10T17:41:08.721+0000] {dag.py:2742} INFO - Sync 1 DAGs
[2023-10-10T17:41:08.755+0000] {logging_mixin.py:150} INFO - [2023-10-10T17:41:08.755+0000] {dag.py:3508} INFO - Setting next_dagrun for example_trigger_target_dag to None, run_after=None
[2023-10-10T17:41:08.781+0000] {processor.py:179} INFO - Processing /home/airflow/.local/lib/python3.7/site-packages/airflow/example_dags/example_trigger_target_dag.py took 0.109 seconds
[2023-10-10T17:41:39.237+0000] {processor.py:157} INFO - Started process (PID=915) to work on /home/airflow/.local/lib/python3.7/site-packages/airflow/example_dags/example_trigger_target_dag.py
[2023-10-10T17:41:39.239+0000] {processor.py:826} INFO - Processing file /home/airflow/.local/lib/python3.7/site-packages/airflow/example_dags/example_trigger_target_dag.py for tasks to queue
[2023-10-10T17:41:39.241+0000] {logging_mixin.py:150} INFO - [2023-10-10T17:41:39.241+0000] {dagbag.py:541} INFO - Filling up the DagBag from /home/airflow/.local/lib/python3.7/site-packages/airflow/example_dags/example_trigger_target_dag.py
[2023-10-10T17:41:39.252+0000] {processor.py:836} INFO - DAG(s) dict_keys(['example_trigger_target_dag']) retrieved from /home/airflow/.local/lib/python3.7/site-packages/airflow/example_dags/example_trigger_target_dag.py
[2023-10-10T17:41:39.290+0000] {logging_mixin.py:150} INFO - [2023-10-10T17:41:39.290+0000] {dag.py:2742} INFO - Sync 1 DAGs
[2023-10-10T17:41:39.332+0000] {logging_mixin.py:150} INFO - [2023-10-10T17:41:39.331+0000] {dag.py:3508} INFO - Setting next_dagrun for example_trigger_target_dag to None, run_after=None
[2023-10-10T17:41:39.364+0000] {processor.py:179} INFO - Processing /home/airflow/.local/lib/python3.7/site-packages/airflow/example_dags/example_trigger_target_dag.py took 0.134 seconds
[2023-10-10T17:42:09.444+0000] {processor.py:157} INFO - Started process (PID=995) to work on /home/airflow/.local/lib/python3.7/site-packages/airflow/example_dags/example_trigger_target_dag.py
[2023-10-10T17:42:09.446+0000] {processor.py:826} INFO - Processing file /home/airflow/.local/lib/python3.7/site-packages/airflow/example_dags/example_trigger_target_dag.py for tasks to queue
[2023-10-10T17:42:09.447+0000] {logging_mixin.py:150} INFO - [2023-10-10T17:42:09.447+0000] {dagbag.py:541} INFO - Filling up the DagBag from /home/airflow/.local/lib/python3.7/site-packages/airflow/example_dags/example_trigger_target_dag.py
[2023-10-10T17:42:09.458+0000] {processor.py:836} INFO - DAG(s) dict_keys(['example_trigger_target_dag']) retrieved from /home/airflow/.local/lib/python3.7/site-packages/airflow/example_dags/example_trigger_target_dag.py
[2023-10-10T17:42:09.494+0000] {logging_mixin.py:150} INFO - [2023-10-10T17:42:09.494+0000] {dag.py:2742} INFO - Sync 1 DAGs
[2023-10-10T17:42:09.539+0000] {logging_mixin.py:150} INFO - [2023-10-10T17:42:09.538+0000] {dag.py:3508} INFO - Setting next_dagrun for example_trigger_target_dag to None, run_after=None
[2023-10-10T17:42:09.574+0000] {processor.py:179} INFO - Processing /home/airflow/.local/lib/python3.7/site-packages/airflow/example_dags/example_trigger_target_dag.py took 0.136 seconds
[2023-10-10T17:42:39.921+0000] {processor.py:157} INFO - Started process (PID=1085) to work on /home/airflow/.local/lib/python3.7/site-packages/airflow/example_dags/example_trigger_target_dag.py
[2023-10-10T17:42:39.924+0000] {processor.py:826} INFO - Processing file /home/airflow/.local/lib/python3.7/site-packages/airflow/example_dags/example_trigger_target_dag.py for tasks to queue
[2023-10-10T17:42:39.926+0000] {logging_mixin.py:150} INFO - [2023-10-10T17:42:39.926+0000] {dagbag.py:541} INFO - Filling up the DagBag from /home/airflow/.local/lib/python3.7/site-packages/airflow/example_dags/example_trigger_target_dag.py
[2023-10-10T17:42:39.938+0000] {processor.py:836} INFO - DAG(s) dict_keys(['example_trigger_target_dag']) retrieved from /home/airflow/.local/lib/python3.7/site-packages/airflow/example_dags/example_trigger_target_dag.py
[2023-10-10T17:42:39.973+0000] {logging_mixin.py:150} INFO - [2023-10-10T17:42:39.973+0000] {dag.py:2742} INFO - Sync 1 DAGs
[2023-10-10T17:42:40.009+0000] {logging_mixin.py:150} INFO - [2023-10-10T17:42:40.009+0000] {dag.py:3508} INFO - Setting next_dagrun for example_trigger_target_dag to None, run_after=None
[2023-10-10T17:42:40.034+0000] {processor.py:179} INFO - Processing /home/airflow/.local/lib/python3.7/site-packages/airflow/example_dags/example_trigger_target_dag.py took 0.119 seconds
[2023-10-10T17:43:10.242+0000] {processor.py:157} INFO - Started process (PID=1165) to work on /home/airflow/.local/lib/python3.7/site-packages/airflow/example_dags/example_trigger_target_dag.py
[2023-10-10T17:43:10.244+0000] {processor.py:826} INFO - Processing file /home/airflow/.local/lib/python3.7/site-packages/airflow/example_dags/example_trigger_target_dag.py for tasks to queue
[2023-10-10T17:43:10.246+0000] {logging_mixin.py:150} INFO - [2023-10-10T17:43:10.245+0000] {dagbag.py:541} INFO - Filling up the DagBag from /home/airflow/.local/lib/python3.7/site-packages/airflow/example_dags/example_trigger_target_dag.py
[2023-10-10T17:43:10.258+0000] {processor.py:836} INFO - DAG(s) dict_keys(['example_trigger_target_dag']) retrieved from /home/airflow/.local/lib/python3.7/site-packages/airflow/example_dags/example_trigger_target_dag.py
[2023-10-10T17:43:10.295+0000] {logging_mixin.py:150} INFO - [2023-10-10T17:43:10.294+0000] {dag.py:2742} INFO - Sync 1 DAGs
[2023-10-10T17:43:10.337+0000] {logging_mixin.py:150} INFO - [2023-10-10T17:43:10.337+0000] {dag.py:3508} INFO - Setting next_dagrun for example_trigger_target_dag to None, run_after=None
[2023-10-10T17:43:10.363+0000] {processor.py:179} INFO - Processing /home/airflow/.local/lib/python3.7/site-packages/airflow/example_dags/example_trigger_target_dag.py took 0.128 seconds
[2023-10-10T17:43:40.422+0000] {processor.py:157} INFO - Started process (PID=1254) to work on /home/airflow/.local/lib/python3.7/site-packages/airflow/example_dags/example_trigger_target_dag.py
[2023-10-10T17:43:40.423+0000] {processor.py:826} INFO - Processing file /home/airflow/.local/lib/python3.7/site-packages/airflow/example_dags/example_trigger_target_dag.py for tasks to queue
[2023-10-10T17:43:40.424+0000] {logging_mixin.py:150} INFO - [2023-10-10T17:43:40.424+0000] {dagbag.py:541} INFO - Filling up the DagBag from /home/airflow/.local/lib/python3.7/site-packages/airflow/example_dags/example_trigger_target_dag.py
[2023-10-10T17:43:40.432+0000] {processor.py:836} INFO - DAG(s) dict_keys(['example_trigger_target_dag']) retrieved from /home/airflow/.local/lib/python3.7/site-packages/airflow/example_dags/example_trigger_target_dag.py
[2023-10-10T17:43:40.462+0000] {logging_mixin.py:150} INFO - [2023-10-10T17:43:40.462+0000] {dag.py:2742} INFO - Sync 1 DAGs
[2023-10-10T17:43:40.500+0000] {logging_mixin.py:150} INFO - [2023-10-10T17:43:40.499+0000] {dag.py:3508} INFO - Setting next_dagrun for example_trigger_target_dag to None, run_after=None
[2023-10-10T17:43:40.531+0000] {processor.py:179} INFO - Processing /home/airflow/.local/lib/python3.7/site-packages/airflow/example_dags/example_trigger_target_dag.py took 0.114 seconds
[2023-10-10T17:44:10.751+0000] {processor.py:157} INFO - Started process (PID=1334) to work on /home/airflow/.local/lib/python3.7/site-packages/airflow/example_dags/example_trigger_target_dag.py
[2023-10-10T17:44:10.753+0000] {processor.py:826} INFO - Processing file /home/airflow/.local/lib/python3.7/site-packages/airflow/example_dags/example_trigger_target_dag.py for tasks to queue
[2023-10-10T17:44:10.755+0000] {logging_mixin.py:150} INFO - [2023-10-10T17:44:10.754+0000] {dagbag.py:541} INFO - Filling up the DagBag from /home/airflow/.local/lib/python3.7/site-packages/airflow/example_dags/example_trigger_target_dag.py
[2023-10-10T17:44:10.765+0000] {processor.py:836} INFO - DAG(s) dict_keys(['example_trigger_target_dag']) retrieved from /home/airflow/.local/lib/python3.7/site-packages/airflow/example_dags/example_trigger_target_dag.py
[2023-10-10T17:44:10.801+0000] {logging_mixin.py:150} INFO - [2023-10-10T17:44:10.801+0000] {dag.py:2742} INFO - Sync 1 DAGs
[2023-10-10T17:44:10.837+0000] {logging_mixin.py:150} INFO - [2023-10-10T17:44:10.837+0000] {dag.py:3508} INFO - Setting next_dagrun for example_trigger_target_dag to None, run_after=None
[2023-10-10T17:44:10.866+0000] {processor.py:179} INFO - Processing /home/airflow/.local/lib/python3.7/site-packages/airflow/example_dags/example_trigger_target_dag.py took 0.121 seconds
[2023-10-10T17:44:41.265+0000] {processor.py:157} INFO - Started process (PID=1422) to work on /home/airflow/.local/lib/python3.7/site-packages/airflow/example_dags/example_trigger_target_dag.py
[2023-10-10T17:44:41.268+0000] {processor.py:826} INFO - Processing file /home/airflow/.local/lib/python3.7/site-packages/airflow/example_dags/example_trigger_target_dag.py for tasks to queue
[2023-10-10T17:44:41.270+0000] {logging_mixin.py:150} INFO - [2023-10-10T17:44:41.269+0000] {dagbag.py:541} INFO - Filling up the DagBag from /home/airflow/.local/lib/python3.7/site-packages/airflow/example_dags/example_trigger_target_dag.py
[2023-10-10T17:44:41.282+0000] {processor.py:836} INFO - DAG(s) dict_keys(['example_trigger_target_dag']) retrieved from /home/airflow/.local/lib/python3.7/site-packages/airflow/example_dags/example_trigger_target_dag.py
[2023-10-10T17:44:41.321+0000] {logging_mixin.py:150} INFO - [2023-10-10T17:44:41.320+0000] {dag.py:2742} INFO - Sync 1 DAGs
[2023-10-10T17:44:41.360+0000] {logging_mixin.py:150} INFO - [2023-10-10T17:44:41.359+0000] {dag.py:3508} INFO - Setting next_dagrun for example_trigger_target_dag to None, run_after=None
[2023-10-10T17:44:41.390+0000] {processor.py:179} INFO - Processing /home/airflow/.local/lib/python3.7/site-packages/airflow/example_dags/example_trigger_target_dag.py took 0.130 seconds
[2023-10-10T17:45:11.557+0000] {processor.py:157} INFO - Started process (PID=1503) to work on /home/airflow/.local/lib/python3.7/site-packages/airflow/example_dags/example_trigger_target_dag.py
[2023-10-10T17:45:11.559+0000] {processor.py:826} INFO - Processing file /home/airflow/.local/lib/python3.7/site-packages/airflow/example_dags/example_trigger_target_dag.py for tasks to queue
[2023-10-10T17:45:11.560+0000] {logging_mixin.py:150} INFO - [2023-10-10T17:45:11.560+0000] {dagbag.py:541} INFO - Filling up the DagBag from /home/airflow/.local/lib/python3.7/site-packages/airflow/example_dags/example_trigger_target_dag.py
[2023-10-10T17:45:11.570+0000] {processor.py:836} INFO - DAG(s) dict_keys(['example_trigger_target_dag']) retrieved from /home/airflow/.local/lib/python3.7/site-packages/airflow/example_dags/example_trigger_target_dag.py
[2023-10-10T17:45:11.603+0000] {logging_mixin.py:150} INFO - [2023-10-10T17:45:11.602+0000] {dag.py:2742} INFO - Sync 1 DAGs
[2023-10-10T17:45:11.633+0000] {logging_mixin.py:150} INFO - [2023-10-10T17:45:11.633+0000] {dag.py:3508} INFO - Setting next_dagrun for example_trigger_target_dag to None, run_after=None
[2023-10-10T17:45:11.656+0000] {processor.py:179} INFO - Processing /home/airflow/.local/lib/python3.7/site-packages/airflow/example_dags/example_trigger_target_dag.py took 0.106 seconds
[2023-10-10T17:45:41.917+0000] {processor.py:157} INFO - Started process (PID=1583) to work on /home/airflow/.local/lib/python3.7/site-packages/airflow/example_dags/example_trigger_target_dag.py
[2023-10-10T17:45:41.919+0000] {processor.py:826} INFO - Processing file /home/airflow/.local/lib/python3.7/site-packages/airflow/example_dags/example_trigger_target_dag.py for tasks to queue
[2023-10-10T17:45:41.921+0000] {logging_mixin.py:150} INFO - [2023-10-10T17:45:41.921+0000] {dagbag.py:541} INFO - Filling up the DagBag from /home/airflow/.local/lib/python3.7/site-packages/airflow/example_dags/example_trigger_target_dag.py
[2023-10-10T17:45:41.932+0000] {processor.py:836} INFO - DAG(s) dict_keys(['example_trigger_target_dag']) retrieved from /home/airflow/.local/lib/python3.7/site-packages/airflow/example_dags/example_trigger_target_dag.py
[2023-10-10T17:45:41.968+0000] {logging_mixin.py:150} INFO - [2023-10-10T17:45:41.968+0000] {dag.py:2742} INFO - Sync 1 DAGs
[2023-10-10T17:45:42.001+0000] {logging_mixin.py:150} INFO - [2023-10-10T17:45:42.001+0000] {dag.py:3508} INFO - Setting next_dagrun for example_trigger_target_dag to None, run_after=None
[2023-10-10T17:45:42.028+0000] {processor.py:179} INFO - Processing /home/airflow/.local/lib/python3.7/site-packages/airflow/example_dags/example_trigger_target_dag.py took 0.118 seconds
[2023-10-10T17:46:12.113+0000] {processor.py:157} INFO - Started process (PID=1672) to work on /home/airflow/.local/lib/python3.7/site-packages/airflow/example_dags/example_trigger_target_dag.py
[2023-10-10T17:46:12.115+0000] {processor.py:826} INFO - Processing file /home/airflow/.local/lib/python3.7/site-packages/airflow/example_dags/example_trigger_target_dag.py for tasks to queue
[2023-10-10T17:46:12.116+0000] {logging_mixin.py:150} INFO - [2023-10-10T17:46:12.116+0000] {dagbag.py:541} INFO - Filling up the DagBag from /home/airflow/.local/lib/python3.7/site-packages/airflow/example_dags/example_trigger_target_dag.py
[2023-10-10T17:46:12.126+0000] {processor.py:836} INFO - DAG(s) dict_keys(['example_trigger_target_dag']) retrieved from /home/airflow/.local/lib/python3.7/site-packages/airflow/example_dags/example_trigger_target_dag.py
[2023-10-10T17:46:12.161+0000] {logging_mixin.py:150} INFO - [2023-10-10T17:46:12.161+0000] {dag.py:2742} INFO - Sync 1 DAGs
[2023-10-10T17:46:12.201+0000] {logging_mixin.py:150} INFO - [2023-10-10T17:46:12.201+0000] {dag.py:3508} INFO - Setting next_dagrun for example_trigger_target_dag to None, run_after=None
[2023-10-10T17:46:12.226+0000] {processor.py:179} INFO - Processing /home/airflow/.local/lib/python3.7/site-packages/airflow/example_dags/example_trigger_target_dag.py took 0.118 seconds
[2023-10-10T17:46:42.614+0000] {processor.py:157} INFO - Started process (PID=1752) to work on /home/airflow/.local/lib/python3.7/site-packages/airflow/example_dags/example_trigger_target_dag.py
[2023-10-10T17:46:42.632+0000] {processor.py:826} INFO - Processing file /home/airflow/.local/lib/python3.7/site-packages/airflow/example_dags/example_trigger_target_dag.py for tasks to queue
[2023-10-10T17:46:42.635+0000] {logging_mixin.py:150} INFO - [2023-10-10T17:46:42.635+0000] {dagbag.py:541} INFO - Filling up the DagBag from /home/airflow/.local/lib/python3.7/site-packages/airflow/example_dags/example_trigger_target_dag.py
[2023-10-10T17:46:42.647+0000] {processor.py:836} INFO - DAG(s) dict_keys(['example_trigger_target_dag']) retrieved from /home/airflow/.local/lib/python3.7/site-packages/airflow/example_dags/example_trigger_target_dag.py
[2023-10-10T17:46:42.681+0000] {logging_mixin.py:150} INFO - [2023-10-10T17:46:42.681+0000] {dag.py:2742} INFO - Sync 1 DAGs
[2023-10-10T17:46:42.724+0000] {logging_mixin.py:150} INFO - [2023-10-10T17:46:42.724+0000] {dag.py:3508} INFO - Setting next_dagrun for example_trigger_target_dag to None, run_after=None
[2023-10-10T17:46:42.759+0000] {processor.py:179} INFO - Processing /home/airflow/.local/lib/python3.7/site-packages/airflow/example_dags/example_trigger_target_dag.py took 0.151 seconds
[2023-10-10T17:47:13.062+0000] {processor.py:157} INFO - Started process (PID=1841) to work on /home/airflow/.local/lib/python3.7/site-packages/airflow/example_dags/example_trigger_target_dag.py
[2023-10-10T17:47:13.065+0000] {processor.py:826} INFO - Processing file /home/airflow/.local/lib/python3.7/site-packages/airflow/example_dags/example_trigger_target_dag.py for tasks to queue
[2023-10-10T17:47:13.069+0000] {logging_mixin.py:150} INFO - [2023-10-10T17:47:13.069+0000] {dagbag.py:541} INFO - Filling up the DagBag from /home/airflow/.local/lib/python3.7/site-packages/airflow/example_dags/example_trigger_target_dag.py
[2023-10-10T17:47:13.081+0000] {processor.py:836} INFO - DAG(s) dict_keys(['example_trigger_target_dag']) retrieved from /home/airflow/.local/lib/python3.7/site-packages/airflow/example_dags/example_trigger_target_dag.py
[2023-10-10T17:47:13.118+0000] {logging_mixin.py:150} INFO - [2023-10-10T17:47:13.118+0000] {dag.py:2742} INFO - Sync 1 DAGs
[2023-10-10T17:47:13.158+0000] {logging_mixin.py:150} INFO - [2023-10-10T17:47:13.158+0000] {dag.py:3508} INFO - Setting next_dagrun for example_trigger_target_dag to None, run_after=None
[2023-10-10T17:47:13.186+0000] {processor.py:179} INFO - Processing /home/airflow/.local/lib/python3.7/site-packages/airflow/example_dags/example_trigger_target_dag.py took 0.130 seconds
[2023-10-10T17:47:43.295+0000] {processor.py:157} INFO - Started process (PID=1921) to work on /home/airflow/.local/lib/python3.7/site-packages/airflow/example_dags/example_trigger_target_dag.py
[2023-10-10T17:47:43.297+0000] {processor.py:826} INFO - Processing file /home/airflow/.local/lib/python3.7/site-packages/airflow/example_dags/example_trigger_target_dag.py for tasks to queue
[2023-10-10T17:47:43.299+0000] {logging_mixin.py:150} INFO - [2023-10-10T17:47:43.299+0000] {dagbag.py:541} INFO - Filling up the DagBag from /home/airflow/.local/lib/python3.7/site-packages/airflow/example_dags/example_trigger_target_dag.py
[2023-10-10T17:47:43.309+0000] {processor.py:836} INFO - DAG(s) dict_keys(['example_trigger_target_dag']) retrieved from /home/airflow/.local/lib/python3.7/site-packages/airflow/example_dags/example_trigger_target_dag.py
[2023-10-10T17:47:43.340+0000] {logging_mixin.py:150} INFO - [2023-10-10T17:47:43.340+0000] {dag.py:2742} INFO - Sync 1 DAGs
[2023-10-10T17:47:43.378+0000] {logging_mixin.py:150} INFO - [2023-10-10T17:47:43.378+0000] {dag.py:3508} INFO - Setting next_dagrun for example_trigger_target_dag to None, run_after=None
[2023-10-10T17:47:43.414+0000] {processor.py:179} INFO - Processing /home/airflow/.local/lib/python3.7/site-packages/airflow/example_dags/example_trigger_target_dag.py took 0.123 seconds
[2023-10-10T17:48:14.131+0000] {processor.py:157} INFO - Started process (PID=2010) to work on /home/airflow/.local/lib/python3.7/site-packages/airflow/example_dags/example_trigger_target_dag.py
[2023-10-10T17:48:14.133+0000] {processor.py:826} INFO - Processing file /home/airflow/.local/lib/python3.7/site-packages/airflow/example_dags/example_trigger_target_dag.py for tasks to queue
[2023-10-10T17:48:14.135+0000] {logging_mixin.py:150} INFO - [2023-10-10T17:48:14.134+0000] {dagbag.py:541} INFO - Filling up the DagBag from /home/airflow/.local/lib/python3.7/site-packages/airflow/example_dags/example_trigger_target_dag.py
[2023-10-10T17:48:14.145+0000] {processor.py:836} INFO - DAG(s) dict_keys(['example_trigger_target_dag']) retrieved from /home/airflow/.local/lib/python3.7/site-packages/airflow/example_dags/example_trigger_target_dag.py
[2023-10-10T17:48:14.184+0000] {logging_mixin.py:150} INFO - [2023-10-10T17:48:14.184+0000] {dag.py:2742} INFO - Sync 1 DAGs
[2023-10-10T17:48:14.231+0000] {logging_mixin.py:150} INFO - [2023-10-10T17:48:14.230+0000] {dag.py:3508} INFO - Setting next_dagrun for example_trigger_target_dag to None, run_after=None
[2023-10-10T17:48:14.314+0000] {processor.py:179} INFO - Processing /home/airflow/.local/lib/python3.7/site-packages/airflow/example_dags/example_trigger_target_dag.py took 0.189 seconds
[2023-10-10T17:48:44.482+0000] {processor.py:157} INFO - Started process (PID=2093) to work on /home/airflow/.local/lib/python3.7/site-packages/airflow/example_dags/example_trigger_target_dag.py
[2023-10-10T17:48:44.483+0000] {processor.py:826} INFO - Processing file /home/airflow/.local/lib/python3.7/site-packages/airflow/example_dags/example_trigger_target_dag.py for tasks to queue
[2023-10-10T17:48:44.485+0000] {logging_mixin.py:150} INFO - [2023-10-10T17:48:44.485+0000] {dagbag.py:541} INFO - Filling up the DagBag from /home/airflow/.local/lib/python3.7/site-packages/airflow/example_dags/example_trigger_target_dag.py
[2023-10-10T17:48:44.494+0000] {processor.py:836} INFO - DAG(s) dict_keys(['example_trigger_target_dag']) retrieved from /home/airflow/.local/lib/python3.7/site-packages/airflow/example_dags/example_trigger_target_dag.py
[2023-10-10T17:48:44.524+0000] {logging_mixin.py:150} INFO - [2023-10-10T17:48:44.523+0000] {dag.py:2742} INFO - Sync 1 DAGs
[2023-10-10T17:48:44.553+0000] {logging_mixin.py:150} INFO - [2023-10-10T17:48:44.552+0000] {dag.py:3508} INFO - Setting next_dagrun for example_trigger_target_dag to None, run_after=None
[2023-10-10T17:48:44.574+0000] {processor.py:179} INFO - Processing /home/airflow/.local/lib/python3.7/site-packages/airflow/example_dags/example_trigger_target_dag.py took 0.097 seconds
[2023-10-10T17:49:14.932+0000] {processor.py:157} INFO - Started process (PID=2186) to work on /home/airflow/.local/lib/python3.7/site-packages/airflow/example_dags/example_trigger_target_dag.py
[2023-10-10T17:49:14.935+0000] {processor.py:826} INFO - Processing file /home/airflow/.local/lib/python3.7/site-packages/airflow/example_dags/example_trigger_target_dag.py for tasks to queue
[2023-10-10T17:49:14.938+0000] {logging_mixin.py:150} INFO - [2023-10-10T17:49:14.938+0000] {dagbag.py:541} INFO - Filling up the DagBag from /home/airflow/.local/lib/python3.7/site-packages/airflow/example_dags/example_trigger_target_dag.py
[2023-10-10T17:49:14.951+0000] {processor.py:836} INFO - DAG(s) dict_keys(['example_trigger_target_dag']) retrieved from /home/airflow/.local/lib/python3.7/site-packages/airflow/example_dags/example_trigger_target_dag.py
[2023-10-10T17:49:14.988+0000] {logging_mixin.py:150} INFO - [2023-10-10T17:49:14.988+0000] {dag.py:2742} INFO - Sync 1 DAGs
[2023-10-10T17:49:15.031+0000] {logging_mixin.py:150} INFO - [2023-10-10T17:49:15.031+0000] {dag.py:3508} INFO - Setting next_dagrun for example_trigger_target_dag to None, run_after=None
[2023-10-10T17:49:15.066+0000] {processor.py:179} INFO - Processing /home/airflow/.local/lib/python3.7/site-packages/airflow/example_dags/example_trigger_target_dag.py took 0.139 seconds
[2023-10-10T17:49:45.813+0000] {processor.py:157} INFO - Started process (PID=2266) to work on /home/airflow/.local/lib/python3.7/site-packages/airflow/example_dags/example_trigger_target_dag.py
[2023-10-10T17:49:45.815+0000] {processor.py:826} INFO - Processing file /home/airflow/.local/lib/python3.7/site-packages/airflow/example_dags/example_trigger_target_dag.py for tasks to queue
[2023-10-10T17:49:45.816+0000] {logging_mixin.py:150} INFO - [2023-10-10T17:49:45.816+0000] {dagbag.py:541} INFO - Filling up the DagBag from /home/airflow/.local/lib/python3.7/site-packages/airflow/example_dags/example_trigger_target_dag.py
[2023-10-10T17:49:45.826+0000] {processor.py:836} INFO - DAG(s) dict_keys(['example_trigger_target_dag']) retrieved from /home/airflow/.local/lib/python3.7/site-packages/airflow/example_dags/example_trigger_target_dag.py
[2023-10-10T17:49:45.857+0000] {logging_mixin.py:150} INFO - [2023-10-10T17:49:45.857+0000] {dag.py:2742} INFO - Sync 1 DAGs
[2023-10-10T17:49:45.899+0000] {logging_mixin.py:150} INFO - [2023-10-10T17:49:45.899+0000] {dag.py:3508} INFO - Setting next_dagrun for example_trigger_target_dag to None, run_after=None
[2023-10-10T17:49:45.932+0000] {processor.py:179} INFO - Processing /home/airflow/.local/lib/python3.7/site-packages/airflow/example_dags/example_trigger_target_dag.py took 0.124 seconds
[2023-10-10T17:50:16.072+0000] {processor.py:157} INFO - Started process (PID=2354) to work on /home/airflow/.local/lib/python3.7/site-packages/airflow/example_dags/example_trigger_target_dag.py
[2023-10-10T17:50:16.075+0000] {processor.py:826} INFO - Processing file /home/airflow/.local/lib/python3.7/site-packages/airflow/example_dags/example_trigger_target_dag.py for tasks to queue
[2023-10-10T17:50:16.078+0000] {logging_mixin.py:150} INFO - [2023-10-10T17:50:16.077+0000] {dagbag.py:541} INFO - Filling up the DagBag from /home/airflow/.local/lib/python3.7/site-packages/airflow/example_dags/example_trigger_target_dag.py
[2023-10-10T17:50:16.097+0000] {processor.py:836} INFO - DAG(s) dict_keys(['example_trigger_target_dag']) retrieved from /home/airflow/.local/lib/python3.7/site-packages/airflow/example_dags/example_trigger_target_dag.py
[2023-10-10T17:50:16.147+0000] {logging_mixin.py:150} INFO - [2023-10-10T17:50:16.146+0000] {dag.py:2742} INFO - Sync 1 DAGs
[2023-10-10T17:50:16.223+0000] {logging_mixin.py:150} INFO - [2023-10-10T17:50:16.222+0000] {dag.py:3508} INFO - Setting next_dagrun for example_trigger_target_dag to None, run_after=None
[2023-10-10T17:50:16.261+0000] {processor.py:179} INFO - Processing /home/airflow/.local/lib/python3.7/site-packages/airflow/example_dags/example_trigger_target_dag.py took 0.198 seconds
[2023-10-10T17:50:46.317+0000] {processor.py:157} INFO - Started process (PID=2437) to work on /home/airflow/.local/lib/python3.7/site-packages/airflow/example_dags/example_trigger_target_dag.py
[2023-10-10T17:50:46.319+0000] {processor.py:826} INFO - Processing file /home/airflow/.local/lib/python3.7/site-packages/airflow/example_dags/example_trigger_target_dag.py for tasks to queue
[2023-10-10T17:50:46.320+0000] {logging_mixin.py:150} INFO - [2023-10-10T17:50:46.320+0000] {dagbag.py:541} INFO - Filling up the DagBag from /home/airflow/.local/lib/python3.7/site-packages/airflow/example_dags/example_trigger_target_dag.py
[2023-10-10T17:50:46.329+0000] {processor.py:836} INFO - DAG(s) dict_keys(['example_trigger_target_dag']) retrieved from /home/airflow/.local/lib/python3.7/site-packages/airflow/example_dags/example_trigger_target_dag.py
[2023-10-10T17:50:46.358+0000] {logging_mixin.py:150} INFO - [2023-10-10T17:50:46.358+0000] {dag.py:2742} INFO - Sync 1 DAGs
[2023-10-10T17:50:46.390+0000] {logging_mixin.py:150} INFO - [2023-10-10T17:50:46.390+0000] {dag.py:3508} INFO - Setting next_dagrun for example_trigger_target_dag to None, run_after=None
[2023-10-10T17:50:46.416+0000] {processor.py:179} INFO - Processing /home/airflow/.local/lib/python3.7/site-packages/airflow/example_dags/example_trigger_target_dag.py took 0.103 seconds
[2023-10-10T17:51:16.560+0000] {processor.py:157} INFO - Started process (PID=2517) to work on /home/airflow/.local/lib/python3.7/site-packages/airflow/example_dags/example_trigger_target_dag.py
[2023-10-10T17:51:16.562+0000] {processor.py:826} INFO - Processing file /home/airflow/.local/lib/python3.7/site-packages/airflow/example_dags/example_trigger_target_dag.py for tasks to queue
[2023-10-10T17:51:16.563+0000] {logging_mixin.py:150} INFO - [2023-10-10T17:51:16.563+0000] {dagbag.py:541} INFO - Filling up the DagBag from /home/airflow/.local/lib/python3.7/site-packages/airflow/example_dags/example_trigger_target_dag.py
[2023-10-10T17:51:16.574+0000] {processor.py:836} INFO - DAG(s) dict_keys(['example_trigger_target_dag']) retrieved from /home/airflow/.local/lib/python3.7/site-packages/airflow/example_dags/example_trigger_target_dag.py
[2023-10-10T17:51:16.617+0000] {logging_mixin.py:150} INFO - [2023-10-10T17:51:16.617+0000] {dag.py:2742} INFO - Sync 1 DAGs
[2023-10-10T17:51:16.651+0000] {logging_mixin.py:150} INFO - [2023-10-10T17:51:16.651+0000] {dag.py:3508} INFO - Setting next_dagrun for example_trigger_target_dag to None, run_after=None
[2023-10-10T17:51:16.675+0000] {processor.py:179} INFO - Processing /home/airflow/.local/lib/python3.7/site-packages/airflow/example_dags/example_trigger_target_dag.py took 0.120 seconds
[2023-10-10T17:51:47.521+0000] {processor.py:157} INFO - Started process (PID=2610) to work on /home/airflow/.local/lib/python3.7/site-packages/airflow/example_dags/example_trigger_target_dag.py
[2023-10-10T17:51:47.523+0000] {processor.py:826} INFO - Processing file /home/airflow/.local/lib/python3.7/site-packages/airflow/example_dags/example_trigger_target_dag.py for tasks to queue
[2023-10-10T17:51:47.525+0000] {logging_mixin.py:150} INFO - [2023-10-10T17:51:47.524+0000] {dagbag.py:541} INFO - Filling up the DagBag from /home/airflow/.local/lib/python3.7/site-packages/airflow/example_dags/example_trigger_target_dag.py
[2023-10-10T17:51:47.537+0000] {processor.py:836} INFO - DAG(s) dict_keys(['example_trigger_target_dag']) retrieved from /home/airflow/.local/lib/python3.7/site-packages/airflow/example_dags/example_trigger_target_dag.py
[2023-10-10T17:51:47.574+0000] {logging_mixin.py:150} INFO - [2023-10-10T17:51:47.574+0000] {dag.py:2742} INFO - Sync 1 DAGs
[2023-10-10T17:51:47.614+0000] {logging_mixin.py:150} INFO - [2023-10-10T17:51:47.614+0000] {dag.py:3508} INFO - Setting next_dagrun for example_trigger_target_dag to None, run_after=None
[2023-10-10T17:51:47.644+0000] {processor.py:179} INFO - Processing /home/airflow/.local/lib/python3.7/site-packages/airflow/example_dags/example_trigger_target_dag.py took 0.129 seconds
[2023-10-10T17:52:17.786+0000] {processor.py:157} INFO - Started process (PID=2691) to work on /home/airflow/.local/lib/python3.7/site-packages/airflow/example_dags/example_trigger_target_dag.py
[2023-10-10T17:52:17.788+0000] {processor.py:826} INFO - Processing file /home/airflow/.local/lib/python3.7/site-packages/airflow/example_dags/example_trigger_target_dag.py for tasks to queue
[2023-10-10T17:52:17.790+0000] {logging_mixin.py:150} INFO - [2023-10-10T17:52:17.790+0000] {dagbag.py:541} INFO - Filling up the DagBag from /home/airflow/.local/lib/python3.7/site-packages/airflow/example_dags/example_trigger_target_dag.py
[2023-10-10T17:52:17.800+0000] {processor.py:836} INFO - DAG(s) dict_keys(['example_trigger_target_dag']) retrieved from /home/airflow/.local/lib/python3.7/site-packages/airflow/example_dags/example_trigger_target_dag.py
[2023-10-10T17:52:17.832+0000] {logging_mixin.py:150} INFO - [2023-10-10T17:52:17.832+0000] {dag.py:2742} INFO - Sync 1 DAGs
[2023-10-10T17:52:17.867+0000] {logging_mixin.py:150} INFO - [2023-10-10T17:52:17.867+0000] {dag.py:3508} INFO - Setting next_dagrun for example_trigger_target_dag to None, run_after=None
[2023-10-10T17:52:17.891+0000] {processor.py:179} INFO - Processing /home/airflow/.local/lib/python3.7/site-packages/airflow/example_dags/example_trigger_target_dag.py took 0.110 seconds
[2023-10-10T17:52:48.299+0000] {processor.py:157} INFO - Started process (PID=2781) to work on /home/airflow/.local/lib/python3.7/site-packages/airflow/example_dags/example_trigger_target_dag.py
[2023-10-10T17:52:48.301+0000] {processor.py:826} INFO - Processing file /home/airflow/.local/lib/python3.7/site-packages/airflow/example_dags/example_trigger_target_dag.py for tasks to queue
[2023-10-10T17:52:48.303+0000] {logging_mixin.py:150} INFO - [2023-10-10T17:52:48.303+0000] {dagbag.py:541} INFO - Filling up the DagBag from /home/airflow/.local/lib/python3.7/site-packages/airflow/example_dags/example_trigger_target_dag.py
[2023-10-10T17:52:48.313+0000] {processor.py:836} INFO - DAG(s) dict_keys(['example_trigger_target_dag']) retrieved from /home/airflow/.local/lib/python3.7/site-packages/airflow/example_dags/example_trigger_target_dag.py
[2023-10-10T17:52:48.347+0000] {logging_mixin.py:150} INFO - [2023-10-10T17:52:48.346+0000] {dag.py:2742} INFO - Sync 1 DAGs
[2023-10-10T17:52:48.384+0000] {logging_mixin.py:150} INFO - [2023-10-10T17:52:48.384+0000] {dag.py:3508} INFO - Setting next_dagrun for example_trigger_target_dag to None, run_after=None
[2023-10-10T17:52:48.411+0000] {processor.py:179} INFO - Processing /home/airflow/.local/lib/python3.7/site-packages/airflow/example_dags/example_trigger_target_dag.py took 0.118 seconds
[2023-10-10T17:53:18.806+0000] {processor.py:157} INFO - Started process (PID=2865) to work on /home/airflow/.local/lib/python3.7/site-packages/airflow/example_dags/example_trigger_target_dag.py
[2023-10-10T17:53:18.809+0000] {processor.py:826} INFO - Processing file /home/airflow/.local/lib/python3.7/site-packages/airflow/example_dags/example_trigger_target_dag.py for tasks to queue
[2023-10-10T17:53:18.811+0000] {logging_mixin.py:150} INFO - [2023-10-10T17:53:18.810+0000] {dagbag.py:541} INFO - Filling up the DagBag from /home/airflow/.local/lib/python3.7/site-packages/airflow/example_dags/example_trigger_target_dag.py
[2023-10-10T17:53:18.822+0000] {processor.py:836} INFO - DAG(s) dict_keys(['example_trigger_target_dag']) retrieved from /home/airflow/.local/lib/python3.7/site-packages/airflow/example_dags/example_trigger_target_dag.py
[2023-10-10T17:53:18.854+0000] {logging_mixin.py:150} INFO - [2023-10-10T17:53:18.854+0000] {dag.py:2742} INFO - Sync 1 DAGs
[2023-10-10T17:53:18.888+0000] {logging_mixin.py:150} INFO - [2023-10-10T17:53:18.888+0000] {dag.py:3508} INFO - Setting next_dagrun for example_trigger_target_dag to None, run_after=None
[2023-10-10T17:53:18.922+0000] {processor.py:179} INFO - Processing /home/airflow/.local/lib/python3.7/site-packages/airflow/example_dags/example_trigger_target_dag.py took 0.121 seconds
[2023-10-10T17:53:49.302+0000] {processor.py:157} INFO - Started process (PID=2953) to work on /home/airflow/.local/lib/python3.7/site-packages/airflow/example_dags/example_trigger_target_dag.py
[2023-10-10T17:53:49.305+0000] {processor.py:826} INFO - Processing file /home/airflow/.local/lib/python3.7/site-packages/airflow/example_dags/example_trigger_target_dag.py for tasks to queue
[2023-10-10T17:53:49.307+0000] {logging_mixin.py:150} INFO - [2023-10-10T17:53:49.306+0000] {dagbag.py:541} INFO - Filling up the DagBag from /home/airflow/.local/lib/python3.7/site-packages/airflow/example_dags/example_trigger_target_dag.py
[2023-10-10T17:53:49.319+0000] {processor.py:836} INFO - DAG(s) dict_keys(['example_trigger_target_dag']) retrieved from /home/airflow/.local/lib/python3.7/site-packages/airflow/example_dags/example_trigger_target_dag.py
[2023-10-10T17:53:49.362+0000] {logging_mixin.py:150} INFO - [2023-10-10T17:53:49.362+0000] {dag.py:2742} INFO - Sync 1 DAGs
[2023-10-10T17:53:49.403+0000] {logging_mixin.py:150} INFO - [2023-10-10T17:53:49.403+0000] {dag.py:3508} INFO - Setting next_dagrun for example_trigger_target_dag to None, run_after=None
[2023-10-10T17:53:49.435+0000] {processor.py:179} INFO - Processing /home/airflow/.local/lib/python3.7/site-packages/airflow/example_dags/example_trigger_target_dag.py took 0.139 seconds
[2023-10-10T17:54:20.082+0000] {processor.py:157} INFO - Started process (PID=3029) to work on /home/airflow/.local/lib/python3.7/site-packages/airflow/example_dags/example_trigger_target_dag.py
[2023-10-10T17:54:20.084+0000] {processor.py:826} INFO - Processing file /home/airflow/.local/lib/python3.7/site-packages/airflow/example_dags/example_trigger_target_dag.py for tasks to queue
[2023-10-10T17:54:20.086+0000] {logging_mixin.py:150} INFO - [2023-10-10T17:54:20.086+0000] {dagbag.py:541} INFO - Filling up the DagBag from /home/airflow/.local/lib/python3.7/site-packages/airflow/example_dags/example_trigger_target_dag.py
[2023-10-10T17:54:20.097+0000] {processor.py:836} INFO - DAG(s) dict_keys(['example_trigger_target_dag']) retrieved from /home/airflow/.local/lib/python3.7/site-packages/airflow/example_dags/example_trigger_target_dag.py
[2023-10-10T17:54:20.133+0000] {logging_mixin.py:150} INFO - [2023-10-10T17:54:20.132+0000] {dag.py:2742} INFO - Sync 1 DAGs
[2023-10-10T17:54:20.170+0000] {logging_mixin.py:150} INFO - [2023-10-10T17:54:20.169+0000] {dag.py:3508} INFO - Setting next_dagrun for example_trigger_target_dag to None, run_after=None
[2023-10-10T17:54:20.199+0000] {processor.py:179} INFO - Processing /home/airflow/.local/lib/python3.7/site-packages/airflow/example_dags/example_trigger_target_dag.py took 0.122 seconds
[2023-10-10T17:54:51.068+0000] {processor.py:157} INFO - Started process (PID=3131) to work on /home/airflow/.local/lib/python3.7/site-packages/airflow/example_dags/example_trigger_target_dag.py
[2023-10-10T17:54:51.073+0000] {processor.py:826} INFO - Processing file /home/airflow/.local/lib/python3.7/site-packages/airflow/example_dags/example_trigger_target_dag.py for tasks to queue
[2023-10-10T17:54:51.078+0000] {logging_mixin.py:150} INFO - [2023-10-10T17:54:51.077+0000] {dagbag.py:541} INFO - Filling up the DagBag from /home/airflow/.local/lib/python3.7/site-packages/airflow/example_dags/example_trigger_target_dag.py
[2023-10-10T17:54:51.113+0000] {processor.py:836} INFO - DAG(s) dict_keys(['example_trigger_target_dag']) retrieved from /home/airflow/.local/lib/python3.7/site-packages/airflow/example_dags/example_trigger_target_dag.py
[2023-10-10T17:54:51.200+0000] {logging_mixin.py:150} INFO - [2023-10-10T17:54:51.200+0000] {dag.py:2742} INFO - Sync 1 DAGs
[2023-10-10T17:54:51.294+0000] {logging_mixin.py:150} INFO - [2023-10-10T17:54:51.294+0000] {dag.py:3508} INFO - Setting next_dagrun for example_trigger_target_dag to None, run_after=None
[2023-10-10T17:54:51.364+0000] {processor.py:179} INFO - Processing /home/airflow/.local/lib/python3.7/site-packages/airflow/example_dags/example_trigger_target_dag.py took 0.304 seconds
[2023-10-10T17:56:02.842+0000] {processor.py:157} INFO - Started process (PID=3220) to work on /home/airflow/.local/lib/python3.7/site-packages/airflow/example_dags/example_trigger_target_dag.py
[2023-10-10T17:56:02.845+0000] {processor.py:826} INFO - Processing file /home/airflow/.local/lib/python3.7/site-packages/airflow/example_dags/example_trigger_target_dag.py for tasks to queue
[2023-10-10T17:56:02.849+0000] {logging_mixin.py:150} INFO - [2023-10-10T17:56:02.848+0000] {dagbag.py:541} INFO - Filling up the DagBag from /home/airflow/.local/lib/python3.7/site-packages/airflow/example_dags/example_trigger_target_dag.py
[2023-10-10T17:56:02.866+0000] {processor.py:836} INFO - DAG(s) dict_keys(['example_trigger_target_dag']) retrieved from /home/airflow/.local/lib/python3.7/site-packages/airflow/example_dags/example_trigger_target_dag.py
[2023-10-10T17:56:02.932+0000] {logging_mixin.py:150} INFO - [2023-10-10T17:56:02.931+0000] {dag.py:2742} INFO - Sync 1 DAGs
[2023-10-10T17:56:02.992+0000] {logging_mixin.py:150} INFO - [2023-10-10T17:56:02.992+0000] {dag.py:3508} INFO - Setting next_dagrun for example_trigger_target_dag to None, run_after=None
[2023-10-10T17:56:03.042+0000] {processor.py:179} INFO - Processing /home/airflow/.local/lib/python3.7/site-packages/airflow/example_dags/example_trigger_target_dag.py took 0.211 seconds
[2023-10-10T17:56:33.564+0000] {processor.py:157} INFO - Started process (PID=3301) to work on /home/airflow/.local/lib/python3.7/site-packages/airflow/example_dags/example_trigger_target_dag.py
[2023-10-10T17:56:33.570+0000] {processor.py:826} INFO - Processing file /home/airflow/.local/lib/python3.7/site-packages/airflow/example_dags/example_trigger_target_dag.py for tasks to queue
[2023-10-10T17:56:33.575+0000] {logging_mixin.py:150} INFO - [2023-10-10T17:56:33.574+0000] {dagbag.py:541} INFO - Filling up the DagBag from /home/airflow/.local/lib/python3.7/site-packages/airflow/example_dags/example_trigger_target_dag.py
[2023-10-10T17:56:33.596+0000] {processor.py:836} INFO - DAG(s) dict_keys(['example_trigger_target_dag']) retrieved from /home/airflow/.local/lib/python3.7/site-packages/airflow/example_dags/example_trigger_target_dag.py
[2023-10-10T17:56:33.670+0000] {logging_mixin.py:150} INFO - [2023-10-10T17:56:33.669+0000] {dag.py:2742} INFO - Sync 1 DAGs
[2023-10-10T17:56:33.757+0000] {logging_mixin.py:150} INFO - [2023-10-10T17:56:33.757+0000] {dag.py:3508} INFO - Setting next_dagrun for example_trigger_target_dag to None, run_after=None
[2023-10-10T17:56:33.813+0000] {processor.py:179} INFO - Processing /home/airflow/.local/lib/python3.7/site-packages/airflow/example_dags/example_trigger_target_dag.py took 0.261 seconds
[2023-10-10T17:57:06.802+0000] {processor.py:157} INFO - Started process (PID=3382) to work on /home/airflow/.local/lib/python3.7/site-packages/airflow/example_dags/example_trigger_target_dag.py
[2023-10-10T17:57:06.820+0000] {processor.py:826} INFO - Processing file /home/airflow/.local/lib/python3.7/site-packages/airflow/example_dags/example_trigger_target_dag.py for tasks to queue
[2023-10-10T17:57:06.828+0000] {logging_mixin.py:150} INFO - [2023-10-10T17:57:06.826+0000] {dagbag.py:541} INFO - Filling up the DagBag from /home/airflow/.local/lib/python3.7/site-packages/airflow/example_dags/example_trigger_target_dag.py
[2023-10-10T17:57:06.908+0000] {processor.py:836} INFO - DAG(s) dict_keys(['example_trigger_target_dag']) retrieved from /home/airflow/.local/lib/python3.7/site-packages/airflow/example_dags/example_trigger_target_dag.py
[2023-10-10T17:57:07.113+0000] {logging_mixin.py:150} INFO - [2023-10-10T17:57:07.112+0000] {dag.py:2742} INFO - Sync 1 DAGs
[2023-10-10T17:57:07.372+0000] {logging_mixin.py:150} INFO - [2023-10-10T17:57:07.371+0000] {dag.py:3508} INFO - Setting next_dagrun for example_trigger_target_dag to None, run_after=None
[2023-10-10T17:57:07.533+0000] {processor.py:179} INFO - Processing /home/airflow/.local/lib/python3.7/site-packages/airflow/example_dags/example_trigger_target_dag.py took 0.761 seconds
[2023-10-10T17:58:15.663+0000] {processor.py:157} INFO - Started process (PID=3473) to work on /home/airflow/.local/lib/python3.7/site-packages/airflow/example_dags/example_trigger_target_dag.py
[2023-10-10T17:58:15.697+0000] {processor.py:826} INFO - Processing file /home/airflow/.local/lib/python3.7/site-packages/airflow/example_dags/example_trigger_target_dag.py for tasks to queue
[2023-10-10T17:58:15.713+0000] {logging_mixin.py:150} INFO - [2023-10-10T17:58:15.711+0000] {dagbag.py:541} INFO - Filling up the DagBag from /home/airflow/.local/lib/python3.7/site-packages/airflow/example_dags/example_trigger_target_dag.py
[2023-10-10T17:58:15.759+0000] {processor.py:836} INFO - DAG(s) dict_keys(['example_trigger_target_dag']) retrieved from /home/airflow/.local/lib/python3.7/site-packages/airflow/example_dags/example_trigger_target_dag.py
[2023-10-10T17:58:16.017+0000] {logging_mixin.py:150} INFO - [2023-10-10T17:58:16.017+0000] {dag.py:2742} INFO - Sync 1 DAGs
[2023-10-10T17:58:16.336+0000] {logging_mixin.py:150} INFO - [2023-10-10T17:58:16.334+0000] {dag.py:3508} INFO - Setting next_dagrun for example_trigger_target_dag to None, run_after=None
[2023-10-10T17:58:16.510+0000] {processor.py:179} INFO - Processing /home/airflow/.local/lib/python3.7/site-packages/airflow/example_dags/example_trigger_target_dag.py took 0.883 seconds
[2023-10-10T17:58:50.099+0000] {processor.py:157} INFO - Started process (PID=3575) to work on /home/airflow/.local/lib/python3.7/site-packages/airflow/example_dags/example_trigger_target_dag.py
[2023-10-10T17:58:50.104+0000] {processor.py:826} INFO - Processing file /home/airflow/.local/lib/python3.7/site-packages/airflow/example_dags/example_trigger_target_dag.py for tasks to queue
[2023-10-10T17:58:50.110+0000] {logging_mixin.py:150} INFO - [2023-10-10T17:58:50.109+0000] {dagbag.py:541} INFO - Filling up the DagBag from /home/airflow/.local/lib/python3.7/site-packages/airflow/example_dags/example_trigger_target_dag.py
[2023-10-10T17:58:50.160+0000] {processor.py:836} INFO - DAG(s) dict_keys(['example_trigger_target_dag']) retrieved from /home/airflow/.local/lib/python3.7/site-packages/airflow/example_dags/example_trigger_target_dag.py
[2023-10-10T17:58:50.320+0000] {logging_mixin.py:150} INFO - [2023-10-10T17:58:50.320+0000] {dag.py:2742} INFO - Sync 1 DAGs
[2023-10-10T17:58:50.495+0000] {logging_mixin.py:150} INFO - [2023-10-10T17:58:50.495+0000] {dag.py:3508} INFO - Setting next_dagrun for example_trigger_target_dag to None, run_after=None
[2023-10-10T17:58:50.606+0000] {processor.py:179} INFO - Processing /home/airflow/.local/lib/python3.7/site-packages/airflow/example_dags/example_trigger_target_dag.py took 0.531 seconds
[2023-10-10T17:59:35.279+0000] {processor.py:157} INFO - Started process (PID=3656) to work on /home/airflow/.local/lib/python3.7/site-packages/airflow/example_dags/example_trigger_target_dag.py
[2023-10-10T17:59:35.288+0000] {processor.py:826} INFO - Processing file /home/airflow/.local/lib/python3.7/site-packages/airflow/example_dags/example_trigger_target_dag.py for tasks to queue
[2023-10-10T17:59:35.314+0000] {logging_mixin.py:150} INFO - [2023-10-10T17:59:35.298+0000] {dagbag.py:541} INFO - Filling up the DagBag from /home/airflow/.local/lib/python3.7/site-packages/airflow/example_dags/example_trigger_target_dag.py
[2023-10-10T17:59:35.402+0000] {processor.py:836} INFO - DAG(s) dict_keys(['example_trigger_target_dag']) retrieved from /home/airflow/.local/lib/python3.7/site-packages/airflow/example_dags/example_trigger_target_dag.py
[2023-10-10T17:59:35.642+0000] {logging_mixin.py:150} INFO - [2023-10-10T17:59:35.641+0000] {dag.py:2742} INFO - Sync 1 DAGs
[2023-10-10T17:59:35.859+0000] {logging_mixin.py:150} INFO - [2023-10-10T17:59:35.858+0000] {dag.py:3508} INFO - Setting next_dagrun for example_trigger_target_dag to None, run_after=None
[2023-10-10T17:59:36.002+0000] {processor.py:179} INFO - Processing /home/airflow/.local/lib/python3.7/site-packages/airflow/example_dags/example_trigger_target_dag.py took 0.777 seconds
[2023-10-10T18:00:06.392+0000] {processor.py:157} INFO - Started process (PID=3737) to work on /home/airflow/.local/lib/python3.7/site-packages/airflow/example_dags/example_trigger_target_dag.py
[2023-10-10T18:00:06.401+0000] {processor.py:826} INFO - Processing file /home/airflow/.local/lib/python3.7/site-packages/airflow/example_dags/example_trigger_target_dag.py for tasks to queue
[2023-10-10T18:00:06.409+0000] {logging_mixin.py:150} INFO - [2023-10-10T18:00:06.407+0000] {dagbag.py:541} INFO - Filling up the DagBag from /home/airflow/.local/lib/python3.7/site-packages/airflow/example_dags/example_trigger_target_dag.py
[2023-10-10T18:00:06.440+0000] {processor.py:836} INFO - DAG(s) dict_keys(['example_trigger_target_dag']) retrieved from /home/airflow/.local/lib/python3.7/site-packages/airflow/example_dags/example_trigger_target_dag.py
[2023-10-10T18:00:06.534+0000] {logging_mixin.py:150} INFO - [2023-10-10T18:00:06.533+0000] {dag.py:2742} INFO - Sync 1 DAGs
[2023-10-10T18:00:06.630+0000] {logging_mixin.py:150} INFO - [2023-10-10T18:00:06.630+0000] {dag.py:3508} INFO - Setting next_dagrun for example_trigger_target_dag to None, run_after=None
[2023-10-10T18:00:06.688+0000] {processor.py:179} INFO - Processing /home/airflow/.local/lib/python3.7/site-packages/airflow/example_dags/example_trigger_target_dag.py took 0.312 seconds
[2023-10-10T18:00:36.900+0000] {processor.py:157} INFO - Started process (PID=3818) to work on /home/airflow/.local/lib/python3.7/site-packages/airflow/example_dags/example_trigger_target_dag.py
[2023-10-10T18:00:36.903+0000] {processor.py:826} INFO - Processing file /home/airflow/.local/lib/python3.7/site-packages/airflow/example_dags/example_trigger_target_dag.py for tasks to queue
[2023-10-10T18:00:36.906+0000] {logging_mixin.py:150} INFO - [2023-10-10T18:00:36.905+0000] {dagbag.py:541} INFO - Filling up the DagBag from /home/airflow/.local/lib/python3.7/site-packages/airflow/example_dags/example_trigger_target_dag.py
[2023-10-10T18:00:36.924+0000] {processor.py:836} INFO - DAG(s) dict_keys(['example_trigger_target_dag']) retrieved from /home/airflow/.local/lib/python3.7/site-packages/airflow/example_dags/example_trigger_target_dag.py
[2023-10-10T18:00:36.978+0000] {logging_mixin.py:150} INFO - [2023-10-10T18:00:36.977+0000] {dag.py:2742} INFO - Sync 1 DAGs
[2023-10-10T18:00:37.035+0000] {logging_mixin.py:150} INFO - [2023-10-10T18:00:37.035+0000] {dag.py:3508} INFO - Setting next_dagrun for example_trigger_target_dag to None, run_after=None
[2023-10-10T18:00:37.079+0000] {processor.py:179} INFO - Processing /home/airflow/.local/lib/python3.7/site-packages/airflow/example_dags/example_trigger_target_dag.py took 0.187 seconds
[2023-10-10T18:01:07.671+0000] {processor.py:157} INFO - Started process (PID=3899) to work on /home/airflow/.local/lib/python3.7/site-packages/airflow/example_dags/example_trigger_target_dag.py
[2023-10-10T18:01:07.674+0000] {processor.py:826} INFO - Processing file /home/airflow/.local/lib/python3.7/site-packages/airflow/example_dags/example_trigger_target_dag.py for tasks to queue
[2023-10-10T18:01:07.676+0000] {logging_mixin.py:150} INFO - [2023-10-10T18:01:07.676+0000] {dagbag.py:541} INFO - Filling up the DagBag from /home/airflow/.local/lib/python3.7/site-packages/airflow/example_dags/example_trigger_target_dag.py
[2023-10-10T18:01:07.690+0000] {processor.py:836} INFO - DAG(s) dict_keys(['example_trigger_target_dag']) retrieved from /home/airflow/.local/lib/python3.7/site-packages/airflow/example_dags/example_trigger_target_dag.py
[2023-10-10T18:01:07.734+0000] {logging_mixin.py:150} INFO - [2023-10-10T18:01:07.734+0000] {dag.py:2742} INFO - Sync 1 DAGs
[2023-10-10T18:01:07.785+0000] {logging_mixin.py:150} INFO - [2023-10-10T18:01:07.785+0000] {dag.py:3508} INFO - Setting next_dagrun for example_trigger_target_dag to None, run_after=None
[2023-10-10T18:01:07.823+0000] {processor.py:179} INFO - Processing /home/airflow/.local/lib/python3.7/site-packages/airflow/example_dags/example_trigger_target_dag.py took 0.158 seconds
[2023-10-10T18:01:38.510+0000] {processor.py:157} INFO - Started process (PID=3987) to work on /home/airflow/.local/lib/python3.7/site-packages/airflow/example_dags/example_trigger_target_dag.py
[2023-10-10T18:01:38.513+0000] {processor.py:826} INFO - Processing file /home/airflow/.local/lib/python3.7/site-packages/airflow/example_dags/example_trigger_target_dag.py for tasks to queue
[2023-10-10T18:01:38.518+0000] {logging_mixin.py:150} INFO - [2023-10-10T18:01:38.517+0000] {dagbag.py:541} INFO - Filling up the DagBag from /home/airflow/.local/lib/python3.7/site-packages/airflow/example_dags/example_trigger_target_dag.py
[2023-10-10T18:01:38.537+0000] {processor.py:836} INFO - DAG(s) dict_keys(['example_trigger_target_dag']) retrieved from /home/airflow/.local/lib/python3.7/site-packages/airflow/example_dags/example_trigger_target_dag.py
[2023-10-10T18:01:38.592+0000] {logging_mixin.py:150} INFO - [2023-10-10T18:01:38.592+0000] {dag.py:2742} INFO - Sync 1 DAGs
[2023-10-10T18:01:38.652+0000] {logging_mixin.py:150} INFO - [2023-10-10T18:01:38.651+0000] {dag.py:3508} INFO - Setting next_dagrun for example_trigger_target_dag to None, run_after=None
[2023-10-10T18:01:38.700+0000] {processor.py:179} INFO - Processing /home/airflow/.local/lib/python3.7/site-packages/airflow/example_dags/example_trigger_target_dag.py took 0.200 seconds
[2023-10-10T18:02:08.964+0000] {processor.py:157} INFO - Started process (PID=4064) to work on /home/airflow/.local/lib/python3.7/site-packages/airflow/example_dags/example_trigger_target_dag.py
[2023-10-10T18:02:08.966+0000] {processor.py:826} INFO - Processing file /home/airflow/.local/lib/python3.7/site-packages/airflow/example_dags/example_trigger_target_dag.py for tasks to queue
[2023-10-10T18:02:08.969+0000] {logging_mixin.py:150} INFO - [2023-10-10T18:02:08.968+0000] {dagbag.py:541} INFO - Filling up the DagBag from /home/airflow/.local/lib/python3.7/site-packages/airflow/example_dags/example_trigger_target_dag.py
[2023-10-10T18:02:08.985+0000] {processor.py:836} INFO - DAG(s) dict_keys(['example_trigger_target_dag']) retrieved from /home/airflow/.local/lib/python3.7/site-packages/airflow/example_dags/example_trigger_target_dag.py
[2023-10-10T18:02:09.074+0000] {logging_mixin.py:150} INFO - [2023-10-10T18:02:09.073+0000] {dag.py:2742} INFO - Sync 1 DAGs
[2023-10-10T18:02:09.140+0000] {logging_mixin.py:150} INFO - [2023-10-10T18:02:09.140+0000] {dag.py:3508} INFO - Setting next_dagrun for example_trigger_target_dag to None, run_after=None
[2023-10-10T18:02:09.186+0000] {processor.py:179} INFO - Processing /home/airflow/.local/lib/python3.7/site-packages/airflow/example_dags/example_trigger_target_dag.py took 0.236 seconds
[2023-10-10T18:02:39.954+0000] {processor.py:157} INFO - Started process (PID=4145) to work on /home/airflow/.local/lib/python3.7/site-packages/airflow/example_dags/example_trigger_target_dag.py
[2023-10-10T18:02:39.956+0000] {processor.py:826} INFO - Processing file /home/airflow/.local/lib/python3.7/site-packages/airflow/example_dags/example_trigger_target_dag.py for tasks to queue
[2023-10-10T18:02:39.959+0000] {logging_mixin.py:150} INFO - [2023-10-10T18:02:39.959+0000] {dagbag.py:541} INFO - Filling up the DagBag from /home/airflow/.local/lib/python3.7/site-packages/airflow/example_dags/example_trigger_target_dag.py
[2023-10-10T18:02:39.975+0000] {processor.py:836} INFO - DAG(s) dict_keys(['example_trigger_target_dag']) retrieved from /home/airflow/.local/lib/python3.7/site-packages/airflow/example_dags/example_trigger_target_dag.py
[2023-10-10T18:02:40.030+0000] {logging_mixin.py:150} INFO - [2023-10-10T18:02:40.030+0000] {dag.py:2742} INFO - Sync 1 DAGs
[2023-10-10T18:02:40.092+0000] {logging_mixin.py:150} INFO - [2023-10-10T18:02:40.091+0000] {dag.py:3508} INFO - Setting next_dagrun for example_trigger_target_dag to None, run_after=None
[2023-10-10T18:02:40.131+0000] {processor.py:179} INFO - Processing /home/airflow/.local/lib/python3.7/site-packages/airflow/example_dags/example_trigger_target_dag.py took 0.185 seconds
[2023-10-10T18:03:10.175+0000] {processor.py:157} INFO - Started process (PID=4225) to work on /home/airflow/.local/lib/python3.7/site-packages/airflow/example_dags/example_trigger_target_dag.py
[2023-10-10T18:03:10.177+0000] {processor.py:826} INFO - Processing file /home/airflow/.local/lib/python3.7/site-packages/airflow/example_dags/example_trigger_target_dag.py for tasks to queue
[2023-10-10T18:03:10.180+0000] {logging_mixin.py:150} INFO - [2023-10-10T18:03:10.179+0000] {dagbag.py:541} INFO - Filling up the DagBag from /home/airflow/.local/lib/python3.7/site-packages/airflow/example_dags/example_trigger_target_dag.py
[2023-10-10T18:03:10.195+0000] {processor.py:836} INFO - DAG(s) dict_keys(['example_trigger_target_dag']) retrieved from /home/airflow/.local/lib/python3.7/site-packages/airflow/example_dags/example_trigger_target_dag.py
[2023-10-10T18:03:10.243+0000] {logging_mixin.py:150} INFO - [2023-10-10T18:03:10.243+0000] {dag.py:2742} INFO - Sync 1 DAGs
[2023-10-10T18:03:10.295+0000] {logging_mixin.py:150} INFO - [2023-10-10T18:03:10.295+0000] {dag.py:3508} INFO - Setting next_dagrun for example_trigger_target_dag to None, run_after=None
[2023-10-10T18:03:10.335+0000] {processor.py:179} INFO - Processing /home/airflow/.local/lib/python3.7/site-packages/airflow/example_dags/example_trigger_target_dag.py took 0.167 seconds
[2023-10-10T18:03:41.134+0000] {processor.py:157} INFO - Started process (PID=4315) to work on /home/airflow/.local/lib/python3.7/site-packages/airflow/example_dags/example_trigger_target_dag.py
[2023-10-10T18:03:41.136+0000] {processor.py:826} INFO - Processing file /home/airflow/.local/lib/python3.7/site-packages/airflow/example_dags/example_trigger_target_dag.py for tasks to queue
[2023-10-10T18:03:41.139+0000] {logging_mixin.py:150} INFO - [2023-10-10T18:03:41.138+0000] {dagbag.py:541} INFO - Filling up the DagBag from /home/airflow/.local/lib/python3.7/site-packages/airflow/example_dags/example_trigger_target_dag.py
[2023-10-10T18:03:41.159+0000] {processor.py:836} INFO - DAG(s) dict_keys(['example_trigger_target_dag']) retrieved from /home/airflow/.local/lib/python3.7/site-packages/airflow/example_dags/example_trigger_target_dag.py
[2023-10-10T18:03:41.210+0000] {logging_mixin.py:150} INFO - [2023-10-10T18:03:41.209+0000] {dag.py:2742} INFO - Sync 1 DAGs
[2023-10-10T18:03:41.268+0000] {logging_mixin.py:150} INFO - [2023-10-10T18:03:41.268+0000] {dag.py:3508} INFO - Setting next_dagrun for example_trigger_target_dag to None, run_after=None
[2023-10-10T18:03:41.309+0000] {processor.py:179} INFO - Processing /home/airflow/.local/lib/python3.7/site-packages/airflow/example_dags/example_trigger_target_dag.py took 0.184 seconds
[2023-10-10T18:04:11.678+0000] {processor.py:157} INFO - Started process (PID=4395) to work on /home/airflow/.local/lib/python3.7/site-packages/airflow/example_dags/example_trigger_target_dag.py
[2023-10-10T18:04:11.682+0000] {processor.py:826} INFO - Processing file /home/airflow/.local/lib/python3.7/site-packages/airflow/example_dags/example_trigger_target_dag.py for tasks to queue
[2023-10-10T18:04:11.689+0000] {logging_mixin.py:150} INFO - [2023-10-10T18:04:11.687+0000] {dagbag.py:541} INFO - Filling up the DagBag from /home/airflow/.local/lib/python3.7/site-packages/airflow/example_dags/example_trigger_target_dag.py
[2023-10-10T18:04:11.719+0000] {processor.py:836} INFO - DAG(s) dict_keys(['example_trigger_target_dag']) retrieved from /home/airflow/.local/lib/python3.7/site-packages/airflow/example_dags/example_trigger_target_dag.py
[2023-10-10T18:04:11.894+0000] {logging_mixin.py:150} INFO - [2023-10-10T18:04:11.894+0000] {dag.py:2742} INFO - Sync 1 DAGs
[2023-10-10T18:04:11.994+0000] {logging_mixin.py:150} INFO - [2023-10-10T18:04:11.993+0000] {dag.py:3508} INFO - Setting next_dagrun for example_trigger_target_dag to None, run_after=None
[2023-10-10T18:04:12.078+0000] {processor.py:179} INFO - Processing /home/airflow/.local/lib/python3.7/site-packages/airflow/example_dags/example_trigger_target_dag.py took 0.415 seconds
[2023-10-10T18:04:42.392+0000] {processor.py:157} INFO - Started process (PID=4476) to work on /home/airflow/.local/lib/python3.7/site-packages/airflow/example_dags/example_trigger_target_dag.py
[2023-10-10T18:04:42.399+0000] {processor.py:826} INFO - Processing file /home/airflow/.local/lib/python3.7/site-packages/airflow/example_dags/example_trigger_target_dag.py for tasks to queue
[2023-10-10T18:04:42.407+0000] {logging_mixin.py:150} INFO - [2023-10-10T18:04:42.406+0000] {dagbag.py:541} INFO - Filling up the DagBag from /home/airflow/.local/lib/python3.7/site-packages/airflow/example_dags/example_trigger_target_dag.py
[2023-10-10T18:04:42.444+0000] {processor.py:836} INFO - DAG(s) dict_keys(['example_trigger_target_dag']) retrieved from /home/airflow/.local/lib/python3.7/site-packages/airflow/example_dags/example_trigger_target_dag.py
[2023-10-10T18:04:42.553+0000] {logging_mixin.py:150} INFO - [2023-10-10T18:04:42.553+0000] {dag.py:2742} INFO - Sync 1 DAGs
[2023-10-10T18:04:42.756+0000] {logging_mixin.py:150} INFO - [2023-10-10T18:04:42.756+0000] {dag.py:3508} INFO - Setting next_dagrun for example_trigger_target_dag to None, run_after=None
[2023-10-10T18:04:42.956+0000] {processor.py:179} INFO - Processing /home/airflow/.local/lib/python3.7/site-packages/airflow/example_dags/example_trigger_target_dag.py took 0.581 seconds
[2023-10-10T18:05:13.349+0000] {processor.py:157} INFO - Started process (PID=4557) to work on /home/airflow/.local/lib/python3.7/site-packages/airflow/example_dags/example_trigger_target_dag.py
[2023-10-10T18:05:13.364+0000] {processor.py:826} INFO - Processing file /home/airflow/.local/lib/python3.7/site-packages/airflow/example_dags/example_trigger_target_dag.py for tasks to queue
[2023-10-10T18:05:13.377+0000] {logging_mixin.py:150} INFO - [2023-10-10T18:05:13.375+0000] {dagbag.py:541} INFO - Filling up the DagBag from /home/airflow/.local/lib/python3.7/site-packages/airflow/example_dags/example_trigger_target_dag.py
[2023-10-10T18:05:13.437+0000] {processor.py:836} INFO - DAG(s) dict_keys(['example_trigger_target_dag']) retrieved from /home/airflow/.local/lib/python3.7/site-packages/airflow/example_dags/example_trigger_target_dag.py
[2023-10-10T18:05:13.641+0000] {logging_mixin.py:150} INFO - [2023-10-10T18:05:13.640+0000] {dag.py:2742} INFO - Sync 1 DAGs
[2023-10-10T18:05:13.871+0000] {logging_mixin.py:150} INFO - [2023-10-10T18:05:13.871+0000] {dag.py:3508} INFO - Setting next_dagrun for example_trigger_target_dag to None, run_after=None
[2023-10-10T18:05:13.973+0000] {processor.py:179} INFO - Processing /home/airflow/.local/lib/python3.7/site-packages/airflow/example_dags/example_trigger_target_dag.py took 0.654 seconds
[2023-10-10T18:05:49.978+0000] {processor.py:157} INFO - Started process (PID=4637) to work on /home/airflow/.local/lib/python3.7/site-packages/airflow/example_dags/example_trigger_target_dag.py
[2023-10-10T18:05:49.992+0000] {processor.py:826} INFO - Processing file /home/airflow/.local/lib/python3.7/site-packages/airflow/example_dags/example_trigger_target_dag.py for tasks to queue
[2023-10-10T18:05:50.000+0000] {logging_mixin.py:150} INFO - [2023-10-10T18:05:49.998+0000] {dagbag.py:541} INFO - Filling up the DagBag from /home/airflow/.local/lib/python3.7/site-packages/airflow/example_dags/example_trigger_target_dag.py
[2023-10-10T18:05:50.060+0000] {processor.py:836} INFO - DAG(s) dict_keys(['example_trigger_target_dag']) retrieved from /home/airflow/.local/lib/python3.7/site-packages/airflow/example_dags/example_trigger_target_dag.py
[2023-10-10T18:05:50.266+0000] {logging_mixin.py:150} INFO - [2023-10-10T18:05:50.265+0000] {dag.py:2742} INFO - Sync 1 DAGs
[2023-10-10T18:05:50.443+0000] {logging_mixin.py:150} INFO - [2023-10-10T18:05:50.442+0000] {dag.py:3508} INFO - Setting next_dagrun for example_trigger_target_dag to None, run_after=None
[2023-10-10T18:05:50.578+0000] {processor.py:179} INFO - Processing /home/airflow/.local/lib/python3.7/site-packages/airflow/example_dags/example_trigger_target_dag.py took 0.629 seconds
[2023-10-10T18:06:21.053+0000] {processor.py:157} INFO - Started process (PID=4711) to work on /home/airflow/.local/lib/python3.7/site-packages/airflow/example_dags/example_trigger_target_dag.py
[2023-10-10T18:06:21.057+0000] {processor.py:826} INFO - Processing file /home/airflow/.local/lib/python3.7/site-packages/airflow/example_dags/example_trigger_target_dag.py for tasks to queue
[2023-10-10T18:06:21.060+0000] {logging_mixin.py:150} INFO - [2023-10-10T18:06:21.059+0000] {dagbag.py:541} INFO - Filling up the DagBag from /home/airflow/.local/lib/python3.7/site-packages/airflow/example_dags/example_trigger_target_dag.py
[2023-10-10T18:06:21.079+0000] {processor.py:836} INFO - DAG(s) dict_keys(['example_trigger_target_dag']) retrieved from /home/airflow/.local/lib/python3.7/site-packages/airflow/example_dags/example_trigger_target_dag.py
[2023-10-10T18:06:21.141+0000] {logging_mixin.py:150} INFO - [2023-10-10T18:06:21.140+0000] {dag.py:2742} INFO - Sync 1 DAGs
[2023-10-10T18:06:21.209+0000] {logging_mixin.py:150} INFO - [2023-10-10T18:06:21.209+0000] {dag.py:3508} INFO - Setting next_dagrun for example_trigger_target_dag to None, run_after=None
[2023-10-10T18:06:21.260+0000] {processor.py:179} INFO - Processing /home/airflow/.local/lib/python3.7/site-packages/airflow/example_dags/example_trigger_target_dag.py took 0.216 seconds
