[2023-10-10T17:36:35.789+0000] {processor.py:157} INFO - Started process (PID=76) to work on /home/airflow/.local/lib/python3.7/site-packages/airflow/example_dags/example_sensors.py
[2023-10-10T17:36:35.794+0000] {processor.py:826} INFO - Processing file /home/airflow/.local/lib/python3.7/site-packages/airflow/example_dags/example_sensors.py for tasks to queue
[2023-10-10T17:36:35.798+0000] {logging_mixin.py:150} INFO - [2023-10-10T17:36:35.798+0000] {dagbag.py:541} INFO - Filling up the DagBag from /home/airflow/.local/lib/python3.7/site-packages/airflow/example_dags/example_sensors.py
[2023-10-10T17:36:35.827+0000] {processor.py:836} INFO - DAG(s) dict_keys(['example_sensors']) retrieved from /home/airflow/.local/lib/python3.7/site-packages/airflow/example_dags/example_sensors.py
[2023-10-10T17:36:35.884+0000] {logging_mixin.py:150} INFO - [2023-10-10T17:36:35.884+0000] {dag.py:2742} INFO - Sync 1 DAGs
[2023-10-10T17:36:35.972+0000] {logging_mixin.py:150} INFO - [2023-10-10T17:36:35.972+0000] {dag.py:3508} INFO - Setting next_dagrun for example_sensors to None, run_after=None
[2023-10-10T17:36:36.024+0000] {processor.py:179} INFO - Processing /home/airflow/.local/lib/python3.7/site-packages/airflow/example_dags/example_sensors.py took 0.246 seconds
[2023-10-10T17:37:06.111+0000] {processor.py:157} INFO - Started process (PID=163) to work on /home/airflow/.local/lib/python3.7/site-packages/airflow/example_dags/example_sensors.py
[2023-10-10T17:37:06.113+0000] {processor.py:826} INFO - Processing file /home/airflow/.local/lib/python3.7/site-packages/airflow/example_dags/example_sensors.py for tasks to queue
[2023-10-10T17:37:06.114+0000] {logging_mixin.py:150} INFO - [2023-10-10T17:37:06.114+0000] {dagbag.py:541} INFO - Filling up the DagBag from /home/airflow/.local/lib/python3.7/site-packages/airflow/example_dags/example_sensors.py
[2023-10-10T17:37:06.127+0000] {processor.py:836} INFO - DAG(s) dict_keys(['example_sensors']) retrieved from /home/airflow/.local/lib/python3.7/site-packages/airflow/example_dags/example_sensors.py
[2023-10-10T17:37:06.167+0000] {logging_mixin.py:150} INFO - [2023-10-10T17:37:06.167+0000] {dag.py:2742} INFO - Sync 1 DAGs
[2023-10-10T17:37:06.198+0000] {logging_mixin.py:150} INFO - [2023-10-10T17:37:06.198+0000] {dag.py:3508} INFO - Setting next_dagrun for example_sensors to None, run_after=None
[2023-10-10T17:37:06.220+0000] {processor.py:179} INFO - Processing /home/airflow/.local/lib/python3.7/site-packages/airflow/example_dags/example_sensors.py took 0.114 seconds
[2023-10-10T17:37:36.447+0000] {processor.py:157} INFO - Started process (PID=243) to work on /home/airflow/.local/lib/python3.7/site-packages/airflow/example_dags/example_sensors.py
[2023-10-10T17:37:36.449+0000] {processor.py:826} INFO - Processing file /home/airflow/.local/lib/python3.7/site-packages/airflow/example_dags/example_sensors.py for tasks to queue
[2023-10-10T17:37:36.452+0000] {logging_mixin.py:150} INFO - [2023-10-10T17:37:36.451+0000] {dagbag.py:541} INFO - Filling up the DagBag from /home/airflow/.local/lib/python3.7/site-packages/airflow/example_dags/example_sensors.py
[2023-10-10T17:37:36.468+0000] {processor.py:836} INFO - DAG(s) dict_keys(['example_sensors']) retrieved from /home/airflow/.local/lib/python3.7/site-packages/airflow/example_dags/example_sensors.py
[2023-10-10T17:37:36.511+0000] {logging_mixin.py:150} INFO - [2023-10-10T17:37:36.511+0000] {dag.py:2742} INFO - Sync 1 DAGs
[2023-10-10T17:37:36.551+0000] {logging_mixin.py:150} INFO - [2023-10-10T17:37:36.551+0000] {dag.py:3508} INFO - Setting next_dagrun for example_sensors to None, run_after=None
[2023-10-10T17:37:36.581+0000] {processor.py:179} INFO - Processing /home/airflow/.local/lib/python3.7/site-packages/airflow/example_dags/example_sensors.py took 0.140 seconds
[2023-10-10T17:38:07.015+0000] {processor.py:157} INFO - Started process (PID=332) to work on /home/airflow/.local/lib/python3.7/site-packages/airflow/example_dags/example_sensors.py
[2023-10-10T17:38:07.017+0000] {processor.py:826} INFO - Processing file /home/airflow/.local/lib/python3.7/site-packages/airflow/example_dags/example_sensors.py for tasks to queue
[2023-10-10T17:38:07.018+0000] {logging_mixin.py:150} INFO - [2023-10-10T17:38:07.018+0000] {dagbag.py:541} INFO - Filling up the DagBag from /home/airflow/.local/lib/python3.7/site-packages/airflow/example_dags/example_sensors.py
[2023-10-10T17:38:07.032+0000] {processor.py:836} INFO - DAG(s) dict_keys(['example_sensors']) retrieved from /home/airflow/.local/lib/python3.7/site-packages/airflow/example_dags/example_sensors.py
[2023-10-10T17:38:07.068+0000] {logging_mixin.py:150} INFO - [2023-10-10T17:38:07.068+0000] {dag.py:2742} INFO - Sync 1 DAGs
[2023-10-10T17:38:07.101+0000] {logging_mixin.py:150} INFO - [2023-10-10T17:38:07.101+0000] {dag.py:3508} INFO - Setting next_dagrun for example_sensors to None, run_after=None
[2023-10-10T17:38:07.131+0000] {processor.py:179} INFO - Processing /home/airflow/.local/lib/python3.7/site-packages/airflow/example_dags/example_sensors.py took 0.120 seconds
[2023-10-10T17:38:37.799+0000] {processor.py:157} INFO - Started process (PID=426) to work on /home/airflow/.local/lib/python3.7/site-packages/airflow/example_dags/example_sensors.py
[2023-10-10T17:38:37.800+0000] {processor.py:826} INFO - Processing file /home/airflow/.local/lib/python3.7/site-packages/airflow/example_dags/example_sensors.py for tasks to queue
[2023-10-10T17:38:37.802+0000] {logging_mixin.py:150} INFO - [2023-10-10T17:38:37.802+0000] {dagbag.py:541} INFO - Filling up the DagBag from /home/airflow/.local/lib/python3.7/site-packages/airflow/example_dags/example_sensors.py
[2023-10-10T17:38:37.815+0000] {processor.py:836} INFO - DAG(s) dict_keys(['example_sensors']) retrieved from /home/airflow/.local/lib/python3.7/site-packages/airflow/example_dags/example_sensors.py
[2023-10-10T17:38:37.850+0000] {logging_mixin.py:150} INFO - [2023-10-10T17:38:37.850+0000] {dag.py:2742} INFO - Sync 1 DAGs
[2023-10-10T17:38:37.880+0000] {logging_mixin.py:150} INFO - [2023-10-10T17:38:37.880+0000] {dag.py:3508} INFO - Setting next_dagrun for example_sensors to None, run_after=None
[2023-10-10T17:38:37.902+0000] {processor.py:179} INFO - Processing /home/airflow/.local/lib/python3.7/site-packages/airflow/example_dags/example_sensors.py took 0.108 seconds
[2023-10-10T17:39:08.171+0000] {processor.py:157} INFO - Started process (PID=515) to work on /home/airflow/.local/lib/python3.7/site-packages/airflow/example_dags/example_sensors.py
[2023-10-10T17:39:08.173+0000] {processor.py:826} INFO - Processing file /home/airflow/.local/lib/python3.7/site-packages/airflow/example_dags/example_sensors.py for tasks to queue
[2023-10-10T17:39:08.174+0000] {logging_mixin.py:150} INFO - [2023-10-10T17:39:08.174+0000] {dagbag.py:541} INFO - Filling up the DagBag from /home/airflow/.local/lib/python3.7/site-packages/airflow/example_dags/example_sensors.py
[2023-10-10T17:39:08.188+0000] {processor.py:836} INFO - DAG(s) dict_keys(['example_sensors']) retrieved from /home/airflow/.local/lib/python3.7/site-packages/airflow/example_dags/example_sensors.py
[2023-10-10T17:39:08.222+0000] {logging_mixin.py:150} INFO - [2023-10-10T17:39:08.222+0000] {dag.py:2742} INFO - Sync 1 DAGs
[2023-10-10T17:39:08.260+0000] {logging_mixin.py:150} INFO - [2023-10-10T17:39:08.260+0000] {dag.py:3508} INFO - Setting next_dagrun for example_sensors to None, run_after=None
[2023-10-10T17:39:08.287+0000] {processor.py:179} INFO - Processing /home/airflow/.local/lib/python3.7/site-packages/airflow/example_dags/example_sensors.py took 0.121 seconds
[2023-10-10T17:39:38.442+0000] {processor.py:157} INFO - Started process (PID=594) to work on /home/airflow/.local/lib/python3.7/site-packages/airflow/example_dags/example_sensors.py
[2023-10-10T17:39:38.452+0000] {processor.py:826} INFO - Processing file /home/airflow/.local/lib/python3.7/site-packages/airflow/example_dags/example_sensors.py for tasks to queue
[2023-10-10T17:39:38.455+0000] {logging_mixin.py:150} INFO - [2023-10-10T17:39:38.455+0000] {dagbag.py:541} INFO - Filling up the DagBag from /home/airflow/.local/lib/python3.7/site-packages/airflow/example_dags/example_sensors.py
[2023-10-10T17:39:38.491+0000] {processor.py:836} INFO - DAG(s) dict_keys(['example_sensors']) retrieved from /home/airflow/.local/lib/python3.7/site-packages/airflow/example_dags/example_sensors.py
[2023-10-10T17:39:38.534+0000] {logging_mixin.py:150} INFO - [2023-10-10T17:39:38.534+0000] {dag.py:2742} INFO - Sync 1 DAGs
[2023-10-10T17:39:38.567+0000] {logging_mixin.py:150} INFO - [2023-10-10T17:39:38.567+0000] {dag.py:3508} INFO - Setting next_dagrun for example_sensors to None, run_after=None
[2023-10-10T17:39:38.588+0000] {processor.py:179} INFO - Processing /home/airflow/.local/lib/python3.7/site-packages/airflow/example_dags/example_sensors.py took 0.153 seconds
[2023-10-10T17:40:08.963+0000] {processor.py:157} INFO - Started process (PID=677) to work on /home/airflow/.local/lib/python3.7/site-packages/airflow/example_dags/example_sensors.py
[2023-10-10T17:40:08.965+0000] {processor.py:826} INFO - Processing file /home/airflow/.local/lib/python3.7/site-packages/airflow/example_dags/example_sensors.py for tasks to queue
[2023-10-10T17:40:08.967+0000] {logging_mixin.py:150} INFO - [2023-10-10T17:40:08.967+0000] {dagbag.py:541} INFO - Filling up the DagBag from /home/airflow/.local/lib/python3.7/site-packages/airflow/example_dags/example_sensors.py
[2023-10-10T17:40:08.982+0000] {processor.py:836} INFO - DAG(s) dict_keys(['example_sensors']) retrieved from /home/airflow/.local/lib/python3.7/site-packages/airflow/example_dags/example_sensors.py
[2023-10-10T17:40:09.019+0000] {logging_mixin.py:150} INFO - [2023-10-10T17:40:09.019+0000] {dag.py:2742} INFO - Sync 1 DAGs
[2023-10-10T17:40:09.050+0000] {logging_mixin.py:150} INFO - [2023-10-10T17:40:09.050+0000] {dag.py:3508} INFO - Setting next_dagrun for example_sensors to None, run_after=None
[2023-10-10T17:40:09.074+0000] {processor.py:179} INFO - Processing /home/airflow/.local/lib/python3.7/site-packages/airflow/example_dags/example_sensors.py took 0.115 seconds
[2023-10-10T17:40:39.304+0000] {processor.py:157} INFO - Started process (PID=757) to work on /home/airflow/.local/lib/python3.7/site-packages/airflow/example_dags/example_sensors.py
[2023-10-10T17:40:39.312+0000] {processor.py:826} INFO - Processing file /home/airflow/.local/lib/python3.7/site-packages/airflow/example_dags/example_sensors.py for tasks to queue
[2023-10-10T17:40:39.314+0000] {logging_mixin.py:150} INFO - [2023-10-10T17:40:39.314+0000] {dagbag.py:541} INFO - Filling up the DagBag from /home/airflow/.local/lib/python3.7/site-packages/airflow/example_dags/example_sensors.py
[2023-10-10T17:40:39.329+0000] {processor.py:836} INFO - DAG(s) dict_keys(['example_sensors']) retrieved from /home/airflow/.local/lib/python3.7/site-packages/airflow/example_dags/example_sensors.py
[2023-10-10T17:40:39.373+0000] {logging_mixin.py:150} INFO - [2023-10-10T17:40:39.373+0000] {dag.py:2742} INFO - Sync 1 DAGs
[2023-10-10T17:40:39.409+0000] {logging_mixin.py:150} INFO - [2023-10-10T17:40:39.409+0000] {dag.py:3508} INFO - Setting next_dagrun for example_sensors to None, run_after=None
[2023-10-10T17:40:39.441+0000] {processor.py:179} INFO - Processing /home/airflow/.local/lib/python3.7/site-packages/airflow/example_dags/example_sensors.py took 0.142 seconds
[2023-10-10T17:41:09.572+0000] {processor.py:157} INFO - Started process (PID=846) to work on /home/airflow/.local/lib/python3.7/site-packages/airflow/example_dags/example_sensors.py
[2023-10-10T17:41:09.575+0000] {processor.py:826} INFO - Processing file /home/airflow/.local/lib/python3.7/site-packages/airflow/example_dags/example_sensors.py for tasks to queue
[2023-10-10T17:41:09.577+0000] {logging_mixin.py:150} INFO - [2023-10-10T17:41:09.576+0000] {dagbag.py:541} INFO - Filling up the DagBag from /home/airflow/.local/lib/python3.7/site-packages/airflow/example_dags/example_sensors.py
[2023-10-10T17:41:09.594+0000] {processor.py:836} INFO - DAG(s) dict_keys(['example_sensors']) retrieved from /home/airflow/.local/lib/python3.7/site-packages/airflow/example_dags/example_sensors.py
[2023-10-10T17:41:09.636+0000] {logging_mixin.py:150} INFO - [2023-10-10T17:41:09.636+0000] {dag.py:2742} INFO - Sync 1 DAGs
[2023-10-10T17:41:09.682+0000] {logging_mixin.py:150} INFO - [2023-10-10T17:41:09.682+0000] {dag.py:3508} INFO - Setting next_dagrun for example_sensors to None, run_after=None
[2023-10-10T17:41:09.708+0000] {processor.py:179} INFO - Processing /home/airflow/.local/lib/python3.7/site-packages/airflow/example_dags/example_sensors.py took 0.141 seconds
[2023-10-10T17:41:40.377+0000] {processor.py:157} INFO - Started process (PID=927) to work on /home/airflow/.local/lib/python3.7/site-packages/airflow/example_dags/example_sensors.py
[2023-10-10T17:41:40.380+0000] {processor.py:826} INFO - Processing file /home/airflow/.local/lib/python3.7/site-packages/airflow/example_dags/example_sensors.py for tasks to queue
[2023-10-10T17:41:40.382+0000] {logging_mixin.py:150} INFO - [2023-10-10T17:41:40.382+0000] {dagbag.py:541} INFO - Filling up the DagBag from /home/airflow/.local/lib/python3.7/site-packages/airflow/example_dags/example_sensors.py
[2023-10-10T17:41:40.399+0000] {processor.py:836} INFO - DAG(s) dict_keys(['example_sensors']) retrieved from /home/airflow/.local/lib/python3.7/site-packages/airflow/example_dags/example_sensors.py
[2023-10-10T17:41:40.444+0000] {logging_mixin.py:150} INFO - [2023-10-10T17:41:40.443+0000] {dag.py:2742} INFO - Sync 1 DAGs
[2023-10-10T17:41:40.480+0000] {logging_mixin.py:150} INFO - [2023-10-10T17:41:40.480+0000] {dag.py:3508} INFO - Setting next_dagrun for example_sensors to None, run_after=None
[2023-10-10T17:41:40.508+0000] {processor.py:179} INFO - Processing /home/airflow/.local/lib/python3.7/site-packages/airflow/example_dags/example_sensors.py took 0.137 seconds
[2023-10-10T17:42:10.726+0000] {processor.py:157} INFO - Started process (PID=1014) to work on /home/airflow/.local/lib/python3.7/site-packages/airflow/example_dags/example_sensors.py
[2023-10-10T17:42:10.744+0000] {processor.py:826} INFO - Processing file /home/airflow/.local/lib/python3.7/site-packages/airflow/example_dags/example_sensors.py for tasks to queue
[2023-10-10T17:42:10.747+0000] {logging_mixin.py:150} INFO - [2023-10-10T17:42:10.746+0000] {dagbag.py:541} INFO - Filling up the DagBag from /home/airflow/.local/lib/python3.7/site-packages/airflow/example_dags/example_sensors.py
[2023-10-10T17:42:10.766+0000] {processor.py:836} INFO - DAG(s) dict_keys(['example_sensors']) retrieved from /home/airflow/.local/lib/python3.7/site-packages/airflow/example_dags/example_sensors.py
[2023-10-10T17:42:10.813+0000] {logging_mixin.py:150} INFO - [2023-10-10T17:42:10.813+0000] {dag.py:2742} INFO - Sync 1 DAGs
[2023-10-10T17:42:10.849+0000] {logging_mixin.py:150} INFO - [2023-10-10T17:42:10.849+0000] {dag.py:3508} INFO - Setting next_dagrun for example_sensors to None, run_after=None
[2023-10-10T17:42:10.880+0000] {processor.py:179} INFO - Processing /home/airflow/.local/lib/python3.7/site-packages/airflow/example_dags/example_sensors.py took 0.160 seconds
[2023-10-10T17:42:40.970+0000] {processor.py:157} INFO - Started process (PID=1097) to work on /home/airflow/.local/lib/python3.7/site-packages/airflow/example_dags/example_sensors.py
[2023-10-10T17:42:40.971+0000] {processor.py:826} INFO - Processing file /home/airflow/.local/lib/python3.7/site-packages/airflow/example_dags/example_sensors.py for tasks to queue
[2023-10-10T17:42:40.973+0000] {logging_mixin.py:150} INFO - [2023-10-10T17:42:40.973+0000] {dagbag.py:541} INFO - Filling up the DagBag from /home/airflow/.local/lib/python3.7/site-packages/airflow/example_dags/example_sensors.py
[2023-10-10T17:42:40.987+0000] {processor.py:836} INFO - DAG(s) dict_keys(['example_sensors']) retrieved from /home/airflow/.local/lib/python3.7/site-packages/airflow/example_dags/example_sensors.py
[2023-10-10T17:42:41.026+0000] {logging_mixin.py:150} INFO - [2023-10-10T17:42:41.025+0000] {dag.py:2742} INFO - Sync 1 DAGs
[2023-10-10T17:42:41.061+0000] {logging_mixin.py:150} INFO - [2023-10-10T17:42:41.061+0000] {dag.py:3508} INFO - Setting next_dagrun for example_sensors to None, run_after=None
[2023-10-10T17:42:41.085+0000] {processor.py:179} INFO - Processing /home/airflow/.local/lib/python3.7/site-packages/airflow/example_dags/example_sensors.py took 0.121 seconds
[2023-10-10T17:43:11.294+0000] {processor.py:157} INFO - Started process (PID=1177) to work on /home/airflow/.local/lib/python3.7/site-packages/airflow/example_dags/example_sensors.py
[2023-10-10T17:43:11.296+0000] {processor.py:826} INFO - Processing file /home/airflow/.local/lib/python3.7/site-packages/airflow/example_dags/example_sensors.py for tasks to queue
[2023-10-10T17:43:11.298+0000] {logging_mixin.py:150} INFO - [2023-10-10T17:43:11.298+0000] {dagbag.py:541} INFO - Filling up the DagBag from /home/airflow/.local/lib/python3.7/site-packages/airflow/example_dags/example_sensors.py
[2023-10-10T17:43:11.314+0000] {processor.py:836} INFO - DAG(s) dict_keys(['example_sensors']) retrieved from /home/airflow/.local/lib/python3.7/site-packages/airflow/example_dags/example_sensors.py
[2023-10-10T17:43:11.357+0000] {logging_mixin.py:150} INFO - [2023-10-10T17:43:11.357+0000] {dag.py:2742} INFO - Sync 1 DAGs
[2023-10-10T17:43:11.394+0000] {logging_mixin.py:150} INFO - [2023-10-10T17:43:11.394+0000] {dag.py:3508} INFO - Setting next_dagrun for example_sensors to None, run_after=None
[2023-10-10T17:43:11.423+0000] {processor.py:179} INFO - Processing /home/airflow/.local/lib/python3.7/site-packages/airflow/example_dags/example_sensors.py took 0.134 seconds
[2023-10-10T17:43:41.585+0000] {processor.py:157} INFO - Started process (PID=1266) to work on /home/airflow/.local/lib/python3.7/site-packages/airflow/example_dags/example_sensors.py
[2023-10-10T17:43:41.587+0000] {processor.py:826} INFO - Processing file /home/airflow/.local/lib/python3.7/site-packages/airflow/example_dags/example_sensors.py for tasks to queue
[2023-10-10T17:43:41.589+0000] {logging_mixin.py:150} INFO - [2023-10-10T17:43:41.588+0000] {dagbag.py:541} INFO - Filling up the DagBag from /home/airflow/.local/lib/python3.7/site-packages/airflow/example_dags/example_sensors.py
[2023-10-10T17:43:41.605+0000] {processor.py:836} INFO - DAG(s) dict_keys(['example_sensors']) retrieved from /home/airflow/.local/lib/python3.7/site-packages/airflow/example_dags/example_sensors.py
[2023-10-10T17:43:41.646+0000] {logging_mixin.py:150} INFO - [2023-10-10T17:43:41.646+0000] {dag.py:2742} INFO - Sync 1 DAGs
[2023-10-10T17:43:41.682+0000] {logging_mixin.py:150} INFO - [2023-10-10T17:43:41.682+0000] {dag.py:3508} INFO - Setting next_dagrun for example_sensors to None, run_after=None
[2023-10-10T17:43:41.710+0000] {processor.py:179} INFO - Processing /home/airflow/.local/lib/python3.7/site-packages/airflow/example_dags/example_sensors.py took 0.131 seconds
[2023-10-10T17:44:11.985+0000] {processor.py:157} INFO - Started process (PID=1346) to work on /home/airflow/.local/lib/python3.7/site-packages/airflow/example_dags/example_sensors.py
[2023-10-10T17:44:11.987+0000] {processor.py:826} INFO - Processing file /home/airflow/.local/lib/python3.7/site-packages/airflow/example_dags/example_sensors.py for tasks to queue
[2023-10-10T17:44:11.989+0000] {logging_mixin.py:150} INFO - [2023-10-10T17:44:11.989+0000] {dagbag.py:541} INFO - Filling up the DagBag from /home/airflow/.local/lib/python3.7/site-packages/airflow/example_dags/example_sensors.py
[2023-10-10T17:44:12.002+0000] {processor.py:836} INFO - DAG(s) dict_keys(['example_sensors']) retrieved from /home/airflow/.local/lib/python3.7/site-packages/airflow/example_dags/example_sensors.py
[2023-10-10T17:44:12.038+0000] {logging_mixin.py:150} INFO - [2023-10-10T17:44:12.038+0000] {dag.py:2742} INFO - Sync 1 DAGs
[2023-10-10T17:44:12.069+0000] {logging_mixin.py:150} INFO - [2023-10-10T17:44:12.069+0000] {dag.py:3508} INFO - Setting next_dagrun for example_sensors to None, run_after=None
[2023-10-10T17:44:12.094+0000] {processor.py:179} INFO - Processing /home/airflow/.local/lib/python3.7/site-packages/airflow/example_dags/example_sensors.py took 0.113 seconds
[2023-10-10T17:44:42.229+0000] {processor.py:157} INFO - Started process (PID=1435) to work on /home/airflow/.local/lib/python3.7/site-packages/airflow/example_dags/example_sensors.py
[2023-10-10T17:44:42.232+0000] {processor.py:826} INFO - Processing file /home/airflow/.local/lib/python3.7/site-packages/airflow/example_dags/example_sensors.py for tasks to queue
[2023-10-10T17:44:42.234+0000] {logging_mixin.py:150} INFO - [2023-10-10T17:44:42.234+0000] {dagbag.py:541} INFO - Filling up the DagBag from /home/airflow/.local/lib/python3.7/site-packages/airflow/example_dags/example_sensors.py
[2023-10-10T17:44:42.254+0000] {processor.py:836} INFO - DAG(s) dict_keys(['example_sensors']) retrieved from /home/airflow/.local/lib/python3.7/site-packages/airflow/example_dags/example_sensors.py
[2023-10-10T17:44:42.298+0000] {logging_mixin.py:150} INFO - [2023-10-10T17:44:42.298+0000] {dag.py:2742} INFO - Sync 1 DAGs
[2023-10-10T17:44:42.336+0000] {logging_mixin.py:150} INFO - [2023-10-10T17:44:42.336+0000] {dag.py:3508} INFO - Setting next_dagrun for example_sensors to None, run_after=None
[2023-10-10T17:44:42.388+0000] {processor.py:179} INFO - Processing /home/airflow/.local/lib/python3.7/site-packages/airflow/example_dags/example_sensors.py took 0.165 seconds
[2023-10-10T17:45:12.488+0000] {processor.py:157} INFO - Started process (PID=1515) to work on /home/airflow/.local/lib/python3.7/site-packages/airflow/example_dags/example_sensors.py
[2023-10-10T17:45:12.490+0000] {processor.py:826} INFO - Processing file /home/airflow/.local/lib/python3.7/site-packages/airflow/example_dags/example_sensors.py for tasks to queue
[2023-10-10T17:45:12.491+0000] {logging_mixin.py:150} INFO - [2023-10-10T17:45:12.491+0000] {dagbag.py:541} INFO - Filling up the DagBag from /home/airflow/.local/lib/python3.7/site-packages/airflow/example_dags/example_sensors.py
[2023-10-10T17:45:12.504+0000] {processor.py:836} INFO - DAG(s) dict_keys(['example_sensors']) retrieved from /home/airflow/.local/lib/python3.7/site-packages/airflow/example_dags/example_sensors.py
[2023-10-10T17:45:12.539+0000] {logging_mixin.py:150} INFO - [2023-10-10T17:45:12.539+0000] {dag.py:2742} INFO - Sync 1 DAGs
[2023-10-10T17:45:12.568+0000] {logging_mixin.py:150} INFO - [2023-10-10T17:45:12.568+0000] {dag.py:3508} INFO - Setting next_dagrun for example_sensors to None, run_after=None
[2023-10-10T17:45:12.588+0000] {processor.py:179} INFO - Processing /home/airflow/.local/lib/python3.7/site-packages/airflow/example_dags/example_sensors.py took 0.105 seconds
[2023-10-10T17:45:42.950+0000] {processor.py:157} INFO - Started process (PID=1602) to work on /home/airflow/.local/lib/python3.7/site-packages/airflow/example_dags/example_sensors.py
[2023-10-10T17:45:42.953+0000] {processor.py:826} INFO - Processing file /home/airflow/.local/lib/python3.7/site-packages/airflow/example_dags/example_sensors.py for tasks to queue
[2023-10-10T17:45:42.955+0000] {logging_mixin.py:150} INFO - [2023-10-10T17:45:42.954+0000] {dagbag.py:541} INFO - Filling up the DagBag from /home/airflow/.local/lib/python3.7/site-packages/airflow/example_dags/example_sensors.py
[2023-10-10T17:45:42.972+0000] {processor.py:836} INFO - DAG(s) dict_keys(['example_sensors']) retrieved from /home/airflow/.local/lib/python3.7/site-packages/airflow/example_dags/example_sensors.py
[2023-10-10T17:45:43.012+0000] {logging_mixin.py:150} INFO - [2023-10-10T17:45:43.011+0000] {dag.py:2742} INFO - Sync 1 DAGs
[2023-10-10T17:45:43.044+0000] {logging_mixin.py:150} INFO - [2023-10-10T17:45:43.044+0000] {dag.py:3508} INFO - Setting next_dagrun for example_sensors to None, run_after=None
[2023-10-10T17:45:43.072+0000] {processor.py:179} INFO - Processing /home/airflow/.local/lib/python3.7/site-packages/airflow/example_dags/example_sensors.py took 0.127 seconds
[2023-10-10T17:46:13.215+0000] {processor.py:157} INFO - Started process (PID=1684) to work on /home/airflow/.local/lib/python3.7/site-packages/airflow/example_dags/example_sensors.py
[2023-10-10T17:46:13.217+0000] {processor.py:826} INFO - Processing file /home/airflow/.local/lib/python3.7/site-packages/airflow/example_dags/example_sensors.py for tasks to queue
[2023-10-10T17:46:13.219+0000] {logging_mixin.py:150} INFO - [2023-10-10T17:46:13.219+0000] {dagbag.py:541} INFO - Filling up the DagBag from /home/airflow/.local/lib/python3.7/site-packages/airflow/example_dags/example_sensors.py
[2023-10-10T17:46:13.233+0000] {processor.py:836} INFO - DAG(s) dict_keys(['example_sensors']) retrieved from /home/airflow/.local/lib/python3.7/site-packages/airflow/example_dags/example_sensors.py
[2023-10-10T17:46:13.268+0000] {logging_mixin.py:150} INFO - [2023-10-10T17:46:13.268+0000] {dag.py:2742} INFO - Sync 1 DAGs
[2023-10-10T17:46:13.300+0000] {logging_mixin.py:150} INFO - [2023-10-10T17:46:13.299+0000] {dag.py:3508} INFO - Setting next_dagrun for example_sensors to None, run_after=None
[2023-10-10T17:46:13.324+0000] {processor.py:179} INFO - Processing /home/airflow/.local/lib/python3.7/site-packages/airflow/example_dags/example_sensors.py took 0.114 seconds
[2023-10-10T17:46:43.688+0000] {processor.py:157} INFO - Started process (PID=1764) to work on /home/airflow/.local/lib/python3.7/site-packages/airflow/example_dags/example_sensors.py
[2023-10-10T17:46:43.690+0000] {processor.py:826} INFO - Processing file /home/airflow/.local/lib/python3.7/site-packages/airflow/example_dags/example_sensors.py for tasks to queue
[2023-10-10T17:46:43.692+0000] {logging_mixin.py:150} INFO - [2023-10-10T17:46:43.692+0000] {dagbag.py:541} INFO - Filling up the DagBag from /home/airflow/.local/lib/python3.7/site-packages/airflow/example_dags/example_sensors.py
[2023-10-10T17:46:43.712+0000] {processor.py:836} INFO - DAG(s) dict_keys(['example_sensors']) retrieved from /home/airflow/.local/lib/python3.7/site-packages/airflow/example_dags/example_sensors.py
[2023-10-10T17:46:43.754+0000] {logging_mixin.py:150} INFO - [2023-10-10T17:46:43.753+0000] {dag.py:2742} INFO - Sync 1 DAGs
[2023-10-10T17:46:43.793+0000] {logging_mixin.py:150} INFO - [2023-10-10T17:46:43.793+0000] {dag.py:3508} INFO - Setting next_dagrun for example_sensors to None, run_after=None
[2023-10-10T17:46:43.826+0000] {processor.py:179} INFO - Processing /home/airflow/.local/lib/python3.7/site-packages/airflow/example_dags/example_sensors.py took 0.145 seconds
[2023-10-10T17:47:14.000+0000] {processor.py:157} INFO - Started process (PID=1853) to work on /home/airflow/.local/lib/python3.7/site-packages/airflow/example_dags/example_sensors.py
[2023-10-10T17:47:14.012+0000] {processor.py:826} INFO - Processing file /home/airflow/.local/lib/python3.7/site-packages/airflow/example_dags/example_sensors.py for tasks to queue
[2023-10-10T17:47:14.014+0000] {logging_mixin.py:150} INFO - [2023-10-10T17:47:14.014+0000] {dagbag.py:541} INFO - Filling up the DagBag from /home/airflow/.local/lib/python3.7/site-packages/airflow/example_dags/example_sensors.py
[2023-10-10T17:47:14.030+0000] {processor.py:836} INFO - DAG(s) dict_keys(['example_sensors']) retrieved from /home/airflow/.local/lib/python3.7/site-packages/airflow/example_dags/example_sensors.py
[2023-10-10T17:47:14.067+0000] {logging_mixin.py:150} INFO - [2023-10-10T17:47:14.067+0000] {dag.py:2742} INFO - Sync 1 DAGs
[2023-10-10T17:47:14.099+0000] {logging_mixin.py:150} INFO - [2023-10-10T17:47:14.099+0000] {dag.py:3508} INFO - Setting next_dagrun for example_sensors to None, run_after=None
[2023-10-10T17:47:14.125+0000] {processor.py:179} INFO - Processing /home/airflow/.local/lib/python3.7/site-packages/airflow/example_dags/example_sensors.py took 0.131 seconds
[2023-10-10T17:47:44.494+0000] {processor.py:157} INFO - Started process (PID=1933) to work on /home/airflow/.local/lib/python3.7/site-packages/airflow/example_dags/example_sensors.py
[2023-10-10T17:47:44.496+0000] {processor.py:826} INFO - Processing file /home/airflow/.local/lib/python3.7/site-packages/airflow/example_dags/example_sensors.py for tasks to queue
[2023-10-10T17:47:44.499+0000] {logging_mixin.py:150} INFO - [2023-10-10T17:47:44.498+0000] {dagbag.py:541} INFO - Filling up the DagBag from /home/airflow/.local/lib/python3.7/site-packages/airflow/example_dags/example_sensors.py
[2023-10-10T17:47:44.515+0000] {processor.py:836} INFO - DAG(s) dict_keys(['example_sensors']) retrieved from /home/airflow/.local/lib/python3.7/site-packages/airflow/example_dags/example_sensors.py
[2023-10-10T17:47:44.559+0000] {logging_mixin.py:150} INFO - [2023-10-10T17:47:44.558+0000] {dag.py:2742} INFO - Sync 1 DAGs
[2023-10-10T17:47:44.593+0000] {logging_mixin.py:150} INFO - [2023-10-10T17:47:44.593+0000] {dag.py:3508} INFO - Setting next_dagrun for example_sensors to None, run_after=None
[2023-10-10T17:47:44.626+0000] {processor.py:179} INFO - Processing /home/airflow/.local/lib/python3.7/site-packages/airflow/example_dags/example_sensors.py took 0.138 seconds
[2023-10-10T17:48:15.637+0000] {processor.py:157} INFO - Started process (PID=2022) to work on /home/airflow/.local/lib/python3.7/site-packages/airflow/example_dags/example_sensors.py
[2023-10-10T17:48:15.640+0000] {processor.py:826} INFO - Processing file /home/airflow/.local/lib/python3.7/site-packages/airflow/example_dags/example_sensors.py for tasks to queue
[2023-10-10T17:48:15.642+0000] {logging_mixin.py:150} INFO - [2023-10-10T17:48:15.641+0000] {dagbag.py:541} INFO - Filling up the DagBag from /home/airflow/.local/lib/python3.7/site-packages/airflow/example_dags/example_sensors.py
[2023-10-10T17:48:15.659+0000] {processor.py:836} INFO - DAG(s) dict_keys(['example_sensors']) retrieved from /home/airflow/.local/lib/python3.7/site-packages/airflow/example_dags/example_sensors.py
[2023-10-10T17:48:15.706+0000] {logging_mixin.py:150} INFO - [2023-10-10T17:48:15.706+0000] {dag.py:2742} INFO - Sync 1 DAGs
[2023-10-10T17:48:15.749+0000] {logging_mixin.py:150} INFO - [2023-10-10T17:48:15.748+0000] {dag.py:3508} INFO - Setting next_dagrun for example_sensors to None, run_after=None
[2023-10-10T17:48:15.777+0000] {processor.py:179} INFO - Processing /home/airflow/.local/lib/python3.7/site-packages/airflow/example_dags/example_sensors.py took 0.146 seconds
[2023-10-10T17:48:46.780+0000] {processor.py:157} INFO - Started process (PID=2105) to work on /home/airflow/.local/lib/python3.7/site-packages/airflow/example_dags/example_sensors.py
[2023-10-10T17:48:46.782+0000] {processor.py:826} INFO - Processing file /home/airflow/.local/lib/python3.7/site-packages/airflow/example_dags/example_sensors.py for tasks to queue
[2023-10-10T17:48:46.785+0000] {logging_mixin.py:150} INFO - [2023-10-10T17:48:46.784+0000] {dagbag.py:541} INFO - Filling up the DagBag from /home/airflow/.local/lib/python3.7/site-packages/airflow/example_dags/example_sensors.py
[2023-10-10T17:48:46.812+0000] {processor.py:836} INFO - DAG(s) dict_keys(['example_sensors']) retrieved from /home/airflow/.local/lib/python3.7/site-packages/airflow/example_dags/example_sensors.py
[2023-10-10T17:48:46.875+0000] {logging_mixin.py:150} INFO - [2023-10-10T17:48:46.875+0000] {dag.py:2742} INFO - Sync 1 DAGs
[2023-10-10T17:48:46.939+0000] {logging_mixin.py:150} INFO - [2023-10-10T17:48:46.938+0000] {dag.py:3508} INFO - Setting next_dagrun for example_sensors to None, run_after=None
[2023-10-10T17:48:46.980+0000] {processor.py:179} INFO - Processing /home/airflow/.local/lib/python3.7/site-packages/airflow/example_dags/example_sensors.py took 0.207 seconds
[2023-10-10T17:49:17.101+0000] {processor.py:157} INFO - Started process (PID=2198) to work on /home/airflow/.local/lib/python3.7/site-packages/airflow/example_dags/example_sensors.py
[2023-10-10T17:49:17.103+0000] {processor.py:826} INFO - Processing file /home/airflow/.local/lib/python3.7/site-packages/airflow/example_dags/example_sensors.py for tasks to queue
[2023-10-10T17:49:17.105+0000] {logging_mixin.py:150} INFO - [2023-10-10T17:49:17.104+0000] {dagbag.py:541} INFO - Filling up the DagBag from /home/airflow/.local/lib/python3.7/site-packages/airflow/example_dags/example_sensors.py
[2023-10-10T17:49:17.120+0000] {processor.py:836} INFO - DAG(s) dict_keys(['example_sensors']) retrieved from /home/airflow/.local/lib/python3.7/site-packages/airflow/example_dags/example_sensors.py
[2023-10-10T17:49:17.158+0000] {logging_mixin.py:150} INFO - [2023-10-10T17:49:17.157+0000] {dag.py:2742} INFO - Sync 1 DAGs
[2023-10-10T17:49:17.190+0000] {logging_mixin.py:150} INFO - [2023-10-10T17:49:17.190+0000] {dag.py:3508} INFO - Setting next_dagrun for example_sensors to None, run_after=None
[2023-10-10T17:49:17.217+0000] {processor.py:179} INFO - Processing /home/airflow/.local/lib/python3.7/site-packages/airflow/example_dags/example_sensors.py took 0.122 seconds
[2023-10-10T17:49:47.782+0000] {processor.py:157} INFO - Started process (PID=2278) to work on /home/airflow/.local/lib/python3.7/site-packages/airflow/example_dags/example_sensors.py
[2023-10-10T17:49:47.784+0000] {processor.py:826} INFO - Processing file /home/airflow/.local/lib/python3.7/site-packages/airflow/example_dags/example_sensors.py for tasks to queue
[2023-10-10T17:49:47.786+0000] {logging_mixin.py:150} INFO - [2023-10-10T17:49:47.785+0000] {dagbag.py:541} INFO - Filling up the DagBag from /home/airflow/.local/lib/python3.7/site-packages/airflow/example_dags/example_sensors.py
[2023-10-10T17:49:47.801+0000] {processor.py:836} INFO - DAG(s) dict_keys(['example_sensors']) retrieved from /home/airflow/.local/lib/python3.7/site-packages/airflow/example_dags/example_sensors.py
[2023-10-10T17:49:47.844+0000] {logging_mixin.py:150} INFO - [2023-10-10T17:49:47.844+0000] {dag.py:2742} INFO - Sync 1 DAGs
[2023-10-10T17:49:47.881+0000] {logging_mixin.py:150} INFO - [2023-10-10T17:49:47.881+0000] {dag.py:3508} INFO - Setting next_dagrun for example_sensors to None, run_after=None
[2023-10-10T17:49:47.909+0000] {processor.py:179} INFO - Processing /home/airflow/.local/lib/python3.7/site-packages/airflow/example_dags/example_sensors.py took 0.133 seconds
[2023-10-10T17:50:18.298+0000] {processor.py:157} INFO - Started process (PID=2368) to work on /home/airflow/.local/lib/python3.7/site-packages/airflow/example_dags/example_sensors.py
[2023-10-10T17:50:18.299+0000] {processor.py:826} INFO - Processing file /home/airflow/.local/lib/python3.7/site-packages/airflow/example_dags/example_sensors.py for tasks to queue
[2023-10-10T17:50:18.301+0000] {logging_mixin.py:150} INFO - [2023-10-10T17:50:18.301+0000] {dagbag.py:541} INFO - Filling up the DagBag from /home/airflow/.local/lib/python3.7/site-packages/airflow/example_dags/example_sensors.py
[2023-10-10T17:50:18.315+0000] {processor.py:836} INFO - DAG(s) dict_keys(['example_sensors']) retrieved from /home/airflow/.local/lib/python3.7/site-packages/airflow/example_dags/example_sensors.py
[2023-10-10T17:50:18.351+0000] {logging_mixin.py:150} INFO - [2023-10-10T17:50:18.351+0000] {dag.py:2742} INFO - Sync 1 DAGs
[2023-10-10T17:50:18.388+0000] {logging_mixin.py:150} INFO - [2023-10-10T17:50:18.387+0000] {dag.py:3508} INFO - Setting next_dagrun for example_sensors to None, run_after=None
[2023-10-10T17:50:18.419+0000] {processor.py:179} INFO - Processing /home/airflow/.local/lib/python3.7/site-packages/airflow/example_dags/example_sensors.py took 0.126 seconds
[2023-10-10T17:50:49.279+0000] {processor.py:157} INFO - Started process (PID=2449) to work on /home/airflow/.local/lib/python3.7/site-packages/airflow/example_dags/example_sensors.py
[2023-10-10T17:50:49.281+0000] {processor.py:826} INFO - Processing file /home/airflow/.local/lib/python3.7/site-packages/airflow/example_dags/example_sensors.py for tasks to queue
[2023-10-10T17:50:49.283+0000] {logging_mixin.py:150} INFO - [2023-10-10T17:50:49.282+0000] {dagbag.py:541} INFO - Filling up the DagBag from /home/airflow/.local/lib/python3.7/site-packages/airflow/example_dags/example_sensors.py
[2023-10-10T17:50:49.298+0000] {processor.py:836} INFO - DAG(s) dict_keys(['example_sensors']) retrieved from /home/airflow/.local/lib/python3.7/site-packages/airflow/example_dags/example_sensors.py
[2023-10-10T17:50:49.313+0000] {logging_mixin.py:150} INFO - [2023-10-10T17:50:49.313+0000] {dag.py:2742} INFO - Sync 1 DAGs
[2023-10-10T17:50:49.345+0000] {logging_mixin.py:150} INFO - [2023-10-10T17:50:49.345+0000] {dag.py:3508} INFO - Setting next_dagrun for example_sensors to None, run_after=None
[2023-10-10T17:50:49.367+0000] {processor.py:179} INFO - Processing /home/airflow/.local/lib/python3.7/site-packages/airflow/example_dags/example_sensors.py took 0.115 seconds
[2023-10-10T17:51:19.554+0000] {processor.py:157} INFO - Started process (PID=2538) to work on /home/airflow/.local/lib/python3.7/site-packages/airflow/example_dags/example_sensors.py
[2023-10-10T17:51:19.555+0000] {processor.py:826} INFO - Processing file /home/airflow/.local/lib/python3.7/site-packages/airflow/example_dags/example_sensors.py for tasks to queue
[2023-10-10T17:51:19.557+0000] {logging_mixin.py:150} INFO - [2023-10-10T17:51:19.557+0000] {dagbag.py:541} INFO - Filling up the DagBag from /home/airflow/.local/lib/python3.7/site-packages/airflow/example_dags/example_sensors.py
[2023-10-10T17:51:19.571+0000] {processor.py:836} INFO - DAG(s) dict_keys(['example_sensors']) retrieved from /home/airflow/.local/lib/python3.7/site-packages/airflow/example_dags/example_sensors.py
[2023-10-10T17:51:19.607+0000] {logging_mixin.py:150} INFO - [2023-10-10T17:51:19.606+0000] {dag.py:2742} INFO - Sync 1 DAGs
[2023-10-10T17:51:19.637+0000] {logging_mixin.py:150} INFO - [2023-10-10T17:51:19.637+0000] {dag.py:3508} INFO - Setting next_dagrun for example_sensors to None, run_after=None
[2023-10-10T17:51:19.660+0000] {processor.py:179} INFO - Processing /home/airflow/.local/lib/python3.7/site-packages/airflow/example_dags/example_sensors.py took 0.111 seconds
[2023-10-10T17:51:50.421+0000] {processor.py:157} INFO - Started process (PID=2623) to work on /home/airflow/.local/lib/python3.7/site-packages/airflow/example_dags/example_sensors.py
[2023-10-10T17:51:50.423+0000] {processor.py:826} INFO - Processing file /home/airflow/.local/lib/python3.7/site-packages/airflow/example_dags/example_sensors.py for tasks to queue
[2023-10-10T17:51:50.425+0000] {logging_mixin.py:150} INFO - [2023-10-10T17:51:50.424+0000] {dagbag.py:541} INFO - Filling up the DagBag from /home/airflow/.local/lib/python3.7/site-packages/airflow/example_dags/example_sensors.py
[2023-10-10T17:51:50.440+0000] {processor.py:836} INFO - DAG(s) dict_keys(['example_sensors']) retrieved from /home/airflow/.local/lib/python3.7/site-packages/airflow/example_dags/example_sensors.py
[2023-10-10T17:51:50.478+0000] {logging_mixin.py:150} INFO - [2023-10-10T17:51:50.478+0000] {dag.py:2742} INFO - Sync 1 DAGs
[2023-10-10T17:51:50.513+0000] {logging_mixin.py:150} INFO - [2023-10-10T17:51:50.512+0000] {dag.py:3508} INFO - Setting next_dagrun for example_sensors to None, run_after=None
[2023-10-10T17:51:50.556+0000] {processor.py:179} INFO - Processing /home/airflow/.local/lib/python3.7/site-packages/airflow/example_dags/example_sensors.py took 0.140 seconds
[2023-10-10T17:52:20.734+0000] {processor.py:157} INFO - Started process (PID=2704) to work on /home/airflow/.local/lib/python3.7/site-packages/airflow/example_dags/example_sensors.py
[2023-10-10T17:52:20.737+0000] {processor.py:826} INFO - Processing file /home/airflow/.local/lib/python3.7/site-packages/airflow/example_dags/example_sensors.py for tasks to queue
[2023-10-10T17:52:20.742+0000] {logging_mixin.py:150} INFO - [2023-10-10T17:52:20.741+0000] {dagbag.py:541} INFO - Filling up the DagBag from /home/airflow/.local/lib/python3.7/site-packages/airflow/example_dags/example_sensors.py
[2023-10-10T17:52:20.771+0000] {processor.py:836} INFO - DAG(s) dict_keys(['example_sensors']) retrieved from /home/airflow/.local/lib/python3.7/site-packages/airflow/example_dags/example_sensors.py
[2023-10-10T17:52:20.861+0000] {logging_mixin.py:150} INFO - [2023-10-10T17:52:20.860+0000] {dag.py:2742} INFO - Sync 1 DAGs
[2023-10-10T17:52:20.910+0000] {logging_mixin.py:150} INFO - [2023-10-10T17:52:20.910+0000] {dag.py:3508} INFO - Setting next_dagrun for example_sensors to None, run_after=None
[2023-10-10T17:52:20.942+0000] {processor.py:179} INFO - Processing /home/airflow/.local/lib/python3.7/site-packages/airflow/example_dags/example_sensors.py took 0.221 seconds
[2023-10-10T17:52:51.135+0000] {processor.py:157} INFO - Started process (PID=2794) to work on /home/airflow/.local/lib/python3.7/site-packages/airflow/example_dags/example_sensors.py
[2023-10-10T17:52:51.137+0000] {processor.py:826} INFO - Processing file /home/airflow/.local/lib/python3.7/site-packages/airflow/example_dags/example_sensors.py for tasks to queue
[2023-10-10T17:52:51.139+0000] {logging_mixin.py:150} INFO - [2023-10-10T17:52:51.139+0000] {dagbag.py:541} INFO - Filling up the DagBag from /home/airflow/.local/lib/python3.7/site-packages/airflow/example_dags/example_sensors.py
[2023-10-10T17:52:51.154+0000] {processor.py:836} INFO - DAG(s) dict_keys(['example_sensors']) retrieved from /home/airflow/.local/lib/python3.7/site-packages/airflow/example_dags/example_sensors.py
[2023-10-10T17:52:51.191+0000] {logging_mixin.py:150} INFO - [2023-10-10T17:52:51.190+0000] {dag.py:2742} INFO - Sync 1 DAGs
[2023-10-10T17:52:51.225+0000] {logging_mixin.py:150} INFO - [2023-10-10T17:52:51.225+0000] {dag.py:3508} INFO - Setting next_dagrun for example_sensors to None, run_after=None
[2023-10-10T17:52:51.252+0000] {processor.py:179} INFO - Processing /home/airflow/.local/lib/python3.7/site-packages/airflow/example_dags/example_sensors.py took 0.122 seconds
[2023-10-10T17:53:21.688+0000] {processor.py:157} INFO - Started process (PID=2877) to work on /home/airflow/.local/lib/python3.7/site-packages/airflow/example_dags/example_sensors.py
[2023-10-10T17:53:21.690+0000] {processor.py:826} INFO - Processing file /home/airflow/.local/lib/python3.7/site-packages/airflow/example_dags/example_sensors.py for tasks to queue
[2023-10-10T17:53:21.692+0000] {logging_mixin.py:150} INFO - [2023-10-10T17:53:21.692+0000] {dagbag.py:541} INFO - Filling up the DagBag from /home/airflow/.local/lib/python3.7/site-packages/airflow/example_dags/example_sensors.py
[2023-10-10T17:53:21.710+0000] {processor.py:836} INFO - DAG(s) dict_keys(['example_sensors']) retrieved from /home/airflow/.local/lib/python3.7/site-packages/airflow/example_dags/example_sensors.py
[2023-10-10T17:53:21.767+0000] {logging_mixin.py:150} INFO - [2023-10-10T17:53:21.767+0000] {dag.py:2742} INFO - Sync 1 DAGs
[2023-10-10T17:53:21.810+0000] {logging_mixin.py:150} INFO - [2023-10-10T17:53:21.809+0000] {dag.py:3508} INFO - Setting next_dagrun for example_sensors to None, run_after=None
[2023-10-10T17:53:21.838+0000] {processor.py:179} INFO - Processing /home/airflow/.local/lib/python3.7/site-packages/airflow/example_dags/example_sensors.py took 0.156 seconds
[2023-10-10T17:53:52.738+0000] {processor.py:157} INFO - Started process (PID=2967) to work on /home/airflow/.local/lib/python3.7/site-packages/airflow/example_dags/example_sensors.py
[2023-10-10T17:53:52.745+0000] {processor.py:826} INFO - Processing file /home/airflow/.local/lib/python3.7/site-packages/airflow/example_dags/example_sensors.py for tasks to queue
[2023-10-10T17:53:52.752+0000] {logging_mixin.py:150} INFO - [2023-10-10T17:53:52.751+0000] {dagbag.py:541} INFO - Filling up the DagBag from /home/airflow/.local/lib/python3.7/site-packages/airflow/example_dags/example_sensors.py
[2023-10-10T17:53:52.785+0000] {processor.py:836} INFO - DAG(s) dict_keys(['example_sensors']) retrieved from /home/airflow/.local/lib/python3.7/site-packages/airflow/example_dags/example_sensors.py
[2023-10-10T17:53:52.841+0000] {logging_mixin.py:150} INFO - [2023-10-10T17:53:52.841+0000] {dag.py:2742} INFO - Sync 1 DAGs
[2023-10-10T17:53:52.896+0000] {logging_mixin.py:150} INFO - [2023-10-10T17:53:52.896+0000] {dag.py:3508} INFO - Setting next_dagrun for example_sensors to None, run_after=None
[2023-10-10T17:53:52.948+0000] {processor.py:179} INFO - Processing /home/airflow/.local/lib/python3.7/site-packages/airflow/example_dags/example_sensors.py took 0.220 seconds
[2023-10-10T17:54:23.656+0000] {processor.py:157} INFO - Started process (PID=3048) to work on /home/airflow/.local/lib/python3.7/site-packages/airflow/example_dags/example_sensors.py
[2023-10-10T17:54:23.658+0000] {processor.py:826} INFO - Processing file /home/airflow/.local/lib/python3.7/site-packages/airflow/example_dags/example_sensors.py for tasks to queue
[2023-10-10T17:54:23.660+0000] {logging_mixin.py:150} INFO - [2023-10-10T17:54:23.660+0000] {dagbag.py:541} INFO - Filling up the DagBag from /home/airflow/.local/lib/python3.7/site-packages/airflow/example_dags/example_sensors.py
[2023-10-10T17:54:23.678+0000] {processor.py:836} INFO - DAG(s) dict_keys(['example_sensors']) retrieved from /home/airflow/.local/lib/python3.7/site-packages/airflow/example_dags/example_sensors.py
[2023-10-10T17:54:23.723+0000] {logging_mixin.py:150} INFO - [2023-10-10T17:54:23.722+0000] {dag.py:2742} INFO - Sync 1 DAGs
[2023-10-10T17:54:23.789+0000] {logging_mixin.py:150} INFO - [2023-10-10T17:54:23.789+0000] {dag.py:3508} INFO - Setting next_dagrun for example_sensors to None, run_after=None
[2023-10-10T17:54:23.836+0000] {processor.py:179} INFO - Processing /home/airflow/.local/lib/python3.7/site-packages/airflow/example_dags/example_sensors.py took 0.186 seconds
[2023-10-10T17:54:54.946+0000] {processor.py:157} INFO - Started process (PID=3159) to work on /home/airflow/.local/lib/python3.7/site-packages/airflow/example_dags/example_sensors.py
[2023-10-10T17:54:54.950+0000] {processor.py:826} INFO - Processing file /home/airflow/.local/lib/python3.7/site-packages/airflow/example_dags/example_sensors.py for tasks to queue
[2023-10-10T17:54:54.953+0000] {logging_mixin.py:150} INFO - [2023-10-10T17:54:54.953+0000] {dagbag.py:541} INFO - Filling up the DagBag from /home/airflow/.local/lib/python3.7/site-packages/airflow/example_dags/example_sensors.py
[2023-10-10T17:54:54.981+0000] {processor.py:836} INFO - DAG(s) dict_keys(['example_sensors']) retrieved from /home/airflow/.local/lib/python3.7/site-packages/airflow/example_dags/example_sensors.py
[2023-10-10T17:54:55.040+0000] {logging_mixin.py:150} INFO - [2023-10-10T17:54:55.040+0000] {dag.py:2742} INFO - Sync 1 DAGs
[2023-10-10T17:54:55.097+0000] {logging_mixin.py:150} INFO - [2023-10-10T17:54:55.096+0000] {dag.py:3508} INFO - Setting next_dagrun for example_sensors to None, run_after=None
[2023-10-10T17:54:55.126+0000] {processor.py:179} INFO - Processing /home/airflow/.local/lib/python3.7/site-packages/airflow/example_dags/example_sensors.py took 0.190 seconds
[2023-10-10T17:56:04.455+0000] {processor.py:157} INFO - Started process (PID=3232) to work on /home/airflow/.local/lib/python3.7/site-packages/airflow/example_dags/example_sensors.py
[2023-10-10T17:56:04.458+0000] {processor.py:826} INFO - Processing file /home/airflow/.local/lib/python3.7/site-packages/airflow/example_dags/example_sensors.py for tasks to queue
[2023-10-10T17:56:04.461+0000] {logging_mixin.py:150} INFO - [2023-10-10T17:56:04.460+0000] {dagbag.py:541} INFO - Filling up the DagBag from /home/airflow/.local/lib/python3.7/site-packages/airflow/example_dags/example_sensors.py
[2023-10-10T17:56:04.479+0000] {processor.py:836} INFO - DAG(s) dict_keys(['example_sensors']) retrieved from /home/airflow/.local/lib/python3.7/site-packages/airflow/example_dags/example_sensors.py
[2023-10-10T17:56:04.527+0000] {logging_mixin.py:150} INFO - [2023-10-10T17:56:04.527+0000] {dag.py:2742} INFO - Sync 1 DAGs
[2023-10-10T17:56:04.573+0000] {logging_mixin.py:150} INFO - [2023-10-10T17:56:04.573+0000] {dag.py:3508} INFO - Setting next_dagrun for example_sensors to None, run_after=None
[2023-10-10T17:56:04.611+0000] {processor.py:179} INFO - Processing /home/airflow/.local/lib/python3.7/site-packages/airflow/example_dags/example_sensors.py took 0.161 seconds
[2023-10-10T17:56:35.991+0000] {processor.py:157} INFO - Started process (PID=3313) to work on /home/airflow/.local/lib/python3.7/site-packages/airflow/example_dags/example_sensors.py
[2023-10-10T17:56:35.994+0000] {processor.py:826} INFO - Processing file /home/airflow/.local/lib/python3.7/site-packages/airflow/example_dags/example_sensors.py for tasks to queue
[2023-10-10T17:56:35.998+0000] {logging_mixin.py:150} INFO - [2023-10-10T17:56:35.997+0000] {dagbag.py:541} INFO - Filling up the DagBag from /home/airflow/.local/lib/python3.7/site-packages/airflow/example_dags/example_sensors.py
[2023-10-10T17:56:36.027+0000] {processor.py:836} INFO - DAG(s) dict_keys(['example_sensors']) retrieved from /home/airflow/.local/lib/python3.7/site-packages/airflow/example_dags/example_sensors.py
[2023-10-10T17:56:36.116+0000] {logging_mixin.py:150} INFO - [2023-10-10T17:56:36.115+0000] {dag.py:2742} INFO - Sync 1 DAGs
[2023-10-10T17:56:36.185+0000] {logging_mixin.py:150} INFO - [2023-10-10T17:56:36.185+0000] {dag.py:3508} INFO - Setting next_dagrun for example_sensors to None, run_after=None
[2023-10-10T17:56:36.238+0000] {processor.py:179} INFO - Processing /home/airflow/.local/lib/python3.7/site-packages/airflow/example_dags/example_sensors.py took 0.259 seconds
[2023-10-10T17:57:14.873+0000] {processor.py:157} INFO - Started process (PID=3394) to work on /home/airflow/.local/lib/python3.7/site-packages/airflow/example_dags/example_sensors.py
[2023-10-10T17:57:14.881+0000] {processor.py:826} INFO - Processing file /home/airflow/.local/lib/python3.7/site-packages/airflow/example_dags/example_sensors.py for tasks to queue
[2023-10-10T17:57:14.900+0000] {logging_mixin.py:150} INFO - [2023-10-10T17:57:14.898+0000] {dagbag.py:541} INFO - Filling up the DagBag from /home/airflow/.local/lib/python3.7/site-packages/airflow/example_dags/example_sensors.py
[2023-10-10T17:57:15.036+0000] {processor.py:836} INFO - DAG(s) dict_keys(['example_sensors']) retrieved from /home/airflow/.local/lib/python3.7/site-packages/airflow/example_dags/example_sensors.py
[2023-10-10T17:57:15.353+0000] {logging_mixin.py:150} INFO - [2023-10-10T17:57:15.352+0000] {dag.py:2742} INFO - Sync 1 DAGs
[2023-10-10T17:57:15.698+0000] {logging_mixin.py:150} INFO - [2023-10-10T17:57:15.686+0000] {dag.py:3508} INFO - Setting next_dagrun for example_sensors to None, run_after=None
[2023-10-10T17:57:16.019+0000] {processor.py:179} INFO - Processing /home/airflow/.local/lib/python3.7/site-packages/airflow/example_dags/example_sensors.py took 1.186 seconds
[2023-10-10T17:58:23.808+0000] {processor.py:157} INFO - Started process (PID=3506) to work on /home/airflow/.local/lib/python3.7/site-packages/airflow/example_dags/example_sensors.py
[2023-10-10T17:58:23.815+0000] {processor.py:826} INFO - Processing file /home/airflow/.local/lib/python3.7/site-packages/airflow/example_dags/example_sensors.py for tasks to queue
[2023-10-10T17:58:23.834+0000] {logging_mixin.py:150} INFO - [2023-10-10T17:58:23.832+0000] {dagbag.py:541} INFO - Filling up the DagBag from /home/airflow/.local/lib/python3.7/site-packages/airflow/example_dags/example_sensors.py
[2023-10-10T17:58:24.082+0000] {processor.py:836} INFO - DAG(s) dict_keys(['example_sensors']) retrieved from /home/airflow/.local/lib/python3.7/site-packages/airflow/example_dags/example_sensors.py
[2023-10-10T17:58:24.696+0000] {logging_mixin.py:150} INFO - [2023-10-10T17:58:24.694+0000] {dag.py:2742} INFO - Sync 1 DAGs
[2023-10-10T17:58:26.197+0000] {logging_mixin.py:150} INFO - [2023-10-10T17:58:26.175+0000] {dag.py:3508} INFO - Setting next_dagrun for example_sensors to None, run_after=None
[2023-10-10T17:58:26.522+0000] {processor.py:179} INFO - Processing /home/airflow/.local/lib/python3.7/site-packages/airflow/example_dags/example_sensors.py took 2.791 seconds
[2023-10-10T17:58:57.713+0000] {processor.py:157} INFO - Started process (PID=3587) to work on /home/airflow/.local/lib/python3.7/site-packages/airflow/example_dags/example_sensors.py
[2023-10-10T17:58:57.730+0000] {processor.py:826} INFO - Processing file /home/airflow/.local/lib/python3.7/site-packages/airflow/example_dags/example_sensors.py for tasks to queue
[2023-10-10T17:58:57.738+0000] {logging_mixin.py:150} INFO - [2023-10-10T17:58:57.736+0000] {dagbag.py:541} INFO - Filling up the DagBag from /home/airflow/.local/lib/python3.7/site-packages/airflow/example_dags/example_sensors.py
[2023-10-10T17:58:57.848+0000] {processor.py:836} INFO - DAG(s) dict_keys(['example_sensors']) retrieved from /home/airflow/.local/lib/python3.7/site-packages/airflow/example_dags/example_sensors.py
[2023-10-10T17:58:58.202+0000] {logging_mixin.py:150} INFO - [2023-10-10T17:58:58.201+0000] {dag.py:2742} INFO - Sync 1 DAGs
[2023-10-10T17:58:58.588+0000] {logging_mixin.py:150} INFO - [2023-10-10T17:58:58.586+0000] {dag.py:3508} INFO - Setting next_dagrun for example_sensors to None, run_after=None
[2023-10-10T17:58:58.769+0000] {processor.py:179} INFO - Processing /home/airflow/.local/lib/python3.7/site-packages/airflow/example_dags/example_sensors.py took 1.080 seconds
[2023-10-10T17:59:42.262+0000] {processor.py:157} INFO - Started process (PID=3682) to work on /home/airflow/.local/lib/python3.7/site-packages/airflow/example_dags/example_sensors.py
[2023-10-10T17:59:42.272+0000] {processor.py:826} INFO - Processing file /home/airflow/.local/lib/python3.7/site-packages/airflow/example_dags/example_sensors.py for tasks to queue
[2023-10-10T17:59:42.284+0000] {logging_mixin.py:150} INFO - [2023-10-10T17:59:42.282+0000] {dagbag.py:541} INFO - Filling up the DagBag from /home/airflow/.local/lib/python3.7/site-packages/airflow/example_dags/example_sensors.py
[2023-10-10T17:59:42.463+0000] {processor.py:836} INFO - DAG(s) dict_keys(['example_sensors']) retrieved from /home/airflow/.local/lib/python3.7/site-packages/airflow/example_dags/example_sensors.py
[2023-10-10T17:59:42.833+0000] {logging_mixin.py:150} INFO - [2023-10-10T17:59:42.832+0000] {dag.py:2742} INFO - Sync 1 DAGs
[2023-10-10T17:59:43.040+0000] {logging_mixin.py:150} INFO - [2023-10-10T17:59:43.039+0000] {dag.py:3508} INFO - Setting next_dagrun for example_sensors to None, run_after=None
[2023-10-10T17:59:43.163+0000] {processor.py:179} INFO - Processing /home/airflow/.local/lib/python3.7/site-packages/airflow/example_dags/example_sensors.py took 0.953 seconds
[2023-10-10T18:00:13.830+0000] {processor.py:157} INFO - Started process (PID=3749) to work on /home/airflow/.local/lib/python3.7/site-packages/airflow/example_dags/example_sensors.py
[2023-10-10T18:00:13.834+0000] {processor.py:826} INFO - Processing file /home/airflow/.local/lib/python3.7/site-packages/airflow/example_dags/example_sensors.py for tasks to queue
[2023-10-10T18:00:13.841+0000] {logging_mixin.py:150} INFO - [2023-10-10T18:00:13.839+0000] {dagbag.py:541} INFO - Filling up the DagBag from /home/airflow/.local/lib/python3.7/site-packages/airflow/example_dags/example_sensors.py
[2023-10-10T18:00:13.881+0000] {processor.py:836} INFO - DAG(s) dict_keys(['example_sensors']) retrieved from /home/airflow/.local/lib/python3.7/site-packages/airflow/example_dags/example_sensors.py
[2023-10-10T18:00:14.013+0000] {logging_mixin.py:150} INFO - [2023-10-10T18:00:14.012+0000] {dag.py:2742} INFO - Sync 1 DAGs
[2023-10-10T18:00:14.099+0000] {logging_mixin.py:150} INFO - [2023-10-10T18:00:14.098+0000] {dag.py:3508} INFO - Setting next_dagrun for example_sensors to None, run_after=None
[2023-10-10T18:00:14.152+0000] {processor.py:179} INFO - Processing /home/airflow/.local/lib/python3.7/site-packages/airflow/example_dags/example_sensors.py took 0.332 seconds
[2023-10-10T18:00:44.217+0000] {processor.py:157} INFO - Started process (PID=3837) to work on /home/airflow/.local/lib/python3.7/site-packages/airflow/example_dags/example_sensors.py
[2023-10-10T18:00:44.220+0000] {processor.py:826} INFO - Processing file /home/airflow/.local/lib/python3.7/site-packages/airflow/example_dags/example_sensors.py for tasks to queue
[2023-10-10T18:00:44.223+0000] {logging_mixin.py:150} INFO - [2023-10-10T18:00:44.222+0000] {dagbag.py:541} INFO - Filling up the DagBag from /home/airflow/.local/lib/python3.7/site-packages/airflow/example_dags/example_sensors.py
[2023-10-10T18:00:44.243+0000] {processor.py:836} INFO - DAG(s) dict_keys(['example_sensors']) retrieved from /home/airflow/.local/lib/python3.7/site-packages/airflow/example_dags/example_sensors.py
[2023-10-10T18:00:44.293+0000] {logging_mixin.py:150} INFO - [2023-10-10T18:00:44.293+0000] {dag.py:2742} INFO - Sync 1 DAGs
[2023-10-10T18:00:44.338+0000] {logging_mixin.py:150} INFO - [2023-10-10T18:00:44.338+0000] {dag.py:3508} INFO - Setting next_dagrun for example_sensors to None, run_after=None
[2023-10-10T18:00:44.373+0000] {processor.py:179} INFO - Processing /home/airflow/.local/lib/python3.7/site-packages/airflow/example_dags/example_sensors.py took 0.161 seconds
[2023-10-10T18:01:14.753+0000] {processor.py:157} INFO - Started process (PID=3920) to work on /home/airflow/.local/lib/python3.7/site-packages/airflow/example_dags/example_sensors.py
[2023-10-10T18:01:14.757+0000] {processor.py:826} INFO - Processing file /home/airflow/.local/lib/python3.7/site-packages/airflow/example_dags/example_sensors.py for tasks to queue
[2023-10-10T18:01:14.760+0000] {logging_mixin.py:150} INFO - [2023-10-10T18:01:14.759+0000] {dagbag.py:541} INFO - Filling up the DagBag from /home/airflow/.local/lib/python3.7/site-packages/airflow/example_dags/example_sensors.py
[2023-10-10T18:01:14.782+0000] {processor.py:836} INFO - DAG(s) dict_keys(['example_sensors']) retrieved from /home/airflow/.local/lib/python3.7/site-packages/airflow/example_dags/example_sensors.py
[2023-10-10T18:01:14.841+0000] {logging_mixin.py:150} INFO - [2023-10-10T18:01:14.841+0000] {dag.py:2742} INFO - Sync 1 DAGs
[2023-10-10T18:01:14.896+0000] {logging_mixin.py:150} INFO - [2023-10-10T18:01:14.895+0000] {dag.py:3508} INFO - Setting next_dagrun for example_sensors to None, run_after=None
[2023-10-10T18:01:14.932+0000] {processor.py:179} INFO - Processing /home/airflow/.local/lib/python3.7/site-packages/airflow/example_dags/example_sensors.py took 0.187 seconds
[2023-10-10T18:01:45.097+0000] {processor.py:157} INFO - Started process (PID=4001) to work on /home/airflow/.local/lib/python3.7/site-packages/airflow/example_dags/example_sensors.py
[2023-10-10T18:01:45.102+0000] {processor.py:826} INFO - Processing file /home/airflow/.local/lib/python3.7/site-packages/airflow/example_dags/example_sensors.py for tasks to queue
[2023-10-10T18:01:45.105+0000] {logging_mixin.py:150} INFO - [2023-10-10T18:01:45.105+0000] {dagbag.py:541} INFO - Filling up the DagBag from /home/airflow/.local/lib/python3.7/site-packages/airflow/example_dags/example_sensors.py
[2023-10-10T18:01:45.141+0000] {processor.py:836} INFO - DAG(s) dict_keys(['example_sensors']) retrieved from /home/airflow/.local/lib/python3.7/site-packages/airflow/example_dags/example_sensors.py
[2023-10-10T18:01:45.222+0000] {logging_mixin.py:150} INFO - [2023-10-10T18:01:45.222+0000] {dag.py:2742} INFO - Sync 1 DAGs
[2023-10-10T18:01:45.280+0000] {logging_mixin.py:150} INFO - [2023-10-10T18:01:45.280+0000] {dag.py:3508} INFO - Setting next_dagrun for example_sensors to None, run_after=None
[2023-10-10T18:01:45.335+0000] {processor.py:179} INFO - Processing /home/airflow/.local/lib/python3.7/site-packages/airflow/example_dags/example_sensors.py took 0.250 seconds
[2023-10-10T18:02:15.427+0000] {processor.py:157} INFO - Started process (PID=4082) to work on /home/airflow/.local/lib/python3.7/site-packages/airflow/example_dags/example_sensors.py
[2023-10-10T18:02:15.430+0000] {processor.py:826} INFO - Processing file /home/airflow/.local/lib/python3.7/site-packages/airflow/example_dags/example_sensors.py for tasks to queue
[2023-10-10T18:02:15.433+0000] {logging_mixin.py:150} INFO - [2023-10-10T18:02:15.432+0000] {dagbag.py:541} INFO - Filling up the DagBag from /home/airflow/.local/lib/python3.7/site-packages/airflow/example_dags/example_sensors.py
[2023-10-10T18:02:15.456+0000] {processor.py:836} INFO - DAG(s) dict_keys(['example_sensors']) retrieved from /home/airflow/.local/lib/python3.7/site-packages/airflow/example_dags/example_sensors.py
[2023-10-10T18:02:15.516+0000] {logging_mixin.py:150} INFO - [2023-10-10T18:02:15.515+0000] {dag.py:2742} INFO - Sync 1 DAGs
[2023-10-10T18:02:15.569+0000] {logging_mixin.py:150} INFO - [2023-10-10T18:02:15.569+0000] {dag.py:3508} INFO - Setting next_dagrun for example_sensors to None, run_after=None
[2023-10-10T18:02:15.608+0000] {processor.py:179} INFO - Processing /home/airflow/.local/lib/python3.7/site-packages/airflow/example_dags/example_sensors.py took 0.189 seconds
[2023-10-10T18:02:45.744+0000] {processor.py:157} INFO - Started process (PID=4163) to work on /home/airflow/.local/lib/python3.7/site-packages/airflow/example_dags/example_sensors.py
[2023-10-10T18:02:45.747+0000] {processor.py:826} INFO - Processing file /home/airflow/.local/lib/python3.7/site-packages/airflow/example_dags/example_sensors.py for tasks to queue
[2023-10-10T18:02:45.751+0000] {logging_mixin.py:150} INFO - [2023-10-10T18:02:45.750+0000] {dagbag.py:541} INFO - Filling up the DagBag from /home/airflow/.local/lib/python3.7/site-packages/airflow/example_dags/example_sensors.py
[2023-10-10T18:02:45.779+0000] {processor.py:836} INFO - DAG(s) dict_keys(['example_sensors']) retrieved from /home/airflow/.local/lib/python3.7/site-packages/airflow/example_dags/example_sensors.py
[2023-10-10T18:02:45.850+0000] {logging_mixin.py:150} INFO - [2023-10-10T18:02:45.850+0000] {dag.py:2742} INFO - Sync 1 DAGs
[2023-10-10T18:02:45.902+0000] {logging_mixin.py:150} INFO - [2023-10-10T18:02:45.902+0000] {dag.py:3508} INFO - Setting next_dagrun for example_sensors to None, run_after=None
[2023-10-10T18:02:45.941+0000] {processor.py:179} INFO - Processing /home/airflow/.local/lib/python3.7/site-packages/airflow/example_dags/example_sensors.py took 0.204 seconds
[2023-10-10T18:03:16.583+0000] {processor.py:157} INFO - Started process (PID=4253) to work on /home/airflow/.local/lib/python3.7/site-packages/airflow/example_dags/example_sensors.py
[2023-10-10T18:03:16.586+0000] {processor.py:826} INFO - Processing file /home/airflow/.local/lib/python3.7/site-packages/airflow/example_dags/example_sensors.py for tasks to queue
[2023-10-10T18:03:16.588+0000] {logging_mixin.py:150} INFO - [2023-10-10T18:03:16.587+0000] {dagbag.py:541} INFO - Filling up the DagBag from /home/airflow/.local/lib/python3.7/site-packages/airflow/example_dags/example_sensors.py
[2023-10-10T18:03:16.607+0000] {processor.py:836} INFO - DAG(s) dict_keys(['example_sensors']) retrieved from /home/airflow/.local/lib/python3.7/site-packages/airflow/example_dags/example_sensors.py
[2023-10-10T18:03:16.665+0000] {logging_mixin.py:150} INFO - [2023-10-10T18:03:16.665+0000] {dag.py:2742} INFO - Sync 1 DAGs
[2023-10-10T18:03:16.717+0000] {logging_mixin.py:150} INFO - [2023-10-10T18:03:16.716+0000] {dag.py:3508} INFO - Setting next_dagrun for example_sensors to None, run_after=None
[2023-10-10T18:03:16.755+0000] {processor.py:179} INFO - Processing /home/airflow/.local/lib/python3.7/site-packages/airflow/example_dags/example_sensors.py took 0.178 seconds
