[2023-10-10T17:36:39.934+0000] {processor.py:157} INFO - Started process (PID=98) to work on /home/airflow/.local/lib/python3.7/site-packages/airflow/example_dags/example_bash_operator.py
[2023-10-10T17:36:39.937+0000] {processor.py:826} INFO - Processing file /home/airflow/.local/lib/python3.7/site-packages/airflow/example_dags/example_bash_operator.py for tasks to queue
[2023-10-10T17:36:39.941+0000] {logging_mixin.py:150} INFO - [2023-10-10T17:36:39.940+0000] {dagbag.py:541} INFO - Filling up the DagBag from /home/airflow/.local/lib/python3.7/site-packages/airflow/example_dags/example_bash_operator.py
[2023-10-10T17:36:39.970+0000] {processor.py:836} INFO - DAG(s) dict_keys(['example_bash_operator']) retrieved from /home/airflow/.local/lib/python3.7/site-packages/airflow/example_dags/example_bash_operator.py
[2023-10-10T17:36:40.002+0000] {logging_mixin.py:150} INFO - [2023-10-10T17:36:40.002+0000] {dag.py:2742} INFO - Sync 1 DAGs
[2023-10-10T17:36:40.065+0000] {logging_mixin.py:150} INFO - [2023-10-10T17:36:40.065+0000] {dag.py:3508} INFO - Setting next_dagrun for example_bash_operator to 2023-10-09T00:00:00+00:00, run_after=2023-10-10T00:00:00+00:00
[2023-10-10T17:36:40.104+0000] {processor.py:179} INFO - Processing /home/airflow/.local/lib/python3.7/site-packages/airflow/example_dags/example_bash_operator.py took 0.181 seconds
[2023-10-10T17:37:10.573+0000] {processor.py:157} INFO - Started process (PID=185) to work on /home/airflow/.local/lib/python3.7/site-packages/airflow/example_dags/example_bash_operator.py
[2023-10-10T17:37:10.574+0000] {processor.py:826} INFO - Processing file /home/airflow/.local/lib/python3.7/site-packages/airflow/example_dags/example_bash_operator.py for tasks to queue
[2023-10-10T17:37:10.576+0000] {logging_mixin.py:150} INFO - [2023-10-10T17:37:10.576+0000] {dagbag.py:541} INFO - Filling up the DagBag from /home/airflow/.local/lib/python3.7/site-packages/airflow/example_dags/example_bash_operator.py
[2023-10-10T17:37:10.595+0000] {processor.py:836} INFO - DAG(s) dict_keys(['example_bash_operator']) retrieved from /home/airflow/.local/lib/python3.7/site-packages/airflow/example_dags/example_bash_operator.py
[2023-10-10T17:37:10.641+0000] {logging_mixin.py:150} INFO - [2023-10-10T17:37:10.641+0000] {dag.py:2742} INFO - Sync 1 DAGs
[2023-10-10T17:37:10.679+0000] {logging_mixin.py:150} INFO - [2023-10-10T17:37:10.678+0000] {dag.py:3508} INFO - Setting next_dagrun for example_bash_operator to 2023-10-09T00:00:00+00:00, run_after=2023-10-10T00:00:00+00:00
[2023-10-10T17:37:10.703+0000] {processor.py:179} INFO - Processing /home/airflow/.local/lib/python3.7/site-packages/airflow/example_dags/example_bash_operator.py took 0.136 seconds
[2023-10-10T17:37:42.648+0000] {processor.py:157} INFO - Started process (PID=274) to work on /home/airflow/.local/lib/python3.7/site-packages/airflow/example_dags/example_bash_operator.py
[2023-10-10T17:37:42.650+0000] {processor.py:826} INFO - Processing file /home/airflow/.local/lib/python3.7/site-packages/airflow/example_dags/example_bash_operator.py for tasks to queue
[2023-10-10T17:37:42.651+0000] {logging_mixin.py:150} INFO - [2023-10-10T17:37:42.651+0000] {dagbag.py:541} INFO - Filling up the DagBag from /home/airflow/.local/lib/python3.7/site-packages/airflow/example_dags/example_bash_operator.py
[2023-10-10T17:37:42.670+0000] {processor.py:836} INFO - DAG(s) dict_keys(['example_bash_operator']) retrieved from /home/airflow/.local/lib/python3.7/site-packages/airflow/example_dags/example_bash_operator.py
[2023-10-10T17:37:42.718+0000] {logging_mixin.py:150} INFO - [2023-10-10T17:37:42.718+0000] {dag.py:2742} INFO - Sync 1 DAGs
[2023-10-10T17:37:42.759+0000] {logging_mixin.py:150} INFO - [2023-10-10T17:37:42.759+0000] {dag.py:3508} INFO - Setting next_dagrun for example_bash_operator to 2023-10-09T00:00:00+00:00, run_after=2023-10-10T00:00:00+00:00
[2023-10-10T17:37:42.783+0000] {processor.py:179} INFO - Processing /home/airflow/.local/lib/python3.7/site-packages/airflow/example_dags/example_bash_operator.py took 0.140 seconds
[2023-10-10T17:38:13.401+0000] {processor.py:157} INFO - Started process (PID=354) to work on /home/airflow/.local/lib/python3.7/site-packages/airflow/example_dags/example_bash_operator.py
[2023-10-10T17:38:13.404+0000] {processor.py:826} INFO - Processing file /home/airflow/.local/lib/python3.7/site-packages/airflow/example_dags/example_bash_operator.py for tasks to queue
[2023-10-10T17:38:13.407+0000] {logging_mixin.py:150} INFO - [2023-10-10T17:38:13.406+0000] {dagbag.py:541} INFO - Filling up the DagBag from /home/airflow/.local/lib/python3.7/site-packages/airflow/example_dags/example_bash_operator.py
[2023-10-10T17:38:13.434+0000] {processor.py:836} INFO - DAG(s) dict_keys(['example_bash_operator']) retrieved from /home/airflow/.local/lib/python3.7/site-packages/airflow/example_dags/example_bash_operator.py
[2023-10-10T17:38:13.486+0000] {logging_mixin.py:150} INFO - [2023-10-10T17:38:13.486+0000] {dag.py:2742} INFO - Sync 1 DAGs
[2023-10-10T17:38:13.521+0000] {logging_mixin.py:150} INFO - [2023-10-10T17:38:13.521+0000] {dag.py:3508} INFO - Setting next_dagrun for example_bash_operator to 2023-10-09T00:00:00+00:00, run_after=2023-10-10T00:00:00+00:00
[2023-10-10T17:38:13.548+0000] {processor.py:179} INFO - Processing /home/airflow/.local/lib/python3.7/site-packages/airflow/example_dags/example_bash_operator.py took 0.155 seconds
[2023-10-10T17:38:44.355+0000] {processor.py:157} INFO - Started process (PID=457) to work on /home/airflow/.local/lib/python3.7/site-packages/airflow/example_dags/example_bash_operator.py
[2023-10-10T17:38:44.357+0000] {processor.py:826} INFO - Processing file /home/airflow/.local/lib/python3.7/site-packages/airflow/example_dags/example_bash_operator.py for tasks to queue
[2023-10-10T17:38:44.359+0000] {logging_mixin.py:150} INFO - [2023-10-10T17:38:44.359+0000] {dagbag.py:541} INFO - Filling up the DagBag from /home/airflow/.local/lib/python3.7/site-packages/airflow/example_dags/example_bash_operator.py
[2023-10-10T17:38:44.380+0000] {processor.py:836} INFO - DAG(s) dict_keys(['example_bash_operator']) retrieved from /home/airflow/.local/lib/python3.7/site-packages/airflow/example_dags/example_bash_operator.py
[2023-10-10T17:38:44.427+0000] {logging_mixin.py:150} INFO - [2023-10-10T17:38:44.427+0000] {dag.py:2742} INFO - Sync 1 DAGs
[2023-10-10T17:38:44.460+0000] {logging_mixin.py:150} INFO - [2023-10-10T17:38:44.460+0000] {dag.py:3508} INFO - Setting next_dagrun for example_bash_operator to 2023-10-09T00:00:00+00:00, run_after=2023-10-10T00:00:00+00:00
[2023-10-10T17:38:44.482+0000] {processor.py:179} INFO - Processing /home/airflow/.local/lib/python3.7/site-packages/airflow/example_dags/example_bash_operator.py took 0.132 seconds
[2023-10-10T17:39:15.346+0000] {processor.py:157} INFO - Started process (PID=537) to work on /home/airflow/.local/lib/python3.7/site-packages/airflow/example_dags/example_bash_operator.py
[2023-10-10T17:39:15.348+0000] {processor.py:826} INFO - Processing file /home/airflow/.local/lib/python3.7/site-packages/airflow/example_dags/example_bash_operator.py for tasks to queue
[2023-10-10T17:39:15.350+0000] {logging_mixin.py:150} INFO - [2023-10-10T17:39:15.349+0000] {dagbag.py:541} INFO - Filling up the DagBag from /home/airflow/.local/lib/python3.7/site-packages/airflow/example_dags/example_bash_operator.py
[2023-10-10T17:39:15.369+0000] {processor.py:836} INFO - DAG(s) dict_keys(['example_bash_operator']) retrieved from /home/airflow/.local/lib/python3.7/site-packages/airflow/example_dags/example_bash_operator.py
[2023-10-10T17:39:15.414+0000] {logging_mixin.py:150} INFO - [2023-10-10T17:39:15.414+0000] {dag.py:2742} INFO - Sync 1 DAGs
[2023-10-10T17:39:15.450+0000] {logging_mixin.py:150} INFO - [2023-10-10T17:39:15.450+0000] {dag.py:3508} INFO - Setting next_dagrun for example_bash_operator to 2023-10-09T00:00:00+00:00, run_after=2023-10-10T00:00:00+00:00
[2023-10-10T17:39:15.474+0000] {processor.py:179} INFO - Processing /home/airflow/.local/lib/python3.7/site-packages/airflow/example_dags/example_bash_operator.py took 0.132 seconds
[2023-10-10T17:39:45.860+0000] {processor.py:157} INFO - Started process (PID=626) to work on /home/airflow/.local/lib/python3.7/site-packages/airflow/example_dags/example_bash_operator.py
[2023-10-10T17:39:45.862+0000] {processor.py:826} INFO - Processing file /home/airflow/.local/lib/python3.7/site-packages/airflow/example_dags/example_bash_operator.py for tasks to queue
[2023-10-10T17:39:45.864+0000] {logging_mixin.py:150} INFO - [2023-10-10T17:39:45.863+0000] {dagbag.py:541} INFO - Filling up the DagBag from /home/airflow/.local/lib/python3.7/site-packages/airflow/example_dags/example_bash_operator.py
[2023-10-10T17:39:45.883+0000] {processor.py:836} INFO - DAG(s) dict_keys(['example_bash_operator']) retrieved from /home/airflow/.local/lib/python3.7/site-packages/airflow/example_dags/example_bash_operator.py
[2023-10-10T17:39:45.934+0000] {logging_mixin.py:150} INFO - [2023-10-10T17:39:45.934+0000] {dag.py:2742} INFO - Sync 1 DAGs
[2023-10-10T17:39:45.967+0000] {logging_mixin.py:150} INFO - [2023-10-10T17:39:45.967+0000] {dag.py:3508} INFO - Setting next_dagrun for example_bash_operator to 2023-10-09T00:00:00+00:00, run_after=2023-10-10T00:00:00+00:00
[2023-10-10T17:39:45.989+0000] {processor.py:179} INFO - Processing /home/airflow/.local/lib/python3.7/site-packages/airflow/example_dags/example_bash_operator.py took 0.134 seconds
[2023-10-10T17:40:17.487+0000] {processor.py:157} INFO - Started process (PID=707) to work on /home/airflow/.local/lib/python3.7/site-packages/airflow/example_dags/example_bash_operator.py
[2023-10-10T17:40:17.489+0000] {processor.py:826} INFO - Processing file /home/airflow/.local/lib/python3.7/site-packages/airflow/example_dags/example_bash_operator.py for tasks to queue
[2023-10-10T17:40:17.491+0000] {logging_mixin.py:150} INFO - [2023-10-10T17:40:17.491+0000] {dagbag.py:541} INFO - Filling up the DagBag from /home/airflow/.local/lib/python3.7/site-packages/airflow/example_dags/example_bash_operator.py
[2023-10-10T17:40:17.511+0000] {processor.py:836} INFO - DAG(s) dict_keys(['example_bash_operator']) retrieved from /home/airflow/.local/lib/python3.7/site-packages/airflow/example_dags/example_bash_operator.py
[2023-10-10T17:40:17.557+0000] {logging_mixin.py:150} INFO - [2023-10-10T17:40:17.557+0000] {dag.py:2742} INFO - Sync 1 DAGs
[2023-10-10T17:40:17.595+0000] {logging_mixin.py:150} INFO - [2023-10-10T17:40:17.595+0000] {dag.py:3508} INFO - Setting next_dagrun for example_bash_operator to 2023-10-09T00:00:00+00:00, run_after=2023-10-10T00:00:00+00:00
[2023-10-10T17:40:17.622+0000] {processor.py:179} INFO - Processing /home/airflow/.local/lib/python3.7/site-packages/airflow/example_dags/example_bash_operator.py took 0.139 seconds
[2023-10-10T17:40:49.076+0000] {processor.py:157} INFO - Started process (PID=796) to work on /home/airflow/.local/lib/python3.7/site-packages/airflow/example_dags/example_bash_operator.py
[2023-10-10T17:40:49.078+0000] {processor.py:826} INFO - Processing file /home/airflow/.local/lib/python3.7/site-packages/airflow/example_dags/example_bash_operator.py for tasks to queue
[2023-10-10T17:40:49.079+0000] {logging_mixin.py:150} INFO - [2023-10-10T17:40:49.079+0000] {dagbag.py:541} INFO - Filling up the DagBag from /home/airflow/.local/lib/python3.7/site-packages/airflow/example_dags/example_bash_operator.py
[2023-10-10T17:40:49.098+0000] {processor.py:836} INFO - DAG(s) dict_keys(['example_bash_operator']) retrieved from /home/airflow/.local/lib/python3.7/site-packages/airflow/example_dags/example_bash_operator.py
[2023-10-10T17:40:49.146+0000] {logging_mixin.py:150} INFO - [2023-10-10T17:40:49.146+0000] {dag.py:2742} INFO - Sync 1 DAGs
[2023-10-10T17:40:49.189+0000] {logging_mixin.py:150} INFO - [2023-10-10T17:40:49.189+0000] {dag.py:3508} INFO - Setting next_dagrun for example_bash_operator to 2023-10-09T00:00:00+00:00, run_after=2023-10-10T00:00:00+00:00
[2023-10-10T17:40:49.221+0000] {processor.py:179} INFO - Processing /home/airflow/.local/lib/python3.7/site-packages/airflow/example_dags/example_bash_operator.py took 0.150 seconds
[2023-10-10T17:41:20.373+0000] {processor.py:157} INFO - Started process (PID=876) to work on /home/airflow/.local/lib/python3.7/site-packages/airflow/example_dags/example_bash_operator.py
[2023-10-10T17:41:20.376+0000] {processor.py:826} INFO - Processing file /home/airflow/.local/lib/python3.7/site-packages/airflow/example_dags/example_bash_operator.py for tasks to queue
[2023-10-10T17:41:20.378+0000] {logging_mixin.py:150} INFO - [2023-10-10T17:41:20.377+0000] {dagbag.py:541} INFO - Filling up the DagBag from /home/airflow/.local/lib/python3.7/site-packages/airflow/example_dags/example_bash_operator.py
[2023-10-10T17:41:20.401+0000] {processor.py:836} INFO - DAG(s) dict_keys(['example_bash_operator']) retrieved from /home/airflow/.local/lib/python3.7/site-packages/airflow/example_dags/example_bash_operator.py
[2023-10-10T17:41:20.461+0000] {logging_mixin.py:150} INFO - [2023-10-10T17:41:20.460+0000] {dag.py:2742} INFO - Sync 1 DAGs
[2023-10-10T17:41:20.509+0000] {logging_mixin.py:150} INFO - [2023-10-10T17:41:20.509+0000] {dag.py:3508} INFO - Setting next_dagrun for example_bash_operator to 2023-10-09T00:00:00+00:00, run_after=2023-10-10T00:00:00+00:00
[2023-10-10T17:41:20.541+0000] {processor.py:179} INFO - Processing /home/airflow/.local/lib/python3.7/site-packages/airflow/example_dags/example_bash_operator.py took 0.174 seconds
[2023-10-10T17:41:51.308+0000] {processor.py:157} INFO - Started process (PID=966) to work on /home/airflow/.local/lib/python3.7/site-packages/airflow/example_dags/example_bash_operator.py
[2023-10-10T17:41:51.310+0000] {processor.py:826} INFO - Processing file /home/airflow/.local/lib/python3.7/site-packages/airflow/example_dags/example_bash_operator.py for tasks to queue
[2023-10-10T17:41:51.311+0000] {logging_mixin.py:150} INFO - [2023-10-10T17:41:51.311+0000] {dagbag.py:541} INFO - Filling up the DagBag from /home/airflow/.local/lib/python3.7/site-packages/airflow/example_dags/example_bash_operator.py
[2023-10-10T17:41:51.333+0000] {processor.py:836} INFO - DAG(s) dict_keys(['example_bash_operator']) retrieved from /home/airflow/.local/lib/python3.7/site-packages/airflow/example_dags/example_bash_operator.py
[2023-10-10T17:41:51.385+0000] {logging_mixin.py:150} INFO - [2023-10-10T17:41:51.384+0000] {dag.py:2742} INFO - Sync 1 DAGs
[2023-10-10T17:41:51.422+0000] {logging_mixin.py:150} INFO - [2023-10-10T17:41:51.422+0000] {dag.py:3508} INFO - Setting next_dagrun for example_bash_operator to 2023-10-09T00:00:00+00:00, run_after=2023-10-10T00:00:00+00:00
[2023-10-10T17:41:51.448+0000] {processor.py:179} INFO - Processing /home/airflow/.local/lib/python3.7/site-packages/airflow/example_dags/example_bash_operator.py took 0.145 seconds
[2023-10-10T17:42:23.034+0000] {processor.py:157} INFO - Started process (PID=1046) to work on /home/airflow/.local/lib/python3.7/site-packages/airflow/example_dags/example_bash_operator.py
[2023-10-10T17:42:23.037+0000] {processor.py:826} INFO - Processing file /home/airflow/.local/lib/python3.7/site-packages/airflow/example_dags/example_bash_operator.py for tasks to queue
[2023-10-10T17:42:23.038+0000] {logging_mixin.py:150} INFO - [2023-10-10T17:42:23.038+0000] {dagbag.py:541} INFO - Filling up the DagBag from /home/airflow/.local/lib/python3.7/site-packages/airflow/example_dags/example_bash_operator.py
[2023-10-10T17:42:23.069+0000] {processor.py:836} INFO - DAG(s) dict_keys(['example_bash_operator']) retrieved from /home/airflow/.local/lib/python3.7/site-packages/airflow/example_dags/example_bash_operator.py
[2023-10-10T17:42:23.126+0000] {logging_mixin.py:150} INFO - [2023-10-10T17:42:23.126+0000] {dag.py:2742} INFO - Sync 1 DAGs
[2023-10-10T17:42:23.179+0000] {logging_mixin.py:150} INFO - [2023-10-10T17:42:23.179+0000] {dag.py:3508} INFO - Setting next_dagrun for example_bash_operator to 2023-10-09T00:00:00+00:00, run_after=2023-10-10T00:00:00+00:00
[2023-10-10T17:42:23.213+0000] {processor.py:179} INFO - Processing /home/airflow/.local/lib/python3.7/site-packages/airflow/example_dags/example_bash_operator.py took 0.188 seconds
[2023-10-10T17:42:53.422+0000] {processor.py:157} INFO - Started process (PID=1136) to work on /home/airflow/.local/lib/python3.7/site-packages/airflow/example_dags/example_bash_operator.py
[2023-10-10T17:42:53.425+0000] {processor.py:826} INFO - Processing file /home/airflow/.local/lib/python3.7/site-packages/airflow/example_dags/example_bash_operator.py for tasks to queue
[2023-10-10T17:42:53.427+0000] {logging_mixin.py:150} INFO - [2023-10-10T17:42:53.426+0000] {dagbag.py:541} INFO - Filling up the DagBag from /home/airflow/.local/lib/python3.7/site-packages/airflow/example_dags/example_bash_operator.py
[2023-10-10T17:42:53.449+0000] {processor.py:836} INFO - DAG(s) dict_keys(['example_bash_operator']) retrieved from /home/airflow/.local/lib/python3.7/site-packages/airflow/example_dags/example_bash_operator.py
[2023-10-10T17:42:53.504+0000] {logging_mixin.py:150} INFO - [2023-10-10T17:42:53.503+0000] {dag.py:2742} INFO - Sync 1 DAGs
[2023-10-10T17:42:53.541+0000] {logging_mixin.py:150} INFO - [2023-10-10T17:42:53.541+0000] {dag.py:3508} INFO - Setting next_dagrun for example_bash_operator to 2023-10-09T00:00:00+00:00, run_after=2023-10-10T00:00:00+00:00
[2023-10-10T17:42:53.565+0000] {processor.py:179} INFO - Processing /home/airflow/.local/lib/python3.7/site-packages/airflow/example_dags/example_bash_operator.py took 0.148 seconds
[2023-10-10T17:43:24.619+0000] {processor.py:157} INFO - Started process (PID=1216) to work on /home/airflow/.local/lib/python3.7/site-packages/airflow/example_dags/example_bash_operator.py
[2023-10-10T17:43:24.621+0000] {processor.py:826} INFO - Processing file /home/airflow/.local/lib/python3.7/site-packages/airflow/example_dags/example_bash_operator.py for tasks to queue
[2023-10-10T17:43:24.623+0000] {logging_mixin.py:150} INFO - [2023-10-10T17:43:24.622+0000] {dagbag.py:541} INFO - Filling up the DagBag from /home/airflow/.local/lib/python3.7/site-packages/airflow/example_dags/example_bash_operator.py
[2023-10-10T17:43:24.646+0000] {processor.py:836} INFO - DAG(s) dict_keys(['example_bash_operator']) retrieved from /home/airflow/.local/lib/python3.7/site-packages/airflow/example_dags/example_bash_operator.py
[2023-10-10T17:43:24.705+0000] {logging_mixin.py:150} INFO - [2023-10-10T17:43:24.705+0000] {dag.py:2742} INFO - Sync 1 DAGs
[2023-10-10T17:43:24.769+0000] {logging_mixin.py:150} INFO - [2023-10-10T17:43:24.769+0000] {dag.py:3508} INFO - Setting next_dagrun for example_bash_operator to 2023-10-09T00:00:00+00:00, run_after=2023-10-10T00:00:00+00:00
[2023-10-10T17:43:24.804+0000] {processor.py:179} INFO - Processing /home/airflow/.local/lib/python3.7/site-packages/airflow/example_dags/example_bash_operator.py took 0.190 seconds
[2023-10-10T17:43:55.155+0000] {processor.py:157} INFO - Started process (PID=1305) to work on /home/airflow/.local/lib/python3.7/site-packages/airflow/example_dags/example_bash_operator.py
[2023-10-10T17:43:55.157+0000] {processor.py:826} INFO - Processing file /home/airflow/.local/lib/python3.7/site-packages/airflow/example_dags/example_bash_operator.py for tasks to queue
[2023-10-10T17:43:55.159+0000] {logging_mixin.py:150} INFO - [2023-10-10T17:43:55.158+0000] {dagbag.py:541} INFO - Filling up the DagBag from /home/airflow/.local/lib/python3.7/site-packages/airflow/example_dags/example_bash_operator.py
[2023-10-10T17:43:55.182+0000] {processor.py:836} INFO - DAG(s) dict_keys(['example_bash_operator']) retrieved from /home/airflow/.local/lib/python3.7/site-packages/airflow/example_dags/example_bash_operator.py
[2023-10-10T17:43:55.235+0000] {logging_mixin.py:150} INFO - [2023-10-10T17:43:55.235+0000] {dag.py:2742} INFO - Sync 1 DAGs
[2023-10-10T17:43:55.272+0000] {logging_mixin.py:150} INFO - [2023-10-10T17:43:55.272+0000] {dag.py:3508} INFO - Setting next_dagrun for example_bash_operator to 2023-10-09T00:00:00+00:00, run_after=2023-10-10T00:00:00+00:00
[2023-10-10T17:43:55.298+0000] {processor.py:179} INFO - Processing /home/airflow/.local/lib/python3.7/site-packages/airflow/example_dags/example_bash_operator.py took 0.151 seconds
[2023-10-10T17:44:26.120+0000] {processor.py:157} INFO - Started process (PID=1385) to work on /home/airflow/.local/lib/python3.7/site-packages/airflow/example_dags/example_bash_operator.py
[2023-10-10T17:44:26.122+0000] {processor.py:826} INFO - Processing file /home/airflow/.local/lib/python3.7/site-packages/airflow/example_dags/example_bash_operator.py for tasks to queue
[2023-10-10T17:44:26.124+0000] {logging_mixin.py:150} INFO - [2023-10-10T17:44:26.123+0000] {dagbag.py:541} INFO - Filling up the DagBag from /home/airflow/.local/lib/python3.7/site-packages/airflow/example_dags/example_bash_operator.py
[2023-10-10T17:44:26.144+0000] {processor.py:836} INFO - DAG(s) dict_keys(['example_bash_operator']) retrieved from /home/airflow/.local/lib/python3.7/site-packages/airflow/example_dags/example_bash_operator.py
[2023-10-10T17:44:26.194+0000] {logging_mixin.py:150} INFO - [2023-10-10T17:44:26.194+0000] {dag.py:2742} INFO - Sync 1 DAGs
[2023-10-10T17:44:26.239+0000] {logging_mixin.py:150} INFO - [2023-10-10T17:44:26.238+0000] {dag.py:3508} INFO - Setting next_dagrun for example_bash_operator to 2023-10-09T00:00:00+00:00, run_after=2023-10-10T00:00:00+00:00
[2023-10-10T17:44:26.269+0000] {processor.py:179} INFO - Processing /home/airflow/.local/lib/python3.7/site-packages/airflow/example_dags/example_bash_operator.py took 0.154 seconds
[2023-10-10T17:44:57.095+0000] {processor.py:157} INFO - Started process (PID=1474) to work on /home/airflow/.local/lib/python3.7/site-packages/airflow/example_dags/example_bash_operator.py
[2023-10-10T17:44:57.097+0000] {processor.py:826} INFO - Processing file /home/airflow/.local/lib/python3.7/site-packages/airflow/example_dags/example_bash_operator.py for tasks to queue
[2023-10-10T17:44:57.098+0000] {logging_mixin.py:150} INFO - [2023-10-10T17:44:57.098+0000] {dagbag.py:541} INFO - Filling up the DagBag from /home/airflow/.local/lib/python3.7/site-packages/airflow/example_dags/example_bash_operator.py
[2023-10-10T17:44:57.119+0000] {processor.py:836} INFO - DAG(s) dict_keys(['example_bash_operator']) retrieved from /home/airflow/.local/lib/python3.7/site-packages/airflow/example_dags/example_bash_operator.py
[2023-10-10T17:44:57.177+0000] {logging_mixin.py:150} INFO - [2023-10-10T17:44:57.177+0000] {dag.py:2742} INFO - Sync 1 DAGs
[2023-10-10T17:44:57.217+0000] {logging_mixin.py:150} INFO - [2023-10-10T17:44:57.217+0000] {dag.py:3508} INFO - Setting next_dagrun for example_bash_operator to 2023-10-09T00:00:00+00:00, run_after=2023-10-10T00:00:00+00:00
[2023-10-10T17:44:57.243+0000] {processor.py:179} INFO - Processing /home/airflow/.local/lib/python3.7/site-packages/airflow/example_dags/example_bash_operator.py took 0.154 seconds
[2023-10-10T17:45:28.251+0000] {processor.py:157} INFO - Started process (PID=1554) to work on /home/airflow/.local/lib/python3.7/site-packages/airflow/example_dags/example_bash_operator.py
[2023-10-10T17:45:28.253+0000] {processor.py:826} INFO - Processing file /home/airflow/.local/lib/python3.7/site-packages/airflow/example_dags/example_bash_operator.py for tasks to queue
[2023-10-10T17:45:28.255+0000] {logging_mixin.py:150} INFO - [2023-10-10T17:45:28.255+0000] {dagbag.py:541} INFO - Filling up the DagBag from /home/airflow/.local/lib/python3.7/site-packages/airflow/example_dags/example_bash_operator.py
[2023-10-10T17:45:28.275+0000] {processor.py:836} INFO - DAG(s) dict_keys(['example_bash_operator']) retrieved from /home/airflow/.local/lib/python3.7/site-packages/airflow/example_dags/example_bash_operator.py
[2023-10-10T17:45:28.323+0000] {logging_mixin.py:150} INFO - [2023-10-10T17:45:28.322+0000] {dag.py:2742} INFO - Sync 1 DAGs
[2023-10-10T17:45:28.362+0000] {logging_mixin.py:150} INFO - [2023-10-10T17:45:28.361+0000] {dag.py:3508} INFO - Setting next_dagrun for example_bash_operator to 2023-10-09T00:00:00+00:00, run_after=2023-10-10T00:00:00+00:00
[2023-10-10T17:45:28.385+0000] {processor.py:179} INFO - Processing /home/airflow/.local/lib/python3.7/site-packages/airflow/example_dags/example_bash_operator.py took 0.140 seconds
[2023-10-10T17:45:59.527+0000] {processor.py:157} INFO - Started process (PID=1643) to work on /home/airflow/.local/lib/python3.7/site-packages/airflow/example_dags/example_bash_operator.py
[2023-10-10T17:45:59.529+0000] {processor.py:826} INFO - Processing file /home/airflow/.local/lib/python3.7/site-packages/airflow/example_dags/example_bash_operator.py for tasks to queue
[2023-10-10T17:45:59.531+0000] {logging_mixin.py:150} INFO - [2023-10-10T17:45:59.530+0000] {dagbag.py:541} INFO - Filling up the DagBag from /home/airflow/.local/lib/python3.7/site-packages/airflow/example_dags/example_bash_operator.py
[2023-10-10T17:45:59.554+0000] {processor.py:836} INFO - DAG(s) dict_keys(['example_bash_operator']) retrieved from /home/airflow/.local/lib/python3.7/site-packages/airflow/example_dags/example_bash_operator.py
[2023-10-10T17:45:59.610+0000] {logging_mixin.py:150} INFO - [2023-10-10T17:45:59.610+0000] {dag.py:2742} INFO - Sync 1 DAGs
[2023-10-10T17:45:59.660+0000] {logging_mixin.py:150} INFO - [2023-10-10T17:45:59.660+0000] {dag.py:3508} INFO - Setting next_dagrun for example_bash_operator to 2023-10-09T00:00:00+00:00, run_after=2023-10-10T00:00:00+00:00
[2023-10-10T17:45:59.688+0000] {processor.py:179} INFO - Processing /home/airflow/.local/lib/python3.7/site-packages/airflow/example_dags/example_bash_operator.py took 0.166 seconds
[2023-10-10T17:46:30.947+0000] {processor.py:157} INFO - Started process (PID=1723) to work on /home/airflow/.local/lib/python3.7/site-packages/airflow/example_dags/example_bash_operator.py
[2023-10-10T17:46:30.948+0000] {processor.py:826} INFO - Processing file /home/airflow/.local/lib/python3.7/site-packages/airflow/example_dags/example_bash_operator.py for tasks to queue
[2023-10-10T17:46:30.950+0000] {logging_mixin.py:150} INFO - [2023-10-10T17:46:30.950+0000] {dagbag.py:541} INFO - Filling up the DagBag from /home/airflow/.local/lib/python3.7/site-packages/airflow/example_dags/example_bash_operator.py
[2023-10-10T17:46:30.969+0000] {processor.py:836} INFO - DAG(s) dict_keys(['example_bash_operator']) retrieved from /home/airflow/.local/lib/python3.7/site-packages/airflow/example_dags/example_bash_operator.py
[2023-10-10T17:46:31.019+0000] {logging_mixin.py:150} INFO - [2023-10-10T17:46:31.019+0000] {dag.py:2742} INFO - Sync 1 DAGs
[2023-10-10T17:46:31.058+0000] {logging_mixin.py:150} INFO - [2023-10-10T17:46:31.057+0000] {dag.py:3508} INFO - Setting next_dagrun for example_bash_operator to 2023-10-09T00:00:00+00:00, run_after=2023-10-10T00:00:00+00:00
[2023-10-10T17:46:31.085+0000] {processor.py:179} INFO - Processing /home/airflow/.local/lib/python3.7/site-packages/airflow/example_dags/example_bash_operator.py took 0.143 seconds
[2023-10-10T17:47:02.463+0000] {processor.py:157} INFO - Started process (PID=1812) to work on /home/airflow/.local/lib/python3.7/site-packages/airflow/example_dags/example_bash_operator.py
[2023-10-10T17:47:02.465+0000] {processor.py:826} INFO - Processing file /home/airflow/.local/lib/python3.7/site-packages/airflow/example_dags/example_bash_operator.py for tasks to queue
[2023-10-10T17:47:02.466+0000] {logging_mixin.py:150} INFO - [2023-10-10T17:47:02.466+0000] {dagbag.py:541} INFO - Filling up the DagBag from /home/airflow/.local/lib/python3.7/site-packages/airflow/example_dags/example_bash_operator.py
[2023-10-10T17:47:02.486+0000] {processor.py:836} INFO - DAG(s) dict_keys(['example_bash_operator']) retrieved from /home/airflow/.local/lib/python3.7/site-packages/airflow/example_dags/example_bash_operator.py
[2023-10-10T17:47:02.535+0000] {logging_mixin.py:150} INFO - [2023-10-10T17:47:02.535+0000] {dag.py:2742} INFO - Sync 1 DAGs
[2023-10-10T17:47:02.569+0000] {logging_mixin.py:150} INFO - [2023-10-10T17:47:02.569+0000] {dag.py:3508} INFO - Setting next_dagrun for example_bash_operator to 2023-10-09T00:00:00+00:00, run_after=2023-10-10T00:00:00+00:00
[2023-10-10T17:47:02.592+0000] {processor.py:179} INFO - Processing /home/airflow/.local/lib/python3.7/site-packages/airflow/example_dags/example_bash_operator.py took 0.134 seconds
[2023-10-10T17:47:33.660+0000] {processor.py:157} INFO - Started process (PID=1892) to work on /home/airflow/.local/lib/python3.7/site-packages/airflow/example_dags/example_bash_operator.py
[2023-10-10T17:47:33.663+0000] {processor.py:826} INFO - Processing file /home/airflow/.local/lib/python3.7/site-packages/airflow/example_dags/example_bash_operator.py for tasks to queue
[2023-10-10T17:47:33.664+0000] {logging_mixin.py:150} INFO - [2023-10-10T17:47:33.664+0000] {dagbag.py:541} INFO - Filling up the DagBag from /home/airflow/.local/lib/python3.7/site-packages/airflow/example_dags/example_bash_operator.py
[2023-10-10T17:47:33.684+0000] {processor.py:836} INFO - DAG(s) dict_keys(['example_bash_operator']) retrieved from /home/airflow/.local/lib/python3.7/site-packages/airflow/example_dags/example_bash_operator.py
[2023-10-10T17:47:33.734+0000] {logging_mixin.py:150} INFO - [2023-10-10T17:47:33.734+0000] {dag.py:2742} INFO - Sync 1 DAGs
[2023-10-10T17:47:33.779+0000] {logging_mixin.py:150} INFO - [2023-10-10T17:47:33.778+0000] {dag.py:3508} INFO - Setting next_dagrun for example_bash_operator to 2023-10-09T00:00:00+00:00, run_after=2023-10-10T00:00:00+00:00
[2023-10-10T17:47:33.821+0000] {processor.py:179} INFO - Processing /home/airflow/.local/lib/python3.7/site-packages/airflow/example_dags/example_bash_operator.py took 0.166 seconds
[2023-10-10T17:48:05.286+0000] {processor.py:157} INFO - Started process (PID=1982) to work on /home/airflow/.local/lib/python3.7/site-packages/airflow/example_dags/example_bash_operator.py
[2023-10-10T17:48:05.288+0000] {processor.py:826} INFO - Processing file /home/airflow/.local/lib/python3.7/site-packages/airflow/example_dags/example_bash_operator.py for tasks to queue
[2023-10-10T17:48:05.290+0000] {logging_mixin.py:150} INFO - [2023-10-10T17:48:05.289+0000] {dagbag.py:541} INFO - Filling up the DagBag from /home/airflow/.local/lib/python3.7/site-packages/airflow/example_dags/example_bash_operator.py
[2023-10-10T17:48:05.311+0000] {processor.py:836} INFO - DAG(s) dict_keys(['example_bash_operator']) retrieved from /home/airflow/.local/lib/python3.7/site-packages/airflow/example_dags/example_bash_operator.py
[2023-10-10T17:48:05.370+0000] {logging_mixin.py:150} INFO - [2023-10-10T17:48:05.370+0000] {dag.py:2742} INFO - Sync 1 DAGs
[2023-10-10T17:48:05.426+0000] {logging_mixin.py:150} INFO - [2023-10-10T17:48:05.426+0000] {dag.py:3508} INFO - Setting next_dagrun for example_bash_operator to 2023-10-09T00:00:00+00:00, run_after=2023-10-10T00:00:00+00:00
[2023-10-10T17:48:05.462+0000] {processor.py:179} INFO - Processing /home/airflow/.local/lib/python3.7/site-packages/airflow/example_dags/example_bash_operator.py took 0.181 seconds
[2023-10-10T17:48:36.773+0000] {processor.py:157} INFO - Started process (PID=2071) to work on /home/airflow/.local/lib/python3.7/site-packages/airflow/example_dags/example_bash_operator.py
[2023-10-10T17:48:36.776+0000] {processor.py:826} INFO - Processing file /home/airflow/.local/lib/python3.7/site-packages/airflow/example_dags/example_bash_operator.py for tasks to queue
[2023-10-10T17:48:36.778+0000] {logging_mixin.py:150} INFO - [2023-10-10T17:48:36.778+0000] {dagbag.py:541} INFO - Filling up the DagBag from /home/airflow/.local/lib/python3.7/site-packages/airflow/example_dags/example_bash_operator.py
[2023-10-10T17:48:36.802+0000] {processor.py:836} INFO - DAG(s) dict_keys(['example_bash_operator']) retrieved from /home/airflow/.local/lib/python3.7/site-packages/airflow/example_dags/example_bash_operator.py
[2023-10-10T17:48:36.857+0000] {logging_mixin.py:150} INFO - [2023-10-10T17:48:36.856+0000] {dag.py:2742} INFO - Sync 1 DAGs
[2023-10-10T17:48:36.909+0000] {logging_mixin.py:150} INFO - [2023-10-10T17:48:36.908+0000] {dag.py:3508} INFO - Setting next_dagrun for example_bash_operator to 2023-10-09T00:00:00+00:00, run_after=2023-10-10T00:00:00+00:00
[2023-10-10T17:48:36.943+0000] {processor.py:179} INFO - Processing /home/airflow/.local/lib/python3.7/site-packages/airflow/example_dags/example_bash_operator.py took 0.175 seconds
[2023-10-10T17:49:07.787+0000] {processor.py:157} INFO - Started process (PID=2158) to work on /home/airflow/.local/lib/python3.7/site-packages/airflow/example_dags/example_bash_operator.py
[2023-10-10T17:49:07.790+0000] {processor.py:826} INFO - Processing file /home/airflow/.local/lib/python3.7/site-packages/airflow/example_dags/example_bash_operator.py for tasks to queue
[2023-10-10T17:49:07.793+0000] {logging_mixin.py:150} INFO - [2023-10-10T17:49:07.793+0000] {dagbag.py:541} INFO - Filling up the DagBag from /home/airflow/.local/lib/python3.7/site-packages/airflow/example_dags/example_bash_operator.py
[2023-10-10T17:49:07.825+0000] {processor.py:836} INFO - DAG(s) dict_keys(['example_bash_operator']) retrieved from /home/airflow/.local/lib/python3.7/site-packages/airflow/example_dags/example_bash_operator.py
[2023-10-10T17:49:07.905+0000] {logging_mixin.py:150} INFO - [2023-10-10T17:49:07.904+0000] {dag.py:2742} INFO - Sync 1 DAGs
[2023-10-10T17:49:07.966+0000] {logging_mixin.py:150} INFO - [2023-10-10T17:49:07.966+0000] {dag.py:3508} INFO - Setting next_dagrun for example_bash_operator to 2023-10-09T00:00:00+00:00, run_after=2023-10-10T00:00:00+00:00
[2023-10-10T17:49:08.046+0000] {processor.py:179} INFO - Processing /home/airflow/.local/lib/python3.7/site-packages/airflow/example_dags/example_bash_operator.py took 0.265 seconds
[2023-10-10T17:49:39.301+0000] {processor.py:157} INFO - Started process (PID=2245) to work on /home/airflow/.local/lib/python3.7/site-packages/airflow/example_dags/example_bash_operator.py
[2023-10-10T17:49:39.305+0000] {processor.py:826} INFO - Processing file /home/airflow/.local/lib/python3.7/site-packages/airflow/example_dags/example_bash_operator.py for tasks to queue
[2023-10-10T17:49:39.309+0000] {logging_mixin.py:150} INFO - [2023-10-10T17:49:39.308+0000] {dagbag.py:541} INFO - Filling up the DagBag from /home/airflow/.local/lib/python3.7/site-packages/airflow/example_dags/example_bash_operator.py
[2023-10-10T17:49:39.348+0000] {processor.py:836} INFO - DAG(s) dict_keys(['example_bash_operator']) retrieved from /home/airflow/.local/lib/python3.7/site-packages/airflow/example_dags/example_bash_operator.py
[2023-10-10T17:49:39.473+0000] {logging_mixin.py:150} INFO - [2023-10-10T17:49:39.473+0000] {dag.py:2742} INFO - Sync 1 DAGs
[2023-10-10T17:49:39.573+0000] {logging_mixin.py:150} INFO - [2023-10-10T17:49:39.572+0000] {dag.py:3508} INFO - Setting next_dagrun for example_bash_operator to 2023-10-09T00:00:00+00:00, run_after=2023-10-10T00:00:00+00:00
[2023-10-10T17:49:39.631+0000] {processor.py:179} INFO - Processing /home/airflow/.local/lib/python3.7/site-packages/airflow/example_dags/example_bash_operator.py took 0.343 seconds
[2023-10-10T17:50:09.680+0000] {processor.py:157} INFO - Started process (PID=2326) to work on /home/airflow/.local/lib/python3.7/site-packages/airflow/example_dags/example_bash_operator.py
[2023-10-10T17:50:09.682+0000] {processor.py:826} INFO - Processing file /home/airflow/.local/lib/python3.7/site-packages/airflow/example_dags/example_bash_operator.py for tasks to queue
[2023-10-10T17:50:09.684+0000] {logging_mixin.py:150} INFO - [2023-10-10T17:50:09.684+0000] {dagbag.py:541} INFO - Filling up the DagBag from /home/airflow/.local/lib/python3.7/site-packages/airflow/example_dags/example_bash_operator.py
[2023-10-10T17:50:09.707+0000] {processor.py:836} INFO - DAG(s) dict_keys(['example_bash_operator']) retrieved from /home/airflow/.local/lib/python3.7/site-packages/airflow/example_dags/example_bash_operator.py
[2023-10-10T17:50:09.757+0000] {logging_mixin.py:150} INFO - [2023-10-10T17:50:09.757+0000] {dag.py:2742} INFO - Sync 1 DAGs
[2023-10-10T17:50:09.793+0000] {logging_mixin.py:150} INFO - [2023-10-10T17:50:09.793+0000] {dag.py:3508} INFO - Setting next_dagrun for example_bash_operator to 2023-10-09T00:00:00+00:00, run_after=2023-10-10T00:00:00+00:00
[2023-10-10T17:50:09.819+0000] {processor.py:179} INFO - Processing /home/airflow/.local/lib/python3.7/site-packages/airflow/example_dags/example_bash_operator.py took 0.144 seconds
[2023-10-10T17:50:40.470+0000] {processor.py:157} INFO - Started process (PID=2409) to work on /home/airflow/.local/lib/python3.7/site-packages/airflow/example_dags/example_bash_operator.py
[2023-10-10T17:50:40.472+0000] {processor.py:826} INFO - Processing file /home/airflow/.local/lib/python3.7/site-packages/airflow/example_dags/example_bash_operator.py for tasks to queue
[2023-10-10T17:50:40.474+0000] {logging_mixin.py:150} INFO - [2023-10-10T17:50:40.474+0000] {dagbag.py:541} INFO - Filling up the DagBag from /home/airflow/.local/lib/python3.7/site-packages/airflow/example_dags/example_bash_operator.py
[2023-10-10T17:50:40.494+0000] {processor.py:836} INFO - DAG(s) dict_keys(['example_bash_operator']) retrieved from /home/airflow/.local/lib/python3.7/site-packages/airflow/example_dags/example_bash_operator.py
[2023-10-10T17:50:40.543+0000] {logging_mixin.py:150} INFO - [2023-10-10T17:50:40.543+0000] {dag.py:2742} INFO - Sync 1 DAGs
[2023-10-10T17:50:40.580+0000] {logging_mixin.py:150} INFO - [2023-10-10T17:50:40.580+0000] {dag.py:3508} INFO - Setting next_dagrun for example_bash_operator to 2023-10-09T00:00:00+00:00, run_after=2023-10-10T00:00:00+00:00
[2023-10-10T17:50:40.608+0000] {processor.py:179} INFO - Processing /home/airflow/.local/lib/python3.7/site-packages/airflow/example_dags/example_bash_operator.py took 0.143 seconds
[2023-10-10T17:51:11.180+0000] {processor.py:157} INFO - Started process (PID=2498) to work on /home/airflow/.local/lib/python3.7/site-packages/airflow/example_dags/example_bash_operator.py
[2023-10-10T17:51:11.182+0000] {processor.py:826} INFO - Processing file /home/airflow/.local/lib/python3.7/site-packages/airflow/example_dags/example_bash_operator.py for tasks to queue
[2023-10-10T17:51:11.184+0000] {logging_mixin.py:150} INFO - [2023-10-10T17:51:11.184+0000] {dagbag.py:541} INFO - Filling up the DagBag from /home/airflow/.local/lib/python3.7/site-packages/airflow/example_dags/example_bash_operator.py
[2023-10-10T17:51:11.213+0000] {processor.py:836} INFO - DAG(s) dict_keys(['example_bash_operator']) retrieved from /home/airflow/.local/lib/python3.7/site-packages/airflow/example_dags/example_bash_operator.py
[2023-10-10T17:51:11.280+0000] {logging_mixin.py:150} INFO - [2023-10-10T17:51:11.279+0000] {dag.py:2742} INFO - Sync 1 DAGs
[2023-10-10T17:51:11.328+0000] {logging_mixin.py:150} INFO - [2023-10-10T17:51:11.328+0000] {dag.py:3508} INFO - Setting next_dagrun for example_bash_operator to 2023-10-09T00:00:00+00:00, run_after=2023-10-10T00:00:00+00:00
[2023-10-10T17:51:11.362+0000] {processor.py:179} INFO - Processing /home/airflow/.local/lib/python3.7/site-packages/airflow/example_dags/example_bash_operator.py took 0.187 seconds
[2023-10-10T17:51:42.067+0000] {processor.py:157} INFO - Started process (PID=2580) to work on /home/airflow/.local/lib/python3.7/site-packages/airflow/example_dags/example_bash_operator.py
[2023-10-10T17:51:42.069+0000] {processor.py:826} INFO - Processing file /home/airflow/.local/lib/python3.7/site-packages/airflow/example_dags/example_bash_operator.py for tasks to queue
[2023-10-10T17:51:42.071+0000] {logging_mixin.py:150} INFO - [2023-10-10T17:51:42.071+0000] {dagbag.py:541} INFO - Filling up the DagBag from /home/airflow/.local/lib/python3.7/site-packages/airflow/example_dags/example_bash_operator.py
[2023-10-10T17:51:42.094+0000] {processor.py:836} INFO - DAG(s) dict_keys(['example_bash_operator']) retrieved from /home/airflow/.local/lib/python3.7/site-packages/airflow/example_dags/example_bash_operator.py
[2023-10-10T17:51:42.151+0000] {logging_mixin.py:150} INFO - [2023-10-10T17:51:42.151+0000] {dag.py:2742} INFO - Sync 1 DAGs
[2023-10-10T17:51:42.196+0000] {logging_mixin.py:150} INFO - [2023-10-10T17:51:42.196+0000] {dag.py:3508} INFO - Setting next_dagrun for example_bash_operator to 2023-10-09T00:00:00+00:00, run_after=2023-10-10T00:00:00+00:00
[2023-10-10T17:51:42.225+0000] {processor.py:179} INFO - Processing /home/airflow/.local/lib/python3.7/site-packages/airflow/example_dags/example_bash_operator.py took 0.164 seconds
[2023-10-10T17:52:12.876+0000] {processor.py:157} INFO - Started process (PID=2672) to work on /home/airflow/.local/lib/python3.7/site-packages/airflow/example_dags/example_bash_operator.py
[2023-10-10T17:52:12.879+0000] {processor.py:826} INFO - Processing file /home/airflow/.local/lib/python3.7/site-packages/airflow/example_dags/example_bash_operator.py for tasks to queue
[2023-10-10T17:52:12.883+0000] {logging_mixin.py:150} INFO - [2023-10-10T17:52:12.882+0000] {dagbag.py:541} INFO - Filling up the DagBag from /home/airflow/.local/lib/python3.7/site-packages/airflow/example_dags/example_bash_operator.py
[2023-10-10T17:52:12.908+0000] {processor.py:836} INFO - DAG(s) dict_keys(['example_bash_operator']) retrieved from /home/airflow/.local/lib/python3.7/site-packages/airflow/example_dags/example_bash_operator.py
[2023-10-10T17:52:12.983+0000] {logging_mixin.py:150} INFO - [2023-10-10T17:52:12.982+0000] {dag.py:2742} INFO - Sync 1 DAGs
[2023-10-10T17:52:13.053+0000] {logging_mixin.py:150} INFO - [2023-10-10T17:52:13.053+0000] {dag.py:3508} INFO - Setting next_dagrun for example_bash_operator to 2023-10-09T00:00:00+00:00, run_after=2023-10-10T00:00:00+00:00
[2023-10-10T17:52:13.084+0000] {processor.py:179} INFO - Processing /home/airflow/.local/lib/python3.7/site-packages/airflow/example_dags/example_bash_operator.py took 0.214 seconds
[2023-10-10T17:52:44.253+0000] {processor.py:157} INFO - Started process (PID=2753) to work on /home/airflow/.local/lib/python3.7/site-packages/airflow/example_dags/example_bash_operator.py
[2023-10-10T17:52:44.255+0000] {processor.py:826} INFO - Processing file /home/airflow/.local/lib/python3.7/site-packages/airflow/example_dags/example_bash_operator.py for tasks to queue
[2023-10-10T17:52:44.257+0000] {logging_mixin.py:150} INFO - [2023-10-10T17:52:44.257+0000] {dagbag.py:541} INFO - Filling up the DagBag from /home/airflow/.local/lib/python3.7/site-packages/airflow/example_dags/example_bash_operator.py
[2023-10-10T17:52:44.281+0000] {processor.py:836} INFO - DAG(s) dict_keys(['example_bash_operator']) retrieved from /home/airflow/.local/lib/python3.7/site-packages/airflow/example_dags/example_bash_operator.py
[2023-10-10T17:52:44.358+0000] {logging_mixin.py:150} INFO - [2023-10-10T17:52:44.358+0000] {dag.py:2742} INFO - Sync 1 DAGs
[2023-10-10T17:52:44.410+0000] {logging_mixin.py:150} INFO - [2023-10-10T17:52:44.409+0000] {dag.py:3508} INFO - Setting next_dagrun for example_bash_operator to 2023-10-09T00:00:00+00:00, run_after=2023-10-10T00:00:00+00:00
[2023-10-10T17:52:44.440+0000] {processor.py:179} INFO - Processing /home/airflow/.local/lib/python3.7/site-packages/airflow/example_dags/example_bash_operator.py took 0.193 seconds
[2023-10-10T17:53:14.930+0000] {processor.py:157} INFO - Started process (PID=2846) to work on /home/airflow/.local/lib/python3.7/site-packages/airflow/example_dags/example_bash_operator.py
[2023-10-10T17:53:14.932+0000] {processor.py:826} INFO - Processing file /home/airflow/.local/lib/python3.7/site-packages/airflow/example_dags/example_bash_operator.py for tasks to queue
[2023-10-10T17:53:14.934+0000] {logging_mixin.py:150} INFO - [2023-10-10T17:53:14.934+0000] {dagbag.py:541} INFO - Filling up the DagBag from /home/airflow/.local/lib/python3.7/site-packages/airflow/example_dags/example_bash_operator.py
[2023-10-10T17:53:14.956+0000] {processor.py:836} INFO - DAG(s) dict_keys(['example_bash_operator']) retrieved from /home/airflow/.local/lib/python3.7/site-packages/airflow/example_dags/example_bash_operator.py
[2023-10-10T17:53:15.005+0000] {logging_mixin.py:150} INFO - [2023-10-10T17:53:15.005+0000] {dag.py:2742} INFO - Sync 1 DAGs
[2023-10-10T17:53:15.039+0000] {logging_mixin.py:150} INFO - [2023-10-10T17:53:15.039+0000] {dag.py:3508} INFO - Setting next_dagrun for example_bash_operator to 2023-10-09T00:00:00+00:00, run_after=2023-10-10T00:00:00+00:00
[2023-10-10T17:53:15.066+0000] {processor.py:179} INFO - Processing /home/airflow/.local/lib/python3.7/site-packages/airflow/example_dags/example_bash_operator.py took 0.142 seconds
[2023-10-10T17:53:45.992+0000] {processor.py:157} INFO - Started process (PID=2927) to work on /home/airflow/.local/lib/python3.7/site-packages/airflow/example_dags/example_bash_operator.py
[2023-10-10T17:53:45.994+0000] {processor.py:826} INFO - Processing file /home/airflow/.local/lib/python3.7/site-packages/airflow/example_dags/example_bash_operator.py for tasks to queue
[2023-10-10T17:53:45.996+0000] {logging_mixin.py:150} INFO - [2023-10-10T17:53:45.996+0000] {dagbag.py:541} INFO - Filling up the DagBag from /home/airflow/.local/lib/python3.7/site-packages/airflow/example_dags/example_bash_operator.py
[2023-10-10T17:53:46.017+0000] {processor.py:836} INFO - DAG(s) dict_keys(['example_bash_operator']) retrieved from /home/airflow/.local/lib/python3.7/site-packages/airflow/example_dags/example_bash_operator.py
[2023-10-10T17:53:46.080+0000] {logging_mixin.py:150} INFO - [2023-10-10T17:53:46.080+0000] {dag.py:2742} INFO - Sync 1 DAGs
[2023-10-10T17:53:46.126+0000] {logging_mixin.py:150} INFO - [2023-10-10T17:53:46.126+0000] {dag.py:3508} INFO - Setting next_dagrun for example_bash_operator to 2023-10-09T00:00:00+00:00, run_after=2023-10-10T00:00:00+00:00
[2023-10-10T17:53:46.158+0000] {processor.py:179} INFO - Processing /home/airflow/.local/lib/python3.7/site-packages/airflow/example_dags/example_bash_operator.py took 0.171 seconds
[2023-10-10T17:54:16.465+0000] {processor.py:157} INFO - Started process (PID=3019) to work on /home/airflow/.local/lib/python3.7/site-packages/airflow/example_dags/example_bash_operator.py
[2023-10-10T17:54:16.466+0000] {processor.py:826} INFO - Processing file /home/airflow/.local/lib/python3.7/site-packages/airflow/example_dags/example_bash_operator.py for tasks to queue
[2023-10-10T17:54:16.468+0000] {logging_mixin.py:150} INFO - [2023-10-10T17:54:16.467+0000] {dagbag.py:541} INFO - Filling up the DagBag from /home/airflow/.local/lib/python3.7/site-packages/airflow/example_dags/example_bash_operator.py
[2023-10-10T17:54:16.487+0000] {processor.py:836} INFO - DAG(s) dict_keys(['example_bash_operator']) retrieved from /home/airflow/.local/lib/python3.7/site-packages/airflow/example_dags/example_bash_operator.py
[2023-10-10T17:54:16.540+0000] {logging_mixin.py:150} INFO - [2023-10-10T17:54:16.540+0000] {dag.py:2742} INFO - Sync 1 DAGs
[2023-10-10T17:54:16.585+0000] {logging_mixin.py:150} INFO - [2023-10-10T17:54:16.584+0000] {dag.py:3508} INFO - Setting next_dagrun for example_bash_operator to 2023-10-09T00:00:00+00:00, run_after=2023-10-10T00:00:00+00:00
[2023-10-10T17:54:16.619+0000] {processor.py:179} INFO - Processing /home/airflow/.local/lib/python3.7/site-packages/airflow/example_dags/example_bash_operator.py took 0.159 seconds
[2023-10-10T17:54:48.903+0000] {processor.py:157} INFO - Started process (PID=3124) to work on /home/airflow/.local/lib/python3.7/site-packages/airflow/example_dags/example_bash_operator.py
[2023-10-10T17:54:48.914+0000] {processor.py:826} INFO - Processing file /home/airflow/.local/lib/python3.7/site-packages/airflow/example_dags/example_bash_operator.py for tasks to queue
[2023-10-10T17:54:48.918+0000] {logging_mixin.py:150} INFO - [2023-10-10T17:54:48.918+0000] {dagbag.py:541} INFO - Filling up the DagBag from /home/airflow/.local/lib/python3.7/site-packages/airflow/example_dags/example_bash_operator.py
[2023-10-10T17:54:48.986+0000] {processor.py:836} INFO - DAG(s) dict_keys(['example_bash_operator']) retrieved from /home/airflow/.local/lib/python3.7/site-packages/airflow/example_dags/example_bash_operator.py
[2023-10-10T17:54:49.117+0000] {logging_mixin.py:150} INFO - [2023-10-10T17:54:49.117+0000] {dag.py:2742} INFO - Sync 1 DAGs
[2023-10-10T17:54:49.189+0000] {logging_mixin.py:150} INFO - [2023-10-10T17:54:49.189+0000] {dag.py:3508} INFO - Setting next_dagrun for example_bash_operator to 2023-10-09T00:00:00+00:00, run_after=2023-10-10T00:00:00+00:00
[2023-10-10T17:54:49.300+0000] {processor.py:179} INFO - Processing /home/airflow/.local/lib/python3.7/site-packages/airflow/example_dags/example_bash_operator.py took 0.426 seconds
[2023-10-10T17:56:08.453+0000] {processor.py:157} INFO - Started process (PID=3254) to work on /home/airflow/.local/lib/python3.7/site-packages/airflow/example_dags/example_bash_operator.py
[2023-10-10T17:56:08.458+0000] {processor.py:826} INFO - Processing file /home/airflow/.local/lib/python3.7/site-packages/airflow/example_dags/example_bash_operator.py for tasks to queue
[2023-10-10T17:56:08.463+0000] {logging_mixin.py:150} INFO - [2023-10-10T17:56:08.462+0000] {dagbag.py:541} INFO - Filling up the DagBag from /home/airflow/.local/lib/python3.7/site-packages/airflow/example_dags/example_bash_operator.py
[2023-10-10T17:56:08.507+0000] {processor.py:836} INFO - DAG(s) dict_keys(['example_bash_operator']) retrieved from /home/airflow/.local/lib/python3.7/site-packages/airflow/example_dags/example_bash_operator.py
[2023-10-10T17:56:08.672+0000] {logging_mixin.py:150} INFO - [2023-10-10T17:56:08.672+0000] {dag.py:2742} INFO - Sync 1 DAGs
[2023-10-10T17:56:08.763+0000] {logging_mixin.py:150} INFO - [2023-10-10T17:56:08.763+0000] {dag.py:3508} INFO - Setting next_dagrun for example_bash_operator to 2023-10-09T00:00:00+00:00, run_after=2023-10-10T00:00:00+00:00
[2023-10-10T17:56:08.835+0000] {processor.py:179} INFO - Processing /home/airflow/.local/lib/python3.7/site-packages/airflow/example_dags/example_bash_operator.py took 0.393 seconds
[2023-10-10T17:56:41.843+0000] {processor.py:157} INFO - Started process (PID=3337) to work on /home/airflow/.local/lib/python3.7/site-packages/airflow/example_dags/example_bash_operator.py
[2023-10-10T17:56:41.847+0000] {processor.py:826} INFO - Processing file /home/airflow/.local/lib/python3.7/site-packages/airflow/example_dags/example_bash_operator.py for tasks to queue
[2023-10-10T17:56:41.851+0000] {logging_mixin.py:150} INFO - [2023-10-10T17:56:41.850+0000] {dagbag.py:541} INFO - Filling up the DagBag from /home/airflow/.local/lib/python3.7/site-packages/airflow/example_dags/example_bash_operator.py
[2023-10-10T17:56:41.902+0000] {processor.py:836} INFO - DAG(s) dict_keys(['example_bash_operator']) retrieved from /home/airflow/.local/lib/python3.7/site-packages/airflow/example_dags/example_bash_operator.py
[2023-10-10T17:56:42.067+0000] {logging_mixin.py:150} INFO - [2023-10-10T17:56:42.066+0000] {dag.py:2742} INFO - Sync 1 DAGs
[2023-10-10T17:56:42.165+0000] {logging_mixin.py:150} INFO - [2023-10-10T17:56:42.165+0000] {dag.py:3508} INFO - Setting next_dagrun for example_bash_operator to 2023-10-09T00:00:00+00:00, run_after=2023-10-10T00:00:00+00:00
[2023-10-10T17:56:42.221+0000] {processor.py:179} INFO - Processing /home/airflow/.local/lib/python3.7/site-packages/airflow/example_dags/example_bash_operator.py took 0.391 seconds
[2023-10-10T17:57:54.643+0000] {processor.py:157} INFO - Started process (PID=3435) to work on /home/airflow/.local/lib/python3.7/site-packages/airflow/example_dags/example_bash_operator.py
[2023-10-10T17:57:54.651+0000] {processor.py:826} INFO - Processing file /home/airflow/.local/lib/python3.7/site-packages/airflow/example_dags/example_bash_operator.py for tasks to queue
[2023-10-10T17:57:54.705+0000] {logging_mixin.py:150} INFO - [2023-10-10T17:57:54.703+0000] {dagbag.py:541} INFO - Filling up the DagBag from /home/airflow/.local/lib/python3.7/site-packages/airflow/example_dags/example_bash_operator.py
[2023-10-10T17:57:55.023+0000] {processor.py:836} INFO - DAG(s) dict_keys(['example_bash_operator']) retrieved from /home/airflow/.local/lib/python3.7/site-packages/airflow/example_dags/example_bash_operator.py
[2023-10-10T17:57:55.377+0000] {logging_mixin.py:150} INFO - [2023-10-10T17:57:55.375+0000] {dag.py:2742} INFO - Sync 1 DAGs
[2023-10-10T17:57:55.796+0000] {logging_mixin.py:150} INFO - [2023-10-10T17:57:55.795+0000] {dag.py:3508} INFO - Setting next_dagrun for example_bash_operator to 2023-10-09T00:00:00+00:00, run_after=2023-10-10T00:00:00+00:00
[2023-10-10T17:57:55.988+0000] {processor.py:179} INFO - Processing /home/airflow/.local/lib/python3.7/site-packages/airflow/example_dags/example_bash_operator.py took 1.480 seconds
[2023-10-10T17:58:43.316+0000] {processor.py:157} INFO - Started process (PID=3539) to work on /home/airflow/.local/lib/python3.7/site-packages/airflow/example_dags/example_bash_operator.py
[2023-10-10T17:58:43.324+0000] {processor.py:826} INFO - Processing file /home/airflow/.local/lib/python3.7/site-packages/airflow/example_dags/example_bash_operator.py for tasks to queue
[2023-10-10T17:58:43.331+0000] {logging_mixin.py:150} INFO - [2023-10-10T17:58:43.330+0000] {dagbag.py:541} INFO - Filling up the DagBag from /home/airflow/.local/lib/python3.7/site-packages/airflow/example_dags/example_bash_operator.py
[2023-10-10T17:58:43.423+0000] {processor.py:836} INFO - DAG(s) dict_keys(['example_bash_operator']) retrieved from /home/airflow/.local/lib/python3.7/site-packages/airflow/example_dags/example_bash_operator.py
[2023-10-10T17:58:43.602+0000] {logging_mixin.py:150} INFO - [2023-10-10T17:58:43.601+0000] {dag.py:2742} INFO - Sync 1 DAGs
[2023-10-10T17:58:43.778+0000] {logging_mixin.py:150} INFO - [2023-10-10T17:58:43.776+0000] {dag.py:3508} INFO - Setting next_dagrun for example_bash_operator to 2023-10-09T00:00:00+00:00, run_after=2023-10-10T00:00:00+00:00
[2023-10-10T17:58:43.932+0000] {processor.py:179} INFO - Processing /home/airflow/.local/lib/python3.7/site-packages/airflow/example_dags/example_bash_operator.py took 0.637 seconds
[2023-10-10T17:59:22.871+0000] {processor.py:157} INFO - Started process (PID=3635) to work on /home/airflow/.local/lib/python3.7/site-packages/airflow/example_dags/example_bash_operator.py
[2023-10-10T17:59:22.895+0000] {processor.py:826} INFO - Processing file /home/airflow/.local/lib/python3.7/site-packages/airflow/example_dags/example_bash_operator.py for tasks to queue
[2023-10-10T17:59:22.916+0000] {logging_mixin.py:150} INFO - [2023-10-10T17:59:22.914+0000] {dagbag.py:541} INFO - Filling up the DagBag from /home/airflow/.local/lib/python3.7/site-packages/airflow/example_dags/example_bash_operator.py
[2023-10-10T17:59:23.170+0000] {processor.py:836} INFO - DAG(s) dict_keys(['example_bash_operator']) retrieved from /home/airflow/.local/lib/python3.7/site-packages/airflow/example_dags/example_bash_operator.py
[2023-10-10T17:59:24.158+0000] {logging_mixin.py:150} INFO - [2023-10-10T17:59:24.157+0000] {dag.py:2742} INFO - Sync 1 DAGs
[2023-10-10T17:59:24.836+0000] {logging_mixin.py:150} INFO - [2023-10-10T17:59:24.835+0000] {dag.py:3508} INFO - Setting next_dagrun for example_bash_operator to 2023-10-09T00:00:00+00:00, run_after=2023-10-10T00:00:00+00:00
[2023-10-10T17:59:25.410+0000] {processor.py:179} INFO - Processing /home/airflow/.local/lib/python3.7/site-packages/airflow/example_dags/example_bash_operator.py took 2.610 seconds
[2023-10-10T17:59:56.367+0000] {processor.py:157} INFO - Started process (PID=3709) to work on /home/airflow/.local/lib/python3.7/site-packages/airflow/example_dags/example_bash_operator.py
[2023-10-10T17:59:56.373+0000] {processor.py:826} INFO - Processing file /home/airflow/.local/lib/python3.7/site-packages/airflow/example_dags/example_bash_operator.py for tasks to queue
[2023-10-10T17:59:56.379+0000] {logging_mixin.py:150} INFO - [2023-10-10T17:59:56.377+0000] {dagbag.py:541} INFO - Filling up the DagBag from /home/airflow/.local/lib/python3.7/site-packages/airflow/example_dags/example_bash_operator.py
[2023-10-10T17:59:56.454+0000] {processor.py:836} INFO - DAG(s) dict_keys(['example_bash_operator']) retrieved from /home/airflow/.local/lib/python3.7/site-packages/airflow/example_dags/example_bash_operator.py
[2023-10-10T17:59:56.653+0000] {logging_mixin.py:150} INFO - [2023-10-10T17:59:56.652+0000] {dag.py:2742} INFO - Sync 1 DAGs
[2023-10-10T17:59:56.772+0000] {logging_mixin.py:150} INFO - [2023-10-10T17:59:56.771+0000] {dag.py:3508} INFO - Setting next_dagrun for example_bash_operator to 2023-10-09T00:00:00+00:00, run_after=2023-10-10T00:00:00+00:00
[2023-10-10T17:59:56.848+0000] {processor.py:179} INFO - Processing /home/airflow/.local/lib/python3.7/site-packages/airflow/example_dags/example_bash_operator.py took 0.497 seconds
[2023-10-10T18:00:27.124+0000] {processor.py:157} INFO - Started process (PID=3791) to work on /home/airflow/.local/lib/python3.7/site-packages/airflow/example_dags/example_bash_operator.py
[2023-10-10T18:00:27.127+0000] {processor.py:826} INFO - Processing file /home/airflow/.local/lib/python3.7/site-packages/airflow/example_dags/example_bash_operator.py for tasks to queue
[2023-10-10T18:00:27.130+0000] {logging_mixin.py:150} INFO - [2023-10-10T18:00:27.130+0000] {dagbag.py:541} INFO - Filling up the DagBag from /home/airflow/.local/lib/python3.7/site-packages/airflow/example_dags/example_bash_operator.py
[2023-10-10T18:00:27.163+0000] {processor.py:836} INFO - DAG(s) dict_keys(['example_bash_operator']) retrieved from /home/airflow/.local/lib/python3.7/site-packages/airflow/example_dags/example_bash_operator.py
[2023-10-10T18:00:27.244+0000] {logging_mixin.py:150} INFO - [2023-10-10T18:00:27.244+0000] {dag.py:2742} INFO - Sync 1 DAGs
[2023-10-10T18:00:27.303+0000] {logging_mixin.py:150} INFO - [2023-10-10T18:00:27.303+0000] {dag.py:3508} INFO - Setting next_dagrun for example_bash_operator to 2023-10-09T00:00:00+00:00, run_after=2023-10-10T00:00:00+00:00
[2023-10-10T18:00:27.342+0000] {processor.py:179} INFO - Processing /home/airflow/.local/lib/python3.7/site-packages/airflow/example_dags/example_bash_operator.py took 0.226 seconds
[2023-10-10T18:00:57.393+0000] {processor.py:157} INFO - Started process (PID=3872) to work on /home/airflow/.local/lib/python3.7/site-packages/airflow/example_dags/example_bash_operator.py
[2023-10-10T18:00:57.395+0000] {processor.py:826} INFO - Processing file /home/airflow/.local/lib/python3.7/site-packages/airflow/example_dags/example_bash_operator.py for tasks to queue
[2023-10-10T18:00:57.397+0000] {logging_mixin.py:150} INFO - [2023-10-10T18:00:57.396+0000] {dagbag.py:541} INFO - Filling up the DagBag from /home/airflow/.local/lib/python3.7/site-packages/airflow/example_dags/example_bash_operator.py
[2023-10-10T18:00:57.425+0000] {processor.py:836} INFO - DAG(s) dict_keys(['example_bash_operator']) retrieved from /home/airflow/.local/lib/python3.7/site-packages/airflow/example_dags/example_bash_operator.py
[2023-10-10T18:00:57.494+0000] {logging_mixin.py:150} INFO - [2023-10-10T18:00:57.493+0000] {dag.py:2742} INFO - Sync 1 DAGs
[2023-10-10T18:00:57.559+0000] {logging_mixin.py:150} INFO - [2023-10-10T18:00:57.558+0000] {dag.py:3508} INFO - Setting next_dagrun for example_bash_operator to 2023-10-09T00:00:00+00:00, run_after=2023-10-10T00:00:00+00:00
[2023-10-10T18:00:57.612+0000] {processor.py:179} INFO - Processing /home/airflow/.local/lib/python3.7/site-packages/airflow/example_dags/example_bash_operator.py took 0.226 seconds
[2023-10-10T18:01:27.972+0000] {processor.py:157} INFO - Started process (PID=3963) to work on /home/airflow/.local/lib/python3.7/site-packages/airflow/example_dags/example_bash_operator.py
[2023-10-10T18:01:27.974+0000] {processor.py:826} INFO - Processing file /home/airflow/.local/lib/python3.7/site-packages/airflow/example_dags/example_bash_operator.py for tasks to queue
[2023-10-10T18:01:27.977+0000] {logging_mixin.py:150} INFO - [2023-10-10T18:01:27.977+0000] {dagbag.py:541} INFO - Filling up the DagBag from /home/airflow/.local/lib/python3.7/site-packages/airflow/example_dags/example_bash_operator.py
[2023-10-10T18:01:28.008+0000] {processor.py:836} INFO - DAG(s) dict_keys(['example_bash_operator']) retrieved from /home/airflow/.local/lib/python3.7/site-packages/airflow/example_dags/example_bash_operator.py
[2023-10-10T18:01:28.083+0000] {logging_mixin.py:150} INFO - [2023-10-10T18:01:28.083+0000] {dag.py:2742} INFO - Sync 1 DAGs
[2023-10-10T18:01:28.142+0000] {logging_mixin.py:150} INFO - [2023-10-10T18:01:28.142+0000] {dag.py:3508} INFO - Setting next_dagrun for example_bash_operator to 2023-10-09T00:00:00+00:00, run_after=2023-10-10T00:00:00+00:00
[2023-10-10T18:01:28.207+0000] {processor.py:179} INFO - Processing /home/airflow/.local/lib/python3.7/site-packages/airflow/example_dags/example_bash_operator.py took 0.241 seconds
[2023-10-10T18:01:58.316+0000] {processor.py:157} INFO - Started process (PID=4044) to work on /home/airflow/.local/lib/python3.7/site-packages/airflow/example_dags/example_bash_operator.py
[2023-10-10T18:01:58.320+0000] {processor.py:826} INFO - Processing file /home/airflow/.local/lib/python3.7/site-packages/airflow/example_dags/example_bash_operator.py for tasks to queue
[2023-10-10T18:01:58.322+0000] {logging_mixin.py:150} INFO - [2023-10-10T18:01:58.322+0000] {dagbag.py:541} INFO - Filling up the DagBag from /home/airflow/.local/lib/python3.7/site-packages/airflow/example_dags/example_bash_operator.py
[2023-10-10T18:01:58.357+0000] {processor.py:836} INFO - DAG(s) dict_keys(['example_bash_operator']) retrieved from /home/airflow/.local/lib/python3.7/site-packages/airflow/example_dags/example_bash_operator.py
[2023-10-10T18:01:58.444+0000] {logging_mixin.py:150} INFO - [2023-10-10T18:01:58.443+0000] {dag.py:2742} INFO - Sync 1 DAGs
[2023-10-10T18:01:58.501+0000] {logging_mixin.py:150} INFO - [2023-10-10T18:01:58.500+0000] {dag.py:3508} INFO - Setting next_dagrun for example_bash_operator to 2023-10-09T00:00:00+00:00, run_after=2023-10-10T00:00:00+00:00
[2023-10-10T18:01:58.540+0000] {processor.py:179} INFO - Processing /home/airflow/.local/lib/python3.7/site-packages/airflow/example_dags/example_bash_operator.py took 0.233 seconds
[2023-10-10T18:02:28.773+0000] {processor.py:157} INFO - Started process (PID=4125) to work on /home/airflow/.local/lib/python3.7/site-packages/airflow/example_dags/example_bash_operator.py
[2023-10-10T18:02:28.776+0000] {processor.py:826} INFO - Processing file /home/airflow/.local/lib/python3.7/site-packages/airflow/example_dags/example_bash_operator.py for tasks to queue
[2023-10-10T18:02:28.778+0000] {logging_mixin.py:150} INFO - [2023-10-10T18:02:28.778+0000] {dagbag.py:541} INFO - Filling up the DagBag from /home/airflow/.local/lib/python3.7/site-packages/airflow/example_dags/example_bash_operator.py
[2023-10-10T18:02:28.816+0000] {processor.py:836} INFO - DAG(s) dict_keys(['example_bash_operator']) retrieved from /home/airflow/.local/lib/python3.7/site-packages/airflow/example_dags/example_bash_operator.py
[2023-10-10T18:02:28.913+0000] {logging_mixin.py:150} INFO - [2023-10-10T18:02:28.912+0000] {dag.py:2742} INFO - Sync 1 DAGs
[2023-10-10T18:02:28.983+0000] {logging_mixin.py:150} INFO - [2023-10-10T18:02:28.983+0000] {dag.py:3508} INFO - Setting next_dagrun for example_bash_operator to 2023-10-09T00:00:00+00:00, run_after=2023-10-10T00:00:00+00:00
[2023-10-10T18:02:29.028+0000] {processor.py:179} INFO - Processing /home/airflow/.local/lib/python3.7/site-packages/airflow/example_dags/example_bash_operator.py took 0.264 seconds
[2023-10-10T18:02:59.301+0000] {processor.py:157} INFO - Started process (PID=4206) to work on /home/airflow/.local/lib/python3.7/site-packages/airflow/example_dags/example_bash_operator.py
[2023-10-10T18:02:59.304+0000] {processor.py:826} INFO - Processing file /home/airflow/.local/lib/python3.7/site-packages/airflow/example_dags/example_bash_operator.py for tasks to queue
[2023-10-10T18:02:59.306+0000] {logging_mixin.py:150} INFO - [2023-10-10T18:02:59.306+0000] {dagbag.py:541} INFO - Filling up the DagBag from /home/airflow/.local/lib/python3.7/site-packages/airflow/example_dags/example_bash_operator.py
[2023-10-10T18:02:59.335+0000] {processor.py:836} INFO - DAG(s) dict_keys(['example_bash_operator']) retrieved from /home/airflow/.local/lib/python3.7/site-packages/airflow/example_dags/example_bash_operator.py
[2023-10-10T18:02:59.409+0000] {logging_mixin.py:150} INFO - [2023-10-10T18:02:59.408+0000] {dag.py:2742} INFO - Sync 1 DAGs
[2023-10-10T18:02:59.463+0000] {logging_mixin.py:150} INFO - [2023-10-10T18:02:59.463+0000] {dag.py:3508} INFO - Setting next_dagrun for example_bash_operator to 2023-10-09T00:00:00+00:00, run_after=2023-10-10T00:00:00+00:00
[2023-10-10T18:02:59.507+0000] {processor.py:179} INFO - Processing /home/airflow/.local/lib/python3.7/site-packages/airflow/example_dags/example_bash_operator.py took 0.213 seconds
[2023-10-10T18:03:30.079+0000] {processor.py:157} INFO - Started process (PID=4296) to work on /home/airflow/.local/lib/python3.7/site-packages/airflow/example_dags/example_bash_operator.py
[2023-10-10T18:03:30.082+0000] {processor.py:826} INFO - Processing file /home/airflow/.local/lib/python3.7/site-packages/airflow/example_dags/example_bash_operator.py for tasks to queue
[2023-10-10T18:03:30.084+0000] {logging_mixin.py:150} INFO - [2023-10-10T18:03:30.084+0000] {dagbag.py:541} INFO - Filling up the DagBag from /home/airflow/.local/lib/python3.7/site-packages/airflow/example_dags/example_bash_operator.py
[2023-10-10T18:03:30.114+0000] {processor.py:836} INFO - DAG(s) dict_keys(['example_bash_operator']) retrieved from /home/airflow/.local/lib/python3.7/site-packages/airflow/example_dags/example_bash_operator.py
[2023-10-10T18:03:30.185+0000] {logging_mixin.py:150} INFO - [2023-10-10T18:03:30.185+0000] {dag.py:2742} INFO - Sync 1 DAGs
[2023-10-10T18:03:30.238+0000] {logging_mixin.py:150} INFO - [2023-10-10T18:03:30.238+0000] {dag.py:3508} INFO - Setting next_dagrun for example_bash_operator to 2023-10-09T00:00:00+00:00, run_after=2023-10-10T00:00:00+00:00
[2023-10-10T18:03:30.276+0000] {processor.py:179} INFO - Processing /home/airflow/.local/lib/python3.7/site-packages/airflow/example_dags/example_bash_operator.py took 0.203 seconds
[2023-10-10T18:04:00.964+0000] {processor.py:157} INFO - Started process (PID=4376) to work on /home/airflow/.local/lib/python3.7/site-packages/airflow/example_dags/example_bash_operator.py
[2023-10-10T18:04:00.966+0000] {processor.py:826} INFO - Processing file /home/airflow/.local/lib/python3.7/site-packages/airflow/example_dags/example_bash_operator.py for tasks to queue
[2023-10-10T18:04:00.968+0000] {logging_mixin.py:150} INFO - [2023-10-10T18:04:00.968+0000] {dagbag.py:541} INFO - Filling up the DagBag from /home/airflow/.local/lib/python3.7/site-packages/airflow/example_dags/example_bash_operator.py
[2023-10-10T18:04:00.994+0000] {processor.py:836} INFO - DAG(s) dict_keys(['example_bash_operator']) retrieved from /home/airflow/.local/lib/python3.7/site-packages/airflow/example_dags/example_bash_operator.py
[2023-10-10T18:04:01.057+0000] {logging_mixin.py:150} INFO - [2023-10-10T18:04:01.057+0000] {dag.py:2742} INFO - Sync 1 DAGs
[2023-10-10T18:04:01.107+0000] {logging_mixin.py:150} INFO - [2023-10-10T18:04:01.107+0000] {dag.py:3508} INFO - Setting next_dagrun for example_bash_operator to 2023-10-09T00:00:00+00:00, run_after=2023-10-10T00:00:00+00:00
[2023-10-10T18:04:01.149+0000] {processor.py:179} INFO - Processing /home/airflow/.local/lib/python3.7/site-packages/airflow/example_dags/example_bash_operator.py took 0.191 seconds
[2023-10-10T18:04:31.211+0000] {processor.py:157} INFO - Started process (PID=4457) to work on /home/airflow/.local/lib/python3.7/site-packages/airflow/example_dags/example_bash_operator.py
[2023-10-10T18:04:31.215+0000] {processor.py:826} INFO - Processing file /home/airflow/.local/lib/python3.7/site-packages/airflow/example_dags/example_bash_operator.py for tasks to queue
[2023-10-10T18:04:31.219+0000] {logging_mixin.py:150} INFO - [2023-10-10T18:04:31.218+0000] {dagbag.py:541} INFO - Filling up the DagBag from /home/airflow/.local/lib/python3.7/site-packages/airflow/example_dags/example_bash_operator.py
[2023-10-10T18:04:31.266+0000] {processor.py:836} INFO - DAG(s) dict_keys(['example_bash_operator']) retrieved from /home/airflow/.local/lib/python3.7/site-packages/airflow/example_dags/example_bash_operator.py
[2023-10-10T18:04:31.392+0000] {logging_mixin.py:150} INFO - [2023-10-10T18:04:31.392+0000] {dag.py:2742} INFO - Sync 1 DAGs
[2023-10-10T18:04:31.476+0000] {logging_mixin.py:150} INFO - [2023-10-10T18:04:31.475+0000] {dag.py:3508} INFO - Setting next_dagrun for example_bash_operator to 2023-10-09T00:00:00+00:00, run_after=2023-10-10T00:00:00+00:00
[2023-10-10T18:04:31.531+0000] {processor.py:179} INFO - Processing /home/airflow/.local/lib/python3.7/site-packages/airflow/example_dags/example_bash_operator.py took 0.332 seconds
[2023-10-10T18:05:05.001+0000] {processor.py:157} INFO - Started process (PID=4540) to work on /home/airflow/.local/lib/python3.7/site-packages/airflow/example_dags/example_bash_operator.py
[2023-10-10T18:05:05.007+0000] {processor.py:826} INFO - Processing file /home/airflow/.local/lib/python3.7/site-packages/airflow/example_dags/example_bash_operator.py for tasks to queue
[2023-10-10T18:05:05.013+0000] {logging_mixin.py:150} INFO - [2023-10-10T18:05:05.012+0000] {dagbag.py:541} INFO - Filling up the DagBag from /home/airflow/.local/lib/python3.7/site-packages/airflow/example_dags/example_bash_operator.py
[2023-10-10T18:05:05.090+0000] {processor.py:836} INFO - DAG(s) dict_keys(['example_bash_operator']) retrieved from /home/airflow/.local/lib/python3.7/site-packages/airflow/example_dags/example_bash_operator.py
[2023-10-10T18:05:05.278+0000] {logging_mixin.py:150} INFO - [2023-10-10T18:05:05.277+0000] {dag.py:2742} INFO - Sync 1 DAGs
[2023-10-10T18:05:05.479+0000] {logging_mixin.py:150} INFO - [2023-10-10T18:05:05.478+0000] {dag.py:3508} INFO - Setting next_dagrun for example_bash_operator to 2023-10-09T00:00:00+00:00, run_after=2023-10-10T00:00:00+00:00
[2023-10-10T18:05:05.566+0000] {processor.py:179} INFO - Processing /home/airflow/.local/lib/python3.7/site-packages/airflow/example_dags/example_bash_operator.py took 0.582 seconds
[2023-10-10T18:05:47.298+0000] {processor.py:157} INFO - Started process (PID=4626) to work on /home/airflow/.local/lib/python3.7/site-packages/airflow/example_dags/example_bash_operator.py
[2023-10-10T18:05:47.306+0000] {processor.py:826} INFO - Processing file /home/airflow/.local/lib/python3.7/site-packages/airflow/example_dags/example_bash_operator.py for tasks to queue
[2023-10-10T18:05:47.319+0000] {logging_mixin.py:150} INFO - [2023-10-10T18:05:47.318+0000] {dagbag.py:541} INFO - Filling up the DagBag from /home/airflow/.local/lib/python3.7/site-packages/airflow/example_dags/example_bash_operator.py
[2023-10-10T18:05:47.449+0000] {processor.py:836} INFO - DAG(s) dict_keys(['example_bash_operator']) retrieved from /home/airflow/.local/lib/python3.7/site-packages/airflow/example_dags/example_bash_operator.py
[2023-10-10T18:05:47.805+0000] {logging_mixin.py:150} INFO - [2023-10-10T18:05:47.804+0000] {dag.py:2742} INFO - Sync 1 DAGs
[2023-10-10T18:05:47.986+0000] {logging_mixin.py:150} INFO - [2023-10-10T18:05:47.985+0000] {dag.py:3508} INFO - Setting next_dagrun for example_bash_operator to 2023-10-09T00:00:00+00:00, run_after=2023-10-10T00:00:00+00:00
[2023-10-10T18:05:48.876+0000] {processor.py:179} INFO - Processing /home/airflow/.local/lib/python3.7/site-packages/airflow/example_dags/example_bash_operator.py took 1.597 seconds
