[2023-10-10T17:36:39.726+0000] {processor.py:157} INFO - Started process (PID=95) to work on /home/airflow/.local/lib/python3.7/site-packages/airflow/example_dags/example_branch_operator.py
[2023-10-10T17:36:39.728+0000] {processor.py:826} INFO - Processing file /home/airflow/.local/lib/python3.7/site-packages/airflow/example_dags/example_branch_operator.py for tasks to queue
[2023-10-10T17:36:39.730+0000] {logging_mixin.py:150} INFO - [2023-10-10T17:36:39.730+0000] {dagbag.py:541} INFO - Filling up the DagBag from /home/airflow/.local/lib/python3.7/site-packages/airflow/example_dags/example_branch_operator.py
[2023-10-10T17:36:39.744+0000] {processor.py:836} INFO - DAG(s) dict_keys(['example_branch_operator']) retrieved from /home/airflow/.local/lib/python3.7/site-packages/airflow/example_dags/example_branch_operator.py
[2023-10-10T17:36:39.771+0000] {logging_mixin.py:150} INFO - [2023-10-10T17:36:39.771+0000] {dag.py:2742} INFO - Sync 1 DAGs
[2023-10-10T17:36:39.809+0000] {logging_mixin.py:150} INFO - [2023-10-10T17:36:39.808+0000] {dag.py:3508} INFO - Setting next_dagrun for example_branch_operator to 2023-10-09T00:00:00+00:00, run_after=2023-10-10T00:00:00+00:00
[2023-10-10T17:36:39.833+0000] {processor.py:179} INFO - Processing /home/airflow/.local/lib/python3.7/site-packages/airflow/example_dags/example_branch_operator.py took 0.112 seconds
[2023-10-10T17:37:10.408+0000] {processor.py:157} INFO - Started process (PID=182) to work on /home/airflow/.local/lib/python3.7/site-packages/airflow/example_dags/example_branch_operator.py
[2023-10-10T17:37:10.410+0000] {processor.py:826} INFO - Processing file /home/airflow/.local/lib/python3.7/site-packages/airflow/example_dags/example_branch_operator.py for tasks to queue
[2023-10-10T17:37:10.411+0000] {logging_mixin.py:150} INFO - [2023-10-10T17:37:10.411+0000] {dagbag.py:541} INFO - Filling up the DagBag from /home/airflow/.local/lib/python3.7/site-packages/airflow/example_dags/example_branch_operator.py
[2023-10-10T17:37:10.426+0000] {processor.py:836} INFO - DAG(s) dict_keys(['example_branch_operator']) retrieved from /home/airflow/.local/lib/python3.7/site-packages/airflow/example_dags/example_branch_operator.py
[2023-10-10T17:37:10.460+0000] {logging_mixin.py:150} INFO - [2023-10-10T17:37:10.460+0000] {dag.py:2742} INFO - Sync 1 DAGs
[2023-10-10T17:37:10.493+0000] {logging_mixin.py:150} INFO - [2023-10-10T17:37:10.493+0000] {dag.py:3508} INFO - Setting next_dagrun for example_branch_operator to 2023-10-09T00:00:00+00:00, run_after=2023-10-10T00:00:00+00:00
[2023-10-10T17:37:10.514+0000] {processor.py:179} INFO - Processing /home/airflow/.local/lib/python3.7/site-packages/airflow/example_dags/example_branch_operator.py took 0.111 seconds
[2023-10-10T17:37:42.415+0000] {processor.py:157} INFO - Started process (PID=271) to work on /home/airflow/.local/lib/python3.7/site-packages/airflow/example_dags/example_branch_operator.py
[2023-10-10T17:37:42.417+0000] {processor.py:826} INFO - Processing file /home/airflow/.local/lib/python3.7/site-packages/airflow/example_dags/example_branch_operator.py for tasks to queue
[2023-10-10T17:37:42.419+0000] {logging_mixin.py:150} INFO - [2023-10-10T17:37:42.419+0000] {dagbag.py:541} INFO - Filling up the DagBag from /home/airflow/.local/lib/python3.7/site-packages/airflow/example_dags/example_branch_operator.py
[2023-10-10T17:37:42.436+0000] {processor.py:836} INFO - DAG(s) dict_keys(['example_branch_operator']) retrieved from /home/airflow/.local/lib/python3.7/site-packages/airflow/example_dags/example_branch_operator.py
[2023-10-10T17:37:42.484+0000] {logging_mixin.py:150} INFO - [2023-10-10T17:37:42.484+0000] {dag.py:2742} INFO - Sync 1 DAGs
[2023-10-10T17:37:42.526+0000] {logging_mixin.py:150} INFO - [2023-10-10T17:37:42.526+0000] {dag.py:3508} INFO - Setting next_dagrun for example_branch_operator to 2023-10-09T00:00:00+00:00, run_after=2023-10-10T00:00:00+00:00
[2023-10-10T17:37:42.553+0000] {processor.py:179} INFO - Processing /home/airflow/.local/lib/python3.7/site-packages/airflow/example_dags/example_branch_operator.py took 0.145 seconds
[2023-10-10T17:38:13.109+0000] {processor.py:157} INFO - Started process (PID=351) to work on /home/airflow/.local/lib/python3.7/site-packages/airflow/example_dags/example_branch_operator.py
[2023-10-10T17:38:13.111+0000] {processor.py:826} INFO - Processing file /home/airflow/.local/lib/python3.7/site-packages/airflow/example_dags/example_branch_operator.py for tasks to queue
[2023-10-10T17:38:13.113+0000] {logging_mixin.py:150} INFO - [2023-10-10T17:38:13.113+0000] {dagbag.py:541} INFO - Filling up the DagBag from /home/airflow/.local/lib/python3.7/site-packages/airflow/example_dags/example_branch_operator.py
[2023-10-10T17:38:13.130+0000] {processor.py:836} INFO - DAG(s) dict_keys(['example_branch_operator']) retrieved from /home/airflow/.local/lib/python3.7/site-packages/airflow/example_dags/example_branch_operator.py
[2023-10-10T17:38:13.166+0000] {logging_mixin.py:150} INFO - [2023-10-10T17:38:13.166+0000] {dag.py:2742} INFO - Sync 1 DAGs
[2023-10-10T17:38:13.225+0000] {logging_mixin.py:150} INFO - [2023-10-10T17:38:13.225+0000] {dag.py:3508} INFO - Setting next_dagrun for example_branch_operator to 2023-10-09T00:00:00+00:00, run_after=2023-10-10T00:00:00+00:00
[2023-10-10T17:38:13.251+0000] {processor.py:179} INFO - Processing /home/airflow/.local/lib/python3.7/site-packages/airflow/example_dags/example_branch_operator.py took 0.148 seconds
[2023-10-10T17:38:44.098+0000] {processor.py:157} INFO - Started process (PID=454) to work on /home/airflow/.local/lib/python3.7/site-packages/airflow/example_dags/example_branch_operator.py
[2023-10-10T17:38:44.101+0000] {processor.py:826} INFO - Processing file /home/airflow/.local/lib/python3.7/site-packages/airflow/example_dags/example_branch_operator.py for tasks to queue
[2023-10-10T17:38:44.102+0000] {logging_mixin.py:150} INFO - [2023-10-10T17:38:44.102+0000] {dagbag.py:541} INFO - Filling up the DagBag from /home/airflow/.local/lib/python3.7/site-packages/airflow/example_dags/example_branch_operator.py
[2023-10-10T17:38:44.116+0000] {processor.py:836} INFO - DAG(s) dict_keys(['example_branch_operator']) retrieved from /home/airflow/.local/lib/python3.7/site-packages/airflow/example_dags/example_branch_operator.py
[2023-10-10T17:38:44.149+0000] {logging_mixin.py:150} INFO - [2023-10-10T17:38:44.149+0000] {dag.py:2742} INFO - Sync 1 DAGs
[2023-10-10T17:38:44.181+0000] {logging_mixin.py:150} INFO - [2023-10-10T17:38:44.181+0000] {dag.py:3508} INFO - Setting next_dagrun for example_branch_operator to 2023-10-09T00:00:00+00:00, run_after=2023-10-10T00:00:00+00:00
[2023-10-10T17:38:44.203+0000] {processor.py:179} INFO - Processing /home/airflow/.local/lib/python3.7/site-packages/airflow/example_dags/example_branch_operator.py took 0.109 seconds
[2023-10-10T17:39:15.176+0000] {processor.py:157} INFO - Started process (PID=534) to work on /home/airflow/.local/lib/python3.7/site-packages/airflow/example_dags/example_branch_operator.py
[2023-10-10T17:39:15.179+0000] {processor.py:826} INFO - Processing file /home/airflow/.local/lib/python3.7/site-packages/airflow/example_dags/example_branch_operator.py for tasks to queue
[2023-10-10T17:39:15.180+0000] {logging_mixin.py:150} INFO - [2023-10-10T17:39:15.180+0000] {dagbag.py:541} INFO - Filling up the DagBag from /home/airflow/.local/lib/python3.7/site-packages/airflow/example_dags/example_branch_operator.py
[2023-10-10T17:39:15.194+0000] {processor.py:836} INFO - DAG(s) dict_keys(['example_branch_operator']) retrieved from /home/airflow/.local/lib/python3.7/site-packages/airflow/example_dags/example_branch_operator.py
[2023-10-10T17:39:15.227+0000] {logging_mixin.py:150} INFO - [2023-10-10T17:39:15.227+0000] {dag.py:2742} INFO - Sync 1 DAGs
[2023-10-10T17:39:15.263+0000] {logging_mixin.py:150} INFO - [2023-10-10T17:39:15.262+0000] {dag.py:3508} INFO - Setting next_dagrun for example_branch_operator to 2023-10-09T00:00:00+00:00, run_after=2023-10-10T00:00:00+00:00
[2023-10-10T17:39:15.287+0000] {processor.py:179} INFO - Processing /home/airflow/.local/lib/python3.7/site-packages/airflow/example_dags/example_branch_operator.py took 0.116 seconds
[2023-10-10T17:39:45.621+0000] {processor.py:157} INFO - Started process (PID=623) to work on /home/airflow/.local/lib/python3.7/site-packages/airflow/example_dags/example_branch_operator.py
[2023-10-10T17:39:45.623+0000] {processor.py:826} INFO - Processing file /home/airflow/.local/lib/python3.7/site-packages/airflow/example_dags/example_branch_operator.py for tasks to queue
[2023-10-10T17:39:45.625+0000] {logging_mixin.py:150} INFO - [2023-10-10T17:39:45.625+0000] {dagbag.py:541} INFO - Filling up the DagBag from /home/airflow/.local/lib/python3.7/site-packages/airflow/example_dags/example_branch_operator.py
[2023-10-10T17:39:45.640+0000] {processor.py:836} INFO - DAG(s) dict_keys(['example_branch_operator']) retrieved from /home/airflow/.local/lib/python3.7/site-packages/airflow/example_dags/example_branch_operator.py
[2023-10-10T17:39:45.678+0000] {logging_mixin.py:150} INFO - [2023-10-10T17:39:45.678+0000] {dag.py:2742} INFO - Sync 1 DAGs
[2023-10-10T17:39:45.711+0000] {logging_mixin.py:150} INFO - [2023-10-10T17:39:45.711+0000] {dag.py:3508} INFO - Setting next_dagrun for example_branch_operator to 2023-10-09T00:00:00+00:00, run_after=2023-10-10T00:00:00+00:00
[2023-10-10T17:39:45.735+0000] {processor.py:179} INFO - Processing /home/airflow/.local/lib/python3.7/site-packages/airflow/example_dags/example_branch_operator.py took 0.119 seconds
[2023-10-10T17:40:17.172+0000] {processor.py:157} INFO - Started process (PID=703) to work on /home/airflow/.local/lib/python3.7/site-packages/airflow/example_dags/example_branch_operator.py
[2023-10-10T17:40:17.173+0000] {processor.py:826} INFO - Processing file /home/airflow/.local/lib/python3.7/site-packages/airflow/example_dags/example_branch_operator.py for tasks to queue
[2023-10-10T17:40:17.175+0000] {logging_mixin.py:150} INFO - [2023-10-10T17:40:17.175+0000] {dagbag.py:541} INFO - Filling up the DagBag from /home/airflow/.local/lib/python3.7/site-packages/airflow/example_dags/example_branch_operator.py
[2023-10-10T17:40:17.188+0000] {processor.py:836} INFO - DAG(s) dict_keys(['example_branch_operator']) retrieved from /home/airflow/.local/lib/python3.7/site-packages/airflow/example_dags/example_branch_operator.py
[2023-10-10T17:40:17.227+0000] {logging_mixin.py:150} INFO - [2023-10-10T17:40:17.227+0000] {dag.py:2742} INFO - Sync 1 DAGs
[2023-10-10T17:40:17.274+0000] {logging_mixin.py:150} INFO - [2023-10-10T17:40:17.274+0000] {dag.py:3508} INFO - Setting next_dagrun for example_branch_operator to 2023-10-09T00:00:00+00:00, run_after=2023-10-10T00:00:00+00:00
[2023-10-10T17:40:17.303+0000] {processor.py:179} INFO - Processing /home/airflow/.local/lib/python3.7/site-packages/airflow/example_dags/example_branch_operator.py took 0.136 seconds
[2023-10-10T17:40:48.864+0000] {processor.py:157} INFO - Started process (PID=793) to work on /home/airflow/.local/lib/python3.7/site-packages/airflow/example_dags/example_branch_operator.py
[2023-10-10T17:40:48.866+0000] {processor.py:826} INFO - Processing file /home/airflow/.local/lib/python3.7/site-packages/airflow/example_dags/example_branch_operator.py for tasks to queue
[2023-10-10T17:40:48.868+0000] {logging_mixin.py:150} INFO - [2023-10-10T17:40:48.868+0000] {dagbag.py:541} INFO - Filling up the DagBag from /home/airflow/.local/lib/python3.7/site-packages/airflow/example_dags/example_branch_operator.py
[2023-10-10T17:40:48.884+0000] {processor.py:836} INFO - DAG(s) dict_keys(['example_branch_operator']) retrieved from /home/airflow/.local/lib/python3.7/site-packages/airflow/example_dags/example_branch_operator.py
[2023-10-10T17:40:48.934+0000] {logging_mixin.py:150} INFO - [2023-10-10T17:40:48.934+0000] {dag.py:2742} INFO - Sync 1 DAGs
[2023-10-10T17:40:48.977+0000] {logging_mixin.py:150} INFO - [2023-10-10T17:40:48.977+0000] {dag.py:3508} INFO - Setting next_dagrun for example_branch_operator to 2023-10-09T00:00:00+00:00, run_after=2023-10-10T00:00:00+00:00
[2023-10-10T17:40:49.002+0000] {processor.py:179} INFO - Processing /home/airflow/.local/lib/python3.7/site-packages/airflow/example_dags/example_branch_operator.py took 0.143 seconds
[2023-10-10T17:41:20.124+0000] {processor.py:157} INFO - Started process (PID=873) to work on /home/airflow/.local/lib/python3.7/site-packages/airflow/example_dags/example_branch_operator.py
[2023-10-10T17:41:20.127+0000] {processor.py:826} INFO - Processing file /home/airflow/.local/lib/python3.7/site-packages/airflow/example_dags/example_branch_operator.py for tasks to queue
[2023-10-10T17:41:20.128+0000] {logging_mixin.py:150} INFO - [2023-10-10T17:41:20.128+0000] {dagbag.py:541} INFO - Filling up the DagBag from /home/airflow/.local/lib/python3.7/site-packages/airflow/example_dags/example_branch_operator.py
[2023-10-10T17:41:20.145+0000] {processor.py:836} INFO - DAG(s) dict_keys(['example_branch_operator']) retrieved from /home/airflow/.local/lib/python3.7/site-packages/airflow/example_dags/example_branch_operator.py
[2023-10-10T17:41:20.198+0000] {logging_mixin.py:150} INFO - [2023-10-10T17:41:20.198+0000] {dag.py:2742} INFO - Sync 1 DAGs
[2023-10-10T17:41:20.239+0000] {logging_mixin.py:150} INFO - [2023-10-10T17:41:20.239+0000] {dag.py:3508} INFO - Setting next_dagrun for example_branch_operator to 2023-10-09T00:00:00+00:00, run_after=2023-10-10T00:00:00+00:00
[2023-10-10T17:41:20.269+0000] {processor.py:179} INFO - Processing /home/airflow/.local/lib/python3.7/site-packages/airflow/example_dags/example_branch_operator.py took 0.151 seconds
[2023-10-10T17:41:51.144+0000] {processor.py:157} INFO - Started process (PID=963) to work on /home/airflow/.local/lib/python3.7/site-packages/airflow/example_dags/example_branch_operator.py
[2023-10-10T17:41:51.146+0000] {processor.py:826} INFO - Processing file /home/airflow/.local/lib/python3.7/site-packages/airflow/example_dags/example_branch_operator.py for tasks to queue
[2023-10-10T17:41:51.148+0000] {logging_mixin.py:150} INFO - [2023-10-10T17:41:51.147+0000] {dagbag.py:541} INFO - Filling up the DagBag from /home/airflow/.local/lib/python3.7/site-packages/airflow/example_dags/example_branch_operator.py
[2023-10-10T17:41:51.162+0000] {processor.py:836} INFO - DAG(s) dict_keys(['example_branch_operator']) retrieved from /home/airflow/.local/lib/python3.7/site-packages/airflow/example_dags/example_branch_operator.py
[2023-10-10T17:41:51.196+0000] {logging_mixin.py:150} INFO - [2023-10-10T17:41:51.196+0000] {dag.py:2742} INFO - Sync 1 DAGs
[2023-10-10T17:41:51.230+0000] {logging_mixin.py:150} INFO - [2023-10-10T17:41:51.230+0000] {dag.py:3508} INFO - Setting next_dagrun for example_branch_operator to 2023-10-09T00:00:00+00:00, run_after=2023-10-10T00:00:00+00:00
[2023-10-10T17:41:51.253+0000] {processor.py:179} INFO - Processing /home/airflow/.local/lib/python3.7/site-packages/airflow/example_dags/example_branch_operator.py took 0.115 seconds
[2023-10-10T17:42:22.691+0000] {processor.py:157} INFO - Started process (PID=1043) to work on /home/airflow/.local/lib/python3.7/site-packages/airflow/example_dags/example_branch_operator.py
[2023-10-10T17:42:22.694+0000] {processor.py:826} INFO - Processing file /home/airflow/.local/lib/python3.7/site-packages/airflow/example_dags/example_branch_operator.py for tasks to queue
[2023-10-10T17:42:22.696+0000] {logging_mixin.py:150} INFO - [2023-10-10T17:42:22.696+0000] {dagbag.py:541} INFO - Filling up the DagBag from /home/airflow/.local/lib/python3.7/site-packages/airflow/example_dags/example_branch_operator.py
[2023-10-10T17:42:22.711+0000] {processor.py:836} INFO - DAG(s) dict_keys(['example_branch_operator']) retrieved from /home/airflow/.local/lib/python3.7/site-packages/airflow/example_dags/example_branch_operator.py
[2023-10-10T17:42:22.755+0000] {logging_mixin.py:150} INFO - [2023-10-10T17:42:22.755+0000] {dag.py:2742} INFO - Sync 1 DAGs
[2023-10-10T17:42:22.793+0000] {logging_mixin.py:150} INFO - [2023-10-10T17:42:22.793+0000] {dag.py:3508} INFO - Setting next_dagrun for example_branch_operator to 2023-10-09T00:00:00+00:00, run_after=2023-10-10T00:00:00+00:00
[2023-10-10T17:42:22.823+0000] {processor.py:179} INFO - Processing /home/airflow/.local/lib/python3.7/site-packages/airflow/example_dags/example_branch_operator.py took 0.139 seconds
[2023-10-10T17:42:53.123+0000] {processor.py:157} INFO - Started process (PID=1133) to work on /home/airflow/.local/lib/python3.7/site-packages/airflow/example_dags/example_branch_operator.py
[2023-10-10T17:42:53.125+0000] {processor.py:826} INFO - Processing file /home/airflow/.local/lib/python3.7/site-packages/airflow/example_dags/example_branch_operator.py for tasks to queue
[2023-10-10T17:42:53.127+0000] {logging_mixin.py:150} INFO - [2023-10-10T17:42:53.126+0000] {dagbag.py:541} INFO - Filling up the DagBag from /home/airflow/.local/lib/python3.7/site-packages/airflow/example_dags/example_branch_operator.py
[2023-10-10T17:42:53.147+0000] {processor.py:836} INFO - DAG(s) dict_keys(['example_branch_operator']) retrieved from /home/airflow/.local/lib/python3.7/site-packages/airflow/example_dags/example_branch_operator.py
[2023-10-10T17:42:53.192+0000] {logging_mixin.py:150} INFO - [2023-10-10T17:42:53.192+0000] {dag.py:2742} INFO - Sync 1 DAGs
[2023-10-10T17:42:53.240+0000] {logging_mixin.py:150} INFO - [2023-10-10T17:42:53.240+0000] {dag.py:3508} INFO - Setting next_dagrun for example_branch_operator to 2023-10-09T00:00:00+00:00, run_after=2023-10-10T00:00:00+00:00
[2023-10-10T17:42:53.281+0000] {processor.py:179} INFO - Processing /home/airflow/.local/lib/python3.7/site-packages/airflow/example_dags/example_branch_operator.py took 0.163 seconds
[2023-10-10T17:43:24.260+0000] {processor.py:157} INFO - Started process (PID=1213) to work on /home/airflow/.local/lib/python3.7/site-packages/airflow/example_dags/example_branch_operator.py
[2023-10-10T17:43:24.263+0000] {processor.py:826} INFO - Processing file /home/airflow/.local/lib/python3.7/site-packages/airflow/example_dags/example_branch_operator.py for tasks to queue
[2023-10-10T17:43:24.264+0000] {logging_mixin.py:150} INFO - [2023-10-10T17:43:24.264+0000] {dagbag.py:541} INFO - Filling up the DagBag from /home/airflow/.local/lib/python3.7/site-packages/airflow/example_dags/example_branch_operator.py
[2023-10-10T17:43:24.281+0000] {processor.py:836} INFO - DAG(s) dict_keys(['example_branch_operator']) retrieved from /home/airflow/.local/lib/python3.7/site-packages/airflow/example_dags/example_branch_operator.py
[2023-10-10T17:43:24.320+0000] {logging_mixin.py:150} INFO - [2023-10-10T17:43:24.320+0000] {dag.py:2742} INFO - Sync 1 DAGs
[2023-10-10T17:43:24.355+0000] {logging_mixin.py:150} INFO - [2023-10-10T17:43:24.355+0000] {dag.py:3508} INFO - Setting next_dagrun for example_branch_operator to 2023-10-09T00:00:00+00:00, run_after=2023-10-10T00:00:00+00:00
[2023-10-10T17:43:24.380+0000] {processor.py:179} INFO - Processing /home/airflow/.local/lib/python3.7/site-packages/airflow/example_dags/example_branch_operator.py took 0.125 seconds
[2023-10-10T17:43:54.944+0000] {processor.py:157} INFO - Started process (PID=1302) to work on /home/airflow/.local/lib/python3.7/site-packages/airflow/example_dags/example_branch_operator.py
[2023-10-10T17:43:54.946+0000] {processor.py:826} INFO - Processing file /home/airflow/.local/lib/python3.7/site-packages/airflow/example_dags/example_branch_operator.py for tasks to queue
[2023-10-10T17:43:54.948+0000] {logging_mixin.py:150} INFO - [2023-10-10T17:43:54.947+0000] {dagbag.py:541} INFO - Filling up the DagBag from /home/airflow/.local/lib/python3.7/site-packages/airflow/example_dags/example_branch_operator.py
[2023-10-10T17:43:54.961+0000] {processor.py:836} INFO - DAG(s) dict_keys(['example_branch_operator']) retrieved from /home/airflow/.local/lib/python3.7/site-packages/airflow/example_dags/example_branch_operator.py
[2023-10-10T17:43:54.998+0000] {logging_mixin.py:150} INFO - [2023-10-10T17:43:54.997+0000] {dag.py:2742} INFO - Sync 1 DAGs
[2023-10-10T17:43:55.032+0000] {logging_mixin.py:150} INFO - [2023-10-10T17:43:55.031+0000] {dag.py:3508} INFO - Setting next_dagrun for example_branch_operator to 2023-10-09T00:00:00+00:00, run_after=2023-10-10T00:00:00+00:00
[2023-10-10T17:43:55.054+0000] {processor.py:179} INFO - Processing /home/airflow/.local/lib/python3.7/site-packages/airflow/example_dags/example_branch_operator.py took 0.115 seconds
[2023-10-10T17:44:25.923+0000] {processor.py:157} INFO - Started process (PID=1382) to work on /home/airflow/.local/lib/python3.7/site-packages/airflow/example_dags/example_branch_operator.py
[2023-10-10T17:44:25.925+0000] {processor.py:826} INFO - Processing file /home/airflow/.local/lib/python3.7/site-packages/airflow/example_dags/example_branch_operator.py for tasks to queue
[2023-10-10T17:44:25.926+0000] {logging_mixin.py:150} INFO - [2023-10-10T17:44:25.926+0000] {dagbag.py:541} INFO - Filling up the DagBag from /home/airflow/.local/lib/python3.7/site-packages/airflow/example_dags/example_branch_operator.py
[2023-10-10T17:44:25.941+0000] {processor.py:836} INFO - DAG(s) dict_keys(['example_branch_operator']) retrieved from /home/airflow/.local/lib/python3.7/site-packages/airflow/example_dags/example_branch_operator.py
[2023-10-10T17:44:25.981+0000] {logging_mixin.py:150} INFO - [2023-10-10T17:44:25.981+0000] {dag.py:2742} INFO - Sync 1 DAGs
[2023-10-10T17:44:26.017+0000] {logging_mixin.py:150} INFO - [2023-10-10T17:44:26.017+0000] {dag.py:3508} INFO - Setting next_dagrun for example_branch_operator to 2023-10-09T00:00:00+00:00, run_after=2023-10-10T00:00:00+00:00
[2023-10-10T17:44:26.043+0000] {processor.py:179} INFO - Processing /home/airflow/.local/lib/python3.7/site-packages/airflow/example_dags/example_branch_operator.py took 0.125 seconds
[2023-10-10T17:44:56.902+0000] {processor.py:157} INFO - Started process (PID=1471) to work on /home/airflow/.local/lib/python3.7/site-packages/airflow/example_dags/example_branch_operator.py
[2023-10-10T17:44:56.904+0000] {processor.py:826} INFO - Processing file /home/airflow/.local/lib/python3.7/site-packages/airflow/example_dags/example_branch_operator.py for tasks to queue
[2023-10-10T17:44:56.906+0000] {logging_mixin.py:150} INFO - [2023-10-10T17:44:56.906+0000] {dagbag.py:541} INFO - Filling up the DagBag from /home/airflow/.local/lib/python3.7/site-packages/airflow/example_dags/example_branch_operator.py
[2023-10-10T17:44:56.920+0000] {processor.py:836} INFO - DAG(s) dict_keys(['example_branch_operator']) retrieved from /home/airflow/.local/lib/python3.7/site-packages/airflow/example_dags/example_branch_operator.py
[2023-10-10T17:44:56.962+0000] {logging_mixin.py:150} INFO - [2023-10-10T17:44:56.962+0000] {dag.py:2742} INFO - Sync 1 DAGs
[2023-10-10T17:44:56.999+0000] {logging_mixin.py:150} INFO - [2023-10-10T17:44:56.998+0000] {dag.py:3508} INFO - Setting next_dagrun for example_branch_operator to 2023-10-09T00:00:00+00:00, run_after=2023-10-10T00:00:00+00:00
[2023-10-10T17:44:57.021+0000] {processor.py:179} INFO - Processing /home/airflow/.local/lib/python3.7/site-packages/airflow/example_dags/example_branch_operator.py took 0.126 seconds
[2023-10-10T17:45:28.036+0000] {processor.py:157} INFO - Started process (PID=1551) to work on /home/airflow/.local/lib/python3.7/site-packages/airflow/example_dags/example_branch_operator.py
[2023-10-10T17:45:28.038+0000] {processor.py:826} INFO - Processing file /home/airflow/.local/lib/python3.7/site-packages/airflow/example_dags/example_branch_operator.py for tasks to queue
[2023-10-10T17:45:28.039+0000] {logging_mixin.py:150} INFO - [2023-10-10T17:45:28.039+0000] {dagbag.py:541} INFO - Filling up the DagBag from /home/airflow/.local/lib/python3.7/site-packages/airflow/example_dags/example_branch_operator.py
[2023-10-10T17:45:28.058+0000] {processor.py:836} INFO - DAG(s) dict_keys(['example_branch_operator']) retrieved from /home/airflow/.local/lib/python3.7/site-packages/airflow/example_dags/example_branch_operator.py
[2023-10-10T17:45:28.106+0000] {logging_mixin.py:150} INFO - [2023-10-10T17:45:28.106+0000] {dag.py:2742} INFO - Sync 1 DAGs
[2023-10-10T17:45:28.145+0000] {logging_mixin.py:150} INFO - [2023-10-10T17:45:28.145+0000] {dag.py:3508} INFO - Setting next_dagrun for example_branch_operator to 2023-10-09T00:00:00+00:00, run_after=2023-10-10T00:00:00+00:00
[2023-10-10T17:45:28.176+0000] {processor.py:179} INFO - Processing /home/airflow/.local/lib/python3.7/site-packages/airflow/example_dags/example_branch_operator.py took 0.146 seconds
[2023-10-10T17:45:59.316+0000] {processor.py:157} INFO - Started process (PID=1640) to work on /home/airflow/.local/lib/python3.7/site-packages/airflow/example_dags/example_branch_operator.py
[2023-10-10T17:45:59.318+0000] {processor.py:826} INFO - Processing file /home/airflow/.local/lib/python3.7/site-packages/airflow/example_dags/example_branch_operator.py for tasks to queue
[2023-10-10T17:45:59.319+0000] {logging_mixin.py:150} INFO - [2023-10-10T17:45:59.319+0000] {dagbag.py:541} INFO - Filling up the DagBag from /home/airflow/.local/lib/python3.7/site-packages/airflow/example_dags/example_branch_operator.py
[2023-10-10T17:45:59.334+0000] {processor.py:836} INFO - DAG(s) dict_keys(['example_branch_operator']) retrieved from /home/airflow/.local/lib/python3.7/site-packages/airflow/example_dags/example_branch_operator.py
[2023-10-10T17:45:59.383+0000] {logging_mixin.py:150} INFO - [2023-10-10T17:45:59.383+0000] {dag.py:2742} INFO - Sync 1 DAGs
[2023-10-10T17:45:59.423+0000] {logging_mixin.py:150} INFO - [2023-10-10T17:45:59.423+0000] {dag.py:3508} INFO - Setting next_dagrun for example_branch_operator to 2023-10-09T00:00:00+00:00, run_after=2023-10-10T00:00:00+00:00
[2023-10-10T17:45:59.452+0000] {processor.py:179} INFO - Processing /home/airflow/.local/lib/python3.7/site-packages/airflow/example_dags/example_branch_operator.py took 0.140 seconds
[2023-10-10T17:46:30.720+0000] {processor.py:157} INFO - Started process (PID=1720) to work on /home/airflow/.local/lib/python3.7/site-packages/airflow/example_dags/example_branch_operator.py
[2023-10-10T17:46:30.722+0000] {processor.py:826} INFO - Processing file /home/airflow/.local/lib/python3.7/site-packages/airflow/example_dags/example_branch_operator.py for tasks to queue
[2023-10-10T17:46:30.724+0000] {logging_mixin.py:150} INFO - [2023-10-10T17:46:30.724+0000] {dagbag.py:541} INFO - Filling up the DagBag from /home/airflow/.local/lib/python3.7/site-packages/airflow/example_dags/example_branch_operator.py
[2023-10-10T17:46:30.739+0000] {processor.py:836} INFO - DAG(s) dict_keys(['example_branch_operator']) retrieved from /home/airflow/.local/lib/python3.7/site-packages/airflow/example_dags/example_branch_operator.py
[2023-10-10T17:46:30.782+0000] {logging_mixin.py:150} INFO - [2023-10-10T17:46:30.782+0000] {dag.py:2742} INFO - Sync 1 DAGs
[2023-10-10T17:46:30.822+0000] {logging_mixin.py:150} INFO - [2023-10-10T17:46:30.822+0000] {dag.py:3508} INFO - Setting next_dagrun for example_branch_operator to 2023-10-09T00:00:00+00:00, run_after=2023-10-10T00:00:00+00:00
[2023-10-10T17:46:30.852+0000] {processor.py:179} INFO - Processing /home/airflow/.local/lib/python3.7/site-packages/airflow/example_dags/example_branch_operator.py took 0.137 seconds
[2023-10-10T17:47:02.212+0000] {processor.py:157} INFO - Started process (PID=1809) to work on /home/airflow/.local/lib/python3.7/site-packages/airflow/example_dags/example_branch_operator.py
[2023-10-10T17:47:02.215+0000] {processor.py:826} INFO - Processing file /home/airflow/.local/lib/python3.7/site-packages/airflow/example_dags/example_branch_operator.py for tasks to queue
[2023-10-10T17:47:02.216+0000] {logging_mixin.py:150} INFO - [2023-10-10T17:47:02.216+0000] {dagbag.py:541} INFO - Filling up the DagBag from /home/airflow/.local/lib/python3.7/site-packages/airflow/example_dags/example_branch_operator.py
[2023-10-10T17:47:02.233+0000] {processor.py:836} INFO - DAG(s) dict_keys(['example_branch_operator']) retrieved from /home/airflow/.local/lib/python3.7/site-packages/airflow/example_dags/example_branch_operator.py
[2023-10-10T17:47:02.271+0000] {logging_mixin.py:150} INFO - [2023-10-10T17:47:02.271+0000] {dag.py:2742} INFO - Sync 1 DAGs
[2023-10-10T17:47:02.309+0000] {logging_mixin.py:150} INFO - [2023-10-10T17:47:02.309+0000] {dag.py:3508} INFO - Setting next_dagrun for example_branch_operator to 2023-10-09T00:00:00+00:00, run_after=2023-10-10T00:00:00+00:00
[2023-10-10T17:47:02.338+0000] {processor.py:179} INFO - Processing /home/airflow/.local/lib/python3.7/site-packages/airflow/example_dags/example_branch_operator.py took 0.131 seconds
[2023-10-10T17:47:33.434+0000] {processor.py:157} INFO - Started process (PID=1889) to work on /home/airflow/.local/lib/python3.7/site-packages/airflow/example_dags/example_branch_operator.py
[2023-10-10T17:47:33.436+0000] {processor.py:826} INFO - Processing file /home/airflow/.local/lib/python3.7/site-packages/airflow/example_dags/example_branch_operator.py for tasks to queue
[2023-10-10T17:47:33.438+0000] {logging_mixin.py:150} INFO - [2023-10-10T17:47:33.437+0000] {dagbag.py:541} INFO - Filling up the DagBag from /home/airflow/.local/lib/python3.7/site-packages/airflow/example_dags/example_branch_operator.py
[2023-10-10T17:47:33.452+0000] {processor.py:836} INFO - DAG(s) dict_keys(['example_branch_operator']) retrieved from /home/airflow/.local/lib/python3.7/site-packages/airflow/example_dags/example_branch_operator.py
[2023-10-10T17:47:33.488+0000] {logging_mixin.py:150} INFO - [2023-10-10T17:47:33.488+0000] {dag.py:2742} INFO - Sync 1 DAGs
[2023-10-10T17:47:33.528+0000] {logging_mixin.py:150} INFO - [2023-10-10T17:47:33.528+0000] {dag.py:3508} INFO - Setting next_dagrun for example_branch_operator to 2023-10-09T00:00:00+00:00, run_after=2023-10-10T00:00:00+00:00
[2023-10-10T17:47:33.553+0000] {processor.py:179} INFO - Processing /home/airflow/.local/lib/python3.7/site-packages/airflow/example_dags/example_branch_operator.py took 0.124 seconds
[2023-10-10T17:48:05.056+0000] {processor.py:157} INFO - Started process (PID=1979) to work on /home/airflow/.local/lib/python3.7/site-packages/airflow/example_dags/example_branch_operator.py
[2023-10-10T17:48:05.058+0000] {processor.py:826} INFO - Processing file /home/airflow/.local/lib/python3.7/site-packages/airflow/example_dags/example_branch_operator.py for tasks to queue
[2023-10-10T17:48:05.060+0000] {logging_mixin.py:150} INFO - [2023-10-10T17:48:05.060+0000] {dagbag.py:541} INFO - Filling up the DagBag from /home/airflow/.local/lib/python3.7/site-packages/airflow/example_dags/example_branch_operator.py
[2023-10-10T17:48:05.078+0000] {processor.py:836} INFO - DAG(s) dict_keys(['example_branch_operator']) retrieved from /home/airflow/.local/lib/python3.7/site-packages/airflow/example_dags/example_branch_operator.py
[2023-10-10T17:48:05.126+0000] {logging_mixin.py:150} INFO - [2023-10-10T17:48:05.126+0000] {dag.py:2742} INFO - Sync 1 DAGs
[2023-10-10T17:48:05.165+0000] {logging_mixin.py:150} INFO - [2023-10-10T17:48:05.165+0000] {dag.py:3508} INFO - Setting next_dagrun for example_branch_operator to 2023-10-09T00:00:00+00:00, run_after=2023-10-10T00:00:00+00:00
[2023-10-10T17:48:05.192+0000] {processor.py:179} INFO - Processing /home/airflow/.local/lib/python3.7/site-packages/airflow/example_dags/example_branch_operator.py took 0.142 seconds
[2023-10-10T17:48:36.541+0000] {processor.py:157} INFO - Started process (PID=2068) to work on /home/airflow/.local/lib/python3.7/site-packages/airflow/example_dags/example_branch_operator.py
[2023-10-10T17:48:36.544+0000] {processor.py:826} INFO - Processing file /home/airflow/.local/lib/python3.7/site-packages/airflow/example_dags/example_branch_operator.py for tasks to queue
[2023-10-10T17:48:36.546+0000] {logging_mixin.py:150} INFO - [2023-10-10T17:48:36.546+0000] {dagbag.py:541} INFO - Filling up the DagBag from /home/airflow/.local/lib/python3.7/site-packages/airflow/example_dags/example_branch_operator.py
[2023-10-10T17:48:36.563+0000] {processor.py:836} INFO - DAG(s) dict_keys(['example_branch_operator']) retrieved from /home/airflow/.local/lib/python3.7/site-packages/airflow/example_dags/example_branch_operator.py
[2023-10-10T17:48:36.606+0000] {logging_mixin.py:150} INFO - [2023-10-10T17:48:36.605+0000] {dag.py:2742} INFO - Sync 1 DAGs
[2023-10-10T17:48:36.647+0000] {logging_mixin.py:150} INFO - [2023-10-10T17:48:36.646+0000] {dag.py:3508} INFO - Setting next_dagrun for example_branch_operator to 2023-10-09T00:00:00+00:00, run_after=2023-10-10T00:00:00+00:00
[2023-10-10T17:48:36.679+0000] {processor.py:179} INFO - Processing /home/airflow/.local/lib/python3.7/site-packages/airflow/example_dags/example_branch_operator.py took 0.143 seconds
[2023-10-10T17:49:07.340+0000] {processor.py:157} INFO - Started process (PID=2155) to work on /home/airflow/.local/lib/python3.7/site-packages/airflow/example_dags/example_branch_operator.py
[2023-10-10T17:49:07.343+0000] {processor.py:826} INFO - Processing file /home/airflow/.local/lib/python3.7/site-packages/airflow/example_dags/example_branch_operator.py for tasks to queue
[2023-10-10T17:49:07.347+0000] {logging_mixin.py:150} INFO - [2023-10-10T17:49:07.346+0000] {dagbag.py:541} INFO - Filling up the DagBag from /home/airflow/.local/lib/python3.7/site-packages/airflow/example_dags/example_branch_operator.py
[2023-10-10T17:49:07.392+0000] {processor.py:836} INFO - DAG(s) dict_keys(['example_branch_operator']) retrieved from /home/airflow/.local/lib/python3.7/site-packages/airflow/example_dags/example_branch_operator.py
[2023-10-10T17:49:07.446+0000] {logging_mixin.py:150} INFO - [2023-10-10T17:49:07.446+0000] {dag.py:2742} INFO - Sync 1 DAGs
[2023-10-10T17:49:07.497+0000] {logging_mixin.py:150} INFO - [2023-10-10T17:49:07.497+0000] {dag.py:3508} INFO - Setting next_dagrun for example_branch_operator to 2023-10-09T00:00:00+00:00, run_after=2023-10-10T00:00:00+00:00
[2023-10-10T17:49:07.533+0000] {processor.py:179} INFO - Processing /home/airflow/.local/lib/python3.7/site-packages/airflow/example_dags/example_branch_operator.py took 0.200 seconds
[2023-10-10T17:49:38.822+0000] {processor.py:157} INFO - Started process (PID=2235) to work on /home/airflow/.local/lib/python3.7/site-packages/airflow/example_dags/example_branch_operator.py
[2023-10-10T17:49:38.825+0000] {processor.py:826} INFO - Processing file /home/airflow/.local/lib/python3.7/site-packages/airflow/example_dags/example_branch_operator.py for tasks to queue
[2023-10-10T17:49:38.828+0000] {logging_mixin.py:150} INFO - [2023-10-10T17:49:38.827+0000] {dagbag.py:541} INFO - Filling up the DagBag from /home/airflow/.local/lib/python3.7/site-packages/airflow/example_dags/example_branch_operator.py
[2023-10-10T17:49:38.854+0000] {processor.py:836} INFO - DAG(s) dict_keys(['example_branch_operator']) retrieved from /home/airflow/.local/lib/python3.7/site-packages/airflow/example_dags/example_branch_operator.py
[2023-10-10T17:49:38.935+0000] {logging_mixin.py:150} INFO - [2023-10-10T17:49:38.935+0000] {dag.py:2742} INFO - Sync 1 DAGs
[2023-10-10T17:49:39.103+0000] {logging_mixin.py:150} INFO - [2023-10-10T17:49:39.102+0000] {dag.py:3508} INFO - Setting next_dagrun for example_branch_operator to 2023-10-09T00:00:00+00:00, run_after=2023-10-10T00:00:00+00:00
[2023-10-10T17:49:39.160+0000] {processor.py:179} INFO - Processing /home/airflow/.local/lib/python3.7/site-packages/airflow/example_dags/example_branch_operator.py took 0.345 seconds
[2023-10-10T17:50:09.461+0000] {processor.py:157} INFO - Started process (PID=2323) to work on /home/airflow/.local/lib/python3.7/site-packages/airflow/example_dags/example_branch_operator.py
[2023-10-10T17:50:09.463+0000] {processor.py:826} INFO - Processing file /home/airflow/.local/lib/python3.7/site-packages/airflow/example_dags/example_branch_operator.py for tasks to queue
[2023-10-10T17:50:09.465+0000] {logging_mixin.py:150} INFO - [2023-10-10T17:50:09.465+0000] {dagbag.py:541} INFO - Filling up the DagBag from /home/airflow/.local/lib/python3.7/site-packages/airflow/example_dags/example_branch_operator.py
[2023-10-10T17:50:09.480+0000] {processor.py:836} INFO - DAG(s) dict_keys(['example_branch_operator']) retrieved from /home/airflow/.local/lib/python3.7/site-packages/airflow/example_dags/example_branch_operator.py
[2023-10-10T17:50:09.520+0000] {logging_mixin.py:150} INFO - [2023-10-10T17:50:09.520+0000] {dag.py:2742} INFO - Sync 1 DAGs
[2023-10-10T17:50:09.561+0000] {logging_mixin.py:150} INFO - [2023-10-10T17:50:09.561+0000] {dag.py:3508} INFO - Setting next_dagrun for example_branch_operator to 2023-10-09T00:00:00+00:00, run_after=2023-10-10T00:00:00+00:00
[2023-10-10T17:50:09.591+0000] {processor.py:179} INFO - Processing /home/airflow/.local/lib/python3.7/site-packages/airflow/example_dags/example_branch_operator.py took 0.135 seconds
[2023-10-10T17:50:40.242+0000] {processor.py:157} INFO - Started process (PID=2406) to work on /home/airflow/.local/lib/python3.7/site-packages/airflow/example_dags/example_branch_operator.py
[2023-10-10T17:50:40.244+0000] {processor.py:826} INFO - Processing file /home/airflow/.local/lib/python3.7/site-packages/airflow/example_dags/example_branch_operator.py for tasks to queue
[2023-10-10T17:50:40.245+0000] {logging_mixin.py:150} INFO - [2023-10-10T17:50:40.245+0000] {dagbag.py:541} INFO - Filling up the DagBag from /home/airflow/.local/lib/python3.7/site-packages/airflow/example_dags/example_branch_operator.py
[2023-10-10T17:50:40.259+0000] {processor.py:836} INFO - DAG(s) dict_keys(['example_branch_operator']) retrieved from /home/airflow/.local/lib/python3.7/site-packages/airflow/example_dags/example_branch_operator.py
[2023-10-10T17:50:40.302+0000] {logging_mixin.py:150} INFO - [2023-10-10T17:50:40.302+0000] {dag.py:2742} INFO - Sync 1 DAGs
[2023-10-10T17:50:40.346+0000] {logging_mixin.py:150} INFO - [2023-10-10T17:50:40.346+0000] {dag.py:3508} INFO - Setting next_dagrun for example_branch_operator to 2023-10-09T00:00:00+00:00, run_after=2023-10-10T00:00:00+00:00
[2023-10-10T17:50:40.372+0000] {processor.py:179} INFO - Processing /home/airflow/.local/lib/python3.7/site-packages/airflow/example_dags/example_branch_operator.py took 0.136 seconds
[2023-10-10T17:51:10.875+0000] {processor.py:157} INFO - Started process (PID=2495) to work on /home/airflow/.local/lib/python3.7/site-packages/airflow/example_dags/example_branch_operator.py
[2023-10-10T17:51:10.878+0000] {processor.py:826} INFO - Processing file /home/airflow/.local/lib/python3.7/site-packages/airflow/example_dags/example_branch_operator.py for tasks to queue
[2023-10-10T17:51:10.881+0000] {logging_mixin.py:150} INFO - [2023-10-10T17:51:10.880+0000] {dagbag.py:541} INFO - Filling up the DagBag from /home/airflow/.local/lib/python3.7/site-packages/airflow/example_dags/example_branch_operator.py
[2023-10-10T17:51:10.903+0000] {processor.py:836} INFO - DAG(s) dict_keys(['example_branch_operator']) retrieved from /home/airflow/.local/lib/python3.7/site-packages/airflow/example_dags/example_branch_operator.py
[2023-10-10T17:51:10.964+0000] {logging_mixin.py:150} INFO - [2023-10-10T17:51:10.964+0000] {dag.py:2742} INFO - Sync 1 DAGs
[2023-10-10T17:51:11.029+0000] {logging_mixin.py:150} INFO - [2023-10-10T17:51:11.029+0000] {dag.py:3508} INFO - Setting next_dagrun for example_branch_operator to 2023-10-09T00:00:00+00:00, run_after=2023-10-10T00:00:00+00:00
[2023-10-10T17:51:11.058+0000] {processor.py:179} INFO - Processing /home/airflow/.local/lib/python3.7/site-packages/airflow/example_dags/example_branch_operator.py took 0.189 seconds
[2023-10-10T17:51:41.782+0000] {processor.py:157} INFO - Started process (PID=2577) to work on /home/airflow/.local/lib/python3.7/site-packages/airflow/example_dags/example_branch_operator.py
[2023-10-10T17:51:41.785+0000] {processor.py:826} INFO - Processing file /home/airflow/.local/lib/python3.7/site-packages/airflow/example_dags/example_branch_operator.py for tasks to queue
[2023-10-10T17:51:41.790+0000] {logging_mixin.py:150} INFO - [2023-10-10T17:51:41.790+0000] {dagbag.py:541} INFO - Filling up the DagBag from /home/airflow/.local/lib/python3.7/site-packages/airflow/example_dags/example_branch_operator.py
[2023-10-10T17:51:41.820+0000] {processor.py:836} INFO - DAG(s) dict_keys(['example_branch_operator']) retrieved from /home/airflow/.local/lib/python3.7/site-packages/airflow/example_dags/example_branch_operator.py
[2023-10-10T17:51:41.886+0000] {logging_mixin.py:150} INFO - [2023-10-10T17:51:41.886+0000] {dag.py:2742} INFO - Sync 1 DAGs
[2023-10-10T17:51:41.944+0000] {logging_mixin.py:150} INFO - [2023-10-10T17:51:41.944+0000] {dag.py:3508} INFO - Setting next_dagrun for example_branch_operator to 2023-10-09T00:00:00+00:00, run_after=2023-10-10T00:00:00+00:00
[2023-10-10T17:51:41.982+0000] {processor.py:179} INFO - Processing /home/airflow/.local/lib/python3.7/site-packages/airflow/example_dags/example_branch_operator.py took 0.208 seconds
[2023-10-10T17:52:12.637+0000] {processor.py:157} INFO - Started process (PID=2669) to work on /home/airflow/.local/lib/python3.7/site-packages/airflow/example_dags/example_branch_operator.py
[2023-10-10T17:52:12.640+0000] {processor.py:826} INFO - Processing file /home/airflow/.local/lib/python3.7/site-packages/airflow/example_dags/example_branch_operator.py for tasks to queue
[2023-10-10T17:52:12.642+0000] {logging_mixin.py:150} INFO - [2023-10-10T17:52:12.641+0000] {dagbag.py:541} INFO - Filling up the DagBag from /home/airflow/.local/lib/python3.7/site-packages/airflow/example_dags/example_branch_operator.py
[2023-10-10T17:52:12.660+0000] {processor.py:836} INFO - DAG(s) dict_keys(['example_branch_operator']) retrieved from /home/airflow/.local/lib/python3.7/site-packages/airflow/example_dags/example_branch_operator.py
[2023-10-10T17:52:12.704+0000] {logging_mixin.py:150} INFO - [2023-10-10T17:52:12.704+0000] {dag.py:2742} INFO - Sync 1 DAGs
[2023-10-10T17:52:12.743+0000] {logging_mixin.py:150} INFO - [2023-10-10T17:52:12.743+0000] {dag.py:3508} INFO - Setting next_dagrun for example_branch_operator to 2023-10-09T00:00:00+00:00, run_after=2023-10-10T00:00:00+00:00
[2023-10-10T17:52:12.773+0000] {processor.py:179} INFO - Processing /home/airflow/.local/lib/python3.7/site-packages/airflow/example_dags/example_branch_operator.py took 0.143 seconds
[2023-10-10T17:52:43.948+0000] {processor.py:157} INFO - Started process (PID=2750) to work on /home/airflow/.local/lib/python3.7/site-packages/airflow/example_dags/example_branch_operator.py
[2023-10-10T17:52:43.950+0000] {processor.py:826} INFO - Processing file /home/airflow/.local/lib/python3.7/site-packages/airflow/example_dags/example_branch_operator.py for tasks to queue
[2023-10-10T17:52:43.952+0000] {logging_mixin.py:150} INFO - [2023-10-10T17:52:43.952+0000] {dagbag.py:541} INFO - Filling up the DagBag from /home/airflow/.local/lib/python3.7/site-packages/airflow/example_dags/example_branch_operator.py
[2023-10-10T17:52:43.971+0000] {processor.py:836} INFO - DAG(s) dict_keys(['example_branch_operator']) retrieved from /home/airflow/.local/lib/python3.7/site-packages/airflow/example_dags/example_branch_operator.py
[2023-10-10T17:52:44.009+0000] {logging_mixin.py:150} INFO - [2023-10-10T17:52:44.009+0000] {dag.py:2742} INFO - Sync 1 DAGs
[2023-10-10T17:52:44.045+0000] {logging_mixin.py:150} INFO - [2023-10-10T17:52:44.044+0000] {dag.py:3508} INFO - Setting next_dagrun for example_branch_operator to 2023-10-09T00:00:00+00:00, run_after=2023-10-10T00:00:00+00:00
[2023-10-10T17:52:44.068+0000] {processor.py:179} INFO - Processing /home/airflow/.local/lib/python3.7/site-packages/airflow/example_dags/example_branch_operator.py took 0.126 seconds
[2023-10-10T17:53:14.625+0000] {processor.py:157} INFO - Started process (PID=2843) to work on /home/airflow/.local/lib/python3.7/site-packages/airflow/example_dags/example_branch_operator.py
[2023-10-10T17:53:14.627+0000] {processor.py:826} INFO - Processing file /home/airflow/.local/lib/python3.7/site-packages/airflow/example_dags/example_branch_operator.py for tasks to queue
[2023-10-10T17:53:14.628+0000] {logging_mixin.py:150} INFO - [2023-10-10T17:53:14.628+0000] {dagbag.py:541} INFO - Filling up the DagBag from /home/airflow/.local/lib/python3.7/site-packages/airflow/example_dags/example_branch_operator.py
[2023-10-10T17:53:14.643+0000] {processor.py:836} INFO - DAG(s) dict_keys(['example_branch_operator']) retrieved from /home/airflow/.local/lib/python3.7/site-packages/airflow/example_dags/example_branch_operator.py
[2023-10-10T17:53:14.680+0000] {logging_mixin.py:150} INFO - [2023-10-10T17:53:14.680+0000] {dag.py:2742} INFO - Sync 1 DAGs
[2023-10-10T17:53:14.715+0000] {logging_mixin.py:150} INFO - [2023-10-10T17:53:14.715+0000] {dag.py:3508} INFO - Setting next_dagrun for example_branch_operator to 2023-10-09T00:00:00+00:00, run_after=2023-10-10T00:00:00+00:00
[2023-10-10T17:53:14.739+0000] {processor.py:179} INFO - Processing /home/airflow/.local/lib/python3.7/site-packages/airflow/example_dags/example_branch_operator.py took 0.119 seconds
[2023-10-10T17:53:45.623+0000] {processor.py:157} INFO - Started process (PID=2924) to work on /home/airflow/.local/lib/python3.7/site-packages/airflow/example_dags/example_branch_operator.py
[2023-10-10T17:53:45.626+0000] {processor.py:826} INFO - Processing file /home/airflow/.local/lib/python3.7/site-packages/airflow/example_dags/example_branch_operator.py for tasks to queue
[2023-10-10T17:53:45.629+0000] {logging_mixin.py:150} INFO - [2023-10-10T17:53:45.628+0000] {dagbag.py:541} INFO - Filling up the DagBag from /home/airflow/.local/lib/python3.7/site-packages/airflow/example_dags/example_branch_operator.py
[2023-10-10T17:53:45.651+0000] {processor.py:836} INFO - DAG(s) dict_keys(['example_branch_operator']) retrieved from /home/airflow/.local/lib/python3.7/site-packages/airflow/example_dags/example_branch_operator.py
[2023-10-10T17:53:45.700+0000] {logging_mixin.py:150} INFO - [2023-10-10T17:53:45.699+0000] {dag.py:2742} INFO - Sync 1 DAGs
[2023-10-10T17:53:45.751+0000] {logging_mixin.py:150} INFO - [2023-10-10T17:53:45.750+0000] {dag.py:3508} INFO - Setting next_dagrun for example_branch_operator to 2023-10-09T00:00:00+00:00, run_after=2023-10-10T00:00:00+00:00
[2023-10-10T17:53:45.785+0000] {processor.py:179} INFO - Processing /home/airflow/.local/lib/python3.7/site-packages/airflow/example_dags/example_branch_operator.py took 0.168 seconds
[2023-10-10T17:54:15.857+0000] {processor.py:157} INFO - Started process (PID=3013) to work on /home/airflow/.local/lib/python3.7/site-packages/airflow/example_dags/example_branch_operator.py
[2023-10-10T17:54:15.859+0000] {processor.py:826} INFO - Processing file /home/airflow/.local/lib/python3.7/site-packages/airflow/example_dags/example_branch_operator.py for tasks to queue
[2023-10-10T17:54:15.861+0000] {logging_mixin.py:150} INFO - [2023-10-10T17:54:15.860+0000] {dagbag.py:541} INFO - Filling up the DagBag from /home/airflow/.local/lib/python3.7/site-packages/airflow/example_dags/example_branch_operator.py
[2023-10-10T17:54:15.874+0000] {processor.py:836} INFO - DAG(s) dict_keys(['example_branch_operator']) retrieved from /home/airflow/.local/lib/python3.7/site-packages/airflow/example_dags/example_branch_operator.py
[2023-10-10T17:54:15.910+0000] {logging_mixin.py:150} INFO - [2023-10-10T17:54:15.910+0000] {dag.py:2742} INFO - Sync 1 DAGs
[2023-10-10T17:54:15.947+0000] {logging_mixin.py:150} INFO - [2023-10-10T17:54:15.946+0000] {dag.py:3508} INFO - Setting next_dagrun for example_branch_operator to 2023-10-09T00:00:00+00:00, run_after=2023-10-10T00:00:00+00:00
[2023-10-10T17:54:15.972+0000] {processor.py:179} INFO - Processing /home/airflow/.local/lib/python3.7/site-packages/airflow/example_dags/example_branch_operator.py took 0.120 seconds
[2023-10-10T17:54:48.171+0000] {processor.py:157} INFO - Started process (PID=3121) to work on /home/airflow/.local/lib/python3.7/site-packages/airflow/example_dags/example_branch_operator.py
[2023-10-10T17:54:48.179+0000] {processor.py:826} INFO - Processing file /home/airflow/.local/lib/python3.7/site-packages/airflow/example_dags/example_branch_operator.py for tasks to queue
[2023-10-10T17:54:48.183+0000] {logging_mixin.py:150} INFO - [2023-10-10T17:54:48.182+0000] {dagbag.py:541} INFO - Filling up the DagBag from /home/airflow/.local/lib/python3.7/site-packages/airflow/example_dags/example_branch_operator.py
[2023-10-10T17:54:48.265+0000] {processor.py:836} INFO - DAG(s) dict_keys(['example_branch_operator']) retrieved from /home/airflow/.local/lib/python3.7/site-packages/airflow/example_dags/example_branch_operator.py
[2023-10-10T17:54:48.398+0000] {logging_mixin.py:150} INFO - [2023-10-10T17:54:48.398+0000] {dag.py:2742} INFO - Sync 1 DAGs
[2023-10-10T17:54:48.509+0000] {logging_mixin.py:150} INFO - [2023-10-10T17:54:48.509+0000] {dag.py:3508} INFO - Setting next_dagrun for example_branch_operator to 2023-10-09T00:00:00+00:00, run_after=2023-10-10T00:00:00+00:00
[2023-10-10T17:54:48.565+0000] {processor.py:179} INFO - Processing /home/airflow/.local/lib/python3.7/site-packages/airflow/example_dags/example_branch_operator.py took 0.405 seconds
[2023-10-10T17:56:07.871+0000] {processor.py:157} INFO - Started process (PID=3251) to work on /home/airflow/.local/lib/python3.7/site-packages/airflow/example_dags/example_branch_operator.py
[2023-10-10T17:56:07.875+0000] {processor.py:826} INFO - Processing file /home/airflow/.local/lib/python3.7/site-packages/airflow/example_dags/example_branch_operator.py for tasks to queue
[2023-10-10T17:56:07.881+0000] {logging_mixin.py:150} INFO - [2023-10-10T17:56:07.880+0000] {dagbag.py:541} INFO - Filling up the DagBag from /home/airflow/.local/lib/python3.7/site-packages/airflow/example_dags/example_branch_operator.py
[2023-10-10T17:56:07.937+0000] {processor.py:836} INFO - DAG(s) dict_keys(['example_branch_operator']) retrieved from /home/airflow/.local/lib/python3.7/site-packages/airflow/example_dags/example_branch_operator.py
[2023-10-10T17:56:08.034+0000] {logging_mixin.py:150} INFO - [2023-10-10T17:56:08.033+0000] {dag.py:2742} INFO - Sync 1 DAGs
[2023-10-10T17:56:08.112+0000] {logging_mixin.py:150} INFO - [2023-10-10T17:56:08.111+0000] {dag.py:3508} INFO - Setting next_dagrun for example_branch_operator to 2023-10-09T00:00:00+00:00, run_after=2023-10-10T00:00:00+00:00
[2023-10-10T17:56:08.173+0000] {processor.py:179} INFO - Processing /home/airflow/.local/lib/python3.7/site-packages/airflow/example_dags/example_branch_operator.py took 0.317 seconds
[2023-10-10T17:56:41.190+0000] {processor.py:157} INFO - Started process (PID=3332) to work on /home/airflow/.local/lib/python3.7/site-packages/airflow/example_dags/example_branch_operator.py
[2023-10-10T17:56:41.195+0000] {processor.py:826} INFO - Processing file /home/airflow/.local/lib/python3.7/site-packages/airflow/example_dags/example_branch_operator.py for tasks to queue
[2023-10-10T17:56:41.198+0000] {logging_mixin.py:150} INFO - [2023-10-10T17:56:41.198+0000] {dagbag.py:541} INFO - Filling up the DagBag from /home/airflow/.local/lib/python3.7/site-packages/airflow/example_dags/example_branch_operator.py
[2023-10-10T17:56:41.231+0000] {processor.py:836} INFO - DAG(s) dict_keys(['example_branch_operator']) retrieved from /home/airflow/.local/lib/python3.7/site-packages/airflow/example_dags/example_branch_operator.py
[2023-10-10T17:56:41.319+0000] {logging_mixin.py:150} INFO - [2023-10-10T17:56:41.318+0000] {dag.py:2742} INFO - Sync 1 DAGs
[2023-10-10T17:56:41.439+0000] {logging_mixin.py:150} INFO - [2023-10-10T17:56:41.438+0000] {dag.py:3508} INFO - Setting next_dagrun for example_branch_operator to 2023-10-09T00:00:00+00:00, run_after=2023-10-10T00:00:00+00:00
[2023-10-10T17:56:41.523+0000] {processor.py:179} INFO - Processing /home/airflow/.local/lib/python3.7/site-packages/airflow/example_dags/example_branch_operator.py took 0.344 seconds
[2023-10-10T17:57:51.730+0000] {processor.py:157} INFO - Started process (PID=3432) to work on /home/airflow/.local/lib/python3.7/site-packages/airflow/example_dags/example_branch_operator.py
[2023-10-10T17:57:51.751+0000] {processor.py:826} INFO - Processing file /home/airflow/.local/lib/python3.7/site-packages/airflow/example_dags/example_branch_operator.py for tasks to queue
[2023-10-10T17:57:51.762+0000] {logging_mixin.py:150} INFO - [2023-10-10T17:57:51.760+0000] {dagbag.py:541} INFO - Filling up the DagBag from /home/airflow/.local/lib/python3.7/site-packages/airflow/example_dags/example_branch_operator.py
[2023-10-10T17:57:52.236+0000] {processor.py:836} INFO - DAG(s) dict_keys(['example_branch_operator']) retrieved from /home/airflow/.local/lib/python3.7/site-packages/airflow/example_dags/example_branch_operator.py
[2023-10-10T17:57:52.586+0000] {logging_mixin.py:150} INFO - [2023-10-10T17:57:52.585+0000] {dag.py:2742} INFO - Sync 1 DAGs
[2023-10-10T17:57:53.048+0000] {logging_mixin.py:150} INFO - [2023-10-10T17:57:53.046+0000] {dag.py:3508} INFO - Setting next_dagrun for example_branch_operator to 2023-10-09T00:00:00+00:00, run_after=2023-10-10T00:00:00+00:00
[2023-10-10T17:57:53.305+0000] {processor.py:179} INFO - Processing /home/airflow/.local/lib/python3.7/site-packages/airflow/example_dags/example_branch_operator.py took 1.659 seconds
[2023-10-10T17:58:41.587+0000] {processor.py:157} INFO - Started process (PID=3534) to work on /home/airflow/.local/lib/python3.7/site-packages/airflow/example_dags/example_branch_operator.py
[2023-10-10T17:58:41.597+0000] {processor.py:826} INFO - Processing file /home/airflow/.local/lib/python3.7/site-packages/airflow/example_dags/example_branch_operator.py for tasks to queue
[2023-10-10T17:58:41.603+0000] {logging_mixin.py:150} INFO - [2023-10-10T17:58:41.602+0000] {dagbag.py:541} INFO - Filling up the DagBag from /home/airflow/.local/lib/python3.7/site-packages/airflow/example_dags/example_branch_operator.py
[2023-10-10T17:58:41.694+0000] {processor.py:836} INFO - DAG(s) dict_keys(['example_branch_operator']) retrieved from /home/airflow/.local/lib/python3.7/site-packages/airflow/example_dags/example_branch_operator.py
[2023-10-10T17:58:41.874+0000] {logging_mixin.py:150} INFO - [2023-10-10T17:58:41.873+0000] {dag.py:2742} INFO - Sync 1 DAGs
[2023-10-10T17:58:42.115+0000] {logging_mixin.py:150} INFO - [2023-10-10T17:58:42.114+0000] {dag.py:3508} INFO - Setting next_dagrun for example_branch_operator to 2023-10-09T00:00:00+00:00, run_after=2023-10-10T00:00:00+00:00
[2023-10-10T17:58:42.355+0000] {processor.py:179} INFO - Processing /home/airflow/.local/lib/python3.7/site-packages/airflow/example_dags/example_branch_operator.py took 0.800 seconds
[2023-10-10T17:59:18.740+0000] {processor.py:157} INFO - Started process (PID=3625) to work on /home/airflow/.local/lib/python3.7/site-packages/airflow/example_dags/example_branch_operator.py
[2023-10-10T17:59:18.750+0000] {processor.py:826} INFO - Processing file /home/airflow/.local/lib/python3.7/site-packages/airflow/example_dags/example_branch_operator.py for tasks to queue
[2023-10-10T17:59:18.767+0000] {logging_mixin.py:150} INFO - [2023-10-10T17:59:18.766+0000] {dagbag.py:541} INFO - Filling up the DagBag from /home/airflow/.local/lib/python3.7/site-packages/airflow/example_dags/example_branch_operator.py
[2023-10-10T17:59:18.934+0000] {processor.py:836} INFO - DAG(s) dict_keys(['example_branch_operator']) retrieved from /home/airflow/.local/lib/python3.7/site-packages/airflow/example_dags/example_branch_operator.py
[2023-10-10T17:59:19.341+0000] {logging_mixin.py:150} INFO - [2023-10-10T17:59:19.340+0000] {dag.py:2742} INFO - Sync 1 DAGs
[2023-10-10T17:59:19.654+0000] {logging_mixin.py:150} INFO - [2023-10-10T17:59:19.654+0000] {dag.py:3508} INFO - Setting next_dagrun for example_branch_operator to 2023-10-09T00:00:00+00:00, run_after=2023-10-10T00:00:00+00:00
[2023-10-10T17:59:19.852+0000] {processor.py:179} INFO - Processing /home/airflow/.local/lib/python3.7/site-packages/airflow/example_dags/example_branch_operator.py took 1.164 seconds
[2023-10-10T17:59:52.984+0000] {processor.py:157} INFO - Started process (PID=3706) to work on /home/airflow/.local/lib/python3.7/site-packages/airflow/example_dags/example_branch_operator.py
[2023-10-10T17:59:52.993+0000] {processor.py:826} INFO - Processing file /home/airflow/.local/lib/python3.7/site-packages/airflow/example_dags/example_branch_operator.py for tasks to queue
[2023-10-10T17:59:53.010+0000] {logging_mixin.py:150} INFO - [2023-10-10T17:59:53.005+0000] {dagbag.py:541} INFO - Filling up the DagBag from /home/airflow/.local/lib/python3.7/site-packages/airflow/example_dags/example_branch_operator.py
[2023-10-10T17:59:53.078+0000] {processor.py:836} INFO - DAG(s) dict_keys(['example_branch_operator']) retrieved from /home/airflow/.local/lib/python3.7/site-packages/airflow/example_dags/example_branch_operator.py
[2023-10-10T17:59:53.258+0000] {logging_mixin.py:150} INFO - [2023-10-10T17:59:53.257+0000] {dag.py:2742} INFO - Sync 1 DAGs
[2023-10-10T17:59:53.430+0000] {logging_mixin.py:150} INFO - [2023-10-10T17:59:53.429+0000] {dag.py:3508} INFO - Setting next_dagrun for example_branch_operator to 2023-10-09T00:00:00+00:00, run_after=2023-10-10T00:00:00+00:00
[2023-10-10T17:59:53.587+0000] {processor.py:179} INFO - Processing /home/airflow/.local/lib/python3.7/site-packages/airflow/example_dags/example_branch_operator.py took 0.627 seconds
[2023-10-10T18:00:23.680+0000] {processor.py:157} INFO - Started process (PID=3787) to work on /home/airflow/.local/lib/python3.7/site-packages/airflow/example_dags/example_branch_operator.py
[2023-10-10T18:00:23.683+0000] {processor.py:826} INFO - Processing file /home/airflow/.local/lib/python3.7/site-packages/airflow/example_dags/example_branch_operator.py for tasks to queue
[2023-10-10T18:00:23.686+0000] {logging_mixin.py:150} INFO - [2023-10-10T18:00:23.686+0000] {dagbag.py:541} INFO - Filling up the DagBag from /home/airflow/.local/lib/python3.7/site-packages/airflow/example_dags/example_branch_operator.py
[2023-10-10T18:00:23.711+0000] {processor.py:836} INFO - DAG(s) dict_keys(['example_branch_operator']) retrieved from /home/airflow/.local/lib/python3.7/site-packages/airflow/example_dags/example_branch_operator.py
[2023-10-10T18:00:23.776+0000] {logging_mixin.py:150} INFO - [2023-10-10T18:00:23.776+0000] {dag.py:2742} INFO - Sync 1 DAGs
[2023-10-10T18:00:23.841+0000] {logging_mixin.py:150} INFO - [2023-10-10T18:00:23.841+0000] {dag.py:3508} INFO - Setting next_dagrun for example_branch_operator to 2023-10-09T00:00:00+00:00, run_after=2023-10-10T00:00:00+00:00
[2023-10-10T18:00:23.883+0000] {processor.py:179} INFO - Processing /home/airflow/.local/lib/python3.7/site-packages/airflow/example_dags/example_branch_operator.py took 0.212 seconds
[2023-10-10T18:00:54.724+0000] {processor.py:157} INFO - Started process (PID=3868) to work on /home/airflow/.local/lib/python3.7/site-packages/airflow/example_dags/example_branch_operator.py
[2023-10-10T18:00:54.729+0000] {processor.py:826} INFO - Processing file /home/airflow/.local/lib/python3.7/site-packages/airflow/example_dags/example_branch_operator.py for tasks to queue
[2023-10-10T18:00:54.732+0000] {logging_mixin.py:150} INFO - [2023-10-10T18:00:54.732+0000] {dagbag.py:541} INFO - Filling up the DagBag from /home/airflow/.local/lib/python3.7/site-packages/airflow/example_dags/example_branch_operator.py
[2023-10-10T18:00:54.765+0000] {processor.py:836} INFO - DAG(s) dict_keys(['example_branch_operator']) retrieved from /home/airflow/.local/lib/python3.7/site-packages/airflow/example_dags/example_branch_operator.py
[2023-10-10T18:00:54.836+0000] {logging_mixin.py:150} INFO - [2023-10-10T18:00:54.836+0000] {dag.py:2742} INFO - Sync 1 DAGs
[2023-10-10T18:00:54.897+0000] {logging_mixin.py:150} INFO - [2023-10-10T18:00:54.897+0000] {dag.py:3508} INFO - Setting next_dagrun for example_branch_operator to 2023-10-09T00:00:00+00:00, run_after=2023-10-10T00:00:00+00:00
[2023-10-10T18:00:54.935+0000] {processor.py:179} INFO - Processing /home/airflow/.local/lib/python3.7/site-packages/airflow/example_dags/example_branch_operator.py took 0.224 seconds
[2023-10-10T18:01:25.093+0000] {processor.py:157} INFO - Started process (PID=3957) to work on /home/airflow/.local/lib/python3.7/site-packages/airflow/example_dags/example_branch_operator.py
[2023-10-10T18:01:25.096+0000] {processor.py:826} INFO - Processing file /home/airflow/.local/lib/python3.7/site-packages/airflow/example_dags/example_branch_operator.py for tasks to queue
[2023-10-10T18:01:25.099+0000] {logging_mixin.py:150} INFO - [2023-10-10T18:01:25.098+0000] {dagbag.py:541} INFO - Filling up the DagBag from /home/airflow/.local/lib/python3.7/site-packages/airflow/example_dags/example_branch_operator.py
[2023-10-10T18:01:25.123+0000] {processor.py:836} INFO - DAG(s) dict_keys(['example_branch_operator']) retrieved from /home/airflow/.local/lib/python3.7/site-packages/airflow/example_dags/example_branch_operator.py
[2023-10-10T18:01:25.186+0000] {logging_mixin.py:150} INFO - [2023-10-10T18:01:25.186+0000] {dag.py:2742} INFO - Sync 1 DAGs
[2023-10-10T18:01:25.265+0000] {logging_mixin.py:150} INFO - [2023-10-10T18:01:25.264+0000] {dag.py:3508} INFO - Setting next_dagrun for example_branch_operator to 2023-10-09T00:00:00+00:00, run_after=2023-10-10T00:00:00+00:00
[2023-10-10T18:01:25.321+0000] {processor.py:179} INFO - Processing /home/airflow/.local/lib/python3.7/site-packages/airflow/example_dags/example_branch_operator.py took 0.236 seconds
[2023-10-10T18:01:55.656+0000] {processor.py:157} INFO - Started process (PID=4038) to work on /home/airflow/.local/lib/python3.7/site-packages/airflow/example_dags/example_branch_operator.py
[2023-10-10T18:01:55.659+0000] {processor.py:826} INFO - Processing file /home/airflow/.local/lib/python3.7/site-packages/airflow/example_dags/example_branch_operator.py for tasks to queue
[2023-10-10T18:01:55.662+0000] {logging_mixin.py:150} INFO - [2023-10-10T18:01:55.661+0000] {dagbag.py:541} INFO - Filling up the DagBag from /home/airflow/.local/lib/python3.7/site-packages/airflow/example_dags/example_branch_operator.py
[2023-10-10T18:01:55.686+0000] {processor.py:836} INFO - DAG(s) dict_keys(['example_branch_operator']) retrieved from /home/airflow/.local/lib/python3.7/site-packages/airflow/example_dags/example_branch_operator.py
[2023-10-10T18:01:55.747+0000] {logging_mixin.py:150} INFO - [2023-10-10T18:01:55.747+0000] {dag.py:2742} INFO - Sync 1 DAGs
[2023-10-10T18:01:55.809+0000] {logging_mixin.py:150} INFO - [2023-10-10T18:01:55.809+0000] {dag.py:3508} INFO - Setting next_dagrun for example_branch_operator to 2023-10-09T00:00:00+00:00, run_after=2023-10-10T00:00:00+00:00
[2023-10-10T18:01:55.852+0000] {processor.py:179} INFO - Processing /home/airflow/.local/lib/python3.7/site-packages/airflow/example_dags/example_branch_operator.py took 0.205 seconds
[2023-10-10T18:02:25.916+0000] {processor.py:157} INFO - Started process (PID=4119) to work on /home/airflow/.local/lib/python3.7/site-packages/airflow/example_dags/example_branch_operator.py
[2023-10-10T18:02:25.921+0000] {processor.py:826} INFO - Processing file /home/airflow/.local/lib/python3.7/site-packages/airflow/example_dags/example_branch_operator.py for tasks to queue
[2023-10-10T18:02:25.947+0000] {logging_mixin.py:150} INFO - [2023-10-10T18:02:25.946+0000] {dagbag.py:541} INFO - Filling up the DagBag from /home/airflow/.local/lib/python3.7/site-packages/airflow/example_dags/example_branch_operator.py
[2023-10-10T18:02:25.990+0000] {processor.py:836} INFO - DAG(s) dict_keys(['example_branch_operator']) retrieved from /home/airflow/.local/lib/python3.7/site-packages/airflow/example_dags/example_branch_operator.py
[2023-10-10T18:02:26.068+0000] {logging_mixin.py:150} INFO - [2023-10-10T18:02:26.068+0000] {dag.py:2742} INFO - Sync 1 DAGs
[2023-10-10T18:02:26.148+0000] {logging_mixin.py:150} INFO - [2023-10-10T18:02:26.148+0000] {dag.py:3508} INFO - Setting next_dagrun for example_branch_operator to 2023-10-09T00:00:00+00:00, run_after=2023-10-10T00:00:00+00:00
[2023-10-10T18:02:26.193+0000] {processor.py:179} INFO - Processing /home/airflow/.local/lib/python3.7/site-packages/airflow/example_dags/example_branch_operator.py took 0.286 seconds
[2023-10-10T18:02:56.463+0000] {processor.py:157} INFO - Started process (PID=4199) to work on /home/airflow/.local/lib/python3.7/site-packages/airflow/example_dags/example_branch_operator.py
[2023-10-10T18:02:56.465+0000] {processor.py:826} INFO - Processing file /home/airflow/.local/lib/python3.7/site-packages/airflow/example_dags/example_branch_operator.py for tasks to queue
[2023-10-10T18:02:56.468+0000] {logging_mixin.py:150} INFO - [2023-10-10T18:02:56.467+0000] {dagbag.py:541} INFO - Filling up the DagBag from /home/airflow/.local/lib/python3.7/site-packages/airflow/example_dags/example_branch_operator.py
[2023-10-10T18:02:56.488+0000] {processor.py:836} INFO - DAG(s) dict_keys(['example_branch_operator']) retrieved from /home/airflow/.local/lib/python3.7/site-packages/airflow/example_dags/example_branch_operator.py
[2023-10-10T18:02:56.564+0000] {logging_mixin.py:150} INFO - [2023-10-10T18:02:56.564+0000] {dag.py:2742} INFO - Sync 1 DAGs
[2023-10-10T18:02:56.641+0000] {logging_mixin.py:150} INFO - [2023-10-10T18:02:56.641+0000] {dag.py:3508} INFO - Setting next_dagrun for example_branch_operator to 2023-10-09T00:00:00+00:00, run_after=2023-10-10T00:00:00+00:00
[2023-10-10T18:02:56.690+0000] {processor.py:179} INFO - Processing /home/airflow/.local/lib/python3.7/site-packages/airflow/example_dags/example_branch_operator.py took 0.235 seconds
[2023-10-10T18:03:27.484+0000] {processor.py:157} INFO - Started process (PID=4289) to work on /home/airflow/.local/lib/python3.7/site-packages/airflow/example_dags/example_branch_operator.py
[2023-10-10T18:03:27.486+0000] {processor.py:826} INFO - Processing file /home/airflow/.local/lib/python3.7/site-packages/airflow/example_dags/example_branch_operator.py for tasks to queue
[2023-10-10T18:03:27.489+0000] {logging_mixin.py:150} INFO - [2023-10-10T18:03:27.488+0000] {dagbag.py:541} INFO - Filling up the DagBag from /home/airflow/.local/lib/python3.7/site-packages/airflow/example_dags/example_branch_operator.py
[2023-10-10T18:03:27.509+0000] {processor.py:836} INFO - DAG(s) dict_keys(['example_branch_operator']) retrieved from /home/airflow/.local/lib/python3.7/site-packages/airflow/example_dags/example_branch_operator.py
[2023-10-10T18:03:27.573+0000] {logging_mixin.py:150} INFO - [2023-10-10T18:03:27.573+0000] {dag.py:2742} INFO - Sync 1 DAGs
[2023-10-10T18:03:27.632+0000] {logging_mixin.py:150} INFO - [2023-10-10T18:03:27.632+0000] {dag.py:3508} INFO - Setting next_dagrun for example_branch_operator to 2023-10-09T00:00:00+00:00, run_after=2023-10-10T00:00:00+00:00
[2023-10-10T18:03:27.673+0000] {processor.py:179} INFO - Processing /home/airflow/.local/lib/python3.7/site-packages/airflow/example_dags/example_branch_operator.py took 0.196 seconds
[2023-10-10T18:03:57.750+0000] {processor.py:157} INFO - Started process (PID=4369) to work on /home/airflow/.local/lib/python3.7/site-packages/airflow/example_dags/example_branch_operator.py
[2023-10-10T18:03:57.752+0000] {processor.py:826} INFO - Processing file /home/airflow/.local/lib/python3.7/site-packages/airflow/example_dags/example_branch_operator.py for tasks to queue
[2023-10-10T18:03:57.754+0000] {logging_mixin.py:150} INFO - [2023-10-10T18:03:57.753+0000] {dagbag.py:541} INFO - Filling up the DagBag from /home/airflow/.local/lib/python3.7/site-packages/airflow/example_dags/example_branch_operator.py
[2023-10-10T18:03:57.771+0000] {processor.py:836} INFO - DAG(s) dict_keys(['example_branch_operator']) retrieved from /home/airflow/.local/lib/python3.7/site-packages/airflow/example_dags/example_branch_operator.py
[2023-10-10T18:03:57.826+0000] {logging_mixin.py:150} INFO - [2023-10-10T18:03:57.826+0000] {dag.py:2742} INFO - Sync 1 DAGs
[2023-10-10T18:03:57.871+0000] {logging_mixin.py:150} INFO - [2023-10-10T18:03:57.870+0000] {dag.py:3508} INFO - Setting next_dagrun for example_branch_operator to 2023-10-09T00:00:00+00:00, run_after=2023-10-10T00:00:00+00:00
[2023-10-10T18:03:57.902+0000] {processor.py:179} INFO - Processing /home/airflow/.local/lib/python3.7/site-packages/airflow/example_dags/example_branch_operator.py took 0.159 seconds
[2023-10-10T18:04:28.575+0000] {processor.py:157} INFO - Started process (PID=4450) to work on /home/airflow/.local/lib/python3.7/site-packages/airflow/example_dags/example_branch_operator.py
[2023-10-10T18:04:28.580+0000] {processor.py:826} INFO - Processing file /home/airflow/.local/lib/python3.7/site-packages/airflow/example_dags/example_branch_operator.py for tasks to queue
[2023-10-10T18:04:28.603+0000] {logging_mixin.py:150} INFO - [2023-10-10T18:04:28.602+0000] {dagbag.py:541} INFO - Filling up the DagBag from /home/airflow/.local/lib/python3.7/site-packages/airflow/example_dags/example_branch_operator.py
[2023-10-10T18:04:28.631+0000] {processor.py:836} INFO - DAG(s) dict_keys(['example_branch_operator']) retrieved from /home/airflow/.local/lib/python3.7/site-packages/airflow/example_dags/example_branch_operator.py
[2023-10-10T18:04:28.707+0000] {logging_mixin.py:150} INFO - [2023-10-10T18:04:28.707+0000] {dag.py:2742} INFO - Sync 1 DAGs
[2023-10-10T18:04:28.815+0000] {logging_mixin.py:150} INFO - [2023-10-10T18:04:28.815+0000] {dag.py:3508} INFO - Setting next_dagrun for example_branch_operator to 2023-10-09T00:00:00+00:00, run_after=2023-10-10T00:00:00+00:00
[2023-10-10T18:04:28.909+0000] {processor.py:179} INFO - Processing /home/airflow/.local/lib/python3.7/site-packages/airflow/example_dags/example_branch_operator.py took 0.344 seconds
[2023-10-10T18:05:01.395+0000] {processor.py:157} INFO - Started process (PID=4531) to work on /home/airflow/.local/lib/python3.7/site-packages/airflow/example_dags/example_branch_operator.py
[2023-10-10T18:05:01.408+0000] {processor.py:826} INFO - Processing file /home/airflow/.local/lib/python3.7/site-packages/airflow/example_dags/example_branch_operator.py for tasks to queue
[2023-10-10T18:05:01.429+0000] {logging_mixin.py:150} INFO - [2023-10-10T18:05:01.426+0000] {dagbag.py:541} INFO - Filling up the DagBag from /home/airflow/.local/lib/python3.7/site-packages/airflow/example_dags/example_branch_operator.py
[2023-10-10T18:05:01.486+0000] {processor.py:836} INFO - DAG(s) dict_keys(['example_branch_operator']) retrieved from /home/airflow/.local/lib/python3.7/site-packages/airflow/example_dags/example_branch_operator.py
[2023-10-10T18:05:01.664+0000] {logging_mixin.py:150} INFO - [2023-10-10T18:05:01.664+0000] {dag.py:2742} INFO - Sync 1 DAGs
[2023-10-10T18:05:01.842+0000] {logging_mixin.py:150} INFO - [2023-10-10T18:05:01.841+0000] {dag.py:3508} INFO - Setting next_dagrun for example_branch_operator to 2023-10-09T00:00:00+00:00, run_after=2023-10-10T00:00:00+00:00
[2023-10-10T18:05:01.962+0000] {processor.py:179} INFO - Processing /home/airflow/.local/lib/python3.7/site-packages/airflow/example_dags/example_branch_operator.py took 0.592 seconds
[2023-10-10T18:05:39.452+0000] {processor.py:157} INFO - Started process (PID=4617) to work on /home/airflow/.local/lib/python3.7/site-packages/airflow/example_dags/example_branch_operator.py
[2023-10-10T18:05:39.459+0000] {processor.py:826} INFO - Processing file /home/airflow/.local/lib/python3.7/site-packages/airflow/example_dags/example_branch_operator.py for tasks to queue
[2023-10-10T18:05:39.474+0000] {logging_mixin.py:150} INFO - [2023-10-10T18:05:39.473+0000] {dagbag.py:541} INFO - Filling up the DagBag from /home/airflow/.local/lib/python3.7/site-packages/airflow/example_dags/example_branch_operator.py
[2023-10-10T18:05:39.589+0000] {processor.py:836} INFO - DAG(s) dict_keys(['example_branch_operator']) retrieved from /home/airflow/.local/lib/python3.7/site-packages/airflow/example_dags/example_branch_operator.py
[2023-10-10T18:05:39.938+0000] {logging_mixin.py:150} INFO - [2023-10-10T18:05:39.937+0000] {dag.py:2742} INFO - Sync 1 DAGs
[2023-10-10T18:05:40.200+0000] {logging_mixin.py:150} INFO - [2023-10-10T18:05:40.199+0000] {dag.py:3508} INFO - Setting next_dagrun for example_branch_operator to 2023-10-09T00:00:00+00:00, run_after=2023-10-10T00:00:00+00:00
[2023-10-10T18:05:40.541+0000] {processor.py:179} INFO - Processing /home/airflow/.local/lib/python3.7/site-packages/airflow/example_dags/example_branch_operator.py took 1.140 seconds
