[2023-10-10T17:36:33.459+0000] {processor.py:157} INFO - Started process (PID=54) to work on /home/airflow/.local/lib/python3.7/site-packages/airflow/example_dags/example_xcom.py
[2023-10-10T17:36:33.464+0000] {processor.py:826} INFO - Processing file /home/airflow/.local/lib/python3.7/site-packages/airflow/example_dags/example_xcom.py for tasks to queue
[2023-10-10T17:36:33.470+0000] {logging_mixin.py:150} INFO - [2023-10-10T17:36:33.469+0000] {dagbag.py:541} INFO - Filling up the DagBag from /home/airflow/.local/lib/python3.7/site-packages/airflow/example_dags/example_xcom.py
[2023-10-10T17:36:33.508+0000] {processor.py:836} INFO - DAG(s) dict_keys(['example_xcom']) retrieved from /home/airflow/.local/lib/python3.7/site-packages/airflow/example_dags/example_xcom.py
[2023-10-10T17:36:33.545+0000] {logging_mixin.py:150} INFO - [2023-10-10T17:36:33.545+0000] {dag.py:2742} INFO - Sync 1 DAGs
[2023-10-10T17:36:33.604+0000] {logging_mixin.py:150} INFO - [2023-10-10T17:36:33.604+0000] {dag.py:3508} INFO - Setting next_dagrun for example_xcom to 2021-01-01T00:00:00+00:00, run_after=2021-01-01T00:00:00+00:00
[2023-10-10T17:36:33.712+0000] {processor.py:179} INFO - Processing /home/airflow/.local/lib/python3.7/site-packages/airflow/example_dags/example_xcom.py took 0.261 seconds
[2023-10-10T17:37:03.822+0000] {processor.py:157} INFO - Started process (PID=143) to work on /home/airflow/.local/lib/python3.7/site-packages/airflow/example_dags/example_xcom.py
[2023-10-10T17:37:03.824+0000] {processor.py:826} INFO - Processing file /home/airflow/.local/lib/python3.7/site-packages/airflow/example_dags/example_xcom.py for tasks to queue
[2023-10-10T17:37:03.826+0000] {logging_mixin.py:150} INFO - [2023-10-10T17:37:03.826+0000] {dagbag.py:541} INFO - Filling up the DagBag from /home/airflow/.local/lib/python3.7/site-packages/airflow/example_dags/example_xcom.py
[2023-10-10T17:37:03.837+0000] {processor.py:836} INFO - DAG(s) dict_keys(['example_xcom']) retrieved from /home/airflow/.local/lib/python3.7/site-packages/airflow/example_dags/example_xcom.py
[2023-10-10T17:37:03.870+0000] {logging_mixin.py:150} INFO - [2023-10-10T17:37:03.870+0000] {dag.py:2742} INFO - Sync 1 DAGs
[2023-10-10T17:37:03.908+0000] {logging_mixin.py:150} INFO - [2023-10-10T17:37:03.908+0000] {dag.py:3508} INFO - Setting next_dagrun for example_xcom to 2021-01-01T00:00:00+00:00, run_after=2021-01-01T00:00:00+00:00
[2023-10-10T17:37:03.934+0000] {processor.py:179} INFO - Processing /home/airflow/.local/lib/python3.7/site-packages/airflow/example_dags/example_xcom.py took 0.116 seconds
[2023-10-10T17:37:34.142+0000] {processor.py:157} INFO - Started process (PID=223) to work on /home/airflow/.local/lib/python3.7/site-packages/airflow/example_dags/example_xcom.py
[2023-10-10T17:37:34.145+0000] {processor.py:826} INFO - Processing file /home/airflow/.local/lib/python3.7/site-packages/airflow/example_dags/example_xcom.py for tasks to queue
[2023-10-10T17:37:34.147+0000] {logging_mixin.py:150} INFO - [2023-10-10T17:37:34.146+0000] {dagbag.py:541} INFO - Filling up the DagBag from /home/airflow/.local/lib/python3.7/site-packages/airflow/example_dags/example_xcom.py
[2023-10-10T17:37:34.159+0000] {processor.py:836} INFO - DAG(s) dict_keys(['example_xcom']) retrieved from /home/airflow/.local/lib/python3.7/site-packages/airflow/example_dags/example_xcom.py
[2023-10-10T17:37:34.196+0000] {logging_mixin.py:150} INFO - [2023-10-10T17:37:34.196+0000] {dag.py:2742} INFO - Sync 1 DAGs
[2023-10-10T17:37:34.234+0000] {logging_mixin.py:150} INFO - [2023-10-10T17:37:34.233+0000] {dag.py:3508} INFO - Setting next_dagrun for example_xcom to 2021-01-01T00:00:00+00:00, run_after=2021-01-01T00:00:00+00:00
[2023-10-10T17:37:34.258+0000] {processor.py:179} INFO - Processing /home/airflow/.local/lib/python3.7/site-packages/airflow/example_dags/example_xcom.py took 0.121 seconds
[2023-10-10T17:38:04.654+0000] {processor.py:157} INFO - Started process (PID=312) to work on /home/airflow/.local/lib/python3.7/site-packages/airflow/example_dags/example_xcom.py
[2023-10-10T17:38:04.656+0000] {processor.py:826} INFO - Processing file /home/airflow/.local/lib/python3.7/site-packages/airflow/example_dags/example_xcom.py for tasks to queue
[2023-10-10T17:38:04.658+0000] {logging_mixin.py:150} INFO - [2023-10-10T17:38:04.658+0000] {dagbag.py:541} INFO - Filling up the DagBag from /home/airflow/.local/lib/python3.7/site-packages/airflow/example_dags/example_xcom.py
[2023-10-10T17:38:04.672+0000] {processor.py:836} INFO - DAG(s) dict_keys(['example_xcom']) retrieved from /home/airflow/.local/lib/python3.7/site-packages/airflow/example_dags/example_xcom.py
[2023-10-10T17:38:04.713+0000] {logging_mixin.py:150} INFO - [2023-10-10T17:38:04.713+0000] {dag.py:2742} INFO - Sync 1 DAGs
[2023-10-10T17:38:04.756+0000] {logging_mixin.py:150} INFO - [2023-10-10T17:38:04.755+0000] {dag.py:3508} INFO - Setting next_dagrun for example_xcom to 2021-01-01T00:00:00+00:00, run_after=2021-01-01T00:00:00+00:00
[2023-10-10T17:38:04.784+0000] {processor.py:179} INFO - Processing /home/airflow/.local/lib/python3.7/site-packages/airflow/example_dags/example_xcom.py took 0.137 seconds
[2023-10-10T17:38:35.405+0000] {processor.py:157} INFO - Started process (PID=406) to work on /home/airflow/.local/lib/python3.7/site-packages/airflow/example_dags/example_xcom.py
[2023-10-10T17:38:35.407+0000] {processor.py:826} INFO - Processing file /home/airflow/.local/lib/python3.7/site-packages/airflow/example_dags/example_xcom.py for tasks to queue
[2023-10-10T17:38:35.409+0000] {logging_mixin.py:150} INFO - [2023-10-10T17:38:35.409+0000] {dagbag.py:541} INFO - Filling up the DagBag from /home/airflow/.local/lib/python3.7/site-packages/airflow/example_dags/example_xcom.py
[2023-10-10T17:38:35.423+0000] {processor.py:836} INFO - DAG(s) dict_keys(['example_xcom']) retrieved from /home/airflow/.local/lib/python3.7/site-packages/airflow/example_dags/example_xcom.py
[2023-10-10T17:38:35.464+0000] {logging_mixin.py:150} INFO - [2023-10-10T17:38:35.464+0000] {dag.py:2742} INFO - Sync 1 DAGs
[2023-10-10T17:38:35.509+0000] {logging_mixin.py:150} INFO - [2023-10-10T17:38:35.509+0000] {dag.py:3508} INFO - Setting next_dagrun for example_xcom to 2021-01-01T00:00:00+00:00, run_after=2021-01-01T00:00:00+00:00
[2023-10-10T17:38:35.564+0000] {processor.py:179} INFO - Processing /home/airflow/.local/lib/python3.7/site-packages/airflow/example_dags/example_xcom.py took 0.165 seconds
[2023-10-10T17:39:05.832+0000] {processor.py:157} INFO - Started process (PID=493) to work on /home/airflow/.local/lib/python3.7/site-packages/airflow/example_dags/example_xcom.py
[2023-10-10T17:39:05.834+0000] {processor.py:826} INFO - Processing file /home/airflow/.local/lib/python3.7/site-packages/airflow/example_dags/example_xcom.py for tasks to queue
[2023-10-10T17:39:05.836+0000] {logging_mixin.py:150} INFO - [2023-10-10T17:39:05.836+0000] {dagbag.py:541} INFO - Filling up the DagBag from /home/airflow/.local/lib/python3.7/site-packages/airflow/example_dags/example_xcom.py
[2023-10-10T17:39:05.849+0000] {processor.py:836} INFO - DAG(s) dict_keys(['example_xcom']) retrieved from /home/airflow/.local/lib/python3.7/site-packages/airflow/example_dags/example_xcom.py
[2023-10-10T17:39:05.895+0000] {logging_mixin.py:150} INFO - [2023-10-10T17:39:05.895+0000] {dag.py:2742} INFO - Sync 1 DAGs
[2023-10-10T17:39:05.928+0000] {logging_mixin.py:150} INFO - [2023-10-10T17:39:05.928+0000] {dag.py:3508} INFO - Setting next_dagrun for example_xcom to 2021-01-01T00:00:00+00:00, run_after=2021-01-01T00:00:00+00:00
[2023-10-10T17:39:05.952+0000] {processor.py:179} INFO - Processing /home/airflow/.local/lib/python3.7/site-packages/airflow/example_dags/example_xcom.py took 0.131 seconds
[2023-10-10T17:39:36.246+0000] {processor.py:157} INFO - Started process (PID=575) to work on /home/airflow/.local/lib/python3.7/site-packages/airflow/example_dags/example_xcom.py
[2023-10-10T17:39:36.248+0000] {processor.py:826} INFO - Processing file /home/airflow/.local/lib/python3.7/site-packages/airflow/example_dags/example_xcom.py for tasks to queue
[2023-10-10T17:39:36.250+0000] {logging_mixin.py:150} INFO - [2023-10-10T17:39:36.250+0000] {dagbag.py:541} INFO - Filling up the DagBag from /home/airflow/.local/lib/python3.7/site-packages/airflow/example_dags/example_xcom.py
[2023-10-10T17:39:36.264+0000] {processor.py:836} INFO - DAG(s) dict_keys(['example_xcom']) retrieved from /home/airflow/.local/lib/python3.7/site-packages/airflow/example_dags/example_xcom.py
[2023-10-10T17:39:36.296+0000] {logging_mixin.py:150} INFO - [2023-10-10T17:39:36.296+0000] {dag.py:2742} INFO - Sync 1 DAGs
[2023-10-10T17:39:36.328+0000] {logging_mixin.py:150} INFO - [2023-10-10T17:39:36.328+0000] {dag.py:3508} INFO - Setting next_dagrun for example_xcom to 2021-01-01T00:00:00+00:00, run_after=2021-01-01T00:00:00+00:00
[2023-10-10T17:39:36.353+0000] {processor.py:179} INFO - Processing /home/airflow/.local/lib/python3.7/site-packages/airflow/example_dags/example_xcom.py took 0.112 seconds
[2023-10-10T17:40:06.968+0000] {processor.py:157} INFO - Started process (PID=662) to work on /home/airflow/.local/lib/python3.7/site-packages/airflow/example_dags/example_xcom.py
[2023-10-10T17:40:06.970+0000] {processor.py:826} INFO - Processing file /home/airflow/.local/lib/python3.7/site-packages/airflow/example_dags/example_xcom.py for tasks to queue
[2023-10-10T17:40:06.971+0000] {logging_mixin.py:150} INFO - [2023-10-10T17:40:06.971+0000] {dagbag.py:541} INFO - Filling up the DagBag from /home/airflow/.local/lib/python3.7/site-packages/airflow/example_dags/example_xcom.py
[2023-10-10T17:40:06.982+0000] {processor.py:836} INFO - DAG(s) dict_keys(['example_xcom']) retrieved from /home/airflow/.local/lib/python3.7/site-packages/airflow/example_dags/example_xcom.py
[2023-10-10T17:40:07.014+0000] {logging_mixin.py:150} INFO - [2023-10-10T17:40:07.013+0000] {dag.py:2742} INFO - Sync 1 DAGs
[2023-10-10T17:40:07.046+0000] {logging_mixin.py:150} INFO - [2023-10-10T17:40:07.046+0000] {dag.py:3508} INFO - Setting next_dagrun for example_xcom to 2021-01-01T00:00:00+00:00, run_after=2021-01-01T00:00:00+00:00
[2023-10-10T17:40:07.070+0000] {processor.py:179} INFO - Processing /home/airflow/.local/lib/python3.7/site-packages/airflow/example_dags/example_xcom.py took 0.106 seconds
[2023-10-10T17:40:37.322+0000] {processor.py:157} INFO - Started process (PID=744) to work on /home/airflow/.local/lib/python3.7/site-packages/airflow/example_dags/example_xcom.py
[2023-10-10T17:40:37.324+0000] {processor.py:826} INFO - Processing file /home/airflow/.local/lib/python3.7/site-packages/airflow/example_dags/example_xcom.py for tasks to queue
[2023-10-10T17:40:37.326+0000] {logging_mixin.py:150} INFO - [2023-10-10T17:40:37.326+0000] {dagbag.py:541} INFO - Filling up the DagBag from /home/airflow/.local/lib/python3.7/site-packages/airflow/example_dags/example_xcom.py
[2023-10-10T17:40:37.338+0000] {processor.py:836} INFO - DAG(s) dict_keys(['example_xcom']) retrieved from /home/airflow/.local/lib/python3.7/site-packages/airflow/example_dags/example_xcom.py
[2023-10-10T17:40:37.375+0000] {logging_mixin.py:150} INFO - [2023-10-10T17:40:37.375+0000] {dag.py:2742} INFO - Sync 1 DAGs
[2023-10-10T17:40:37.408+0000] {logging_mixin.py:150} INFO - [2023-10-10T17:40:37.408+0000] {dag.py:3508} INFO - Setting next_dagrun for example_xcom to 2021-01-01T00:00:00+00:00, run_after=2021-01-01T00:00:00+00:00
[2023-10-10T17:40:37.433+0000] {processor.py:179} INFO - Processing /home/airflow/.local/lib/python3.7/site-packages/airflow/example_dags/example_xcom.py took 0.118 seconds
[2023-10-10T17:41:07.543+0000] {processor.py:157} INFO - Started process (PID=824) to work on /home/airflow/.local/lib/python3.7/site-packages/airflow/example_dags/example_xcom.py
[2023-10-10T17:41:07.546+0000] {processor.py:826} INFO - Processing file /home/airflow/.local/lib/python3.7/site-packages/airflow/example_dags/example_xcom.py for tasks to queue
[2023-10-10T17:41:07.548+0000] {logging_mixin.py:150} INFO - [2023-10-10T17:41:07.548+0000] {dagbag.py:541} INFO - Filling up the DagBag from /home/airflow/.local/lib/python3.7/site-packages/airflow/example_dags/example_xcom.py
[2023-10-10T17:41:07.563+0000] {processor.py:836} INFO - DAG(s) dict_keys(['example_xcom']) retrieved from /home/airflow/.local/lib/python3.7/site-packages/airflow/example_dags/example_xcom.py
[2023-10-10T17:41:07.599+0000] {logging_mixin.py:150} INFO - [2023-10-10T17:41:07.599+0000] {dag.py:2742} INFO - Sync 1 DAGs
[2023-10-10T17:41:07.631+0000] {logging_mixin.py:150} INFO - [2023-10-10T17:41:07.630+0000] {dag.py:3508} INFO - Setting next_dagrun for example_xcom to 2021-01-01T00:00:00+00:00, run_after=2021-01-01T00:00:00+00:00
[2023-10-10T17:41:07.656+0000] {processor.py:179} INFO - Processing /home/airflow/.local/lib/python3.7/site-packages/airflow/example_dags/example_xcom.py took 0.119 seconds
[2023-10-10T17:41:38.044+0000] {processor.py:157} INFO - Started process (PID=914) to work on /home/airflow/.local/lib/python3.7/site-packages/airflow/example_dags/example_xcom.py
[2023-10-10T17:41:38.047+0000] {processor.py:826} INFO - Processing file /home/airflow/.local/lib/python3.7/site-packages/airflow/example_dags/example_xcom.py for tasks to queue
[2023-10-10T17:41:38.050+0000] {logging_mixin.py:150} INFO - [2023-10-10T17:41:38.050+0000] {dagbag.py:541} INFO - Filling up the DagBag from /home/airflow/.local/lib/python3.7/site-packages/airflow/example_dags/example_xcom.py
[2023-10-10T17:41:38.065+0000] {processor.py:836} INFO - DAG(s) dict_keys(['example_xcom']) retrieved from /home/airflow/.local/lib/python3.7/site-packages/airflow/example_dags/example_xcom.py
[2023-10-10T17:41:38.107+0000] {logging_mixin.py:150} INFO - [2023-10-10T17:41:38.106+0000] {dag.py:2742} INFO - Sync 1 DAGs
[2023-10-10T17:41:38.164+0000] {logging_mixin.py:150} INFO - [2023-10-10T17:41:38.164+0000] {dag.py:3508} INFO - Setting next_dagrun for example_xcom to 2021-01-01T00:00:00+00:00, run_after=2021-01-01T00:00:00+00:00
[2023-10-10T17:41:38.219+0000] {processor.py:179} INFO - Processing /home/airflow/.local/lib/python3.7/site-packages/airflow/example_dags/example_xcom.py took 0.182 seconds
[2023-10-10T17:42:08.314+0000] {processor.py:157} INFO - Started process (PID=994) to work on /home/airflow/.local/lib/python3.7/site-packages/airflow/example_dags/example_xcom.py
[2023-10-10T17:42:08.317+0000] {processor.py:826} INFO - Processing file /home/airflow/.local/lib/python3.7/site-packages/airflow/example_dags/example_xcom.py for tasks to queue
[2023-10-10T17:42:08.319+0000] {logging_mixin.py:150} INFO - [2023-10-10T17:42:08.318+0000] {dagbag.py:541} INFO - Filling up the DagBag from /home/airflow/.local/lib/python3.7/site-packages/airflow/example_dags/example_xcom.py
[2023-10-10T17:42:08.331+0000] {processor.py:836} INFO - DAG(s) dict_keys(['example_xcom']) retrieved from /home/airflow/.local/lib/python3.7/site-packages/airflow/example_dags/example_xcom.py
[2023-10-10T17:42:08.372+0000] {logging_mixin.py:150} INFO - [2023-10-10T17:42:08.372+0000] {dag.py:2742} INFO - Sync 1 DAGs
[2023-10-10T17:42:08.408+0000] {logging_mixin.py:150} INFO - [2023-10-10T17:42:08.408+0000] {dag.py:3508} INFO - Setting next_dagrun for example_xcom to 2021-01-01T00:00:00+00:00, run_after=2021-01-01T00:00:00+00:00
[2023-10-10T17:42:08.443+0000] {processor.py:179} INFO - Processing /home/airflow/.local/lib/python3.7/site-packages/airflow/example_dags/example_xcom.py took 0.135 seconds
[2023-10-10T17:42:38.730+0000] {processor.py:157} INFO - Started process (PID=1084) to work on /home/airflow/.local/lib/python3.7/site-packages/airflow/example_dags/example_xcom.py
[2023-10-10T17:42:38.734+0000] {processor.py:826} INFO - Processing file /home/airflow/.local/lib/python3.7/site-packages/airflow/example_dags/example_xcom.py for tasks to queue
[2023-10-10T17:42:38.737+0000] {logging_mixin.py:150} INFO - [2023-10-10T17:42:38.737+0000] {dagbag.py:541} INFO - Filling up the DagBag from /home/airflow/.local/lib/python3.7/site-packages/airflow/example_dags/example_xcom.py
[2023-10-10T17:42:38.774+0000] {processor.py:836} INFO - DAG(s) dict_keys(['example_xcom']) retrieved from /home/airflow/.local/lib/python3.7/site-packages/airflow/example_dags/example_xcom.py
[2023-10-10T17:42:38.821+0000] {logging_mixin.py:150} INFO - [2023-10-10T17:42:38.821+0000] {dag.py:2742} INFO - Sync 1 DAGs
[2023-10-10T17:42:38.862+0000] {logging_mixin.py:150} INFO - [2023-10-10T17:42:38.862+0000] {dag.py:3508} INFO - Setting next_dagrun for example_xcom to 2021-01-01T00:00:00+00:00, run_after=2021-01-01T00:00:00+00:00
[2023-10-10T17:42:38.901+0000] {processor.py:179} INFO - Processing /home/airflow/.local/lib/python3.7/site-packages/airflow/example_dags/example_xcom.py took 0.179 seconds
[2023-10-10T17:43:09.225+0000] {processor.py:157} INFO - Started process (PID=1164) to work on /home/airflow/.local/lib/python3.7/site-packages/airflow/example_dags/example_xcom.py
[2023-10-10T17:43:09.227+0000] {processor.py:826} INFO - Processing file /home/airflow/.local/lib/python3.7/site-packages/airflow/example_dags/example_xcom.py for tasks to queue
[2023-10-10T17:43:09.228+0000] {logging_mixin.py:150} INFO - [2023-10-10T17:43:09.228+0000] {dagbag.py:541} INFO - Filling up the DagBag from /home/airflow/.local/lib/python3.7/site-packages/airflow/example_dags/example_xcom.py
[2023-10-10T17:43:09.239+0000] {processor.py:836} INFO - DAG(s) dict_keys(['example_xcom']) retrieved from /home/airflow/.local/lib/python3.7/site-packages/airflow/example_dags/example_xcom.py
[2023-10-10T17:43:09.270+0000] {logging_mixin.py:150} INFO - [2023-10-10T17:43:09.269+0000] {dag.py:2742} INFO - Sync 1 DAGs
[2023-10-10T17:43:09.303+0000] {logging_mixin.py:150} INFO - [2023-10-10T17:43:09.303+0000] {dag.py:3508} INFO - Setting next_dagrun for example_xcom to 2021-01-01T00:00:00+00:00, run_after=2021-01-01T00:00:00+00:00
[2023-10-10T17:43:09.327+0000] {processor.py:179} INFO - Processing /home/airflow/.local/lib/python3.7/site-packages/airflow/example_dags/example_xcom.py took 0.106 seconds
[2023-10-10T17:43:39.417+0000] {processor.py:157} INFO - Started process (PID=1253) to work on /home/airflow/.local/lib/python3.7/site-packages/airflow/example_dags/example_xcom.py
[2023-10-10T17:43:39.420+0000] {processor.py:826} INFO - Processing file /home/airflow/.local/lib/python3.7/site-packages/airflow/example_dags/example_xcom.py for tasks to queue
[2023-10-10T17:43:39.422+0000] {logging_mixin.py:150} INFO - [2023-10-10T17:43:39.422+0000] {dagbag.py:541} INFO - Filling up the DagBag from /home/airflow/.local/lib/python3.7/site-packages/airflow/example_dags/example_xcom.py
[2023-10-10T17:43:39.437+0000] {processor.py:836} INFO - DAG(s) dict_keys(['example_xcom']) retrieved from /home/airflow/.local/lib/python3.7/site-packages/airflow/example_dags/example_xcom.py
[2023-10-10T17:43:39.482+0000] {logging_mixin.py:150} INFO - [2023-10-10T17:43:39.482+0000] {dag.py:2742} INFO - Sync 1 DAGs
[2023-10-10T17:43:39.527+0000] {logging_mixin.py:150} INFO - [2023-10-10T17:43:39.527+0000] {dag.py:3508} INFO - Setting next_dagrun for example_xcom to 2021-01-01T00:00:00+00:00, run_after=2021-01-01T00:00:00+00:00
[2023-10-10T17:43:39.556+0000] {processor.py:179} INFO - Processing /home/airflow/.local/lib/python3.7/site-packages/airflow/example_dags/example_xcom.py took 0.145 seconds
[2023-10-10T17:44:09.592+0000] {processor.py:157} INFO - Started process (PID=1332) to work on /home/airflow/.local/lib/python3.7/site-packages/airflow/example_dags/example_xcom.py
[2023-10-10T17:44:09.594+0000] {processor.py:826} INFO - Processing file /home/airflow/.local/lib/python3.7/site-packages/airflow/example_dags/example_xcom.py for tasks to queue
[2023-10-10T17:44:09.597+0000] {logging_mixin.py:150} INFO - [2023-10-10T17:44:09.596+0000] {dagbag.py:541} INFO - Filling up the DagBag from /home/airflow/.local/lib/python3.7/site-packages/airflow/example_dags/example_xcom.py
[2023-10-10T17:44:09.612+0000] {processor.py:836} INFO - DAG(s) dict_keys(['example_xcom']) retrieved from /home/airflow/.local/lib/python3.7/site-packages/airflow/example_dags/example_xcom.py
[2023-10-10T17:44:09.652+0000] {logging_mixin.py:150} INFO - [2023-10-10T17:44:09.651+0000] {dag.py:2742} INFO - Sync 1 DAGs
[2023-10-10T17:44:09.684+0000] {logging_mixin.py:150} INFO - [2023-10-10T17:44:09.684+0000] {dag.py:3508} INFO - Setting next_dagrun for example_xcom to 2021-01-01T00:00:00+00:00, run_after=2021-01-01T00:00:00+00:00
[2023-10-10T17:44:09.709+0000] {processor.py:179} INFO - Processing /home/airflow/.local/lib/python3.7/site-packages/airflow/example_dags/example_xcom.py took 0.124 seconds
[2023-10-10T17:44:40.088+0000] {processor.py:157} INFO - Started process (PID=1413) to work on /home/airflow/.local/lib/python3.7/site-packages/airflow/example_dags/example_xcom.py
[2023-10-10T17:44:40.091+0000] {processor.py:826} INFO - Processing file /home/airflow/.local/lib/python3.7/site-packages/airflow/example_dags/example_xcom.py for tasks to queue
[2023-10-10T17:44:40.093+0000] {logging_mixin.py:150} INFO - [2023-10-10T17:44:40.092+0000] {dagbag.py:541} INFO - Filling up the DagBag from /home/airflow/.local/lib/python3.7/site-packages/airflow/example_dags/example_xcom.py
[2023-10-10T17:44:40.114+0000] {processor.py:836} INFO - DAG(s) dict_keys(['example_xcom']) retrieved from /home/airflow/.local/lib/python3.7/site-packages/airflow/example_dags/example_xcom.py
[2023-10-10T17:44:40.161+0000] {logging_mixin.py:150} INFO - [2023-10-10T17:44:40.161+0000] {dag.py:2742} INFO - Sync 1 DAGs
[2023-10-10T17:44:40.219+0000] {logging_mixin.py:150} INFO - [2023-10-10T17:44:40.219+0000] {dag.py:3508} INFO - Setting next_dagrun for example_xcom to 2021-01-01T00:00:00+00:00, run_after=2021-01-01T00:00:00+00:00
[2023-10-10T17:44:40.255+0000] {processor.py:179} INFO - Processing /home/airflow/.local/lib/python3.7/site-packages/airflow/example_dags/example_xcom.py took 0.174 seconds
[2023-10-10T17:45:10.540+0000] {processor.py:157} INFO - Started process (PID=1502) to work on /home/airflow/.local/lib/python3.7/site-packages/airflow/example_dags/example_xcom.py
[2023-10-10T17:45:10.542+0000] {processor.py:826} INFO - Processing file /home/airflow/.local/lib/python3.7/site-packages/airflow/example_dags/example_xcom.py for tasks to queue
[2023-10-10T17:45:10.544+0000] {logging_mixin.py:150} INFO - [2023-10-10T17:45:10.543+0000] {dagbag.py:541} INFO - Filling up the DagBag from /home/airflow/.local/lib/python3.7/site-packages/airflow/example_dags/example_xcom.py
[2023-10-10T17:45:10.554+0000] {processor.py:836} INFO - DAG(s) dict_keys(['example_xcom']) retrieved from /home/airflow/.local/lib/python3.7/site-packages/airflow/example_dags/example_xcom.py
[2023-10-10T17:45:10.587+0000] {logging_mixin.py:150} INFO - [2023-10-10T17:45:10.586+0000] {dag.py:2742} INFO - Sync 1 DAGs
[2023-10-10T17:45:10.621+0000] {logging_mixin.py:150} INFO - [2023-10-10T17:45:10.621+0000] {dag.py:3508} INFO - Setting next_dagrun for example_xcom to 2021-01-01T00:00:00+00:00, run_after=2021-01-01T00:00:00+00:00
[2023-10-10T17:45:10.646+0000] {processor.py:179} INFO - Processing /home/airflow/.local/lib/python3.7/site-packages/airflow/example_dags/example_xcom.py took 0.110 seconds
[2023-10-10T17:45:40.897+0000] {processor.py:157} INFO - Started process (PID=1582) to work on /home/airflow/.local/lib/python3.7/site-packages/airflow/example_dags/example_xcom.py
[2023-10-10T17:45:40.900+0000] {processor.py:826} INFO - Processing file /home/airflow/.local/lib/python3.7/site-packages/airflow/example_dags/example_xcom.py for tasks to queue
[2023-10-10T17:45:40.902+0000] {logging_mixin.py:150} INFO - [2023-10-10T17:45:40.902+0000] {dagbag.py:541} INFO - Filling up the DagBag from /home/airflow/.local/lib/python3.7/site-packages/airflow/example_dags/example_xcom.py
[2023-10-10T17:45:40.933+0000] {processor.py:836} INFO - DAG(s) dict_keys(['example_xcom']) retrieved from /home/airflow/.local/lib/python3.7/site-packages/airflow/example_dags/example_xcom.py
[2023-10-10T17:45:40.982+0000] {logging_mixin.py:150} INFO - [2023-10-10T17:45:40.981+0000] {dag.py:2742} INFO - Sync 1 DAGs
[2023-10-10T17:45:41.023+0000] {logging_mixin.py:150} INFO - [2023-10-10T17:45:41.023+0000] {dag.py:3508} INFO - Setting next_dagrun for example_xcom to 2021-01-01T00:00:00+00:00, run_after=2021-01-01T00:00:00+00:00
[2023-10-10T17:45:41.053+0000] {processor.py:179} INFO - Processing /home/airflow/.local/lib/python3.7/site-packages/airflow/example_dags/example_xcom.py took 0.161 seconds
[2023-10-10T17:46:11.946+0000] {processor.py:157} INFO - Started process (PID=1671) to work on /home/airflow/.local/lib/python3.7/site-packages/airflow/example_dags/example_xcom.py
[2023-10-10T17:46:11.949+0000] {processor.py:826} INFO - Processing file /home/airflow/.local/lib/python3.7/site-packages/airflow/example_dags/example_xcom.py for tasks to queue
[2023-10-10T17:46:11.951+0000] {logging_mixin.py:150} INFO - [2023-10-10T17:46:11.950+0000] {dagbag.py:541} INFO - Filling up the DagBag from /home/airflow/.local/lib/python3.7/site-packages/airflow/example_dags/example_xcom.py
[2023-10-10T17:46:11.964+0000] {processor.py:836} INFO - DAG(s) dict_keys(['example_xcom']) retrieved from /home/airflow/.local/lib/python3.7/site-packages/airflow/example_dags/example_xcom.py
[2023-10-10T17:46:12.001+0000] {logging_mixin.py:150} INFO - [2023-10-10T17:46:12.000+0000] {dag.py:2742} INFO - Sync 1 DAGs
[2023-10-10T17:46:12.047+0000] {logging_mixin.py:150} INFO - [2023-10-10T17:46:12.047+0000] {dag.py:3508} INFO - Setting next_dagrun for example_xcom to 2021-01-01T00:00:00+00:00, run_after=2021-01-01T00:00:00+00:00
[2023-10-10T17:46:12.075+0000] {processor.py:179} INFO - Processing /home/airflow/.local/lib/python3.7/site-packages/airflow/example_dags/example_xcom.py took 0.135 seconds
[2023-10-10T17:46:42.433+0000] {processor.py:157} INFO - Started process (PID=1751) to work on /home/airflow/.local/lib/python3.7/site-packages/airflow/example_dags/example_xcom.py
[2023-10-10T17:46:42.435+0000] {processor.py:826} INFO - Processing file /home/airflow/.local/lib/python3.7/site-packages/airflow/example_dags/example_xcom.py for tasks to queue
[2023-10-10T17:46:42.437+0000] {logging_mixin.py:150} INFO - [2023-10-10T17:46:42.437+0000] {dagbag.py:541} INFO - Filling up the DagBag from /home/airflow/.local/lib/python3.7/site-packages/airflow/example_dags/example_xcom.py
[2023-10-10T17:46:42.451+0000] {processor.py:836} INFO - DAG(s) dict_keys(['example_xcom']) retrieved from /home/airflow/.local/lib/python3.7/site-packages/airflow/example_dags/example_xcom.py
[2023-10-10T17:46:42.498+0000] {logging_mixin.py:150} INFO - [2023-10-10T17:46:42.498+0000] {dag.py:2742} INFO - Sync 1 DAGs
[2023-10-10T17:46:42.554+0000] {logging_mixin.py:150} INFO - [2023-10-10T17:46:42.553+0000] {dag.py:3508} INFO - Setting next_dagrun for example_xcom to 2021-01-01T00:00:00+00:00, run_after=2021-01-01T00:00:00+00:00
[2023-10-10T17:46:42.587+0000] {processor.py:179} INFO - Processing /home/airflow/.local/lib/python3.7/site-packages/airflow/example_dags/example_xcom.py took 0.158 seconds
[2023-10-10T17:47:12.798+0000] {processor.py:157} INFO - Started process (PID=1840) to work on /home/airflow/.local/lib/python3.7/site-packages/airflow/example_dags/example_xcom.py
[2023-10-10T17:47:12.800+0000] {processor.py:826} INFO - Processing file /home/airflow/.local/lib/python3.7/site-packages/airflow/example_dags/example_xcom.py for tasks to queue
[2023-10-10T17:47:12.802+0000] {logging_mixin.py:150} INFO - [2023-10-10T17:47:12.802+0000] {dagbag.py:541} INFO - Filling up the DagBag from /home/airflow/.local/lib/python3.7/site-packages/airflow/example_dags/example_xcom.py
[2023-10-10T17:47:12.817+0000] {processor.py:836} INFO - DAG(s) dict_keys(['example_xcom']) retrieved from /home/airflow/.local/lib/python3.7/site-packages/airflow/example_dags/example_xcom.py
[2023-10-10T17:47:12.857+0000] {logging_mixin.py:150} INFO - [2023-10-10T17:47:12.856+0000] {dag.py:2742} INFO - Sync 1 DAGs
[2023-10-10T17:47:12.925+0000] {logging_mixin.py:150} INFO - [2023-10-10T17:47:12.925+0000] {dag.py:3508} INFO - Setting next_dagrun for example_xcom to 2021-01-01T00:00:00+00:00, run_after=2021-01-01T00:00:00+00:00
[2023-10-10T17:47:13.000+0000] {processor.py:179} INFO - Processing /home/airflow/.local/lib/python3.7/site-packages/airflow/example_dags/example_xcom.py took 0.208 seconds
[2023-10-10T17:47:43.135+0000] {processor.py:157} INFO - Started process (PID=1920) to work on /home/airflow/.local/lib/python3.7/site-packages/airflow/example_dags/example_xcom.py
[2023-10-10T17:47:43.144+0000] {processor.py:826} INFO - Processing file /home/airflow/.local/lib/python3.7/site-packages/airflow/example_dags/example_xcom.py for tasks to queue
[2023-10-10T17:47:43.147+0000] {logging_mixin.py:150} INFO - [2023-10-10T17:47:43.146+0000] {dagbag.py:541} INFO - Filling up the DagBag from /home/airflow/.local/lib/python3.7/site-packages/airflow/example_dags/example_xcom.py
[2023-10-10T17:47:43.160+0000] {processor.py:836} INFO - DAG(s) dict_keys(['example_xcom']) retrieved from /home/airflow/.local/lib/python3.7/site-packages/airflow/example_dags/example_xcom.py
[2023-10-10T17:47:43.207+0000] {logging_mixin.py:150} INFO - [2023-10-10T17:47:43.207+0000] {dag.py:2742} INFO - Sync 1 DAGs
[2023-10-10T17:47:43.243+0000] {logging_mixin.py:150} INFO - [2023-10-10T17:47:43.243+0000] {dag.py:3508} INFO - Setting next_dagrun for example_xcom to 2021-01-01T00:00:00+00:00, run_after=2021-01-01T00:00:00+00:00
[2023-10-10T17:47:43.274+0000] {processor.py:179} INFO - Processing /home/airflow/.local/lib/python3.7/site-packages/airflow/example_dags/example_xcom.py took 0.153 seconds
[2023-10-10T17:48:13.932+0000] {processor.py:157} INFO - Started process (PID=2009) to work on /home/airflow/.local/lib/python3.7/site-packages/airflow/example_dags/example_xcom.py
[2023-10-10T17:48:13.936+0000] {processor.py:826} INFO - Processing file /home/airflow/.local/lib/python3.7/site-packages/airflow/example_dags/example_xcom.py for tasks to queue
[2023-10-10T17:48:13.940+0000] {logging_mixin.py:150} INFO - [2023-10-10T17:48:13.939+0000] {dagbag.py:541} INFO - Filling up the DagBag from /home/airflow/.local/lib/python3.7/site-packages/airflow/example_dags/example_xcom.py
[2023-10-10T17:48:13.963+0000] {processor.py:836} INFO - DAG(s) dict_keys(['example_xcom']) retrieved from /home/airflow/.local/lib/python3.7/site-packages/airflow/example_dags/example_xcom.py
[2023-10-10T17:48:14.011+0000] {logging_mixin.py:150} INFO - [2023-10-10T17:48:14.011+0000] {dag.py:2742} INFO - Sync 1 DAGs
[2023-10-10T17:48:14.055+0000] {logging_mixin.py:150} INFO - [2023-10-10T17:48:14.055+0000] {dag.py:3508} INFO - Setting next_dagrun for example_xcom to 2021-01-01T00:00:00+00:00, run_after=2021-01-01T00:00:00+00:00
[2023-10-10T17:48:14.090+0000] {processor.py:179} INFO - Processing /home/airflow/.local/lib/python3.7/site-packages/airflow/example_dags/example_xcom.py took 0.179 seconds
[2023-10-10T17:48:44.358+0000] {processor.py:157} INFO - Started process (PID=2092) to work on /home/airflow/.local/lib/python3.7/site-packages/airflow/example_dags/example_xcom.py
[2023-10-10T17:48:44.360+0000] {processor.py:826} INFO - Processing file /home/airflow/.local/lib/python3.7/site-packages/airflow/example_dags/example_xcom.py for tasks to queue
[2023-10-10T17:48:44.361+0000] {logging_mixin.py:150} INFO - [2023-10-10T17:48:44.361+0000] {dagbag.py:541} INFO - Filling up the DagBag from /home/airflow/.local/lib/python3.7/site-packages/airflow/example_dags/example_xcom.py
[2023-10-10T17:48:44.372+0000] {processor.py:836} INFO - DAG(s) dict_keys(['example_xcom']) retrieved from /home/airflow/.local/lib/python3.7/site-packages/airflow/example_dags/example_xcom.py
[2023-10-10T17:48:44.402+0000] {logging_mixin.py:150} INFO - [2023-10-10T17:48:44.402+0000] {dag.py:2742} INFO - Sync 1 DAGs
[2023-10-10T17:48:44.432+0000] {logging_mixin.py:150} INFO - [2023-10-10T17:48:44.432+0000] {dag.py:3508} INFO - Setting next_dagrun for example_xcom to 2021-01-01T00:00:00+00:00, run_after=2021-01-01T00:00:00+00:00
[2023-10-10T17:48:44.455+0000] {processor.py:179} INFO - Processing /home/airflow/.local/lib/python3.7/site-packages/airflow/example_dags/example_xcom.py took 0.101 seconds
[2023-10-10T17:49:14.681+0000] {processor.py:157} INFO - Started process (PID=2185) to work on /home/airflow/.local/lib/python3.7/site-packages/airflow/example_dags/example_xcom.py
[2023-10-10T17:49:14.684+0000] {processor.py:826} INFO - Processing file /home/airflow/.local/lib/python3.7/site-packages/airflow/example_dags/example_xcom.py for tasks to queue
[2023-10-10T17:49:14.693+0000] {logging_mixin.py:150} INFO - [2023-10-10T17:49:14.693+0000] {dagbag.py:541} INFO - Filling up the DagBag from /home/airflow/.local/lib/python3.7/site-packages/airflow/example_dags/example_xcom.py
[2023-10-10T17:49:14.716+0000] {processor.py:836} INFO - DAG(s) dict_keys(['example_xcom']) retrieved from /home/airflow/.local/lib/python3.7/site-packages/airflow/example_dags/example_xcom.py
[2023-10-10T17:49:14.789+0000] {logging_mixin.py:150} INFO - [2023-10-10T17:49:14.788+0000] {dag.py:2742} INFO - Sync 1 DAGs
[2023-10-10T17:49:14.860+0000] {logging_mixin.py:150} INFO - [2023-10-10T17:49:14.860+0000] {dag.py:3508} INFO - Setting next_dagrun for example_xcom to 2021-01-01T00:00:00+00:00, run_after=2021-01-01T00:00:00+00:00
[2023-10-10T17:49:14.897+0000] {processor.py:179} INFO - Processing /home/airflow/.local/lib/python3.7/site-packages/airflow/example_dags/example_xcom.py took 0.224 seconds
[2023-10-10T17:49:45.658+0000] {processor.py:157} INFO - Started process (PID=2265) to work on /home/airflow/.local/lib/python3.7/site-packages/airflow/example_dags/example_xcom.py
[2023-10-10T17:49:45.660+0000] {processor.py:826} INFO - Processing file /home/airflow/.local/lib/python3.7/site-packages/airflow/example_dags/example_xcom.py for tasks to queue
[2023-10-10T17:49:45.662+0000] {logging_mixin.py:150} INFO - [2023-10-10T17:49:45.662+0000] {dagbag.py:541} INFO - Filling up the DagBag from /home/airflow/.local/lib/python3.7/site-packages/airflow/example_dags/example_xcom.py
[2023-10-10T17:49:45.674+0000] {processor.py:836} INFO - DAG(s) dict_keys(['example_xcom']) retrieved from /home/airflow/.local/lib/python3.7/site-packages/airflow/example_dags/example_xcom.py
[2023-10-10T17:49:45.714+0000] {logging_mixin.py:150} INFO - [2023-10-10T17:49:45.714+0000] {dag.py:2742} INFO - Sync 1 DAGs
[2023-10-10T17:49:45.752+0000] {logging_mixin.py:150} INFO - [2023-10-10T17:49:45.752+0000] {dag.py:3508} INFO - Setting next_dagrun for example_xcom to 2021-01-01T00:00:00+00:00, run_after=2021-01-01T00:00:00+00:00
[2023-10-10T17:49:45.783+0000] {processor.py:179} INFO - Processing /home/airflow/.local/lib/python3.7/site-packages/airflow/example_dags/example_xcom.py took 0.130 seconds
[2023-10-10T17:50:15.977+0000] {processor.py:157} INFO - Started process (PID=2353) to work on /home/airflow/.local/lib/python3.7/site-packages/airflow/example_dags/example_xcom.py
[2023-10-10T17:50:15.980+0000] {processor.py:826} INFO - Processing file /home/airflow/.local/lib/python3.7/site-packages/airflow/example_dags/example_xcom.py for tasks to queue
[2023-10-10T17:50:15.983+0000] {logging_mixin.py:150} INFO - [2023-10-10T17:50:15.983+0000] {dagbag.py:541} INFO - Filling up the DagBag from /home/airflow/.local/lib/python3.7/site-packages/airflow/example_dags/example_xcom.py
[2023-10-10T17:50:16.005+0000] {processor.py:836} INFO - DAG(s) dict_keys(['example_xcom']) retrieved from /home/airflow/.local/lib/python3.7/site-packages/airflow/example_dags/example_xcom.py
[2023-10-10T17:50:16.046+0000] {logging_mixin.py:150} INFO - [2023-10-10T17:50:16.046+0000] {dag.py:2742} INFO - Sync 1 DAGs
[2023-10-10T17:50:16.090+0000] {logging_mixin.py:150} INFO - [2023-10-10T17:50:16.090+0000] {dag.py:3508} INFO - Setting next_dagrun for example_xcom to 2021-01-01T00:00:00+00:00, run_after=2021-01-01T00:00:00+00:00
[2023-10-10T17:50:16.124+0000] {processor.py:179} INFO - Processing /home/airflow/.local/lib/python3.7/site-packages/airflow/example_dags/example_xcom.py took 0.157 seconds
[2023-10-10T17:50:46.185+0000] {processor.py:157} INFO - Started process (PID=2436) to work on /home/airflow/.local/lib/python3.7/site-packages/airflow/example_dags/example_xcom.py
[2023-10-10T17:50:46.187+0000] {processor.py:826} INFO - Processing file /home/airflow/.local/lib/python3.7/site-packages/airflow/example_dags/example_xcom.py for tasks to queue
[2023-10-10T17:50:46.189+0000] {logging_mixin.py:150} INFO - [2023-10-10T17:50:46.189+0000] {dagbag.py:541} INFO - Filling up the DagBag from /home/airflow/.local/lib/python3.7/site-packages/airflow/example_dags/example_xcom.py
[2023-10-10T17:50:46.203+0000] {processor.py:836} INFO - DAG(s) dict_keys(['example_xcom']) retrieved from /home/airflow/.local/lib/python3.7/site-packages/airflow/example_dags/example_xcom.py
[2023-10-10T17:50:46.236+0000] {logging_mixin.py:150} INFO - [2023-10-10T17:50:46.236+0000] {dag.py:2742} INFO - Sync 1 DAGs
[2023-10-10T17:50:46.268+0000] {logging_mixin.py:150} INFO - [2023-10-10T17:50:46.268+0000] {dag.py:3508} INFO - Setting next_dagrun for example_xcom to 2021-01-01T00:00:00+00:00, run_after=2021-01-01T00:00:00+00:00
[2023-10-10T17:50:46.290+0000] {processor.py:179} INFO - Processing /home/airflow/.local/lib/python3.7/site-packages/airflow/example_dags/example_xcom.py took 0.112 seconds
[2023-10-10T17:51:16.413+0000] {processor.py:157} INFO - Started process (PID=2516) to work on /home/airflow/.local/lib/python3.7/site-packages/airflow/example_dags/example_xcom.py
[2023-10-10T17:51:16.414+0000] {processor.py:826} INFO - Processing file /home/airflow/.local/lib/python3.7/site-packages/airflow/example_dags/example_xcom.py for tasks to queue
[2023-10-10T17:51:16.416+0000] {logging_mixin.py:150} INFO - [2023-10-10T17:51:16.416+0000] {dagbag.py:541} INFO - Filling up the DagBag from /home/airflow/.local/lib/python3.7/site-packages/airflow/example_dags/example_xcom.py
[2023-10-10T17:51:16.427+0000] {processor.py:836} INFO - DAG(s) dict_keys(['example_xcom']) retrieved from /home/airflow/.local/lib/python3.7/site-packages/airflow/example_dags/example_xcom.py
[2023-10-10T17:51:16.462+0000] {logging_mixin.py:150} INFO - [2023-10-10T17:51:16.461+0000] {dag.py:2742} INFO - Sync 1 DAGs
[2023-10-10T17:51:16.493+0000] {logging_mixin.py:150} INFO - [2023-10-10T17:51:16.493+0000] {dag.py:3508} INFO - Setting next_dagrun for example_xcom to 2021-01-01T00:00:00+00:00, run_after=2021-01-01T00:00:00+00:00
[2023-10-10T17:51:16.521+0000] {processor.py:179} INFO - Processing /home/airflow/.local/lib/python3.7/site-packages/airflow/example_dags/example_xcom.py took 0.113 seconds
[2023-10-10T17:51:47.339+0000] {processor.py:157} INFO - Started process (PID=2609) to work on /home/airflow/.local/lib/python3.7/site-packages/airflow/example_dags/example_xcom.py
[2023-10-10T17:51:47.342+0000] {processor.py:826} INFO - Processing file /home/airflow/.local/lib/python3.7/site-packages/airflow/example_dags/example_xcom.py for tasks to queue
[2023-10-10T17:51:47.344+0000] {logging_mixin.py:150} INFO - [2023-10-10T17:51:47.343+0000] {dagbag.py:541} INFO - Filling up the DagBag from /home/airflow/.local/lib/python3.7/site-packages/airflow/example_dags/example_xcom.py
[2023-10-10T17:51:47.361+0000] {processor.py:836} INFO - DAG(s) dict_keys(['example_xcom']) retrieved from /home/airflow/.local/lib/python3.7/site-packages/airflow/example_dags/example_xcom.py
[2023-10-10T17:51:47.408+0000] {logging_mixin.py:150} INFO - [2023-10-10T17:51:47.407+0000] {dag.py:2742} INFO - Sync 1 DAGs
[2023-10-10T17:51:47.454+0000] {logging_mixin.py:150} INFO - [2023-10-10T17:51:47.454+0000] {dag.py:3508} INFO - Setting next_dagrun for example_xcom to 2021-01-01T00:00:00+00:00, run_after=2021-01-01T00:00:00+00:00
[2023-10-10T17:51:47.487+0000] {processor.py:179} INFO - Processing /home/airflow/.local/lib/python3.7/site-packages/airflow/example_dags/example_xcom.py took 0.155 seconds
[2023-10-10T17:52:17.634+0000] {processor.py:157} INFO - Started process (PID=2690) to work on /home/airflow/.local/lib/python3.7/site-packages/airflow/example_dags/example_xcom.py
[2023-10-10T17:52:17.636+0000] {processor.py:826} INFO - Processing file /home/airflow/.local/lib/python3.7/site-packages/airflow/example_dags/example_xcom.py for tasks to queue
[2023-10-10T17:52:17.638+0000] {logging_mixin.py:150} INFO - [2023-10-10T17:52:17.638+0000] {dagbag.py:541} INFO - Filling up the DagBag from /home/airflow/.local/lib/python3.7/site-packages/airflow/example_dags/example_xcom.py
[2023-10-10T17:52:17.650+0000] {processor.py:836} INFO - DAG(s) dict_keys(['example_xcom']) retrieved from /home/airflow/.local/lib/python3.7/site-packages/airflow/example_dags/example_xcom.py
[2023-10-10T17:52:17.686+0000] {logging_mixin.py:150} INFO - [2023-10-10T17:52:17.686+0000] {dag.py:2742} INFO - Sync 1 DAGs
[2023-10-10T17:52:17.725+0000] {logging_mixin.py:150} INFO - [2023-10-10T17:52:17.725+0000] {dag.py:3508} INFO - Setting next_dagrun for example_xcom to 2021-01-01T00:00:00+00:00, run_after=2021-01-01T00:00:00+00:00
[2023-10-10T17:52:17.755+0000] {processor.py:179} INFO - Processing /home/airflow/.local/lib/python3.7/site-packages/airflow/example_dags/example_xcom.py took 0.127 seconds
[2023-10-10T17:52:48.128+0000] {processor.py:157} INFO - Started process (PID=2780) to work on /home/airflow/.local/lib/python3.7/site-packages/airflow/example_dags/example_xcom.py
[2023-10-10T17:52:48.133+0000] {processor.py:826} INFO - Processing file /home/airflow/.local/lib/python3.7/site-packages/airflow/example_dags/example_xcom.py for tasks to queue
[2023-10-10T17:52:48.136+0000] {logging_mixin.py:150} INFO - [2023-10-10T17:52:48.135+0000] {dagbag.py:541} INFO - Filling up the DagBag from /home/airflow/.local/lib/python3.7/site-packages/airflow/example_dags/example_xcom.py
[2023-10-10T17:52:48.151+0000] {processor.py:836} INFO - DAG(s) dict_keys(['example_xcom']) retrieved from /home/airflow/.local/lib/python3.7/site-packages/airflow/example_dags/example_xcom.py
[2023-10-10T17:52:48.193+0000] {logging_mixin.py:150} INFO - [2023-10-10T17:52:48.192+0000] {dag.py:2742} INFO - Sync 1 DAGs
[2023-10-10T17:52:48.232+0000] {logging_mixin.py:150} INFO - [2023-10-10T17:52:48.232+0000] {dag.py:3508} INFO - Setting next_dagrun for example_xcom to 2021-01-01T00:00:00+00:00, run_after=2021-01-01T00:00:00+00:00
[2023-10-10T17:52:48.265+0000] {processor.py:179} INFO - Processing /home/airflow/.local/lib/python3.7/site-packages/airflow/example_dags/example_xcom.py took 0.145 seconds
[2023-10-10T17:53:18.660+0000] {processor.py:157} INFO - Started process (PID=2864) to work on /home/airflow/.local/lib/python3.7/site-packages/airflow/example_dags/example_xcom.py
[2023-10-10T17:53:18.662+0000] {processor.py:826} INFO - Processing file /home/airflow/.local/lib/python3.7/site-packages/airflow/example_dags/example_xcom.py for tasks to queue
[2023-10-10T17:53:18.664+0000] {logging_mixin.py:150} INFO - [2023-10-10T17:53:18.663+0000] {dagbag.py:541} INFO - Filling up the DagBag from /home/airflow/.local/lib/python3.7/site-packages/airflow/example_dags/example_xcom.py
[2023-10-10T17:53:18.677+0000] {processor.py:836} INFO - DAG(s) dict_keys(['example_xcom']) retrieved from /home/airflow/.local/lib/python3.7/site-packages/airflow/example_dags/example_xcom.py
[2023-10-10T17:53:18.714+0000] {logging_mixin.py:150} INFO - [2023-10-10T17:53:18.713+0000] {dag.py:2742} INFO - Sync 1 DAGs
[2023-10-10T17:53:18.748+0000] {logging_mixin.py:150} INFO - [2023-10-10T17:53:18.748+0000] {dag.py:3508} INFO - Setting next_dagrun for example_xcom to 2021-01-01T00:00:00+00:00, run_after=2021-01-01T00:00:00+00:00
[2023-10-10T17:53:18.775+0000] {processor.py:179} INFO - Processing /home/airflow/.local/lib/python3.7/site-packages/airflow/example_dags/example_xcom.py took 0.120 seconds
[2023-10-10T17:53:49.152+0000] {processor.py:157} INFO - Started process (PID=2952) to work on /home/airflow/.local/lib/python3.7/site-packages/airflow/example_dags/example_xcom.py
[2023-10-10T17:53:49.154+0000] {processor.py:826} INFO - Processing file /home/airflow/.local/lib/python3.7/site-packages/airflow/example_dags/example_xcom.py for tasks to queue
[2023-10-10T17:53:49.155+0000] {logging_mixin.py:150} INFO - [2023-10-10T17:53:49.155+0000] {dagbag.py:541} INFO - Filling up the DagBag from /home/airflow/.local/lib/python3.7/site-packages/airflow/example_dags/example_xcom.py
[2023-10-10T17:53:49.169+0000] {processor.py:836} INFO - DAG(s) dict_keys(['example_xcom']) retrieved from /home/airflow/.local/lib/python3.7/site-packages/airflow/example_dags/example_xcom.py
[2023-10-10T17:53:49.207+0000] {logging_mixin.py:150} INFO - [2023-10-10T17:53:49.207+0000] {dag.py:2742} INFO - Sync 1 DAGs
[2023-10-10T17:53:49.224+0000] {logging_mixin.py:150} INFO - [2023-10-10T17:53:49.223+0000] {dag.py:3508} INFO - Setting next_dagrun for example_xcom to 2021-01-01T00:00:00+00:00, run_after=2021-01-01T00:00:00+00:00
[2023-10-10T17:53:49.256+0000] {processor.py:179} INFO - Processing /home/airflow/.local/lib/python3.7/site-packages/airflow/example_dags/example_xcom.py took 0.131 seconds
[2023-10-10T17:54:19.934+0000] {processor.py:157} INFO - Started process (PID=3028) to work on /home/airflow/.local/lib/python3.7/site-packages/airflow/example_dags/example_xcom.py
[2023-10-10T17:54:19.936+0000] {processor.py:826} INFO - Processing file /home/airflow/.local/lib/python3.7/site-packages/airflow/example_dags/example_xcom.py for tasks to queue
[2023-10-10T17:54:19.938+0000] {logging_mixin.py:150} INFO - [2023-10-10T17:54:19.937+0000] {dagbag.py:541} INFO - Filling up the DagBag from /home/airflow/.local/lib/python3.7/site-packages/airflow/example_dags/example_xcom.py
[2023-10-10T17:54:19.951+0000] {processor.py:836} INFO - DAG(s) dict_keys(['example_xcom']) retrieved from /home/airflow/.local/lib/python3.7/site-packages/airflow/example_dags/example_xcom.py
[2023-10-10T17:54:19.987+0000] {logging_mixin.py:150} INFO - [2023-10-10T17:54:19.986+0000] {dag.py:2742} INFO - Sync 1 DAGs
[2023-10-10T17:54:20.023+0000] {logging_mixin.py:150} INFO - [2023-10-10T17:54:20.023+0000] {dag.py:3508} INFO - Setting next_dagrun for example_xcom to 2021-01-01T00:00:00+00:00, run_after=2021-01-01T00:00:00+00:00
[2023-10-10T17:54:20.050+0000] {processor.py:179} INFO - Processing /home/airflow/.local/lib/python3.7/site-packages/airflow/example_dags/example_xcom.py took 0.122 seconds
[2023-10-10T17:54:50.310+0000] {processor.py:157} INFO - Started process (PID=3130) to work on /home/airflow/.local/lib/python3.7/site-packages/airflow/example_dags/example_xcom.py
[2023-10-10T17:54:50.319+0000] {processor.py:826} INFO - Processing file /home/airflow/.local/lib/python3.7/site-packages/airflow/example_dags/example_xcom.py for tasks to queue
[2023-10-10T17:54:50.324+0000] {logging_mixin.py:150} INFO - [2023-10-10T17:54:50.324+0000] {dagbag.py:541} INFO - Filling up the DagBag from /home/airflow/.local/lib/python3.7/site-packages/airflow/example_dags/example_xcom.py
[2023-10-10T17:54:50.439+0000] {processor.py:836} INFO - DAG(s) dict_keys(['example_xcom']) retrieved from /home/airflow/.local/lib/python3.7/site-packages/airflow/example_dags/example_xcom.py
[2023-10-10T17:54:50.627+0000] {logging_mixin.py:150} INFO - [2023-10-10T17:54:50.626+0000] {dag.py:2742} INFO - Sync 1 DAGs
[2023-10-10T17:54:50.864+0000] {logging_mixin.py:150} INFO - [2023-10-10T17:54:50.864+0000] {dag.py:3508} INFO - Setting next_dagrun for example_xcom to 2021-01-01T00:00:00+00:00, run_after=2021-01-01T00:00:00+00:00
[2023-10-10T17:54:50.974+0000] {processor.py:179} INFO - Processing /home/airflow/.local/lib/python3.7/site-packages/airflow/example_dags/example_xcom.py took 0.682 seconds
[2023-10-10T17:56:02.739+0000] {processor.py:157} INFO - Started process (PID=3219) to work on /home/airflow/.local/lib/python3.7/site-packages/airflow/example_dags/example_xcom.py
[2023-10-10T17:56:02.782+0000] {processor.py:826} INFO - Processing file /home/airflow/.local/lib/python3.7/site-packages/airflow/example_dags/example_xcom.py for tasks to queue
[2023-10-10T17:56:02.799+0000] {logging_mixin.py:150} INFO - [2023-10-10T17:56:02.798+0000] {dagbag.py:541} INFO - Filling up the DagBag from /home/airflow/.local/lib/python3.7/site-packages/airflow/example_dags/example_xcom.py
[2023-10-10T17:56:02.850+0000] {processor.py:836} INFO - DAG(s) dict_keys(['example_xcom']) retrieved from /home/airflow/.local/lib/python3.7/site-packages/airflow/example_dags/example_xcom.py
[2023-10-10T17:56:02.907+0000] {logging_mixin.py:150} INFO - [2023-10-10T17:56:02.907+0000] {dag.py:2742} INFO - Sync 1 DAGs
[2023-10-10T17:56:02.967+0000] {logging_mixin.py:150} INFO - [2023-10-10T17:56:02.967+0000] {dag.py:3508} INFO - Setting next_dagrun for example_xcom to 2021-01-01T00:00:00+00:00, run_after=2021-01-01T00:00:00+00:00
[2023-10-10T17:56:03.014+0000] {processor.py:179} INFO - Processing /home/airflow/.local/lib/python3.7/site-packages/airflow/example_dags/example_xcom.py took 0.285 seconds
[2023-10-10T17:56:33.226+0000] {processor.py:157} INFO - Started process (PID=3299) to work on /home/airflow/.local/lib/python3.7/site-packages/airflow/example_dags/example_xcom.py
[2023-10-10T17:56:33.238+0000] {processor.py:826} INFO - Processing file /home/airflow/.local/lib/python3.7/site-packages/airflow/example_dags/example_xcom.py for tasks to queue
[2023-10-10T17:56:33.249+0000] {logging_mixin.py:150} INFO - [2023-10-10T17:56:33.246+0000] {dagbag.py:541} INFO - Filling up the DagBag from /home/airflow/.local/lib/python3.7/site-packages/airflow/example_dags/example_xcom.py
[2023-10-10T17:56:33.284+0000] {processor.py:836} INFO - DAG(s) dict_keys(['example_xcom']) retrieved from /home/airflow/.local/lib/python3.7/site-packages/airflow/example_dags/example_xcom.py
[2023-10-10T17:56:33.359+0000] {logging_mixin.py:150} INFO - [2023-10-10T17:56:33.359+0000] {dag.py:2742} INFO - Sync 1 DAGs
[2023-10-10T17:56:33.434+0000] {logging_mixin.py:150} INFO - [2023-10-10T17:56:33.434+0000] {dag.py:3508} INFO - Setting next_dagrun for example_xcom to 2021-01-01T00:00:00+00:00, run_after=2021-01-01T00:00:00+00:00
[2023-10-10T17:56:33.498+0000] {processor.py:179} INFO - Processing /home/airflow/.local/lib/python3.7/site-packages/airflow/example_dags/example_xcom.py took 0.285 seconds
[2023-10-10T17:57:05.603+0000] {processor.py:157} INFO - Started process (PID=3380) to work on /home/airflow/.local/lib/python3.7/site-packages/airflow/example_dags/example_xcom.py
[2023-10-10T17:57:05.621+0000] {processor.py:826} INFO - Processing file /home/airflow/.local/lib/python3.7/site-packages/airflow/example_dags/example_xcom.py for tasks to queue
[2023-10-10T17:57:05.633+0000] {logging_mixin.py:150} INFO - [2023-10-10T17:57:05.630+0000] {dagbag.py:541} INFO - Filling up the DagBag from /home/airflow/.local/lib/python3.7/site-packages/airflow/example_dags/example_xcom.py
[2023-10-10T17:57:05.709+0000] {processor.py:836} INFO - DAG(s) dict_keys(['example_xcom']) retrieved from /home/airflow/.local/lib/python3.7/site-packages/airflow/example_dags/example_xcom.py
[2023-10-10T17:57:06.040+0000] {logging_mixin.py:150} INFO - [2023-10-10T17:57:06.039+0000] {dag.py:2742} INFO - Sync 1 DAGs
[2023-10-10T17:57:06.332+0000] {logging_mixin.py:150} INFO - [2023-10-10T17:57:06.331+0000] {dag.py:3508} INFO - Setting next_dagrun for example_xcom to 2021-01-01T00:00:00+00:00, run_after=2021-01-01T00:00:00+00:00
[2023-10-10T17:57:06.611+0000] {processor.py:179} INFO - Processing /home/airflow/.local/lib/python3.7/site-packages/airflow/example_dags/example_xcom.py took 1.047 seconds
[2023-10-10T17:58:14.344+0000] {processor.py:157} INFO - Started process (PID=3472) to work on /home/airflow/.local/lib/python3.7/site-packages/airflow/example_dags/example_xcom.py
[2023-10-10T17:58:14.361+0000] {processor.py:826} INFO - Processing file /home/airflow/.local/lib/python3.7/site-packages/airflow/example_dags/example_xcom.py for tasks to queue
[2023-10-10T17:58:14.422+0000] {logging_mixin.py:150} INFO - [2023-10-10T17:58:14.417+0000] {dagbag.py:541} INFO - Filling up the DagBag from /home/airflow/.local/lib/python3.7/site-packages/airflow/example_dags/example_xcom.py
[2023-10-10T17:58:14.544+0000] {processor.py:836} INFO - DAG(s) dict_keys(['example_xcom']) retrieved from /home/airflow/.local/lib/python3.7/site-packages/airflow/example_dags/example_xcom.py
[2023-10-10T17:58:15.276+0000] {logging_mixin.py:150} INFO - [2023-10-10T17:58:15.274+0000] {dag.py:2742} INFO - Sync 1 DAGs
[2023-10-10T17:58:15.550+0000] {logging_mixin.py:150} INFO - [2023-10-10T17:58:15.549+0000] {dag.py:3508} INFO - Setting next_dagrun for example_xcom to 2021-01-01T00:00:00+00:00, run_after=2021-01-01T00:00:00+00:00
[2023-10-10T17:58:15.664+0000] {processor.py:179} INFO - Processing /home/airflow/.local/lib/python3.7/site-packages/airflow/example_dags/example_xcom.py took 1.371 seconds
[2023-10-10T17:58:49.408+0000] {processor.py:157} INFO - Started process (PID=3574) to work on /home/airflow/.local/lib/python3.7/site-packages/airflow/example_dags/example_xcom.py
[2023-10-10T17:58:49.415+0000] {processor.py:826} INFO - Processing file /home/airflow/.local/lib/python3.7/site-packages/airflow/example_dags/example_xcom.py for tasks to queue
[2023-10-10T17:58:49.426+0000] {logging_mixin.py:150} INFO - [2023-10-10T17:58:49.425+0000] {dagbag.py:541} INFO - Filling up the DagBag from /home/airflow/.local/lib/python3.7/site-packages/airflow/example_dags/example_xcom.py
[2023-10-10T17:58:49.470+0000] {processor.py:836} INFO - DAG(s) dict_keys(['example_xcom']) retrieved from /home/airflow/.local/lib/python3.7/site-packages/airflow/example_dags/example_xcom.py
[2023-10-10T17:58:49.604+0000] {logging_mixin.py:150} INFO - [2023-10-10T17:58:49.604+0000] {dag.py:2742} INFO - Sync 1 DAGs
[2023-10-10T17:58:49.801+0000] {logging_mixin.py:150} INFO - [2023-10-10T17:58:49.800+0000] {dag.py:3508} INFO - Setting next_dagrun for example_xcom to 2021-01-01T00:00:00+00:00, run_after=2021-01-01T00:00:00+00:00
[2023-10-10T17:58:49.917+0000] {processor.py:179} INFO - Processing /home/airflow/.local/lib/python3.7/site-packages/airflow/example_dags/example_xcom.py took 0.526 seconds
[2023-10-10T17:59:34.472+0000] {processor.py:157} INFO - Started process (PID=3655) to work on /home/airflow/.local/lib/python3.7/site-packages/airflow/example_dags/example_xcom.py
[2023-10-10T17:59:34.495+0000] {processor.py:826} INFO - Processing file /home/airflow/.local/lib/python3.7/site-packages/airflow/example_dags/example_xcom.py for tasks to queue
[2023-10-10T17:59:34.511+0000] {logging_mixin.py:150} INFO - [2023-10-10T17:59:34.510+0000] {dagbag.py:541} INFO - Filling up the DagBag from /home/airflow/.local/lib/python3.7/site-packages/airflow/example_dags/example_xcom.py
[2023-10-10T17:59:34.625+0000] {processor.py:836} INFO - DAG(s) dict_keys(['example_xcom']) retrieved from /home/airflow/.local/lib/python3.7/site-packages/airflow/example_dags/example_xcom.py
[2023-10-10T17:59:34.983+0000] {logging_mixin.py:150} INFO - [2023-10-10T17:59:34.982+0000] {dag.py:2742} INFO - Sync 1 DAGs
[2023-10-10T17:59:35.241+0000] {logging_mixin.py:150} INFO - [2023-10-10T17:59:35.240+0000] {dag.py:3508} INFO - Setting next_dagrun for example_xcom to 2021-01-01T00:00:00+00:00, run_after=2021-01-01T00:00:00+00:00
[2023-10-10T17:59:35.384+0000] {processor.py:179} INFO - Processing /home/airflow/.local/lib/python3.7/site-packages/airflow/example_dags/example_xcom.py took 1.005 seconds
[2023-10-10T18:00:06.036+0000] {processor.py:157} INFO - Started process (PID=3736) to work on /home/airflow/.local/lib/python3.7/site-packages/airflow/example_dags/example_xcom.py
[2023-10-10T18:00:06.040+0000] {processor.py:826} INFO - Processing file /home/airflow/.local/lib/python3.7/site-packages/airflow/example_dags/example_xcom.py for tasks to queue
[2023-10-10T18:00:06.045+0000] {logging_mixin.py:150} INFO - [2023-10-10T18:00:06.044+0000] {dagbag.py:541} INFO - Filling up the DagBag from /home/airflow/.local/lib/python3.7/site-packages/airflow/example_dags/example_xcom.py
[2023-10-10T18:00:06.073+0000] {processor.py:836} INFO - DAG(s) dict_keys(['example_xcom']) retrieved from /home/airflow/.local/lib/python3.7/site-packages/airflow/example_dags/example_xcom.py
[2023-10-10T18:00:06.155+0000] {logging_mixin.py:150} INFO - [2023-10-10T18:00:06.154+0000] {dag.py:2742} INFO - Sync 1 DAGs
[2023-10-10T18:00:06.238+0000] {logging_mixin.py:150} INFO - [2023-10-10T18:00:06.238+0000] {dag.py:3508} INFO - Setting next_dagrun for example_xcom to 2021-01-01T00:00:00+00:00, run_after=2021-01-01T00:00:00+00:00
[2023-10-10T18:00:06.306+0000] {processor.py:179} INFO - Processing /home/airflow/.local/lib/python3.7/site-packages/airflow/example_dags/example_xcom.py took 0.282 seconds
[2023-10-10T18:00:36.668+0000] {processor.py:157} INFO - Started process (PID=3817) to work on /home/airflow/.local/lib/python3.7/site-packages/airflow/example_dags/example_xcom.py
[2023-10-10T18:00:36.671+0000] {processor.py:826} INFO - Processing file /home/airflow/.local/lib/python3.7/site-packages/airflow/example_dags/example_xcom.py for tasks to queue
[2023-10-10T18:00:36.673+0000] {logging_mixin.py:150} INFO - [2023-10-10T18:00:36.672+0000] {dagbag.py:541} INFO - Filling up the DagBag from /home/airflow/.local/lib/python3.7/site-packages/airflow/example_dags/example_xcom.py
[2023-10-10T18:00:36.692+0000] {processor.py:836} INFO - DAG(s) dict_keys(['example_xcom']) retrieved from /home/airflow/.local/lib/python3.7/site-packages/airflow/example_dags/example_xcom.py
[2023-10-10T18:00:36.740+0000] {logging_mixin.py:150} INFO - [2023-10-10T18:00:36.740+0000] {dag.py:2742} INFO - Sync 1 DAGs
[2023-10-10T18:00:36.799+0000] {logging_mixin.py:150} INFO - [2023-10-10T18:00:36.798+0000] {dag.py:3508} INFO - Setting next_dagrun for example_xcom to 2021-01-01T00:00:00+00:00, run_after=2021-01-01T00:00:00+00:00
[2023-10-10T18:00:36.845+0000] {processor.py:179} INFO - Processing /home/airflow/.local/lib/python3.7/site-packages/airflow/example_dags/example_xcom.py took 0.184 seconds
[2023-10-10T18:01:07.461+0000] {processor.py:157} INFO - Started process (PID=3898) to work on /home/airflow/.local/lib/python3.7/site-packages/airflow/example_dags/example_xcom.py
[2023-10-10T18:01:07.464+0000] {processor.py:826} INFO - Processing file /home/airflow/.local/lib/python3.7/site-packages/airflow/example_dags/example_xcom.py for tasks to queue
[2023-10-10T18:01:07.466+0000] {logging_mixin.py:150} INFO - [2023-10-10T18:01:07.466+0000] {dagbag.py:541} INFO - Filling up the DagBag from /home/airflow/.local/lib/python3.7/site-packages/airflow/example_dags/example_xcom.py
[2023-10-10T18:01:07.482+0000] {processor.py:836} INFO - DAG(s) dict_keys(['example_xcom']) retrieved from /home/airflow/.local/lib/python3.7/site-packages/airflow/example_dags/example_xcom.py
[2023-10-10T18:01:07.533+0000] {logging_mixin.py:150} INFO - [2023-10-10T18:01:07.533+0000] {dag.py:2742} INFO - Sync 1 DAGs
[2023-10-10T18:01:07.582+0000] {logging_mixin.py:150} INFO - [2023-10-10T18:01:07.582+0000] {dag.py:3508} INFO - Setting next_dagrun for example_xcom to 2021-01-01T00:00:00+00:00, run_after=2021-01-01T00:00:00+00:00
[2023-10-10T18:01:07.630+0000] {processor.py:179} INFO - Processing /home/airflow/.local/lib/python3.7/site-packages/airflow/example_dags/example_xcom.py took 0.176 seconds
[2023-10-10T18:01:38.277+0000] {processor.py:157} INFO - Started process (PID=3985) to work on /home/airflow/.local/lib/python3.7/site-packages/airflow/example_dags/example_xcom.py
[2023-10-10T18:01:38.280+0000] {processor.py:826} INFO - Processing file /home/airflow/.local/lib/python3.7/site-packages/airflow/example_dags/example_xcom.py for tasks to queue
[2023-10-10T18:01:38.283+0000] {logging_mixin.py:150} INFO - [2023-10-10T18:01:38.283+0000] {dagbag.py:541} INFO - Filling up the DagBag from /home/airflow/.local/lib/python3.7/site-packages/airflow/example_dags/example_xcom.py
[2023-10-10T18:01:38.302+0000] {processor.py:836} INFO - DAG(s) dict_keys(['example_xcom']) retrieved from /home/airflow/.local/lib/python3.7/site-packages/airflow/example_dags/example_xcom.py
[2023-10-10T18:01:38.356+0000] {logging_mixin.py:150} INFO - [2023-10-10T18:01:38.356+0000] {dag.py:2742} INFO - Sync 1 DAGs
[2023-10-10T18:01:38.416+0000] {logging_mixin.py:150} INFO - [2023-10-10T18:01:38.416+0000] {dag.py:3508} INFO - Setting next_dagrun for example_xcom to 2021-01-01T00:00:00+00:00, run_after=2021-01-01T00:00:00+00:00
[2023-10-10T18:01:38.458+0000] {processor.py:179} INFO - Processing /home/airflow/.local/lib/python3.7/site-packages/airflow/example_dags/example_xcom.py took 0.190 seconds
[2023-10-10T18:02:08.685+0000] {processor.py:157} INFO - Started process (PID=4062) to work on /home/airflow/.local/lib/python3.7/site-packages/airflow/example_dags/example_xcom.py
[2023-10-10T18:02:08.687+0000] {processor.py:826} INFO - Processing file /home/airflow/.local/lib/python3.7/site-packages/airflow/example_dags/example_xcom.py for tasks to queue
[2023-10-10T18:02:08.690+0000] {logging_mixin.py:150} INFO - [2023-10-10T18:02:08.690+0000] {dagbag.py:541} INFO - Filling up the DagBag from /home/airflow/.local/lib/python3.7/site-packages/airflow/example_dags/example_xcom.py
[2023-10-10T18:02:08.711+0000] {processor.py:836} INFO - DAG(s) dict_keys(['example_xcom']) retrieved from /home/airflow/.local/lib/python3.7/site-packages/airflow/example_dags/example_xcom.py
[2023-10-10T18:02:08.765+0000] {logging_mixin.py:150} INFO - [2023-10-10T18:02:08.765+0000] {dag.py:2742} INFO - Sync 1 DAGs
[2023-10-10T18:02:08.823+0000] {logging_mixin.py:150} INFO - [2023-10-10T18:02:08.823+0000] {dag.py:3508} INFO - Setting next_dagrun for example_xcom to 2021-01-01T00:00:00+00:00, run_after=2021-01-01T00:00:00+00:00
[2023-10-10T18:02:08.869+0000] {processor.py:179} INFO - Processing /home/airflow/.local/lib/python3.7/site-packages/airflow/example_dags/example_xcom.py took 0.192 seconds
[2023-10-10T18:02:38.931+0000] {processor.py:157} INFO - Started process (PID=4143) to work on /home/airflow/.local/lib/python3.7/site-packages/airflow/example_dags/example_xcom.py
[2023-10-10T18:02:38.933+0000] {processor.py:826} INFO - Processing file /home/airflow/.local/lib/python3.7/site-packages/airflow/example_dags/example_xcom.py for tasks to queue
[2023-10-10T18:02:38.937+0000] {logging_mixin.py:150} INFO - [2023-10-10T18:02:38.936+0000] {dagbag.py:541} INFO - Filling up the DagBag from /home/airflow/.local/lib/python3.7/site-packages/airflow/example_dags/example_xcom.py
[2023-10-10T18:02:38.953+0000] {processor.py:836} INFO - DAG(s) dict_keys(['example_xcom']) retrieved from /home/airflow/.local/lib/python3.7/site-packages/airflow/example_dags/example_xcom.py
[2023-10-10T18:02:39.002+0000] {logging_mixin.py:150} INFO - [2023-10-10T18:02:39.002+0000] {dag.py:2742} INFO - Sync 1 DAGs
[2023-10-10T18:02:39.051+0000] {logging_mixin.py:150} INFO - [2023-10-10T18:02:39.051+0000] {dag.py:3508} INFO - Setting next_dagrun for example_xcom to 2021-01-01T00:00:00+00:00, run_after=2021-01-01T00:00:00+00:00
[2023-10-10T18:02:39.087+0000] {processor.py:179} INFO - Processing /home/airflow/.local/lib/python3.7/site-packages/airflow/example_dags/example_xcom.py took 0.166 seconds
[2023-10-10T18:03:09.145+0000] {processor.py:157} INFO - Started process (PID=4224) to work on /home/airflow/.local/lib/python3.7/site-packages/airflow/example_dags/example_xcom.py
[2023-10-10T18:03:09.148+0000] {processor.py:826} INFO - Processing file /home/airflow/.local/lib/python3.7/site-packages/airflow/example_dags/example_xcom.py for tasks to queue
[2023-10-10T18:03:09.150+0000] {logging_mixin.py:150} INFO - [2023-10-10T18:03:09.150+0000] {dagbag.py:541} INFO - Filling up the DagBag from /home/airflow/.local/lib/python3.7/site-packages/airflow/example_dags/example_xcom.py
[2023-10-10T18:03:09.167+0000] {processor.py:836} INFO - DAG(s) dict_keys(['example_xcom']) retrieved from /home/airflow/.local/lib/python3.7/site-packages/airflow/example_dags/example_xcom.py
[2023-10-10T18:03:09.213+0000] {logging_mixin.py:150} INFO - [2023-10-10T18:03:09.213+0000] {dag.py:2742} INFO - Sync 1 DAGs
[2023-10-10T18:03:09.258+0000] {logging_mixin.py:150} INFO - [2023-10-10T18:03:09.257+0000] {dag.py:3508} INFO - Setting next_dagrun for example_xcom to 2021-01-01T00:00:00+00:00, run_after=2021-01-01T00:00:00+00:00
[2023-10-10T18:03:09.292+0000] {processor.py:179} INFO - Processing /home/airflow/.local/lib/python3.7/site-packages/airflow/example_dags/example_xcom.py took 0.153 seconds
[2023-10-10T18:03:39.933+0000] {processor.py:157} INFO - Started process (PID=4312) to work on /home/airflow/.local/lib/python3.7/site-packages/airflow/example_dags/example_xcom.py
[2023-10-10T18:03:39.935+0000] {processor.py:826} INFO - Processing file /home/airflow/.local/lib/python3.7/site-packages/airflow/example_dags/example_xcom.py for tasks to queue
[2023-10-10T18:03:39.938+0000] {logging_mixin.py:150} INFO - [2023-10-10T18:03:39.937+0000] {dagbag.py:541} INFO - Filling up the DagBag from /home/airflow/.local/lib/python3.7/site-packages/airflow/example_dags/example_xcom.py
[2023-10-10T18:03:39.954+0000] {processor.py:836} INFO - DAG(s) dict_keys(['example_xcom']) retrieved from /home/airflow/.local/lib/python3.7/site-packages/airflow/example_dags/example_xcom.py
[2023-10-10T18:03:40.000+0000] {logging_mixin.py:150} INFO - [2023-10-10T18:03:40.000+0000] {dag.py:2742} INFO - Sync 1 DAGs
[2023-10-10T18:03:40.051+0000] {logging_mixin.py:150} INFO - [2023-10-10T18:03:40.051+0000] {dag.py:3508} INFO - Setting next_dagrun for example_xcom to 2021-01-01T00:00:00+00:00, run_after=2021-01-01T00:00:00+00:00
[2023-10-10T18:03:40.087+0000] {processor.py:179} INFO - Processing /home/airflow/.local/lib/python3.7/site-packages/airflow/example_dags/example_xcom.py took 0.161 seconds
[2023-10-10T18:04:10.629+0000] {processor.py:157} INFO - Started process (PID=4394) to work on /home/airflow/.local/lib/python3.7/site-packages/airflow/example_dags/example_xcom.py
[2023-10-10T18:04:10.631+0000] {processor.py:826} INFO - Processing file /home/airflow/.local/lib/python3.7/site-packages/airflow/example_dags/example_xcom.py for tasks to queue
[2023-10-10T18:04:10.633+0000] {logging_mixin.py:150} INFO - [2023-10-10T18:04:10.632+0000] {dagbag.py:541} INFO - Filling up the DagBag from /home/airflow/.local/lib/python3.7/site-packages/airflow/example_dags/example_xcom.py
[2023-10-10T18:04:10.652+0000] {processor.py:836} INFO - DAG(s) dict_keys(['example_xcom']) retrieved from /home/airflow/.local/lib/python3.7/site-packages/airflow/example_dags/example_xcom.py
[2023-10-10T18:04:10.695+0000] {logging_mixin.py:150} INFO - [2023-10-10T18:04:10.695+0000] {dag.py:2742} INFO - Sync 1 DAGs
[2023-10-10T18:04:10.738+0000] {logging_mixin.py:150} INFO - [2023-10-10T18:04:10.738+0000] {dag.py:3508} INFO - Setting next_dagrun for example_xcom to 2021-01-01T00:00:00+00:00, run_after=2021-01-01T00:00:00+00:00
[2023-10-10T18:04:10.771+0000] {processor.py:179} INFO - Processing /home/airflow/.local/lib/python3.7/site-packages/airflow/example_dags/example_xcom.py took 0.149 seconds
[2023-10-10T18:04:41.631+0000] {processor.py:157} INFO - Started process (PID=4475) to work on /home/airflow/.local/lib/python3.7/site-packages/airflow/example_dags/example_xcom.py
[2023-10-10T18:04:41.647+0000] {processor.py:826} INFO - Processing file /home/airflow/.local/lib/python3.7/site-packages/airflow/example_dags/example_xcom.py for tasks to queue
[2023-10-10T18:04:41.675+0000] {logging_mixin.py:150} INFO - [2023-10-10T18:04:41.673+0000] {dagbag.py:541} INFO - Filling up the DagBag from /home/airflow/.local/lib/python3.7/site-packages/airflow/example_dags/example_xcom.py
[2023-10-10T18:04:41.753+0000] {processor.py:836} INFO - DAG(s) dict_keys(['example_xcom']) retrieved from /home/airflow/.local/lib/python3.7/site-packages/airflow/example_dags/example_xcom.py
[2023-10-10T18:04:41.965+0000] {logging_mixin.py:150} INFO - [2023-10-10T18:04:41.957+0000] {dag.py:2742} INFO - Sync 1 DAGs
[2023-10-10T18:04:42.167+0000] {logging_mixin.py:150} INFO - [2023-10-10T18:04:42.166+0000] {dag.py:3508} INFO - Setting next_dagrun for example_xcom to 2021-01-01T00:00:00+00:00, run_after=2021-01-01T00:00:00+00:00
[2023-10-10T18:04:42.274+0000] {processor.py:179} INFO - Processing /home/airflow/.local/lib/python3.7/site-packages/airflow/example_dags/example_xcom.py took 0.664 seconds
[2023-10-10T18:05:12.520+0000] {processor.py:157} INFO - Started process (PID=4556) to work on /home/airflow/.local/lib/python3.7/site-packages/airflow/example_dags/example_xcom.py
[2023-10-10T18:05:12.530+0000] {processor.py:826} INFO - Processing file /home/airflow/.local/lib/python3.7/site-packages/airflow/example_dags/example_xcom.py for tasks to queue
[2023-10-10T18:05:12.542+0000] {logging_mixin.py:150} INFO - [2023-10-10T18:05:12.541+0000] {dagbag.py:541} INFO - Filling up the DagBag from /home/airflow/.local/lib/python3.7/site-packages/airflow/example_dags/example_xcom.py
[2023-10-10T18:05:12.625+0000] {processor.py:836} INFO - DAG(s) dict_keys(['example_xcom']) retrieved from /home/airflow/.local/lib/python3.7/site-packages/airflow/example_dags/example_xcom.py
[2023-10-10T18:05:12.811+0000] {logging_mixin.py:150} INFO - [2023-10-10T18:05:12.810+0000] {dag.py:2742} INFO - Sync 1 DAGs
[2023-10-10T18:05:12.999+0000] {logging_mixin.py:150} INFO - [2023-10-10T18:05:12.998+0000] {dag.py:3508} INFO - Setting next_dagrun for example_xcom to 2021-01-01T00:00:00+00:00, run_after=2021-01-01T00:00:00+00:00
[2023-10-10T18:05:13.160+0000] {processor.py:179} INFO - Processing /home/airflow/.local/lib/python3.7/site-packages/airflow/example_dags/example_xcom.py took 0.677 seconds
[2023-10-10T18:05:49.161+0000] {processor.py:157} INFO - Started process (PID=4636) to work on /home/airflow/.local/lib/python3.7/site-packages/airflow/example_dags/example_xcom.py
[2023-10-10T18:05:49.181+0000] {processor.py:826} INFO - Processing file /home/airflow/.local/lib/python3.7/site-packages/airflow/example_dags/example_xcom.py for tasks to queue
[2023-10-10T18:05:49.192+0000] {logging_mixin.py:150} INFO - [2023-10-10T18:05:49.190+0000] {dagbag.py:541} INFO - Filling up the DagBag from /home/airflow/.local/lib/python3.7/site-packages/airflow/example_dags/example_xcom.py
[2023-10-10T18:05:49.272+0000] {processor.py:836} INFO - DAG(s) dict_keys(['example_xcom']) retrieved from /home/airflow/.local/lib/python3.7/site-packages/airflow/example_dags/example_xcom.py
[2023-10-10T18:05:49.519+0000] {logging_mixin.py:150} INFO - [2023-10-10T18:05:49.518+0000] {dag.py:2742} INFO - Sync 1 DAGs
[2023-10-10T18:05:49.723+0000] {logging_mixin.py:150} INFO - [2023-10-10T18:05:49.723+0000] {dag.py:3508} INFO - Setting next_dagrun for example_xcom to 2021-01-01T00:00:00+00:00, run_after=2021-01-01T00:00:00+00:00
[2023-10-10T18:05:49.843+0000] {processor.py:179} INFO - Processing /home/airflow/.local/lib/python3.7/site-packages/airflow/example_dags/example_xcom.py took 0.714 seconds
