[2023-10-10T17:36:35.166+0000] {processor.py:157} INFO - Started process (PID=71) to work on /home/airflow/.local/lib/python3.7/site-packages/airflow/example_dags/example_sla_dag.py
[2023-10-10T17:36:35.187+0000] {processor.py:826} INFO - Processing file /home/airflow/.local/lib/python3.7/site-packages/airflow/example_dags/example_sla_dag.py for tasks to queue
[2023-10-10T17:36:35.220+0000] {logging_mixin.py:150} INFO - [2023-10-10T17:36:35.219+0000] {dagbag.py:541} INFO - Filling up the DagBag from /home/airflow/.local/lib/python3.7/site-packages/airflow/example_dags/example_sla_dag.py
[2023-10-10T17:36:35.246+0000] {processor.py:836} INFO - DAG(s) dict_keys(['example_sla_dag']) retrieved from /home/airflow/.local/lib/python3.7/site-packages/airflow/example_dags/example_sla_dag.py
[2023-10-10T17:36:35.269+0000] {logging_mixin.py:150} INFO - [2023-10-10T17:36:35.269+0000] {dag.py:2742} INFO - Sync 1 DAGs
[2023-10-10T17:36:35.421+0000] {logging_mixin.py:150} INFO - [2023-10-10T17:36:35.421+0000] {dag.py:3508} INFO - Setting next_dagrun for example_sla_dag to 2023-10-10T17:34:00+00:00, run_after=2023-10-10T17:36:00+00:00
[2023-10-10T17:36:35.518+0000] {processor.py:179} INFO - Processing /home/airflow/.local/lib/python3.7/site-packages/airflow/example_dags/example_sla_dag.py took 0.365 seconds
[2023-10-10T17:37:05.802+0000] {processor.py:157} INFO - Started process (PID=159) to work on /home/airflow/.local/lib/python3.7/site-packages/airflow/example_dags/example_sla_dag.py
[2023-10-10T17:37:05.804+0000] {processor.py:826} INFO - Processing file /home/airflow/.local/lib/python3.7/site-packages/airflow/example_dags/example_sla_dag.py for tasks to queue
[2023-10-10T17:37:05.805+0000] {logging_mixin.py:150} INFO - [2023-10-10T17:37:05.805+0000] {dagbag.py:541} INFO - Filling up the DagBag from /home/airflow/.local/lib/python3.7/site-packages/airflow/example_dags/example_sla_dag.py
[2023-10-10T17:37:05.817+0000] {processor.py:836} INFO - DAG(s) dict_keys(['example_sla_dag']) retrieved from /home/airflow/.local/lib/python3.7/site-packages/airflow/example_dags/example_sla_dag.py
[2023-10-10T17:37:05.846+0000] {logging_mixin.py:150} INFO - [2023-10-10T17:37:05.846+0000] {dag.py:2742} INFO - Sync 1 DAGs
[2023-10-10T17:37:05.881+0000] {logging_mixin.py:150} INFO - [2023-10-10T17:37:05.881+0000] {dag.py:3508} INFO - Setting next_dagrun for example_sla_dag to 2023-10-10T17:34:00+00:00, run_after=2023-10-10T17:36:00+00:00
[2023-10-10T17:37:05.904+0000] {processor.py:179} INFO - Processing /home/airflow/.local/lib/python3.7/site-packages/airflow/example_dags/example_sla_dag.py took 0.107 seconds
[2023-10-10T17:37:36.103+0000] {processor.py:157} INFO - Started process (PID=238) to work on /home/airflow/.local/lib/python3.7/site-packages/airflow/example_dags/example_sla_dag.py
[2023-10-10T17:37:36.105+0000] {processor.py:826} INFO - Processing file /home/airflow/.local/lib/python3.7/site-packages/airflow/example_dags/example_sla_dag.py for tasks to queue
[2023-10-10T17:37:36.108+0000] {logging_mixin.py:150} INFO - [2023-10-10T17:37:36.108+0000] {dagbag.py:541} INFO - Filling up the DagBag from /home/airflow/.local/lib/python3.7/site-packages/airflow/example_dags/example_sla_dag.py
[2023-10-10T17:37:36.127+0000] {processor.py:836} INFO - DAG(s) dict_keys(['example_sla_dag']) retrieved from /home/airflow/.local/lib/python3.7/site-packages/airflow/example_dags/example_sla_dag.py
[2023-10-10T17:37:36.164+0000] {logging_mixin.py:150} INFO - [2023-10-10T17:37:36.164+0000] {dag.py:2742} INFO - Sync 1 DAGs
[2023-10-10T17:37:36.216+0000] {logging_mixin.py:150} INFO - [2023-10-10T17:37:36.216+0000] {dag.py:3508} INFO - Setting next_dagrun for example_sla_dag to 2023-10-10T17:34:00+00:00, run_after=2023-10-10T17:36:00+00:00
[2023-10-10T17:37:36.246+0000] {processor.py:179} INFO - Processing /home/airflow/.local/lib/python3.7/site-packages/airflow/example_dags/example_sla_dag.py took 0.149 seconds
[2023-10-10T17:38:06.687+0000] {processor.py:157} INFO - Started process (PID=327) to work on /home/airflow/.local/lib/python3.7/site-packages/airflow/example_dags/example_sla_dag.py
[2023-10-10T17:38:06.689+0000] {processor.py:826} INFO - Processing file /home/airflow/.local/lib/python3.7/site-packages/airflow/example_dags/example_sla_dag.py for tasks to queue
[2023-10-10T17:38:06.691+0000] {logging_mixin.py:150} INFO - [2023-10-10T17:38:06.691+0000] {dagbag.py:541} INFO - Filling up the DagBag from /home/airflow/.local/lib/python3.7/site-packages/airflow/example_dags/example_sla_dag.py
[2023-10-10T17:38:06.704+0000] {processor.py:836} INFO - DAG(s) dict_keys(['example_sla_dag']) retrieved from /home/airflow/.local/lib/python3.7/site-packages/airflow/example_dags/example_sla_dag.py
[2023-10-10T17:38:06.736+0000] {logging_mixin.py:150} INFO - [2023-10-10T17:38:06.736+0000] {dag.py:2742} INFO - Sync 1 DAGs
[2023-10-10T17:38:06.777+0000] {logging_mixin.py:150} INFO - [2023-10-10T17:38:06.776+0000] {dag.py:3508} INFO - Setting next_dagrun for example_sla_dag to 2023-10-10T17:36:00+00:00, run_after=2023-10-10T17:38:00+00:00
[2023-10-10T17:38:06.802+0000] {processor.py:179} INFO - Processing /home/airflow/.local/lib/python3.7/site-packages/airflow/example_dags/example_sla_dag.py took 0.121 seconds
[2023-10-10T17:38:37.281+0000] {processor.py:157} INFO - Started process (PID=420) to work on /home/airflow/.local/lib/python3.7/site-packages/airflow/example_dags/example_sla_dag.py
[2023-10-10T17:38:37.284+0000] {processor.py:826} INFO - Processing file /home/airflow/.local/lib/python3.7/site-packages/airflow/example_dags/example_sla_dag.py for tasks to queue
[2023-10-10T17:38:37.286+0000] {logging_mixin.py:150} INFO - [2023-10-10T17:38:37.285+0000] {dagbag.py:541} INFO - Filling up the DagBag from /home/airflow/.local/lib/python3.7/site-packages/airflow/example_dags/example_sla_dag.py
[2023-10-10T17:38:37.300+0000] {processor.py:836} INFO - DAG(s) dict_keys(['example_sla_dag']) retrieved from /home/airflow/.local/lib/python3.7/site-packages/airflow/example_dags/example_sla_dag.py
[2023-10-10T17:38:37.336+0000] {logging_mixin.py:150} INFO - [2023-10-10T17:38:37.335+0000] {dag.py:2742} INFO - Sync 1 DAGs
[2023-10-10T17:38:37.378+0000] {logging_mixin.py:150} INFO - [2023-10-10T17:38:37.378+0000] {dag.py:3508} INFO - Setting next_dagrun for example_sla_dag to 2023-10-10T17:36:00+00:00, run_after=2023-10-10T17:38:00+00:00
[2023-10-10T17:38:37.405+0000] {processor.py:179} INFO - Processing /home/airflow/.local/lib/python3.7/site-packages/airflow/example_dags/example_sla_dag.py took 0.130 seconds
[2023-10-10T17:39:07.510+0000] {processor.py:157} INFO - Started process (PID=503) to work on /home/airflow/.local/lib/python3.7/site-packages/airflow/example_dags/example_sla_dag.py
[2023-10-10T17:39:07.512+0000] {processor.py:826} INFO - Processing file /home/airflow/.local/lib/python3.7/site-packages/airflow/example_dags/example_sla_dag.py for tasks to queue
[2023-10-10T17:39:07.514+0000] {logging_mixin.py:150} INFO - [2023-10-10T17:39:07.514+0000] {dagbag.py:541} INFO - Filling up the DagBag from /home/airflow/.local/lib/python3.7/site-packages/airflow/example_dags/example_sla_dag.py
[2023-10-10T17:39:07.535+0000] {processor.py:836} INFO - DAG(s) dict_keys(['example_sla_dag']) retrieved from /home/airflow/.local/lib/python3.7/site-packages/airflow/example_dags/example_sla_dag.py
[2023-10-10T17:39:07.579+0000] {logging_mixin.py:150} INFO - [2023-10-10T17:39:07.579+0000] {dag.py:2742} INFO - Sync 1 DAGs
[2023-10-10T17:39:07.629+0000] {logging_mixin.py:150} INFO - [2023-10-10T17:39:07.628+0000] {dag.py:3508} INFO - Setting next_dagrun for example_sla_dag to 2023-10-10T17:36:00+00:00, run_after=2023-10-10T17:38:00+00:00
[2023-10-10T17:39:07.667+0000] {processor.py:179} INFO - Processing /home/airflow/.local/lib/python3.7/site-packages/airflow/example_dags/example_sla_dag.py took 0.163 seconds
[2023-10-10T17:39:37.932+0000] {processor.py:157} INFO - Started process (PID=583) to work on /home/airflow/.local/lib/python3.7/site-packages/airflow/example_dags/example_sla_dag.py
[2023-10-10T17:39:37.934+0000] {processor.py:826} INFO - Processing file /home/airflow/.local/lib/python3.7/site-packages/airflow/example_dags/example_sla_dag.py for tasks to queue
[2023-10-10T17:39:37.936+0000] {logging_mixin.py:150} INFO - [2023-10-10T17:39:37.936+0000] {dagbag.py:541} INFO - Filling up the DagBag from /home/airflow/.local/lib/python3.7/site-packages/airflow/example_dags/example_sla_dag.py
[2023-10-10T17:39:37.949+0000] {processor.py:836} INFO - DAG(s) dict_keys(['example_sla_dag']) retrieved from /home/airflow/.local/lib/python3.7/site-packages/airflow/example_dags/example_sla_dag.py
[2023-10-10T17:39:37.984+0000] {logging_mixin.py:150} INFO - [2023-10-10T17:39:37.984+0000] {dag.py:2742} INFO - Sync 1 DAGs
[2023-10-10T17:39:38.024+0000] {logging_mixin.py:150} INFO - [2023-10-10T17:39:38.024+0000] {dag.py:3508} INFO - Setting next_dagrun for example_sla_dag to 2023-10-10T17:36:00+00:00, run_after=2023-10-10T17:38:00+00:00
[2023-10-10T17:39:38.048+0000] {processor.py:179} INFO - Processing /home/airflow/.local/lib/python3.7/site-packages/airflow/example_dags/example_sla_dag.py took 0.122 seconds
[2023-10-10T17:40:08.550+0000] {processor.py:157} INFO - Started process (PID=672) to work on /home/airflow/.local/lib/python3.7/site-packages/airflow/example_dags/example_sla_dag.py
[2023-10-10T17:40:08.552+0000] {processor.py:826} INFO - Processing file /home/airflow/.local/lib/python3.7/site-packages/airflow/example_dags/example_sla_dag.py for tasks to queue
[2023-10-10T17:40:08.554+0000] {logging_mixin.py:150} INFO - [2023-10-10T17:40:08.554+0000] {dagbag.py:541} INFO - Filling up the DagBag from /home/airflow/.local/lib/python3.7/site-packages/airflow/example_dags/example_sla_dag.py
[2023-10-10T17:40:08.567+0000] {processor.py:836} INFO - DAG(s) dict_keys(['example_sla_dag']) retrieved from /home/airflow/.local/lib/python3.7/site-packages/airflow/example_dags/example_sla_dag.py
[2023-10-10T17:40:08.599+0000] {logging_mixin.py:150} INFO - [2023-10-10T17:40:08.599+0000] {dag.py:2742} INFO - Sync 1 DAGs
[2023-10-10T17:40:08.637+0000] {logging_mixin.py:150} INFO - [2023-10-10T17:40:08.637+0000] {dag.py:3508} INFO - Setting next_dagrun for example_sla_dag to 2023-10-10T17:38:00+00:00, run_after=2023-10-10T17:40:00+00:00
[2023-10-10T17:40:08.665+0000] {processor.py:179} INFO - Processing /home/airflow/.local/lib/python3.7/site-packages/airflow/example_dags/example_sla_dag.py took 0.120 seconds
[2023-10-10T17:40:38.888+0000] {processor.py:157} INFO - Started process (PID=752) to work on /home/airflow/.local/lib/python3.7/site-packages/airflow/example_dags/example_sla_dag.py
[2023-10-10T17:40:38.891+0000] {processor.py:826} INFO - Processing file /home/airflow/.local/lib/python3.7/site-packages/airflow/example_dags/example_sla_dag.py for tasks to queue
[2023-10-10T17:40:38.893+0000] {logging_mixin.py:150} INFO - [2023-10-10T17:40:38.893+0000] {dagbag.py:541} INFO - Filling up the DagBag from /home/airflow/.local/lib/python3.7/site-packages/airflow/example_dags/example_sla_dag.py
[2023-10-10T17:40:38.908+0000] {processor.py:836} INFO - DAG(s) dict_keys(['example_sla_dag']) retrieved from /home/airflow/.local/lib/python3.7/site-packages/airflow/example_dags/example_sla_dag.py
[2023-10-10T17:40:38.940+0000] {logging_mixin.py:150} INFO - [2023-10-10T17:40:38.940+0000] {dag.py:2742} INFO - Sync 1 DAGs
[2023-10-10T17:40:38.977+0000] {logging_mixin.py:150} INFO - [2023-10-10T17:40:38.977+0000] {dag.py:3508} INFO - Setting next_dagrun for example_sla_dag to 2023-10-10T17:38:00+00:00, run_after=2023-10-10T17:40:00+00:00
[2023-10-10T17:40:39.003+0000] {processor.py:179} INFO - Processing /home/airflow/.local/lib/python3.7/site-packages/airflow/example_dags/example_sla_dag.py took 0.121 seconds
[2023-10-10T17:41:09.205+0000] {processor.py:157} INFO - Started process (PID=841) to work on /home/airflow/.local/lib/python3.7/site-packages/airflow/example_dags/example_sla_dag.py
[2023-10-10T17:41:09.207+0000] {processor.py:826} INFO - Processing file /home/airflow/.local/lib/python3.7/site-packages/airflow/example_dags/example_sla_dag.py for tasks to queue
[2023-10-10T17:41:09.209+0000] {logging_mixin.py:150} INFO - [2023-10-10T17:41:09.209+0000] {dagbag.py:541} INFO - Filling up the DagBag from /home/airflow/.local/lib/python3.7/site-packages/airflow/example_dags/example_sla_dag.py
[2023-10-10T17:41:09.224+0000] {processor.py:836} INFO - DAG(s) dict_keys(['example_sla_dag']) retrieved from /home/airflow/.local/lib/python3.7/site-packages/airflow/example_dags/example_sla_dag.py
[2023-10-10T17:41:09.259+0000] {logging_mixin.py:150} INFO - [2023-10-10T17:41:09.259+0000] {dag.py:2742} INFO - Sync 1 DAGs
[2023-10-10T17:41:09.306+0000] {logging_mixin.py:150} INFO - [2023-10-10T17:41:09.306+0000] {dag.py:3508} INFO - Setting next_dagrun for example_sla_dag to 2023-10-10T17:38:00+00:00, run_after=2023-10-10T17:40:00+00:00
[2023-10-10T17:41:09.331+0000] {processor.py:179} INFO - Processing /home/airflow/.local/lib/python3.7/site-packages/airflow/example_dags/example_sla_dag.py took 0.131 seconds
[2023-10-10T17:41:39.897+0000] {processor.py:157} INFO - Started process (PID=922) to work on /home/airflow/.local/lib/python3.7/site-packages/airflow/example_dags/example_sla_dag.py
[2023-10-10T17:41:39.899+0000] {processor.py:826} INFO - Processing file /home/airflow/.local/lib/python3.7/site-packages/airflow/example_dags/example_sla_dag.py for tasks to queue
[2023-10-10T17:41:39.901+0000] {logging_mixin.py:150} INFO - [2023-10-10T17:41:39.901+0000] {dagbag.py:541} INFO - Filling up the DagBag from /home/airflow/.local/lib/python3.7/site-packages/airflow/example_dags/example_sla_dag.py
[2023-10-10T17:41:39.914+0000] {processor.py:836} INFO - DAG(s) dict_keys(['example_sla_dag']) retrieved from /home/airflow/.local/lib/python3.7/site-packages/airflow/example_dags/example_sla_dag.py
[2023-10-10T17:41:39.950+0000] {logging_mixin.py:150} INFO - [2023-10-10T17:41:39.950+0000] {dag.py:2742} INFO - Sync 1 DAGs
[2023-10-10T17:41:40.009+0000] {logging_mixin.py:150} INFO - [2023-10-10T17:41:40.009+0000] {dag.py:3508} INFO - Setting next_dagrun for example_sla_dag to 2023-10-10T17:38:00+00:00, run_after=2023-10-10T17:40:00+00:00
[2023-10-10T17:41:40.048+0000] {processor.py:179} INFO - Processing /home/airflow/.local/lib/python3.7/site-packages/airflow/example_dags/example_sla_dag.py took 0.156 seconds
[2023-10-10T17:42:10.140+0000] {processor.py:157} INFO - Started process (PID=1002) to work on /home/airflow/.local/lib/python3.7/site-packages/airflow/example_dags/example_sla_dag.py
[2023-10-10T17:42:10.143+0000] {processor.py:826} INFO - Processing file /home/airflow/.local/lib/python3.7/site-packages/airflow/example_dags/example_sla_dag.py for tasks to queue
[2023-10-10T17:42:10.145+0000] {logging_mixin.py:150} INFO - [2023-10-10T17:42:10.144+0000] {dagbag.py:541} INFO - Filling up the DagBag from /home/airflow/.local/lib/python3.7/site-packages/airflow/example_dags/example_sla_dag.py
[2023-10-10T17:42:10.162+0000] {processor.py:836} INFO - DAG(s) dict_keys(['example_sla_dag']) retrieved from /home/airflow/.local/lib/python3.7/site-packages/airflow/example_dags/example_sla_dag.py
[2023-10-10T17:42:10.200+0000] {logging_mixin.py:150} INFO - [2023-10-10T17:42:10.200+0000] {dag.py:2742} INFO - Sync 1 DAGs
[2023-10-10T17:42:10.248+0000] {logging_mixin.py:150} INFO - [2023-10-10T17:42:10.247+0000] {dag.py:3508} INFO - Setting next_dagrun for example_sla_dag to 2023-10-10T17:40:00+00:00, run_after=2023-10-10T17:42:00+00:00
[2023-10-10T17:42:10.279+0000] {processor.py:179} INFO - Processing /home/airflow/.local/lib/python3.7/site-packages/airflow/example_dags/example_sla_dag.py took 0.144 seconds
[2023-10-10T17:42:40.479+0000] {processor.py:157} INFO - Started process (PID=1092) to work on /home/airflow/.local/lib/python3.7/site-packages/airflow/example_dags/example_sla_dag.py
[2023-10-10T17:42:40.481+0000] {processor.py:826} INFO - Processing file /home/airflow/.local/lib/python3.7/site-packages/airflow/example_dags/example_sla_dag.py for tasks to queue
[2023-10-10T17:42:40.483+0000] {logging_mixin.py:150} INFO - [2023-10-10T17:42:40.482+0000] {dagbag.py:541} INFO - Filling up the DagBag from /home/airflow/.local/lib/python3.7/site-packages/airflow/example_dags/example_sla_dag.py
[2023-10-10T17:42:40.498+0000] {processor.py:836} INFO - DAG(s) dict_keys(['example_sla_dag']) retrieved from /home/airflow/.local/lib/python3.7/site-packages/airflow/example_dags/example_sla_dag.py
[2023-10-10T17:42:40.537+0000] {logging_mixin.py:150} INFO - [2023-10-10T17:42:40.537+0000] {dag.py:2742} INFO - Sync 1 DAGs
[2023-10-10T17:42:40.584+0000] {logging_mixin.py:150} INFO - [2023-10-10T17:42:40.584+0000] {dag.py:3508} INFO - Setting next_dagrun for example_sla_dag to 2023-10-10T17:40:00+00:00, run_after=2023-10-10T17:42:00+00:00
[2023-10-10T17:42:40.613+0000] {processor.py:179} INFO - Processing /home/airflow/.local/lib/python3.7/site-packages/airflow/example_dags/example_sla_dag.py took 0.139 seconds
[2023-10-10T17:43:10.855+0000] {processor.py:157} INFO - Started process (PID=1172) to work on /home/airflow/.local/lib/python3.7/site-packages/airflow/example_dags/example_sla_dag.py
[2023-10-10T17:43:10.857+0000] {processor.py:826} INFO - Processing file /home/airflow/.local/lib/python3.7/site-packages/airflow/example_dags/example_sla_dag.py for tasks to queue
[2023-10-10T17:43:10.859+0000] {logging_mixin.py:150} INFO - [2023-10-10T17:43:10.858+0000] {dagbag.py:541} INFO - Filling up the DagBag from /home/airflow/.local/lib/python3.7/site-packages/airflow/example_dags/example_sla_dag.py
[2023-10-10T17:43:10.871+0000] {processor.py:836} INFO - DAG(s) dict_keys(['example_sla_dag']) retrieved from /home/airflow/.local/lib/python3.7/site-packages/airflow/example_dags/example_sla_dag.py
[2023-10-10T17:43:10.904+0000] {logging_mixin.py:150} INFO - [2023-10-10T17:43:10.904+0000] {dag.py:2742} INFO - Sync 1 DAGs
[2023-10-10T17:43:10.945+0000] {logging_mixin.py:150} INFO - [2023-10-10T17:43:10.944+0000] {dag.py:3508} INFO - Setting next_dagrun for example_sla_dag to 2023-10-10T17:40:00+00:00, run_after=2023-10-10T17:42:00+00:00
[2023-10-10T17:43:10.973+0000] {processor.py:179} INFO - Processing /home/airflow/.local/lib/python3.7/site-packages/airflow/example_dags/example_sla_dag.py took 0.123 seconds
[2023-10-10T17:43:41.219+0000] {processor.py:157} INFO - Started process (PID=1261) to work on /home/airflow/.local/lib/python3.7/site-packages/airflow/example_dags/example_sla_dag.py
[2023-10-10T17:43:41.225+0000] {processor.py:826} INFO - Processing file /home/airflow/.local/lib/python3.7/site-packages/airflow/example_dags/example_sla_dag.py for tasks to queue
[2023-10-10T17:43:41.227+0000] {logging_mixin.py:150} INFO - [2023-10-10T17:43:41.226+0000] {dagbag.py:541} INFO - Filling up the DagBag from /home/airflow/.local/lib/python3.7/site-packages/airflow/example_dags/example_sla_dag.py
[2023-10-10T17:43:41.238+0000] {processor.py:836} INFO - DAG(s) dict_keys(['example_sla_dag']) retrieved from /home/airflow/.local/lib/python3.7/site-packages/airflow/example_dags/example_sla_dag.py
[2023-10-10T17:43:41.271+0000] {logging_mixin.py:150} INFO - [2023-10-10T17:43:41.271+0000] {dag.py:2742} INFO - Sync 1 DAGs
[2023-10-10T17:43:41.303+0000] {logging_mixin.py:150} INFO - [2023-10-10T17:43:41.303+0000] {dag.py:3508} INFO - Setting next_dagrun for example_sla_dag to 2023-10-10T17:40:00+00:00, run_after=2023-10-10T17:42:00+00:00
[2023-10-10T17:43:41.322+0000] {processor.py:179} INFO - Processing /home/airflow/.local/lib/python3.7/site-packages/airflow/example_dags/example_sla_dag.py took 0.108 seconds
[2023-10-10T17:44:11.412+0000] {processor.py:157} INFO - Started process (PID=1341) to work on /home/airflow/.local/lib/python3.7/site-packages/airflow/example_dags/example_sla_dag.py
[2023-10-10T17:44:11.415+0000] {processor.py:826} INFO - Processing file /home/airflow/.local/lib/python3.7/site-packages/airflow/example_dags/example_sla_dag.py for tasks to queue
[2023-10-10T17:44:11.417+0000] {logging_mixin.py:150} INFO - [2023-10-10T17:44:11.416+0000] {dagbag.py:541} INFO - Filling up the DagBag from /home/airflow/.local/lib/python3.7/site-packages/airflow/example_dags/example_sla_dag.py
[2023-10-10T17:44:11.434+0000] {processor.py:836} INFO - DAG(s) dict_keys(['example_sla_dag']) retrieved from /home/airflow/.local/lib/python3.7/site-packages/airflow/example_dags/example_sla_dag.py
[2023-10-10T17:44:11.474+0000] {logging_mixin.py:150} INFO - [2023-10-10T17:44:11.474+0000] {dag.py:2742} INFO - Sync 1 DAGs
[2023-10-10T17:44:11.517+0000] {logging_mixin.py:150} INFO - [2023-10-10T17:44:11.516+0000] {dag.py:3508} INFO - Setting next_dagrun for example_sla_dag to 2023-10-10T17:42:00+00:00, run_after=2023-10-10T17:44:00+00:00
[2023-10-10T17:44:11.545+0000] {processor.py:179} INFO - Processing /home/airflow/.local/lib/python3.7/site-packages/airflow/example_dags/example_sla_dag.py took 0.139 seconds
[2023-10-10T17:44:41.833+0000] {processor.py:157} INFO - Started process (PID=1430) to work on /home/airflow/.local/lib/python3.7/site-packages/airflow/example_dags/example_sla_dag.py
[2023-10-10T17:44:41.836+0000] {processor.py:826} INFO - Processing file /home/airflow/.local/lib/python3.7/site-packages/airflow/example_dags/example_sla_dag.py for tasks to queue
[2023-10-10T17:44:41.838+0000] {logging_mixin.py:150} INFO - [2023-10-10T17:44:41.837+0000] {dagbag.py:541} INFO - Filling up the DagBag from /home/airflow/.local/lib/python3.7/site-packages/airflow/example_dags/example_sla_dag.py
[2023-10-10T17:44:41.853+0000] {processor.py:836} INFO - DAG(s) dict_keys(['example_sla_dag']) retrieved from /home/airflow/.local/lib/python3.7/site-packages/airflow/example_dags/example_sla_dag.py
[2023-10-10T17:44:41.894+0000] {logging_mixin.py:150} INFO - [2023-10-10T17:44:41.894+0000] {dag.py:2742} INFO - Sync 1 DAGs
[2023-10-10T17:44:41.951+0000] {logging_mixin.py:150} INFO - [2023-10-10T17:44:41.951+0000] {dag.py:3508} INFO - Setting next_dagrun for example_sla_dag to 2023-10-10T17:42:00+00:00, run_after=2023-10-10T17:44:00+00:00
[2023-10-10T17:44:41.982+0000] {processor.py:179} INFO - Processing /home/airflow/.local/lib/python3.7/site-packages/airflow/example_dags/example_sla_dag.py took 0.154 seconds
[2023-10-10T17:45:12.202+0000] {processor.py:157} INFO - Started process (PID=1510) to work on /home/airflow/.local/lib/python3.7/site-packages/airflow/example_dags/example_sla_dag.py
[2023-10-10T17:45:12.204+0000] {processor.py:826} INFO - Processing file /home/airflow/.local/lib/python3.7/site-packages/airflow/example_dags/example_sla_dag.py for tasks to queue
[2023-10-10T17:45:12.206+0000] {logging_mixin.py:150} INFO - [2023-10-10T17:45:12.206+0000] {dagbag.py:541} INFO - Filling up the DagBag from /home/airflow/.local/lib/python3.7/site-packages/airflow/example_dags/example_sla_dag.py
[2023-10-10T17:45:12.218+0000] {processor.py:836} INFO - DAG(s) dict_keys(['example_sla_dag']) retrieved from /home/airflow/.local/lib/python3.7/site-packages/airflow/example_dags/example_sla_dag.py
[2023-10-10T17:45:12.250+0000] {logging_mixin.py:150} INFO - [2023-10-10T17:45:12.250+0000] {dag.py:2742} INFO - Sync 1 DAGs
[2023-10-10T17:45:12.288+0000] {logging_mixin.py:150} INFO - [2023-10-10T17:45:12.288+0000] {dag.py:3508} INFO - Setting next_dagrun for example_sla_dag to 2023-10-10T17:42:00+00:00, run_after=2023-10-10T17:44:00+00:00
[2023-10-10T17:45:12.311+0000] {processor.py:179} INFO - Processing /home/airflow/.local/lib/python3.7/site-packages/airflow/example_dags/example_sla_dag.py took 0.114 seconds
[2023-10-10T17:45:42.504+0000] {processor.py:157} INFO - Started process (PID=1590) to work on /home/airflow/.local/lib/python3.7/site-packages/airflow/example_dags/example_sla_dag.py
[2023-10-10T17:45:42.506+0000] {processor.py:826} INFO - Processing file /home/airflow/.local/lib/python3.7/site-packages/airflow/example_dags/example_sla_dag.py for tasks to queue
[2023-10-10T17:45:42.508+0000] {logging_mixin.py:150} INFO - [2023-10-10T17:45:42.507+0000] {dagbag.py:541} INFO - Filling up the DagBag from /home/airflow/.local/lib/python3.7/site-packages/airflow/example_dags/example_sla_dag.py
[2023-10-10T17:45:42.521+0000] {processor.py:836} INFO - DAG(s) dict_keys(['example_sla_dag']) retrieved from /home/airflow/.local/lib/python3.7/site-packages/airflow/example_dags/example_sla_dag.py
[2023-10-10T17:45:42.556+0000] {logging_mixin.py:150} INFO - [2023-10-10T17:45:42.556+0000] {dag.py:2742} INFO - Sync 1 DAGs
[2023-10-10T17:45:42.601+0000] {logging_mixin.py:150} INFO - [2023-10-10T17:45:42.600+0000] {dag.py:3508} INFO - Setting next_dagrun for example_sla_dag to 2023-10-10T17:42:00+00:00, run_after=2023-10-10T17:44:00+00:00
[2023-10-10T17:45:42.627+0000] {processor.py:179} INFO - Processing /home/airflow/.local/lib/python3.7/site-packages/airflow/example_dags/example_sla_dag.py took 0.128 seconds
[2023-10-10T17:46:12.749+0000] {processor.py:157} INFO - Started process (PID=1679) to work on /home/airflow/.local/lib/python3.7/site-packages/airflow/example_dags/example_sla_dag.py
[2023-10-10T17:46:12.751+0000] {processor.py:826} INFO - Processing file /home/airflow/.local/lib/python3.7/site-packages/airflow/example_dags/example_sla_dag.py for tasks to queue
[2023-10-10T17:46:12.753+0000] {logging_mixin.py:150} INFO - [2023-10-10T17:46:12.753+0000] {dagbag.py:541} INFO - Filling up the DagBag from /home/airflow/.local/lib/python3.7/site-packages/airflow/example_dags/example_sla_dag.py
[2023-10-10T17:46:12.769+0000] {processor.py:836} INFO - DAG(s) dict_keys(['example_sla_dag']) retrieved from /home/airflow/.local/lib/python3.7/site-packages/airflow/example_dags/example_sla_dag.py
[2023-10-10T17:46:12.810+0000] {logging_mixin.py:150} INFO - [2023-10-10T17:46:12.809+0000] {dag.py:2742} INFO - Sync 1 DAGs
[2023-10-10T17:46:12.891+0000] {logging_mixin.py:150} INFO - [2023-10-10T17:46:12.891+0000] {dag.py:3508} INFO - Setting next_dagrun for example_sla_dag to 2023-10-10T17:44:00+00:00, run_after=2023-10-10T17:46:00+00:00
[2023-10-10T17:46:12.941+0000] {processor.py:179} INFO - Processing /home/airflow/.local/lib/python3.7/site-packages/airflow/example_dags/example_sla_dag.py took 0.198 seconds
[2023-10-10T17:46:43.296+0000] {processor.py:157} INFO - Started process (PID=1759) to work on /home/airflow/.local/lib/python3.7/site-packages/airflow/example_dags/example_sla_dag.py
[2023-10-10T17:46:43.298+0000] {processor.py:826} INFO - Processing file /home/airflow/.local/lib/python3.7/site-packages/airflow/example_dags/example_sla_dag.py for tasks to queue
[2023-10-10T17:46:43.300+0000] {logging_mixin.py:150} INFO - [2023-10-10T17:46:43.300+0000] {dagbag.py:541} INFO - Filling up the DagBag from /home/airflow/.local/lib/python3.7/site-packages/airflow/example_dags/example_sla_dag.py
[2023-10-10T17:46:43.315+0000] {processor.py:836} INFO - DAG(s) dict_keys(['example_sla_dag']) retrieved from /home/airflow/.local/lib/python3.7/site-packages/airflow/example_dags/example_sla_dag.py
[2023-10-10T17:46:43.350+0000] {logging_mixin.py:150} INFO - [2023-10-10T17:46:43.350+0000] {dag.py:2742} INFO - Sync 1 DAGs
[2023-10-10T17:46:43.402+0000] {logging_mixin.py:150} INFO - [2023-10-10T17:46:43.402+0000] {dag.py:3508} INFO - Setting next_dagrun for example_sla_dag to 2023-10-10T17:44:00+00:00, run_after=2023-10-10T17:46:00+00:00
[2023-10-10T17:46:43.433+0000] {processor.py:179} INFO - Processing /home/airflow/.local/lib/python3.7/site-packages/airflow/example_dags/example_sla_dag.py took 0.143 seconds
[2023-10-10T17:47:13.603+0000] {processor.py:157} INFO - Started process (PID=1848) to work on /home/airflow/.local/lib/python3.7/site-packages/airflow/example_dags/example_sla_dag.py
[2023-10-10T17:47:13.616+0000] {processor.py:826} INFO - Processing file /home/airflow/.local/lib/python3.7/site-packages/airflow/example_dags/example_sla_dag.py for tasks to queue
[2023-10-10T17:47:13.618+0000] {logging_mixin.py:150} INFO - [2023-10-10T17:47:13.618+0000] {dagbag.py:541} INFO - Filling up the DagBag from /home/airflow/.local/lib/python3.7/site-packages/airflow/example_dags/example_sla_dag.py
[2023-10-10T17:47:13.632+0000] {processor.py:836} INFO - DAG(s) dict_keys(['example_sla_dag']) retrieved from /home/airflow/.local/lib/python3.7/site-packages/airflow/example_dags/example_sla_dag.py
[2023-10-10T17:47:13.666+0000] {logging_mixin.py:150} INFO - [2023-10-10T17:47:13.666+0000] {dag.py:2742} INFO - Sync 1 DAGs
[2023-10-10T17:47:13.712+0000] {logging_mixin.py:150} INFO - [2023-10-10T17:47:13.711+0000] {dag.py:3508} INFO - Setting next_dagrun for example_sla_dag to 2023-10-10T17:44:00+00:00, run_after=2023-10-10T17:46:00+00:00
[2023-10-10T17:47:13.740+0000] {processor.py:179} INFO - Processing /home/airflow/.local/lib/python3.7/site-packages/airflow/example_dags/example_sla_dag.py took 0.142 seconds
[2023-10-10T17:47:43.911+0000] {processor.py:157} INFO - Started process (PID=1928) to work on /home/airflow/.local/lib/python3.7/site-packages/airflow/example_dags/example_sla_dag.py
[2023-10-10T17:47:43.914+0000] {processor.py:826} INFO - Processing file /home/airflow/.local/lib/python3.7/site-packages/airflow/example_dags/example_sla_dag.py for tasks to queue
[2023-10-10T17:47:43.917+0000] {logging_mixin.py:150} INFO - [2023-10-10T17:47:43.916+0000] {dagbag.py:541} INFO - Filling up the DagBag from /home/airflow/.local/lib/python3.7/site-packages/airflow/example_dags/example_sla_dag.py
[2023-10-10T17:47:43.932+0000] {processor.py:836} INFO - DAG(s) dict_keys(['example_sla_dag']) retrieved from /home/airflow/.local/lib/python3.7/site-packages/airflow/example_dags/example_sla_dag.py
[2023-10-10T17:47:43.967+0000] {logging_mixin.py:150} INFO - [2023-10-10T17:47:43.967+0000] {dag.py:2742} INFO - Sync 1 DAGs
[2023-10-10T17:47:44.017+0000] {logging_mixin.py:150} INFO - [2023-10-10T17:47:44.017+0000] {dag.py:3508} INFO - Setting next_dagrun for example_sla_dag to 2023-10-10T17:44:00+00:00, run_after=2023-10-10T17:46:00+00:00
[2023-10-10T17:47:44.066+0000] {processor.py:179} INFO - Processing /home/airflow/.local/lib/python3.7/site-packages/airflow/example_dags/example_sla_dag.py took 0.160 seconds
[2023-10-10T17:48:15.281+0000] {processor.py:157} INFO - Started process (PID=2017) to work on /home/airflow/.local/lib/python3.7/site-packages/airflow/example_dags/example_sla_dag.py
[2023-10-10T17:48:15.282+0000] {processor.py:826} INFO - Processing file /home/airflow/.local/lib/python3.7/site-packages/airflow/example_dags/example_sla_dag.py for tasks to queue
[2023-10-10T17:48:15.284+0000] {logging_mixin.py:150} INFO - [2023-10-10T17:48:15.284+0000] {dagbag.py:541} INFO - Filling up the DagBag from /home/airflow/.local/lib/python3.7/site-packages/airflow/example_dags/example_sla_dag.py
[2023-10-10T17:48:15.296+0000] {processor.py:836} INFO - DAG(s) dict_keys(['example_sla_dag']) retrieved from /home/airflow/.local/lib/python3.7/site-packages/airflow/example_dags/example_sla_dag.py
[2023-10-10T17:48:15.326+0000] {logging_mixin.py:150} INFO - [2023-10-10T17:48:15.326+0000] {dag.py:2742} INFO - Sync 1 DAGs
[2023-10-10T17:48:15.363+0000] {logging_mixin.py:150} INFO - [2023-10-10T17:48:15.363+0000] {dag.py:3508} INFO - Setting next_dagrun for example_sla_dag to 2023-10-10T17:46:00+00:00, run_after=2023-10-10T17:48:00+00:00
[2023-10-10T17:48:15.388+0000] {processor.py:179} INFO - Processing /home/airflow/.local/lib/python3.7/site-packages/airflow/example_dags/example_sla_dag.py took 0.113 seconds
[2023-10-10T17:48:46.203+0000] {processor.py:157} INFO - Started process (PID=2100) to work on /home/airflow/.local/lib/python3.7/site-packages/airflow/example_dags/example_sla_dag.py
[2023-10-10T17:48:46.206+0000] {processor.py:826} INFO - Processing file /home/airflow/.local/lib/python3.7/site-packages/airflow/example_dags/example_sla_dag.py for tasks to queue
[2023-10-10T17:48:46.208+0000] {logging_mixin.py:150} INFO - [2023-10-10T17:48:46.208+0000] {dagbag.py:541} INFO - Filling up the DagBag from /home/airflow/.local/lib/python3.7/site-packages/airflow/example_dags/example_sla_dag.py
[2023-10-10T17:48:46.226+0000] {processor.py:836} INFO - DAG(s) dict_keys(['example_sla_dag']) retrieved from /home/airflow/.local/lib/python3.7/site-packages/airflow/example_dags/example_sla_dag.py
[2023-10-10T17:48:46.270+0000] {logging_mixin.py:150} INFO - [2023-10-10T17:48:46.269+0000] {dag.py:2742} INFO - Sync 1 DAGs
[2023-10-10T17:48:46.337+0000] {logging_mixin.py:150} INFO - [2023-10-10T17:48:46.336+0000] {dag.py:3508} INFO - Setting next_dagrun for example_sla_dag to 2023-10-10T17:46:00+00:00, run_after=2023-10-10T17:48:00+00:00
[2023-10-10T17:48:46.372+0000] {processor.py:179} INFO - Processing /home/airflow/.local/lib/python3.7/site-packages/airflow/example_dags/example_sla_dag.py took 0.177 seconds
[2023-10-10T17:49:16.683+0000] {processor.py:157} INFO - Started process (PID=2193) to work on /home/airflow/.local/lib/python3.7/site-packages/airflow/example_dags/example_sla_dag.py
[2023-10-10T17:49:16.685+0000] {processor.py:826} INFO - Processing file /home/airflow/.local/lib/python3.7/site-packages/airflow/example_dags/example_sla_dag.py for tasks to queue
[2023-10-10T17:49:16.688+0000] {logging_mixin.py:150} INFO - [2023-10-10T17:49:16.687+0000] {dagbag.py:541} INFO - Filling up the DagBag from /home/airflow/.local/lib/python3.7/site-packages/airflow/example_dags/example_sla_dag.py
[2023-10-10T17:49:16.703+0000] {processor.py:836} INFO - DAG(s) dict_keys(['example_sla_dag']) retrieved from /home/airflow/.local/lib/python3.7/site-packages/airflow/example_dags/example_sla_dag.py
[2023-10-10T17:49:16.742+0000] {logging_mixin.py:150} INFO - [2023-10-10T17:49:16.742+0000] {dag.py:2742} INFO - Sync 1 DAGs
[2023-10-10T17:49:16.785+0000] {logging_mixin.py:150} INFO - [2023-10-10T17:49:16.785+0000] {dag.py:3508} INFO - Setting next_dagrun for example_sla_dag to 2023-10-10T17:46:00+00:00, run_after=2023-10-10T17:48:00+00:00
[2023-10-10T17:49:16.814+0000] {processor.py:179} INFO - Processing /home/airflow/.local/lib/python3.7/site-packages/airflow/example_dags/example_sla_dag.py took 0.137 seconds
[2023-10-10T17:49:47.415+0000] {processor.py:157} INFO - Started process (PID=2273) to work on /home/airflow/.local/lib/python3.7/site-packages/airflow/example_dags/example_sla_dag.py
[2023-10-10T17:49:47.418+0000] {processor.py:826} INFO - Processing file /home/airflow/.local/lib/python3.7/site-packages/airflow/example_dags/example_sla_dag.py for tasks to queue
[2023-10-10T17:49:47.419+0000] {logging_mixin.py:150} INFO - [2023-10-10T17:49:47.419+0000] {dagbag.py:541} INFO - Filling up the DagBag from /home/airflow/.local/lib/python3.7/site-packages/airflow/example_dags/example_sla_dag.py
[2023-10-10T17:49:47.433+0000] {processor.py:836} INFO - DAG(s) dict_keys(['example_sla_dag']) retrieved from /home/airflow/.local/lib/python3.7/site-packages/airflow/example_dags/example_sla_dag.py
[2023-10-10T17:49:47.467+0000] {logging_mixin.py:150} INFO - [2023-10-10T17:49:47.466+0000] {dag.py:2742} INFO - Sync 1 DAGs
[2023-10-10T17:49:47.509+0000] {logging_mixin.py:150} INFO - [2023-10-10T17:49:47.509+0000] {dag.py:3508} INFO - Setting next_dagrun for example_sla_dag to 2023-10-10T17:46:00+00:00, run_after=2023-10-10T17:48:00+00:00
[2023-10-10T17:49:47.538+0000] {processor.py:179} INFO - Processing /home/airflow/.local/lib/python3.7/site-packages/airflow/example_dags/example_sla_dag.py took 0.129 seconds
[2023-10-10T17:50:17.945+0000] {processor.py:157} INFO - Started process (PID=2363) to work on /home/airflow/.local/lib/python3.7/site-packages/airflow/example_dags/example_sla_dag.py
[2023-10-10T17:50:17.947+0000] {processor.py:826} INFO - Processing file /home/airflow/.local/lib/python3.7/site-packages/airflow/example_dags/example_sla_dag.py for tasks to queue
[2023-10-10T17:50:17.950+0000] {logging_mixin.py:150} INFO - [2023-10-10T17:50:17.949+0000] {dagbag.py:541} INFO - Filling up the DagBag from /home/airflow/.local/lib/python3.7/site-packages/airflow/example_dags/example_sla_dag.py
[2023-10-10T17:50:17.969+0000] {processor.py:836} INFO - DAG(s) dict_keys(['example_sla_dag']) retrieved from /home/airflow/.local/lib/python3.7/site-packages/airflow/example_dags/example_sla_dag.py
[2023-10-10T17:50:18.007+0000] {logging_mixin.py:150} INFO - [2023-10-10T17:50:18.007+0000] {dag.py:2742} INFO - Sync 1 DAGs
[2023-10-10T17:50:18.056+0000] {logging_mixin.py:150} INFO - [2023-10-10T17:50:18.056+0000] {dag.py:3508} INFO - Setting next_dagrun for example_sla_dag to 2023-10-10T17:48:00+00:00, run_after=2023-10-10T17:50:00+00:00
[2023-10-10T17:50:18.086+0000] {processor.py:179} INFO - Processing /home/airflow/.local/lib/python3.7/site-packages/airflow/example_dags/example_sla_dag.py took 0.148 seconds
[2023-10-10T17:50:48.927+0000] {processor.py:157} INFO - Started process (PID=2444) to work on /home/airflow/.local/lib/python3.7/site-packages/airflow/example_dags/example_sla_dag.py
[2023-10-10T17:50:48.930+0000] {processor.py:826} INFO - Processing file /home/airflow/.local/lib/python3.7/site-packages/airflow/example_dags/example_sla_dag.py for tasks to queue
[2023-10-10T17:50:48.932+0000] {logging_mixin.py:150} INFO - [2023-10-10T17:50:48.932+0000] {dagbag.py:541} INFO - Filling up the DagBag from /home/airflow/.local/lib/python3.7/site-packages/airflow/example_dags/example_sla_dag.py
[2023-10-10T17:50:48.945+0000] {processor.py:836} INFO - DAG(s) dict_keys(['example_sla_dag']) retrieved from /home/airflow/.local/lib/python3.7/site-packages/airflow/example_dags/example_sla_dag.py
[2023-10-10T17:50:48.977+0000] {logging_mixin.py:150} INFO - [2023-10-10T17:50:48.977+0000] {dag.py:2742} INFO - Sync 1 DAGs
[2023-10-10T17:50:49.015+0000] {logging_mixin.py:150} INFO - [2023-10-10T17:50:49.015+0000] {dag.py:3508} INFO - Setting next_dagrun for example_sla_dag to 2023-10-10T17:48:00+00:00, run_after=2023-10-10T17:50:00+00:00
[2023-10-10T17:50:49.038+0000] {processor.py:179} INFO - Processing /home/airflow/.local/lib/python3.7/site-packages/airflow/example_dags/example_sla_dag.py took 0.116 seconds
[2023-10-10T17:51:19.232+0000] {processor.py:157} INFO - Started process (PID=2533) to work on /home/airflow/.local/lib/python3.7/site-packages/airflow/example_dags/example_sla_dag.py
[2023-10-10T17:51:19.234+0000] {processor.py:826} INFO - Processing file /home/airflow/.local/lib/python3.7/site-packages/airflow/example_dags/example_sla_dag.py for tasks to queue
[2023-10-10T17:51:19.236+0000] {logging_mixin.py:150} INFO - [2023-10-10T17:51:19.236+0000] {dagbag.py:541} INFO - Filling up the DagBag from /home/airflow/.local/lib/python3.7/site-packages/airflow/example_dags/example_sla_dag.py
[2023-10-10T17:51:19.252+0000] {processor.py:836} INFO - DAG(s) dict_keys(['example_sla_dag']) retrieved from /home/airflow/.local/lib/python3.7/site-packages/airflow/example_dags/example_sla_dag.py
[2023-10-10T17:51:19.293+0000] {logging_mixin.py:150} INFO - [2023-10-10T17:51:19.293+0000] {dag.py:2742} INFO - Sync 1 DAGs
[2023-10-10T17:51:19.314+0000] {logging_mixin.py:150} INFO - [2023-10-10T17:51:19.314+0000] {dag.py:3508} INFO - Setting next_dagrun for example_sla_dag to 2023-10-10T17:48:00+00:00, run_after=2023-10-10T17:50:00+00:00
[2023-10-10T17:51:19.343+0000] {processor.py:179} INFO - Processing /home/airflow/.local/lib/python3.7/site-packages/airflow/example_dags/example_sla_dag.py took 0.138 seconds
[2023-10-10T17:51:50.074+0000] {processor.py:157} INFO - Started process (PID=2618) to work on /home/airflow/.local/lib/python3.7/site-packages/airflow/example_dags/example_sla_dag.py
[2023-10-10T17:51:50.076+0000] {processor.py:826} INFO - Processing file /home/airflow/.local/lib/python3.7/site-packages/airflow/example_dags/example_sla_dag.py for tasks to queue
[2023-10-10T17:51:50.078+0000] {logging_mixin.py:150} INFO - [2023-10-10T17:51:50.078+0000] {dagbag.py:541} INFO - Filling up the DagBag from /home/airflow/.local/lib/python3.7/site-packages/airflow/example_dags/example_sla_dag.py
[2023-10-10T17:51:50.100+0000] {processor.py:836} INFO - DAG(s) dict_keys(['example_sla_dag']) retrieved from /home/airflow/.local/lib/python3.7/site-packages/airflow/example_dags/example_sla_dag.py
[2023-10-10T17:51:50.133+0000] {logging_mixin.py:150} INFO - [2023-10-10T17:51:50.133+0000] {dag.py:2742} INFO - Sync 1 DAGs
[2023-10-10T17:51:50.174+0000] {logging_mixin.py:150} INFO - [2023-10-10T17:51:50.173+0000] {dag.py:3508} INFO - Setting next_dagrun for example_sla_dag to 2023-10-10T17:48:00+00:00, run_after=2023-10-10T17:50:00+00:00
[2023-10-10T17:51:50.200+0000] {processor.py:179} INFO - Processing /home/airflow/.local/lib/python3.7/site-packages/airflow/example_dags/example_sla_dag.py took 0.132 seconds
[2023-10-10T17:52:20.269+0000] {processor.py:157} INFO - Started process (PID=2699) to work on /home/airflow/.local/lib/python3.7/site-packages/airflow/example_dags/example_sla_dag.py
[2023-10-10T17:52:20.271+0000] {processor.py:826} INFO - Processing file /home/airflow/.local/lib/python3.7/site-packages/airflow/example_dags/example_sla_dag.py for tasks to queue
[2023-10-10T17:52:20.274+0000] {logging_mixin.py:150} INFO - [2023-10-10T17:52:20.273+0000] {dagbag.py:541} INFO - Filling up the DagBag from /home/airflow/.local/lib/python3.7/site-packages/airflow/example_dags/example_sla_dag.py
[2023-10-10T17:52:20.288+0000] {processor.py:836} INFO - DAG(s) dict_keys(['example_sla_dag']) retrieved from /home/airflow/.local/lib/python3.7/site-packages/airflow/example_dags/example_sla_dag.py
[2023-10-10T17:52:20.325+0000] {logging_mixin.py:150} INFO - [2023-10-10T17:52:20.325+0000] {dag.py:2742} INFO - Sync 1 DAGs
[2023-10-10T17:52:20.375+0000] {logging_mixin.py:150} INFO - [2023-10-10T17:52:20.374+0000] {dag.py:3508} INFO - Setting next_dagrun for example_sla_dag to 2023-10-10T17:50:00+00:00, run_after=2023-10-10T17:52:00+00:00
[2023-10-10T17:52:20.400+0000] {processor.py:179} INFO - Processing /home/airflow/.local/lib/python3.7/site-packages/airflow/example_dags/example_sla_dag.py took 0.135 seconds
[2023-10-10T17:52:50.794+0000] {processor.py:157} INFO - Started process (PID=2789) to work on /home/airflow/.local/lib/python3.7/site-packages/airflow/example_dags/example_sla_dag.py
[2023-10-10T17:52:50.796+0000] {processor.py:826} INFO - Processing file /home/airflow/.local/lib/python3.7/site-packages/airflow/example_dags/example_sla_dag.py for tasks to queue
[2023-10-10T17:52:50.798+0000] {logging_mixin.py:150} INFO - [2023-10-10T17:52:50.798+0000] {dagbag.py:541} INFO - Filling up the DagBag from /home/airflow/.local/lib/python3.7/site-packages/airflow/example_dags/example_sla_dag.py
[2023-10-10T17:52:50.811+0000] {processor.py:836} INFO - DAG(s) dict_keys(['example_sla_dag']) retrieved from /home/airflow/.local/lib/python3.7/site-packages/airflow/example_dags/example_sla_dag.py
[2023-10-10T17:52:50.843+0000] {logging_mixin.py:150} INFO - [2023-10-10T17:52:50.843+0000] {dag.py:2742} INFO - Sync 1 DAGs
[2023-10-10T17:52:50.886+0000] {logging_mixin.py:150} INFO - [2023-10-10T17:52:50.886+0000] {dag.py:3508} INFO - Setting next_dagrun for example_sla_dag to 2023-10-10T17:50:00+00:00, run_after=2023-10-10T17:52:00+00:00
[2023-10-10T17:52:50.914+0000] {processor.py:179} INFO - Processing /home/airflow/.local/lib/python3.7/site-packages/airflow/example_dags/example_sla_dag.py took 0.124 seconds
[2023-10-10T17:53:21.269+0000] {processor.py:157} INFO - Started process (PID=2872) to work on /home/airflow/.local/lib/python3.7/site-packages/airflow/example_dags/example_sla_dag.py
[2023-10-10T17:53:21.271+0000] {processor.py:826} INFO - Processing file /home/airflow/.local/lib/python3.7/site-packages/airflow/example_dags/example_sla_dag.py for tasks to queue
[2023-10-10T17:53:21.273+0000] {logging_mixin.py:150} INFO - [2023-10-10T17:53:21.273+0000] {dagbag.py:541} INFO - Filling up the DagBag from /home/airflow/.local/lib/python3.7/site-packages/airflow/example_dags/example_sla_dag.py
[2023-10-10T17:53:21.287+0000] {processor.py:836} INFO - DAG(s) dict_keys(['example_sla_dag']) retrieved from /home/airflow/.local/lib/python3.7/site-packages/airflow/example_dags/example_sla_dag.py
[2023-10-10T17:53:21.320+0000] {logging_mixin.py:150} INFO - [2023-10-10T17:53:21.320+0000] {dag.py:2742} INFO - Sync 1 DAGs
[2023-10-10T17:53:21.370+0000] {logging_mixin.py:150} INFO - [2023-10-10T17:53:21.370+0000] {dag.py:3508} INFO - Setting next_dagrun for example_sla_dag to 2023-10-10T17:50:00+00:00, run_after=2023-10-10T17:52:00+00:00
[2023-10-10T17:53:21.407+0000] {processor.py:179} INFO - Processing /home/airflow/.local/lib/python3.7/site-packages/airflow/example_dags/example_sla_dag.py took 0.144 seconds
[2023-10-10T17:53:52.029+0000] {processor.py:157} INFO - Started process (PID=2962) to work on /home/airflow/.local/lib/python3.7/site-packages/airflow/example_dags/example_sla_dag.py
[2023-10-10T17:53:52.032+0000] {processor.py:826} INFO - Processing file /home/airflow/.local/lib/python3.7/site-packages/airflow/example_dags/example_sla_dag.py for tasks to queue
[2023-10-10T17:53:52.037+0000] {logging_mixin.py:150} INFO - [2023-10-10T17:53:52.036+0000] {dagbag.py:541} INFO - Filling up the DagBag from /home/airflow/.local/lib/python3.7/site-packages/airflow/example_dags/example_sla_dag.py
[2023-10-10T17:53:52.068+0000] {processor.py:836} INFO - DAG(s) dict_keys(['example_sla_dag']) retrieved from /home/airflow/.local/lib/python3.7/site-packages/airflow/example_dags/example_sla_dag.py
[2023-10-10T17:53:52.153+0000] {logging_mixin.py:150} INFO - [2023-10-10T17:53:52.152+0000] {dag.py:2742} INFO - Sync 1 DAGs
[2023-10-10T17:53:52.220+0000] {logging_mixin.py:150} INFO - [2023-10-10T17:53:52.220+0000] {dag.py:3508} INFO - Setting next_dagrun for example_sla_dag to 2023-10-10T17:50:00+00:00, run_after=2023-10-10T17:52:00+00:00
[2023-10-10T17:53:52.265+0000] {processor.py:179} INFO - Processing /home/airflow/.local/lib/python3.7/site-packages/airflow/example_dags/example_sla_dag.py took 0.244 seconds
[2023-10-10T17:54:23.194+0000] {processor.py:157} INFO - Started process (PID=3043) to work on /home/airflow/.local/lib/python3.7/site-packages/airflow/example_dags/example_sla_dag.py
[2023-10-10T17:54:23.197+0000] {processor.py:826} INFO - Processing file /home/airflow/.local/lib/python3.7/site-packages/airflow/example_dags/example_sla_dag.py for tasks to queue
[2023-10-10T17:54:23.200+0000] {logging_mixin.py:150} INFO - [2023-10-10T17:54:23.200+0000] {dagbag.py:541} INFO - Filling up the DagBag from /home/airflow/.local/lib/python3.7/site-packages/airflow/example_dags/example_sla_dag.py
[2023-10-10T17:54:23.224+0000] {processor.py:836} INFO - DAG(s) dict_keys(['example_sla_dag']) retrieved from /home/airflow/.local/lib/python3.7/site-packages/airflow/example_dags/example_sla_dag.py
[2023-10-10T17:54:23.266+0000] {logging_mixin.py:150} INFO - [2023-10-10T17:54:23.266+0000] {dag.py:2742} INFO - Sync 1 DAGs
[2023-10-10T17:54:23.323+0000] {logging_mixin.py:150} INFO - [2023-10-10T17:54:23.323+0000] {dag.py:3508} INFO - Setting next_dagrun for example_sla_dag to 2023-10-10T17:52:00+00:00, run_after=2023-10-10T17:54:00+00:00
[2023-10-10T17:54:23.365+0000] {processor.py:179} INFO - Processing /home/airflow/.local/lib/python3.7/site-packages/airflow/example_dags/example_sla_dag.py took 0.182 seconds
[2023-10-10T17:54:54.237+0000] {processor.py:157} INFO - Started process (PID=3154) to work on /home/airflow/.local/lib/python3.7/site-packages/airflow/example_dags/example_sla_dag.py
[2023-10-10T17:54:54.243+0000] {processor.py:826} INFO - Processing file /home/airflow/.local/lib/python3.7/site-packages/airflow/example_dags/example_sla_dag.py for tasks to queue
[2023-10-10T17:54:54.245+0000] {logging_mixin.py:150} INFO - [2023-10-10T17:54:54.245+0000] {dagbag.py:541} INFO - Filling up the DagBag from /home/airflow/.local/lib/python3.7/site-packages/airflow/example_dags/example_sla_dag.py
[2023-10-10T17:54:54.270+0000] {processor.py:836} INFO - DAG(s) dict_keys(['example_sla_dag']) retrieved from /home/airflow/.local/lib/python3.7/site-packages/airflow/example_dags/example_sla_dag.py
[2023-10-10T17:54:54.342+0000] {logging_mixin.py:150} INFO - [2023-10-10T17:54:54.342+0000] {dag.py:2742} INFO - Sync 1 DAGs
[2023-10-10T17:54:54.407+0000] {logging_mixin.py:150} INFO - [2023-10-10T17:54:54.407+0000] {dag.py:3508} INFO - Setting next_dagrun for example_sla_dag to 2023-10-10T17:52:00+00:00, run_after=2023-10-10T17:54:00+00:00
[2023-10-10T17:54:54.437+0000] {processor.py:179} INFO - Processing /home/airflow/.local/lib/python3.7/site-packages/airflow/example_dags/example_sla_dag.py took 0.205 seconds
[2023-10-10T17:56:03.959+0000] {processor.py:157} INFO - Started process (PID=3227) to work on /home/airflow/.local/lib/python3.7/site-packages/airflow/example_dags/example_sla_dag.py
[2023-10-10T17:56:03.961+0000] {processor.py:826} INFO - Processing file /home/airflow/.local/lib/python3.7/site-packages/airflow/example_dags/example_sla_dag.py for tasks to queue
[2023-10-10T17:56:03.963+0000] {logging_mixin.py:150} INFO - [2023-10-10T17:56:03.963+0000] {dagbag.py:541} INFO - Filling up the DagBag from /home/airflow/.local/lib/python3.7/site-packages/airflow/example_dags/example_sla_dag.py
[2023-10-10T17:56:03.982+0000] {processor.py:836} INFO - DAG(s) dict_keys(['example_sla_dag']) retrieved from /home/airflow/.local/lib/python3.7/site-packages/airflow/example_dags/example_sla_dag.py
[2023-10-10T17:56:04.034+0000] {logging_mixin.py:150} INFO - [2023-10-10T17:56:04.033+0000] {dag.py:2742} INFO - Sync 1 DAGs
[2023-10-10T17:56:04.103+0000] {logging_mixin.py:150} INFO - [2023-10-10T17:56:04.102+0000] {dag.py:3508} INFO - Setting next_dagrun for example_sla_dag to 2023-10-10T17:54:00+00:00, run_after=2023-10-10T17:56:00+00:00
[2023-10-10T17:56:04.142+0000] {processor.py:179} INFO - Processing /home/airflow/.local/lib/python3.7/site-packages/airflow/example_dags/example_sla_dag.py took 0.189 seconds
[2023-10-10T17:56:35.116+0000] {processor.py:157} INFO - Started process (PID=3308) to work on /home/airflow/.local/lib/python3.7/site-packages/airflow/example_dags/example_sla_dag.py
[2023-10-10T17:56:35.121+0000] {processor.py:826} INFO - Processing file /home/airflow/.local/lib/python3.7/site-packages/airflow/example_dags/example_sla_dag.py for tasks to queue
[2023-10-10T17:56:35.125+0000] {logging_mixin.py:150} INFO - [2023-10-10T17:56:35.125+0000] {dagbag.py:541} INFO - Filling up the DagBag from /home/airflow/.local/lib/python3.7/site-packages/airflow/example_dags/example_sla_dag.py
[2023-10-10T17:56:35.158+0000] {processor.py:836} INFO - DAG(s) dict_keys(['example_sla_dag']) retrieved from /home/airflow/.local/lib/python3.7/site-packages/airflow/example_dags/example_sla_dag.py
[2023-10-10T17:56:35.244+0000] {logging_mixin.py:150} INFO - [2023-10-10T17:56:35.243+0000] {dag.py:2742} INFO - Sync 1 DAGs
[2023-10-10T17:56:35.409+0000] {logging_mixin.py:150} INFO - [2023-10-10T17:56:35.408+0000] {dag.py:3508} INFO - Setting next_dagrun for example_sla_dag to 2023-10-10T17:54:00+00:00, run_after=2023-10-10T17:56:00+00:00
[2023-10-10T17:56:35.486+0000] {processor.py:179} INFO - Processing /home/airflow/.local/lib/python3.7/site-packages/airflow/example_dags/example_sla_dag.py took 0.383 seconds
[2023-10-10T17:57:12.015+0000] {processor.py:157} INFO - Started process (PID=3389) to work on /home/airflow/.local/lib/python3.7/site-packages/airflow/example_dags/example_sla_dag.py
[2023-10-10T17:57:12.023+0000] {processor.py:826} INFO - Processing file /home/airflow/.local/lib/python3.7/site-packages/airflow/example_dags/example_sla_dag.py for tasks to queue
[2023-10-10T17:57:12.043+0000] {logging_mixin.py:150} INFO - [2023-10-10T17:57:12.042+0000] {dagbag.py:541} INFO - Filling up the DagBag from /home/airflow/.local/lib/python3.7/site-packages/airflow/example_dags/example_sla_dag.py
[2023-10-10T17:57:12.167+0000] {processor.py:836} INFO - DAG(s) dict_keys(['example_sla_dag']) retrieved from /home/airflow/.local/lib/python3.7/site-packages/airflow/example_dags/example_sla_dag.py
[2023-10-10T17:57:12.489+0000] {logging_mixin.py:150} INFO - [2023-10-10T17:57:12.488+0000] {dag.py:2742} INFO - Sync 1 DAGs
[2023-10-10T17:57:12.752+0000] {logging_mixin.py:150} INFO - [2023-10-10T17:57:12.751+0000] {dag.py:3508} INFO - Setting next_dagrun for example_sla_dag to 2023-10-10T17:54:00+00:00, run_after=2023-10-10T17:56:00+00:00
[2023-10-10T17:57:12.966+0000] {processor.py:179} INFO - Processing /home/airflow/.local/lib/python3.7/site-packages/airflow/example_dags/example_sla_dag.py took 0.992 seconds
[2023-10-10T17:58:18.982+0000] {processor.py:157} INFO - Started process (PID=3480) to work on /home/airflow/.local/lib/python3.7/site-packages/airflow/example_dags/example_sla_dag.py
[2023-10-10T17:58:18.995+0000] {processor.py:826} INFO - Processing file /home/airflow/.local/lib/python3.7/site-packages/airflow/example_dags/example_sla_dag.py for tasks to queue
[2023-10-10T17:58:19.033+0000] {logging_mixin.py:150} INFO - [2023-10-10T17:58:19.022+0000] {dagbag.py:541} INFO - Filling up the DagBag from /home/airflow/.local/lib/python3.7/site-packages/airflow/example_dags/example_sla_dag.py
[2023-10-10T17:58:19.246+0000] {processor.py:836} INFO - DAG(s) dict_keys(['example_sla_dag']) retrieved from /home/airflow/.local/lib/python3.7/site-packages/airflow/example_dags/example_sla_dag.py
[2023-10-10T17:58:19.646+0000] {logging_mixin.py:150} INFO - [2023-10-10T17:58:19.644+0000] {dag.py:2742} INFO - Sync 1 DAGs
[2023-10-10T17:58:20.332+0000] {logging_mixin.py:150} INFO - [2023-10-10T17:58:20.332+0000] {dag.py:3508} INFO - Setting next_dagrun for example_sla_dag to 2023-10-10T17:56:00+00:00, run_after=2023-10-10T17:58:00+00:00
[2023-10-10T17:58:21.235+0000] {processor.py:179} INFO - Processing /home/airflow/.local/lib/python3.7/site-packages/airflow/example_dags/example_sla_dag.py took 2.277 seconds
[2023-10-10T17:58:53.076+0000] {processor.py:157} INFO - Started process (PID=3582) to work on /home/airflow/.local/lib/python3.7/site-packages/airflow/example_dags/example_sla_dag.py
[2023-10-10T17:58:53.085+0000] {processor.py:826} INFO - Processing file /home/airflow/.local/lib/python3.7/site-packages/airflow/example_dags/example_sla_dag.py for tasks to queue
[2023-10-10T17:58:53.094+0000] {logging_mixin.py:150} INFO - [2023-10-10T17:58:53.092+0000] {dagbag.py:541} INFO - Filling up the DagBag from /home/airflow/.local/lib/python3.7/site-packages/airflow/example_dags/example_sla_dag.py
[2023-10-10T17:58:53.163+0000] {processor.py:836} INFO - DAG(s) dict_keys(['example_sla_dag']) retrieved from /home/airflow/.local/lib/python3.7/site-packages/airflow/example_dags/example_sla_dag.py
[2023-10-10T17:58:53.327+0000] {logging_mixin.py:150} INFO - [2023-10-10T17:58:53.326+0000] {dag.py:2742} INFO - Sync 1 DAGs
[2023-10-10T17:58:53.649+0000] {logging_mixin.py:150} INFO - [2023-10-10T17:58:53.649+0000] {dag.py:3508} INFO - Setting next_dagrun for example_sla_dag to 2023-10-10T17:56:00+00:00, run_after=2023-10-10T17:58:00+00:00
[2023-10-10T17:58:53.728+0000] {processor.py:179} INFO - Processing /home/airflow/.local/lib/python3.7/site-packages/airflow/example_dags/example_sla_dag.py took 0.684 seconds
[2023-10-10T17:59:39.006+0000] {processor.py:157} INFO - Started process (PID=3663) to work on /home/airflow/.local/lib/python3.7/site-packages/airflow/example_dags/example_sla_dag.py
[2023-10-10T17:59:39.013+0000] {processor.py:826} INFO - Processing file /home/airflow/.local/lib/python3.7/site-packages/airflow/example_dags/example_sla_dag.py for tasks to queue
[2023-10-10T17:59:39.023+0000] {logging_mixin.py:150} INFO - [2023-10-10T17:59:39.021+0000] {dagbag.py:541} INFO - Filling up the DagBag from /home/airflow/.local/lib/python3.7/site-packages/airflow/example_dags/example_sla_dag.py
[2023-10-10T17:59:39.085+0000] {processor.py:836} INFO - DAG(s) dict_keys(['example_sla_dag']) retrieved from /home/airflow/.local/lib/python3.7/site-packages/airflow/example_dags/example_sla_dag.py
[2023-10-10T17:59:39.223+0000] {logging_mixin.py:150} INFO - [2023-10-10T17:59:39.222+0000] {dag.py:2742} INFO - Sync 1 DAGs
[2023-10-10T17:59:39.387+0000] {logging_mixin.py:150} INFO - [2023-10-10T17:59:39.386+0000] {dag.py:3508} INFO - Setting next_dagrun for example_sla_dag to 2023-10-10T17:56:00+00:00, run_after=2023-10-10T17:58:00+00:00
[2023-10-10T17:59:39.489+0000] {processor.py:179} INFO - Processing /home/airflow/.local/lib/python3.7/site-packages/airflow/example_dags/example_sla_dag.py took 0.503 seconds
[2023-10-10T18:00:09.730+0000] {processor.py:157} INFO - Started process (PID=3744) to work on /home/airflow/.local/lib/python3.7/site-packages/airflow/example_dags/example_sla_dag.py
[2023-10-10T18:00:09.738+0000] {processor.py:826} INFO - Processing file /home/airflow/.local/lib/python3.7/site-packages/airflow/example_dags/example_sla_dag.py for tasks to queue
[2023-10-10T18:00:09.742+0000] {logging_mixin.py:150} INFO - [2023-10-10T18:00:09.742+0000] {dagbag.py:541} INFO - Filling up the DagBag from /home/airflow/.local/lib/python3.7/site-packages/airflow/example_dags/example_sla_dag.py
[2023-10-10T18:00:09.770+0000] {processor.py:836} INFO - DAG(s) dict_keys(['example_sla_dag']) retrieved from /home/airflow/.local/lib/python3.7/site-packages/airflow/example_dags/example_sla_dag.py
[2023-10-10T18:00:09.842+0000] {logging_mixin.py:150} INFO - [2023-10-10T18:00:09.842+0000] {dag.py:2742} INFO - Sync 1 DAGs
[2023-10-10T18:00:09.923+0000] {logging_mixin.py:150} INFO - [2023-10-10T18:00:09.922+0000] {dag.py:3508} INFO - Setting next_dagrun for example_sla_dag to 2023-10-10T17:58:00+00:00, run_after=2023-10-10T18:00:00+00:00
[2023-10-10T18:00:09.971+0000] {processor.py:179} INFO - Processing /home/airflow/.local/lib/python3.7/site-packages/airflow/example_dags/example_sla_dag.py took 0.252 seconds
[2023-10-10T18:00:40.843+0000] {processor.py:157} INFO - Started process (PID=3825) to work on /home/airflow/.local/lib/python3.7/site-packages/airflow/example_dags/example_sla_dag.py
[2023-10-10T18:00:40.846+0000] {processor.py:826} INFO - Processing file /home/airflow/.local/lib/python3.7/site-packages/airflow/example_dags/example_sla_dag.py for tasks to queue
[2023-10-10T18:00:40.849+0000] {logging_mixin.py:150} INFO - [2023-10-10T18:00:40.848+0000] {dagbag.py:541} INFO - Filling up the DagBag from /home/airflow/.local/lib/python3.7/site-packages/airflow/example_dags/example_sla_dag.py
[2023-10-10T18:00:40.868+0000] {processor.py:836} INFO - DAG(s) dict_keys(['example_sla_dag']) retrieved from /home/airflow/.local/lib/python3.7/site-packages/airflow/example_dags/example_sla_dag.py
[2023-10-10T18:00:40.925+0000] {logging_mixin.py:150} INFO - [2023-10-10T18:00:40.924+0000] {dag.py:2742} INFO - Sync 1 DAGs
[2023-10-10T18:00:40.983+0000] {logging_mixin.py:150} INFO - [2023-10-10T18:00:40.983+0000] {dag.py:3508} INFO - Setting next_dagrun for example_sla_dag to 2023-10-10T17:58:00+00:00, run_after=2023-10-10T18:00:00+00:00
[2023-10-10T18:00:41.020+0000] {processor.py:179} INFO - Processing /home/airflow/.local/lib/python3.7/site-packages/airflow/example_dags/example_sla_dag.py took 0.185 seconds
[2023-10-10T18:01:11.336+0000] {processor.py:157} INFO - Started process (PID=3913) to work on /home/airflow/.local/lib/python3.7/site-packages/airflow/example_dags/example_sla_dag.py
[2023-10-10T18:01:11.338+0000] {processor.py:826} INFO - Processing file /home/airflow/.local/lib/python3.7/site-packages/airflow/example_dags/example_sla_dag.py for tasks to queue
[2023-10-10T18:01:11.340+0000] {logging_mixin.py:150} INFO - [2023-10-10T18:01:11.340+0000] {dagbag.py:541} INFO - Filling up the DagBag from /home/airflow/.local/lib/python3.7/site-packages/airflow/example_dags/example_sla_dag.py
[2023-10-10T18:01:11.357+0000] {processor.py:836} INFO - DAG(s) dict_keys(['example_sla_dag']) retrieved from /home/airflow/.local/lib/python3.7/site-packages/airflow/example_dags/example_sla_dag.py
[2023-10-10T18:01:11.404+0000] {logging_mixin.py:150} INFO - [2023-10-10T18:01:11.404+0000] {dag.py:2742} INFO - Sync 1 DAGs
[2023-10-10T18:01:11.461+0000] {logging_mixin.py:150} INFO - [2023-10-10T18:01:11.461+0000] {dag.py:3508} INFO - Setting next_dagrun for example_sla_dag to 2023-10-10T17:58:00+00:00, run_after=2023-10-10T18:00:00+00:00
[2023-10-10T18:01:11.496+0000] {processor.py:179} INFO - Processing /home/airflow/.local/lib/python3.7/site-packages/airflow/example_dags/example_sla_dag.py took 0.167 seconds
[2023-10-10T18:01:41.708+0000] {processor.py:157} INFO - Started process (PID=3996) to work on /home/airflow/.local/lib/python3.7/site-packages/airflow/example_dags/example_sla_dag.py
[2023-10-10T18:01:41.712+0000] {processor.py:826} INFO - Processing file /home/airflow/.local/lib/python3.7/site-packages/airflow/example_dags/example_sla_dag.py for tasks to queue
[2023-10-10T18:01:41.716+0000] {logging_mixin.py:150} INFO - [2023-10-10T18:01:41.715+0000] {dagbag.py:541} INFO - Filling up the DagBag from /home/airflow/.local/lib/python3.7/site-packages/airflow/example_dags/example_sla_dag.py
[2023-10-10T18:01:41.736+0000] {processor.py:836} INFO - DAG(s) dict_keys(['example_sla_dag']) retrieved from /home/airflow/.local/lib/python3.7/site-packages/airflow/example_dags/example_sla_dag.py
[2023-10-10T18:01:41.784+0000] {logging_mixin.py:150} INFO - [2023-10-10T18:01:41.783+0000] {dag.py:2742} INFO - Sync 1 DAGs
[2023-10-10T18:01:41.844+0000] {logging_mixin.py:150} INFO - [2023-10-10T18:01:41.844+0000] {dag.py:3508} INFO - Setting next_dagrun for example_sla_dag to 2023-10-10T17:58:00+00:00, run_after=2023-10-10T18:00:00+00:00
[2023-10-10T18:01:41.883+0000] {processor.py:179} INFO - Processing /home/airflow/.local/lib/python3.7/site-packages/airflow/example_dags/example_sla_dag.py took 0.186 seconds
[2023-10-10T18:02:12.037+0000] {processor.py:157} INFO - Started process (PID=4077) to work on /home/airflow/.local/lib/python3.7/site-packages/airflow/example_dags/example_sla_dag.py
[2023-10-10T18:02:12.040+0000] {processor.py:826} INFO - Processing file /home/airflow/.local/lib/python3.7/site-packages/airflow/example_dags/example_sla_dag.py for tasks to queue
[2023-10-10T18:02:12.043+0000] {logging_mixin.py:150} INFO - [2023-10-10T18:02:12.043+0000] {dagbag.py:541} INFO - Filling up the DagBag from /home/airflow/.local/lib/python3.7/site-packages/airflow/example_dags/example_sla_dag.py
[2023-10-10T18:02:12.065+0000] {processor.py:836} INFO - DAG(s) dict_keys(['example_sla_dag']) retrieved from /home/airflow/.local/lib/python3.7/site-packages/airflow/example_dags/example_sla_dag.py
[2023-10-10T18:02:12.116+0000] {logging_mixin.py:150} INFO - [2023-10-10T18:02:12.116+0000] {dag.py:2742} INFO - Sync 1 DAGs
[2023-10-10T18:02:12.178+0000] {logging_mixin.py:150} INFO - [2023-10-10T18:02:12.178+0000] {dag.py:3508} INFO - Setting next_dagrun for example_sla_dag to 2023-10-10T18:00:00+00:00, run_after=2023-10-10T18:02:00+00:00
[2023-10-10T18:02:12.216+0000] {processor.py:179} INFO - Processing /home/airflow/.local/lib/python3.7/site-packages/airflow/example_dags/example_sla_dag.py took 0.186 seconds
[2023-10-10T18:02:42.355+0000] {processor.py:157} INFO - Started process (PID=4158) to work on /home/airflow/.local/lib/python3.7/site-packages/airflow/example_dags/example_sla_dag.py
[2023-10-10T18:02:42.358+0000] {processor.py:826} INFO - Processing file /home/airflow/.local/lib/python3.7/site-packages/airflow/example_dags/example_sla_dag.py for tasks to queue
[2023-10-10T18:02:42.361+0000] {logging_mixin.py:150} INFO - [2023-10-10T18:02:42.361+0000] {dagbag.py:541} INFO - Filling up the DagBag from /home/airflow/.local/lib/python3.7/site-packages/airflow/example_dags/example_sla_dag.py
[2023-10-10T18:02:42.382+0000] {processor.py:836} INFO - DAG(s) dict_keys(['example_sla_dag']) retrieved from /home/airflow/.local/lib/python3.7/site-packages/airflow/example_dags/example_sla_dag.py
[2023-10-10T18:02:42.437+0000] {logging_mixin.py:150} INFO - [2023-10-10T18:02:42.437+0000] {dag.py:2742} INFO - Sync 1 DAGs
[2023-10-10T18:02:42.501+0000] {logging_mixin.py:150} INFO - [2023-10-10T18:02:42.501+0000] {dag.py:3508} INFO - Setting next_dagrun for example_sla_dag to 2023-10-10T18:00:00+00:00, run_after=2023-10-10T18:02:00+00:00
[2023-10-10T18:02:42.552+0000] {processor.py:179} INFO - Processing /home/airflow/.local/lib/python3.7/site-packages/airflow/example_dags/example_sla_dag.py took 0.208 seconds
[2023-10-10T18:03:13.295+0000] {processor.py:157} INFO - Started process (PID=4246) to work on /home/airflow/.local/lib/python3.7/site-packages/airflow/example_dags/example_sla_dag.py
[2023-10-10T18:03:13.297+0000] {processor.py:826} INFO - Processing file /home/airflow/.local/lib/python3.7/site-packages/airflow/example_dags/example_sla_dag.py for tasks to queue
[2023-10-10T18:03:13.299+0000] {logging_mixin.py:150} INFO - [2023-10-10T18:03:13.298+0000] {dagbag.py:541} INFO - Filling up the DagBag from /home/airflow/.local/lib/python3.7/site-packages/airflow/example_dags/example_sla_dag.py
[2023-10-10T18:03:13.315+0000] {processor.py:836} INFO - DAG(s) dict_keys(['example_sla_dag']) retrieved from /home/airflow/.local/lib/python3.7/site-packages/airflow/example_dags/example_sla_dag.py
[2023-10-10T18:03:13.364+0000] {logging_mixin.py:150} INFO - [2023-10-10T18:03:13.364+0000] {dag.py:2742} INFO - Sync 1 DAGs
[2023-10-10T18:03:13.417+0000] {logging_mixin.py:150} INFO - [2023-10-10T18:03:13.417+0000] {dag.py:3508} INFO - Setting next_dagrun for example_sla_dag to 2023-10-10T18:00:00+00:00, run_after=2023-10-10T18:02:00+00:00
[2023-10-10T18:03:13.454+0000] {processor.py:179} INFO - Processing /home/airflow/.local/lib/python3.7/site-packages/airflow/example_dags/example_sla_dag.py took 0.166 seconds
