[2023-10-10T17:36:36.391+0000] {processor.py:157} INFO - Started process (PID=80) to work on /home/airflow/.local/lib/python3.7/site-packages/airflow/example_dags/example_params_ui_tutorial.py
[2023-10-10T17:36:36.401+0000] {processor.py:826} INFO - Processing file /home/airflow/.local/lib/python3.7/site-packages/airflow/example_dags/example_params_ui_tutorial.py for tasks to queue
[2023-10-10T17:36:36.403+0000] {logging_mixin.py:150} INFO - [2023-10-10T17:36:36.403+0000] {dagbag.py:541} INFO - Filling up the DagBag from /home/airflow/.local/lib/python3.7/site-packages/airflow/example_dags/example_params_ui_tutorial.py
[2023-10-10T17:36:36.484+0000] {processor.py:836} INFO - DAG(s) dict_keys(['example_params_ui_tutorial']) retrieved from /home/airflow/.local/lib/python3.7/site-packages/airflow/example_dags/example_params_ui_tutorial.py
[2023-10-10T17:36:36.568+0000] {logging_mixin.py:150} INFO - [2023-10-10T17:36:36.568+0000] {dag.py:2742} INFO - Sync 1 DAGs
[2023-10-10T17:36:36.658+0000] {logging_mixin.py:150} INFO - [2023-10-10T17:36:36.658+0000] {dag.py:3508} INFO - Setting next_dagrun for example_params_ui_tutorial to None, run_after=None
[2023-10-10T17:36:36.726+0000] {processor.py:179} INFO - Processing /home/airflow/.local/lib/python3.7/site-packages/airflow/example_dags/example_params_ui_tutorial.py took 0.342 seconds
[2023-10-10T17:37:07.517+0000] {processor.py:157} INFO - Started process (PID=167) to work on /home/airflow/.local/lib/python3.7/site-packages/airflow/example_dags/example_params_ui_tutorial.py
[2023-10-10T17:37:07.519+0000] {processor.py:826} INFO - Processing file /home/airflow/.local/lib/python3.7/site-packages/airflow/example_dags/example_params_ui_tutorial.py for tasks to queue
[2023-10-10T17:37:07.520+0000] {logging_mixin.py:150} INFO - [2023-10-10T17:37:07.520+0000] {dagbag.py:541} INFO - Filling up the DagBag from /home/airflow/.local/lib/python3.7/site-packages/airflow/example_dags/example_params_ui_tutorial.py
[2023-10-10T17:37:07.574+0000] {processor.py:836} INFO - DAG(s) dict_keys(['example_params_ui_tutorial']) retrieved from /home/airflow/.local/lib/python3.7/site-packages/airflow/example_dags/example_params_ui_tutorial.py
[2023-10-10T17:37:07.652+0000] {logging_mixin.py:150} INFO - [2023-10-10T17:37:07.652+0000] {dag.py:2742} INFO - Sync 1 DAGs
[2023-10-10T17:37:07.681+0000] {logging_mixin.py:150} INFO - [2023-10-10T17:37:07.681+0000] {dag.py:3508} INFO - Setting next_dagrun for example_params_ui_tutorial to None, run_after=None
[2023-10-10T17:37:07.703+0000] {processor.py:179} INFO - Processing /home/airflow/.local/lib/python3.7/site-packages/airflow/example_dags/example_params_ui_tutorial.py took 0.192 seconds
[2023-10-10T17:37:37.790+0000] {processor.py:157} INFO - Started process (PID=247) to work on /home/airflow/.local/lib/python3.7/site-packages/airflow/example_dags/example_params_ui_tutorial.py
[2023-10-10T17:37:37.792+0000] {processor.py:826} INFO - Processing file /home/airflow/.local/lib/python3.7/site-packages/airflow/example_dags/example_params_ui_tutorial.py for tasks to queue
[2023-10-10T17:37:37.795+0000] {logging_mixin.py:150} INFO - [2023-10-10T17:37:37.794+0000] {dagbag.py:541} INFO - Filling up the DagBag from /home/airflow/.local/lib/python3.7/site-packages/airflow/example_dags/example_params_ui_tutorial.py
[2023-10-10T17:37:37.873+0000] {processor.py:836} INFO - DAG(s) dict_keys(['example_params_ui_tutorial']) retrieved from /home/airflow/.local/lib/python3.7/site-packages/airflow/example_dags/example_params_ui_tutorial.py
[2023-10-10T17:37:37.984+0000] {logging_mixin.py:150} INFO - [2023-10-10T17:37:37.984+0000] {dag.py:2742} INFO - Sync 1 DAGs
[2023-10-10T17:37:38.021+0000] {logging_mixin.py:150} INFO - [2023-10-10T17:37:38.021+0000] {dag.py:3508} INFO - Setting next_dagrun for example_params_ui_tutorial to None, run_after=None
[2023-10-10T17:37:38.047+0000] {processor.py:179} INFO - Processing /home/airflow/.local/lib/python3.7/site-packages/airflow/example_dags/example_params_ui_tutorial.py took 0.264 seconds
[2023-10-10T17:38:08.315+0000] {processor.py:157} INFO - Started process (PID=336) to work on /home/airflow/.local/lib/python3.7/site-packages/airflow/example_dags/example_params_ui_tutorial.py
[2023-10-10T17:38:08.318+0000] {processor.py:826} INFO - Processing file /home/airflow/.local/lib/python3.7/site-packages/airflow/example_dags/example_params_ui_tutorial.py for tasks to queue
[2023-10-10T17:38:08.320+0000] {logging_mixin.py:150} INFO - [2023-10-10T17:38:08.320+0000] {dagbag.py:541} INFO - Filling up the DagBag from /home/airflow/.local/lib/python3.7/site-packages/airflow/example_dags/example_params_ui_tutorial.py
[2023-10-10T17:38:08.374+0000] {processor.py:836} INFO - DAG(s) dict_keys(['example_params_ui_tutorial']) retrieved from /home/airflow/.local/lib/python3.7/site-packages/airflow/example_dags/example_params_ui_tutorial.py
[2023-10-10T17:38:08.458+0000] {logging_mixin.py:150} INFO - [2023-10-10T17:38:08.458+0000] {dag.py:2742} INFO - Sync 1 DAGs
[2023-10-10T17:38:08.497+0000] {logging_mixin.py:150} INFO - [2023-10-10T17:38:08.496+0000] {dag.py:3508} INFO - Setting next_dagrun for example_params_ui_tutorial to None, run_after=None
[2023-10-10T17:38:08.528+0000] {processor.py:179} INFO - Processing /home/airflow/.local/lib/python3.7/site-packages/airflow/example_dags/example_params_ui_tutorial.py took 0.219 seconds
[2023-10-10T17:38:39.075+0000] {processor.py:157} INFO - Started process (PID=430) to work on /home/airflow/.local/lib/python3.7/site-packages/airflow/example_dags/example_params_ui_tutorial.py
[2023-10-10T17:38:39.077+0000] {processor.py:826} INFO - Processing file /home/airflow/.local/lib/python3.7/site-packages/airflow/example_dags/example_params_ui_tutorial.py for tasks to queue
[2023-10-10T17:38:39.078+0000] {logging_mixin.py:150} INFO - [2023-10-10T17:38:39.078+0000] {dagbag.py:541} INFO - Filling up the DagBag from /home/airflow/.local/lib/python3.7/site-packages/airflow/example_dags/example_params_ui_tutorial.py
[2023-10-10T17:38:39.130+0000] {processor.py:836} INFO - DAG(s) dict_keys(['example_params_ui_tutorial']) retrieved from /home/airflow/.local/lib/python3.7/site-packages/airflow/example_dags/example_params_ui_tutorial.py
[2023-10-10T17:38:39.208+0000] {logging_mixin.py:150} INFO - [2023-10-10T17:38:39.208+0000] {dag.py:2742} INFO - Sync 1 DAGs
[2023-10-10T17:38:39.244+0000] {logging_mixin.py:150} INFO - [2023-10-10T17:38:39.244+0000] {dag.py:3508} INFO - Setting next_dagrun for example_params_ui_tutorial to None, run_after=None
[2023-10-10T17:38:39.273+0000] {processor.py:179} INFO - Processing /home/airflow/.local/lib/python3.7/site-packages/airflow/example_dags/example_params_ui_tutorial.py took 0.203 seconds
[2023-10-10T17:39:09.463+0000] {processor.py:157} INFO - Started process (PID=519) to work on /home/airflow/.local/lib/python3.7/site-packages/airflow/example_dags/example_params_ui_tutorial.py
[2023-10-10T17:39:09.465+0000] {processor.py:826} INFO - Processing file /home/airflow/.local/lib/python3.7/site-packages/airflow/example_dags/example_params_ui_tutorial.py for tasks to queue
[2023-10-10T17:39:09.467+0000] {logging_mixin.py:150} INFO - [2023-10-10T17:39:09.466+0000] {dagbag.py:541} INFO - Filling up the DagBag from /home/airflow/.local/lib/python3.7/site-packages/airflow/example_dags/example_params_ui_tutorial.py
[2023-10-10T17:39:09.524+0000] {processor.py:836} INFO - DAG(s) dict_keys(['example_params_ui_tutorial']) retrieved from /home/airflow/.local/lib/python3.7/site-packages/airflow/example_dags/example_params_ui_tutorial.py
[2023-10-10T17:39:09.594+0000] {logging_mixin.py:150} INFO - [2023-10-10T17:39:09.594+0000] {dag.py:2742} INFO - Sync 1 DAGs
[2023-10-10T17:39:09.622+0000] {logging_mixin.py:150} INFO - [2023-10-10T17:39:09.622+0000] {dag.py:3508} INFO - Setting next_dagrun for example_params_ui_tutorial to None, run_after=None
[2023-10-10T17:39:09.644+0000] {processor.py:179} INFO - Processing /home/airflow/.local/lib/python3.7/site-packages/airflow/example_dags/example_params_ui_tutorial.py took 0.186 seconds
[2023-10-10T17:39:40.028+0000] {processor.py:157} INFO - Started process (PID=599) to work on /home/airflow/.local/lib/python3.7/site-packages/airflow/example_dags/example_params_ui_tutorial.py
[2023-10-10T17:39:40.031+0000] {processor.py:826} INFO - Processing file /home/airflow/.local/lib/python3.7/site-packages/airflow/example_dags/example_params_ui_tutorial.py for tasks to queue
[2023-10-10T17:39:40.033+0000] {logging_mixin.py:150} INFO - [2023-10-10T17:39:40.033+0000] {dagbag.py:541} INFO - Filling up the DagBag from /home/airflow/.local/lib/python3.7/site-packages/airflow/example_dags/example_params_ui_tutorial.py
[2023-10-10T17:39:40.085+0000] {processor.py:836} INFO - DAG(s) dict_keys(['example_params_ui_tutorial']) retrieved from /home/airflow/.local/lib/python3.7/site-packages/airflow/example_dags/example_params_ui_tutorial.py
[2023-10-10T17:39:40.160+0000] {logging_mixin.py:150} INFO - [2023-10-10T17:39:40.160+0000] {dag.py:2742} INFO - Sync 1 DAGs
[2023-10-10T17:39:40.197+0000] {logging_mixin.py:150} INFO - [2023-10-10T17:39:40.197+0000] {dag.py:3508} INFO - Setting next_dagrun for example_params_ui_tutorial to None, run_after=None
[2023-10-10T17:39:40.232+0000] {processor.py:179} INFO - Processing /home/airflow/.local/lib/python3.7/site-packages/airflow/example_dags/example_params_ui_tutorial.py took 0.209 seconds
[2023-10-10T17:40:10.405+0000] {processor.py:157} INFO - Started process (PID=688) to work on /home/airflow/.local/lib/python3.7/site-packages/airflow/example_dags/example_params_ui_tutorial.py
[2023-10-10T17:40:10.407+0000] {processor.py:826} INFO - Processing file /home/airflow/.local/lib/python3.7/site-packages/airflow/example_dags/example_params_ui_tutorial.py for tasks to queue
[2023-10-10T17:40:10.409+0000] {logging_mixin.py:150} INFO - [2023-10-10T17:40:10.409+0000] {dagbag.py:541} INFO - Filling up the DagBag from /home/airflow/.local/lib/python3.7/site-packages/airflow/example_dags/example_params_ui_tutorial.py
[2023-10-10T17:40:10.464+0000] {processor.py:836} INFO - DAG(s) dict_keys(['example_params_ui_tutorial']) retrieved from /home/airflow/.local/lib/python3.7/site-packages/airflow/example_dags/example_params_ui_tutorial.py
[2023-10-10T17:40:10.539+0000] {logging_mixin.py:150} INFO - [2023-10-10T17:40:10.539+0000] {dag.py:2742} INFO - Sync 1 DAGs
[2023-10-10T17:40:10.574+0000] {logging_mixin.py:150} INFO - [2023-10-10T17:40:10.574+0000] {dag.py:3508} INFO - Setting next_dagrun for example_params_ui_tutorial to None, run_after=None
[2023-10-10T17:40:10.603+0000] {processor.py:179} INFO - Processing /home/airflow/.local/lib/python3.7/site-packages/airflow/example_dags/example_params_ui_tutorial.py took 0.204 seconds
[2023-10-10T17:40:40.696+0000] {processor.py:157} INFO - Started process (PID=768) to work on /home/airflow/.local/lib/python3.7/site-packages/airflow/example_dags/example_params_ui_tutorial.py
[2023-10-10T17:40:40.698+0000] {processor.py:826} INFO - Processing file /home/airflow/.local/lib/python3.7/site-packages/airflow/example_dags/example_params_ui_tutorial.py for tasks to queue
[2023-10-10T17:40:40.700+0000] {logging_mixin.py:150} INFO - [2023-10-10T17:40:40.699+0000] {dagbag.py:541} INFO - Filling up the DagBag from /home/airflow/.local/lib/python3.7/site-packages/airflow/example_dags/example_params_ui_tutorial.py
[2023-10-10T17:40:40.754+0000] {processor.py:836} INFO - DAG(s) dict_keys(['example_params_ui_tutorial']) retrieved from /home/airflow/.local/lib/python3.7/site-packages/airflow/example_dags/example_params_ui_tutorial.py
[2023-10-10T17:40:40.828+0000] {logging_mixin.py:150} INFO - [2023-10-10T17:40:40.828+0000] {dag.py:2742} INFO - Sync 1 DAGs
[2023-10-10T17:40:40.860+0000] {logging_mixin.py:150} INFO - [2023-10-10T17:40:40.860+0000] {dag.py:3508} INFO - Setting next_dagrun for example_params_ui_tutorial to None, run_after=None
[2023-10-10T17:40:40.887+0000] {processor.py:179} INFO - Processing /home/airflow/.local/lib/python3.7/site-packages/airflow/example_dags/example_params_ui_tutorial.py took 0.197 seconds
[2023-10-10T17:41:10.943+0000] {processor.py:157} INFO - Started process (PID=851) to work on /home/airflow/.local/lib/python3.7/site-packages/airflow/example_dags/example_params_ui_tutorial.py
[2023-10-10T17:41:10.945+0000] {processor.py:826} INFO - Processing file /home/airflow/.local/lib/python3.7/site-packages/airflow/example_dags/example_params_ui_tutorial.py for tasks to queue
[2023-10-10T17:41:10.947+0000] {logging_mixin.py:150} INFO - [2023-10-10T17:41:10.947+0000] {dagbag.py:541} INFO - Filling up the DagBag from /home/airflow/.local/lib/python3.7/site-packages/airflow/example_dags/example_params_ui_tutorial.py
[2023-10-10T17:41:10.997+0000] {processor.py:836} INFO - DAG(s) dict_keys(['example_params_ui_tutorial']) retrieved from /home/airflow/.local/lib/python3.7/site-packages/airflow/example_dags/example_params_ui_tutorial.py
[2023-10-10T17:41:11.081+0000] {logging_mixin.py:150} INFO - [2023-10-10T17:41:11.081+0000] {dag.py:2742} INFO - Sync 1 DAGs
[2023-10-10T17:41:11.113+0000] {logging_mixin.py:150} INFO - [2023-10-10T17:41:11.113+0000] {dag.py:3508} INFO - Setting next_dagrun for example_params_ui_tutorial to None, run_after=None
[2023-10-10T17:41:11.140+0000] {processor.py:179} INFO - Processing /home/airflow/.local/lib/python3.7/site-packages/airflow/example_dags/example_params_ui_tutorial.py took 0.202 seconds
[2023-10-10T17:41:41.732+0000] {processor.py:157} INFO - Started process (PID=932) to work on /home/airflow/.local/lib/python3.7/site-packages/airflow/example_dags/example_params_ui_tutorial.py
[2023-10-10T17:41:41.735+0000] {processor.py:826} INFO - Processing file /home/airflow/.local/lib/python3.7/site-packages/airflow/example_dags/example_params_ui_tutorial.py for tasks to queue
[2023-10-10T17:41:41.737+0000] {logging_mixin.py:150} INFO - [2023-10-10T17:41:41.737+0000] {dagbag.py:541} INFO - Filling up the DagBag from /home/airflow/.local/lib/python3.7/site-packages/airflow/example_dags/example_params_ui_tutorial.py
[2023-10-10T17:41:41.824+0000] {processor.py:836} INFO - DAG(s) dict_keys(['example_params_ui_tutorial']) retrieved from /home/airflow/.local/lib/python3.7/site-packages/airflow/example_dags/example_params_ui_tutorial.py
[2023-10-10T17:41:41.927+0000] {logging_mixin.py:150} INFO - [2023-10-10T17:41:41.927+0000] {dag.py:2742} INFO - Sync 1 DAGs
[2023-10-10T17:41:41.972+0000] {logging_mixin.py:150} INFO - [2023-10-10T17:41:41.972+0000] {dag.py:3508} INFO - Setting next_dagrun for example_params_ui_tutorial to None, run_after=None
[2023-10-10T17:41:42.014+0000] {processor.py:179} INFO - Processing /home/airflow/.local/lib/python3.7/site-packages/airflow/example_dags/example_params_ui_tutorial.py took 0.289 seconds
[2023-10-10T17:42:12.134+0000] {processor.py:157} INFO - Started process (PID=1020) to work on /home/airflow/.local/lib/python3.7/site-packages/airflow/example_dags/example_params_ui_tutorial.py
[2023-10-10T17:42:12.136+0000] {processor.py:826} INFO - Processing file /home/airflow/.local/lib/python3.7/site-packages/airflow/example_dags/example_params_ui_tutorial.py for tasks to queue
[2023-10-10T17:42:12.138+0000] {logging_mixin.py:150} INFO - [2023-10-10T17:42:12.138+0000] {dagbag.py:541} INFO - Filling up the DagBag from /home/airflow/.local/lib/python3.7/site-packages/airflow/example_dags/example_params_ui_tutorial.py
[2023-10-10T17:42:12.201+0000] {processor.py:836} INFO - DAG(s) dict_keys(['example_params_ui_tutorial']) retrieved from /home/airflow/.local/lib/python3.7/site-packages/airflow/example_dags/example_params_ui_tutorial.py
[2023-10-10T17:42:12.321+0000] {logging_mixin.py:150} INFO - [2023-10-10T17:42:12.321+0000] {dag.py:2742} INFO - Sync 1 DAGs
[2023-10-10T17:42:12.377+0000] {logging_mixin.py:150} INFO - [2023-10-10T17:42:12.377+0000] {dag.py:3508} INFO - Setting next_dagrun for example_params_ui_tutorial to None, run_after=None
[2023-10-10T17:42:12.413+0000] {processor.py:179} INFO - Processing /home/airflow/.local/lib/python3.7/site-packages/airflow/example_dags/example_params_ui_tutorial.py took 0.285 seconds
[2023-10-10T17:42:43.379+0000] {processor.py:157} INFO - Started process (PID=1101) to work on /home/airflow/.local/lib/python3.7/site-packages/airflow/example_dags/example_params_ui_tutorial.py
[2023-10-10T17:42:43.382+0000] {processor.py:826} INFO - Processing file /home/airflow/.local/lib/python3.7/site-packages/airflow/example_dags/example_params_ui_tutorial.py for tasks to queue
[2023-10-10T17:42:43.385+0000] {logging_mixin.py:150} INFO - [2023-10-10T17:42:43.384+0000] {dagbag.py:541} INFO - Filling up the DagBag from /home/airflow/.local/lib/python3.7/site-packages/airflow/example_dags/example_params_ui_tutorial.py
[2023-10-10T17:42:43.441+0000] {processor.py:836} INFO - DAG(s) dict_keys(['example_params_ui_tutorial']) retrieved from /home/airflow/.local/lib/python3.7/site-packages/airflow/example_dags/example_params_ui_tutorial.py
[2023-10-10T17:42:43.515+0000] {logging_mixin.py:150} INFO - [2023-10-10T17:42:43.514+0000] {dag.py:2742} INFO - Sync 1 DAGs
[2023-10-10T17:42:43.546+0000] {logging_mixin.py:150} INFO - [2023-10-10T17:42:43.545+0000] {dag.py:3508} INFO - Setting next_dagrun for example_params_ui_tutorial to None, run_after=None
[2023-10-10T17:42:43.569+0000] {processor.py:179} INFO - Processing /home/airflow/.local/lib/python3.7/site-packages/airflow/example_dags/example_params_ui_tutorial.py took 0.195 seconds
[2023-10-10T17:43:13.624+0000] {processor.py:157} INFO - Started process (PID=1181) to work on /home/airflow/.local/lib/python3.7/site-packages/airflow/example_dags/example_params_ui_tutorial.py
[2023-10-10T17:43:13.626+0000] {processor.py:826} INFO - Processing file /home/airflow/.local/lib/python3.7/site-packages/airflow/example_dags/example_params_ui_tutorial.py for tasks to queue
[2023-10-10T17:43:13.628+0000] {logging_mixin.py:150} INFO - [2023-10-10T17:43:13.627+0000] {dagbag.py:541} INFO - Filling up the DagBag from /home/airflow/.local/lib/python3.7/site-packages/airflow/example_dags/example_params_ui_tutorial.py
[2023-10-10T17:43:13.701+0000] {processor.py:836} INFO - DAG(s) dict_keys(['example_params_ui_tutorial']) retrieved from /home/airflow/.local/lib/python3.7/site-packages/airflow/example_dags/example_params_ui_tutorial.py
[2023-10-10T17:43:13.784+0000] {logging_mixin.py:150} INFO - [2023-10-10T17:43:13.784+0000] {dag.py:2742} INFO - Sync 1 DAGs
[2023-10-10T17:43:13.825+0000] {logging_mixin.py:150} INFO - [2023-10-10T17:43:13.824+0000] {dag.py:3508} INFO - Setting next_dagrun for example_params_ui_tutorial to None, run_after=None
[2023-10-10T17:43:13.864+0000] {processor.py:179} INFO - Processing /home/airflow/.local/lib/python3.7/site-packages/airflow/example_dags/example_params_ui_tutorial.py took 0.247 seconds
[2023-10-10T17:43:43.946+0000] {processor.py:157} INFO - Started process (PID=1271) to work on /home/airflow/.local/lib/python3.7/site-packages/airflow/example_dags/example_params_ui_tutorial.py
[2023-10-10T17:43:43.948+0000] {processor.py:826} INFO - Processing file /home/airflow/.local/lib/python3.7/site-packages/airflow/example_dags/example_params_ui_tutorial.py for tasks to queue
[2023-10-10T17:43:43.950+0000] {logging_mixin.py:150} INFO - [2023-10-10T17:43:43.950+0000] {dagbag.py:541} INFO - Filling up the DagBag from /home/airflow/.local/lib/python3.7/site-packages/airflow/example_dags/example_params_ui_tutorial.py
[2023-10-10T17:43:44.004+0000] {processor.py:836} INFO - DAG(s) dict_keys(['example_params_ui_tutorial']) retrieved from /home/airflow/.local/lib/python3.7/site-packages/airflow/example_dags/example_params_ui_tutorial.py
[2023-10-10T17:43:44.077+0000] {logging_mixin.py:150} INFO - [2023-10-10T17:43:44.077+0000] {dag.py:2742} INFO - Sync 1 DAGs
[2023-10-10T17:43:44.108+0000] {logging_mixin.py:150} INFO - [2023-10-10T17:43:44.107+0000] {dag.py:3508} INFO - Setting next_dagrun for example_params_ui_tutorial to None, run_after=None
[2023-10-10T17:43:44.135+0000] {processor.py:179} INFO - Processing /home/airflow/.local/lib/python3.7/site-packages/airflow/example_dags/example_params_ui_tutorial.py took 0.194 seconds
[2023-10-10T17:44:14.316+0000] {processor.py:157} INFO - Started process (PID=1350) to work on /home/airflow/.local/lib/python3.7/site-packages/airflow/example_dags/example_params_ui_tutorial.py
[2023-10-10T17:44:14.322+0000] {processor.py:826} INFO - Processing file /home/airflow/.local/lib/python3.7/site-packages/airflow/example_dags/example_params_ui_tutorial.py for tasks to queue
[2023-10-10T17:44:14.324+0000] {logging_mixin.py:150} INFO - [2023-10-10T17:44:14.324+0000] {dagbag.py:541} INFO - Filling up the DagBag from /home/airflow/.local/lib/python3.7/site-packages/airflow/example_dags/example_params_ui_tutorial.py
[2023-10-10T17:44:14.374+0000] {processor.py:836} INFO - DAG(s) dict_keys(['example_params_ui_tutorial']) retrieved from /home/airflow/.local/lib/python3.7/site-packages/airflow/example_dags/example_params_ui_tutorial.py
[2023-10-10T17:44:14.456+0000] {logging_mixin.py:150} INFO - [2023-10-10T17:44:14.456+0000] {dag.py:2742} INFO - Sync 1 DAGs
[2023-10-10T17:44:14.496+0000] {logging_mixin.py:150} INFO - [2023-10-10T17:44:14.495+0000] {dag.py:3508} INFO - Setting next_dagrun for example_params_ui_tutorial to None, run_after=None
[2023-10-10T17:44:14.532+0000] {processor.py:179} INFO - Processing /home/airflow/.local/lib/python3.7/site-packages/airflow/example_dags/example_params_ui_tutorial.py took 0.220 seconds
[2023-10-10T17:44:44.702+0000] {processor.py:157} INFO - Started process (PID=1439) to work on /home/airflow/.local/lib/python3.7/site-packages/airflow/example_dags/example_params_ui_tutorial.py
[2023-10-10T17:44:44.722+0000] {processor.py:826} INFO - Processing file /home/airflow/.local/lib/python3.7/site-packages/airflow/example_dags/example_params_ui_tutorial.py for tasks to queue
[2023-10-10T17:44:44.724+0000] {logging_mixin.py:150} INFO - [2023-10-10T17:44:44.723+0000] {dagbag.py:541} INFO - Filling up the DagBag from /home/airflow/.local/lib/python3.7/site-packages/airflow/example_dags/example_params_ui_tutorial.py
[2023-10-10T17:44:44.787+0000] {processor.py:836} INFO - DAG(s) dict_keys(['example_params_ui_tutorial']) retrieved from /home/airflow/.local/lib/python3.7/site-packages/airflow/example_dags/example_params_ui_tutorial.py
[2023-10-10T17:44:44.876+0000] {logging_mixin.py:150} INFO - [2023-10-10T17:44:44.876+0000] {dag.py:2742} INFO - Sync 1 DAGs
[2023-10-10T17:44:44.913+0000] {logging_mixin.py:150} INFO - [2023-10-10T17:44:44.913+0000] {dag.py:3508} INFO - Setting next_dagrun for example_params_ui_tutorial to None, run_after=None
[2023-10-10T17:44:44.966+0000] {processor.py:179} INFO - Processing /home/airflow/.local/lib/python3.7/site-packages/airflow/example_dags/example_params_ui_tutorial.py took 0.272 seconds
[2023-10-10T17:45:15.687+0000] {processor.py:157} INFO - Started process (PID=1519) to work on /home/airflow/.local/lib/python3.7/site-packages/airflow/example_dags/example_params_ui_tutorial.py
[2023-10-10T17:45:15.690+0000] {processor.py:826} INFO - Processing file /home/airflow/.local/lib/python3.7/site-packages/airflow/example_dags/example_params_ui_tutorial.py for tasks to queue
[2023-10-10T17:45:15.691+0000] {logging_mixin.py:150} INFO - [2023-10-10T17:45:15.691+0000] {dagbag.py:541} INFO - Filling up the DagBag from /home/airflow/.local/lib/python3.7/site-packages/airflow/example_dags/example_params_ui_tutorial.py
[2023-10-10T17:45:15.737+0000] {processor.py:836} INFO - DAG(s) dict_keys(['example_params_ui_tutorial']) retrieved from /home/airflow/.local/lib/python3.7/site-packages/airflow/example_dags/example_params_ui_tutorial.py
[2023-10-10T17:45:15.818+0000] {logging_mixin.py:150} INFO - [2023-10-10T17:45:15.818+0000] {dag.py:2742} INFO - Sync 1 DAGs
[2023-10-10T17:45:15.853+0000] {logging_mixin.py:150} INFO - [2023-10-10T17:45:15.853+0000] {dag.py:3508} INFO - Setting next_dagrun for example_params_ui_tutorial to None, run_after=None
[2023-10-10T17:45:15.881+0000] {processor.py:179} INFO - Processing /home/airflow/.local/lib/python3.7/site-packages/airflow/example_dags/example_params_ui_tutorial.py took 0.198 seconds
[2023-10-10T17:45:46.175+0000] {processor.py:157} INFO - Started process (PID=1608) to work on /home/airflow/.local/lib/python3.7/site-packages/airflow/example_dags/example_params_ui_tutorial.py
[2023-10-10T17:45:46.177+0000] {processor.py:826} INFO - Processing file /home/airflow/.local/lib/python3.7/site-packages/airflow/example_dags/example_params_ui_tutorial.py for tasks to queue
[2023-10-10T17:45:46.181+0000] {logging_mixin.py:150} INFO - [2023-10-10T17:45:46.180+0000] {dagbag.py:541} INFO - Filling up the DagBag from /home/airflow/.local/lib/python3.7/site-packages/airflow/example_dags/example_params_ui_tutorial.py
[2023-10-10T17:45:46.243+0000] {processor.py:836} INFO - DAG(s) dict_keys(['example_params_ui_tutorial']) retrieved from /home/airflow/.local/lib/python3.7/site-packages/airflow/example_dags/example_params_ui_tutorial.py
[2023-10-10T17:45:46.327+0000] {logging_mixin.py:150} INFO - [2023-10-10T17:45:46.327+0000] {dag.py:2742} INFO - Sync 1 DAGs
[2023-10-10T17:45:46.367+0000] {logging_mixin.py:150} INFO - [2023-10-10T17:45:46.367+0000] {dag.py:3508} INFO - Setting next_dagrun for example_params_ui_tutorial to None, run_after=None
[2023-10-10T17:45:46.404+0000] {processor.py:179} INFO - Processing /home/airflow/.local/lib/python3.7/site-packages/airflow/example_dags/example_params_ui_tutorial.py took 0.236 seconds
[2023-10-10T17:46:16.527+0000] {processor.py:157} INFO - Started process (PID=1688) to work on /home/airflow/.local/lib/python3.7/site-packages/airflow/example_dags/example_params_ui_tutorial.py
[2023-10-10T17:46:16.530+0000] {processor.py:826} INFO - Processing file /home/airflow/.local/lib/python3.7/site-packages/airflow/example_dags/example_params_ui_tutorial.py for tasks to queue
[2023-10-10T17:46:16.531+0000] {logging_mixin.py:150} INFO - [2023-10-10T17:46:16.531+0000] {dagbag.py:541} INFO - Filling up the DagBag from /home/airflow/.local/lib/python3.7/site-packages/airflow/example_dags/example_params_ui_tutorial.py
[2023-10-10T17:46:16.586+0000] {processor.py:836} INFO - DAG(s) dict_keys(['example_params_ui_tutorial']) retrieved from /home/airflow/.local/lib/python3.7/site-packages/airflow/example_dags/example_params_ui_tutorial.py
[2023-10-10T17:46:16.665+0000] {logging_mixin.py:150} INFO - [2023-10-10T17:46:16.665+0000] {dag.py:2742} INFO - Sync 1 DAGs
[2023-10-10T17:46:16.703+0000] {logging_mixin.py:150} INFO - [2023-10-10T17:46:16.702+0000] {dag.py:3508} INFO - Setting next_dagrun for example_params_ui_tutorial to None, run_after=None
[2023-10-10T17:46:16.731+0000] {processor.py:179} INFO - Processing /home/airflow/.local/lib/python3.7/site-packages/airflow/example_dags/example_params_ui_tutorial.py took 0.210 seconds
[2023-10-10T17:46:46.949+0000] {processor.py:157} INFO - Started process (PID=1777) to work on /home/airflow/.local/lib/python3.7/site-packages/airflow/example_dags/example_params_ui_tutorial.py
[2023-10-10T17:46:46.962+0000] {processor.py:826} INFO - Processing file /home/airflow/.local/lib/python3.7/site-packages/airflow/example_dags/example_params_ui_tutorial.py for tasks to queue
[2023-10-10T17:46:46.986+0000] {logging_mixin.py:150} INFO - [2023-10-10T17:46:46.985+0000] {dagbag.py:541} INFO - Filling up the DagBag from /home/airflow/.local/lib/python3.7/site-packages/airflow/example_dags/example_params_ui_tutorial.py
[2023-10-10T17:46:47.058+0000] {processor.py:836} INFO - DAG(s) dict_keys(['example_params_ui_tutorial']) retrieved from /home/airflow/.local/lib/python3.7/site-packages/airflow/example_dags/example_params_ui_tutorial.py
[2023-10-10T17:46:47.143+0000] {logging_mixin.py:150} INFO - [2023-10-10T17:46:47.143+0000] {dag.py:2742} INFO - Sync 1 DAGs
[2023-10-10T17:46:47.180+0000] {logging_mixin.py:150} INFO - [2023-10-10T17:46:47.179+0000] {dag.py:3508} INFO - Setting next_dagrun for example_params_ui_tutorial to None, run_after=None
[2023-10-10T17:46:47.207+0000] {processor.py:179} INFO - Processing /home/airflow/.local/lib/python3.7/site-packages/airflow/example_dags/example_params_ui_tutorial.py took 0.264 seconds
[2023-10-10T17:47:17.256+0000] {processor.py:157} INFO - Started process (PID=1857) to work on /home/airflow/.local/lib/python3.7/site-packages/airflow/example_dags/example_params_ui_tutorial.py
[2023-10-10T17:47:17.258+0000] {processor.py:826} INFO - Processing file /home/airflow/.local/lib/python3.7/site-packages/airflow/example_dags/example_params_ui_tutorial.py for tasks to queue
[2023-10-10T17:47:17.260+0000] {logging_mixin.py:150} INFO - [2023-10-10T17:47:17.259+0000] {dagbag.py:541} INFO - Filling up the DagBag from /home/airflow/.local/lib/python3.7/site-packages/airflow/example_dags/example_params_ui_tutorial.py
[2023-10-10T17:47:17.310+0000] {processor.py:836} INFO - DAG(s) dict_keys(['example_params_ui_tutorial']) retrieved from /home/airflow/.local/lib/python3.7/site-packages/airflow/example_dags/example_params_ui_tutorial.py
[2023-10-10T17:47:17.381+0000] {logging_mixin.py:150} INFO - [2023-10-10T17:47:17.381+0000] {dag.py:2742} INFO - Sync 1 DAGs
[2023-10-10T17:47:17.414+0000] {logging_mixin.py:150} INFO - [2023-10-10T17:47:17.414+0000] {dag.py:3508} INFO - Setting next_dagrun for example_params_ui_tutorial to None, run_after=None
[2023-10-10T17:47:17.441+0000] {processor.py:179} INFO - Processing /home/airflow/.local/lib/python3.7/site-packages/airflow/example_dags/example_params_ui_tutorial.py took 0.190 seconds
[2023-10-10T17:47:47.711+0000] {processor.py:157} INFO - Started process (PID=1946) to work on /home/airflow/.local/lib/python3.7/site-packages/airflow/example_dags/example_params_ui_tutorial.py
[2023-10-10T17:47:47.714+0000] {processor.py:826} INFO - Processing file /home/airflow/.local/lib/python3.7/site-packages/airflow/example_dags/example_params_ui_tutorial.py for tasks to queue
[2023-10-10T17:47:47.716+0000] {logging_mixin.py:150} INFO - [2023-10-10T17:47:47.716+0000] {dagbag.py:541} INFO - Filling up the DagBag from /home/airflow/.local/lib/python3.7/site-packages/airflow/example_dags/example_params_ui_tutorial.py
[2023-10-10T17:47:47.776+0000] {processor.py:836} INFO - DAG(s) dict_keys(['example_params_ui_tutorial']) retrieved from /home/airflow/.local/lib/python3.7/site-packages/airflow/example_dags/example_params_ui_tutorial.py
[2023-10-10T17:47:47.861+0000] {logging_mixin.py:150} INFO - [2023-10-10T17:47:47.861+0000] {dag.py:2742} INFO - Sync 1 DAGs
[2023-10-10T17:47:47.894+0000] {logging_mixin.py:150} INFO - [2023-10-10T17:47:47.894+0000] {dag.py:3508} INFO - Setting next_dagrun for example_params_ui_tutorial to None, run_after=None
[2023-10-10T17:47:47.959+0000] {processor.py:179} INFO - Processing /home/airflow/.local/lib/python3.7/site-packages/airflow/example_dags/example_params_ui_tutorial.py took 0.253 seconds
[2023-10-10T17:48:17.993+0000] {processor.py:157} INFO - Started process (PID=2026) to work on /home/airflow/.local/lib/python3.7/site-packages/airflow/example_dags/example_params_ui_tutorial.py
[2023-10-10T17:48:17.995+0000] {processor.py:826} INFO - Processing file /home/airflow/.local/lib/python3.7/site-packages/airflow/example_dags/example_params_ui_tutorial.py for tasks to queue
[2023-10-10T17:48:17.997+0000] {logging_mixin.py:150} INFO - [2023-10-10T17:48:17.997+0000] {dagbag.py:541} INFO - Filling up the DagBag from /home/airflow/.local/lib/python3.7/site-packages/airflow/example_dags/example_params_ui_tutorial.py
[2023-10-10T17:48:18.059+0000] {processor.py:836} INFO - DAG(s) dict_keys(['example_params_ui_tutorial']) retrieved from /home/airflow/.local/lib/python3.7/site-packages/airflow/example_dags/example_params_ui_tutorial.py
[2023-10-10T17:48:18.134+0000] {logging_mixin.py:150} INFO - [2023-10-10T17:48:18.134+0000] {dag.py:2742} INFO - Sync 1 DAGs
[2023-10-10T17:48:18.164+0000] {logging_mixin.py:150} INFO - [2023-10-10T17:48:18.164+0000] {dag.py:3508} INFO - Setting next_dagrun for example_params_ui_tutorial to None, run_after=None
[2023-10-10T17:48:18.194+0000] {processor.py:179} INFO - Processing /home/airflow/.local/lib/python3.7/site-packages/airflow/example_dags/example_params_ui_tutorial.py took 0.206 seconds
[2023-10-10T17:48:48.228+0000] {processor.py:157} INFO - Started process (PID=2109) to work on /home/airflow/.local/lib/python3.7/site-packages/airflow/example_dags/example_params_ui_tutorial.py
[2023-10-10T17:48:48.232+0000] {processor.py:826} INFO - Processing file /home/airflow/.local/lib/python3.7/site-packages/airflow/example_dags/example_params_ui_tutorial.py for tasks to queue
[2023-10-10T17:48:48.236+0000] {logging_mixin.py:150} INFO - [2023-10-10T17:48:48.235+0000] {dagbag.py:541} INFO - Filling up the DagBag from /home/airflow/.local/lib/python3.7/site-packages/airflow/example_dags/example_params_ui_tutorial.py
[2023-10-10T17:48:48.310+0000] {processor.py:836} INFO - DAG(s) dict_keys(['example_params_ui_tutorial']) retrieved from /home/airflow/.local/lib/python3.7/site-packages/airflow/example_dags/example_params_ui_tutorial.py
[2023-10-10T17:48:48.421+0000] {logging_mixin.py:150} INFO - [2023-10-10T17:48:48.421+0000] {dag.py:2742} INFO - Sync 1 DAGs
[2023-10-10T17:48:48.467+0000] {logging_mixin.py:150} INFO - [2023-10-10T17:48:48.467+0000] {dag.py:3508} INFO - Setting next_dagrun for example_params_ui_tutorial to None, run_after=None
[2023-10-10T17:48:48.504+0000] {processor.py:179} INFO - Processing /home/airflow/.local/lib/python3.7/site-packages/airflow/example_dags/example_params_ui_tutorial.py took 0.282 seconds
[2023-10-10T17:49:19.408+0000] {processor.py:157} INFO - Started process (PID=2202) to work on /home/airflow/.local/lib/python3.7/site-packages/airflow/example_dags/example_params_ui_tutorial.py
[2023-10-10T17:49:19.411+0000] {processor.py:826} INFO - Processing file /home/airflow/.local/lib/python3.7/site-packages/airflow/example_dags/example_params_ui_tutorial.py for tasks to queue
[2023-10-10T17:49:19.412+0000] {logging_mixin.py:150} INFO - [2023-10-10T17:49:19.412+0000] {dagbag.py:541} INFO - Filling up the DagBag from /home/airflow/.local/lib/python3.7/site-packages/airflow/example_dags/example_params_ui_tutorial.py
[2023-10-10T17:49:19.481+0000] {processor.py:836} INFO - DAG(s) dict_keys(['example_params_ui_tutorial']) retrieved from /home/airflow/.local/lib/python3.7/site-packages/airflow/example_dags/example_params_ui_tutorial.py
[2023-10-10T17:49:19.583+0000] {logging_mixin.py:150} INFO - [2023-10-10T17:49:19.583+0000] {dag.py:2742} INFO - Sync 1 DAGs
[2023-10-10T17:49:19.622+0000] {logging_mixin.py:150} INFO - [2023-10-10T17:49:19.622+0000] {dag.py:3508} INFO - Setting next_dagrun for example_params_ui_tutorial to None, run_after=None
[2023-10-10T17:49:19.651+0000] {processor.py:179} INFO - Processing /home/airflow/.local/lib/python3.7/site-packages/airflow/example_dags/example_params_ui_tutorial.py took 0.250 seconds
[2023-10-10T17:49:50.077+0000] {processor.py:157} INFO - Started process (PID=2282) to work on /home/airflow/.local/lib/python3.7/site-packages/airflow/example_dags/example_params_ui_tutorial.py
[2023-10-10T17:49:50.079+0000] {processor.py:826} INFO - Processing file /home/airflow/.local/lib/python3.7/site-packages/airflow/example_dags/example_params_ui_tutorial.py for tasks to queue
[2023-10-10T17:49:50.080+0000] {logging_mixin.py:150} INFO - [2023-10-10T17:49:50.080+0000] {dagbag.py:541} INFO - Filling up the DagBag from /home/airflow/.local/lib/python3.7/site-packages/airflow/example_dags/example_params_ui_tutorial.py
[2023-10-10T17:49:50.130+0000] {processor.py:836} INFO - DAG(s) dict_keys(['example_params_ui_tutorial']) retrieved from /home/airflow/.local/lib/python3.7/site-packages/airflow/example_dags/example_params_ui_tutorial.py
[2023-10-10T17:49:50.207+0000] {logging_mixin.py:150} INFO - [2023-10-10T17:49:50.207+0000] {dag.py:2742} INFO - Sync 1 DAGs
[2023-10-10T17:49:50.239+0000] {logging_mixin.py:150} INFO - [2023-10-10T17:49:50.239+0000] {dag.py:3508} INFO - Setting next_dagrun for example_params_ui_tutorial to None, run_after=None
[2023-10-10T17:49:50.264+0000] {processor.py:179} INFO - Processing /home/airflow/.local/lib/python3.7/site-packages/airflow/example_dags/example_params_ui_tutorial.py took 0.192 seconds
[2023-10-10T17:50:20.695+0000] {processor.py:157} INFO - Started process (PID=2374) to work on /home/airflow/.local/lib/python3.7/site-packages/airflow/example_dags/example_params_ui_tutorial.py
[2023-10-10T17:50:20.697+0000] {processor.py:826} INFO - Processing file /home/airflow/.local/lib/python3.7/site-packages/airflow/example_dags/example_params_ui_tutorial.py for tasks to queue
[2023-10-10T17:50:20.699+0000] {logging_mixin.py:150} INFO - [2023-10-10T17:50:20.699+0000] {dagbag.py:541} INFO - Filling up the DagBag from /home/airflow/.local/lib/python3.7/site-packages/airflow/example_dags/example_params_ui_tutorial.py
[2023-10-10T17:50:20.789+0000] {processor.py:836} INFO - DAG(s) dict_keys(['example_params_ui_tutorial']) retrieved from /home/airflow/.local/lib/python3.7/site-packages/airflow/example_dags/example_params_ui_tutorial.py
[2023-10-10T17:50:20.926+0000] {logging_mixin.py:150} INFO - [2023-10-10T17:50:20.926+0000] {dag.py:2742} INFO - Sync 1 DAGs
[2023-10-10T17:50:20.978+0000] {logging_mixin.py:150} INFO - [2023-10-10T17:50:20.978+0000] {dag.py:3508} INFO - Setting next_dagrun for example_params_ui_tutorial to None, run_after=None
[2023-10-10T17:50:21.012+0000] {processor.py:179} INFO - Processing /home/airflow/.local/lib/python3.7/site-packages/airflow/example_dags/example_params_ui_tutorial.py took 0.323 seconds
[2023-10-10T17:50:51.580+0000] {processor.py:157} INFO - Started process (PID=2454) to work on /home/airflow/.local/lib/python3.7/site-packages/airflow/example_dags/example_params_ui_tutorial.py
[2023-10-10T17:50:51.582+0000] {processor.py:826} INFO - Processing file /home/airflow/.local/lib/python3.7/site-packages/airflow/example_dags/example_params_ui_tutorial.py for tasks to queue
[2023-10-10T17:50:51.583+0000] {logging_mixin.py:150} INFO - [2023-10-10T17:50:51.583+0000] {dagbag.py:541} INFO - Filling up the DagBag from /home/airflow/.local/lib/python3.7/site-packages/airflow/example_dags/example_params_ui_tutorial.py
[2023-10-10T17:50:51.633+0000] {processor.py:836} INFO - DAG(s) dict_keys(['example_params_ui_tutorial']) retrieved from /home/airflow/.local/lib/python3.7/site-packages/airflow/example_dags/example_params_ui_tutorial.py
[2023-10-10T17:50:51.709+0000] {logging_mixin.py:150} INFO - [2023-10-10T17:50:51.709+0000] {dag.py:2742} INFO - Sync 1 DAGs
[2023-10-10T17:50:51.739+0000] {logging_mixin.py:150} INFO - [2023-10-10T17:50:51.739+0000] {dag.py:3508} INFO - Setting next_dagrun for example_params_ui_tutorial to None, run_after=None
[2023-10-10T17:50:51.764+0000] {processor.py:179} INFO - Processing /home/airflow/.local/lib/python3.7/site-packages/airflow/example_dags/example_params_ui_tutorial.py took 0.188 seconds
[2023-10-10T17:51:21.935+0000] {processor.py:157} INFO - Started process (PID=2543) to work on /home/airflow/.local/lib/python3.7/site-packages/airflow/example_dags/example_params_ui_tutorial.py
[2023-10-10T17:51:21.938+0000] {processor.py:826} INFO - Processing file /home/airflow/.local/lib/python3.7/site-packages/airflow/example_dags/example_params_ui_tutorial.py for tasks to queue
[2023-10-10T17:51:21.940+0000] {logging_mixin.py:150} INFO - [2023-10-10T17:51:21.939+0000] {dagbag.py:541} INFO - Filling up the DagBag from /home/airflow/.local/lib/python3.7/site-packages/airflow/example_dags/example_params_ui_tutorial.py
[2023-10-10T17:51:22.000+0000] {processor.py:836} INFO - DAG(s) dict_keys(['example_params_ui_tutorial']) retrieved from /home/airflow/.local/lib/python3.7/site-packages/airflow/example_dags/example_params_ui_tutorial.py
[2023-10-10T17:51:22.080+0000] {logging_mixin.py:150} INFO - [2023-10-10T17:51:22.079+0000] {dag.py:2742} INFO - Sync 1 DAGs
[2023-10-10T17:51:22.114+0000] {logging_mixin.py:150} INFO - [2023-10-10T17:51:22.114+0000] {dag.py:3508} INFO - Setting next_dagrun for example_params_ui_tutorial to None, run_after=None
[2023-10-10T17:51:22.145+0000] {processor.py:179} INFO - Processing /home/airflow/.local/lib/python3.7/site-packages/airflow/example_dags/example_params_ui_tutorial.py took 0.216 seconds
[2023-10-10T17:51:52.643+0000] {processor.py:157} INFO - Started process (PID=2628) to work on /home/airflow/.local/lib/python3.7/site-packages/airflow/example_dags/example_params_ui_tutorial.py
[2023-10-10T17:51:52.646+0000] {processor.py:826} INFO - Processing file /home/airflow/.local/lib/python3.7/site-packages/airflow/example_dags/example_params_ui_tutorial.py for tasks to queue
[2023-10-10T17:51:52.650+0000] {logging_mixin.py:150} INFO - [2023-10-10T17:51:52.649+0000] {dagbag.py:541} INFO - Filling up the DagBag from /home/airflow/.local/lib/python3.7/site-packages/airflow/example_dags/example_params_ui_tutorial.py
[2023-10-10T17:51:52.742+0000] {processor.py:836} INFO - DAG(s) dict_keys(['example_params_ui_tutorial']) retrieved from /home/airflow/.local/lib/python3.7/site-packages/airflow/example_dags/example_params_ui_tutorial.py
[2023-10-10T17:51:52.995+0000] {logging_mixin.py:150} INFO - [2023-10-10T17:51:52.995+0000] {dag.py:2742} INFO - Sync 1 DAGs
[2023-10-10T17:51:53.065+0000] {logging_mixin.py:150} INFO - [2023-10-10T17:51:53.064+0000] {dag.py:3508} INFO - Setting next_dagrun for example_params_ui_tutorial to None, run_after=None
[2023-10-10T17:51:53.181+0000] {processor.py:179} INFO - Processing /home/airflow/.local/lib/python3.7/site-packages/airflow/example_dags/example_params_ui_tutorial.py took 0.547 seconds
[2023-10-10T17:52:23.400+0000] {processor.py:157} INFO - Started process (PID=2717) to work on /home/airflow/.local/lib/python3.7/site-packages/airflow/example_dags/example_params_ui_tutorial.py
[2023-10-10T17:52:23.403+0000] {processor.py:826} INFO - Processing file /home/airflow/.local/lib/python3.7/site-packages/airflow/example_dags/example_params_ui_tutorial.py for tasks to queue
[2023-10-10T17:52:23.405+0000] {logging_mixin.py:150} INFO - [2023-10-10T17:52:23.404+0000] {dagbag.py:541} INFO - Filling up the DagBag from /home/airflow/.local/lib/python3.7/site-packages/airflow/example_dags/example_params_ui_tutorial.py
[2023-10-10T17:52:23.462+0000] {processor.py:836} INFO - DAG(s) dict_keys(['example_params_ui_tutorial']) retrieved from /home/airflow/.local/lib/python3.7/site-packages/airflow/example_dags/example_params_ui_tutorial.py
[2023-10-10T17:52:23.540+0000] {logging_mixin.py:150} INFO - [2023-10-10T17:52:23.539+0000] {dag.py:2742} INFO - Sync 1 DAGs
[2023-10-10T17:52:23.573+0000] {logging_mixin.py:150} INFO - [2023-10-10T17:52:23.573+0000] {dag.py:3508} INFO - Setting next_dagrun for example_params_ui_tutorial to None, run_after=None
[2023-10-10T17:52:23.599+0000] {processor.py:179} INFO - Processing /home/airflow/.local/lib/python3.7/site-packages/airflow/example_dags/example_params_ui_tutorial.py took 0.205 seconds
[2023-10-10T17:52:54.459+0000] {processor.py:157} INFO - Started process (PID=2799) to work on /home/airflow/.local/lib/python3.7/site-packages/airflow/example_dags/example_params_ui_tutorial.py
[2023-10-10T17:52:54.461+0000] {processor.py:826} INFO - Processing file /home/airflow/.local/lib/python3.7/site-packages/airflow/example_dags/example_params_ui_tutorial.py for tasks to queue
[2023-10-10T17:52:54.463+0000] {logging_mixin.py:150} INFO - [2023-10-10T17:52:54.463+0000] {dagbag.py:541} INFO - Filling up the DagBag from /home/airflow/.local/lib/python3.7/site-packages/airflow/example_dags/example_params_ui_tutorial.py
[2023-10-10T17:52:54.522+0000] {processor.py:836} INFO - DAG(s) dict_keys(['example_params_ui_tutorial']) retrieved from /home/airflow/.local/lib/python3.7/site-packages/airflow/example_dags/example_params_ui_tutorial.py
[2023-10-10T17:52:54.606+0000] {logging_mixin.py:150} INFO - [2023-10-10T17:52:54.606+0000] {dag.py:2742} INFO - Sync 1 DAGs
[2023-10-10T17:52:54.639+0000] {logging_mixin.py:150} INFO - [2023-10-10T17:52:54.639+0000] {dag.py:3508} INFO - Setting next_dagrun for example_params_ui_tutorial to None, run_after=None
[2023-10-10T17:52:54.666+0000] {processor.py:179} INFO - Processing /home/airflow/.local/lib/python3.7/site-packages/airflow/example_dags/example_params_ui_tutorial.py took 0.214 seconds
[2023-10-10T17:53:25.081+0000] {processor.py:157} INFO - Started process (PID=2890) to work on /home/airflow/.local/lib/python3.7/site-packages/airflow/example_dags/example_params_ui_tutorial.py
[2023-10-10T17:53:25.083+0000] {processor.py:826} INFO - Processing file /home/airflow/.local/lib/python3.7/site-packages/airflow/example_dags/example_params_ui_tutorial.py for tasks to queue
[2023-10-10T17:53:25.085+0000] {logging_mixin.py:150} INFO - [2023-10-10T17:53:25.084+0000] {dagbag.py:541} INFO - Filling up the DagBag from /home/airflow/.local/lib/python3.7/site-packages/airflow/example_dags/example_params_ui_tutorial.py
[2023-10-10T17:53:25.138+0000] {processor.py:836} INFO - DAG(s) dict_keys(['example_params_ui_tutorial']) retrieved from /home/airflow/.local/lib/python3.7/site-packages/airflow/example_dags/example_params_ui_tutorial.py
[2023-10-10T17:53:25.218+0000] {logging_mixin.py:150} INFO - [2023-10-10T17:53:25.218+0000] {dag.py:2742} INFO - Sync 1 DAGs
[2023-10-10T17:53:25.252+0000] {logging_mixin.py:150} INFO - [2023-10-10T17:53:25.252+0000] {dag.py:3508} INFO - Setting next_dagrun for example_params_ui_tutorial to None, run_after=None
[2023-10-10T17:53:25.284+0000] {processor.py:179} INFO - Processing /home/airflow/.local/lib/python3.7/site-packages/airflow/example_dags/example_params_ui_tutorial.py took 0.207 seconds
[2023-10-10T17:53:56.262+0000] {processor.py:157} INFO - Started process (PID=2971) to work on /home/airflow/.local/lib/python3.7/site-packages/airflow/example_dags/example_params_ui_tutorial.py
[2023-10-10T17:53:56.264+0000] {processor.py:826} INFO - Processing file /home/airflow/.local/lib/python3.7/site-packages/airflow/example_dags/example_params_ui_tutorial.py for tasks to queue
[2023-10-10T17:53:56.266+0000] {logging_mixin.py:150} INFO - [2023-10-10T17:53:56.265+0000] {dagbag.py:541} INFO - Filling up the DagBag from /home/airflow/.local/lib/python3.7/site-packages/airflow/example_dags/example_params_ui_tutorial.py
[2023-10-10T17:53:56.381+0000] {processor.py:836} INFO - DAG(s) dict_keys(['example_params_ui_tutorial']) retrieved from /home/airflow/.local/lib/python3.7/site-packages/airflow/example_dags/example_params_ui_tutorial.py
[2023-10-10T17:53:56.503+0000] {logging_mixin.py:150} INFO - [2023-10-10T17:53:56.503+0000] {dag.py:2742} INFO - Sync 1 DAGs
[2023-10-10T17:53:56.542+0000] {logging_mixin.py:150} INFO - [2023-10-10T17:53:56.542+0000] {dag.py:3508} INFO - Setting next_dagrun for example_params_ui_tutorial to None, run_after=None
[2023-10-10T17:53:56.571+0000] {processor.py:179} INFO - Processing /home/airflow/.local/lib/python3.7/site-packages/airflow/example_dags/example_params_ui_tutorial.py took 0.315 seconds
[2023-10-10T17:54:27.127+0000] {processor.py:157} INFO - Started process (PID=3061) to work on /home/airflow/.local/lib/python3.7/site-packages/airflow/example_dags/example_params_ui_tutorial.py
[2023-10-10T17:54:27.129+0000] {processor.py:826} INFO - Processing file /home/airflow/.local/lib/python3.7/site-packages/airflow/example_dags/example_params_ui_tutorial.py for tasks to queue
[2023-10-10T17:54:27.131+0000] {logging_mixin.py:150} INFO - [2023-10-10T17:54:27.130+0000] {dagbag.py:541} INFO - Filling up the DagBag from /home/airflow/.local/lib/python3.7/site-packages/airflow/example_dags/example_params_ui_tutorial.py
[2023-10-10T17:54:27.183+0000] {processor.py:836} INFO - DAG(s) dict_keys(['example_params_ui_tutorial']) retrieved from /home/airflow/.local/lib/python3.7/site-packages/airflow/example_dags/example_params_ui_tutorial.py
[2023-10-10T17:54:27.263+0000] {logging_mixin.py:150} INFO - [2023-10-10T17:54:27.263+0000] {dag.py:2742} INFO - Sync 1 DAGs
[2023-10-10T17:54:27.299+0000] {logging_mixin.py:150} INFO - [2023-10-10T17:54:27.299+0000] {dag.py:3508} INFO - Setting next_dagrun for example_params_ui_tutorial to None, run_after=None
[2023-10-10T17:54:27.324+0000] {processor.py:179} INFO - Processing /home/airflow/.local/lib/python3.7/site-packages/airflow/example_dags/example_params_ui_tutorial.py took 0.201 seconds
[2023-10-10T17:54:57.448+0000] {processor.py:157} INFO - Started process (PID=3163) to work on /home/airflow/.local/lib/python3.7/site-packages/airflow/example_dags/example_params_ui_tutorial.py
[2023-10-10T17:54:57.454+0000] {processor.py:826} INFO - Processing file /home/airflow/.local/lib/python3.7/site-packages/airflow/example_dags/example_params_ui_tutorial.py for tasks to queue
[2023-10-10T17:54:57.459+0000] {logging_mixin.py:150} INFO - [2023-10-10T17:54:57.458+0000] {dagbag.py:541} INFO - Filling up the DagBag from /home/airflow/.local/lib/python3.7/site-packages/airflow/example_dags/example_params_ui_tutorial.py
[2023-10-10T17:54:57.700+0000] {processor.py:836} INFO - DAG(s) dict_keys(['example_params_ui_tutorial']) retrieved from /home/airflow/.local/lib/python3.7/site-packages/airflow/example_dags/example_params_ui_tutorial.py
[2023-10-10T17:54:57.922+0000] {logging_mixin.py:150} INFO - [2023-10-10T17:54:57.921+0000] {dag.py:2742} INFO - Sync 1 DAGs
[2023-10-10T17:54:58.044+0000] {logging_mixin.py:150} INFO - [2023-10-10T17:54:58.044+0000] {dag.py:3508} INFO - Setting next_dagrun for example_params_ui_tutorial to None, run_after=None
[2023-10-10T17:54:58.146+0000] {processor.py:179} INFO - Processing /home/airflow/.local/lib/python3.7/site-packages/airflow/example_dags/example_params_ui_tutorial.py took 0.718 seconds
[2023-10-10T17:56:04.870+0000] {processor.py:157} INFO - Started process (PID=3236) to work on /home/airflow/.local/lib/python3.7/site-packages/airflow/example_dags/example_params_ui_tutorial.py
[2023-10-10T17:56:04.872+0000] {processor.py:826} INFO - Processing file /home/airflow/.local/lib/python3.7/site-packages/airflow/example_dags/example_params_ui_tutorial.py for tasks to queue
[2023-10-10T17:56:04.875+0000] {logging_mixin.py:150} INFO - [2023-10-10T17:56:04.874+0000] {dagbag.py:541} INFO - Filling up the DagBag from /home/airflow/.local/lib/python3.7/site-packages/airflow/example_dags/example_params_ui_tutorial.py
[2023-10-10T17:56:04.953+0000] {processor.py:836} INFO - DAG(s) dict_keys(['example_params_ui_tutorial']) retrieved from /home/airflow/.local/lib/python3.7/site-packages/airflow/example_dags/example_params_ui_tutorial.py
[2023-10-10T17:56:05.084+0000] {logging_mixin.py:150} INFO - [2023-10-10T17:56:05.084+0000] {dag.py:2742} INFO - Sync 1 DAGs
[2023-10-10T17:56:05.134+0000] {logging_mixin.py:150} INFO - [2023-10-10T17:56:05.134+0000] {dag.py:3508} INFO - Setting next_dagrun for example_params_ui_tutorial to None, run_after=None
[2023-10-10T17:56:05.165+0000] {processor.py:179} INFO - Processing /home/airflow/.local/lib/python3.7/site-packages/airflow/example_dags/example_params_ui_tutorial.py took 0.301 seconds
[2023-10-10T17:56:36.622+0000] {processor.py:157} INFO - Started process (PID=3317) to work on /home/airflow/.local/lib/python3.7/site-packages/airflow/example_dags/example_params_ui_tutorial.py
[2023-10-10T17:56:36.626+0000] {processor.py:826} INFO - Processing file /home/airflow/.local/lib/python3.7/site-packages/airflow/example_dags/example_params_ui_tutorial.py for tasks to queue
[2023-10-10T17:56:36.629+0000] {logging_mixin.py:150} INFO - [2023-10-10T17:56:36.629+0000] {dagbag.py:541} INFO - Filling up the DagBag from /home/airflow/.local/lib/python3.7/site-packages/airflow/example_dags/example_params_ui_tutorial.py
[2023-10-10T17:56:36.753+0000] {processor.py:836} INFO - DAG(s) dict_keys(['example_params_ui_tutorial']) retrieved from /home/airflow/.local/lib/python3.7/site-packages/airflow/example_dags/example_params_ui_tutorial.py
[2023-10-10T17:56:37.005+0000] {logging_mixin.py:150} INFO - [2023-10-10T17:56:37.004+0000] {dag.py:2742} INFO - Sync 1 DAGs
[2023-10-10T17:56:37.078+0000] {logging_mixin.py:150} INFO - [2023-10-10T17:56:37.078+0000] {dag.py:3508} INFO - Setting next_dagrun for example_params_ui_tutorial to None, run_after=None
[2023-10-10T17:56:37.129+0000] {processor.py:179} INFO - Processing /home/airflow/.local/lib/python3.7/site-packages/airflow/example_dags/example_params_ui_tutorial.py took 0.520 seconds
[2023-10-10T17:57:17.512+0000] {processor.py:157} INFO - Started process (PID=3398) to work on /home/airflow/.local/lib/python3.7/site-packages/airflow/example_dags/example_params_ui_tutorial.py
[2023-10-10T17:57:17.551+0000] {processor.py:826} INFO - Processing file /home/airflow/.local/lib/python3.7/site-packages/airflow/example_dags/example_params_ui_tutorial.py for tasks to queue
[2023-10-10T17:57:17.596+0000] {logging_mixin.py:150} INFO - [2023-10-10T17:57:17.592+0000] {dagbag.py:541} INFO - Filling up the DagBag from /home/airflow/.local/lib/python3.7/site-packages/airflow/example_dags/example_params_ui_tutorial.py
[2023-10-10T17:57:19.247+0000] {processor.py:836} INFO - DAG(s) dict_keys(['example_params_ui_tutorial']) retrieved from /home/airflow/.local/lib/python3.7/site-packages/airflow/example_dags/example_params_ui_tutorial.py
[2023-10-10T17:57:21.963+0000] {logging_mixin.py:150} INFO - [2023-10-10T17:57:21.961+0000] {dag.py:2742} INFO - Sync 1 DAGs
[2023-10-10T17:57:23.208+0000] {logging_mixin.py:150} INFO - [2023-10-10T17:57:23.207+0000] {dag.py:3508} INFO - Setting next_dagrun for example_params_ui_tutorial to None, run_after=None
[2023-10-10T17:57:23.590+0000] {processor.py:179} INFO - Processing /home/airflow/.local/lib/python3.7/site-packages/airflow/example_dags/example_params_ui_tutorial.py took 6.172 seconds
[2023-10-10T17:58:29.077+0000] {processor.py:157} INFO - Started process (PID=3512) to work on /home/airflow/.local/lib/python3.7/site-packages/airflow/example_dags/example_params_ui_tutorial.py
[2023-10-10T17:58:29.093+0000] {processor.py:826} INFO - Processing file /home/airflow/.local/lib/python3.7/site-packages/airflow/example_dags/example_params_ui_tutorial.py for tasks to queue
[2023-10-10T17:58:29.103+0000] {logging_mixin.py:150} INFO - [2023-10-10T17:58:29.101+0000] {dagbag.py:541} INFO - Filling up the DagBag from /home/airflow/.local/lib/python3.7/site-packages/airflow/example_dags/example_params_ui_tutorial.py
[2023-10-10T17:58:29.574+0000] {processor.py:836} INFO - DAG(s) dict_keys(['example_params_ui_tutorial']) retrieved from /home/airflow/.local/lib/python3.7/site-packages/airflow/example_dags/example_params_ui_tutorial.py
[2023-10-10T17:58:30.288+0000] {logging_mixin.py:150} INFO - [2023-10-10T17:58:30.287+0000] {dag.py:2742} INFO - Sync 1 DAGs
[2023-10-10T17:58:30.454+0000] {logging_mixin.py:150} INFO - [2023-10-10T17:58:30.454+0000] {dag.py:3508} INFO - Setting next_dagrun for example_params_ui_tutorial to None, run_after=None
[2023-10-10T17:58:30.593+0000] {processor.py:179} INFO - Processing /home/airflow/.local/lib/python3.7/site-packages/airflow/example_dags/example_params_ui_tutorial.py took 1.553 seconds
[2023-10-10T17:59:00.760+0000] {processor.py:157} INFO - Started process (PID=3591) to work on /home/airflow/.local/lib/python3.7/site-packages/airflow/example_dags/example_params_ui_tutorial.py
[2023-10-10T17:59:00.766+0000] {processor.py:826} INFO - Processing file /home/airflow/.local/lib/python3.7/site-packages/airflow/example_dags/example_params_ui_tutorial.py for tasks to queue
[2023-10-10T17:59:00.777+0000] {logging_mixin.py:150} INFO - [2023-10-10T17:59:00.776+0000] {dagbag.py:541} INFO - Filling up the DagBag from /home/airflow/.local/lib/python3.7/site-packages/airflow/example_dags/example_params_ui_tutorial.py
[2023-10-10T17:59:00.970+0000] {processor.py:836} INFO - DAG(s) dict_keys(['example_params_ui_tutorial']) retrieved from /home/airflow/.local/lib/python3.7/site-packages/airflow/example_dags/example_params_ui_tutorial.py
[2023-10-10T17:59:01.228+0000] {logging_mixin.py:150} INFO - [2023-10-10T17:59:01.227+0000] {dag.py:2742} INFO - Sync 1 DAGs
[2023-10-10T17:59:01.338+0000] {logging_mixin.py:150} INFO - [2023-10-10T17:59:01.337+0000] {dag.py:3508} INFO - Setting next_dagrun for example_params_ui_tutorial to None, run_after=None
[2023-10-10T17:59:01.412+0000] {processor.py:179} INFO - Processing /home/airflow/.local/lib/python3.7/site-packages/airflow/example_dags/example_params_ui_tutorial.py took 0.669 seconds
[2023-10-10T17:59:44.163+0000] {processor.py:157} INFO - Started process (PID=3686) to work on /home/airflow/.local/lib/python3.7/site-packages/airflow/example_dags/example_params_ui_tutorial.py
[2023-10-10T17:59:44.170+0000] {processor.py:826} INFO - Processing file /home/airflow/.local/lib/python3.7/site-packages/airflow/example_dags/example_params_ui_tutorial.py for tasks to queue
[2023-10-10T17:59:44.179+0000] {logging_mixin.py:150} INFO - [2023-10-10T17:59:44.178+0000] {dagbag.py:541} INFO - Filling up the DagBag from /home/airflow/.local/lib/python3.7/site-packages/airflow/example_dags/example_params_ui_tutorial.py
[2023-10-10T17:59:44.427+0000] {processor.py:836} INFO - DAG(s) dict_keys(['example_params_ui_tutorial']) retrieved from /home/airflow/.local/lib/python3.7/site-packages/airflow/example_dags/example_params_ui_tutorial.py
[2023-10-10T17:59:44.774+0000] {logging_mixin.py:150} INFO - [2023-10-10T17:59:44.773+0000] {dag.py:2742} INFO - Sync 1 DAGs
[2023-10-10T17:59:44.917+0000] {logging_mixin.py:150} INFO - [2023-10-10T17:59:44.916+0000] {dag.py:3508} INFO - Setting next_dagrun for example_params_ui_tutorial to None, run_after=None
[2023-10-10T17:59:45.020+0000] {processor.py:179} INFO - Processing /home/airflow/.local/lib/python3.7/site-packages/airflow/example_dags/example_params_ui_tutorial.py took 0.881 seconds
[2023-10-10T18:00:15.142+0000] {processor.py:157} INFO - Started process (PID=3760) to work on /home/airflow/.local/lib/python3.7/site-packages/airflow/example_dags/example_params_ui_tutorial.py
[2023-10-10T18:00:15.145+0000] {processor.py:826} INFO - Processing file /home/airflow/.local/lib/python3.7/site-packages/airflow/example_dags/example_params_ui_tutorial.py for tasks to queue
[2023-10-10T18:00:15.149+0000] {logging_mixin.py:150} INFO - [2023-10-10T18:00:15.148+0000] {dagbag.py:541} INFO - Filling up the DagBag from /home/airflow/.local/lib/python3.7/site-packages/airflow/example_dags/example_params_ui_tutorial.py
[2023-10-10T18:00:15.257+0000] {processor.py:836} INFO - DAG(s) dict_keys(['example_params_ui_tutorial']) retrieved from /home/airflow/.local/lib/python3.7/site-packages/airflow/example_dags/example_params_ui_tutorial.py
[2023-10-10T18:00:15.425+0000] {logging_mixin.py:150} INFO - [2023-10-10T18:00:15.425+0000] {dag.py:2742} INFO - Sync 1 DAGs
[2023-10-10T18:00:15.497+0000] {logging_mixin.py:150} INFO - [2023-10-10T18:00:15.497+0000] {dag.py:3508} INFO - Setting next_dagrun for example_params_ui_tutorial to None, run_after=None
[2023-10-10T18:00:15.545+0000] {processor.py:179} INFO - Processing /home/airflow/.local/lib/python3.7/site-packages/airflow/example_dags/example_params_ui_tutorial.py took 0.414 seconds
[2023-10-10T18:00:45.766+0000] {processor.py:157} INFO - Started process (PID=3849) to work on /home/airflow/.local/lib/python3.7/site-packages/airflow/example_dags/example_params_ui_tutorial.py
[2023-10-10T18:00:45.770+0000] {processor.py:826} INFO - Processing file /home/airflow/.local/lib/python3.7/site-packages/airflow/example_dags/example_params_ui_tutorial.py for tasks to queue
[2023-10-10T18:00:45.773+0000] {logging_mixin.py:150} INFO - [2023-10-10T18:00:45.773+0000] {dagbag.py:541} INFO - Filling up the DagBag from /home/airflow/.local/lib/python3.7/site-packages/airflow/example_dags/example_params_ui_tutorial.py
[2023-10-10T18:00:45.861+0000] {processor.py:836} INFO - DAG(s) dict_keys(['example_params_ui_tutorial']) retrieved from /home/airflow/.local/lib/python3.7/site-packages/airflow/example_dags/example_params_ui_tutorial.py
[2023-10-10T18:00:46.027+0000] {logging_mixin.py:150} INFO - [2023-10-10T18:00:46.027+0000] {dag.py:2742} INFO - Sync 1 DAGs
[2023-10-10T18:00:46.101+0000] {logging_mixin.py:150} INFO - [2023-10-10T18:00:46.100+0000] {dag.py:3508} INFO - Setting next_dagrun for example_params_ui_tutorial to None, run_after=None
[2023-10-10T18:00:46.145+0000] {processor.py:179} INFO - Processing /home/airflow/.local/lib/python3.7/site-packages/airflow/example_dags/example_params_ui_tutorial.py took 0.386 seconds
[2023-10-10T18:01:16.248+0000] {processor.py:157} INFO - Started process (PID=3924) to work on /home/airflow/.local/lib/python3.7/site-packages/airflow/example_dags/example_params_ui_tutorial.py
[2023-10-10T18:01:16.250+0000] {processor.py:826} INFO - Processing file /home/airflow/.local/lib/python3.7/site-packages/airflow/example_dags/example_params_ui_tutorial.py for tasks to queue
[2023-10-10T18:01:16.252+0000] {logging_mixin.py:150} INFO - [2023-10-10T18:01:16.252+0000] {dagbag.py:541} INFO - Filling up the DagBag from /home/airflow/.local/lib/python3.7/site-packages/airflow/example_dags/example_params_ui_tutorial.py
[2023-10-10T18:01:16.339+0000] {processor.py:836} INFO - DAG(s) dict_keys(['example_params_ui_tutorial']) retrieved from /home/airflow/.local/lib/python3.7/site-packages/airflow/example_dags/example_params_ui_tutorial.py
[2023-10-10T18:01:16.465+0000] {logging_mixin.py:150} INFO - [2023-10-10T18:01:16.465+0000] {dag.py:2742} INFO - Sync 1 DAGs
[2023-10-10T18:01:16.521+0000] {logging_mixin.py:150} INFO - [2023-10-10T18:01:16.521+0000] {dag.py:3508} INFO - Setting next_dagrun for example_params_ui_tutorial to None, run_after=None
[2023-10-10T18:01:16.564+0000] {processor.py:179} INFO - Processing /home/airflow/.local/lib/python3.7/site-packages/airflow/example_dags/example_params_ui_tutorial.py took 0.324 seconds
[2023-10-10T18:01:46.780+0000] {processor.py:157} INFO - Started process (PID=4005) to work on /home/airflow/.local/lib/python3.7/site-packages/airflow/example_dags/example_params_ui_tutorial.py
[2023-10-10T18:01:46.783+0000] {processor.py:826} INFO - Processing file /home/airflow/.local/lib/python3.7/site-packages/airflow/example_dags/example_params_ui_tutorial.py for tasks to queue
[2023-10-10T18:01:46.786+0000] {logging_mixin.py:150} INFO - [2023-10-10T18:01:46.785+0000] {dagbag.py:541} INFO - Filling up the DagBag from /home/airflow/.local/lib/python3.7/site-packages/airflow/example_dags/example_params_ui_tutorial.py
[2023-10-10T18:01:46.882+0000] {processor.py:836} INFO - DAG(s) dict_keys(['example_params_ui_tutorial']) retrieved from /home/airflow/.local/lib/python3.7/site-packages/airflow/example_dags/example_params_ui_tutorial.py
[2023-10-10T18:01:47.023+0000] {logging_mixin.py:150} INFO - [2023-10-10T18:01:47.022+0000] {dag.py:2742} INFO - Sync 1 DAGs
[2023-10-10T18:01:47.078+0000] {logging_mixin.py:150} INFO - [2023-10-10T18:01:47.078+0000] {dag.py:3508} INFO - Setting next_dagrun for example_params_ui_tutorial to None, run_after=None
[2023-10-10T18:01:47.119+0000] {processor.py:179} INFO - Processing /home/airflow/.local/lib/python3.7/site-packages/airflow/example_dags/example_params_ui_tutorial.py took 0.347 seconds
[2023-10-10T18:02:17.200+0000] {processor.py:157} INFO - Started process (PID=4086) to work on /home/airflow/.local/lib/python3.7/site-packages/airflow/example_dags/example_params_ui_tutorial.py
[2023-10-10T18:02:17.204+0000] {processor.py:826} INFO - Processing file /home/airflow/.local/lib/python3.7/site-packages/airflow/example_dags/example_params_ui_tutorial.py for tasks to queue
[2023-10-10T18:02:17.206+0000] {logging_mixin.py:150} INFO - [2023-10-10T18:02:17.206+0000] {dagbag.py:541} INFO - Filling up the DagBag from /home/airflow/.local/lib/python3.7/site-packages/airflow/example_dags/example_params_ui_tutorial.py
[2023-10-10T18:02:17.296+0000] {processor.py:836} INFO - DAG(s) dict_keys(['example_params_ui_tutorial']) retrieved from /home/airflow/.local/lib/python3.7/site-packages/airflow/example_dags/example_params_ui_tutorial.py
[2023-10-10T18:02:17.427+0000] {logging_mixin.py:150} INFO - [2023-10-10T18:02:17.426+0000] {dag.py:2742} INFO - Sync 1 DAGs
[2023-10-10T18:02:17.480+0000] {logging_mixin.py:150} INFO - [2023-10-10T18:02:17.479+0000] {dag.py:3508} INFO - Setting next_dagrun for example_params_ui_tutorial to None, run_after=None
[2023-10-10T18:02:17.519+0000] {processor.py:179} INFO - Processing /home/airflow/.local/lib/python3.7/site-packages/airflow/example_dags/example_params_ui_tutorial.py took 0.327 seconds
[2023-10-10T18:02:47.683+0000] {processor.py:157} INFO - Started process (PID=4176) to work on /home/airflow/.local/lib/python3.7/site-packages/airflow/example_dags/example_params_ui_tutorial.py
[2023-10-10T18:02:47.686+0000] {processor.py:826} INFO - Processing file /home/airflow/.local/lib/python3.7/site-packages/airflow/example_dags/example_params_ui_tutorial.py for tasks to queue
[2023-10-10T18:02:47.689+0000] {logging_mixin.py:150} INFO - [2023-10-10T18:02:47.688+0000] {dagbag.py:541} INFO - Filling up the DagBag from /home/airflow/.local/lib/python3.7/site-packages/airflow/example_dags/example_params_ui_tutorial.py
[2023-10-10T18:02:47.773+0000] {processor.py:836} INFO - DAG(s) dict_keys(['example_params_ui_tutorial']) retrieved from /home/airflow/.local/lib/python3.7/site-packages/airflow/example_dags/example_params_ui_tutorial.py
[2023-10-10T18:02:47.895+0000] {logging_mixin.py:150} INFO - [2023-10-10T18:02:47.895+0000] {dag.py:2742} INFO - Sync 1 DAGs
[2023-10-10T18:02:47.946+0000] {logging_mixin.py:150} INFO - [2023-10-10T18:02:47.946+0000] {dag.py:3508} INFO - Setting next_dagrun for example_params_ui_tutorial to None, run_after=None
[2023-10-10T18:02:47.982+0000] {processor.py:179} INFO - Processing /home/airflow/.local/lib/python3.7/site-packages/airflow/example_dags/example_params_ui_tutorial.py took 0.307 seconds
[2023-10-10T18:03:18.077+0000] {processor.py:157} INFO - Started process (PID=4257) to work on /home/airflow/.local/lib/python3.7/site-packages/airflow/example_dags/example_params_ui_tutorial.py
[2023-10-10T18:03:18.079+0000] {processor.py:826} INFO - Processing file /home/airflow/.local/lib/python3.7/site-packages/airflow/example_dags/example_params_ui_tutorial.py for tasks to queue
[2023-10-10T18:03:18.081+0000] {logging_mixin.py:150} INFO - [2023-10-10T18:03:18.081+0000] {dagbag.py:541} INFO - Filling up the DagBag from /home/airflow/.local/lib/python3.7/site-packages/airflow/example_dags/example_params_ui_tutorial.py
[2023-10-10T18:03:18.154+0000] {processor.py:836} INFO - DAG(s) dict_keys(['example_params_ui_tutorial']) retrieved from /home/airflow/.local/lib/python3.7/site-packages/airflow/example_dags/example_params_ui_tutorial.py
[2023-10-10T18:03:18.268+0000] {logging_mixin.py:150} INFO - [2023-10-10T18:03:18.268+0000] {dag.py:2742} INFO - Sync 1 DAGs
[2023-10-10T18:03:18.316+0000] {logging_mixin.py:150} INFO - [2023-10-10T18:03:18.316+0000] {dag.py:3508} INFO - Setting next_dagrun for example_params_ui_tutorial to None, run_after=None
[2023-10-10T18:03:18.352+0000] {processor.py:179} INFO - Processing /home/airflow/.local/lib/python3.7/site-packages/airflow/example_dags/example_params_ui_tutorial.py took 0.281 seconds
[2023-10-10T18:03:49.052+0000] {processor.py:157} INFO - Started process (PID=4338) to work on /home/airflow/.local/lib/python3.7/site-packages/airflow/example_dags/example_params_ui_tutorial.py
[2023-10-10T18:03:49.054+0000] {processor.py:826} INFO - Processing file /home/airflow/.local/lib/python3.7/site-packages/airflow/example_dags/example_params_ui_tutorial.py for tasks to queue
[2023-10-10T18:03:49.056+0000] {logging_mixin.py:150} INFO - [2023-10-10T18:03:49.056+0000] {dagbag.py:541} INFO - Filling up the DagBag from /home/airflow/.local/lib/python3.7/site-packages/airflow/example_dags/example_params_ui_tutorial.py
[2023-10-10T18:03:49.132+0000] {processor.py:836} INFO - DAG(s) dict_keys(['example_params_ui_tutorial']) retrieved from /home/airflow/.local/lib/python3.7/site-packages/airflow/example_dags/example_params_ui_tutorial.py
[2023-10-10T18:03:49.248+0000] {logging_mixin.py:150} INFO - [2023-10-10T18:03:49.248+0000] {dag.py:2742} INFO - Sync 1 DAGs
[2023-10-10T18:03:49.294+0000] {logging_mixin.py:150} INFO - [2023-10-10T18:03:49.294+0000] {dag.py:3508} INFO - Setting next_dagrun for example_params_ui_tutorial to None, run_after=None
[2023-10-10T18:03:49.332+0000] {processor.py:179} INFO - Processing /home/airflow/.local/lib/python3.7/site-packages/airflow/example_dags/example_params_ui_tutorial.py took 0.286 seconds
[2023-10-10T18:04:19.621+0000] {processor.py:157} INFO - Started process (PID=4427) to work on /home/airflow/.local/lib/python3.7/site-packages/airflow/example_dags/example_params_ui_tutorial.py
[2023-10-10T18:04:19.624+0000] {processor.py:826} INFO - Processing file /home/airflow/.local/lib/python3.7/site-packages/airflow/example_dags/example_params_ui_tutorial.py for tasks to queue
[2023-10-10T18:04:19.627+0000] {logging_mixin.py:150} INFO - [2023-10-10T18:04:19.627+0000] {dagbag.py:541} INFO - Filling up the DagBag from /home/airflow/.local/lib/python3.7/site-packages/airflow/example_dags/example_params_ui_tutorial.py
[2023-10-10T18:04:19.720+0000] {processor.py:836} INFO - DAG(s) dict_keys(['example_params_ui_tutorial']) retrieved from /home/airflow/.local/lib/python3.7/site-packages/airflow/example_dags/example_params_ui_tutorial.py
[2023-10-10T18:04:19.849+0000] {logging_mixin.py:150} INFO - [2023-10-10T18:04:19.848+0000] {dag.py:2742} INFO - Sync 1 DAGs
[2023-10-10T18:04:19.901+0000] {logging_mixin.py:150} INFO - [2023-10-10T18:04:19.901+0000] {dag.py:3508} INFO - Setting next_dagrun for example_params_ui_tutorial to None, run_after=None
[2023-10-10T18:04:19.942+0000] {processor.py:179} INFO - Processing /home/airflow/.local/lib/python3.7/site-packages/airflow/example_dags/example_params_ui_tutorial.py took 0.328 seconds
[2023-10-10T18:04:50.235+0000] {processor.py:157} INFO - Started process (PID=4508) to work on /home/airflow/.local/lib/python3.7/site-packages/airflow/example_dags/example_params_ui_tutorial.py
[2023-10-10T18:04:50.243+0000] {processor.py:826} INFO - Processing file /home/airflow/.local/lib/python3.7/site-packages/airflow/example_dags/example_params_ui_tutorial.py for tasks to queue
[2023-10-10T18:04:50.284+0000] {logging_mixin.py:150} INFO - [2023-10-10T18:04:50.283+0000] {dagbag.py:541} INFO - Filling up the DagBag from /home/airflow/.local/lib/python3.7/site-packages/airflow/example_dags/example_params_ui_tutorial.py
[2023-10-10T18:04:50.475+0000] {processor.py:836} INFO - DAG(s) dict_keys(['example_params_ui_tutorial']) retrieved from /home/airflow/.local/lib/python3.7/site-packages/airflow/example_dags/example_params_ui_tutorial.py
[2023-10-10T18:04:50.767+0000] {logging_mixin.py:150} INFO - [2023-10-10T18:04:50.766+0000] {dag.py:2742} INFO - Sync 1 DAGs
[2023-10-10T18:04:50.878+0000] {logging_mixin.py:150} INFO - [2023-10-10T18:04:50.877+0000] {dag.py:3508} INFO - Setting next_dagrun for example_params_ui_tutorial to None, run_after=None
[2023-10-10T18:04:51.295+0000] {processor.py:179} INFO - Processing /home/airflow/.local/lib/python3.7/site-packages/airflow/example_dags/example_params_ui_tutorial.py took 1.078 seconds
[2023-10-10T18:05:22.137+0000] {processor.py:157} INFO - Started process (PID=4580) to work on /home/airflow/.local/lib/python3.7/site-packages/airflow/example_dags/example_params_ui_tutorial.py
[2023-10-10T18:05:22.144+0000] {processor.py:826} INFO - Processing file /home/airflow/.local/lib/python3.7/site-packages/airflow/example_dags/example_params_ui_tutorial.py for tasks to queue
[2023-10-10T18:05:22.163+0000] {logging_mixin.py:150} INFO - [2023-10-10T18:05:22.158+0000] {dagbag.py:541} INFO - Filling up the DagBag from /home/airflow/.local/lib/python3.7/site-packages/airflow/example_dags/example_params_ui_tutorial.py
[2023-10-10T18:05:22.724+0000] {processor.py:836} INFO - DAG(s) dict_keys(['example_params_ui_tutorial']) retrieved from /home/airflow/.local/lib/python3.7/site-packages/airflow/example_dags/example_params_ui_tutorial.py
[2023-10-10T18:05:23.640+0000] {logging_mixin.py:150} INFO - [2023-10-10T18:05:23.639+0000] {dag.py:2742} INFO - Sync 1 DAGs
[2023-10-10T18:05:23.873+0000] {logging_mixin.py:150} INFO - [2023-10-10T18:05:23.872+0000] {dag.py:3508} INFO - Setting next_dagrun for example_params_ui_tutorial to None, run_after=None
[2023-10-10T18:05:24.093+0000] {processor.py:179} INFO - Processing /home/airflow/.local/lib/python3.7/site-packages/airflow/example_dags/example_params_ui_tutorial.py took 1.981 seconds
[2023-10-10T18:05:58.581+0000] {processor.py:157} INFO - Started process (PID=4663) to work on /home/airflow/.local/lib/python3.7/site-packages/airflow/example_dags/example_params_ui_tutorial.py
[2023-10-10T18:05:58.587+0000] {processor.py:826} INFO - Processing file /home/airflow/.local/lib/python3.7/site-packages/airflow/example_dags/example_params_ui_tutorial.py for tasks to queue
[2023-10-10T18:05:58.594+0000] {logging_mixin.py:150} INFO - [2023-10-10T18:05:58.593+0000] {dagbag.py:541} INFO - Filling up the DagBag from /home/airflow/.local/lib/python3.7/site-packages/airflow/example_dags/example_params_ui_tutorial.py
[2023-10-10T18:05:58.835+0000] {processor.py:836} INFO - DAG(s) dict_keys(['example_params_ui_tutorial']) retrieved from /home/airflow/.local/lib/python3.7/site-packages/airflow/example_dags/example_params_ui_tutorial.py
[2023-10-10T18:05:59.197+0000] {logging_mixin.py:150} INFO - [2023-10-10T18:05:59.196+0000] {dag.py:2742} INFO - Sync 1 DAGs
[2023-10-10T18:05:59.367+0000] {logging_mixin.py:150} INFO - [2023-10-10T18:05:59.366+0000] {dag.py:3508} INFO - Setting next_dagrun for example_params_ui_tutorial to None, run_after=None
[2023-10-10T18:05:59.482+0000] {processor.py:179} INFO - Processing /home/airflow/.local/lib/python3.7/site-packages/airflow/example_dags/example_params_ui_tutorial.py took 0.919 seconds
[2023-10-10T18:06:30.101+0000] {processor.py:157} INFO - Started process (PID=4744) to work on /home/airflow/.local/lib/python3.7/site-packages/airflow/example_dags/example_params_ui_tutorial.py
[2023-10-10T18:06:30.105+0000] {processor.py:826} INFO - Processing file /home/airflow/.local/lib/python3.7/site-packages/airflow/example_dags/example_params_ui_tutorial.py for tasks to queue
[2023-10-10T18:06:30.109+0000] {logging_mixin.py:150} INFO - [2023-10-10T18:06:30.108+0000] {dagbag.py:541} INFO - Filling up the DagBag from /home/airflow/.local/lib/python3.7/site-packages/airflow/example_dags/example_params_ui_tutorial.py
[2023-10-10T18:06:30.259+0000] {processor.py:836} INFO - DAG(s) dict_keys(['example_params_ui_tutorial']) retrieved from /home/airflow/.local/lib/python3.7/site-packages/airflow/example_dags/example_params_ui_tutorial.py
[2023-10-10T18:06:30.464+0000] {logging_mixin.py:150} INFO - [2023-10-10T18:06:30.464+0000] {dag.py:2742} INFO - Sync 1 DAGs
[2023-10-10T18:06:30.777+0000] {logging_mixin.py:150} INFO - [2023-10-10T18:06:30.776+0000] {dag.py:3508} INFO - Setting next_dagrun for example_params_ui_tutorial to None, run_after=None
[2023-10-10T18:06:30.849+0000] {processor.py:179} INFO - Processing /home/airflow/.local/lib/python3.7/site-packages/airflow/example_dags/example_params_ui_tutorial.py took 0.762 seconds
