[2023-10-10T17:36:36.744+0000] {processor.py:157} INFO - Started process (PID=82) to work on /home/airflow/.local/lib/python3.7/site-packages/airflow/example_dags/example_local_kubernetes_executor.py
[2023-10-10T17:36:36.752+0000] {processor.py:826} INFO - Processing file /home/airflow/.local/lib/python3.7/site-packages/airflow/example_dags/example_local_kubernetes_executor.py for tasks to queue
[2023-10-10T17:36:36.755+0000] {logging_mixin.py:150} INFO - [2023-10-10T17:36:36.754+0000] {dagbag.py:541} INFO - Filling up the DagBag from /home/airflow/.local/lib/python3.7/site-packages/airflow/example_dags/example_local_kubernetes_executor.py
[2023-10-10T17:36:38.725+0000] {processor.py:836} INFO - DAG(s) dict_keys(['example_local_kubernetes_executor']) retrieved from /home/airflow/.local/lib/python3.7/site-packages/airflow/example_dags/example_local_kubernetes_executor.py
[2023-10-10T17:36:38.747+0000] {logging_mixin.py:150} INFO - [2023-10-10T17:36:38.747+0000] {dag.py:2742} INFO - Sync 1 DAGs
[2023-10-10T17:36:38.790+0000] {logging_mixin.py:150} INFO - [2023-10-10T17:36:38.790+0000] {dag.py:3508} INFO - Setting next_dagrun for example_local_kubernetes_executor to None, run_after=None
[2023-10-10T17:36:38.835+0000] {processor.py:179} INFO - Processing /home/airflow/.local/lib/python3.7/site-packages/airflow/example_dags/example_local_kubernetes_executor.py took 2.098 seconds
[2023-10-10T17:37:08.898+0000] {processor.py:157} INFO - Started process (PID=171) to work on /home/airflow/.local/lib/python3.7/site-packages/airflow/example_dags/example_local_kubernetes_executor.py
[2023-10-10T17:37:08.900+0000] {processor.py:826} INFO - Processing file /home/airflow/.local/lib/python3.7/site-packages/airflow/example_dags/example_local_kubernetes_executor.py for tasks to queue
[2023-10-10T17:37:08.902+0000] {logging_mixin.py:150} INFO - [2023-10-10T17:37:08.901+0000] {dagbag.py:541} INFO - Filling up the DagBag from /home/airflow/.local/lib/python3.7/site-packages/airflow/example_dags/example_local_kubernetes_executor.py
[2023-10-10T17:37:09.267+0000] {processor.py:836} INFO - DAG(s) dict_keys(['example_local_kubernetes_executor']) retrieved from /home/airflow/.local/lib/python3.7/site-packages/airflow/example_dags/example_local_kubernetes_executor.py
[2023-10-10T17:37:09.314+0000] {logging_mixin.py:150} INFO - [2023-10-10T17:37:09.313+0000] {dag.py:2742} INFO - Sync 1 DAGs
[2023-10-10T17:37:09.341+0000] {logging_mixin.py:150} INFO - [2023-10-10T17:37:09.341+0000] {dag.py:3508} INFO - Setting next_dagrun for example_local_kubernetes_executor to None, run_after=None
[2023-10-10T17:37:09.363+0000] {processor.py:179} INFO - Processing /home/airflow/.local/lib/python3.7/site-packages/airflow/example_dags/example_local_kubernetes_executor.py took 0.471 seconds
[2023-10-10T17:37:40.268+0000] {processor.py:157} INFO - Started process (PID=260) to work on /home/airflow/.local/lib/python3.7/site-packages/airflow/example_dags/example_local_kubernetes_executor.py
[2023-10-10T17:37:40.270+0000] {processor.py:826} INFO - Processing file /home/airflow/.local/lib/python3.7/site-packages/airflow/example_dags/example_local_kubernetes_executor.py for tasks to queue
[2023-10-10T17:37:40.272+0000] {logging_mixin.py:150} INFO - [2023-10-10T17:37:40.271+0000] {dagbag.py:541} INFO - Filling up the DagBag from /home/airflow/.local/lib/python3.7/site-packages/airflow/example_dags/example_local_kubernetes_executor.py
[2023-10-10T17:37:40.717+0000] {processor.py:836} INFO - DAG(s) dict_keys(['example_local_kubernetes_executor']) retrieved from /home/airflow/.local/lib/python3.7/site-packages/airflow/example_dags/example_local_kubernetes_executor.py
[2023-10-10T17:37:40.761+0000] {logging_mixin.py:150} INFO - [2023-10-10T17:37:40.760+0000] {dag.py:2742} INFO - Sync 1 DAGs
[2023-10-10T17:37:40.793+0000] {logging_mixin.py:150} INFO - [2023-10-10T17:37:40.793+0000] {dag.py:3508} INFO - Setting next_dagrun for example_local_kubernetes_executor to None, run_after=None
[2023-10-10T17:37:40.825+0000] {processor.py:179} INFO - Processing /home/airflow/.local/lib/python3.7/site-packages/airflow/example_dags/example_local_kubernetes_executor.py took 0.562 seconds
[2023-10-10T17:38:11.725+0000] {processor.py:157} INFO - Started process (PID=340) to work on /home/airflow/.local/lib/python3.7/site-packages/airflow/example_dags/example_local_kubernetes_executor.py
[2023-10-10T17:38:11.729+0000] {processor.py:826} INFO - Processing file /home/airflow/.local/lib/python3.7/site-packages/airflow/example_dags/example_local_kubernetes_executor.py for tasks to queue
[2023-10-10T17:38:11.731+0000] {logging_mixin.py:150} INFO - [2023-10-10T17:38:11.730+0000] {dagbag.py:541} INFO - Filling up the DagBag from /home/airflow/.local/lib/python3.7/site-packages/airflow/example_dags/example_local_kubernetes_executor.py
[2023-10-10T17:38:12.121+0000] {processor.py:836} INFO - DAG(s) dict_keys(['example_local_kubernetes_executor']) retrieved from /home/airflow/.local/lib/python3.7/site-packages/airflow/example_dags/example_local_kubernetes_executor.py
[2023-10-10T17:38:12.166+0000] {logging_mixin.py:150} INFO - [2023-10-10T17:38:12.165+0000] {dag.py:2742} INFO - Sync 1 DAGs
[2023-10-10T17:38:12.198+0000] {logging_mixin.py:150} INFO - [2023-10-10T17:38:12.198+0000] {dag.py:3508} INFO - Setting next_dagrun for example_local_kubernetes_executor to None, run_after=None
[2023-10-10T17:38:12.221+0000] {processor.py:179} INFO - Processing /home/airflow/.local/lib/python3.7/site-packages/airflow/example_dags/example_local_kubernetes_executor.py took 0.504 seconds
[2023-10-10T17:38:42.488+0000] {processor.py:157} INFO - Started process (PID=443) to work on /home/airflow/.local/lib/python3.7/site-packages/airflow/example_dags/example_local_kubernetes_executor.py
[2023-10-10T17:38:42.491+0000] {processor.py:826} INFO - Processing file /home/airflow/.local/lib/python3.7/site-packages/airflow/example_dags/example_local_kubernetes_executor.py for tasks to queue
[2023-10-10T17:38:42.493+0000] {logging_mixin.py:150} INFO - [2023-10-10T17:38:42.493+0000] {dagbag.py:541} INFO - Filling up the DagBag from /home/airflow/.local/lib/python3.7/site-packages/airflow/example_dags/example_local_kubernetes_executor.py
[2023-10-10T17:38:42.932+0000] {processor.py:836} INFO - DAG(s) dict_keys(['example_local_kubernetes_executor']) retrieved from /home/airflow/.local/lib/python3.7/site-packages/airflow/example_dags/example_local_kubernetes_executor.py
[2023-10-10T17:38:42.972+0000] {logging_mixin.py:150} INFO - [2023-10-10T17:38:42.972+0000] {dag.py:2742} INFO - Sync 1 DAGs
[2023-10-10T17:38:43.004+0000] {logging_mixin.py:150} INFO - [2023-10-10T17:38:43.004+0000] {dag.py:3508} INFO - Setting next_dagrun for example_local_kubernetes_executor to None, run_after=None
[2023-10-10T17:38:43.030+0000] {processor.py:179} INFO - Processing /home/airflow/.local/lib/python3.7/site-packages/airflow/example_dags/example_local_kubernetes_executor.py took 0.547 seconds
[2023-10-10T17:39:13.831+0000] {processor.py:157} INFO - Started process (PID=523) to work on /home/airflow/.local/lib/python3.7/site-packages/airflow/example_dags/example_local_kubernetes_executor.py
[2023-10-10T17:39:13.833+0000] {processor.py:826} INFO - Processing file /home/airflow/.local/lib/python3.7/site-packages/airflow/example_dags/example_local_kubernetes_executor.py for tasks to queue
[2023-10-10T17:39:13.835+0000] {logging_mixin.py:150} INFO - [2023-10-10T17:39:13.834+0000] {dagbag.py:541} INFO - Filling up the DagBag from /home/airflow/.local/lib/python3.7/site-packages/airflow/example_dags/example_local_kubernetes_executor.py
[2023-10-10T17:39:14.215+0000] {processor.py:836} INFO - DAG(s) dict_keys(['example_local_kubernetes_executor']) retrieved from /home/airflow/.local/lib/python3.7/site-packages/airflow/example_dags/example_local_kubernetes_executor.py
[2023-10-10T17:39:14.258+0000] {logging_mixin.py:150} INFO - [2023-10-10T17:39:14.257+0000] {dag.py:2742} INFO - Sync 1 DAGs
[2023-10-10T17:39:14.292+0000] {logging_mixin.py:150} INFO - [2023-10-10T17:39:14.292+0000] {dag.py:3508} INFO - Setting next_dagrun for example_local_kubernetes_executor to None, run_after=None
[2023-10-10T17:39:14.316+0000] {processor.py:179} INFO - Processing /home/airflow/.local/lib/python3.7/site-packages/airflow/example_dags/example_local_kubernetes_executor.py took 0.490 seconds
[2023-10-10T17:39:44.449+0000] {processor.py:157} INFO - Started process (PID=612) to work on /home/airflow/.local/lib/python3.7/site-packages/airflow/example_dags/example_local_kubernetes_executor.py
[2023-10-10T17:39:44.451+0000] {processor.py:826} INFO - Processing file /home/airflow/.local/lib/python3.7/site-packages/airflow/example_dags/example_local_kubernetes_executor.py for tasks to queue
[2023-10-10T17:39:44.453+0000] {logging_mixin.py:150} INFO - [2023-10-10T17:39:44.452+0000] {dagbag.py:541} INFO - Filling up the DagBag from /home/airflow/.local/lib/python3.7/site-packages/airflow/example_dags/example_local_kubernetes_executor.py
[2023-10-10T17:39:44.820+0000] {processor.py:836} INFO - DAG(s) dict_keys(['example_local_kubernetes_executor']) retrieved from /home/airflow/.local/lib/python3.7/site-packages/airflow/example_dags/example_local_kubernetes_executor.py
[2023-10-10T17:39:44.857+0000] {logging_mixin.py:150} INFO - [2023-10-10T17:39:44.856+0000] {dag.py:2742} INFO - Sync 1 DAGs
[2023-10-10T17:39:44.884+0000] {logging_mixin.py:150} INFO - [2023-10-10T17:39:44.884+0000] {dag.py:3508} INFO - Setting next_dagrun for example_local_kubernetes_executor to None, run_after=None
[2023-10-10T17:39:44.906+0000] {processor.py:179} INFO - Processing /home/airflow/.local/lib/python3.7/site-packages/airflow/example_dags/example_local_kubernetes_executor.py took 0.463 seconds
[2023-10-10T17:40:15.827+0000] {processor.py:157} INFO - Started process (PID=692) to work on /home/airflow/.local/lib/python3.7/site-packages/airflow/example_dags/example_local_kubernetes_executor.py
[2023-10-10T17:40:15.829+0000] {processor.py:826} INFO - Processing file /home/airflow/.local/lib/python3.7/site-packages/airflow/example_dags/example_local_kubernetes_executor.py for tasks to queue
[2023-10-10T17:40:15.831+0000] {logging_mixin.py:150} INFO - [2023-10-10T17:40:15.831+0000] {dagbag.py:541} INFO - Filling up the DagBag from /home/airflow/.local/lib/python3.7/site-packages/airflow/example_dags/example_local_kubernetes_executor.py
[2023-10-10T17:40:16.207+0000] {processor.py:836} INFO - DAG(s) dict_keys(['example_local_kubernetes_executor']) retrieved from /home/airflow/.local/lib/python3.7/site-packages/airflow/example_dags/example_local_kubernetes_executor.py
[2023-10-10T17:40:16.257+0000] {logging_mixin.py:150} INFO - [2023-10-10T17:40:16.257+0000] {dag.py:2742} INFO - Sync 1 DAGs
[2023-10-10T17:40:16.292+0000] {logging_mixin.py:150} INFO - [2023-10-10T17:40:16.292+0000] {dag.py:3508} INFO - Setting next_dagrun for example_local_kubernetes_executor to None, run_after=None
[2023-10-10T17:40:16.318+0000] {processor.py:179} INFO - Processing /home/airflow/.local/lib/python3.7/site-packages/airflow/example_dags/example_local_kubernetes_executor.py took 0.497 seconds
[2023-10-10T17:40:47.133+0000] {processor.py:157} INFO - Started process (PID=781) to work on /home/airflow/.local/lib/python3.7/site-packages/airflow/example_dags/example_local_kubernetes_executor.py
[2023-10-10T17:40:47.136+0000] {processor.py:826} INFO - Processing file /home/airflow/.local/lib/python3.7/site-packages/airflow/example_dags/example_local_kubernetes_executor.py for tasks to queue
[2023-10-10T17:40:47.139+0000] {logging_mixin.py:150} INFO - [2023-10-10T17:40:47.138+0000] {dagbag.py:541} INFO - Filling up the DagBag from /home/airflow/.local/lib/python3.7/site-packages/airflow/example_dags/example_local_kubernetes_executor.py
[2023-10-10T17:40:47.642+0000] {processor.py:836} INFO - DAG(s) dict_keys(['example_local_kubernetes_executor']) retrieved from /home/airflow/.local/lib/python3.7/site-packages/airflow/example_dags/example_local_kubernetes_executor.py
[2023-10-10T17:40:47.694+0000] {logging_mixin.py:150} INFO - [2023-10-10T17:40:47.694+0000] {dag.py:2742} INFO - Sync 1 DAGs
[2023-10-10T17:40:47.745+0000] {logging_mixin.py:150} INFO - [2023-10-10T17:40:47.744+0000] {dag.py:3508} INFO - Setting next_dagrun for example_local_kubernetes_executor to None, run_after=None
[2023-10-10T17:40:47.778+0000] {processor.py:179} INFO - Processing /home/airflow/.local/lib/python3.7/site-packages/airflow/example_dags/example_local_kubernetes_executor.py took 0.653 seconds
[2023-10-10T17:41:18.647+0000] {processor.py:157} INFO - Started process (PID=861) to work on /home/airflow/.local/lib/python3.7/site-packages/airflow/example_dags/example_local_kubernetes_executor.py
[2023-10-10T17:41:18.650+0000] {processor.py:826} INFO - Processing file /home/airflow/.local/lib/python3.7/site-packages/airflow/example_dags/example_local_kubernetes_executor.py for tasks to queue
[2023-10-10T17:41:18.652+0000] {logging_mixin.py:150} INFO - [2023-10-10T17:41:18.651+0000] {dagbag.py:541} INFO - Filling up the DagBag from /home/airflow/.local/lib/python3.7/site-packages/airflow/example_dags/example_local_kubernetes_executor.py
[2023-10-10T17:41:19.030+0000] {processor.py:836} INFO - DAG(s) dict_keys(['example_local_kubernetes_executor']) retrieved from /home/airflow/.local/lib/python3.7/site-packages/airflow/example_dags/example_local_kubernetes_executor.py
[2023-10-10T17:41:19.069+0000] {logging_mixin.py:150} INFO - [2023-10-10T17:41:19.069+0000] {dag.py:2742} INFO - Sync 1 DAGs
[2023-10-10T17:41:19.097+0000] {logging_mixin.py:150} INFO - [2023-10-10T17:41:19.097+0000] {dag.py:3508} INFO - Setting next_dagrun for example_local_kubernetes_executor to None, run_after=None
[2023-10-10T17:41:19.119+0000] {processor.py:179} INFO - Processing /home/airflow/.local/lib/python3.7/site-packages/airflow/example_dags/example_local_kubernetes_executor.py took 0.477 seconds
[2023-10-10T17:41:49.582+0000] {processor.py:157} INFO - Started process (PID=951) to work on /home/airflow/.local/lib/python3.7/site-packages/airflow/example_dags/example_local_kubernetes_executor.py
[2023-10-10T17:41:49.585+0000] {processor.py:826} INFO - Processing file /home/airflow/.local/lib/python3.7/site-packages/airflow/example_dags/example_local_kubernetes_executor.py for tasks to queue
[2023-10-10T17:41:49.587+0000] {logging_mixin.py:150} INFO - [2023-10-10T17:41:49.586+0000] {dagbag.py:541} INFO - Filling up the DagBag from /home/airflow/.local/lib/python3.7/site-packages/airflow/example_dags/example_local_kubernetes_executor.py
[2023-10-10T17:41:49.967+0000] {processor.py:836} INFO - DAG(s) dict_keys(['example_local_kubernetes_executor']) retrieved from /home/airflow/.local/lib/python3.7/site-packages/airflow/example_dags/example_local_kubernetes_executor.py
[2023-10-10T17:41:50.021+0000] {logging_mixin.py:150} INFO - [2023-10-10T17:41:50.020+0000] {dag.py:2742} INFO - Sync 1 DAGs
[2023-10-10T17:41:50.063+0000] {logging_mixin.py:150} INFO - [2023-10-10T17:41:50.062+0000] {dag.py:3508} INFO - Setting next_dagrun for example_local_kubernetes_executor to None, run_after=None
[2023-10-10T17:41:50.087+0000] {processor.py:179} INFO - Processing /home/airflow/.local/lib/python3.7/site-packages/airflow/example_dags/example_local_kubernetes_executor.py took 0.531 seconds
[2023-10-10T17:42:20.444+0000] {processor.py:157} INFO - Started process (PID=1031) to work on /home/airflow/.local/lib/python3.7/site-packages/airflow/example_dags/example_local_kubernetes_executor.py
[2023-10-10T17:42:20.466+0000] {processor.py:826} INFO - Processing file /home/airflow/.local/lib/python3.7/site-packages/airflow/example_dags/example_local_kubernetes_executor.py for tasks to queue
[2023-10-10T17:42:20.471+0000] {logging_mixin.py:150} INFO - [2023-10-10T17:42:20.470+0000] {dagbag.py:541} INFO - Filling up the DagBag from /home/airflow/.local/lib/python3.7/site-packages/airflow/example_dags/example_local_kubernetes_executor.py
[2023-10-10T17:42:20.992+0000] {processor.py:836} INFO - DAG(s) dict_keys(['example_local_kubernetes_executor']) retrieved from /home/airflow/.local/lib/python3.7/site-packages/airflow/example_dags/example_local_kubernetes_executor.py
[2023-10-10T17:42:21.041+0000] {logging_mixin.py:150} INFO - [2023-10-10T17:42:21.040+0000] {dag.py:2742} INFO - Sync 1 DAGs
[2023-10-10T17:42:21.090+0000] {logging_mixin.py:150} INFO - [2023-10-10T17:42:21.090+0000] {dag.py:3508} INFO - Setting next_dagrun for example_local_kubernetes_executor to None, run_after=None
[2023-10-10T17:42:21.167+0000] {processor.py:179} INFO - Processing /home/airflow/.local/lib/python3.7/site-packages/airflow/example_dags/example_local_kubernetes_executor.py took 0.731 seconds
[2023-10-10T17:42:51.471+0000] {processor.py:157} INFO - Started process (PID=1121) to work on /home/airflow/.local/lib/python3.7/site-packages/airflow/example_dags/example_local_kubernetes_executor.py
[2023-10-10T17:42:51.473+0000] {processor.py:826} INFO - Processing file /home/airflow/.local/lib/python3.7/site-packages/airflow/example_dags/example_local_kubernetes_executor.py for tasks to queue
[2023-10-10T17:42:51.475+0000] {logging_mixin.py:150} INFO - [2023-10-10T17:42:51.474+0000] {dagbag.py:541} INFO - Filling up the DagBag from /home/airflow/.local/lib/python3.7/site-packages/airflow/example_dags/example_local_kubernetes_executor.py
[2023-10-10T17:42:51.884+0000] {processor.py:836} INFO - DAG(s) dict_keys(['example_local_kubernetes_executor']) retrieved from /home/airflow/.local/lib/python3.7/site-packages/airflow/example_dags/example_local_kubernetes_executor.py
[2023-10-10T17:42:51.927+0000] {logging_mixin.py:150} INFO - [2023-10-10T17:42:51.927+0000] {dag.py:2742} INFO - Sync 1 DAGs
[2023-10-10T17:42:51.966+0000] {logging_mixin.py:150} INFO - [2023-10-10T17:42:51.966+0000] {dag.py:3508} INFO - Setting next_dagrun for example_local_kubernetes_executor to None, run_after=None
[2023-10-10T17:42:51.999+0000] {processor.py:179} INFO - Processing /home/airflow/.local/lib/python3.7/site-packages/airflow/example_dags/example_local_kubernetes_executor.py took 0.533 seconds
[2023-10-10T17:43:22.290+0000] {processor.py:157} INFO - Started process (PID=1201) to work on /home/airflow/.local/lib/python3.7/site-packages/airflow/example_dags/example_local_kubernetes_executor.py
[2023-10-10T17:43:22.293+0000] {processor.py:826} INFO - Processing file /home/airflow/.local/lib/python3.7/site-packages/airflow/example_dags/example_local_kubernetes_executor.py for tasks to queue
[2023-10-10T17:43:22.295+0000] {logging_mixin.py:150} INFO - [2023-10-10T17:43:22.294+0000] {dagbag.py:541} INFO - Filling up the DagBag from /home/airflow/.local/lib/python3.7/site-packages/airflow/example_dags/example_local_kubernetes_executor.py
[2023-10-10T17:43:22.764+0000] {processor.py:836} INFO - DAG(s) dict_keys(['example_local_kubernetes_executor']) retrieved from /home/airflow/.local/lib/python3.7/site-packages/airflow/example_dags/example_local_kubernetes_executor.py
[2023-10-10T17:43:22.819+0000] {logging_mixin.py:150} INFO - [2023-10-10T17:43:22.818+0000] {dag.py:2742} INFO - Sync 1 DAGs
[2023-10-10T17:43:22.861+0000] {logging_mixin.py:150} INFO - [2023-10-10T17:43:22.860+0000] {dag.py:3508} INFO - Setting next_dagrun for example_local_kubernetes_executor to None, run_after=None
[2023-10-10T17:43:22.913+0000] {processor.py:179} INFO - Processing /home/airflow/.local/lib/python3.7/site-packages/airflow/example_dags/example_local_kubernetes_executor.py took 0.627 seconds
[2023-10-10T17:43:53.450+0000] {processor.py:157} INFO - Started process (PID=1291) to work on /home/airflow/.local/lib/python3.7/site-packages/airflow/example_dags/example_local_kubernetes_executor.py
[2023-10-10T17:43:53.452+0000] {processor.py:826} INFO - Processing file /home/airflow/.local/lib/python3.7/site-packages/airflow/example_dags/example_local_kubernetes_executor.py for tasks to queue
[2023-10-10T17:43:53.453+0000] {logging_mixin.py:150} INFO - [2023-10-10T17:43:53.453+0000] {dagbag.py:541} INFO - Filling up the DagBag from /home/airflow/.local/lib/python3.7/site-packages/airflow/example_dags/example_local_kubernetes_executor.py
[2023-10-10T17:43:53.857+0000] {processor.py:836} INFO - DAG(s) dict_keys(['example_local_kubernetes_executor']) retrieved from /home/airflow/.local/lib/python3.7/site-packages/airflow/example_dags/example_local_kubernetes_executor.py
[2023-10-10T17:43:53.903+0000] {logging_mixin.py:150} INFO - [2023-10-10T17:43:53.903+0000] {dag.py:2742} INFO - Sync 1 DAGs
[2023-10-10T17:43:53.948+0000] {logging_mixin.py:150} INFO - [2023-10-10T17:43:53.948+0000] {dag.py:3508} INFO - Setting next_dagrun for example_local_kubernetes_executor to None, run_after=None
[2023-10-10T17:43:53.985+0000] {processor.py:179} INFO - Processing /home/airflow/.local/lib/python3.7/site-packages/airflow/example_dags/example_local_kubernetes_executor.py took 0.540 seconds
[2023-10-10T17:44:24.074+0000] {processor.py:157} INFO - Started process (PID=1371) to work on /home/airflow/.local/lib/python3.7/site-packages/airflow/example_dags/example_local_kubernetes_executor.py
[2023-10-10T17:44:24.076+0000] {processor.py:826} INFO - Processing file /home/airflow/.local/lib/python3.7/site-packages/airflow/example_dags/example_local_kubernetes_executor.py for tasks to queue
[2023-10-10T17:44:24.078+0000] {logging_mixin.py:150} INFO - [2023-10-10T17:44:24.077+0000] {dagbag.py:541} INFO - Filling up the DagBag from /home/airflow/.local/lib/python3.7/site-packages/airflow/example_dags/example_local_kubernetes_executor.py
[2023-10-10T17:44:24.540+0000] {processor.py:836} INFO - DAG(s) dict_keys(['example_local_kubernetes_executor']) retrieved from /home/airflow/.local/lib/python3.7/site-packages/airflow/example_dags/example_local_kubernetes_executor.py
[2023-10-10T17:44:24.581+0000] {logging_mixin.py:150} INFO - [2023-10-10T17:44:24.581+0000] {dag.py:2742} INFO - Sync 1 DAGs
[2023-10-10T17:44:24.613+0000] {logging_mixin.py:150} INFO - [2023-10-10T17:44:24.613+0000] {dag.py:3508} INFO - Setting next_dagrun for example_local_kubernetes_executor to None, run_after=None
[2023-10-10T17:44:24.638+0000] {processor.py:179} INFO - Processing /home/airflow/.local/lib/python3.7/site-packages/airflow/example_dags/example_local_kubernetes_executor.py took 0.570 seconds
[2023-10-10T17:44:55.230+0000] {processor.py:157} INFO - Started process (PID=1460) to work on /home/airflow/.local/lib/python3.7/site-packages/airflow/example_dags/example_local_kubernetes_executor.py
[2023-10-10T17:44:55.232+0000] {processor.py:826} INFO - Processing file /home/airflow/.local/lib/python3.7/site-packages/airflow/example_dags/example_local_kubernetes_executor.py for tasks to queue
[2023-10-10T17:44:55.235+0000] {logging_mixin.py:150} INFO - [2023-10-10T17:44:55.234+0000] {dagbag.py:541} INFO - Filling up the DagBag from /home/airflow/.local/lib/python3.7/site-packages/airflow/example_dags/example_local_kubernetes_executor.py
[2023-10-10T17:44:55.678+0000] {processor.py:836} INFO - DAG(s) dict_keys(['example_local_kubernetes_executor']) retrieved from /home/airflow/.local/lib/python3.7/site-packages/airflow/example_dags/example_local_kubernetes_executor.py
[2023-10-10T17:44:55.715+0000] {logging_mixin.py:150} INFO - [2023-10-10T17:44:55.715+0000] {dag.py:2742} INFO - Sync 1 DAGs
[2023-10-10T17:44:55.758+0000] {logging_mixin.py:150} INFO - [2023-10-10T17:44:55.757+0000] {dag.py:3508} INFO - Setting next_dagrun for example_local_kubernetes_executor to None, run_after=None
[2023-10-10T17:44:55.816+0000] {processor.py:179} INFO - Processing /home/airflow/.local/lib/python3.7/site-packages/airflow/example_dags/example_local_kubernetes_executor.py took 0.594 seconds
[2023-10-10T17:45:26.821+0000] {processor.py:157} INFO - Started process (PID=1542) to work on /home/airflow/.local/lib/python3.7/site-packages/airflow/example_dags/example_local_kubernetes_executor.py
[2023-10-10T17:45:26.823+0000] {processor.py:826} INFO - Processing file /home/airflow/.local/lib/python3.7/site-packages/airflow/example_dags/example_local_kubernetes_executor.py for tasks to queue
[2023-10-10T17:45:26.826+0000] {logging_mixin.py:150} INFO - [2023-10-10T17:45:26.826+0000] {dagbag.py:541} INFO - Filling up the DagBag from /home/airflow/.local/lib/python3.7/site-packages/airflow/example_dags/example_local_kubernetes_executor.py
[2023-10-10T17:45:27.201+0000] {processor.py:836} INFO - DAG(s) dict_keys(['example_local_kubernetes_executor']) retrieved from /home/airflow/.local/lib/python3.7/site-packages/airflow/example_dags/example_local_kubernetes_executor.py
[2023-10-10T17:45:27.236+0000] {logging_mixin.py:150} INFO - [2023-10-10T17:45:27.236+0000] {dag.py:2742} INFO - Sync 1 DAGs
[2023-10-10T17:45:27.267+0000] {logging_mixin.py:150} INFO - [2023-10-10T17:45:27.266+0000] {dag.py:3508} INFO - Setting next_dagrun for example_local_kubernetes_executor to None, run_after=None
[2023-10-10T17:45:27.288+0000] {processor.py:179} INFO - Processing /home/airflow/.local/lib/python3.7/site-packages/airflow/example_dags/example_local_kubernetes_executor.py took 0.472 seconds
[2023-10-10T17:45:58.036+0000] {processor.py:157} INFO - Started process (PID=1631) to work on /home/airflow/.local/lib/python3.7/site-packages/airflow/example_dags/example_local_kubernetes_executor.py
[2023-10-10T17:45:58.039+0000] {processor.py:826} INFO - Processing file /home/airflow/.local/lib/python3.7/site-packages/airflow/example_dags/example_local_kubernetes_executor.py for tasks to queue
[2023-10-10T17:45:58.041+0000] {logging_mixin.py:150} INFO - [2023-10-10T17:45:58.040+0000] {dagbag.py:541} INFO - Filling up the DagBag from /home/airflow/.local/lib/python3.7/site-packages/airflow/example_dags/example_local_kubernetes_executor.py
[2023-10-10T17:45:58.445+0000] {processor.py:836} INFO - DAG(s) dict_keys(['example_local_kubernetes_executor']) retrieved from /home/airflow/.local/lib/python3.7/site-packages/airflow/example_dags/example_local_kubernetes_executor.py
[2023-10-10T17:45:58.481+0000] {logging_mixin.py:150} INFO - [2023-10-10T17:45:58.481+0000] {dag.py:2742} INFO - Sync 1 DAGs
[2023-10-10T17:45:58.509+0000] {logging_mixin.py:150} INFO - [2023-10-10T17:45:58.509+0000] {dag.py:3508} INFO - Setting next_dagrun for example_local_kubernetes_executor to None, run_after=None
[2023-10-10T17:45:58.530+0000] {processor.py:179} INFO - Processing /home/airflow/.local/lib/python3.7/site-packages/airflow/example_dags/example_local_kubernetes_executor.py took 0.498 seconds
[2023-10-10T17:46:29.363+0000] {processor.py:157} INFO - Started process (PID=1711) to work on /home/airflow/.local/lib/python3.7/site-packages/airflow/example_dags/example_local_kubernetes_executor.py
[2023-10-10T17:46:29.366+0000] {processor.py:826} INFO - Processing file /home/airflow/.local/lib/python3.7/site-packages/airflow/example_dags/example_local_kubernetes_executor.py for tasks to queue
[2023-10-10T17:46:29.369+0000] {logging_mixin.py:150} INFO - [2023-10-10T17:46:29.368+0000] {dagbag.py:541} INFO - Filling up the DagBag from /home/airflow/.local/lib/python3.7/site-packages/airflow/example_dags/example_local_kubernetes_executor.py
[2023-10-10T17:46:29.848+0000] {processor.py:836} INFO - DAG(s) dict_keys(['example_local_kubernetes_executor']) retrieved from /home/airflow/.local/lib/python3.7/site-packages/airflow/example_dags/example_local_kubernetes_executor.py
[2023-10-10T17:46:29.886+0000] {logging_mixin.py:150} INFO - [2023-10-10T17:46:29.886+0000] {dag.py:2742} INFO - Sync 1 DAGs
[2023-10-10T17:46:29.914+0000] {logging_mixin.py:150} INFO - [2023-10-10T17:46:29.914+0000] {dag.py:3508} INFO - Setting next_dagrun for example_local_kubernetes_executor to None, run_after=None
[2023-10-10T17:46:29.936+0000] {processor.py:179} INFO - Processing /home/airflow/.local/lib/python3.7/site-packages/airflow/example_dags/example_local_kubernetes_executor.py took 0.579 seconds
[2023-10-10T17:47:00.662+0000] {processor.py:157} INFO - Started process (PID=1800) to work on /home/airflow/.local/lib/python3.7/site-packages/airflow/example_dags/example_local_kubernetes_executor.py
[2023-10-10T17:47:00.665+0000] {processor.py:826} INFO - Processing file /home/airflow/.local/lib/python3.7/site-packages/airflow/example_dags/example_local_kubernetes_executor.py for tasks to queue
[2023-10-10T17:47:00.668+0000] {logging_mixin.py:150} INFO - [2023-10-10T17:47:00.667+0000] {dagbag.py:541} INFO - Filling up the DagBag from /home/airflow/.local/lib/python3.7/site-packages/airflow/example_dags/example_local_kubernetes_executor.py
[2023-10-10T17:47:01.099+0000] {processor.py:836} INFO - DAG(s) dict_keys(['example_local_kubernetes_executor']) retrieved from /home/airflow/.local/lib/python3.7/site-packages/airflow/example_dags/example_local_kubernetes_executor.py
[2023-10-10T17:47:01.146+0000] {logging_mixin.py:150} INFO - [2023-10-10T17:47:01.145+0000] {dag.py:2742} INFO - Sync 1 DAGs
[2023-10-10T17:47:01.192+0000] {logging_mixin.py:150} INFO - [2023-10-10T17:47:01.191+0000] {dag.py:3508} INFO - Setting next_dagrun for example_local_kubernetes_executor to None, run_after=None
[2023-10-10T17:47:01.235+0000] {processor.py:179} INFO - Processing /home/airflow/.local/lib/python3.7/site-packages/airflow/example_dags/example_local_kubernetes_executor.py took 0.578 seconds
[2023-10-10T17:47:31.813+0000] {processor.py:157} INFO - Started process (PID=1880) to work on /home/airflow/.local/lib/python3.7/site-packages/airflow/example_dags/example_local_kubernetes_executor.py
[2023-10-10T17:47:31.816+0000] {processor.py:826} INFO - Processing file /home/airflow/.local/lib/python3.7/site-packages/airflow/example_dags/example_local_kubernetes_executor.py for tasks to queue
[2023-10-10T17:47:31.820+0000] {logging_mixin.py:150} INFO - [2023-10-10T17:47:31.820+0000] {dagbag.py:541} INFO - Filling up the DagBag from /home/airflow/.local/lib/python3.7/site-packages/airflow/example_dags/example_local_kubernetes_executor.py
[2023-10-10T17:47:32.302+0000] {processor.py:836} INFO - DAG(s) dict_keys(['example_local_kubernetes_executor']) retrieved from /home/airflow/.local/lib/python3.7/site-packages/airflow/example_dags/example_local_kubernetes_executor.py
[2023-10-10T17:47:32.359+0000] {logging_mixin.py:150} INFO - [2023-10-10T17:47:32.358+0000] {dag.py:2742} INFO - Sync 1 DAGs
[2023-10-10T17:47:32.403+0000] {logging_mixin.py:150} INFO - [2023-10-10T17:47:32.403+0000] {dag.py:3508} INFO - Setting next_dagrun for example_local_kubernetes_executor to None, run_after=None
[2023-10-10T17:47:32.433+0000] {processor.py:179} INFO - Processing /home/airflow/.local/lib/python3.7/site-packages/airflow/example_dags/example_local_kubernetes_executor.py took 0.627 seconds
[2023-10-10T17:48:03.419+0000] {processor.py:157} INFO - Started process (PID=1969) to work on /home/airflow/.local/lib/python3.7/site-packages/airflow/example_dags/example_local_kubernetes_executor.py
[2023-10-10T17:48:03.422+0000] {processor.py:826} INFO - Processing file /home/airflow/.local/lib/python3.7/site-packages/airflow/example_dags/example_local_kubernetes_executor.py for tasks to queue
[2023-10-10T17:48:03.425+0000] {logging_mixin.py:150} INFO - [2023-10-10T17:48:03.424+0000] {dagbag.py:541} INFO - Filling up the DagBag from /home/airflow/.local/lib/python3.7/site-packages/airflow/example_dags/example_local_kubernetes_executor.py
[2023-10-10T17:48:03.936+0000] {processor.py:836} INFO - DAG(s) dict_keys(['example_local_kubernetes_executor']) retrieved from /home/airflow/.local/lib/python3.7/site-packages/airflow/example_dags/example_local_kubernetes_executor.py
[2023-10-10T17:48:03.998+0000] {logging_mixin.py:150} INFO - [2023-10-10T17:48:03.997+0000] {dag.py:2742} INFO - Sync 1 DAGs
[2023-10-10T17:48:04.049+0000] {logging_mixin.py:150} INFO - [2023-10-10T17:48:04.049+0000] {dag.py:3508} INFO - Setting next_dagrun for example_local_kubernetes_executor to None, run_after=None
[2023-10-10T17:48:04.084+0000] {processor.py:179} INFO - Processing /home/airflow/.local/lib/python3.7/site-packages/airflow/example_dags/example_local_kubernetes_executor.py took 0.669 seconds
[2023-10-10T17:48:34.827+0000] {processor.py:157} INFO - Started process (PID=2050) to work on /home/airflow/.local/lib/python3.7/site-packages/airflow/example_dags/example_local_kubernetes_executor.py
[2023-10-10T17:48:34.829+0000] {processor.py:826} INFO - Processing file /home/airflow/.local/lib/python3.7/site-packages/airflow/example_dags/example_local_kubernetes_executor.py for tasks to queue
[2023-10-10T17:48:34.831+0000] {logging_mixin.py:150} INFO - [2023-10-10T17:48:34.831+0000] {dagbag.py:541} INFO - Filling up the DagBag from /home/airflow/.local/lib/python3.7/site-packages/airflow/example_dags/example_local_kubernetes_executor.py
[2023-10-10T17:48:35.319+0000] {processor.py:836} INFO - DAG(s) dict_keys(['example_local_kubernetes_executor']) retrieved from /home/airflow/.local/lib/python3.7/site-packages/airflow/example_dags/example_local_kubernetes_executor.py
[2023-10-10T17:48:35.367+0000] {logging_mixin.py:150} INFO - [2023-10-10T17:48:35.367+0000] {dag.py:2742} INFO - Sync 1 DAGs
[2023-10-10T17:48:35.421+0000] {logging_mixin.py:150} INFO - [2023-10-10T17:48:35.421+0000] {dag.py:3508} INFO - Setting next_dagrun for example_local_kubernetes_executor to None, run_after=None
[2023-10-10T17:48:35.468+0000] {processor.py:179} INFO - Processing /home/airflow/.local/lib/python3.7/site-packages/airflow/example_dags/example_local_kubernetes_executor.py took 0.647 seconds
[2023-10-10T17:49:05.847+0000] {processor.py:157} INFO - Started process (PID=2145) to work on /home/airflow/.local/lib/python3.7/site-packages/airflow/example_dags/example_local_kubernetes_executor.py
[2023-10-10T17:49:05.853+0000] {processor.py:826} INFO - Processing file /home/airflow/.local/lib/python3.7/site-packages/airflow/example_dags/example_local_kubernetes_executor.py for tasks to queue
[2023-10-10T17:49:05.857+0000] {logging_mixin.py:150} INFO - [2023-10-10T17:49:05.856+0000] {dagbag.py:541} INFO - Filling up the DagBag from /home/airflow/.local/lib/python3.7/site-packages/airflow/example_dags/example_local_kubernetes_executor.py
[2023-10-10T17:49:06.376+0000] {processor.py:836} INFO - DAG(s) dict_keys(['example_local_kubernetes_executor']) retrieved from /home/airflow/.local/lib/python3.7/site-packages/airflow/example_dags/example_local_kubernetes_executor.py
[2023-10-10T17:49:06.431+0000] {logging_mixin.py:150} INFO - [2023-10-10T17:49:06.431+0000] {dag.py:2742} INFO - Sync 1 DAGs
[2023-10-10T17:49:06.471+0000] {logging_mixin.py:150} INFO - [2023-10-10T17:49:06.471+0000] {dag.py:3508} INFO - Setting next_dagrun for example_local_kubernetes_executor to None, run_after=None
[2023-10-10T17:49:06.501+0000] {processor.py:179} INFO - Processing /home/airflow/.local/lib/python3.7/site-packages/airflow/example_dags/example_local_kubernetes_executor.py took 0.669 seconds
[2023-10-10T17:49:37.294+0000] {processor.py:157} INFO - Started process (PID=2226) to work on /home/airflow/.local/lib/python3.7/site-packages/airflow/example_dags/example_local_kubernetes_executor.py
[2023-10-10T17:49:37.297+0000] {processor.py:826} INFO - Processing file /home/airflow/.local/lib/python3.7/site-packages/airflow/example_dags/example_local_kubernetes_executor.py for tasks to queue
[2023-10-10T17:49:37.299+0000] {logging_mixin.py:150} INFO - [2023-10-10T17:49:37.298+0000] {dagbag.py:541} INFO - Filling up the DagBag from /home/airflow/.local/lib/python3.7/site-packages/airflow/example_dags/example_local_kubernetes_executor.py
[2023-10-10T17:49:37.721+0000] {processor.py:836} INFO - DAG(s) dict_keys(['example_local_kubernetes_executor']) retrieved from /home/airflow/.local/lib/python3.7/site-packages/airflow/example_dags/example_local_kubernetes_executor.py
[2023-10-10T17:49:37.762+0000] {logging_mixin.py:150} INFO - [2023-10-10T17:49:37.761+0000] {dag.py:2742} INFO - Sync 1 DAGs
[2023-10-10T17:49:37.792+0000] {logging_mixin.py:150} INFO - [2023-10-10T17:49:37.792+0000] {dag.py:3508} INFO - Setting next_dagrun for example_local_kubernetes_executor to None, run_after=None
[2023-10-10T17:49:37.814+0000] {processor.py:179} INFO - Processing /home/airflow/.local/lib/python3.7/site-packages/airflow/example_dags/example_local_kubernetes_executor.py took 0.527 seconds
[2023-10-10T17:50:07.860+0000] {processor.py:157} INFO - Started process (PID=2314) to work on /home/airflow/.local/lib/python3.7/site-packages/airflow/example_dags/example_local_kubernetes_executor.py
[2023-10-10T17:50:07.862+0000] {processor.py:826} INFO - Processing file /home/airflow/.local/lib/python3.7/site-packages/airflow/example_dags/example_local_kubernetes_executor.py for tasks to queue
[2023-10-10T17:50:07.864+0000] {logging_mixin.py:150} INFO - [2023-10-10T17:50:07.864+0000] {dagbag.py:541} INFO - Filling up the DagBag from /home/airflow/.local/lib/python3.7/site-packages/airflow/example_dags/example_local_kubernetes_executor.py
[2023-10-10T17:50:08.305+0000] {processor.py:836} INFO - DAG(s) dict_keys(['example_local_kubernetes_executor']) retrieved from /home/airflow/.local/lib/python3.7/site-packages/airflow/example_dags/example_local_kubernetes_executor.py
[2023-10-10T17:50:08.348+0000] {logging_mixin.py:150} INFO - [2023-10-10T17:50:08.347+0000] {dag.py:2742} INFO - Sync 1 DAGs
[2023-10-10T17:50:08.380+0000] {logging_mixin.py:150} INFO - [2023-10-10T17:50:08.380+0000] {dag.py:3508} INFO - Setting next_dagrun for example_local_kubernetes_executor to None, run_after=None
[2023-10-10T17:50:08.413+0000] {processor.py:179} INFO - Processing /home/airflow/.local/lib/python3.7/site-packages/airflow/example_dags/example_local_kubernetes_executor.py took 0.558 seconds
[2023-10-10T17:50:39.084+0000] {processor.py:157} INFO - Started process (PID=2397) to work on /home/airflow/.local/lib/python3.7/site-packages/airflow/example_dags/example_local_kubernetes_executor.py
[2023-10-10T17:50:39.086+0000] {processor.py:826} INFO - Processing file /home/airflow/.local/lib/python3.7/site-packages/airflow/example_dags/example_local_kubernetes_executor.py for tasks to queue
[2023-10-10T17:50:39.088+0000] {logging_mixin.py:150} INFO - [2023-10-10T17:50:39.087+0000] {dagbag.py:541} INFO - Filling up the DagBag from /home/airflow/.local/lib/python3.7/site-packages/airflow/example_dags/example_local_kubernetes_executor.py
[2023-10-10T17:50:39.476+0000] {processor.py:836} INFO - DAG(s) dict_keys(['example_local_kubernetes_executor']) retrieved from /home/airflow/.local/lib/python3.7/site-packages/airflow/example_dags/example_local_kubernetes_executor.py
[2023-10-10T17:50:39.511+0000] {logging_mixin.py:150} INFO - [2023-10-10T17:50:39.511+0000] {dag.py:2742} INFO - Sync 1 DAGs
[2023-10-10T17:50:39.545+0000] {logging_mixin.py:150} INFO - [2023-10-10T17:50:39.544+0000] {dag.py:3508} INFO - Setting next_dagrun for example_local_kubernetes_executor to None, run_after=None
[2023-10-10T17:50:39.571+0000] {processor.py:179} INFO - Processing /home/airflow/.local/lib/python3.7/site-packages/airflow/example_dags/example_local_kubernetes_executor.py took 0.492 seconds
[2023-10-10T17:51:09.762+0000] {processor.py:157} INFO - Started process (PID=2486) to work on /home/airflow/.local/lib/python3.7/site-packages/airflow/example_dags/example_local_kubernetes_executor.py
[2023-10-10T17:51:09.764+0000] {processor.py:826} INFO - Processing file /home/airflow/.local/lib/python3.7/site-packages/airflow/example_dags/example_local_kubernetes_executor.py for tasks to queue
[2023-10-10T17:51:09.765+0000] {logging_mixin.py:150} INFO - [2023-10-10T17:51:09.765+0000] {dagbag.py:541} INFO - Filling up the DagBag from /home/airflow/.local/lib/python3.7/site-packages/airflow/example_dags/example_local_kubernetes_executor.py
[2023-10-10T17:51:10.170+0000] {processor.py:836} INFO - DAG(s) dict_keys(['example_local_kubernetes_executor']) retrieved from /home/airflow/.local/lib/python3.7/site-packages/airflow/example_dags/example_local_kubernetes_executor.py
[2023-10-10T17:51:10.207+0000] {logging_mixin.py:150} INFO - [2023-10-10T17:51:10.207+0000] {dag.py:2742} INFO - Sync 1 DAGs
[2023-10-10T17:51:10.237+0000] {logging_mixin.py:150} INFO - [2023-10-10T17:51:10.237+0000] {dag.py:3508} INFO - Setting next_dagrun for example_local_kubernetes_executor to None, run_after=None
[2023-10-10T17:51:10.263+0000] {processor.py:179} INFO - Processing /home/airflow/.local/lib/python3.7/site-packages/airflow/example_dags/example_local_kubernetes_executor.py took 0.505 seconds
[2023-10-10T17:51:40.336+0000] {processor.py:157} INFO - Started process (PID=2571) to work on /home/airflow/.local/lib/python3.7/site-packages/airflow/example_dags/example_local_kubernetes_executor.py
[2023-10-10T17:51:40.338+0000] {processor.py:826} INFO - Processing file /home/airflow/.local/lib/python3.7/site-packages/airflow/example_dags/example_local_kubernetes_executor.py for tasks to queue
[2023-10-10T17:51:40.340+0000] {logging_mixin.py:150} INFO - [2023-10-10T17:51:40.340+0000] {dagbag.py:541} INFO - Filling up the DagBag from /home/airflow/.local/lib/python3.7/site-packages/airflow/example_dags/example_local_kubernetes_executor.py
[2023-10-10T17:51:40.754+0000] {processor.py:836} INFO - DAG(s) dict_keys(['example_local_kubernetes_executor']) retrieved from /home/airflow/.local/lib/python3.7/site-packages/airflow/example_dags/example_local_kubernetes_executor.py
[2023-10-10T17:51:40.800+0000] {logging_mixin.py:150} INFO - [2023-10-10T17:51:40.800+0000] {dag.py:2742} INFO - Sync 1 DAGs
[2023-10-10T17:51:40.833+0000] {logging_mixin.py:150} INFO - [2023-10-10T17:51:40.833+0000] {dag.py:3508} INFO - Setting next_dagrun for example_local_kubernetes_executor to None, run_after=None
[2023-10-10T17:51:40.857+0000] {processor.py:179} INFO - Processing /home/airflow/.local/lib/python3.7/site-packages/airflow/example_dags/example_local_kubernetes_executor.py took 0.525 seconds
[2023-10-10T17:52:11.527+0000] {processor.py:157} INFO - Started process (PID=2663) to work on /home/airflow/.local/lib/python3.7/site-packages/airflow/example_dags/example_local_kubernetes_executor.py
[2023-10-10T17:52:11.530+0000] {processor.py:826} INFO - Processing file /home/airflow/.local/lib/python3.7/site-packages/airflow/example_dags/example_local_kubernetes_executor.py for tasks to queue
[2023-10-10T17:52:11.533+0000] {logging_mixin.py:150} INFO - [2023-10-10T17:52:11.532+0000] {dagbag.py:541} INFO - Filling up the DagBag from /home/airflow/.local/lib/python3.7/site-packages/airflow/example_dags/example_local_kubernetes_executor.py
[2023-10-10T17:52:11.976+0000] {processor.py:836} INFO - DAG(s) dict_keys(['example_local_kubernetes_executor']) retrieved from /home/airflow/.local/lib/python3.7/site-packages/airflow/example_dags/example_local_kubernetes_executor.py
[2023-10-10T17:52:12.019+0000] {logging_mixin.py:150} INFO - [2023-10-10T17:52:12.019+0000] {dag.py:2742} INFO - Sync 1 DAGs
[2023-10-10T17:52:12.056+0000] {logging_mixin.py:150} INFO - [2023-10-10T17:52:12.056+0000] {dag.py:3508} INFO - Setting next_dagrun for example_local_kubernetes_executor to None, run_after=None
[2023-10-10T17:52:12.085+0000] {processor.py:179} INFO - Processing /home/airflow/.local/lib/python3.7/site-packages/airflow/example_dags/example_local_kubernetes_executor.py took 0.564 seconds
[2023-10-10T17:52:42.502+0000] {processor.py:157} INFO - Started process (PID=2744) to work on /home/airflow/.local/lib/python3.7/site-packages/airflow/example_dags/example_local_kubernetes_executor.py
[2023-10-10T17:52:42.505+0000] {processor.py:826} INFO - Processing file /home/airflow/.local/lib/python3.7/site-packages/airflow/example_dags/example_local_kubernetes_executor.py for tasks to queue
[2023-10-10T17:52:42.507+0000] {logging_mixin.py:150} INFO - [2023-10-10T17:52:42.506+0000] {dagbag.py:541} INFO - Filling up the DagBag from /home/airflow/.local/lib/python3.7/site-packages/airflow/example_dags/example_local_kubernetes_executor.py
[2023-10-10T17:52:42.989+0000] {processor.py:836} INFO - DAG(s) dict_keys(['example_local_kubernetes_executor']) retrieved from /home/airflow/.local/lib/python3.7/site-packages/airflow/example_dags/example_local_kubernetes_executor.py
[2023-10-10T17:52:43.029+0000] {logging_mixin.py:150} INFO - [2023-10-10T17:52:43.029+0000] {dag.py:2742} INFO - Sync 1 DAGs
[2023-10-10T17:52:43.062+0000] {logging_mixin.py:150} INFO - [2023-10-10T17:52:43.062+0000] {dag.py:3508} INFO - Setting next_dagrun for example_local_kubernetes_executor to None, run_after=None
[2023-10-10T17:52:43.088+0000] {processor.py:179} INFO - Processing /home/airflow/.local/lib/python3.7/site-packages/airflow/example_dags/example_local_kubernetes_executor.py took 0.593 seconds
[2023-10-10T17:53:13.150+0000] {processor.py:157} INFO - Started process (PID=2837) to work on /home/airflow/.local/lib/python3.7/site-packages/airflow/example_dags/example_local_kubernetes_executor.py
[2023-10-10T17:53:13.152+0000] {processor.py:826} INFO - Processing file /home/airflow/.local/lib/python3.7/site-packages/airflow/example_dags/example_local_kubernetes_executor.py for tasks to queue
[2023-10-10T17:53:13.155+0000] {logging_mixin.py:150} INFO - [2023-10-10T17:53:13.154+0000] {dagbag.py:541} INFO - Filling up the DagBag from /home/airflow/.local/lib/python3.7/site-packages/airflow/example_dags/example_local_kubernetes_executor.py
[2023-10-10T17:53:13.572+0000] {processor.py:836} INFO - DAG(s) dict_keys(['example_local_kubernetes_executor']) retrieved from /home/airflow/.local/lib/python3.7/site-packages/airflow/example_dags/example_local_kubernetes_executor.py
[2023-10-10T17:53:13.615+0000] {logging_mixin.py:150} INFO - [2023-10-10T17:53:13.615+0000] {dag.py:2742} INFO - Sync 1 DAGs
[2023-10-10T17:53:13.649+0000] {logging_mixin.py:150} INFO - [2023-10-10T17:53:13.649+0000] {dag.py:3508} INFO - Setting next_dagrun for example_local_kubernetes_executor to None, run_after=None
[2023-10-10T17:53:13.680+0000] {processor.py:179} INFO - Processing /home/airflow/.local/lib/python3.7/site-packages/airflow/example_dags/example_local_kubernetes_executor.py took 0.537 seconds
[2023-10-10T17:53:43.830+0000] {processor.py:157} INFO - Started process (PID=2918) to work on /home/airflow/.local/lib/python3.7/site-packages/airflow/example_dags/example_local_kubernetes_executor.py
[2023-10-10T17:53:43.834+0000] {processor.py:826} INFO - Processing file /home/airflow/.local/lib/python3.7/site-packages/airflow/example_dags/example_local_kubernetes_executor.py for tasks to queue
[2023-10-10T17:53:43.840+0000] {logging_mixin.py:150} INFO - [2023-10-10T17:53:43.840+0000] {dagbag.py:541} INFO - Filling up the DagBag from /home/airflow/.local/lib/python3.7/site-packages/airflow/example_dags/example_local_kubernetes_executor.py
[2023-10-10T17:53:44.267+0000] {processor.py:836} INFO - DAG(s) dict_keys(['example_local_kubernetes_executor']) retrieved from /home/airflow/.local/lib/python3.7/site-packages/airflow/example_dags/example_local_kubernetes_executor.py
[2023-10-10T17:53:44.307+0000] {logging_mixin.py:150} INFO - [2023-10-10T17:53:44.307+0000] {dag.py:2742} INFO - Sync 1 DAGs
[2023-10-10T17:53:44.350+0000] {logging_mixin.py:150} INFO - [2023-10-10T17:53:44.350+0000] {dag.py:3508} INFO - Setting next_dagrun for example_local_kubernetes_executor to None, run_after=None
[2023-10-10T17:53:44.383+0000] {processor.py:179} INFO - Processing /home/airflow/.local/lib/python3.7/site-packages/airflow/example_dags/example_local_kubernetes_executor.py took 0.561 seconds
[2023-10-10T17:54:15.014+0000] {processor.py:157} INFO - Started process (PID=3008) to work on /home/airflow/.local/lib/python3.7/site-packages/airflow/example_dags/example_local_kubernetes_executor.py
[2023-10-10T17:54:15.015+0000] {processor.py:826} INFO - Processing file /home/airflow/.local/lib/python3.7/site-packages/airflow/example_dags/example_local_kubernetes_executor.py for tasks to queue
[2023-10-10T17:54:15.017+0000] {logging_mixin.py:150} INFO - [2023-10-10T17:54:15.017+0000] {dagbag.py:541} INFO - Filling up the DagBag from /home/airflow/.local/lib/python3.7/site-packages/airflow/example_dags/example_local_kubernetes_executor.py
[2023-10-10T17:54:15.415+0000] {processor.py:836} INFO - DAG(s) dict_keys(['example_local_kubernetes_executor']) retrieved from /home/airflow/.local/lib/python3.7/site-packages/airflow/example_dags/example_local_kubernetes_executor.py
[2023-10-10T17:54:15.453+0000] {logging_mixin.py:150} INFO - [2023-10-10T17:54:15.453+0000] {dag.py:2742} INFO - Sync 1 DAGs
[2023-10-10T17:54:15.482+0000] {logging_mixin.py:150} INFO - [2023-10-10T17:54:15.482+0000] {dag.py:3508} INFO - Setting next_dagrun for example_local_kubernetes_executor to None, run_after=None
[2023-10-10T17:54:15.507+0000] {processor.py:179} INFO - Processing /home/airflow/.local/lib/python3.7/site-packages/airflow/example_dags/example_local_kubernetes_executor.py took 0.499 seconds
[2023-10-10T17:54:45.579+0000] {processor.py:157} INFO - Started process (PID=3110) to work on /home/airflow/.local/lib/python3.7/site-packages/airflow/example_dags/example_local_kubernetes_executor.py
[2023-10-10T17:54:45.583+0000] {processor.py:826} INFO - Processing file /home/airflow/.local/lib/python3.7/site-packages/airflow/example_dags/example_local_kubernetes_executor.py for tasks to queue
[2023-10-10T17:54:45.585+0000] {logging_mixin.py:150} INFO - [2023-10-10T17:54:45.585+0000] {dagbag.py:541} INFO - Filling up the DagBag from /home/airflow/.local/lib/python3.7/site-packages/airflow/example_dags/example_local_kubernetes_executor.py
[2023-10-10T17:54:46.874+0000] {processor.py:836} INFO - DAG(s) dict_keys(['example_local_kubernetes_executor']) retrieved from /home/airflow/.local/lib/python3.7/site-packages/airflow/example_dags/example_local_kubernetes_executor.py
[2023-10-10T17:54:46.965+0000] {logging_mixin.py:150} INFO - [2023-10-10T17:54:46.964+0000] {dag.py:2742} INFO - Sync 1 DAGs
[2023-10-10T17:54:47.034+0000] {logging_mixin.py:150} INFO - [2023-10-10T17:54:47.034+0000] {dag.py:3508} INFO - Setting next_dagrun for example_local_kubernetes_executor to None, run_after=None
[2023-10-10T17:54:47.084+0000] {processor.py:179} INFO - Processing /home/airflow/.local/lib/python3.7/site-packages/airflow/example_dags/example_local_kubernetes_executor.py took 1.512 seconds
[2023-10-10T17:56:05.209+0000] {processor.py:157} INFO - Started process (PID=3238) to work on /home/airflow/.local/lib/python3.7/site-packages/airflow/example_dags/example_local_kubernetes_executor.py
[2023-10-10T17:56:05.212+0000] {processor.py:826} INFO - Processing file /home/airflow/.local/lib/python3.7/site-packages/airflow/example_dags/example_local_kubernetes_executor.py for tasks to queue
[2023-10-10T17:56:05.214+0000] {logging_mixin.py:150} INFO - [2023-10-10T17:56:05.214+0000] {dagbag.py:541} INFO - Filling up the DagBag from /home/airflow/.local/lib/python3.7/site-packages/airflow/example_dags/example_local_kubernetes_executor.py
[2023-10-10T17:56:06.013+0000] {processor.py:836} INFO - DAG(s) dict_keys(['example_local_kubernetes_executor']) retrieved from /home/airflow/.local/lib/python3.7/site-packages/airflow/example_dags/example_local_kubernetes_executor.py
[2023-10-10T17:56:06.073+0000] {logging_mixin.py:150} INFO - [2023-10-10T17:56:06.073+0000] {dag.py:2742} INFO - Sync 1 DAGs
[2023-10-10T17:56:06.115+0000] {logging_mixin.py:150} INFO - [2023-10-10T17:56:06.115+0000] {dag.py:3508} INFO - Setting next_dagrun for example_local_kubernetes_executor to None, run_after=None
[2023-10-10T17:56:06.151+0000] {processor.py:179} INFO - Processing /home/airflow/.local/lib/python3.7/site-packages/airflow/example_dags/example_local_kubernetes_executor.py took 0.948 seconds
[2023-10-10T17:56:37.196+0000] {processor.py:157} INFO - Started process (PID=3319) to work on /home/airflow/.local/lib/python3.7/site-packages/airflow/example_dags/example_local_kubernetes_executor.py
[2023-10-10T17:56:37.200+0000] {processor.py:826} INFO - Processing file /home/airflow/.local/lib/python3.7/site-packages/airflow/example_dags/example_local_kubernetes_executor.py for tasks to queue
[2023-10-10T17:56:37.204+0000] {logging_mixin.py:150} INFO - [2023-10-10T17:56:37.203+0000] {dagbag.py:541} INFO - Filling up the DagBag from /home/airflow/.local/lib/python3.7/site-packages/airflow/example_dags/example_local_kubernetes_executor.py
[2023-10-10T17:56:38.084+0000] {processor.py:836} INFO - DAG(s) dict_keys(['example_local_kubernetes_executor']) retrieved from /home/airflow/.local/lib/python3.7/site-packages/airflow/example_dags/example_local_kubernetes_executor.py
[2023-10-10T17:56:38.208+0000] {logging_mixin.py:150} INFO - [2023-10-10T17:56:38.207+0000] {dag.py:2742} INFO - Sync 1 DAGs
[2023-10-10T17:56:38.296+0000] {logging_mixin.py:150} INFO - [2023-10-10T17:56:38.296+0000] {dag.py:3508} INFO - Setting next_dagrun for example_local_kubernetes_executor to None, run_after=None
[2023-10-10T17:56:38.362+0000] {processor.py:179} INFO - Processing /home/airflow/.local/lib/python3.7/site-packages/airflow/example_dags/example_local_kubernetes_executor.py took 1.177 seconds
[2023-10-10T17:57:25.041+0000] {processor.py:157} INFO - Started process (PID=3409) to work on /home/airflow/.local/lib/python3.7/site-packages/airflow/example_dags/example_local_kubernetes_executor.py
[2023-10-10T17:57:25.075+0000] {processor.py:826} INFO - Processing file /home/airflow/.local/lib/python3.7/site-packages/airflow/example_dags/example_local_kubernetes_executor.py for tasks to queue
[2023-10-10T17:57:25.098+0000] {logging_mixin.py:150} INFO - [2023-10-10T17:57:25.085+0000] {dagbag.py:541} INFO - Filling up the DagBag from /home/airflow/.local/lib/python3.7/site-packages/airflow/example_dags/example_local_kubernetes_executor.py
[2023-10-10T17:57:31.182+0000] {processor.py:836} INFO - DAG(s) dict_keys(['example_local_kubernetes_executor']) retrieved from /home/airflow/.local/lib/python3.7/site-packages/airflow/example_dags/example_local_kubernetes_executor.py
[2023-10-10T17:57:32.543+0000] {logging_mixin.py:150} INFO - [2023-10-10T17:57:32.540+0000] {dag.py:2742} INFO - Sync 1 DAGs
[2023-10-10T17:57:33.743+0000] {logging_mixin.py:150} INFO - [2023-10-10T17:57:33.741+0000] {dag.py:3508} INFO - Setting next_dagrun for example_local_kubernetes_executor to None, run_after=None
[2023-10-10T17:57:35.128+0000] {processor.py:179} INFO - Processing /home/airflow/.local/lib/python3.7/site-packages/airflow/example_dags/example_local_kubernetes_executor.py took 10.137 seconds
[2023-10-10T17:58:31.219+0000] {processor.py:157} INFO - Started process (PID=3515) to work on /home/airflow/.local/lib/python3.7/site-packages/airflow/example_dags/example_local_kubernetes_executor.py
[2023-10-10T17:58:31.228+0000] {processor.py:826} INFO - Processing file /home/airflow/.local/lib/python3.7/site-packages/airflow/example_dags/example_local_kubernetes_executor.py for tasks to queue
[2023-10-10T17:58:31.237+0000] {logging_mixin.py:150} INFO - [2023-10-10T17:58:31.235+0000] {dagbag.py:541} INFO - Filling up the DagBag from /home/airflow/.local/lib/python3.7/site-packages/airflow/example_dags/example_local_kubernetes_executor.py
[2023-10-10T17:58:34.212+0000] {processor.py:836} INFO - DAG(s) dict_keys(['example_local_kubernetes_executor']) retrieved from /home/airflow/.local/lib/python3.7/site-packages/airflow/example_dags/example_local_kubernetes_executor.py
[2023-10-10T17:58:34.526+0000] {logging_mixin.py:150} INFO - [2023-10-10T17:58:34.526+0000] {dag.py:2742} INFO - Sync 1 DAGs
[2023-10-10T17:58:34.641+0000] {logging_mixin.py:150} INFO - [2023-10-10T17:58:34.640+0000] {dag.py:3508} INFO - Setting next_dagrun for example_local_kubernetes_executor to None, run_after=None
[2023-10-10T17:58:34.764+0000] {processor.py:179} INFO - Processing /home/airflow/.local/lib/python3.7/site-packages/airflow/example_dags/example_local_kubernetes_executor.py took 3.576 seconds
[2023-10-10T17:59:05.368+0000] {processor.py:157} INFO - Started process (PID=3611) to work on /home/airflow/.local/lib/python3.7/site-packages/airflow/example_dags/example_local_kubernetes_executor.py
[2023-10-10T17:59:05.376+0000] {processor.py:826} INFO - Processing file /home/airflow/.local/lib/python3.7/site-packages/airflow/example_dags/example_local_kubernetes_executor.py for tasks to queue
[2023-10-10T17:59:05.390+0000] {logging_mixin.py:150} INFO - [2023-10-10T17:59:05.384+0000] {dagbag.py:541} INFO - Filling up the DagBag from /home/airflow/.local/lib/python3.7/site-packages/airflow/example_dags/example_local_kubernetes_executor.py
[2023-10-10T17:59:07.940+0000] {processor.py:836} INFO - DAG(s) dict_keys(['example_local_kubernetes_executor']) retrieved from /home/airflow/.local/lib/python3.7/site-packages/airflow/example_dags/example_local_kubernetes_executor.py
[2023-10-10T17:59:08.183+0000] {logging_mixin.py:150} INFO - [2023-10-10T17:59:08.181+0000] {dag.py:2742} INFO - Sync 1 DAGs
[2023-10-10T17:59:08.499+0000] {logging_mixin.py:150} INFO - [2023-10-10T17:59:08.498+0000] {dag.py:3508} INFO - Setting next_dagrun for example_local_kubernetes_executor to None, run_after=None
[2023-10-10T17:59:08.618+0000] {processor.py:179} INFO - Processing /home/airflow/.local/lib/python3.7/site-packages/airflow/example_dags/example_local_kubernetes_executor.py took 3.286 seconds
[2023-10-10T17:59:45.135+0000] {processor.py:157} INFO - Started process (PID=3690) to work on /home/airflow/.local/lib/python3.7/site-packages/airflow/example_dags/example_local_kubernetes_executor.py
[2023-10-10T17:59:45.143+0000] {processor.py:826} INFO - Processing file /home/airflow/.local/lib/python3.7/site-packages/airflow/example_dags/example_local_kubernetes_executor.py for tasks to queue
[2023-10-10T17:59:45.149+0000] {logging_mixin.py:150} INFO - [2023-10-10T17:59:45.148+0000] {dagbag.py:541} INFO - Filling up the DagBag from /home/airflow/.local/lib/python3.7/site-packages/airflow/example_dags/example_local_kubernetes_executor.py
[2023-10-10T17:59:46.986+0000] {processor.py:836} INFO - DAG(s) dict_keys(['example_local_kubernetes_executor']) retrieved from /home/airflow/.local/lib/python3.7/site-packages/airflow/example_dags/example_local_kubernetes_executor.py
[2023-10-10T17:59:47.169+0000] {logging_mixin.py:150} INFO - [2023-10-10T17:59:47.168+0000] {dag.py:2742} INFO - Sync 1 DAGs
[2023-10-10T17:59:47.367+0000] {logging_mixin.py:150} INFO - [2023-10-10T17:59:47.366+0000] {dag.py:3508} INFO - Setting next_dagrun for example_local_kubernetes_executor to None, run_after=None
[2023-10-10T17:59:47.493+0000] {processor.py:179} INFO - Processing /home/airflow/.local/lib/python3.7/site-packages/airflow/example_dags/example_local_kubernetes_executor.py took 2.377 seconds
[2023-10-10T18:00:17.717+0000] {processor.py:157} INFO - Started process (PID=3772) to work on /home/airflow/.local/lib/python3.7/site-packages/airflow/example_dags/example_local_kubernetes_executor.py
[2023-10-10T18:00:17.721+0000] {processor.py:826} INFO - Processing file /home/airflow/.local/lib/python3.7/site-packages/airflow/example_dags/example_local_kubernetes_executor.py for tasks to queue
[2023-10-10T18:00:17.724+0000] {logging_mixin.py:150} INFO - [2023-10-10T18:00:17.723+0000] {dagbag.py:541} INFO - Filling up the DagBag from /home/airflow/.local/lib/python3.7/site-packages/airflow/example_dags/example_local_kubernetes_executor.py
[2023-10-10T18:00:18.465+0000] {processor.py:836} INFO - DAG(s) dict_keys(['example_local_kubernetes_executor']) retrieved from /home/airflow/.local/lib/python3.7/site-packages/airflow/example_dags/example_local_kubernetes_executor.py
[2023-10-10T18:00:18.534+0000] {logging_mixin.py:150} INFO - [2023-10-10T18:00:18.533+0000] {dag.py:2742} INFO - Sync 1 DAGs
[2023-10-10T18:00:18.595+0000] {logging_mixin.py:150} INFO - [2023-10-10T18:00:18.594+0000] {dag.py:3508} INFO - Setting next_dagrun for example_local_kubernetes_executor to None, run_after=None
[2023-10-10T18:00:18.635+0000] {processor.py:179} INFO - Processing /home/airflow/.local/lib/python3.7/site-packages/airflow/example_dags/example_local_kubernetes_executor.py took 0.928 seconds
[2023-10-10T18:00:49.364+0000] {processor.py:157} INFO - Started process (PID=3856) to work on /home/airflow/.local/lib/python3.7/site-packages/airflow/example_dags/example_local_kubernetes_executor.py
[2023-10-10T18:00:49.369+0000] {processor.py:826} INFO - Processing file /home/airflow/.local/lib/python3.7/site-packages/airflow/example_dags/example_local_kubernetes_executor.py for tasks to queue
[2023-10-10T18:00:49.372+0000] {logging_mixin.py:150} INFO - [2023-10-10T18:00:49.372+0000] {dagbag.py:541} INFO - Filling up the DagBag from /home/airflow/.local/lib/python3.7/site-packages/airflow/example_dags/example_local_kubernetes_executor.py
[2023-10-10T18:00:49.915+0000] {processor.py:836} INFO - DAG(s) dict_keys(['example_local_kubernetes_executor']) retrieved from /home/airflow/.local/lib/python3.7/site-packages/airflow/example_dags/example_local_kubernetes_executor.py
[2023-10-10T18:00:49.965+0000] {logging_mixin.py:150} INFO - [2023-10-10T18:00:49.964+0000] {dag.py:2742} INFO - Sync 1 DAGs
[2023-10-10T18:00:50.006+0000] {logging_mixin.py:150} INFO - [2023-10-10T18:00:50.005+0000] {dag.py:3508} INFO - Setting next_dagrun for example_local_kubernetes_executor to None, run_after=None
[2023-10-10T18:00:50.035+0000] {processor.py:179} INFO - Processing /home/airflow/.local/lib/python3.7/site-packages/airflow/example_dags/example_local_kubernetes_executor.py took 0.679 seconds
[2023-10-10T18:01:20.213+0000] {processor.py:157} INFO - Started process (PID=3938) to work on /home/airflow/.local/lib/python3.7/site-packages/airflow/example_dags/example_local_kubernetes_executor.py
[2023-10-10T18:01:20.215+0000] {processor.py:826} INFO - Processing file /home/airflow/.local/lib/python3.7/site-packages/airflow/example_dags/example_local_kubernetes_executor.py for tasks to queue
[2023-10-10T18:01:20.218+0000] {logging_mixin.py:150} INFO - [2023-10-10T18:01:20.217+0000] {dagbag.py:541} INFO - Filling up the DagBag from /home/airflow/.local/lib/python3.7/site-packages/airflow/example_dags/example_local_kubernetes_executor.py
[2023-10-10T18:01:20.820+0000] {processor.py:836} INFO - DAG(s) dict_keys(['example_local_kubernetes_executor']) retrieved from /home/airflow/.local/lib/python3.7/site-packages/airflow/example_dags/example_local_kubernetes_executor.py
[2023-10-10T18:01:20.877+0000] {logging_mixin.py:150} INFO - [2023-10-10T18:01:20.877+0000] {dag.py:2742} INFO - Sync 1 DAGs
[2023-10-10T18:01:20.927+0000] {logging_mixin.py:150} INFO - [2023-10-10T18:01:20.926+0000] {dag.py:3508} INFO - Setting next_dagrun for example_local_kubernetes_executor to None, run_after=None
[2023-10-10T18:01:20.966+0000] {processor.py:179} INFO - Processing /home/airflow/.local/lib/python3.7/site-packages/airflow/example_dags/example_local_kubernetes_executor.py took 0.760 seconds
[2023-10-10T18:01:51.723+0000] {processor.py:157} INFO - Started process (PID=4019) to work on /home/airflow/.local/lib/python3.7/site-packages/airflow/example_dags/example_local_kubernetes_executor.py
[2023-10-10T18:01:51.726+0000] {processor.py:826} INFO - Processing file /home/airflow/.local/lib/python3.7/site-packages/airflow/example_dags/example_local_kubernetes_executor.py for tasks to queue
[2023-10-10T18:01:51.730+0000] {logging_mixin.py:150} INFO - [2023-10-10T18:01:51.729+0000] {dagbag.py:541} INFO - Filling up the DagBag from /home/airflow/.local/lib/python3.7/site-packages/airflow/example_dags/example_local_kubernetes_executor.py
[2023-10-10T18:01:52.365+0000] {processor.py:836} INFO - DAG(s) dict_keys(['example_local_kubernetes_executor']) retrieved from /home/airflow/.local/lib/python3.7/site-packages/airflow/example_dags/example_local_kubernetes_executor.py
[2023-10-10T18:01:52.425+0000] {logging_mixin.py:150} INFO - [2023-10-10T18:01:52.424+0000] {dag.py:2742} INFO - Sync 1 DAGs
[2023-10-10T18:01:52.479+0000] {logging_mixin.py:150} INFO - [2023-10-10T18:01:52.478+0000] {dag.py:3508} INFO - Setting next_dagrun for example_local_kubernetes_executor to None, run_after=None
[2023-10-10T18:01:52.518+0000] {processor.py:179} INFO - Processing /home/airflow/.local/lib/python3.7/site-packages/airflow/example_dags/example_local_kubernetes_executor.py took 0.804 seconds
[2023-10-10T18:02:23.537+0000] {processor.py:157} INFO - Started process (PID=4111) to work on /home/airflow/.local/lib/python3.7/site-packages/airflow/example_dags/example_local_kubernetes_executor.py
[2023-10-10T18:02:23.540+0000] {processor.py:826} INFO - Processing file /home/airflow/.local/lib/python3.7/site-packages/airflow/example_dags/example_local_kubernetes_executor.py for tasks to queue
[2023-10-10T18:02:23.543+0000] {logging_mixin.py:150} INFO - [2023-10-10T18:02:23.542+0000] {dagbag.py:541} INFO - Filling up the DagBag from /home/airflow/.local/lib/python3.7/site-packages/airflow/example_dags/example_local_kubernetes_executor.py
[2023-10-10T18:02:24.278+0000] {processor.py:836} INFO - DAG(s) dict_keys(['example_local_kubernetes_executor']) retrieved from /home/airflow/.local/lib/python3.7/site-packages/airflow/example_dags/example_local_kubernetes_executor.py
[2023-10-10T18:02:24.355+0000] {logging_mixin.py:150} INFO - [2023-10-10T18:02:24.353+0000] {dag.py:2742} INFO - Sync 1 DAGs
[2023-10-10T18:02:24.411+0000] {logging_mixin.py:150} INFO - [2023-10-10T18:02:24.411+0000] {dag.py:3508} INFO - Setting next_dagrun for example_local_kubernetes_executor to None, run_after=None
[2023-10-10T18:02:24.465+0000] {processor.py:179} INFO - Processing /home/airflow/.local/lib/python3.7/site-packages/airflow/example_dags/example_local_kubernetes_executor.py took 0.936 seconds
[2023-10-10T18:02:55.303+0000] {processor.py:157} INFO - Started process (PID=4194) to work on /home/airflow/.local/lib/python3.7/site-packages/airflow/example_dags/example_local_kubernetes_executor.py
[2023-10-10T18:02:55.315+0000] {processor.py:826} INFO - Processing file /home/airflow/.local/lib/python3.7/site-packages/airflow/example_dags/example_local_kubernetes_executor.py for tasks to queue
[2023-10-10T18:02:55.325+0000] {logging_mixin.py:150} INFO - [2023-10-10T18:02:55.324+0000] {dagbag.py:541} INFO - Filling up the DagBag from /home/airflow/.local/lib/python3.7/site-packages/airflow/example_dags/example_local_kubernetes_executor.py
[2023-10-10T18:02:56.278+0000] {processor.py:836} INFO - DAG(s) dict_keys(['example_local_kubernetes_executor']) retrieved from /home/airflow/.local/lib/python3.7/site-packages/airflow/example_dags/example_local_kubernetes_executor.py
[2023-10-10T18:02:56.333+0000] {logging_mixin.py:150} INFO - [2023-10-10T18:02:56.332+0000] {dag.py:2742} INFO - Sync 1 DAGs
[2023-10-10T18:02:56.384+0000] {logging_mixin.py:150} INFO - [2023-10-10T18:02:56.383+0000] {dag.py:3508} INFO - Setting next_dagrun for example_local_kubernetes_executor to None, run_after=None
[2023-10-10T18:02:56.428+0000] {processor.py:179} INFO - Processing /home/airflow/.local/lib/python3.7/site-packages/airflow/example_dags/example_local_kubernetes_executor.py took 1.183 seconds
[2023-10-10T18:03:26.695+0000] {processor.py:157} INFO - Started process (PID=4286) to work on /home/airflow/.local/lib/python3.7/site-packages/airflow/example_dags/example_local_kubernetes_executor.py
[2023-10-10T18:03:26.697+0000] {processor.py:826} INFO - Processing file /home/airflow/.local/lib/python3.7/site-packages/airflow/example_dags/example_local_kubernetes_executor.py for tasks to queue
[2023-10-10T18:03:26.700+0000] {logging_mixin.py:150} INFO - [2023-10-10T18:03:26.699+0000] {dagbag.py:541} INFO - Filling up the DagBag from /home/airflow/.local/lib/python3.7/site-packages/airflow/example_dags/example_local_kubernetes_executor.py
[2023-10-10T18:03:27.309+0000] {processor.py:836} INFO - DAG(s) dict_keys(['example_local_kubernetes_executor']) retrieved from /home/airflow/.local/lib/python3.7/site-packages/airflow/example_dags/example_local_kubernetes_executor.py
[2023-10-10T18:03:27.363+0000] {logging_mixin.py:150} INFO - [2023-10-10T18:03:27.362+0000] {dag.py:2742} INFO - Sync 1 DAGs
[2023-10-10T18:03:27.406+0000] {logging_mixin.py:150} INFO - [2023-10-10T18:03:27.406+0000] {dag.py:3508} INFO - Setting next_dagrun for example_local_kubernetes_executor to None, run_after=None
[2023-10-10T18:03:27.443+0000] {processor.py:179} INFO - Processing /home/airflow/.local/lib/python3.7/site-packages/airflow/example_dags/example_local_kubernetes_executor.py took 0.756 seconds
[2023-10-10T18:03:57.735+0000] {processor.py:157} INFO - Started process (PID=4368) to work on /home/airflow/.local/lib/python3.7/site-packages/airflow/example_dags/example_local_kubernetes_executor.py
[2023-10-10T18:03:57.737+0000] {processor.py:826} INFO - Processing file /home/airflow/.local/lib/python3.7/site-packages/airflow/example_dags/example_local_kubernetes_executor.py for tasks to queue
[2023-10-10T18:03:57.740+0000] {logging_mixin.py:150} INFO - [2023-10-10T18:03:57.739+0000] {dagbag.py:541} INFO - Filling up the DagBag from /home/airflow/.local/lib/python3.7/site-packages/airflow/example_dags/example_local_kubernetes_executor.py
[2023-10-10T18:03:58.214+0000] {processor.py:836} INFO - DAG(s) dict_keys(['example_local_kubernetes_executor']) retrieved from /home/airflow/.local/lib/python3.7/site-packages/airflow/example_dags/example_local_kubernetes_executor.py
[2023-10-10T18:03:58.262+0000] {logging_mixin.py:150} INFO - [2023-10-10T18:03:58.262+0000] {dag.py:2742} INFO - Sync 1 DAGs
[2023-10-10T18:03:58.298+0000] {logging_mixin.py:150} INFO - [2023-10-10T18:03:58.298+0000] {dag.py:3508} INFO - Setting next_dagrun for example_local_kubernetes_executor to None, run_after=None
[2023-10-10T18:03:58.325+0000] {processor.py:179} INFO - Processing /home/airflow/.local/lib/python3.7/site-packages/airflow/example_dags/example_local_kubernetes_executor.py took 0.596 seconds
[2023-10-10T18:04:28.562+0000] {processor.py:157} INFO - Started process (PID=4449) to work on /home/airflow/.local/lib/python3.7/site-packages/airflow/example_dags/example_local_kubernetes_executor.py
[2023-10-10T18:04:28.578+0000] {processor.py:826} INFO - Processing file /home/airflow/.local/lib/python3.7/site-packages/airflow/example_dags/example_local_kubernetes_executor.py for tasks to queue
[2023-10-10T18:04:28.603+0000] {logging_mixin.py:150} INFO - [2023-10-10T18:04:28.602+0000] {dagbag.py:541} INFO - Filling up the DagBag from /home/airflow/.local/lib/python3.7/site-packages/airflow/example_dags/example_local_kubernetes_executor.py
[2023-10-10T18:04:29.635+0000] {processor.py:836} INFO - DAG(s) dict_keys(['example_local_kubernetes_executor']) retrieved from /home/airflow/.local/lib/python3.7/site-packages/airflow/example_dags/example_local_kubernetes_executor.py
[2023-10-10T18:04:29.742+0000] {logging_mixin.py:150} INFO - [2023-10-10T18:04:29.741+0000] {dag.py:2742} INFO - Sync 1 DAGs
[2023-10-10T18:04:29.882+0000] {logging_mixin.py:150} INFO - [2023-10-10T18:04:29.881+0000] {dag.py:3508} INFO - Setting next_dagrun for example_local_kubernetes_executor to None, run_after=None
[2023-10-10T18:04:29.934+0000] {processor.py:179} INFO - Processing /home/airflow/.local/lib/python3.7/site-packages/airflow/example_dags/example_local_kubernetes_executor.py took 1.383 seconds
[2023-10-10T18:05:01.022+0000] {processor.py:157} INFO - Started process (PID=4530) to work on /home/airflow/.local/lib/python3.7/site-packages/airflow/example_dags/example_local_kubernetes_executor.py
[2023-10-10T18:05:01.031+0000] {processor.py:826} INFO - Processing file /home/airflow/.local/lib/python3.7/site-packages/airflow/example_dags/example_local_kubernetes_executor.py for tasks to queue
[2023-10-10T18:05:01.039+0000] {logging_mixin.py:150} INFO - [2023-10-10T18:05:01.037+0000] {dagbag.py:541} INFO - Filling up the DagBag from /home/airflow/.local/lib/python3.7/site-packages/airflow/example_dags/example_local_kubernetes_executor.py
[2023-10-10T18:05:02.938+0000] {processor.py:836} INFO - DAG(s) dict_keys(['example_local_kubernetes_executor']) retrieved from /home/airflow/.local/lib/python3.7/site-packages/airflow/example_dags/example_local_kubernetes_executor.py
[2023-10-10T18:05:03.120+0000] {logging_mixin.py:150} INFO - [2023-10-10T18:05:03.118+0000] {dag.py:2742} INFO - Sync 1 DAGs
[2023-10-10T18:05:03.279+0000] {logging_mixin.py:150} INFO - [2023-10-10T18:05:03.279+0000] {dag.py:3508} INFO - Setting next_dagrun for example_local_kubernetes_executor to None, run_after=None
[2023-10-10T18:05:03.373+0000] {processor.py:179} INFO - Processing /home/airflow/.local/lib/python3.7/site-packages/airflow/example_dags/example_local_kubernetes_executor.py took 2.374 seconds
[2023-10-10T18:05:38.942+0000] {processor.py:157} INFO - Started process (PID=4616) to work on /home/airflow/.local/lib/python3.7/site-packages/airflow/example_dags/example_local_kubernetes_executor.py
[2023-10-10T18:05:38.975+0000] {processor.py:826} INFO - Processing file /home/airflow/.local/lib/python3.7/site-packages/airflow/example_dags/example_local_kubernetes_executor.py for tasks to queue
[2023-10-10T18:05:39.058+0000] {logging_mixin.py:150} INFO - [2023-10-10T18:05:39.049+0000] {dagbag.py:541} INFO - Filling up the DagBag from /home/airflow/.local/lib/python3.7/site-packages/airflow/example_dags/example_local_kubernetes_executor.py
[2023-10-10T18:05:41.985+0000] {processor.py:836} INFO - DAG(s) dict_keys(['example_local_kubernetes_executor']) retrieved from /home/airflow/.local/lib/python3.7/site-packages/airflow/example_dags/example_local_kubernetes_executor.py
[2023-10-10T18:05:42.179+0000] {logging_mixin.py:150} INFO - [2023-10-10T18:05:42.178+0000] {dag.py:2742} INFO - Sync 1 DAGs
[2023-10-10T18:05:42.357+0000] {logging_mixin.py:150} INFO - [2023-10-10T18:05:42.356+0000] {dag.py:3508} INFO - Setting next_dagrun for example_local_kubernetes_executor to None, run_after=None
[2023-10-10T18:05:42.481+0000] {processor.py:179} INFO - Processing /home/airflow/.local/lib/python3.7/site-packages/airflow/example_dags/example_local_kubernetes_executor.py took 3.600 seconds
[2023-10-10T18:06:12.714+0000] {processor.py:157} INFO - Started process (PID=4699) to work on /home/airflow/.local/lib/python3.7/site-packages/airflow/example_dags/example_local_kubernetes_executor.py
[2023-10-10T18:06:12.720+0000] {processor.py:826} INFO - Processing file /home/airflow/.local/lib/python3.7/site-packages/airflow/example_dags/example_local_kubernetes_executor.py for tasks to queue
[2023-10-10T18:06:12.728+0000] {logging_mixin.py:150} INFO - [2023-10-10T18:06:12.726+0000] {dagbag.py:541} INFO - Filling up the DagBag from /home/airflow/.local/lib/python3.7/site-packages/airflow/example_dags/example_local_kubernetes_executor.py
[2023-10-10T18:06:13.573+0000] {processor.py:836} INFO - DAG(s) dict_keys(['example_local_kubernetes_executor']) retrieved from /home/airflow/.local/lib/python3.7/site-packages/airflow/example_dags/example_local_kubernetes_executor.py
[2023-10-10T18:06:13.650+0000] {logging_mixin.py:150} INFO - [2023-10-10T18:06:13.650+0000] {dag.py:2742} INFO - Sync 1 DAGs
[2023-10-10T18:06:13.716+0000] {logging_mixin.py:150} INFO - [2023-10-10T18:06:13.716+0000] {dag.py:3508} INFO - Setting next_dagrun for example_local_kubernetes_executor to None, run_after=None
[2023-10-10T18:06:13.773+0000] {processor.py:179} INFO - Processing /home/airflow/.local/lib/python3.7/site-packages/airflow/example_dags/example_local_kubernetes_executor.py took 1.073 seconds
