[2023-10-10T17:36:34.827+0000] {processor.py:157} INFO - Started process (PID=69) to work on /home/airflow/.local/lib/python3.7/site-packages/airflow/example_dags/example_skip_dag.py
[2023-10-10T17:36:34.841+0000] {processor.py:826} INFO - Processing file /home/airflow/.local/lib/python3.7/site-packages/airflow/example_dags/example_skip_dag.py for tasks to queue
[2023-10-10T17:36:34.843+0000] {logging_mixin.py:150} INFO - [2023-10-10T17:36:34.843+0000] {dagbag.py:541} INFO - Filling up the DagBag from /home/airflow/.local/lib/python3.7/site-packages/airflow/example_dags/example_skip_dag.py
[2023-10-10T17:36:34.860+0000] {processor.py:836} INFO - DAG(s) dict_keys(['example_skip_dag']) retrieved from /home/airflow/.local/lib/python3.7/site-packages/airflow/example_dags/example_skip_dag.py
[2023-10-10T17:36:34.908+0000] {logging_mixin.py:150} INFO - [2023-10-10T17:36:34.907+0000] {dag.py:2742} INFO - Sync 1 DAGs
[2023-10-10T17:36:34.985+0000] {logging_mixin.py:150} INFO - [2023-10-10T17:36:34.985+0000] {dag.py:3508} INFO - Setting next_dagrun for example_skip_dag to 2023-10-09T17:36:34.984784+00:00, run_after=2023-10-10T17:36:34.984784+00:00
[2023-10-10T17:36:35.104+0000] {processor.py:179} INFO - Processing /home/airflow/.local/lib/python3.7/site-packages/airflow/example_dags/example_skip_dag.py took 0.282 seconds
[2023-10-10T17:37:05.646+0000] {processor.py:157} INFO - Started process (PID=156) to work on /home/airflow/.local/lib/python3.7/site-packages/airflow/example_dags/example_skip_dag.py
[2023-10-10T17:37:05.647+0000] {processor.py:826} INFO - Processing file /home/airflow/.local/lib/python3.7/site-packages/airflow/example_dags/example_skip_dag.py for tasks to queue
[2023-10-10T17:37:05.649+0000] {logging_mixin.py:150} INFO - [2023-10-10T17:37:05.649+0000] {dagbag.py:541} INFO - Filling up the DagBag from /home/airflow/.local/lib/python3.7/site-packages/airflow/example_dags/example_skip_dag.py
[2023-10-10T17:37:05.660+0000] {processor.py:836} INFO - DAG(s) dict_keys(['example_skip_dag']) retrieved from /home/airflow/.local/lib/python3.7/site-packages/airflow/example_dags/example_skip_dag.py
[2023-10-10T17:37:05.697+0000] {logging_mixin.py:150} INFO - [2023-10-10T17:37:05.697+0000] {dag.py:2742} INFO - Sync 1 DAGs
[2023-10-10T17:37:05.728+0000] {logging_mixin.py:150} INFO - [2023-10-10T17:37:05.728+0000] {dag.py:3508} INFO - Setting next_dagrun for example_skip_dag to 2023-10-09T17:37:05.727869+00:00, run_after=2023-10-10T17:37:05.727869+00:00
[2023-10-10T17:37:05.752+0000] {processor.py:179} INFO - Processing /home/airflow/.local/lib/python3.7/site-packages/airflow/example_dags/example_skip_dag.py took 0.112 seconds
[2023-10-10T17:37:35.823+0000] {processor.py:157} INFO - Started process (PID=236) to work on /home/airflow/.local/lib/python3.7/site-packages/airflow/example_dags/example_skip_dag.py
[2023-10-10T17:37:35.826+0000] {processor.py:826} INFO - Processing file /home/airflow/.local/lib/python3.7/site-packages/airflow/example_dags/example_skip_dag.py for tasks to queue
[2023-10-10T17:37:35.827+0000] {logging_mixin.py:150} INFO - [2023-10-10T17:37:35.827+0000] {dagbag.py:541} INFO - Filling up the DagBag from /home/airflow/.local/lib/python3.7/site-packages/airflow/example_dags/example_skip_dag.py
[2023-10-10T17:37:35.839+0000] {processor.py:836} INFO - DAG(s) dict_keys(['example_skip_dag']) retrieved from /home/airflow/.local/lib/python3.7/site-packages/airflow/example_dags/example_skip_dag.py
[2023-10-10T17:37:35.883+0000] {logging_mixin.py:150} INFO - [2023-10-10T17:37:35.883+0000] {dag.py:2742} INFO - Sync 1 DAGs
[2023-10-10T17:37:35.925+0000] {logging_mixin.py:150} INFO - [2023-10-10T17:37:35.924+0000] {dag.py:3508} INFO - Setting next_dagrun for example_skip_dag to 2023-10-09T17:37:35.924476+00:00, run_after=2023-10-10T17:37:35.924476+00:00
[2023-10-10T17:37:35.957+0000] {processor.py:179} INFO - Processing /home/airflow/.local/lib/python3.7/site-packages/airflow/example_dags/example_skip_dag.py took 0.140 seconds
[2023-10-10T17:38:06.406+0000] {processor.py:157} INFO - Started process (PID=324) to work on /home/airflow/.local/lib/python3.7/site-packages/airflow/example_dags/example_skip_dag.py
[2023-10-10T17:38:06.409+0000] {processor.py:826} INFO - Processing file /home/airflow/.local/lib/python3.7/site-packages/airflow/example_dags/example_skip_dag.py for tasks to queue
[2023-10-10T17:38:06.411+0000] {logging_mixin.py:150} INFO - [2023-10-10T17:38:06.410+0000] {dagbag.py:541} INFO - Filling up the DagBag from /home/airflow/.local/lib/python3.7/site-packages/airflow/example_dags/example_skip_dag.py
[2023-10-10T17:38:06.420+0000] {processor.py:836} INFO - DAG(s) dict_keys(['example_skip_dag']) retrieved from /home/airflow/.local/lib/python3.7/site-packages/airflow/example_dags/example_skip_dag.py
[2023-10-10T17:38:06.452+0000] {logging_mixin.py:150} INFO - [2023-10-10T17:38:06.452+0000] {dag.py:2742} INFO - Sync 1 DAGs
[2023-10-10T17:38:06.483+0000] {logging_mixin.py:150} INFO - [2023-10-10T17:38:06.483+0000] {dag.py:3508} INFO - Setting next_dagrun for example_skip_dag to 2023-10-09T17:38:06.483353+00:00, run_after=2023-10-10T17:38:06.483353+00:00
[2023-10-10T17:38:06.507+0000] {processor.py:179} INFO - Processing /home/airflow/.local/lib/python3.7/site-packages/airflow/example_dags/example_skip_dag.py took 0.105 seconds
[2023-10-10T17:38:36.935+0000] {processor.py:157} INFO - Started process (PID=412) to work on /home/airflow/.local/lib/python3.7/site-packages/airflow/example_dags/example_skip_dag.py
[2023-10-10T17:38:36.939+0000] {processor.py:826} INFO - Processing file /home/airflow/.local/lib/python3.7/site-packages/airflow/example_dags/example_skip_dag.py for tasks to queue
[2023-10-10T17:38:36.943+0000] {logging_mixin.py:150} INFO - [2023-10-10T17:38:36.942+0000] {dagbag.py:541} INFO - Filling up the DagBag from /home/airflow/.local/lib/python3.7/site-packages/airflow/example_dags/example_skip_dag.py
[2023-10-10T17:38:36.956+0000] {processor.py:836} INFO - DAG(s) dict_keys(['example_skip_dag']) retrieved from /home/airflow/.local/lib/python3.7/site-packages/airflow/example_dags/example_skip_dag.py
[2023-10-10T17:38:36.989+0000] {logging_mixin.py:150} INFO - [2023-10-10T17:38:36.989+0000] {dag.py:2742} INFO - Sync 1 DAGs
[2023-10-10T17:38:37.022+0000] {logging_mixin.py:150} INFO - [2023-10-10T17:38:37.022+0000] {dag.py:3508} INFO - Setting next_dagrun for example_skip_dag to 2023-10-09T17:38:37.021806+00:00, run_after=2023-10-10T17:38:37.021806+00:00
[2023-10-10T17:38:37.048+0000] {processor.py:179} INFO - Processing /home/airflow/.local/lib/python3.7/site-packages/airflow/example_dags/example_skip_dag.py took 0.119 seconds
[2023-10-10T17:39:07.206+0000] {processor.py:157} INFO - Started process (PID=501) to work on /home/airflow/.local/lib/python3.7/site-packages/airflow/example_dags/example_skip_dag.py
[2023-10-10T17:39:07.209+0000] {processor.py:826} INFO - Processing file /home/airflow/.local/lib/python3.7/site-packages/airflow/example_dags/example_skip_dag.py for tasks to queue
[2023-10-10T17:39:07.212+0000] {logging_mixin.py:150} INFO - [2023-10-10T17:39:07.211+0000] {dagbag.py:541} INFO - Filling up the DagBag from /home/airflow/.local/lib/python3.7/site-packages/airflow/example_dags/example_skip_dag.py
[2023-10-10T17:39:07.225+0000] {processor.py:836} INFO - DAG(s) dict_keys(['example_skip_dag']) retrieved from /home/airflow/.local/lib/python3.7/site-packages/airflow/example_dags/example_skip_dag.py
[2023-10-10T17:39:07.268+0000] {logging_mixin.py:150} INFO - [2023-10-10T17:39:07.268+0000] {dag.py:2742} INFO - Sync 1 DAGs
[2023-10-10T17:39:07.311+0000] {logging_mixin.py:150} INFO - [2023-10-10T17:39:07.310+0000] {dag.py:3508} INFO - Setting next_dagrun for example_skip_dag to 2023-10-09T17:39:07.310504+00:00, run_after=2023-10-10T17:39:07.310504+00:00
[2023-10-10T17:39:07.343+0000] {processor.py:179} INFO - Processing /home/airflow/.local/lib/python3.7/site-packages/airflow/example_dags/example_skip_dag.py took 0.143 seconds
[2023-10-10T17:39:37.794+0000] {processor.py:157} INFO - Started process (PID=581) to work on /home/airflow/.local/lib/python3.7/site-packages/airflow/example_dags/example_skip_dag.py
[2023-10-10T17:39:37.797+0000] {processor.py:826} INFO - Processing file /home/airflow/.local/lib/python3.7/site-packages/airflow/example_dags/example_skip_dag.py for tasks to queue
[2023-10-10T17:39:37.798+0000] {logging_mixin.py:150} INFO - [2023-10-10T17:39:37.798+0000] {dagbag.py:541} INFO - Filling up the DagBag from /home/airflow/.local/lib/python3.7/site-packages/airflow/example_dags/example_skip_dag.py
[2023-10-10T17:39:37.808+0000] {processor.py:836} INFO - DAG(s) dict_keys(['example_skip_dag']) retrieved from /home/airflow/.local/lib/python3.7/site-packages/airflow/example_dags/example_skip_dag.py
[2023-10-10T17:39:37.839+0000] {logging_mixin.py:150} INFO - [2023-10-10T17:39:37.839+0000] {dag.py:2742} INFO - Sync 1 DAGs
[2023-10-10T17:39:37.871+0000] {logging_mixin.py:150} INFO - [2023-10-10T17:39:37.871+0000] {dag.py:3508} INFO - Setting next_dagrun for example_skip_dag to 2023-10-09T17:39:37.871159+00:00, run_after=2023-10-10T17:39:37.871159+00:00
[2023-10-10T17:39:37.894+0000] {processor.py:179} INFO - Processing /home/airflow/.local/lib/python3.7/site-packages/airflow/example_dags/example_skip_dag.py took 0.104 seconds
[2023-10-10T17:40:08.360+0000] {processor.py:157} INFO - Started process (PID=670) to work on /home/airflow/.local/lib/python3.7/site-packages/airflow/example_dags/example_skip_dag.py
[2023-10-10T17:40:08.362+0000] {processor.py:826} INFO - Processing file /home/airflow/.local/lib/python3.7/site-packages/airflow/example_dags/example_skip_dag.py for tasks to queue
[2023-10-10T17:40:08.364+0000] {logging_mixin.py:150} INFO - [2023-10-10T17:40:08.364+0000] {dagbag.py:541} INFO - Filling up the DagBag from /home/airflow/.local/lib/python3.7/site-packages/airflow/example_dags/example_skip_dag.py
[2023-10-10T17:40:08.379+0000] {processor.py:836} INFO - DAG(s) dict_keys(['example_skip_dag']) retrieved from /home/airflow/.local/lib/python3.7/site-packages/airflow/example_dags/example_skip_dag.py
[2023-10-10T17:40:08.424+0000] {logging_mixin.py:150} INFO - [2023-10-10T17:40:08.424+0000] {dag.py:2742} INFO - Sync 1 DAGs
[2023-10-10T17:40:08.474+0000] {logging_mixin.py:150} INFO - [2023-10-10T17:40:08.474+0000] {dag.py:3508} INFO - Setting next_dagrun for example_skip_dag to 2023-10-09T17:40:08.473826+00:00, run_after=2023-10-10T17:40:08.473826+00:00
[2023-10-10T17:40:08.514+0000] {processor.py:179} INFO - Processing /home/airflow/.local/lib/python3.7/site-packages/airflow/example_dags/example_skip_dag.py took 0.160 seconds
[2023-10-10T17:40:38.753+0000] {processor.py:157} INFO - Started process (PID=750) to work on /home/airflow/.local/lib/python3.7/site-packages/airflow/example_dags/example_skip_dag.py
[2023-10-10T17:40:38.755+0000] {processor.py:826} INFO - Processing file /home/airflow/.local/lib/python3.7/site-packages/airflow/example_dags/example_skip_dag.py for tasks to queue
[2023-10-10T17:40:38.757+0000] {logging_mixin.py:150} INFO - [2023-10-10T17:40:38.756+0000] {dagbag.py:541} INFO - Filling up the DagBag from /home/airflow/.local/lib/python3.7/site-packages/airflow/example_dags/example_skip_dag.py
[2023-10-10T17:40:38.766+0000] {processor.py:836} INFO - DAG(s) dict_keys(['example_skip_dag']) retrieved from /home/airflow/.local/lib/python3.7/site-packages/airflow/example_dags/example_skip_dag.py
[2023-10-10T17:40:38.797+0000] {logging_mixin.py:150} INFO - [2023-10-10T17:40:38.797+0000] {dag.py:2742} INFO - Sync 1 DAGs
[2023-10-10T17:40:38.827+0000] {logging_mixin.py:150} INFO - [2023-10-10T17:40:38.827+0000] {dag.py:3508} INFO - Setting next_dagrun for example_skip_dag to 2023-10-09T17:40:38.827149+00:00, run_after=2023-10-10T17:40:38.827149+00:00
[2023-10-10T17:40:38.849+0000] {processor.py:179} INFO - Processing /home/airflow/.local/lib/python3.7/site-packages/airflow/example_dags/example_skip_dag.py took 0.100 seconds
[2023-10-10T17:41:09.043+0000] {processor.py:157} INFO - Started process (PID=839) to work on /home/airflow/.local/lib/python3.7/site-packages/airflow/example_dags/example_skip_dag.py
[2023-10-10T17:41:09.045+0000] {processor.py:826} INFO - Processing file /home/airflow/.local/lib/python3.7/site-packages/airflow/example_dags/example_skip_dag.py for tasks to queue
[2023-10-10T17:41:09.047+0000] {logging_mixin.py:150} INFO - [2023-10-10T17:41:09.047+0000] {dagbag.py:541} INFO - Filling up the DagBag from /home/airflow/.local/lib/python3.7/site-packages/airflow/example_dags/example_skip_dag.py
[2023-10-10T17:41:09.058+0000] {processor.py:836} INFO - DAG(s) dict_keys(['example_skip_dag']) retrieved from /home/airflow/.local/lib/python3.7/site-packages/airflow/example_dags/example_skip_dag.py
[2023-10-10T17:41:09.096+0000] {logging_mixin.py:150} INFO - [2023-10-10T17:41:09.096+0000] {dag.py:2742} INFO - Sync 1 DAGs
[2023-10-10T17:41:09.141+0000] {logging_mixin.py:150} INFO - [2023-10-10T17:41:09.140+0000] {dag.py:3508} INFO - Setting next_dagrun for example_skip_dag to 2023-10-09T17:41:09.140638+00:00, run_after=2023-10-10T17:41:09.140638+00:00
[2023-10-10T17:41:09.171+0000] {processor.py:179} INFO - Processing /home/airflow/.local/lib/python3.7/site-packages/airflow/example_dags/example_skip_dag.py took 0.134 seconds
[2023-10-10T17:41:39.719+0000] {processor.py:157} INFO - Started process (PID=920) to work on /home/airflow/.local/lib/python3.7/site-packages/airflow/example_dags/example_skip_dag.py
[2023-10-10T17:41:39.721+0000] {processor.py:826} INFO - Processing file /home/airflow/.local/lib/python3.7/site-packages/airflow/example_dags/example_skip_dag.py for tasks to queue
[2023-10-10T17:41:39.723+0000] {logging_mixin.py:150} INFO - [2023-10-10T17:41:39.723+0000] {dagbag.py:541} INFO - Filling up the DagBag from /home/airflow/.local/lib/python3.7/site-packages/airflow/example_dags/example_skip_dag.py
[2023-10-10T17:41:39.736+0000] {processor.py:836} INFO - DAG(s) dict_keys(['example_skip_dag']) retrieved from /home/airflow/.local/lib/python3.7/site-packages/airflow/example_dags/example_skip_dag.py
[2023-10-10T17:41:39.777+0000] {logging_mixin.py:150} INFO - [2023-10-10T17:41:39.777+0000] {dag.py:2742} INFO - Sync 1 DAGs
[2023-10-10T17:41:39.821+0000] {logging_mixin.py:150} INFO - [2023-10-10T17:41:39.821+0000] {dag.py:3508} INFO - Setting next_dagrun for example_skip_dag to 2023-10-09T17:41:39.820865+00:00, run_after=2023-10-10T17:41:39.820865+00:00
[2023-10-10T17:41:39.852+0000] {processor.py:179} INFO - Processing /home/airflow/.local/lib/python3.7/site-packages/airflow/example_dags/example_skip_dag.py took 0.139 seconds
[2023-10-10T17:42:09.961+0000] {processor.py:157} INFO - Started process (PID=1000) to work on /home/airflow/.local/lib/python3.7/site-packages/airflow/example_dags/example_skip_dag.py
[2023-10-10T17:42:09.964+0000] {processor.py:826} INFO - Processing file /home/airflow/.local/lib/python3.7/site-packages/airflow/example_dags/example_skip_dag.py for tasks to queue
[2023-10-10T17:42:09.967+0000] {logging_mixin.py:150} INFO - [2023-10-10T17:42:09.966+0000] {dagbag.py:541} INFO - Filling up the DagBag from /home/airflow/.local/lib/python3.7/site-packages/airflow/example_dags/example_skip_dag.py
[2023-10-10T17:42:09.980+0000] {processor.py:836} INFO - DAG(s) dict_keys(['example_skip_dag']) retrieved from /home/airflow/.local/lib/python3.7/site-packages/airflow/example_dags/example_skip_dag.py
[2023-10-10T17:42:10.025+0000] {logging_mixin.py:150} INFO - [2023-10-10T17:42:10.025+0000] {dag.py:2742} INFO - Sync 1 DAGs
[2023-10-10T17:42:10.067+0000] {logging_mixin.py:150} INFO - [2023-10-10T17:42:10.067+0000] {dag.py:3508} INFO - Setting next_dagrun for example_skip_dag to 2023-10-09T17:42:10.067160+00:00, run_after=2023-10-10T17:42:10.067160+00:00
[2023-10-10T17:42:10.095+0000] {processor.py:179} INFO - Processing /home/airflow/.local/lib/python3.7/site-packages/airflow/example_dags/example_skip_dag.py took 0.140 seconds
[2023-10-10T17:42:40.341+0000] {processor.py:157} INFO - Started process (PID=1090) to work on /home/airflow/.local/lib/python3.7/site-packages/airflow/example_dags/example_skip_dag.py
[2023-10-10T17:42:40.343+0000] {processor.py:826} INFO - Processing file /home/airflow/.local/lib/python3.7/site-packages/airflow/example_dags/example_skip_dag.py for tasks to queue
[2023-10-10T17:42:40.346+0000] {logging_mixin.py:150} INFO - [2023-10-10T17:42:40.345+0000] {dagbag.py:541} INFO - Filling up the DagBag from /home/airflow/.local/lib/python3.7/site-packages/airflow/example_dags/example_skip_dag.py
[2023-10-10T17:42:40.355+0000] {processor.py:836} INFO - DAG(s) dict_keys(['example_skip_dag']) retrieved from /home/airflow/.local/lib/python3.7/site-packages/airflow/example_dags/example_skip_dag.py
[2023-10-10T17:42:40.387+0000] {logging_mixin.py:150} INFO - [2023-10-10T17:42:40.387+0000] {dag.py:2742} INFO - Sync 1 DAGs
[2023-10-10T17:42:40.417+0000] {logging_mixin.py:150} INFO - [2023-10-10T17:42:40.416+0000] {dag.py:3508} INFO - Setting next_dagrun for example_skip_dag to 2023-10-09T17:42:40.416711+00:00, run_after=2023-10-10T17:42:40.416711+00:00
[2023-10-10T17:42:40.441+0000] {processor.py:179} INFO - Processing /home/airflow/.local/lib/python3.7/site-packages/airflow/example_dags/example_skip_dag.py took 0.104 seconds
[2023-10-10T17:43:10.718+0000] {processor.py:157} INFO - Started process (PID=1170) to work on /home/airflow/.local/lib/python3.7/site-packages/airflow/example_dags/example_skip_dag.py
[2023-10-10T17:43:10.720+0000] {processor.py:826} INFO - Processing file /home/airflow/.local/lib/python3.7/site-packages/airflow/example_dags/example_skip_dag.py for tasks to queue
[2023-10-10T17:43:10.721+0000] {logging_mixin.py:150} INFO - [2023-10-10T17:43:10.721+0000] {dagbag.py:541} INFO - Filling up the DagBag from /home/airflow/.local/lib/python3.7/site-packages/airflow/example_dags/example_skip_dag.py
[2023-10-10T17:43:10.731+0000] {processor.py:836} INFO - DAG(s) dict_keys(['example_skip_dag']) retrieved from /home/airflow/.local/lib/python3.7/site-packages/airflow/example_dags/example_skip_dag.py
[2023-10-10T17:43:10.763+0000] {logging_mixin.py:150} INFO - [2023-10-10T17:43:10.763+0000] {dag.py:2742} INFO - Sync 1 DAGs
[2023-10-10T17:43:10.795+0000] {logging_mixin.py:150} INFO - [2023-10-10T17:43:10.795+0000] {dag.py:3508} INFO - Setting next_dagrun for example_skip_dag to 2023-10-09T17:43:10.795088+00:00, run_after=2023-10-10T17:43:10.795088+00:00
[2023-10-10T17:43:10.819+0000] {processor.py:179} INFO - Processing /home/airflow/.local/lib/python3.7/site-packages/airflow/example_dags/example_skip_dag.py took 0.106 seconds
[2023-10-10T17:43:40.878+0000] {processor.py:157} INFO - Started process (PID=1259) to work on /home/airflow/.local/lib/python3.7/site-packages/airflow/example_dags/example_skip_dag.py
[2023-10-10T17:43:40.880+0000] {processor.py:826} INFO - Processing file /home/airflow/.local/lib/python3.7/site-packages/airflow/example_dags/example_skip_dag.py for tasks to queue
[2023-10-10T17:43:40.882+0000] {logging_mixin.py:150} INFO - [2023-10-10T17:43:40.882+0000] {dagbag.py:541} INFO - Filling up the DagBag from /home/airflow/.local/lib/python3.7/site-packages/airflow/example_dags/example_skip_dag.py
[2023-10-10T17:43:40.894+0000] {processor.py:836} INFO - DAG(s) dict_keys(['example_skip_dag']) retrieved from /home/airflow/.local/lib/python3.7/site-packages/airflow/example_dags/example_skip_dag.py
[2023-10-10T17:43:40.935+0000] {logging_mixin.py:150} INFO - [2023-10-10T17:43:40.935+0000] {dag.py:2742} INFO - Sync 1 DAGs
[2023-10-10T17:43:40.975+0000] {logging_mixin.py:150} INFO - [2023-10-10T17:43:40.975+0000] {dag.py:3508} INFO - Setting next_dagrun for example_skip_dag to 2023-10-09T17:43:40.975316+00:00, run_after=2023-10-10T17:43:40.975316+00:00
[2023-10-10T17:43:41.008+0000] {processor.py:179} INFO - Processing /home/airflow/.local/lib/python3.7/site-packages/airflow/example_dags/example_skip_dag.py took 0.136 seconds
[2023-10-10T17:44:11.055+0000] {processor.py:157} INFO - Started process (PID=1338) to work on /home/airflow/.local/lib/python3.7/site-packages/airflow/example_dags/example_skip_dag.py
[2023-10-10T17:44:11.057+0000] {processor.py:826} INFO - Processing file /home/airflow/.local/lib/python3.7/site-packages/airflow/example_dags/example_skip_dag.py for tasks to queue
[2023-10-10T17:44:11.059+0000] {logging_mixin.py:150} INFO - [2023-10-10T17:44:11.058+0000] {dagbag.py:541} INFO - Filling up the DagBag from /home/airflow/.local/lib/python3.7/site-packages/airflow/example_dags/example_skip_dag.py
[2023-10-10T17:44:11.070+0000] {processor.py:836} INFO - DAG(s) dict_keys(['example_skip_dag']) retrieved from /home/airflow/.local/lib/python3.7/site-packages/airflow/example_dags/example_skip_dag.py
[2023-10-10T17:44:11.104+0000] {logging_mixin.py:150} INFO - [2023-10-10T17:44:11.104+0000] {dag.py:2742} INFO - Sync 1 DAGs
[2023-10-10T17:44:11.144+0000] {logging_mixin.py:150} INFO - [2023-10-10T17:44:11.144+0000] {dag.py:3508} INFO - Setting next_dagrun for example_skip_dag to 2023-10-09T17:44:11.143772+00:00, run_after=2023-10-10T17:44:11.143772+00:00
[2023-10-10T17:44:11.179+0000] {processor.py:179} INFO - Processing /home/airflow/.local/lib/python3.7/site-packages/airflow/example_dags/example_skip_dag.py took 0.129 seconds
[2023-10-10T17:44:41.590+0000] {processor.py:157} INFO - Started process (PID=1427) to work on /home/airflow/.local/lib/python3.7/site-packages/airflow/example_dags/example_skip_dag.py
[2023-10-10T17:44:41.593+0000] {processor.py:826} INFO - Processing file /home/airflow/.local/lib/python3.7/site-packages/airflow/example_dags/example_skip_dag.py for tasks to queue
[2023-10-10T17:44:41.595+0000] {logging_mixin.py:150} INFO - [2023-10-10T17:44:41.595+0000] {dagbag.py:541} INFO - Filling up the DagBag from /home/airflow/.local/lib/python3.7/site-packages/airflow/example_dags/example_skip_dag.py
[2023-10-10T17:44:41.609+0000] {processor.py:836} INFO - DAG(s) dict_keys(['example_skip_dag']) retrieved from /home/airflow/.local/lib/python3.7/site-packages/airflow/example_dags/example_skip_dag.py
[2023-10-10T17:44:41.650+0000] {logging_mixin.py:150} INFO - [2023-10-10T17:44:41.650+0000] {dag.py:2742} INFO - Sync 1 DAGs
[2023-10-10T17:44:41.690+0000] {logging_mixin.py:150} INFO - [2023-10-10T17:44:41.690+0000] {dag.py:3508} INFO - Setting next_dagrun for example_skip_dag to 2023-10-09T17:44:41.690358+00:00, run_after=2023-10-10T17:44:41.690358+00:00
[2023-10-10T17:44:41.721+0000] {processor.py:179} INFO - Processing /home/airflow/.local/lib/python3.7/site-packages/airflow/example_dags/example_skip_dag.py took 0.136 seconds
[2023-10-10T17:45:11.949+0000] {processor.py:157} INFO - Started process (PID=1508) to work on /home/airflow/.local/lib/python3.7/site-packages/airflow/example_dags/example_skip_dag.py
[2023-10-10T17:45:11.951+0000] {processor.py:826} INFO - Processing file /home/airflow/.local/lib/python3.7/site-packages/airflow/example_dags/example_skip_dag.py for tasks to queue
[2023-10-10T17:45:11.953+0000] {logging_mixin.py:150} INFO - [2023-10-10T17:45:11.952+0000] {dagbag.py:541} INFO - Filling up the DagBag from /home/airflow/.local/lib/python3.7/site-packages/airflow/example_dags/example_skip_dag.py
[2023-10-10T17:45:11.962+0000] {processor.py:836} INFO - DAG(s) dict_keys(['example_skip_dag']) retrieved from /home/airflow/.local/lib/python3.7/site-packages/airflow/example_dags/example_skip_dag.py
[2023-10-10T17:45:11.994+0000] {logging_mixin.py:150} INFO - [2023-10-10T17:45:11.993+0000] {dag.py:2742} INFO - Sync 1 DAGs
[2023-10-10T17:45:12.024+0000] {logging_mixin.py:150} INFO - [2023-10-10T17:45:12.024+0000] {dag.py:3508} INFO - Setting next_dagrun for example_skip_dag to 2023-10-09T17:45:12.023875+00:00, run_after=2023-10-10T17:45:12.023875+00:00
[2023-10-10T17:45:12.047+0000] {processor.py:179} INFO - Processing /home/airflow/.local/lib/python3.7/site-packages/airflow/example_dags/example_skip_dag.py took 0.103 seconds
[2023-10-10T17:45:42.356+0000] {processor.py:157} INFO - Started process (PID=1588) to work on /home/airflow/.local/lib/python3.7/site-packages/airflow/example_dags/example_skip_dag.py
[2023-10-10T17:45:42.358+0000] {processor.py:826} INFO - Processing file /home/airflow/.local/lib/python3.7/site-packages/airflow/example_dags/example_skip_dag.py for tasks to queue
[2023-10-10T17:45:42.360+0000] {logging_mixin.py:150} INFO - [2023-10-10T17:45:42.359+0000] {dagbag.py:541} INFO - Filling up the DagBag from /home/airflow/.local/lib/python3.7/site-packages/airflow/example_dags/example_skip_dag.py
[2023-10-10T17:45:42.372+0000] {processor.py:836} INFO - DAG(s) dict_keys(['example_skip_dag']) retrieved from /home/airflow/.local/lib/python3.7/site-packages/airflow/example_dags/example_skip_dag.py
[2023-10-10T17:45:42.409+0000] {logging_mixin.py:150} INFO - [2023-10-10T17:45:42.409+0000] {dag.py:2742} INFO - Sync 1 DAGs
[2023-10-10T17:45:42.444+0000] {logging_mixin.py:150} INFO - [2023-10-10T17:45:42.444+0000] {dag.py:3508} INFO - Setting next_dagrun for example_skip_dag to 2023-10-09T17:45:42.443895+00:00, run_after=2023-10-10T17:45:42.443895+00:00
[2023-10-10T17:45:42.469+0000] {processor.py:179} INFO - Processing /home/airflow/.local/lib/python3.7/site-packages/airflow/example_dags/example_skip_dag.py took 0.118 seconds
[2023-10-10T17:46:12.595+0000] {processor.py:157} INFO - Started process (PID=1677) to work on /home/airflow/.local/lib/python3.7/site-packages/airflow/example_dags/example_skip_dag.py
[2023-10-10T17:46:12.597+0000] {processor.py:826} INFO - Processing file /home/airflow/.local/lib/python3.7/site-packages/airflow/example_dags/example_skip_dag.py for tasks to queue
[2023-10-10T17:46:12.598+0000] {logging_mixin.py:150} INFO - [2023-10-10T17:46:12.598+0000] {dagbag.py:541} INFO - Filling up the DagBag from /home/airflow/.local/lib/python3.7/site-packages/airflow/example_dags/example_skip_dag.py
[2023-10-10T17:46:12.609+0000] {processor.py:836} INFO - DAG(s) dict_keys(['example_skip_dag']) retrieved from /home/airflow/.local/lib/python3.7/site-packages/airflow/example_dags/example_skip_dag.py
[2023-10-10T17:46:12.645+0000] {logging_mixin.py:150} INFO - [2023-10-10T17:46:12.645+0000] {dag.py:2742} INFO - Sync 1 DAGs
[2023-10-10T17:46:12.686+0000] {logging_mixin.py:150} INFO - [2023-10-10T17:46:12.686+0000] {dag.py:3508} INFO - Setting next_dagrun for example_skip_dag to 2023-10-09T17:46:12.686278+00:00, run_after=2023-10-10T17:46:12.686278+00:00
[2023-10-10T17:46:12.715+0000] {processor.py:179} INFO - Processing /home/airflow/.local/lib/python3.7/site-packages/airflow/example_dags/example_skip_dag.py took 0.125 seconds
[2023-10-10T17:46:43.113+0000] {processor.py:157} INFO - Started process (PID=1757) to work on /home/airflow/.local/lib/python3.7/site-packages/airflow/example_dags/example_skip_dag.py
[2023-10-10T17:46:43.116+0000] {processor.py:826} INFO - Processing file /home/airflow/.local/lib/python3.7/site-packages/airflow/example_dags/example_skip_dag.py for tasks to queue
[2023-10-10T17:46:43.118+0000] {logging_mixin.py:150} INFO - [2023-10-10T17:46:43.118+0000] {dagbag.py:541} INFO - Filling up the DagBag from /home/airflow/.local/lib/python3.7/site-packages/airflow/example_dags/example_skip_dag.py
[2023-10-10T17:46:43.131+0000] {processor.py:836} INFO - DAG(s) dict_keys(['example_skip_dag']) retrieved from /home/airflow/.local/lib/python3.7/site-packages/airflow/example_dags/example_skip_dag.py
[2023-10-10T17:46:43.172+0000] {logging_mixin.py:150} INFO - [2023-10-10T17:46:43.172+0000] {dag.py:2742} INFO - Sync 1 DAGs
[2023-10-10T17:46:43.218+0000] {logging_mixin.py:150} INFO - [2023-10-10T17:46:43.218+0000] {dag.py:3508} INFO - Setting next_dagrun for example_skip_dag to 2023-10-09T17:46:43.218321+00:00, run_after=2023-10-10T17:46:43.218321+00:00
[2023-10-10T17:46:43.258+0000] {processor.py:179} INFO - Processing /home/airflow/.local/lib/python3.7/site-packages/airflow/example_dags/example_skip_dag.py took 0.150 seconds
[2023-10-10T17:47:13.437+0000] {processor.py:157} INFO - Started process (PID=1846) to work on /home/airflow/.local/lib/python3.7/site-packages/airflow/example_dags/example_skip_dag.py
[2023-10-10T17:47:13.439+0000] {processor.py:826} INFO - Processing file /home/airflow/.local/lib/python3.7/site-packages/airflow/example_dags/example_skip_dag.py for tasks to queue
[2023-10-10T17:47:13.441+0000] {logging_mixin.py:150} INFO - [2023-10-10T17:47:13.441+0000] {dagbag.py:541} INFO - Filling up the DagBag from /home/airflow/.local/lib/python3.7/site-packages/airflow/example_dags/example_skip_dag.py
[2023-10-10T17:47:13.452+0000] {processor.py:836} INFO - DAG(s) dict_keys(['example_skip_dag']) retrieved from /home/airflow/.local/lib/python3.7/site-packages/airflow/example_dags/example_skip_dag.py
[2023-10-10T17:47:13.507+0000] {logging_mixin.py:150} INFO - [2023-10-10T17:47:13.506+0000] {dag.py:2742} INFO - Sync 1 DAGs
[2023-10-10T17:47:13.544+0000] {logging_mixin.py:150} INFO - [2023-10-10T17:47:13.544+0000] {dag.py:3508} INFO - Setting next_dagrun for example_skip_dag to 2023-10-09T17:47:13.544057+00:00, run_after=2023-10-10T17:47:13.544057+00:00
[2023-10-10T17:47:13.570+0000] {processor.py:179} INFO - Processing /home/airflow/.local/lib/python3.7/site-packages/airflow/example_dags/example_skip_dag.py took 0.138 seconds
[2023-10-10T17:47:43.702+0000] {processor.py:157} INFO - Started process (PID=1926) to work on /home/airflow/.local/lib/python3.7/site-packages/airflow/example_dags/example_skip_dag.py
[2023-10-10T17:47:43.704+0000] {processor.py:826} INFO - Processing file /home/airflow/.local/lib/python3.7/site-packages/airflow/example_dags/example_skip_dag.py for tasks to queue
[2023-10-10T17:47:43.706+0000] {logging_mixin.py:150} INFO - [2023-10-10T17:47:43.706+0000] {dagbag.py:541} INFO - Filling up the DagBag from /home/airflow/.local/lib/python3.7/site-packages/airflow/example_dags/example_skip_dag.py
[2023-10-10T17:47:43.720+0000] {processor.py:836} INFO - DAG(s) dict_keys(['example_skip_dag']) retrieved from /home/airflow/.local/lib/python3.7/site-packages/airflow/example_dags/example_skip_dag.py
[2023-10-10T17:47:43.771+0000] {logging_mixin.py:150} INFO - [2023-10-10T17:47:43.771+0000] {dag.py:2742} INFO - Sync 1 DAGs
[2023-10-10T17:47:43.822+0000] {logging_mixin.py:150} INFO - [2023-10-10T17:47:43.822+0000] {dag.py:3508} INFO - Setting next_dagrun for example_skip_dag to 2023-10-09T17:47:43.822096+00:00, run_after=2023-10-10T17:47:43.822096+00:00
[2023-10-10T17:47:43.864+0000] {processor.py:179} INFO - Processing /home/airflow/.local/lib/python3.7/site-packages/airflow/example_dags/example_skip_dag.py took 0.170 seconds
[2023-10-10T17:48:15.142+0000] {processor.py:157} INFO - Started process (PID=2015) to work on /home/airflow/.local/lib/python3.7/site-packages/airflow/example_dags/example_skip_dag.py
[2023-10-10T17:48:15.145+0000] {processor.py:826} INFO - Processing file /home/airflow/.local/lib/python3.7/site-packages/airflow/example_dags/example_skip_dag.py for tasks to queue
[2023-10-10T17:48:15.146+0000] {logging_mixin.py:150} INFO - [2023-10-10T17:48:15.146+0000] {dagbag.py:541} INFO - Filling up the DagBag from /home/airflow/.local/lib/python3.7/site-packages/airflow/example_dags/example_skip_dag.py
[2023-10-10T17:48:15.159+0000] {processor.py:836} INFO - DAG(s) dict_keys(['example_skip_dag']) retrieved from /home/airflow/.local/lib/python3.7/site-packages/airflow/example_dags/example_skip_dag.py
[2023-10-10T17:48:15.191+0000] {logging_mixin.py:150} INFO - [2023-10-10T17:48:15.191+0000] {dag.py:2742} INFO - Sync 1 DAGs
[2023-10-10T17:48:15.225+0000] {logging_mixin.py:150} INFO - [2023-10-10T17:48:15.224+0000] {dag.py:3508} INFO - Setting next_dagrun for example_skip_dag to 2023-10-09T17:48:15.224577+00:00, run_after=2023-10-10T17:48:15.224577+00:00
[2023-10-10T17:48:15.247+0000] {processor.py:179} INFO - Processing /home/airflow/.local/lib/python3.7/site-packages/airflow/example_dags/example_skip_dag.py took 0.110 seconds
[2023-10-10T17:48:45.968+0000] {processor.py:157} INFO - Started process (PID=2098) to work on /home/airflow/.local/lib/python3.7/site-packages/airflow/example_dags/example_skip_dag.py
[2023-10-10T17:48:45.971+0000] {processor.py:826} INFO - Processing file /home/airflow/.local/lib/python3.7/site-packages/airflow/example_dags/example_skip_dag.py for tasks to queue
[2023-10-10T17:48:45.973+0000] {logging_mixin.py:150} INFO - [2023-10-10T17:48:45.972+0000] {dagbag.py:541} INFO - Filling up the DagBag from /home/airflow/.local/lib/python3.7/site-packages/airflow/example_dags/example_skip_dag.py
[2023-10-10T17:48:45.986+0000] {processor.py:836} INFO - DAG(s) dict_keys(['example_skip_dag']) retrieved from /home/airflow/.local/lib/python3.7/site-packages/airflow/example_dags/example_skip_dag.py
[2023-10-10T17:48:46.035+0000] {logging_mixin.py:150} INFO - [2023-10-10T17:48:46.034+0000] {dag.py:2742} INFO - Sync 1 DAGs
[2023-10-10T17:48:46.091+0000] {logging_mixin.py:150} INFO - [2023-10-10T17:48:46.091+0000] {dag.py:3508} INFO - Setting next_dagrun for example_skip_dag to 2023-10-09T17:48:46.090765+00:00, run_after=2023-10-10T17:48:46.090765+00:00
[2023-10-10T17:48:46.154+0000] {processor.py:179} INFO - Processing /home/airflow/.local/lib/python3.7/site-packages/airflow/example_dags/example_skip_dag.py took 0.194 seconds
[2023-10-10T17:49:16.337+0000] {processor.py:157} INFO - Started process (PID=2191) to work on /home/airflow/.local/lib/python3.7/site-packages/airflow/example_dags/example_skip_dag.py
[2023-10-10T17:49:16.340+0000] {processor.py:826} INFO - Processing file /home/airflow/.local/lib/python3.7/site-packages/airflow/example_dags/example_skip_dag.py for tasks to queue
[2023-10-10T17:49:16.342+0000] {logging_mixin.py:150} INFO - [2023-10-10T17:49:16.341+0000] {dagbag.py:541} INFO - Filling up the DagBag from /home/airflow/.local/lib/python3.7/site-packages/airflow/example_dags/example_skip_dag.py
[2023-10-10T17:49:16.355+0000] {processor.py:836} INFO - DAG(s) dict_keys(['example_skip_dag']) retrieved from /home/airflow/.local/lib/python3.7/site-packages/airflow/example_dags/example_skip_dag.py
[2023-10-10T17:49:16.390+0000] {logging_mixin.py:150} INFO - [2023-10-10T17:49:16.389+0000] {dag.py:2742} INFO - Sync 1 DAGs
[2023-10-10T17:49:16.425+0000] {logging_mixin.py:150} INFO - [2023-10-10T17:49:16.424+0000] {dag.py:3508} INFO - Setting next_dagrun for example_skip_dag to 2023-10-09T17:49:16.424626+00:00, run_after=2023-10-10T17:49:16.424626+00:00
[2023-10-10T17:49:16.453+0000] {processor.py:179} INFO - Processing /home/airflow/.local/lib/python3.7/site-packages/airflow/example_dags/example_skip_dag.py took 0.120 seconds
[2023-10-10T17:49:47.123+0000] {processor.py:157} INFO - Started process (PID=2271) to work on /home/airflow/.local/lib/python3.7/site-packages/airflow/example_dags/example_skip_dag.py
[2023-10-10T17:49:47.125+0000] {processor.py:826} INFO - Processing file /home/airflow/.local/lib/python3.7/site-packages/airflow/example_dags/example_skip_dag.py for tasks to queue
[2023-10-10T17:49:47.128+0000] {logging_mixin.py:150} INFO - [2023-10-10T17:49:47.127+0000] {dagbag.py:541} INFO - Filling up the DagBag from /home/airflow/.local/lib/python3.7/site-packages/airflow/example_dags/example_skip_dag.py
[2023-10-10T17:49:47.144+0000] {processor.py:836} INFO - DAG(s) dict_keys(['example_skip_dag']) retrieved from /home/airflow/.local/lib/python3.7/site-packages/airflow/example_dags/example_skip_dag.py
[2023-10-10T17:49:47.177+0000] {logging_mixin.py:150} INFO - [2023-10-10T17:49:47.177+0000] {dag.py:2742} INFO - Sync 1 DAGs
[2023-10-10T17:49:47.214+0000] {logging_mixin.py:150} INFO - [2023-10-10T17:49:47.213+0000] {dag.py:3508} INFO - Setting next_dagrun for example_skip_dag to 2023-10-09T17:49:47.213554+00:00, run_after=2023-10-10T17:49:47.213554+00:00
[2023-10-10T17:49:47.237+0000] {processor.py:179} INFO - Processing /home/airflow/.local/lib/python3.7/site-packages/airflow/example_dags/example_skip_dag.py took 0.122 seconds
[2023-10-10T17:50:17.713+0000] {processor.py:157} INFO - Started process (PID=2361) to work on /home/airflow/.local/lib/python3.7/site-packages/airflow/example_dags/example_skip_dag.py
[2023-10-10T17:50:17.717+0000] {processor.py:826} INFO - Processing file /home/airflow/.local/lib/python3.7/site-packages/airflow/example_dags/example_skip_dag.py for tasks to queue
[2023-10-10T17:50:17.720+0000] {logging_mixin.py:150} INFO - [2023-10-10T17:50:17.720+0000] {dagbag.py:541} INFO - Filling up the DagBag from /home/airflow/.local/lib/python3.7/site-packages/airflow/example_dags/example_skip_dag.py
[2023-10-10T17:50:17.739+0000] {processor.py:836} INFO - DAG(s) dict_keys(['example_skip_dag']) retrieved from /home/airflow/.local/lib/python3.7/site-packages/airflow/example_dags/example_skip_dag.py
[2023-10-10T17:50:17.800+0000] {logging_mixin.py:150} INFO - [2023-10-10T17:50:17.800+0000] {dag.py:2742} INFO - Sync 1 DAGs
[2023-10-10T17:50:17.858+0000] {logging_mixin.py:150} INFO - [2023-10-10T17:50:17.858+0000] {dag.py:3508} INFO - Setting next_dagrun for example_skip_dag to 2023-10-09T17:50:17.857756+00:00, run_after=2023-10-10T17:50:17.857756+00:00
[2023-10-10T17:50:17.900+0000] {processor.py:179} INFO - Processing /home/airflow/.local/lib/python3.7/site-packages/airflow/example_dags/example_skip_dag.py took 0.195 seconds
[2023-10-10T17:50:48.762+0000] {processor.py:157} INFO - Started process (PID=2442) to work on /home/airflow/.local/lib/python3.7/site-packages/airflow/example_dags/example_skip_dag.py
[2023-10-10T17:50:48.764+0000] {processor.py:826} INFO - Processing file /home/airflow/.local/lib/python3.7/site-packages/airflow/example_dags/example_skip_dag.py for tasks to queue
[2023-10-10T17:50:48.765+0000] {logging_mixin.py:150} INFO - [2023-10-10T17:50:48.765+0000] {dagbag.py:541} INFO - Filling up the DagBag from /home/airflow/.local/lib/python3.7/site-packages/airflow/example_dags/example_skip_dag.py
[2023-10-10T17:50:48.776+0000] {processor.py:836} INFO - DAG(s) dict_keys(['example_skip_dag']) retrieved from /home/airflow/.local/lib/python3.7/site-packages/airflow/example_dags/example_skip_dag.py
[2023-10-10T17:50:48.812+0000] {logging_mixin.py:150} INFO - [2023-10-10T17:50:48.812+0000] {dag.py:2742} INFO - Sync 1 DAGs
[2023-10-10T17:50:48.852+0000] {logging_mixin.py:150} INFO - [2023-10-10T17:50:48.852+0000] {dag.py:3508} INFO - Setting next_dagrun for example_skip_dag to 2023-10-09T17:50:48.852398+00:00, run_after=2023-10-10T17:50:48.852398+00:00
[2023-10-10T17:50:48.898+0000] {processor.py:179} INFO - Processing /home/airflow/.local/lib/python3.7/site-packages/airflow/example_dags/example_skip_dag.py took 0.141 seconds
[2023-10-10T17:51:19.051+0000] {processor.py:157} INFO - Started process (PID=2531) to work on /home/airflow/.local/lib/python3.7/site-packages/airflow/example_dags/example_skip_dag.py
[2023-10-10T17:51:19.053+0000] {processor.py:826} INFO - Processing file /home/airflow/.local/lib/python3.7/site-packages/airflow/example_dags/example_skip_dag.py for tasks to queue
[2023-10-10T17:51:19.056+0000] {logging_mixin.py:150} INFO - [2023-10-10T17:51:19.055+0000] {dagbag.py:541} INFO - Filling up the DagBag from /home/airflow/.local/lib/python3.7/site-packages/airflow/example_dags/example_skip_dag.py
[2023-10-10T17:51:19.069+0000] {processor.py:836} INFO - DAG(s) dict_keys(['example_skip_dag']) retrieved from /home/airflow/.local/lib/python3.7/site-packages/airflow/example_dags/example_skip_dag.py
[2023-10-10T17:51:19.110+0000] {logging_mixin.py:150} INFO - [2023-10-10T17:51:19.109+0000] {dag.py:2742} INFO - Sync 1 DAGs
[2023-10-10T17:51:19.155+0000] {logging_mixin.py:150} INFO - [2023-10-10T17:51:19.154+0000] {dag.py:3508} INFO - Setting next_dagrun for example_skip_dag to 2023-10-09T17:51:19.154294+00:00, run_after=2023-10-10T17:51:19.154294+00:00
[2023-10-10T17:51:19.192+0000] {processor.py:179} INFO - Processing /home/airflow/.local/lib/python3.7/site-packages/airflow/example_dags/example_skip_dag.py took 0.149 seconds
[2023-10-10T17:51:49.886+0000] {processor.py:157} INFO - Started process (PID=2616) to work on /home/airflow/.local/lib/python3.7/site-packages/airflow/example_dags/example_skip_dag.py
[2023-10-10T17:51:49.887+0000] {processor.py:826} INFO - Processing file /home/airflow/.local/lib/python3.7/site-packages/airflow/example_dags/example_skip_dag.py for tasks to queue
[2023-10-10T17:51:49.889+0000] {logging_mixin.py:150} INFO - [2023-10-10T17:51:49.889+0000] {dagbag.py:541} INFO - Filling up the DagBag from /home/airflow/.local/lib/python3.7/site-packages/airflow/example_dags/example_skip_dag.py
[2023-10-10T17:51:49.906+0000] {processor.py:836} INFO - DAG(s) dict_keys(['example_skip_dag']) retrieved from /home/airflow/.local/lib/python3.7/site-packages/airflow/example_dags/example_skip_dag.py
[2023-10-10T17:51:49.951+0000] {logging_mixin.py:150} INFO - [2023-10-10T17:51:49.950+0000] {dag.py:2742} INFO - Sync 1 DAGs
[2023-10-10T17:51:49.999+0000] {logging_mixin.py:150} INFO - [2023-10-10T17:51:49.999+0000] {dag.py:3508} INFO - Setting next_dagrun for example_skip_dag to 2023-10-09T17:51:49.998886+00:00, run_after=2023-10-10T17:51:49.998886+00:00
[2023-10-10T17:51:50.032+0000] {processor.py:179} INFO - Processing /home/airflow/.local/lib/python3.7/site-packages/airflow/example_dags/example_skip_dag.py took 0.152 seconds
[2023-10-10T17:52:20.126+0000] {processor.py:157} INFO - Started process (PID=2697) to work on /home/airflow/.local/lib/python3.7/site-packages/airflow/example_dags/example_skip_dag.py
[2023-10-10T17:52:20.128+0000] {processor.py:826} INFO - Processing file /home/airflow/.local/lib/python3.7/site-packages/airflow/example_dags/example_skip_dag.py for tasks to queue
[2023-10-10T17:52:20.130+0000] {logging_mixin.py:150} INFO - [2023-10-10T17:52:20.129+0000] {dagbag.py:541} INFO - Filling up the DagBag from /home/airflow/.local/lib/python3.7/site-packages/airflow/example_dags/example_skip_dag.py
[2023-10-10T17:52:20.144+0000] {processor.py:836} INFO - DAG(s) dict_keys(['example_skip_dag']) retrieved from /home/airflow/.local/lib/python3.7/site-packages/airflow/example_dags/example_skip_dag.py
[2023-10-10T17:52:20.177+0000] {logging_mixin.py:150} INFO - [2023-10-10T17:52:20.177+0000] {dag.py:2742} INFO - Sync 1 DAGs
[2023-10-10T17:52:20.214+0000] {logging_mixin.py:150} INFO - [2023-10-10T17:52:20.214+0000] {dag.py:3508} INFO - Setting next_dagrun for example_skip_dag to 2023-10-09T17:52:20.214173+00:00, run_after=2023-10-10T17:52:20.214173+00:00
[2023-10-10T17:52:20.238+0000] {processor.py:179} INFO - Processing /home/airflow/.local/lib/python3.7/site-packages/airflow/example_dags/example_skip_dag.py took 0.118 seconds
[2023-10-10T17:52:50.637+0000] {processor.py:157} INFO - Started process (PID=2787) to work on /home/airflow/.local/lib/python3.7/site-packages/airflow/example_dags/example_skip_dag.py
[2023-10-10T17:52:50.639+0000] {processor.py:826} INFO - Processing file /home/airflow/.local/lib/python3.7/site-packages/airflow/example_dags/example_skip_dag.py for tasks to queue
[2023-10-10T17:52:50.641+0000] {logging_mixin.py:150} INFO - [2023-10-10T17:52:50.640+0000] {dagbag.py:541} INFO - Filling up the DagBag from /home/airflow/.local/lib/python3.7/site-packages/airflow/example_dags/example_skip_dag.py
[2023-10-10T17:52:50.652+0000] {processor.py:836} INFO - DAG(s) dict_keys(['example_skip_dag']) retrieved from /home/airflow/.local/lib/python3.7/site-packages/airflow/example_dags/example_skip_dag.py
[2023-10-10T17:52:50.686+0000] {logging_mixin.py:150} INFO - [2023-10-10T17:52:50.686+0000] {dag.py:2742} INFO - Sync 1 DAGs
[2023-10-10T17:52:50.732+0000] {logging_mixin.py:150} INFO - [2023-10-10T17:52:50.732+0000] {dag.py:3508} INFO - Setting next_dagrun for example_skip_dag to 2023-10-09T17:52:50.731999+00:00, run_after=2023-10-10T17:52:50.731999+00:00
[2023-10-10T17:52:50.760+0000] {processor.py:179} INFO - Processing /home/airflow/.local/lib/python3.7/site-packages/airflow/example_dags/example_skip_dag.py took 0.128 seconds
[2023-10-10T17:53:21.117+0000] {processor.py:157} INFO - Started process (PID=2870) to work on /home/airflow/.local/lib/python3.7/site-packages/airflow/example_dags/example_skip_dag.py
[2023-10-10T17:53:21.119+0000] {processor.py:826} INFO - Processing file /home/airflow/.local/lib/python3.7/site-packages/airflow/example_dags/example_skip_dag.py for tasks to queue
[2023-10-10T17:53:21.120+0000] {logging_mixin.py:150} INFO - [2023-10-10T17:53:21.120+0000] {dagbag.py:541} INFO - Filling up the DagBag from /home/airflow/.local/lib/python3.7/site-packages/airflow/example_dags/example_skip_dag.py
[2023-10-10T17:53:21.135+0000] {processor.py:836} INFO - DAG(s) dict_keys(['example_skip_dag']) retrieved from /home/airflow/.local/lib/python3.7/site-packages/airflow/example_dags/example_skip_dag.py
[2023-10-10T17:53:21.171+0000] {logging_mixin.py:150} INFO - [2023-10-10T17:53:21.171+0000] {dag.py:2742} INFO - Sync 1 DAGs
[2023-10-10T17:53:21.207+0000] {logging_mixin.py:150} INFO - [2023-10-10T17:53:21.207+0000] {dag.py:3508} INFO - Setting next_dagrun for example_skip_dag to 2023-10-09T17:53:21.207419+00:00, run_after=2023-10-10T17:53:21.207419+00:00
[2023-10-10T17:53:21.237+0000] {processor.py:179} INFO - Processing /home/airflow/.local/lib/python3.7/site-packages/airflow/example_dags/example_skip_dag.py took 0.125 seconds
[2023-10-10T17:53:51.843+0000] {processor.py:157} INFO - Started process (PID=2960) to work on /home/airflow/.local/lib/python3.7/site-packages/airflow/example_dags/example_skip_dag.py
[2023-10-10T17:53:51.845+0000] {processor.py:826} INFO - Processing file /home/airflow/.local/lib/python3.7/site-packages/airflow/example_dags/example_skip_dag.py for tasks to queue
[2023-10-10T17:53:51.847+0000] {logging_mixin.py:150} INFO - [2023-10-10T17:53:51.847+0000] {dagbag.py:541} INFO - Filling up the DagBag from /home/airflow/.local/lib/python3.7/site-packages/airflow/example_dags/example_skip_dag.py
[2023-10-10T17:53:51.858+0000] {processor.py:836} INFO - DAG(s) dict_keys(['example_skip_dag']) retrieved from /home/airflow/.local/lib/python3.7/site-packages/airflow/example_dags/example_skip_dag.py
[2023-10-10T17:53:51.894+0000] {logging_mixin.py:150} INFO - [2023-10-10T17:53:51.894+0000] {dag.py:2742} INFO - Sync 1 DAGs
[2023-10-10T17:53:51.930+0000] {logging_mixin.py:150} INFO - [2023-10-10T17:53:51.929+0000] {dag.py:3508} INFO - Setting next_dagrun for example_skip_dag to 2023-10-09T17:53:51.929631+00:00, run_after=2023-10-10T17:53:51.929631+00:00
[2023-10-10T17:53:51.965+0000] {processor.py:179} INFO - Processing /home/airflow/.local/lib/python3.7/site-packages/airflow/example_dags/example_skip_dag.py took 0.129 seconds
[2023-10-10T17:54:22.973+0000] {processor.py:157} INFO - Started process (PID=3041) to work on /home/airflow/.local/lib/python3.7/site-packages/airflow/example_dags/example_skip_dag.py
[2023-10-10T17:54:22.974+0000] {processor.py:826} INFO - Processing file /home/airflow/.local/lib/python3.7/site-packages/airflow/example_dags/example_skip_dag.py for tasks to queue
[2023-10-10T17:54:22.976+0000] {logging_mixin.py:150} INFO - [2023-10-10T17:54:22.976+0000] {dagbag.py:541} INFO - Filling up the DagBag from /home/airflow/.local/lib/python3.7/site-packages/airflow/example_dags/example_skip_dag.py
[2023-10-10T17:54:22.987+0000] {processor.py:836} INFO - DAG(s) dict_keys(['example_skip_dag']) retrieved from /home/airflow/.local/lib/python3.7/site-packages/airflow/example_dags/example_skip_dag.py
[2023-10-10T17:54:23.043+0000] {logging_mixin.py:150} INFO - [2023-10-10T17:54:23.043+0000] {dag.py:2742} INFO - Sync 1 DAGs
[2023-10-10T17:54:23.091+0000] {logging_mixin.py:150} INFO - [2023-10-10T17:54:23.090+0000] {dag.py:3508} INFO - Setting next_dagrun for example_skip_dag to 2023-10-09T17:54:23.090191+00:00, run_after=2023-10-10T17:54:23.090191+00:00
[2023-10-10T17:54:23.141+0000] {processor.py:179} INFO - Processing /home/airflow/.local/lib/python3.7/site-packages/airflow/example_dags/example_skip_dag.py took 0.173 seconds
[2023-10-10T17:54:53.508+0000] {processor.py:157} INFO - Started process (PID=3151) to work on /home/airflow/.local/lib/python3.7/site-packages/airflow/example_dags/example_skip_dag.py
[2023-10-10T17:54:53.511+0000] {processor.py:826} INFO - Processing file /home/airflow/.local/lib/python3.7/site-packages/airflow/example_dags/example_skip_dag.py for tasks to queue
[2023-10-10T17:54:53.518+0000] {logging_mixin.py:150} INFO - [2023-10-10T17:54:53.516+0000] {dagbag.py:541} INFO - Filling up the DagBag from /home/airflow/.local/lib/python3.7/site-packages/airflow/example_dags/example_skip_dag.py
[2023-10-10T17:54:53.553+0000] {processor.py:836} INFO - DAG(s) dict_keys(['example_skip_dag']) retrieved from /home/airflow/.local/lib/python3.7/site-packages/airflow/example_dags/example_skip_dag.py
[2023-10-10T17:54:53.616+0000] {logging_mixin.py:150} INFO - [2023-10-10T17:54:53.616+0000] {dag.py:2742} INFO - Sync 1 DAGs
[2023-10-10T17:54:53.664+0000] {logging_mixin.py:150} INFO - [2023-10-10T17:54:53.664+0000] {dag.py:3508} INFO - Setting next_dagrun for example_skip_dag to 2023-10-09T17:54:53.663746+00:00, run_after=2023-10-10T17:54:53.663746+00:00
[2023-10-10T17:54:53.738+0000] {processor.py:179} INFO - Processing /home/airflow/.local/lib/python3.7/site-packages/airflow/example_dags/example_skip_dag.py took 0.239 seconds
[2023-10-10T17:56:03.758+0000] {processor.py:157} INFO - Started process (PID=3225) to work on /home/airflow/.local/lib/python3.7/site-packages/airflow/example_dags/example_skip_dag.py
[2023-10-10T17:56:03.761+0000] {processor.py:826} INFO - Processing file /home/airflow/.local/lib/python3.7/site-packages/airflow/example_dags/example_skip_dag.py for tasks to queue
[2023-10-10T17:56:03.763+0000] {logging_mixin.py:150} INFO - [2023-10-10T17:56:03.762+0000] {dagbag.py:541} INFO - Filling up the DagBag from /home/airflow/.local/lib/python3.7/site-packages/airflow/example_dags/example_skip_dag.py
[2023-10-10T17:56:03.778+0000] {processor.py:836} INFO - DAG(s) dict_keys(['example_skip_dag']) retrieved from /home/airflow/.local/lib/python3.7/site-packages/airflow/example_dags/example_skip_dag.py
[2023-10-10T17:56:03.829+0000] {logging_mixin.py:150} INFO - [2023-10-10T17:56:03.828+0000] {dag.py:2742} INFO - Sync 1 DAGs
[2023-10-10T17:56:03.878+0000] {logging_mixin.py:150} INFO - [2023-10-10T17:56:03.878+0000] {dag.py:3508} INFO - Setting next_dagrun for example_skip_dag to 2023-10-09T17:56:03.877814+00:00, run_after=2023-10-10T17:56:03.877814+00:00
[2023-10-10T17:56:03.917+0000] {processor.py:179} INFO - Processing /home/airflow/.local/lib/python3.7/site-packages/airflow/example_dags/example_skip_dag.py took 0.166 seconds
[2023-10-10T17:56:34.681+0000] {processor.py:157} INFO - Started process (PID=3306) to work on /home/airflow/.local/lib/python3.7/site-packages/airflow/example_dags/example_skip_dag.py
[2023-10-10T17:56:34.685+0000] {processor.py:826} INFO - Processing file /home/airflow/.local/lib/python3.7/site-packages/airflow/example_dags/example_skip_dag.py for tasks to queue
[2023-10-10T17:56:34.688+0000] {logging_mixin.py:150} INFO - [2023-10-10T17:56:34.688+0000] {dagbag.py:541} INFO - Filling up the DagBag from /home/airflow/.local/lib/python3.7/site-packages/airflow/example_dags/example_skip_dag.py
[2023-10-10T17:56:34.708+0000] {processor.py:836} INFO - DAG(s) dict_keys(['example_skip_dag']) retrieved from /home/airflow/.local/lib/python3.7/site-packages/airflow/example_dags/example_skip_dag.py
[2023-10-10T17:56:34.808+0000] {logging_mixin.py:150} INFO - [2023-10-10T17:56:34.807+0000] {dag.py:2742} INFO - Sync 1 DAGs
[2023-10-10T17:56:34.940+0000] {logging_mixin.py:150} INFO - [2023-10-10T17:56:34.940+0000] {dag.py:3508} INFO - Setting next_dagrun for example_skip_dag to 2023-10-09T17:56:34.939194+00:00, run_after=2023-10-10T17:56:34.939194+00:00
[2023-10-10T17:56:35.029+0000] {processor.py:179} INFO - Processing /home/airflow/.local/lib/python3.7/site-packages/airflow/example_dags/example_skip_dag.py took 0.357 seconds
[2023-10-10T17:57:10.660+0000] {processor.py:157} INFO - Started process (PID=3387) to work on /home/airflow/.local/lib/python3.7/site-packages/airflow/example_dags/example_skip_dag.py
[2023-10-10T17:57:10.666+0000] {processor.py:826} INFO - Processing file /home/airflow/.local/lib/python3.7/site-packages/airflow/example_dags/example_skip_dag.py for tasks to queue
[2023-10-10T17:57:10.683+0000] {logging_mixin.py:150} INFO - [2023-10-10T17:57:10.681+0000] {dagbag.py:541} INFO - Filling up the DagBag from /home/airflow/.local/lib/python3.7/site-packages/airflow/example_dags/example_skip_dag.py
[2023-10-10T17:57:10.789+0000] {processor.py:836} INFO - DAG(s) dict_keys(['example_skip_dag']) retrieved from /home/airflow/.local/lib/python3.7/site-packages/airflow/example_dags/example_skip_dag.py
[2023-10-10T17:57:11.121+0000] {logging_mixin.py:150} INFO - [2023-10-10T17:57:11.120+0000] {dag.py:2742} INFO - Sync 1 DAGs
[2023-10-10T17:57:11.397+0000] {logging_mixin.py:150} INFO - [2023-10-10T17:57:11.397+0000] {dag.py:3508} INFO - Setting next_dagrun for example_skip_dag to 2023-10-09T17:57:11.395596+00:00, run_after=2023-10-10T17:57:11.395596+00:00
[2023-10-10T17:57:11.697+0000] {processor.py:179} INFO - Processing /home/airflow/.local/lib/python3.7/site-packages/airflow/example_dags/example_skip_dag.py took 1.066 seconds
[2023-10-10T17:58:18.251+0000] {processor.py:157} INFO - Started process (PID=3478) to work on /home/airflow/.local/lib/python3.7/site-packages/airflow/example_dags/example_skip_dag.py
[2023-10-10T17:58:18.264+0000] {processor.py:826} INFO - Processing file /home/airflow/.local/lib/python3.7/site-packages/airflow/example_dags/example_skip_dag.py for tasks to queue
[2023-10-10T17:58:18.281+0000] {logging_mixin.py:150} INFO - [2023-10-10T17:58:18.277+0000] {dagbag.py:541} INFO - Filling up the DagBag from /home/airflow/.local/lib/python3.7/site-packages/airflow/example_dags/example_skip_dag.py
[2023-10-10T17:58:18.323+0000] {processor.py:836} INFO - DAG(s) dict_keys(['example_skip_dag']) retrieved from /home/airflow/.local/lib/python3.7/site-packages/airflow/example_dags/example_skip_dag.py
[2023-10-10T17:58:18.484+0000] {logging_mixin.py:150} INFO - [2023-10-10T17:58:18.484+0000] {dag.py:2742} INFO - Sync 1 DAGs
[2023-10-10T17:58:18.652+0000] {logging_mixin.py:150} INFO - [2023-10-10T17:58:18.651+0000] {dag.py:3508} INFO - Setting next_dagrun for example_skip_dag to 2023-10-09T17:58:18.649564+00:00, run_after=2023-10-10T17:58:18.649564+00:00
[2023-10-10T17:58:18.760+0000] {processor.py:179} INFO - Processing /home/airflow/.local/lib/python3.7/site-packages/airflow/example_dags/example_skip_dag.py took 0.533 seconds
[2023-10-10T17:58:51.843+0000] {processor.py:157} INFO - Started process (PID=3580) to work on /home/airflow/.local/lib/python3.7/site-packages/airflow/example_dags/example_skip_dag.py
[2023-10-10T17:58:51.848+0000] {processor.py:826} INFO - Processing file /home/airflow/.local/lib/python3.7/site-packages/airflow/example_dags/example_skip_dag.py for tasks to queue
[2023-10-10T17:58:51.860+0000] {logging_mixin.py:150} INFO - [2023-10-10T17:58:51.856+0000] {dagbag.py:541} INFO - Filling up the DagBag from /home/airflow/.local/lib/python3.7/site-packages/airflow/example_dags/example_skip_dag.py
[2023-10-10T17:58:51.917+0000] {processor.py:836} INFO - DAG(s) dict_keys(['example_skip_dag']) retrieved from /home/airflow/.local/lib/python3.7/site-packages/airflow/example_dags/example_skip_dag.py
[2023-10-10T17:58:52.165+0000] {logging_mixin.py:150} INFO - [2023-10-10T17:58:52.164+0000] {dag.py:2742} INFO - Sync 1 DAGs
[2023-10-10T17:58:52.431+0000] {logging_mixin.py:150} INFO - [2023-10-10T17:58:52.430+0000] {dag.py:3508} INFO - Setting next_dagrun for example_skip_dag to 2023-10-09T17:58:52.428557+00:00, run_after=2023-10-10T17:58:52.428557+00:00
[2023-10-10T17:58:52.686+0000] {processor.py:179} INFO - Processing /home/airflow/.local/lib/python3.7/site-packages/airflow/example_dags/example_skip_dag.py took 0.857 seconds
[2023-10-10T17:59:38.322+0000] {processor.py:157} INFO - Started process (PID=3661) to work on /home/airflow/.local/lib/python3.7/site-packages/airflow/example_dags/example_skip_dag.py
[2023-10-10T17:59:38.334+0000] {processor.py:826} INFO - Processing file /home/airflow/.local/lib/python3.7/site-packages/airflow/example_dags/example_skip_dag.py for tasks to queue
[2023-10-10T17:59:38.352+0000] {logging_mixin.py:150} INFO - [2023-10-10T17:59:38.350+0000] {dagbag.py:541} INFO - Filling up the DagBag from /home/airflow/.local/lib/python3.7/site-packages/airflow/example_dags/example_skip_dag.py
[2023-10-10T17:59:38.414+0000] {processor.py:836} INFO - DAG(s) dict_keys(['example_skip_dag']) retrieved from /home/airflow/.local/lib/python3.7/site-packages/airflow/example_dags/example_skip_dag.py
[2023-10-10T17:59:38.604+0000] {logging_mixin.py:150} INFO - [2023-10-10T17:59:38.604+0000] {dag.py:2742} INFO - Sync 1 DAGs
[2023-10-10T17:59:38.754+0000] {logging_mixin.py:150} INFO - [2023-10-10T17:59:38.753+0000] {dag.py:3508} INFO - Setting next_dagrun for example_skip_dag to 2023-10-09T17:59:38.752545+00:00, run_after=2023-10-10T17:59:38.752545+00:00
[2023-10-10T17:59:38.858+0000] {processor.py:179} INFO - Processing /home/airflow/.local/lib/python3.7/site-packages/airflow/example_dags/example_skip_dag.py took 0.565 seconds
[2023-10-10T18:00:09.409+0000] {processor.py:157} INFO - Started process (PID=3742) to work on /home/airflow/.local/lib/python3.7/site-packages/airflow/example_dags/example_skip_dag.py
[2023-10-10T18:00:09.416+0000] {processor.py:826} INFO - Processing file /home/airflow/.local/lib/python3.7/site-packages/airflow/example_dags/example_skip_dag.py for tasks to queue
[2023-10-10T18:00:09.421+0000] {logging_mixin.py:150} INFO - [2023-10-10T18:00:09.420+0000] {dagbag.py:541} INFO - Filling up the DagBag from /home/airflow/.local/lib/python3.7/site-packages/airflow/example_dags/example_skip_dag.py
[2023-10-10T18:00:09.443+0000] {processor.py:836} INFO - DAG(s) dict_keys(['example_skip_dag']) retrieved from /home/airflow/.local/lib/python3.7/site-packages/airflow/example_dags/example_skip_dag.py
[2023-10-10T18:00:09.515+0000] {logging_mixin.py:150} INFO - [2023-10-10T18:00:09.514+0000] {dag.py:2742} INFO - Sync 1 DAGs
[2023-10-10T18:00:09.584+0000] {logging_mixin.py:150} INFO - [2023-10-10T18:00:09.584+0000] {dag.py:3508} INFO - Setting next_dagrun for example_skip_dag to 2023-10-09T18:00:09.583558+00:00, run_after=2023-10-10T18:00:09.583558+00:00
[2023-10-10T18:00:09.642+0000] {processor.py:179} INFO - Processing /home/airflow/.local/lib/python3.7/site-packages/airflow/example_dags/example_skip_dag.py took 0.243 seconds
[2023-10-10T18:00:40.621+0000] {processor.py:157} INFO - Started process (PID=3823) to work on /home/airflow/.local/lib/python3.7/site-packages/airflow/example_dags/example_skip_dag.py
[2023-10-10T18:00:40.624+0000] {processor.py:826} INFO - Processing file /home/airflow/.local/lib/python3.7/site-packages/airflow/example_dags/example_skip_dag.py for tasks to queue
[2023-10-10T18:00:40.627+0000] {logging_mixin.py:150} INFO - [2023-10-10T18:00:40.626+0000] {dagbag.py:541} INFO - Filling up the DagBag from /home/airflow/.local/lib/python3.7/site-packages/airflow/example_dags/example_skip_dag.py
[2023-10-10T18:00:40.642+0000] {processor.py:836} INFO - DAG(s) dict_keys(['example_skip_dag']) retrieved from /home/airflow/.local/lib/python3.7/site-packages/airflow/example_dags/example_skip_dag.py
[2023-10-10T18:00:40.699+0000] {logging_mixin.py:150} INFO - [2023-10-10T18:00:40.699+0000] {dag.py:2742} INFO - Sync 1 DAGs
[2023-10-10T18:00:40.751+0000] {logging_mixin.py:150} INFO - [2023-10-10T18:00:40.750+0000] {dag.py:3508} INFO - Setting next_dagrun for example_skip_dag to 2023-10-09T18:00:40.750232+00:00, run_after=2023-10-10T18:00:40.750232+00:00
[2023-10-10T18:00:40.798+0000] {processor.py:179} INFO - Processing /home/airflow/.local/lib/python3.7/site-packages/airflow/example_dags/example_skip_dag.py took 0.184 seconds
[2023-10-10T18:01:11.119+0000] {processor.py:157} INFO - Started process (PID=3911) to work on /home/airflow/.local/lib/python3.7/site-packages/airflow/example_dags/example_skip_dag.py
[2023-10-10T18:01:11.121+0000] {processor.py:826} INFO - Processing file /home/airflow/.local/lib/python3.7/site-packages/airflow/example_dags/example_skip_dag.py for tasks to queue
[2023-10-10T18:01:11.124+0000] {logging_mixin.py:150} INFO - [2023-10-10T18:01:11.123+0000] {dagbag.py:541} INFO - Filling up the DagBag from /home/airflow/.local/lib/python3.7/site-packages/airflow/example_dags/example_skip_dag.py
[2023-10-10T18:01:11.139+0000] {processor.py:836} INFO - DAG(s) dict_keys(['example_skip_dag']) retrieved from /home/airflow/.local/lib/python3.7/site-packages/airflow/example_dags/example_skip_dag.py
[2023-10-10T18:01:11.191+0000] {logging_mixin.py:150} INFO - [2023-10-10T18:01:11.190+0000] {dag.py:2742} INFO - Sync 1 DAGs
[2023-10-10T18:01:11.251+0000] {logging_mixin.py:150} INFO - [2023-10-10T18:01:11.251+0000] {dag.py:3508} INFO - Setting next_dagrun for example_skip_dag to 2023-10-09T18:01:11.250752+00:00, run_after=2023-10-10T18:01:11.250752+00:00
[2023-10-10T18:01:11.293+0000] {processor.py:179} INFO - Processing /home/airflow/.local/lib/python3.7/site-packages/airflow/example_dags/example_skip_dag.py took 0.181 seconds
[2023-10-10T18:01:41.461+0000] {processor.py:157} INFO - Started process (PID=3994) to work on /home/airflow/.local/lib/python3.7/site-packages/airflow/example_dags/example_skip_dag.py
[2023-10-10T18:01:41.465+0000] {processor.py:826} INFO - Processing file /home/airflow/.local/lib/python3.7/site-packages/airflow/example_dags/example_skip_dag.py for tasks to queue
[2023-10-10T18:01:41.469+0000] {logging_mixin.py:150} INFO - [2023-10-10T18:01:41.468+0000] {dagbag.py:541} INFO - Filling up the DagBag from /home/airflow/.local/lib/python3.7/site-packages/airflow/example_dags/example_skip_dag.py
[2023-10-10T18:01:41.487+0000] {processor.py:836} INFO - DAG(s) dict_keys(['example_skip_dag']) retrieved from /home/airflow/.local/lib/python3.7/site-packages/airflow/example_dags/example_skip_dag.py
[2023-10-10T18:01:41.548+0000] {logging_mixin.py:150} INFO - [2023-10-10T18:01:41.548+0000] {dag.py:2742} INFO - Sync 1 DAGs
[2023-10-10T18:01:41.609+0000] {logging_mixin.py:150} INFO - [2023-10-10T18:01:41.608+0000] {dag.py:3508} INFO - Setting next_dagrun for example_skip_dag to 2023-10-09T18:01:41.608327+00:00, run_after=2023-10-10T18:01:41.608327+00:00
[2023-10-10T18:01:41.654+0000] {processor.py:179} INFO - Processing /home/airflow/.local/lib/python3.7/site-packages/airflow/example_dags/example_skip_dag.py took 0.201 seconds
[2023-10-10T18:02:11.788+0000] {processor.py:157} INFO - Started process (PID=4075) to work on /home/airflow/.local/lib/python3.7/site-packages/airflow/example_dags/example_skip_dag.py
[2023-10-10T18:02:11.790+0000] {processor.py:826} INFO - Processing file /home/airflow/.local/lib/python3.7/site-packages/airflow/example_dags/example_skip_dag.py for tasks to queue
[2023-10-10T18:02:11.793+0000] {logging_mixin.py:150} INFO - [2023-10-10T18:02:11.792+0000] {dagbag.py:541} INFO - Filling up the DagBag from /home/airflow/.local/lib/python3.7/site-packages/airflow/example_dags/example_skip_dag.py
[2023-10-10T18:02:11.814+0000] {processor.py:836} INFO - DAG(s) dict_keys(['example_skip_dag']) retrieved from /home/airflow/.local/lib/python3.7/site-packages/airflow/example_dags/example_skip_dag.py
[2023-10-10T18:02:11.876+0000] {logging_mixin.py:150} INFO - [2023-10-10T18:02:11.876+0000] {dag.py:2742} INFO - Sync 1 DAGs
[2023-10-10T18:02:11.941+0000] {logging_mixin.py:150} INFO - [2023-10-10T18:02:11.941+0000] {dag.py:3508} INFO - Setting next_dagrun for example_skip_dag to 2023-10-09T18:02:11.940998+00:00, run_after=2023-10-10T18:02:11.940998+00:00
[2023-10-10T18:02:11.988+0000] {processor.py:179} INFO - Processing /home/airflow/.local/lib/python3.7/site-packages/airflow/example_dags/example_skip_dag.py took 0.211 seconds
[2023-10-10T18:02:42.085+0000] {processor.py:157} INFO - Started process (PID=4156) to work on /home/airflow/.local/lib/python3.7/site-packages/airflow/example_dags/example_skip_dag.py
[2023-10-10T18:02:42.089+0000] {processor.py:826} INFO - Processing file /home/airflow/.local/lib/python3.7/site-packages/airflow/example_dags/example_skip_dag.py for tasks to queue
[2023-10-10T18:02:42.093+0000] {logging_mixin.py:150} INFO - [2023-10-10T18:02:42.093+0000] {dagbag.py:541} INFO - Filling up the DagBag from /home/airflow/.local/lib/python3.7/site-packages/airflow/example_dags/example_skip_dag.py
[2023-10-10T18:02:42.109+0000] {processor.py:836} INFO - DAG(s) dict_keys(['example_skip_dag']) retrieved from /home/airflow/.local/lib/python3.7/site-packages/airflow/example_dags/example_skip_dag.py
[2023-10-10T18:02:42.175+0000] {logging_mixin.py:150} INFO - [2023-10-10T18:02:42.174+0000] {dag.py:2742} INFO - Sync 1 DAGs
[2023-10-10T18:02:42.244+0000] {logging_mixin.py:150} INFO - [2023-10-10T18:02:42.244+0000] {dag.py:3508} INFO - Setting next_dagrun for example_skip_dag to 2023-10-09T18:02:42.243873+00:00, run_after=2023-10-10T18:02:42.243873+00:00
[2023-10-10T18:02:42.297+0000] {processor.py:179} INFO - Processing /home/airflow/.local/lib/python3.7/site-packages/airflow/example_dags/example_skip_dag.py took 0.222 seconds
[2023-10-10T18:03:13.072+0000] {processor.py:157} INFO - Started process (PID=4237) to work on /home/airflow/.local/lib/python3.7/site-packages/airflow/example_dags/example_skip_dag.py
[2023-10-10T18:03:13.075+0000] {processor.py:826} INFO - Processing file /home/airflow/.local/lib/python3.7/site-packages/airflow/example_dags/example_skip_dag.py for tasks to queue
[2023-10-10T18:03:13.078+0000] {logging_mixin.py:150} INFO - [2023-10-10T18:03:13.077+0000] {dagbag.py:541} INFO - Filling up the DagBag from /home/airflow/.local/lib/python3.7/site-packages/airflow/example_dags/example_skip_dag.py
[2023-10-10T18:03:13.104+0000] {processor.py:836} INFO - DAG(s) dict_keys(['example_skip_dag']) retrieved from /home/airflow/.local/lib/python3.7/site-packages/airflow/example_dags/example_skip_dag.py
[2023-10-10T18:03:13.153+0000] {logging_mixin.py:150} INFO - [2023-10-10T18:03:13.153+0000] {dag.py:2742} INFO - Sync 1 DAGs
[2023-10-10T18:03:13.210+0000] {logging_mixin.py:150} INFO - [2023-10-10T18:03:13.210+0000] {dag.py:3508} INFO - Setting next_dagrun for example_skip_dag to 2023-10-09T18:03:13.209658+00:00, run_after=2023-10-10T18:03:13.209658+00:00
[2023-10-10T18:03:13.250+0000] {processor.py:179} INFO - Processing /home/airflow/.local/lib/python3.7/site-packages/airflow/example_dags/example_skip_dag.py took 0.185 seconds
[2023-10-10T18:03:44.033+0000] {processor.py:157} INFO - Started process (PID=4327) to work on /home/airflow/.local/lib/python3.7/site-packages/airflow/example_dags/example_skip_dag.py
[2023-10-10T18:03:44.036+0000] {processor.py:826} INFO - Processing file /home/airflow/.local/lib/python3.7/site-packages/airflow/example_dags/example_skip_dag.py for tasks to queue
[2023-10-10T18:03:44.038+0000] {logging_mixin.py:150} INFO - [2023-10-10T18:03:44.038+0000] {dagbag.py:541} INFO - Filling up the DagBag from /home/airflow/.local/lib/python3.7/site-packages/airflow/example_dags/example_skip_dag.py
[2023-10-10T18:03:44.053+0000] {processor.py:836} INFO - DAG(s) dict_keys(['example_skip_dag']) retrieved from /home/airflow/.local/lib/python3.7/site-packages/airflow/example_dags/example_skip_dag.py
[2023-10-10T18:03:44.103+0000] {logging_mixin.py:150} INFO - [2023-10-10T18:03:44.103+0000] {dag.py:2742} INFO - Sync 1 DAGs
[2023-10-10T18:03:44.154+0000] {logging_mixin.py:150} INFO - [2023-10-10T18:03:44.153+0000] {dag.py:3508} INFO - Setting next_dagrun for example_skip_dag to 2023-10-09T18:03:44.153482+00:00, run_after=2023-10-10T18:03:44.153482+00:00
[2023-10-10T18:03:44.195+0000] {processor.py:179} INFO - Processing /home/airflow/.local/lib/python3.7/site-packages/airflow/example_dags/example_skip_dag.py took 0.168 seconds
[2023-10-10T18:04:14.341+0000] {processor.py:157} INFO - Started process (PID=4407) to work on /home/airflow/.local/lib/python3.7/site-packages/airflow/example_dags/example_skip_dag.py
[2023-10-10T18:04:14.347+0000] {processor.py:826} INFO - Processing file /home/airflow/.local/lib/python3.7/site-packages/airflow/example_dags/example_skip_dag.py for tasks to queue
[2023-10-10T18:04:14.353+0000] {logging_mixin.py:150} INFO - [2023-10-10T18:04:14.352+0000] {dagbag.py:541} INFO - Filling up the DagBag from /home/airflow/.local/lib/python3.7/site-packages/airflow/example_dags/example_skip_dag.py
[2023-10-10T18:04:14.373+0000] {processor.py:836} INFO - DAG(s) dict_keys(['example_skip_dag']) retrieved from /home/airflow/.local/lib/python3.7/site-packages/airflow/example_dags/example_skip_dag.py
[2023-10-10T18:04:14.427+0000] {logging_mixin.py:150} INFO - [2023-10-10T18:04:14.427+0000] {dag.py:2742} INFO - Sync 1 DAGs
[2023-10-10T18:04:14.479+0000] {logging_mixin.py:150} INFO - [2023-10-10T18:04:14.479+0000] {dag.py:3508} INFO - Setting next_dagrun for example_skip_dag to 2023-10-09T18:04:14.478665+00:00, run_after=2023-10-10T18:04:14.478665+00:00
[2023-10-10T18:04:14.517+0000] {processor.py:179} INFO - Processing /home/airflow/.local/lib/python3.7/site-packages/airflow/example_dags/example_skip_dag.py took 0.185 seconds
[2023-10-10T18:04:45.222+0000] {processor.py:157} INFO - Started process (PID=4487) to work on /home/airflow/.local/lib/python3.7/site-packages/airflow/example_dags/example_skip_dag.py
[2023-10-10T18:04:45.229+0000] {processor.py:826} INFO - Processing file /home/airflow/.local/lib/python3.7/site-packages/airflow/example_dags/example_skip_dag.py for tasks to queue
[2023-10-10T18:04:45.233+0000] {logging_mixin.py:150} INFO - [2023-10-10T18:04:45.233+0000] {dagbag.py:541} INFO - Filling up the DagBag from /home/airflow/.local/lib/python3.7/site-packages/airflow/example_dags/example_skip_dag.py
[2023-10-10T18:04:45.261+0000] {processor.py:836} INFO - DAG(s) dict_keys(['example_skip_dag']) retrieved from /home/airflow/.local/lib/python3.7/site-packages/airflow/example_dags/example_skip_dag.py
[2023-10-10T18:04:45.353+0000] {logging_mixin.py:150} INFO - [2023-10-10T18:04:45.353+0000] {dag.py:2742} INFO - Sync 1 DAGs
[2023-10-10T18:04:45.449+0000] {logging_mixin.py:150} INFO - [2023-10-10T18:04:45.449+0000] {dag.py:3508} INFO - Setting next_dagrun for example_skip_dag to 2023-10-09T18:04:45.448431+00:00, run_after=2023-10-10T18:04:45.448431+00:00
[2023-10-10T18:04:45.516+0000] {processor.py:179} INFO - Processing /home/airflow/.local/lib/python3.7/site-packages/airflow/example_dags/example_skip_dag.py took 0.307 seconds
[2023-10-10T18:05:16.553+0000] {processor.py:157} INFO - Started process (PID=4563) to work on /home/airflow/.local/lib/python3.7/site-packages/airflow/example_dags/example_skip_dag.py
[2023-10-10T18:05:16.559+0000] {processor.py:826} INFO - Processing file /home/airflow/.local/lib/python3.7/site-packages/airflow/example_dags/example_skip_dag.py for tasks to queue
[2023-10-10T18:05:16.564+0000] {logging_mixin.py:150} INFO - [2023-10-10T18:05:16.563+0000] {dagbag.py:541} INFO - Filling up the DagBag from /home/airflow/.local/lib/python3.7/site-packages/airflow/example_dags/example_skip_dag.py
[2023-10-10T18:05:16.599+0000] {processor.py:836} INFO - DAG(s) dict_keys(['example_skip_dag']) retrieved from /home/airflow/.local/lib/python3.7/site-packages/airflow/example_dags/example_skip_dag.py
[2023-10-10T18:05:16.729+0000] {logging_mixin.py:150} INFO - [2023-10-10T18:05:16.728+0000] {dag.py:2742} INFO - Sync 1 DAGs
[2023-10-10T18:05:16.890+0000] {logging_mixin.py:150} INFO - [2023-10-10T18:05:16.890+0000] {dag.py:3508} INFO - Setting next_dagrun for example_skip_dag to 2023-10-09T18:05:16.889071+00:00, run_after=2023-10-10T18:05:16.889071+00:00
[2023-10-10T18:05:17.008+0000] {processor.py:179} INFO - Processing /home/airflow/.local/lib/python3.7/site-packages/airflow/example_dags/example_skip_dag.py took 0.472 seconds
[2023-10-10T18:05:51.655+0000] {processor.py:157} INFO - Started process (PID=4644) to work on /home/airflow/.local/lib/python3.7/site-packages/airflow/example_dags/example_skip_dag.py
[2023-10-10T18:05:51.666+0000] {processor.py:826} INFO - Processing file /home/airflow/.local/lib/python3.7/site-packages/airflow/example_dags/example_skip_dag.py for tasks to queue
[2023-10-10T18:05:51.682+0000] {logging_mixin.py:150} INFO - [2023-10-10T18:05:51.681+0000] {dagbag.py:541} INFO - Filling up the DagBag from /home/airflow/.local/lib/python3.7/site-packages/airflow/example_dags/example_skip_dag.py
[2023-10-10T18:05:51.729+0000] {processor.py:836} INFO - DAG(s) dict_keys(['example_skip_dag']) retrieved from /home/airflow/.local/lib/python3.7/site-packages/airflow/example_dags/example_skip_dag.py
[2023-10-10T18:05:51.933+0000] {logging_mixin.py:150} INFO - [2023-10-10T18:05:51.932+0000] {dag.py:2742} INFO - Sync 1 DAGs
[2023-10-10T18:05:52.188+0000] {logging_mixin.py:150} INFO - [2023-10-10T18:05:52.187+0000] {dag.py:3508} INFO - Setting next_dagrun for example_skip_dag to 2023-10-09T18:05:52.181183+00:00, run_after=2023-10-10T18:05:52.181183+00:00
[2023-10-10T18:05:52.351+0000] {processor.py:179} INFO - Processing /home/airflow/.local/lib/python3.7/site-packages/airflow/example_dags/example_skip_dag.py took 0.719 seconds
[2023-10-10T18:06:22.671+0000] {processor.py:157} INFO - Started process (PID=4716) to work on /home/airflow/.local/lib/python3.7/site-packages/airflow/example_dags/example_skip_dag.py
[2023-10-10T18:06:22.674+0000] {processor.py:826} INFO - Processing file /home/airflow/.local/lib/python3.7/site-packages/airflow/example_dags/example_skip_dag.py for tasks to queue
[2023-10-10T18:06:22.679+0000] {logging_mixin.py:150} INFO - [2023-10-10T18:06:22.678+0000] {dagbag.py:541} INFO - Filling up the DagBag from /home/airflow/.local/lib/python3.7/site-packages/airflow/example_dags/example_skip_dag.py
[2023-10-10T18:06:22.701+0000] {processor.py:836} INFO - DAG(s) dict_keys(['example_skip_dag']) retrieved from /home/airflow/.local/lib/python3.7/site-packages/airflow/example_dags/example_skip_dag.py
[2023-10-10T18:06:22.773+0000] {logging_mixin.py:150} INFO - [2023-10-10T18:06:22.772+0000] {dag.py:2742} INFO - Sync 1 DAGs
[2023-10-10T18:06:22.843+0000] {logging_mixin.py:150} INFO - [2023-10-10T18:06:22.843+0000] {dag.py:3508} INFO - Setting next_dagrun for example_skip_dag to 2023-10-09T18:06:22.842577+00:00, run_after=2023-10-10T18:06:22.842577+00:00
[2023-10-10T18:06:22.897+0000] {processor.py:179} INFO - Processing /home/airflow/.local/lib/python3.7/site-packages/airflow/example_dags/example_skip_dag.py took 0.240 seconds
