[2023-10-10T17:36:33.200+0000] {processor.py:157} INFO - Started process (PID=46) to work on /home/airflow/.local/lib/python3.7/site-packages/airflow/example_dags/example_xcomargs.py
[2023-10-10T17:36:33.202+0000] {processor.py:826} INFO - Processing file /home/airflow/.local/lib/python3.7/site-packages/airflow/example_dags/example_xcomargs.py for tasks to queue
[2023-10-10T17:36:33.204+0000] {logging_mixin.py:150} INFO - [2023-10-10T17:36:33.204+0000] {dagbag.py:541} INFO - Filling up the DagBag from /home/airflow/.local/lib/python3.7/site-packages/airflow/example_dags/example_xcomargs.py
[2023-10-10T17:36:33.224+0000] {processor.py:836} INFO - DAG(s) dict_keys(['example_xcom_args_with_operators', 'example_xcom_args']) retrieved from /home/airflow/.local/lib/python3.7/site-packages/airflow/example_dags/example_xcomargs.py
[2023-10-10T17:36:33.256+0000] {logging_mixin.py:150} INFO - [2023-10-10T17:36:33.255+0000] {dag.py:2742} INFO - Sync 2 DAGs
[2023-10-10T17:36:33.305+0000] {logging_mixin.py:150} INFO - [2023-10-10T17:36:33.305+0000] {dag.py:3508} INFO - Setting next_dagrun for example_xcom_args to None, run_after=None
[2023-10-10T17:36:33.329+0000] {logging_mixin.py:150} INFO - [2023-10-10T17:36:33.329+0000] {dag.py:3508} INFO - Setting next_dagrun for example_xcom_args_with_operators to None, run_after=None
[2023-10-10T17:36:33.396+0000] {processor.py:179} INFO - Processing /home/airflow/.local/lib/python3.7/site-packages/airflow/example_dags/example_xcomargs.py took 0.201 seconds
[2023-10-10T17:37:03.788+0000] {processor.py:157} INFO - Started process (PID=142) to work on /home/airflow/.local/lib/python3.7/site-packages/airflow/example_dags/example_xcomargs.py
[2023-10-10T17:37:03.790+0000] {processor.py:826} INFO - Processing file /home/airflow/.local/lib/python3.7/site-packages/airflow/example_dags/example_xcomargs.py for tasks to queue
[2023-10-10T17:37:03.792+0000] {logging_mixin.py:150} INFO - [2023-10-10T17:37:03.791+0000] {dagbag.py:541} INFO - Filling up the DagBag from /home/airflow/.local/lib/python3.7/site-packages/airflow/example_dags/example_xcomargs.py
[2023-10-10T17:37:03.806+0000] {processor.py:836} INFO - DAG(s) dict_keys(['example_xcom_args', 'example_xcom_args_with_operators']) retrieved from /home/airflow/.local/lib/python3.7/site-packages/airflow/example_dags/example_xcomargs.py
[2023-10-10T17:37:03.840+0000] {logging_mixin.py:150} INFO - [2023-10-10T17:37:03.840+0000] {dag.py:2742} INFO - Sync 2 DAGs
[2023-10-10T17:37:03.877+0000] {logging_mixin.py:150} INFO - [2023-10-10T17:37:03.876+0000] {dag.py:3508} INFO - Setting next_dagrun for example_xcom_args to None, run_after=None
[2023-10-10T17:37:03.882+0000] {logging_mixin.py:150} INFO - [2023-10-10T17:37:03.882+0000] {dag.py:3508} INFO - Setting next_dagrun for example_xcom_args_with_operators to None, run_after=None
[2023-10-10T17:37:03.907+0000] {processor.py:179} INFO - Processing /home/airflow/.local/lib/python3.7/site-packages/airflow/example_dags/example_xcomargs.py took 0.124 seconds
[2023-10-10T17:37:34.060+0000] {processor.py:157} INFO - Started process (PID=222) to work on /home/airflow/.local/lib/python3.7/site-packages/airflow/example_dags/example_xcomargs.py
[2023-10-10T17:37:34.062+0000] {processor.py:826} INFO - Processing file /home/airflow/.local/lib/python3.7/site-packages/airflow/example_dags/example_xcomargs.py for tasks to queue
[2023-10-10T17:37:34.064+0000] {logging_mixin.py:150} INFO - [2023-10-10T17:37:34.063+0000] {dagbag.py:541} INFO - Filling up the DagBag from /home/airflow/.local/lib/python3.7/site-packages/airflow/example_dags/example_xcomargs.py
[2023-10-10T17:37:34.078+0000] {processor.py:836} INFO - DAG(s) dict_keys(['example_xcom_args_with_operators', 'example_xcom_args']) retrieved from /home/airflow/.local/lib/python3.7/site-packages/airflow/example_dags/example_xcomargs.py
[2023-10-10T17:37:34.118+0000] {logging_mixin.py:150} INFO - [2023-10-10T17:37:34.118+0000] {dag.py:2742} INFO - Sync 2 DAGs
[2023-10-10T17:37:34.159+0000] {logging_mixin.py:150} INFO - [2023-10-10T17:37:34.159+0000] {dag.py:3508} INFO - Setting next_dagrun for example_xcom_args to None, run_after=None
[2023-10-10T17:37:34.165+0000] {logging_mixin.py:150} INFO - [2023-10-10T17:37:34.165+0000] {dag.py:3508} INFO - Setting next_dagrun for example_xcom_args_with_operators to None, run_after=None
[2023-10-10T17:37:34.189+0000] {processor.py:179} INFO - Processing /home/airflow/.local/lib/python3.7/site-packages/airflow/example_dags/example_xcomargs.py took 0.135 seconds
[2023-10-10T17:38:04.597+0000] {processor.py:157} INFO - Started process (PID=311) to work on /home/airflow/.local/lib/python3.7/site-packages/airflow/example_dags/example_xcomargs.py
[2023-10-10T17:38:04.600+0000] {processor.py:826} INFO - Processing file /home/airflow/.local/lib/python3.7/site-packages/airflow/example_dags/example_xcomargs.py for tasks to queue
[2023-10-10T17:38:04.602+0000] {logging_mixin.py:150} INFO - [2023-10-10T17:38:04.602+0000] {dagbag.py:541} INFO - Filling up the DagBag from /home/airflow/.local/lib/python3.7/site-packages/airflow/example_dags/example_xcomargs.py
[2023-10-10T17:38:04.621+0000] {processor.py:836} INFO - DAG(s) dict_keys(['example_xcom_args_with_operators', 'example_xcom_args']) retrieved from /home/airflow/.local/lib/python3.7/site-packages/airflow/example_dags/example_xcomargs.py
[2023-10-10T17:38:04.669+0000] {logging_mixin.py:150} INFO - [2023-10-10T17:38:04.669+0000] {dag.py:2742} INFO - Sync 2 DAGs
[2023-10-10T17:38:04.710+0000] {logging_mixin.py:150} INFO - [2023-10-10T17:38:04.710+0000] {dag.py:3508} INFO - Setting next_dagrun for example_xcom_args to None, run_after=None
[2023-10-10T17:38:04.718+0000] {logging_mixin.py:150} INFO - [2023-10-10T17:38:04.717+0000] {dag.py:3508} INFO - Setting next_dagrun for example_xcom_args_with_operators to None, run_after=None
[2023-10-10T17:38:04.744+0000] {processor.py:179} INFO - Processing /home/airflow/.local/lib/python3.7/site-packages/airflow/example_dags/example_xcomargs.py took 0.153 seconds
[2023-10-10T17:38:35.397+0000] {processor.py:157} INFO - Started process (PID=405) to work on /home/airflow/.local/lib/python3.7/site-packages/airflow/example_dags/example_xcomargs.py
[2023-10-10T17:38:35.399+0000] {processor.py:826} INFO - Processing file /home/airflow/.local/lib/python3.7/site-packages/airflow/example_dags/example_xcomargs.py for tasks to queue
[2023-10-10T17:38:35.401+0000] {logging_mixin.py:150} INFO - [2023-10-10T17:38:35.401+0000] {dagbag.py:541} INFO - Filling up the DagBag from /home/airflow/.local/lib/python3.7/site-packages/airflow/example_dags/example_xcomargs.py
[2023-10-10T17:38:35.418+0000] {processor.py:836} INFO - DAG(s) dict_keys(['example_xcom_args_with_operators', 'example_xcom_args']) retrieved from /home/airflow/.local/lib/python3.7/site-packages/airflow/example_dags/example_xcomargs.py
[2023-10-10T17:38:35.463+0000] {logging_mixin.py:150} INFO - [2023-10-10T17:38:35.463+0000] {dag.py:2742} INFO - Sync 2 DAGs
[2023-10-10T17:38:35.513+0000] {logging_mixin.py:150} INFO - [2023-10-10T17:38:35.513+0000] {dag.py:3508} INFO - Setting next_dagrun for example_xcom_args to None, run_after=None
[2023-10-10T17:38:35.522+0000] {logging_mixin.py:150} INFO - [2023-10-10T17:38:35.522+0000] {dag.py:3508} INFO - Setting next_dagrun for example_xcom_args_with_operators to None, run_after=None
[2023-10-10T17:38:35.579+0000] {processor.py:179} INFO - Processing /home/airflow/.local/lib/python3.7/site-packages/airflow/example_dags/example_xcomargs.py took 0.189 seconds
[2023-10-10T17:39:05.677+0000] {processor.py:157} INFO - Started process (PID=492) to work on /home/airflow/.local/lib/python3.7/site-packages/airflow/example_dags/example_xcomargs.py
[2023-10-10T17:39:05.679+0000] {processor.py:826} INFO - Processing file /home/airflow/.local/lib/python3.7/site-packages/airflow/example_dags/example_xcomargs.py for tasks to queue
[2023-10-10T17:39:05.680+0000] {logging_mixin.py:150} INFO - [2023-10-10T17:39:05.680+0000] {dagbag.py:541} INFO - Filling up the DagBag from /home/airflow/.local/lib/python3.7/site-packages/airflow/example_dags/example_xcomargs.py
[2023-10-10T17:39:05.694+0000] {processor.py:836} INFO - DAG(s) dict_keys(['example_xcom_args', 'example_xcom_args_with_operators']) retrieved from /home/airflow/.local/lib/python3.7/site-packages/airflow/example_dags/example_xcomargs.py
[2023-10-10T17:39:05.736+0000] {logging_mixin.py:150} INFO - [2023-10-10T17:39:05.735+0000] {dag.py:2742} INFO - Sync 2 DAGs
[2023-10-10T17:39:05.776+0000] {logging_mixin.py:150} INFO - [2023-10-10T17:39:05.776+0000] {dag.py:3508} INFO - Setting next_dagrun for example_xcom_args to None, run_after=None
[2023-10-10T17:39:05.782+0000] {logging_mixin.py:150} INFO - [2023-10-10T17:39:05.781+0000] {dag.py:3508} INFO - Setting next_dagrun for example_xcom_args_with_operators to None, run_after=None
[2023-10-10T17:39:05.812+0000] {processor.py:179} INFO - Processing /home/airflow/.local/lib/python3.7/site-packages/airflow/example_dags/example_xcomargs.py took 0.140 seconds
[2023-10-10T17:39:36.222+0000] {processor.py:157} INFO - Started process (PID=574) to work on /home/airflow/.local/lib/python3.7/site-packages/airflow/example_dags/example_xcomargs.py
[2023-10-10T17:39:36.224+0000] {processor.py:826} INFO - Processing file /home/airflow/.local/lib/python3.7/site-packages/airflow/example_dags/example_xcomargs.py for tasks to queue
[2023-10-10T17:39:36.225+0000] {logging_mixin.py:150} INFO - [2023-10-10T17:39:36.225+0000] {dagbag.py:541} INFO - Filling up the DagBag from /home/airflow/.local/lib/python3.7/site-packages/airflow/example_dags/example_xcomargs.py
[2023-10-10T17:39:36.240+0000] {processor.py:836} INFO - DAG(s) dict_keys(['example_xcom_args_with_operators', 'example_xcom_args']) retrieved from /home/airflow/.local/lib/python3.7/site-packages/airflow/example_dags/example_xcomargs.py
[2023-10-10T17:39:36.279+0000] {logging_mixin.py:150} INFO - [2023-10-10T17:39:36.278+0000] {dag.py:2742} INFO - Sync 2 DAGs
[2023-10-10T17:39:36.311+0000] {logging_mixin.py:150} INFO - [2023-10-10T17:39:36.311+0000] {dag.py:3508} INFO - Setting next_dagrun for example_xcom_args to None, run_after=None
[2023-10-10T17:39:36.316+0000] {logging_mixin.py:150} INFO - [2023-10-10T17:39:36.316+0000] {dag.py:3508} INFO - Setting next_dagrun for example_xcom_args_with_operators to None, run_after=None
[2023-10-10T17:39:36.336+0000] {processor.py:179} INFO - Processing /home/airflow/.local/lib/python3.7/site-packages/airflow/example_dags/example_xcomargs.py took 0.119 seconds
[2023-10-10T17:40:06.812+0000] {processor.py:157} INFO - Started process (PID=661) to work on /home/airflow/.local/lib/python3.7/site-packages/airflow/example_dags/example_xcomargs.py
[2023-10-10T17:40:06.814+0000] {processor.py:826} INFO - Processing file /home/airflow/.local/lib/python3.7/site-packages/airflow/example_dags/example_xcomargs.py for tasks to queue
[2023-10-10T17:40:06.816+0000] {logging_mixin.py:150} INFO - [2023-10-10T17:40:06.816+0000] {dagbag.py:541} INFO - Filling up the DagBag from /home/airflow/.local/lib/python3.7/site-packages/airflow/example_dags/example_xcomargs.py
[2023-10-10T17:40:06.833+0000] {processor.py:836} INFO - DAG(s) dict_keys(['example_xcom_args_with_operators', 'example_xcom_args']) retrieved from /home/airflow/.local/lib/python3.7/site-packages/airflow/example_dags/example_xcomargs.py
[2023-10-10T17:40:06.879+0000] {logging_mixin.py:150} INFO - [2023-10-10T17:40:06.879+0000] {dag.py:2742} INFO - Sync 2 DAGs
[2023-10-10T17:40:06.916+0000] {logging_mixin.py:150} INFO - [2023-10-10T17:40:06.915+0000] {dag.py:3508} INFO - Setting next_dagrun for example_xcom_args to None, run_after=None
[2023-10-10T17:40:06.921+0000] {logging_mixin.py:150} INFO - [2023-10-10T17:40:06.921+0000] {dag.py:3508} INFO - Setting next_dagrun for example_xcom_args_with_operators to None, run_after=None
[2023-10-10T17:40:06.947+0000] {processor.py:179} INFO - Processing /home/airflow/.local/lib/python3.7/site-packages/airflow/example_dags/example_xcomargs.py took 0.139 seconds
[2023-10-10T17:40:37.301+0000] {processor.py:157} INFO - Started process (PID=743) to work on /home/airflow/.local/lib/python3.7/site-packages/airflow/example_dags/example_xcomargs.py
[2023-10-10T17:40:37.306+0000] {processor.py:826} INFO - Processing file /home/airflow/.local/lib/python3.7/site-packages/airflow/example_dags/example_xcomargs.py for tasks to queue
[2023-10-10T17:40:37.315+0000] {logging_mixin.py:150} INFO - [2023-10-10T17:40:37.314+0000] {dagbag.py:541} INFO - Filling up the DagBag from /home/airflow/.local/lib/python3.7/site-packages/airflow/example_dags/example_xcomargs.py
[2023-10-10T17:40:37.331+0000] {processor.py:836} INFO - DAG(s) dict_keys(['example_xcom_args', 'example_xcom_args_with_operators']) retrieved from /home/airflow/.local/lib/python3.7/site-packages/airflow/example_dags/example_xcomargs.py
[2023-10-10T17:40:37.370+0000] {logging_mixin.py:150} INFO - [2023-10-10T17:40:37.370+0000] {dag.py:2742} INFO - Sync 2 DAGs
[2023-10-10T17:40:37.405+0000] {logging_mixin.py:150} INFO - [2023-10-10T17:40:37.404+0000] {dag.py:3508} INFO - Setting next_dagrun for example_xcom_args to None, run_after=None
[2023-10-10T17:40:37.410+0000] {logging_mixin.py:150} INFO - [2023-10-10T17:40:37.410+0000] {dag.py:3508} INFO - Setting next_dagrun for example_xcom_args_with_operators to None, run_after=None
[2023-10-10T17:40:37.429+0000] {processor.py:179} INFO - Processing /home/airflow/.local/lib/python3.7/site-packages/airflow/example_dags/example_xcomargs.py took 0.135 seconds
[2023-10-10T17:41:07.522+0000] {processor.py:157} INFO - Started process (PID=823) to work on /home/airflow/.local/lib/python3.7/site-packages/airflow/example_dags/example_xcomargs.py
[2023-10-10T17:41:07.524+0000] {processor.py:826} INFO - Processing file /home/airflow/.local/lib/python3.7/site-packages/airflow/example_dags/example_xcomargs.py for tasks to queue
[2023-10-10T17:41:07.526+0000] {logging_mixin.py:150} INFO - [2023-10-10T17:41:07.525+0000] {dagbag.py:541} INFO - Filling up the DagBag from /home/airflow/.local/lib/python3.7/site-packages/airflow/example_dags/example_xcomargs.py
[2023-10-10T17:41:07.542+0000] {processor.py:836} INFO - DAG(s) dict_keys(['example_xcom_args', 'example_xcom_args_with_operators']) retrieved from /home/airflow/.local/lib/python3.7/site-packages/airflow/example_dags/example_xcomargs.py
[2023-10-10T17:41:07.585+0000] {logging_mixin.py:150} INFO - [2023-10-10T17:41:07.584+0000] {dag.py:2742} INFO - Sync 2 DAGs
[2023-10-10T17:41:07.618+0000] {logging_mixin.py:150} INFO - [2023-10-10T17:41:07.617+0000] {dag.py:3508} INFO - Setting next_dagrun for example_xcom_args to None, run_after=None
[2023-10-10T17:41:07.622+0000] {logging_mixin.py:150} INFO - [2023-10-10T17:41:07.622+0000] {dag.py:3508} INFO - Setting next_dagrun for example_xcom_args_with_operators to None, run_after=None
[2023-10-10T17:41:07.641+0000] {processor.py:179} INFO - Processing /home/airflow/.local/lib/python3.7/site-packages/airflow/example_dags/example_xcomargs.py took 0.124 seconds
[2023-10-10T17:41:38.018+0000] {processor.py:157} INFO - Started process (PID=913) to work on /home/airflow/.local/lib/python3.7/site-packages/airflow/example_dags/example_xcomargs.py
[2023-10-10T17:41:38.020+0000] {processor.py:826} INFO - Processing file /home/airflow/.local/lib/python3.7/site-packages/airflow/example_dags/example_xcomargs.py for tasks to queue
[2023-10-10T17:41:38.022+0000] {logging_mixin.py:150} INFO - [2023-10-10T17:41:38.021+0000] {dagbag.py:541} INFO - Filling up the DagBag from /home/airflow/.local/lib/python3.7/site-packages/airflow/example_dags/example_xcomargs.py
[2023-10-10T17:41:38.039+0000] {processor.py:836} INFO - DAG(s) dict_keys(['example_xcom_args', 'example_xcom_args_with_operators']) retrieved from /home/airflow/.local/lib/python3.7/site-packages/airflow/example_dags/example_xcomargs.py
[2023-10-10T17:41:38.086+0000] {logging_mixin.py:150} INFO - [2023-10-10T17:41:38.085+0000] {dag.py:2742} INFO - Sync 2 DAGs
[2023-10-10T17:41:38.137+0000] {logging_mixin.py:150} INFO - [2023-10-10T17:41:38.137+0000] {dag.py:3508} INFO - Setting next_dagrun for example_xcom_args to None, run_after=None
[2023-10-10T17:41:38.145+0000] {logging_mixin.py:150} INFO - [2023-10-10T17:41:38.144+0000] {dag.py:3508} INFO - Setting next_dagrun for example_xcom_args_with_operators to None, run_after=None
[2023-10-10T17:41:38.181+0000] {processor.py:179} INFO - Processing /home/airflow/.local/lib/python3.7/site-packages/airflow/example_dags/example_xcomargs.py took 0.169 seconds
[2023-10-10T17:42:08.249+0000] {processor.py:157} INFO - Started process (PID=993) to work on /home/airflow/.local/lib/python3.7/site-packages/airflow/example_dags/example_xcomargs.py
[2023-10-10T17:42:08.270+0000] {processor.py:826} INFO - Processing file /home/airflow/.local/lib/python3.7/site-packages/airflow/example_dags/example_xcomargs.py for tasks to queue
[2023-10-10T17:42:08.273+0000] {logging_mixin.py:150} INFO - [2023-10-10T17:42:08.272+0000] {dagbag.py:541} INFO - Filling up the DagBag from /home/airflow/.local/lib/python3.7/site-packages/airflow/example_dags/example_xcomargs.py
[2023-10-10T17:42:08.289+0000] {processor.py:836} INFO - DAG(s) dict_keys(['example_xcom_args_with_operators', 'example_xcom_args']) retrieved from /home/airflow/.local/lib/python3.7/site-packages/airflow/example_dags/example_xcomargs.py
[2023-10-10T17:42:08.337+0000] {logging_mixin.py:150} INFO - [2023-10-10T17:42:08.336+0000] {dag.py:2742} INFO - Sync 2 DAGs
[2023-10-10T17:42:08.375+0000] {logging_mixin.py:150} INFO - [2023-10-10T17:42:08.375+0000] {dag.py:3508} INFO - Setting next_dagrun for example_xcom_args to None, run_after=None
[2023-10-10T17:42:08.380+0000] {logging_mixin.py:150} INFO - [2023-10-10T17:42:08.380+0000] {dag.py:3508} INFO - Setting next_dagrun for example_xcom_args_with_operators to None, run_after=None
[2023-10-10T17:42:08.403+0000] {processor.py:179} INFO - Processing /home/airflow/.local/lib/python3.7/site-packages/airflow/example_dags/example_xcomargs.py took 0.160 seconds
[2023-10-10T17:42:38.693+0000] {processor.py:157} INFO - Started process (PID=1083) to work on /home/airflow/.local/lib/python3.7/site-packages/airflow/example_dags/example_xcomargs.py
[2023-10-10T17:42:38.696+0000] {processor.py:826} INFO - Processing file /home/airflow/.local/lib/python3.7/site-packages/airflow/example_dags/example_xcomargs.py for tasks to queue
[2023-10-10T17:42:38.698+0000] {logging_mixin.py:150} INFO - [2023-10-10T17:42:38.698+0000] {dagbag.py:541} INFO - Filling up the DagBag from /home/airflow/.local/lib/python3.7/site-packages/airflow/example_dags/example_xcomargs.py
[2023-10-10T17:42:38.719+0000] {processor.py:836} INFO - DAG(s) dict_keys(['example_xcom_args_with_operators', 'example_xcom_args']) retrieved from /home/airflow/.local/lib/python3.7/site-packages/airflow/example_dags/example_xcomargs.py
[2023-10-10T17:42:38.798+0000] {logging_mixin.py:150} INFO - [2023-10-10T17:42:38.797+0000] {dag.py:2742} INFO - Sync 2 DAGs
[2023-10-10T17:42:38.842+0000] {logging_mixin.py:150} INFO - [2023-10-10T17:42:38.842+0000] {dag.py:3508} INFO - Setting next_dagrun for example_xcom_args to None, run_after=None
[2023-10-10T17:42:38.848+0000] {logging_mixin.py:150} INFO - [2023-10-10T17:42:38.848+0000] {dag.py:3508} INFO - Setting next_dagrun for example_xcom_args_with_operators to None, run_after=None
[2023-10-10T17:42:38.876+0000] {processor.py:179} INFO - Processing /home/airflow/.local/lib/python3.7/site-packages/airflow/example_dags/example_xcomargs.py took 0.189 seconds
[2023-10-10T17:43:09.063+0000] {processor.py:157} INFO - Started process (PID=1163) to work on /home/airflow/.local/lib/python3.7/site-packages/airflow/example_dags/example_xcomargs.py
[2023-10-10T17:43:09.065+0000] {processor.py:826} INFO - Processing file /home/airflow/.local/lib/python3.7/site-packages/airflow/example_dags/example_xcomargs.py for tasks to queue
[2023-10-10T17:43:09.068+0000] {logging_mixin.py:150} INFO - [2023-10-10T17:43:09.068+0000] {dagbag.py:541} INFO - Filling up the DagBag from /home/airflow/.local/lib/python3.7/site-packages/airflow/example_dags/example_xcomargs.py
[2023-10-10T17:43:09.089+0000] {processor.py:836} INFO - DAG(s) dict_keys(['example_xcom_args', 'example_xcom_args_with_operators']) retrieved from /home/airflow/.local/lib/python3.7/site-packages/airflow/example_dags/example_xcomargs.py
[2023-10-10T17:43:09.140+0000] {logging_mixin.py:150} INFO - [2023-10-10T17:43:09.140+0000] {dag.py:2742} INFO - Sync 2 DAGs
[2023-10-10T17:43:09.175+0000] {logging_mixin.py:150} INFO - [2023-10-10T17:43:09.174+0000] {dag.py:3508} INFO - Setting next_dagrun for example_xcom_args to None, run_after=None
[2023-10-10T17:43:09.179+0000] {logging_mixin.py:150} INFO - [2023-10-10T17:43:09.179+0000] {dag.py:3508} INFO - Setting next_dagrun for example_xcom_args_with_operators to None, run_after=None
[2023-10-10T17:43:09.198+0000] {processor.py:179} INFO - Processing /home/airflow/.local/lib/python3.7/site-packages/airflow/example_dags/example_xcomargs.py took 0.143 seconds
[2023-10-10T17:43:39.397+0000] {processor.py:157} INFO - Started process (PID=1252) to work on /home/airflow/.local/lib/python3.7/site-packages/airflow/example_dags/example_xcomargs.py
[2023-10-10T17:43:39.399+0000] {processor.py:826} INFO - Processing file /home/airflow/.local/lib/python3.7/site-packages/airflow/example_dags/example_xcomargs.py for tasks to queue
[2023-10-10T17:43:39.402+0000] {logging_mixin.py:150} INFO - [2023-10-10T17:43:39.401+0000] {dagbag.py:541} INFO - Filling up the DagBag from /home/airflow/.local/lib/python3.7/site-packages/airflow/example_dags/example_xcomargs.py
[2023-10-10T17:43:39.422+0000] {processor.py:836} INFO - DAG(s) dict_keys(['example_xcom_args_with_operators', 'example_xcom_args']) retrieved from /home/airflow/.local/lib/python3.7/site-packages/airflow/example_dags/example_xcomargs.py
[2023-10-10T17:43:39.474+0000] {logging_mixin.py:150} INFO - [2023-10-10T17:43:39.474+0000] {dag.py:2742} INFO - Sync 2 DAGs
[2023-10-10T17:43:39.526+0000] {logging_mixin.py:150} INFO - [2023-10-10T17:43:39.526+0000] {dag.py:3508} INFO - Setting next_dagrun for example_xcom_args to None, run_after=None
[2023-10-10T17:43:39.532+0000] {logging_mixin.py:150} INFO - [2023-10-10T17:43:39.532+0000] {dag.py:3508} INFO - Setting next_dagrun for example_xcom_args_with_operators to None, run_after=None
[2023-10-10T17:43:39.557+0000] {processor.py:179} INFO - Processing /home/airflow/.local/lib/python3.7/site-packages/airflow/example_dags/example_xcomargs.py took 0.169 seconds
[2023-10-10T17:44:09.627+0000] {processor.py:157} INFO - Started process (PID=1333) to work on /home/airflow/.local/lib/python3.7/site-packages/airflow/example_dags/example_xcomargs.py
[2023-10-10T17:44:09.629+0000] {processor.py:826} INFO - Processing file /home/airflow/.local/lib/python3.7/site-packages/airflow/example_dags/example_xcomargs.py for tasks to queue
[2023-10-10T17:44:09.630+0000] {logging_mixin.py:150} INFO - [2023-10-10T17:44:09.630+0000] {dagbag.py:541} INFO - Filling up the DagBag from /home/airflow/.local/lib/python3.7/site-packages/airflow/example_dags/example_xcomargs.py
[2023-10-10T17:44:09.644+0000] {processor.py:836} INFO - DAG(s) dict_keys(['example_xcom_args_with_operators', 'example_xcom_args']) retrieved from /home/airflow/.local/lib/python3.7/site-packages/airflow/example_dags/example_xcomargs.py
[2023-10-10T17:44:09.682+0000] {logging_mixin.py:150} INFO - [2023-10-10T17:44:09.682+0000] {dag.py:2742} INFO - Sync 2 DAGs
[2023-10-10T17:44:09.721+0000] {logging_mixin.py:150} INFO - [2023-10-10T17:44:09.721+0000] {dag.py:3508} INFO - Setting next_dagrun for example_xcom_args to None, run_after=None
[2023-10-10T17:44:09.726+0000] {logging_mixin.py:150} INFO - [2023-10-10T17:44:09.726+0000] {dag.py:3508} INFO - Setting next_dagrun for example_xcom_args_with_operators to None, run_after=None
[2023-10-10T17:44:09.751+0000] {processor.py:179} INFO - Processing /home/airflow/.local/lib/python3.7/site-packages/airflow/example_dags/example_xcomargs.py took 0.134 seconds
[2023-10-10T17:44:40.051+0000] {processor.py:157} INFO - Started process (PID=1412) to work on /home/airflow/.local/lib/python3.7/site-packages/airflow/example_dags/example_xcomargs.py
[2023-10-10T17:44:40.054+0000] {processor.py:826} INFO - Processing file /home/airflow/.local/lib/python3.7/site-packages/airflow/example_dags/example_xcomargs.py for tasks to queue
[2023-10-10T17:44:40.056+0000] {logging_mixin.py:150} INFO - [2023-10-10T17:44:40.056+0000] {dagbag.py:541} INFO - Filling up the DagBag from /home/airflow/.local/lib/python3.7/site-packages/airflow/example_dags/example_xcomargs.py
[2023-10-10T17:44:40.075+0000] {processor.py:836} INFO - DAG(s) dict_keys(['example_xcom_args_with_operators', 'example_xcom_args']) retrieved from /home/airflow/.local/lib/python3.7/site-packages/airflow/example_dags/example_xcomargs.py
[2023-10-10T17:44:40.133+0000] {logging_mixin.py:150} INFO - [2023-10-10T17:44:40.133+0000] {dag.py:2742} INFO - Sync 2 DAGs
[2023-10-10T17:44:40.189+0000] {logging_mixin.py:150} INFO - [2023-10-10T17:44:40.189+0000] {dag.py:3508} INFO - Setting next_dagrun for example_xcom_args to None, run_after=None
[2023-10-10T17:44:40.198+0000] {logging_mixin.py:150} INFO - [2023-10-10T17:44:40.197+0000] {dag.py:3508} INFO - Setting next_dagrun for example_xcom_args_with_operators to None, run_after=None
[2023-10-10T17:44:40.228+0000] {processor.py:179} INFO - Processing /home/airflow/.local/lib/python3.7/site-packages/airflow/example_dags/example_xcomargs.py took 0.185 seconds
[2023-10-10T17:45:10.534+0000] {processor.py:157} INFO - Started process (PID=1501) to work on /home/airflow/.local/lib/python3.7/site-packages/airflow/example_dags/example_xcomargs.py
[2023-10-10T17:45:10.536+0000] {processor.py:826} INFO - Processing file /home/airflow/.local/lib/python3.7/site-packages/airflow/example_dags/example_xcomargs.py for tasks to queue
[2023-10-10T17:45:10.537+0000] {logging_mixin.py:150} INFO - [2023-10-10T17:45:10.537+0000] {dagbag.py:541} INFO - Filling up the DagBag from /home/airflow/.local/lib/python3.7/site-packages/airflow/example_dags/example_xcomargs.py
[2023-10-10T17:45:10.548+0000] {processor.py:836} INFO - DAG(s) dict_keys(['example_xcom_args_with_operators', 'example_xcom_args']) retrieved from /home/airflow/.local/lib/python3.7/site-packages/airflow/example_dags/example_xcomargs.py
[2023-10-10T17:45:10.584+0000] {logging_mixin.py:150} INFO - [2023-10-10T17:45:10.584+0000] {dag.py:2742} INFO - Sync 2 DAGs
[2023-10-10T17:45:10.618+0000] {logging_mixin.py:150} INFO - [2023-10-10T17:45:10.617+0000] {dag.py:3508} INFO - Setting next_dagrun for example_xcom_args to None, run_after=None
[2023-10-10T17:45:10.623+0000] {logging_mixin.py:150} INFO - [2023-10-10T17:45:10.623+0000] {dag.py:3508} INFO - Setting next_dagrun for example_xcom_args_with_operators to None, run_after=None
[2023-10-10T17:45:10.645+0000] {processor.py:179} INFO - Processing /home/airflow/.local/lib/python3.7/site-packages/airflow/example_dags/example_xcomargs.py took 0.116 seconds
[2023-10-10T17:45:40.886+0000] {processor.py:157} INFO - Started process (PID=1581) to work on /home/airflow/.local/lib/python3.7/site-packages/airflow/example_dags/example_xcomargs.py
[2023-10-10T17:45:40.888+0000] {processor.py:826} INFO - Processing file /home/airflow/.local/lib/python3.7/site-packages/airflow/example_dags/example_xcomargs.py for tasks to queue
[2023-10-10T17:45:40.890+0000] {logging_mixin.py:150} INFO - [2023-10-10T17:45:40.890+0000] {dagbag.py:541} INFO - Filling up the DagBag from /home/airflow/.local/lib/python3.7/site-packages/airflow/example_dags/example_xcomargs.py
[2023-10-10T17:45:40.908+0000] {processor.py:836} INFO - DAG(s) dict_keys(['example_xcom_args_with_operators', 'example_xcom_args']) retrieved from /home/airflow/.local/lib/python3.7/site-packages/airflow/example_dags/example_xcomargs.py
[2023-10-10T17:45:40.982+0000] {logging_mixin.py:150} INFO - [2023-10-10T17:45:40.982+0000] {dag.py:2742} INFO - Sync 2 DAGs
[2023-10-10T17:45:41.023+0000] {logging_mixin.py:150} INFO - [2023-10-10T17:45:41.023+0000] {dag.py:3508} INFO - Setting next_dagrun for example_xcom_args to None, run_after=None
[2023-10-10T17:45:41.029+0000] {logging_mixin.py:150} INFO - [2023-10-10T17:45:41.028+0000] {dag.py:3508} INFO - Setting next_dagrun for example_xcom_args_with_operators to None, run_after=None
[2023-10-10T17:45:41.055+0000] {processor.py:179} INFO - Processing /home/airflow/.local/lib/python3.7/site-packages/airflow/example_dags/example_xcomargs.py took 0.175 seconds
[2023-10-10T17:46:11.937+0000] {processor.py:157} INFO - Started process (PID=1670) to work on /home/airflow/.local/lib/python3.7/site-packages/airflow/example_dags/example_xcomargs.py
[2023-10-10T17:46:11.939+0000] {processor.py:826} INFO - Processing file /home/airflow/.local/lib/python3.7/site-packages/airflow/example_dags/example_xcomargs.py for tasks to queue
[2023-10-10T17:46:11.943+0000] {logging_mixin.py:150} INFO - [2023-10-10T17:46:11.942+0000] {dagbag.py:541} INFO - Filling up the DagBag from /home/airflow/.local/lib/python3.7/site-packages/airflow/example_dags/example_xcomargs.py
[2023-10-10T17:46:11.958+0000] {processor.py:836} INFO - DAG(s) dict_keys(['example_xcom_args_with_operators', 'example_xcom_args']) retrieved from /home/airflow/.local/lib/python3.7/site-packages/airflow/example_dags/example_xcomargs.py
[2023-10-10T17:46:11.999+0000] {logging_mixin.py:150} INFO - [2023-10-10T17:46:11.998+0000] {dag.py:2742} INFO - Sync 2 DAGs
[2023-10-10T17:46:12.042+0000] {logging_mixin.py:150} INFO - [2023-10-10T17:46:12.042+0000] {dag.py:3508} INFO - Setting next_dagrun for example_xcom_args to None, run_after=None
[2023-10-10T17:46:12.049+0000] {logging_mixin.py:150} INFO - [2023-10-10T17:46:12.049+0000] {dag.py:3508} INFO - Setting next_dagrun for example_xcom_args_with_operators to None, run_after=None
[2023-10-10T17:46:12.074+0000] {processor.py:179} INFO - Processing /home/airflow/.local/lib/python3.7/site-packages/airflow/example_dags/example_xcomargs.py took 0.143 seconds
[2023-10-10T17:46:42.421+0000] {processor.py:157} INFO - Started process (PID=1750) to work on /home/airflow/.local/lib/python3.7/site-packages/airflow/example_dags/example_xcomargs.py
[2023-10-10T17:46:42.424+0000] {processor.py:826} INFO - Processing file /home/airflow/.local/lib/python3.7/site-packages/airflow/example_dags/example_xcomargs.py for tasks to queue
[2023-10-10T17:46:42.426+0000] {logging_mixin.py:150} INFO - [2023-10-10T17:46:42.425+0000] {dagbag.py:541} INFO - Filling up the DagBag from /home/airflow/.local/lib/python3.7/site-packages/airflow/example_dags/example_xcomargs.py
[2023-10-10T17:46:42.440+0000] {processor.py:836} INFO - DAG(s) dict_keys(['example_xcom_args_with_operators', 'example_xcom_args']) retrieved from /home/airflow/.local/lib/python3.7/site-packages/airflow/example_dags/example_xcomargs.py
[2023-10-10T17:46:42.489+0000] {logging_mixin.py:150} INFO - [2023-10-10T17:46:42.488+0000] {dag.py:2742} INFO - Sync 2 DAGs
[2023-10-10T17:46:42.544+0000] {logging_mixin.py:150} INFO - [2023-10-10T17:46:42.543+0000] {dag.py:3508} INFO - Setting next_dagrun for example_xcom_args to None, run_after=None
[2023-10-10T17:46:42.552+0000] {logging_mixin.py:150} INFO - [2023-10-10T17:46:42.552+0000] {dag.py:3508} INFO - Setting next_dagrun for example_xcom_args_with_operators to None, run_after=None
[2023-10-10T17:46:42.580+0000] {processor.py:179} INFO - Processing /home/airflow/.local/lib/python3.7/site-packages/airflow/example_dags/example_xcomargs.py took 0.164 seconds
[2023-10-10T17:47:12.791+0000] {processor.py:157} INFO - Started process (PID=1839) to work on /home/airflow/.local/lib/python3.7/site-packages/airflow/example_dags/example_xcomargs.py
[2023-10-10T17:47:12.794+0000] {processor.py:826} INFO - Processing file /home/airflow/.local/lib/python3.7/site-packages/airflow/example_dags/example_xcomargs.py for tasks to queue
[2023-10-10T17:47:12.796+0000] {logging_mixin.py:150} INFO - [2023-10-10T17:47:12.795+0000] {dagbag.py:541} INFO - Filling up the DagBag from /home/airflow/.local/lib/python3.7/site-packages/airflow/example_dags/example_xcomargs.py
[2023-10-10T17:47:12.812+0000] {processor.py:836} INFO - DAG(s) dict_keys(['example_xcom_args_with_operators', 'example_xcom_args']) retrieved from /home/airflow/.local/lib/python3.7/site-packages/airflow/example_dags/example_xcomargs.py
[2023-10-10T17:47:12.858+0000] {logging_mixin.py:150} INFO - [2023-10-10T17:47:12.858+0000] {dag.py:2742} INFO - Sync 2 DAGs
[2023-10-10T17:47:12.933+0000] {logging_mixin.py:150} INFO - [2023-10-10T17:47:12.933+0000] {dag.py:3508} INFO - Setting next_dagrun for example_xcom_args to None, run_after=None
[2023-10-10T17:47:12.946+0000] {logging_mixin.py:150} INFO - [2023-10-10T17:47:12.945+0000] {dag.py:3508} INFO - Setting next_dagrun for example_xcom_args_with_operators to None, run_after=None
[2023-10-10T17:47:13.014+0000] {processor.py:179} INFO - Processing /home/airflow/.local/lib/python3.7/site-packages/airflow/example_dags/example_xcomargs.py took 0.228 seconds
[2023-10-10T17:47:43.116+0000] {processor.py:157} INFO - Started process (PID=1919) to work on /home/airflow/.local/lib/python3.7/site-packages/airflow/example_dags/example_xcomargs.py
[2023-10-10T17:47:43.118+0000] {processor.py:826} INFO - Processing file /home/airflow/.local/lib/python3.7/site-packages/airflow/example_dags/example_xcomargs.py for tasks to queue
[2023-10-10T17:47:43.121+0000] {logging_mixin.py:150} INFO - [2023-10-10T17:47:43.120+0000] {dagbag.py:541} INFO - Filling up the DagBag from /home/airflow/.local/lib/python3.7/site-packages/airflow/example_dags/example_xcomargs.py
[2023-10-10T17:47:43.149+0000] {processor.py:836} INFO - DAG(s) dict_keys(['example_xcom_args', 'example_xcom_args_with_operators']) retrieved from /home/airflow/.local/lib/python3.7/site-packages/airflow/example_dags/example_xcomargs.py
[2023-10-10T17:47:43.199+0000] {logging_mixin.py:150} INFO - [2023-10-10T17:47:43.199+0000] {dag.py:2742} INFO - Sync 2 DAGs
[2023-10-10T17:47:43.236+0000] {logging_mixin.py:150} INFO - [2023-10-10T17:47:43.236+0000] {dag.py:3508} INFO - Setting next_dagrun for example_xcom_args to None, run_after=None
[2023-10-10T17:47:43.241+0000] {logging_mixin.py:150} INFO - [2023-10-10T17:47:43.241+0000] {dag.py:3508} INFO - Setting next_dagrun for example_xcom_args_with_operators to None, run_after=None
[2023-10-10T17:47:43.266+0000] {processor.py:179} INFO - Processing /home/airflow/.local/lib/python3.7/site-packages/airflow/example_dags/example_xcomargs.py took 0.155 seconds
[2023-10-10T17:48:13.914+0000] {processor.py:157} INFO - Started process (PID=2008) to work on /home/airflow/.local/lib/python3.7/site-packages/airflow/example_dags/example_xcomargs.py
[2023-10-10T17:48:13.919+0000] {processor.py:826} INFO - Processing file /home/airflow/.local/lib/python3.7/site-packages/airflow/example_dags/example_xcomargs.py for tasks to queue
[2023-10-10T17:48:13.924+0000] {logging_mixin.py:150} INFO - [2023-10-10T17:48:13.923+0000] {dagbag.py:541} INFO - Filling up the DagBag from /home/airflow/.local/lib/python3.7/site-packages/airflow/example_dags/example_xcomargs.py
[2023-10-10T17:48:13.951+0000] {processor.py:836} INFO - DAG(s) dict_keys(['example_xcom_args', 'example_xcom_args_with_operators']) retrieved from /home/airflow/.local/lib/python3.7/site-packages/airflow/example_dags/example_xcomargs.py
[2023-10-10T17:48:14.003+0000] {logging_mixin.py:150} INFO - [2023-10-10T17:48:14.003+0000] {dag.py:2742} INFO - Sync 2 DAGs
[2023-10-10T17:48:14.049+0000] {logging_mixin.py:150} INFO - [2023-10-10T17:48:14.049+0000] {dag.py:3508} INFO - Setting next_dagrun for example_xcom_args to None, run_after=None
[2023-10-10T17:48:14.057+0000] {logging_mixin.py:150} INFO - [2023-10-10T17:48:14.056+0000] {dag.py:3508} INFO - Setting next_dagrun for example_xcom_args_with_operators to None, run_after=None
[2023-10-10T17:48:14.090+0000] {processor.py:179} INFO - Processing /home/airflow/.local/lib/python3.7/site-packages/airflow/example_dags/example_xcomargs.py took 0.193 seconds
[2023-10-10T17:48:44.350+0000] {processor.py:157} INFO - Started process (PID=2091) to work on /home/airflow/.local/lib/python3.7/site-packages/airflow/example_dags/example_xcomargs.py
[2023-10-10T17:48:44.352+0000] {processor.py:826} INFO - Processing file /home/airflow/.local/lib/python3.7/site-packages/airflow/example_dags/example_xcomargs.py for tasks to queue
[2023-10-10T17:48:44.354+0000] {logging_mixin.py:150} INFO - [2023-10-10T17:48:44.353+0000] {dagbag.py:541} INFO - Filling up the DagBag from /home/airflow/.local/lib/python3.7/site-packages/airflow/example_dags/example_xcomargs.py
[2023-10-10T17:48:44.366+0000] {processor.py:836} INFO - DAG(s) dict_keys(['example_xcom_args', 'example_xcom_args_with_operators']) retrieved from /home/airflow/.local/lib/python3.7/site-packages/airflow/example_dags/example_xcomargs.py
[2023-10-10T17:48:44.399+0000] {logging_mixin.py:150} INFO - [2023-10-10T17:48:44.399+0000] {dag.py:2742} INFO - Sync 2 DAGs
[2023-10-10T17:48:44.431+0000] {logging_mixin.py:150} INFO - [2023-10-10T17:48:44.430+0000] {dag.py:3508} INFO - Setting next_dagrun for example_xcom_args to None, run_after=None
[2023-10-10T17:48:44.435+0000] {logging_mixin.py:150} INFO - [2023-10-10T17:48:44.435+0000] {dag.py:3508} INFO - Setting next_dagrun for example_xcom_args_with_operators to None, run_after=None
[2023-10-10T17:48:44.455+0000] {processor.py:179} INFO - Processing /home/airflow/.local/lib/python3.7/site-packages/airflow/example_dags/example_xcomargs.py took 0.109 seconds
[2023-10-10T17:49:14.666+0000] {processor.py:157} INFO - Started process (PID=2184) to work on /home/airflow/.local/lib/python3.7/site-packages/airflow/example_dags/example_xcomargs.py
[2023-10-10T17:49:14.670+0000] {processor.py:826} INFO - Processing file /home/airflow/.local/lib/python3.7/site-packages/airflow/example_dags/example_xcomargs.py for tasks to queue
[2023-10-10T17:49:14.674+0000] {logging_mixin.py:150} INFO - [2023-10-10T17:49:14.673+0000] {dagbag.py:541} INFO - Filling up the DagBag from /home/airflow/.local/lib/python3.7/site-packages/airflow/example_dags/example_xcomargs.py
[2023-10-10T17:49:14.708+0000] {processor.py:836} INFO - DAG(s) dict_keys(['example_xcom_args_with_operators', 'example_xcom_args']) retrieved from /home/airflow/.local/lib/python3.7/site-packages/airflow/example_dags/example_xcomargs.py
[2023-10-10T17:49:14.777+0000] {logging_mixin.py:150} INFO - [2023-10-10T17:49:14.776+0000] {dag.py:2742} INFO - Sync 2 DAGs
[2023-10-10T17:49:14.854+0000] {logging_mixin.py:150} INFO - [2023-10-10T17:49:14.854+0000] {dag.py:3508} INFO - Setting next_dagrun for example_xcom_args to None, run_after=None
[2023-10-10T17:49:14.862+0000] {logging_mixin.py:150} INFO - [2023-10-10T17:49:14.861+0000] {dag.py:3508} INFO - Setting next_dagrun for example_xcom_args_with_operators to None, run_after=None
[2023-10-10T17:49:14.893+0000] {processor.py:179} INFO - Processing /home/airflow/.local/lib/python3.7/site-packages/airflow/example_dags/example_xcomargs.py took 0.232 seconds
[2023-10-10T17:49:45.652+0000] {processor.py:157} INFO - Started process (PID=2264) to work on /home/airflow/.local/lib/python3.7/site-packages/airflow/example_dags/example_xcomargs.py
[2023-10-10T17:49:45.655+0000] {processor.py:826} INFO - Processing file /home/airflow/.local/lib/python3.7/site-packages/airflow/example_dags/example_xcomargs.py for tasks to queue
[2023-10-10T17:49:45.656+0000] {logging_mixin.py:150} INFO - [2023-10-10T17:49:45.656+0000] {dagbag.py:541} INFO - Filling up the DagBag from /home/airflow/.local/lib/python3.7/site-packages/airflow/example_dags/example_xcomargs.py
[2023-10-10T17:49:45.670+0000] {processor.py:836} INFO - DAG(s) dict_keys(['example_xcom_args', 'example_xcom_args_with_operators']) retrieved from /home/airflow/.local/lib/python3.7/site-packages/airflow/example_dags/example_xcomargs.py
[2023-10-10T17:49:45.712+0000] {logging_mixin.py:150} INFO - [2023-10-10T17:49:45.712+0000] {dag.py:2742} INFO - Sync 2 DAGs
[2023-10-10T17:49:45.752+0000] {logging_mixin.py:150} INFO - [2023-10-10T17:49:45.752+0000] {dag.py:3508} INFO - Setting next_dagrun for example_xcom_args to None, run_after=None
[2023-10-10T17:49:45.761+0000] {logging_mixin.py:150} INFO - [2023-10-10T17:49:45.760+0000] {dag.py:3508} INFO - Setting next_dagrun for example_xcom_args_with_operators to None, run_after=None
[2023-10-10T17:49:45.783+0000] {processor.py:179} INFO - Processing /home/airflow/.local/lib/python3.7/site-packages/airflow/example_dags/example_xcomargs.py took 0.137 seconds
[2023-10-10T17:50:15.853+0000] {processor.py:157} INFO - Started process (PID=2345) to work on /home/airflow/.local/lib/python3.7/site-packages/airflow/example_dags/example_xcomargs.py
[2023-10-10T17:50:15.856+0000] {processor.py:826} INFO - Processing file /home/airflow/.local/lib/python3.7/site-packages/airflow/example_dags/example_xcomargs.py for tasks to queue
[2023-10-10T17:50:15.859+0000] {logging_mixin.py:150} INFO - [2023-10-10T17:50:15.858+0000] {dagbag.py:541} INFO - Filling up the DagBag from /home/airflow/.local/lib/python3.7/site-packages/airflow/example_dags/example_xcomargs.py
[2023-10-10T17:50:15.887+0000] {processor.py:836} INFO - DAG(s) dict_keys(['example_xcom_args_with_operators', 'example_xcom_args']) retrieved from /home/airflow/.local/lib/python3.7/site-packages/airflow/example_dags/example_xcomargs.py
[2023-10-10T17:50:15.940+0000] {logging_mixin.py:150} INFO - [2023-10-10T17:50:15.939+0000] {dag.py:2742} INFO - Sync 2 DAGs
[2023-10-10T17:50:15.995+0000] {logging_mixin.py:150} INFO - [2023-10-10T17:50:15.995+0000] {dag.py:3508} INFO - Setting next_dagrun for example_xcom_args to None, run_after=None
[2023-10-10T17:50:16.003+0000] {logging_mixin.py:150} INFO - [2023-10-10T17:50:16.003+0000] {dag.py:3508} INFO - Setting next_dagrun for example_xcom_args_with_operators to None, run_after=None
[2023-10-10T17:50:16.031+0000] {processor.py:179} INFO - Processing /home/airflow/.local/lib/python3.7/site-packages/airflow/example_dags/example_xcomargs.py took 0.187 seconds
[2023-10-10T17:50:46.060+0000] {processor.py:157} INFO - Started process (PID=2435) to work on /home/airflow/.local/lib/python3.7/site-packages/airflow/example_dags/example_xcomargs.py
[2023-10-10T17:50:46.062+0000] {processor.py:826} INFO - Processing file /home/airflow/.local/lib/python3.7/site-packages/airflow/example_dags/example_xcomargs.py for tasks to queue
[2023-10-10T17:50:46.064+0000] {logging_mixin.py:150} INFO - [2023-10-10T17:50:46.063+0000] {dagbag.py:541} INFO - Filling up the DagBag from /home/airflow/.local/lib/python3.7/site-packages/airflow/example_dags/example_xcomargs.py
[2023-10-10T17:50:46.077+0000] {processor.py:836} INFO - DAG(s) dict_keys(['example_xcom_args', 'example_xcom_args_with_operators']) retrieved from /home/airflow/.local/lib/python3.7/site-packages/airflow/example_dags/example_xcomargs.py
[2023-10-10T17:50:46.120+0000] {logging_mixin.py:150} INFO - [2023-10-10T17:50:46.119+0000] {dag.py:2742} INFO - Sync 2 DAGs
[2023-10-10T17:50:46.153+0000] {logging_mixin.py:150} INFO - [2023-10-10T17:50:46.153+0000] {dag.py:3508} INFO - Setting next_dagrun for example_xcom_args to None, run_after=None
[2023-10-10T17:50:46.158+0000] {logging_mixin.py:150} INFO - [2023-10-10T17:50:46.158+0000] {dag.py:3508} INFO - Setting next_dagrun for example_xcom_args_with_operators to None, run_after=None
[2023-10-10T17:50:46.193+0000] {processor.py:179} INFO - Processing /home/airflow/.local/lib/python3.7/site-packages/airflow/example_dags/example_xcomargs.py took 0.138 seconds
[2023-10-10T17:51:16.406+0000] {processor.py:157} INFO - Started process (PID=2515) to work on /home/airflow/.local/lib/python3.7/site-packages/airflow/example_dags/example_xcomargs.py
[2023-10-10T17:51:16.408+0000] {processor.py:826} INFO - Processing file /home/airflow/.local/lib/python3.7/site-packages/airflow/example_dags/example_xcomargs.py for tasks to queue
[2023-10-10T17:51:16.409+0000] {logging_mixin.py:150} INFO - [2023-10-10T17:51:16.409+0000] {dagbag.py:541} INFO - Filling up the DagBag from /home/airflow/.local/lib/python3.7/site-packages/airflow/example_dags/example_xcomargs.py
[2023-10-10T17:51:16.421+0000] {processor.py:836} INFO - DAG(s) dict_keys(['example_xcom_args_with_operators', 'example_xcom_args']) retrieved from /home/airflow/.local/lib/python3.7/site-packages/airflow/example_dags/example_xcomargs.py
[2023-10-10T17:51:16.459+0000] {logging_mixin.py:150} INFO - [2023-10-10T17:51:16.459+0000] {dag.py:2742} INFO - Sync 2 DAGs
[2023-10-10T17:51:16.492+0000] {logging_mixin.py:150} INFO - [2023-10-10T17:51:16.492+0000] {dag.py:3508} INFO - Setting next_dagrun for example_xcom_args to None, run_after=None
[2023-10-10T17:51:16.497+0000] {logging_mixin.py:150} INFO - [2023-10-10T17:51:16.497+0000] {dag.py:3508} INFO - Setting next_dagrun for example_xcom_args_with_operators to None, run_after=None
[2023-10-10T17:51:16.526+0000] {processor.py:179} INFO - Processing /home/airflow/.local/lib/python3.7/site-packages/airflow/example_dags/example_xcomargs.py took 0.125 seconds
[2023-10-10T17:51:47.329+0000] {processor.py:157} INFO - Started process (PID=2608) to work on /home/airflow/.local/lib/python3.7/site-packages/airflow/example_dags/example_xcomargs.py
[2023-10-10T17:51:47.332+0000] {processor.py:826} INFO - Processing file /home/airflow/.local/lib/python3.7/site-packages/airflow/example_dags/example_xcomargs.py for tasks to queue
[2023-10-10T17:51:47.334+0000] {logging_mixin.py:150} INFO - [2023-10-10T17:51:47.334+0000] {dagbag.py:541} INFO - Filling up the DagBag from /home/airflow/.local/lib/python3.7/site-packages/airflow/example_dags/example_xcomargs.py
[2023-10-10T17:51:47.352+0000] {processor.py:836} INFO - DAG(s) dict_keys(['example_xcom_args', 'example_xcom_args_with_operators']) retrieved from /home/airflow/.local/lib/python3.7/site-packages/airflow/example_dags/example_xcomargs.py
[2023-10-10T17:51:47.402+0000] {logging_mixin.py:150} INFO - [2023-10-10T17:51:47.402+0000] {dag.py:2742} INFO - Sync 2 DAGs
[2023-10-10T17:51:47.449+0000] {logging_mixin.py:150} INFO - [2023-10-10T17:51:47.449+0000] {dag.py:3508} INFO - Setting next_dagrun for example_xcom_args to None, run_after=None
[2023-10-10T17:51:47.457+0000] {logging_mixin.py:150} INFO - [2023-10-10T17:51:47.457+0000] {dag.py:3508} INFO - Setting next_dagrun for example_xcom_args_with_operators to None, run_after=None
[2023-10-10T17:51:47.487+0000] {processor.py:179} INFO - Processing /home/airflow/.local/lib/python3.7/site-packages/airflow/example_dags/example_xcomargs.py took 0.166 seconds
[2023-10-10T17:52:17.628+0000] {processor.py:157} INFO - Started process (PID=2689) to work on /home/airflow/.local/lib/python3.7/site-packages/airflow/example_dags/example_xcomargs.py
[2023-10-10T17:52:17.631+0000] {processor.py:826} INFO - Processing file /home/airflow/.local/lib/python3.7/site-packages/airflow/example_dags/example_xcomargs.py for tasks to queue
[2023-10-10T17:52:17.633+0000] {logging_mixin.py:150} INFO - [2023-10-10T17:52:17.632+0000] {dagbag.py:541} INFO - Filling up the DagBag from /home/airflow/.local/lib/python3.7/site-packages/airflow/example_dags/example_xcomargs.py
[2023-10-10T17:52:17.647+0000] {processor.py:836} INFO - DAG(s) dict_keys(['example_xcom_args', 'example_xcom_args_with_operators']) retrieved from /home/airflow/.local/lib/python3.7/site-packages/airflow/example_dags/example_xcomargs.py
[2023-10-10T17:52:17.687+0000] {logging_mixin.py:150} INFO - [2023-10-10T17:52:17.687+0000] {dag.py:2742} INFO - Sync 2 DAGs
[2023-10-10T17:52:17.724+0000] {logging_mixin.py:150} INFO - [2023-10-10T17:52:17.724+0000] {dag.py:3508} INFO - Setting next_dagrun for example_xcom_args to None, run_after=None
[2023-10-10T17:52:17.730+0000] {logging_mixin.py:150} INFO - [2023-10-10T17:52:17.730+0000] {dag.py:3508} INFO - Setting next_dagrun for example_xcom_args_with_operators to None, run_after=None
[2023-10-10T17:52:17.755+0000] {processor.py:179} INFO - Processing /home/airflow/.local/lib/python3.7/site-packages/airflow/example_dags/example_xcomargs.py took 0.133 seconds
[2023-10-10T17:52:48.120+0000] {processor.py:157} INFO - Started process (PID=2779) to work on /home/airflow/.local/lib/python3.7/site-packages/airflow/example_dags/example_xcomargs.py
[2023-10-10T17:52:48.124+0000] {processor.py:826} INFO - Processing file /home/airflow/.local/lib/python3.7/site-packages/airflow/example_dags/example_xcomargs.py for tasks to queue
[2023-10-10T17:52:48.128+0000] {logging_mixin.py:150} INFO - [2023-10-10T17:52:48.127+0000] {dagbag.py:541} INFO - Filling up the DagBag from /home/airflow/.local/lib/python3.7/site-packages/airflow/example_dags/example_xcomargs.py
[2023-10-10T17:52:48.152+0000] {processor.py:836} INFO - DAG(s) dict_keys(['example_xcom_args_with_operators', 'example_xcom_args']) retrieved from /home/airflow/.local/lib/python3.7/site-packages/airflow/example_dags/example_xcomargs.py
[2023-10-10T17:52:48.197+0000] {logging_mixin.py:150} INFO - [2023-10-10T17:52:48.197+0000] {dag.py:2742} INFO - Sync 2 DAGs
[2023-10-10T17:52:48.237+0000] {logging_mixin.py:150} INFO - [2023-10-10T17:52:48.237+0000] {dag.py:3508} INFO - Setting next_dagrun for example_xcom_args to None, run_after=None
[2023-10-10T17:52:48.244+0000] {logging_mixin.py:150} INFO - [2023-10-10T17:52:48.243+0000] {dag.py:3508} INFO - Setting next_dagrun for example_xcom_args_with_operators to None, run_after=None
[2023-10-10T17:52:48.275+0000] {processor.py:179} INFO - Processing /home/airflow/.local/lib/python3.7/site-packages/airflow/example_dags/example_xcomargs.py took 0.164 seconds
[2023-10-10T17:53:18.649+0000] {processor.py:157} INFO - Started process (PID=2863) to work on /home/airflow/.local/lib/python3.7/site-packages/airflow/example_dags/example_xcomargs.py
[2023-10-10T17:53:18.652+0000] {processor.py:826} INFO - Processing file /home/airflow/.local/lib/python3.7/site-packages/airflow/example_dags/example_xcomargs.py for tasks to queue
[2023-10-10T17:53:18.655+0000] {logging_mixin.py:150} INFO - [2023-10-10T17:53:18.654+0000] {dagbag.py:541} INFO - Filling up the DagBag from /home/airflow/.local/lib/python3.7/site-packages/airflow/example_dags/example_xcomargs.py
[2023-10-10T17:53:18.669+0000] {processor.py:836} INFO - DAG(s) dict_keys(['example_xcom_args_with_operators', 'example_xcom_args']) retrieved from /home/airflow/.local/lib/python3.7/site-packages/airflow/example_dags/example_xcomargs.py
[2023-10-10T17:53:18.710+0000] {logging_mixin.py:150} INFO - [2023-10-10T17:53:18.710+0000] {dag.py:2742} INFO - Sync 2 DAGs
[2023-10-10T17:53:18.745+0000] {logging_mixin.py:150} INFO - [2023-10-10T17:53:18.745+0000] {dag.py:3508} INFO - Setting next_dagrun for example_xcom_args to None, run_after=None
[2023-10-10T17:53:18.751+0000] {logging_mixin.py:150} INFO - [2023-10-10T17:53:18.750+0000] {dag.py:3508} INFO - Setting next_dagrun for example_xcom_args_with_operators to None, run_after=None
[2023-10-10T17:53:18.774+0000] {processor.py:179} INFO - Processing /home/airflow/.local/lib/python3.7/site-packages/airflow/example_dags/example_xcomargs.py took 0.130 seconds
[2023-10-10T17:53:48.948+0000] {processor.py:157} INFO - Started process (PID=2943) to work on /home/airflow/.local/lib/python3.7/site-packages/airflow/example_dags/example_xcomargs.py
[2023-10-10T17:53:48.951+0000] {processor.py:826} INFO - Processing file /home/airflow/.local/lib/python3.7/site-packages/airflow/example_dags/example_xcomargs.py for tasks to queue
[2023-10-10T17:53:48.952+0000] {logging_mixin.py:150} INFO - [2023-10-10T17:53:48.952+0000] {dagbag.py:541} INFO - Filling up the DagBag from /home/airflow/.local/lib/python3.7/site-packages/airflow/example_dags/example_xcomargs.py
[2023-10-10T17:53:48.969+0000] {processor.py:836} INFO - DAG(s) dict_keys(['example_xcom_args', 'example_xcom_args_with_operators']) retrieved from /home/airflow/.local/lib/python3.7/site-packages/airflow/example_dags/example_xcomargs.py
[2023-10-10T17:53:49.023+0000] {logging_mixin.py:150} INFO - [2023-10-10T17:53:49.023+0000] {dag.py:2742} INFO - Sync 2 DAGs
[2023-10-10T17:53:49.072+0000] {logging_mixin.py:150} INFO - [2023-10-10T17:53:49.072+0000] {dag.py:3508} INFO - Setting next_dagrun for example_xcom_args to None, run_after=None
[2023-10-10T17:53:49.082+0000] {logging_mixin.py:150} INFO - [2023-10-10T17:53:49.082+0000] {dag.py:3508} INFO - Setting next_dagrun for example_xcom_args_with_operators to None, run_after=None
[2023-10-10T17:53:49.115+0000] {processor.py:179} INFO - Processing /home/airflow/.local/lib/python3.7/site-packages/airflow/example_dags/example_xcomargs.py took 0.182 seconds
[2023-10-10T17:54:19.924+0000] {processor.py:157} INFO - Started process (PID=3027) to work on /home/airflow/.local/lib/python3.7/site-packages/airflow/example_dags/example_xcomargs.py
[2023-10-10T17:54:19.926+0000] {processor.py:826} INFO - Processing file /home/airflow/.local/lib/python3.7/site-packages/airflow/example_dags/example_xcomargs.py for tasks to queue
[2023-10-10T17:54:19.928+0000] {logging_mixin.py:150} INFO - [2023-10-10T17:54:19.928+0000] {dagbag.py:541} INFO - Filling up the DagBag from /home/airflow/.local/lib/python3.7/site-packages/airflow/example_dags/example_xcomargs.py
[2023-10-10T17:54:19.943+0000] {processor.py:836} INFO - DAG(s) dict_keys(['example_xcom_args_with_operators', 'example_xcom_args']) retrieved from /home/airflow/.local/lib/python3.7/site-packages/airflow/example_dags/example_xcomargs.py
[2023-10-10T17:54:19.984+0000] {logging_mixin.py:150} INFO - [2023-10-10T17:54:19.983+0000] {dag.py:2742} INFO - Sync 2 DAGs
[2023-10-10T17:54:20.020+0000] {logging_mixin.py:150} INFO - [2023-10-10T17:54:20.020+0000] {dag.py:3508} INFO - Setting next_dagrun for example_xcom_args to None, run_after=None
[2023-10-10T17:54:20.026+0000] {logging_mixin.py:150} INFO - [2023-10-10T17:54:20.025+0000] {dag.py:3508} INFO - Setting next_dagrun for example_xcom_args_with_operators to None, run_after=None
[2023-10-10T17:54:20.049+0000] {processor.py:179} INFO - Processing /home/airflow/.local/lib/python3.7/site-packages/airflow/example_dags/example_xcomargs.py took 0.131 seconds
[2023-10-10T17:54:50.254+0000] {processor.py:157} INFO - Started process (PID=3129) to work on /home/airflow/.local/lib/python3.7/site-packages/airflow/example_dags/example_xcomargs.py
[2023-10-10T17:54:50.261+0000] {processor.py:826} INFO - Processing file /home/airflow/.local/lib/python3.7/site-packages/airflow/example_dags/example_xcomargs.py for tasks to queue
[2023-10-10T17:54:50.266+0000] {logging_mixin.py:150} INFO - [2023-10-10T17:54:50.265+0000] {dagbag.py:541} INFO - Filling up the DagBag from /home/airflow/.local/lib/python3.7/site-packages/airflow/example_dags/example_xcomargs.py
[2023-10-10T17:54:50.314+0000] {processor.py:836} INFO - DAG(s) dict_keys(['example_xcom_args', 'example_xcom_args_with_operators']) retrieved from /home/airflow/.local/lib/python3.7/site-packages/airflow/example_dags/example_xcomargs.py
[2023-10-10T17:54:50.577+0000] {logging_mixin.py:150} INFO - [2023-10-10T17:54:50.576+0000] {dag.py:2742} INFO - Sync 2 DAGs
[2023-10-10T17:54:50.706+0000] {logging_mixin.py:150} INFO - [2023-10-10T17:54:50.706+0000] {dag.py:3508} INFO - Setting next_dagrun for example_xcom_args to None, run_after=None
[2023-10-10T17:54:50.725+0000] {logging_mixin.py:150} INFO - [2023-10-10T17:54:50.724+0000] {dag.py:3508} INFO - Setting next_dagrun for example_xcom_args_with_operators to None, run_after=None
[2023-10-10T17:54:50.910+0000] {processor.py:179} INFO - Processing /home/airflow/.local/lib/python3.7/site-packages/airflow/example_dags/example_xcomargs.py took 0.668 seconds
[2023-10-10T17:56:02.362+0000] {processor.py:157} INFO - Started process (PID=3218) to work on /home/airflow/.local/lib/python3.7/site-packages/airflow/example_dags/example_xcomargs.py
[2023-10-10T17:56:02.371+0000] {processor.py:826} INFO - Processing file /home/airflow/.local/lib/python3.7/site-packages/airflow/example_dags/example_xcomargs.py for tasks to queue
[2023-10-10T17:56:02.392+0000] {logging_mixin.py:150} INFO - [2023-10-10T17:56:02.391+0000] {dagbag.py:541} INFO - Filling up the DagBag from /home/airflow/.local/lib/python3.7/site-packages/airflow/example_dags/example_xcomargs.py
[2023-10-10T17:56:02.429+0000] {processor.py:836} INFO - DAG(s) dict_keys(['example_xcom_args_with_operators', 'example_xcom_args']) retrieved from /home/airflow/.local/lib/python3.7/site-packages/airflow/example_dags/example_xcomargs.py
[2023-10-10T17:56:02.586+0000] {logging_mixin.py:150} INFO - [2023-10-10T17:56:02.585+0000] {dag.py:2742} INFO - Sync 2 DAGs
[2023-10-10T17:56:02.677+0000] {logging_mixin.py:150} INFO - [2023-10-10T17:56:02.677+0000] {dag.py:3508} INFO - Setting next_dagrun for example_xcom_args to None, run_after=None
[2023-10-10T17:56:02.684+0000] {logging_mixin.py:150} INFO - [2023-10-10T17:56:02.684+0000] {dag.py:3508} INFO - Setting next_dagrun for example_xcom_args_with_operators to None, run_after=None
[2023-10-10T17:56:02.719+0000] {processor.py:179} INFO - Processing /home/airflow/.local/lib/python3.7/site-packages/airflow/example_dags/example_xcomargs.py took 0.390 seconds
[2023-10-10T17:56:32.810+0000] {processor.py:157} INFO - Started process (PID=3293) to work on /home/airflow/.local/lib/python3.7/site-packages/airflow/example_dags/example_xcomargs.py
[2023-10-10T17:56:32.817+0000] {processor.py:826} INFO - Processing file /home/airflow/.local/lib/python3.7/site-packages/airflow/example_dags/example_xcomargs.py for tasks to queue
[2023-10-10T17:56:32.821+0000] {logging_mixin.py:150} INFO - [2023-10-10T17:56:32.820+0000] {dagbag.py:541} INFO - Filling up the DagBag from /home/airflow/.local/lib/python3.7/site-packages/airflow/example_dags/example_xcomargs.py
[2023-10-10T17:56:32.892+0000] {processor.py:836} INFO - DAG(s) dict_keys(['example_xcom_args', 'example_xcom_args_with_operators']) retrieved from /home/airflow/.local/lib/python3.7/site-packages/airflow/example_dags/example_xcomargs.py
[2023-10-10T17:56:32.970+0000] {logging_mixin.py:150} INFO - [2023-10-10T17:56:32.970+0000] {dag.py:2742} INFO - Sync 2 DAGs
[2023-10-10T17:56:33.045+0000] {logging_mixin.py:150} INFO - [2023-10-10T17:56:33.045+0000] {dag.py:3508} INFO - Setting next_dagrun for example_xcom_args to None, run_after=None
[2023-10-10T17:56:33.058+0000] {logging_mixin.py:150} INFO - [2023-10-10T17:56:33.057+0000] {dag.py:3508} INFO - Setting next_dagrun for example_xcom_args_with_operators to None, run_after=None
[2023-10-10T17:56:33.136+0000] {processor.py:179} INFO - Processing /home/airflow/.local/lib/python3.7/site-packages/airflow/example_dags/example_xcomargs.py took 0.339 seconds
[2023-10-10T17:57:04.344+0000] {processor.py:157} INFO - Started process (PID=3373) to work on /home/airflow/.local/lib/python3.7/site-packages/airflow/example_dags/example_xcomargs.py
[2023-10-10T17:57:04.358+0000] {processor.py:826} INFO - Processing file /home/airflow/.local/lib/python3.7/site-packages/airflow/example_dags/example_xcomargs.py for tasks to queue
[2023-10-10T17:57:04.367+0000] {logging_mixin.py:150} INFO - [2023-10-10T17:57:04.366+0000] {dagbag.py:541} INFO - Filling up the DagBag from /home/airflow/.local/lib/python3.7/site-packages/airflow/example_dags/example_xcomargs.py
[2023-10-10T17:57:04.481+0000] {processor.py:836} INFO - DAG(s) dict_keys(['example_xcom_args_with_operators', 'example_xcom_args']) retrieved from /home/airflow/.local/lib/python3.7/site-packages/airflow/example_dags/example_xcomargs.py
[2023-10-10T17:57:04.871+0000] {logging_mixin.py:150} INFO - [2023-10-10T17:57:04.869+0000] {dag.py:2742} INFO - Sync 2 DAGs
[2023-10-10T17:57:05.108+0000] {logging_mixin.py:150} INFO - [2023-10-10T17:57:05.107+0000] {dag.py:3508} INFO - Setting next_dagrun for example_xcom_args to None, run_after=None
[2023-10-10T17:57:05.142+0000] {logging_mixin.py:150} INFO - [2023-10-10T17:57:05.141+0000] {dag.py:3508} INFO - Setting next_dagrun for example_xcom_args_with_operators to None, run_after=None
[2023-10-10T17:57:05.386+0000] {processor.py:179} INFO - Processing /home/airflow/.local/lib/python3.7/site-packages/airflow/example_dags/example_xcomargs.py took 1.072 seconds
[2023-10-10T17:58:14.001+0000] {processor.py:157} INFO - Started process (PID=3471) to work on /home/airflow/.local/lib/python3.7/site-packages/airflow/example_dags/example_xcomargs.py
[2023-10-10T17:58:14.019+0000] {processor.py:826} INFO - Processing file /home/airflow/.local/lib/python3.7/site-packages/airflow/example_dags/example_xcomargs.py for tasks to queue
[2023-10-10T17:58:14.044+0000] {logging_mixin.py:150} INFO - [2023-10-10T17:58:14.040+0000] {dagbag.py:541} INFO - Filling up the DagBag from /home/airflow/.local/lib/python3.7/site-packages/airflow/example_dags/example_xcomargs.py
[2023-10-10T17:58:14.175+0000] {processor.py:836} INFO - DAG(s) dict_keys(['example_xcom_args', 'example_xcom_args_with_operators']) retrieved from /home/airflow/.local/lib/python3.7/site-packages/airflow/example_dags/example_xcomargs.py
[2023-10-10T17:58:14.575+0000] {logging_mixin.py:150} INFO - [2023-10-10T17:58:14.569+0000] {dag.py:2742} INFO - Sync 2 DAGs
[2023-10-10T17:58:15.298+0000] {logging_mixin.py:150} INFO - [2023-10-10T17:58:15.296+0000] {dag.py:3508} INFO - Setting next_dagrun for example_xcom_args to None, run_after=None
[2023-10-10T17:58:15.332+0000] {logging_mixin.py:150} INFO - [2023-10-10T17:58:15.331+0000] {dag.py:3508} INFO - Setting next_dagrun for example_xcom_args_with_operators to None, run_after=None
[2023-10-10T17:58:15.459+0000] {processor.py:179} INFO - Processing /home/airflow/.local/lib/python3.7/site-packages/airflow/example_dags/example_xcomargs.py took 1.540 seconds
[2023-10-10T17:58:48.699+0000] {processor.py:157} INFO - Started process (PID=3573) to work on /home/airflow/.local/lib/python3.7/site-packages/airflow/example_dags/example_xcomargs.py
[2023-10-10T17:58:48.708+0000] {processor.py:826} INFO - Processing file /home/airflow/.local/lib/python3.7/site-packages/airflow/example_dags/example_xcomargs.py for tasks to queue
[2023-10-10T17:58:48.712+0000] {logging_mixin.py:150} INFO - [2023-10-10T17:58:48.712+0000] {dagbag.py:541} INFO - Filling up the DagBag from /home/airflow/.local/lib/python3.7/site-packages/airflow/example_dags/example_xcomargs.py
[2023-10-10T17:58:48.810+0000] {processor.py:836} INFO - DAG(s) dict_keys(['example_xcom_args', 'example_xcom_args_with_operators']) retrieved from /home/airflow/.local/lib/python3.7/site-packages/airflow/example_dags/example_xcomargs.py
[2023-10-10T17:58:48.990+0000] {logging_mixin.py:150} INFO - [2023-10-10T17:58:48.990+0000] {dag.py:2742} INFO - Sync 2 DAGs
[2023-10-10T17:58:49.197+0000] {logging_mixin.py:150} INFO - [2023-10-10T17:58:49.197+0000] {dag.py:3508} INFO - Setting next_dagrun for example_xcom_args to None, run_after=None
[2023-10-10T17:58:49.219+0000] {logging_mixin.py:150} INFO - [2023-10-10T17:58:49.218+0000] {dag.py:3508} INFO - Setting next_dagrun for example_xcom_args_with_operators to None, run_after=None
[2023-10-10T17:58:49.303+0000] {processor.py:179} INFO - Processing /home/airflow/.local/lib/python3.7/site-packages/airflow/example_dags/example_xcomargs.py took 0.634 seconds
[2023-10-10T17:59:33.719+0000] {processor.py:157} INFO - Started process (PID=3654) to work on /home/airflow/.local/lib/python3.7/site-packages/airflow/example_dags/example_xcomargs.py
[2023-10-10T17:59:33.727+0000] {processor.py:826} INFO - Processing file /home/airflow/.local/lib/python3.7/site-packages/airflow/example_dags/example_xcomargs.py for tasks to queue
[2023-10-10T17:59:33.734+0000] {logging_mixin.py:150} INFO - [2023-10-10T17:59:33.733+0000] {dagbag.py:541} INFO - Filling up the DagBag from /home/airflow/.local/lib/python3.7/site-packages/airflow/example_dags/example_xcomargs.py
[2023-10-10T17:59:33.854+0000] {processor.py:836} INFO - DAG(s) dict_keys(['example_xcom_args', 'example_xcom_args_with_operators']) retrieved from /home/airflow/.local/lib/python3.7/site-packages/airflow/example_dags/example_xcomargs.py
[2023-10-10T17:59:34.285+0000] {logging_mixin.py:150} INFO - [2023-10-10T17:59:34.284+0000] {dag.py:2742} INFO - Sync 2 DAGs
[2023-10-10T17:59:34.781+0000] {logging_mixin.py:150} INFO - [2023-10-10T17:59:34.781+0000] {dag.py:3508} INFO - Setting next_dagrun for example_xcom_args to None, run_after=None
[2023-10-10T17:59:34.874+0000] {logging_mixin.py:150} INFO - [2023-10-10T17:59:34.873+0000] {dag.py:3508} INFO - Setting next_dagrun for example_xcom_args_with_operators to None, run_after=None
[2023-10-10T17:59:35.061+0000] {processor.py:179} INFO - Processing /home/airflow/.local/lib/python3.7/site-packages/airflow/example_dags/example_xcomargs.py took 1.395 seconds
[2023-10-10T18:00:06.010+0000] {processor.py:157} INFO - Started process (PID=3735) to work on /home/airflow/.local/lib/python3.7/site-packages/airflow/example_dags/example_xcomargs.py
[2023-10-10T18:00:06.014+0000] {processor.py:826} INFO - Processing file /home/airflow/.local/lib/python3.7/site-packages/airflow/example_dags/example_xcomargs.py for tasks to queue
[2023-10-10T18:00:06.019+0000] {logging_mixin.py:150} INFO - [2023-10-10T18:00:06.018+0000] {dagbag.py:541} INFO - Filling up the DagBag from /home/airflow/.local/lib/python3.7/site-packages/airflow/example_dags/example_xcomargs.py
[2023-10-10T18:00:06.052+0000] {processor.py:836} INFO - DAG(s) dict_keys(['example_xcom_args_with_operators', 'example_xcom_args']) retrieved from /home/airflow/.local/lib/python3.7/site-packages/airflow/example_dags/example_xcomargs.py
[2023-10-10T18:00:06.140+0000] {logging_mixin.py:150} INFO - [2023-10-10T18:00:06.139+0000] {dag.py:2742} INFO - Sync 2 DAGs
[2023-10-10T18:00:06.222+0000] {logging_mixin.py:150} INFO - [2023-10-10T18:00:06.221+0000] {dag.py:3508} INFO - Setting next_dagrun for example_xcom_args to None, run_after=None
[2023-10-10T18:00:06.234+0000] {logging_mixin.py:150} INFO - [2023-10-10T18:00:06.234+0000] {dag.py:3508} INFO - Setting next_dagrun for example_xcom_args_with_operators to None, run_after=None
[2023-10-10T18:00:06.289+0000] {processor.py:179} INFO - Processing /home/airflow/.local/lib/python3.7/site-packages/airflow/example_dags/example_xcomargs.py took 0.291 seconds
[2023-10-10T18:00:36.656+0000] {processor.py:157} INFO - Started process (PID=3816) to work on /home/airflow/.local/lib/python3.7/site-packages/airflow/example_dags/example_xcomargs.py
[2023-10-10T18:00:36.658+0000] {processor.py:826} INFO - Processing file /home/airflow/.local/lib/python3.7/site-packages/airflow/example_dags/example_xcomargs.py for tasks to queue
[2023-10-10T18:00:36.661+0000] {logging_mixin.py:150} INFO - [2023-10-10T18:00:36.660+0000] {dagbag.py:541} INFO - Filling up the DagBag from /home/airflow/.local/lib/python3.7/site-packages/airflow/example_dags/example_xcomargs.py
[2023-10-10T18:00:36.681+0000] {processor.py:836} INFO - DAG(s) dict_keys(['example_xcom_args', 'example_xcom_args_with_operators']) retrieved from /home/airflow/.local/lib/python3.7/site-packages/airflow/example_dags/example_xcomargs.py
[2023-10-10T18:00:36.736+0000] {logging_mixin.py:150} INFO - [2023-10-10T18:00:36.735+0000] {dag.py:2742} INFO - Sync 2 DAGs
[2023-10-10T18:00:36.795+0000] {logging_mixin.py:150} INFO - [2023-10-10T18:00:36.795+0000] {dag.py:3508} INFO - Setting next_dagrun for example_xcom_args to None, run_after=None
[2023-10-10T18:00:36.805+0000] {logging_mixin.py:150} INFO - [2023-10-10T18:00:36.805+0000] {dag.py:3508} INFO - Setting next_dagrun for example_xcom_args_with_operators to None, run_after=None
[2023-10-10T18:00:36.845+0000] {processor.py:179} INFO - Processing /home/airflow/.local/lib/python3.7/site-packages/airflow/example_dags/example_xcomargs.py took 0.197 seconds
[2023-10-10T18:01:07.448+0000] {processor.py:157} INFO - Started process (PID=3897) to work on /home/airflow/.local/lib/python3.7/site-packages/airflow/example_dags/example_xcomargs.py
[2023-10-10T18:01:07.451+0000] {processor.py:826} INFO - Processing file /home/airflow/.local/lib/python3.7/site-packages/airflow/example_dags/example_xcomargs.py for tasks to queue
[2023-10-10T18:01:07.454+0000] {logging_mixin.py:150} INFO - [2023-10-10T18:01:07.454+0000] {dagbag.py:541} INFO - Filling up the DagBag from /home/airflow/.local/lib/python3.7/site-packages/airflow/example_dags/example_xcomargs.py
[2023-10-10T18:01:07.476+0000] {processor.py:836} INFO - DAG(s) dict_keys(['example_xcom_args_with_operators', 'example_xcom_args']) retrieved from /home/airflow/.local/lib/python3.7/site-packages/airflow/example_dags/example_xcomargs.py
[2023-10-10T18:01:07.530+0000] {logging_mixin.py:150} INFO - [2023-10-10T18:01:07.530+0000] {dag.py:2742} INFO - Sync 2 DAGs
[2023-10-10T18:01:07.579+0000] {logging_mixin.py:150} INFO - [2023-10-10T18:01:07.579+0000] {dag.py:3508} INFO - Setting next_dagrun for example_xcom_args to None, run_after=None
[2023-10-10T18:01:07.587+0000] {logging_mixin.py:150} INFO - [2023-10-10T18:01:07.587+0000] {dag.py:3508} INFO - Setting next_dagrun for example_xcom_args_with_operators to None, run_after=None
[2023-10-10T18:01:07.634+0000] {processor.py:179} INFO - Processing /home/airflow/.local/lib/python3.7/site-packages/airflow/example_dags/example_xcomargs.py took 0.194 seconds
[2023-10-10T18:01:37.992+0000] {processor.py:157} INFO - Started process (PID=3978) to work on /home/airflow/.local/lib/python3.7/site-packages/airflow/example_dags/example_xcomargs.py
[2023-10-10T18:01:37.995+0000] {processor.py:826} INFO - Processing file /home/airflow/.local/lib/python3.7/site-packages/airflow/example_dags/example_xcomargs.py for tasks to queue
[2023-10-10T18:01:37.998+0000] {logging_mixin.py:150} INFO - [2023-10-10T18:01:37.997+0000] {dagbag.py:541} INFO - Filling up the DagBag from /home/airflow/.local/lib/python3.7/site-packages/airflow/example_dags/example_xcomargs.py
[2023-10-10T18:01:38.018+0000] {processor.py:836} INFO - DAG(s) dict_keys(['example_xcom_args', 'example_xcom_args_with_operators']) retrieved from /home/airflow/.local/lib/python3.7/site-packages/airflow/example_dags/example_xcomargs.py
[2023-10-10T18:01:38.073+0000] {logging_mixin.py:150} INFO - [2023-10-10T18:01:38.073+0000] {dag.py:2742} INFO - Sync 2 DAGs
[2023-10-10T18:01:38.181+0000] {logging_mixin.py:150} INFO - [2023-10-10T18:01:38.180+0000] {dag.py:3508} INFO - Setting next_dagrun for example_xcom_args to None, run_after=None
[2023-10-10T18:01:38.190+0000] {logging_mixin.py:150} INFO - [2023-10-10T18:01:38.190+0000] {dag.py:3508} INFO - Setting next_dagrun for example_xcom_args_with_operators to None, run_after=None
[2023-10-10T18:01:38.226+0000] {processor.py:179} INFO - Processing /home/airflow/.local/lib/python3.7/site-packages/airflow/example_dags/example_xcomargs.py took 0.243 seconds
[2023-10-10T18:02:08.424+0000] {processor.py:157} INFO - Started process (PID=4061) to work on /home/airflow/.local/lib/python3.7/site-packages/airflow/example_dags/example_xcomargs.py
[2023-10-10T18:02:08.427+0000] {processor.py:826} INFO - Processing file /home/airflow/.local/lib/python3.7/site-packages/airflow/example_dags/example_xcomargs.py for tasks to queue
[2023-10-10T18:02:08.431+0000] {logging_mixin.py:150} INFO - [2023-10-10T18:02:08.429+0000] {dagbag.py:541} INFO - Filling up the DagBag from /home/airflow/.local/lib/python3.7/site-packages/airflow/example_dags/example_xcomargs.py
[2023-10-10T18:02:08.453+0000] {processor.py:836} INFO - DAG(s) dict_keys(['example_xcom_args_with_operators', 'example_xcom_args']) retrieved from /home/airflow/.local/lib/python3.7/site-packages/airflow/example_dags/example_xcomargs.py
[2023-10-10T18:02:08.515+0000] {logging_mixin.py:150} INFO - [2023-10-10T18:02:08.514+0000] {dag.py:2742} INFO - Sync 2 DAGs
[2023-10-10T18:02:08.585+0000] {logging_mixin.py:150} INFO - [2023-10-10T18:02:08.585+0000] {dag.py:3508} INFO - Setting next_dagrun for example_xcom_args to None, run_after=None
[2023-10-10T18:02:08.594+0000] {logging_mixin.py:150} INFO - [2023-10-10T18:02:08.594+0000] {dag.py:3508} INFO - Setting next_dagrun for example_xcom_args_with_operators to None, run_after=None
[2023-10-10T18:02:08.634+0000] {processor.py:179} INFO - Processing /home/airflow/.local/lib/python3.7/site-packages/airflow/example_dags/example_xcomargs.py took 0.219 seconds
[2023-10-10T18:02:38.720+0000] {processor.py:157} INFO - Started process (PID=4142) to work on /home/airflow/.local/lib/python3.7/site-packages/airflow/example_dags/example_xcomargs.py
[2023-10-10T18:02:38.722+0000] {processor.py:826} INFO - Processing file /home/airflow/.local/lib/python3.7/site-packages/airflow/example_dags/example_xcomargs.py for tasks to queue
[2023-10-10T18:02:38.725+0000] {logging_mixin.py:150} INFO - [2023-10-10T18:02:38.724+0000] {dagbag.py:541} INFO - Filling up the DagBag from /home/airflow/.local/lib/python3.7/site-packages/airflow/example_dags/example_xcomargs.py
[2023-10-10T18:02:38.743+0000] {processor.py:836} INFO - DAG(s) dict_keys(['example_xcom_args', 'example_xcom_args_with_operators']) retrieved from /home/airflow/.local/lib/python3.7/site-packages/airflow/example_dags/example_xcomargs.py
[2023-10-10T18:02:38.796+0000] {logging_mixin.py:150} INFO - [2023-10-10T18:02:38.796+0000] {dag.py:2742} INFO - Sync 2 DAGs
[2023-10-10T18:02:38.845+0000] {logging_mixin.py:150} INFO - [2023-10-10T18:02:38.845+0000] {dag.py:3508} INFO - Setting next_dagrun for example_xcom_args to None, run_after=None
[2023-10-10T18:02:38.852+0000] {logging_mixin.py:150} INFO - [2023-10-10T18:02:38.852+0000] {dag.py:3508} INFO - Setting next_dagrun for example_xcom_args_with_operators to None, run_after=None
[2023-10-10T18:02:38.885+0000] {processor.py:179} INFO - Processing /home/airflow/.local/lib/python3.7/site-packages/airflow/example_dags/example_xcomargs.py took 0.172 seconds
[2023-10-10T18:03:09.130+0000] {processor.py:157} INFO - Started process (PID=4223) to work on /home/airflow/.local/lib/python3.7/site-packages/airflow/example_dags/example_xcomargs.py
[2023-10-10T18:03:09.133+0000] {processor.py:826} INFO - Processing file /home/airflow/.local/lib/python3.7/site-packages/airflow/example_dags/example_xcomargs.py for tasks to queue
[2023-10-10T18:03:09.136+0000] {logging_mixin.py:150} INFO - [2023-10-10T18:03:09.135+0000] {dagbag.py:541} INFO - Filling up the DagBag from /home/airflow/.local/lib/python3.7/site-packages/airflow/example_dags/example_xcomargs.py
[2023-10-10T18:03:09.156+0000] {processor.py:836} INFO - DAG(s) dict_keys(['example_xcom_args_with_operators', 'example_xcom_args']) retrieved from /home/airflow/.local/lib/python3.7/site-packages/airflow/example_dags/example_xcomargs.py
[2023-10-10T18:03:09.210+0000] {logging_mixin.py:150} INFO - [2023-10-10T18:03:09.210+0000] {dag.py:2742} INFO - Sync 2 DAGs
[2023-10-10T18:03:09.257+0000] {logging_mixin.py:150} INFO - [2023-10-10T18:03:09.257+0000] {dag.py:3508} INFO - Setting next_dagrun for example_xcom_args to None, run_after=None
[2023-10-10T18:03:09.265+0000] {logging_mixin.py:150} INFO - [2023-10-10T18:03:09.264+0000] {dag.py:3508} INFO - Setting next_dagrun for example_xcom_args_with_operators to None, run_after=None
[2023-10-10T18:03:09.298+0000] {processor.py:179} INFO - Processing /home/airflow/.local/lib/python3.7/site-packages/airflow/example_dags/example_xcomargs.py took 0.174 seconds
