[2023-10-10T17:36:39.115+0000] {processor.py:157} INFO - Started process (PID=88) to work on /home/airflow/.local/lib/python3.7/site-packages/airflow/example_dags/example_external_task_marker_dag.py
[2023-10-10T17:36:39.117+0000] {processor.py:826} INFO - Processing file /home/airflow/.local/lib/python3.7/site-packages/airflow/example_dags/example_external_task_marker_dag.py for tasks to queue
[2023-10-10T17:36:39.119+0000] {logging_mixin.py:150} INFO - [2023-10-10T17:36:39.119+0000] {dagbag.py:541} INFO - Filling up the DagBag from /home/airflow/.local/lib/python3.7/site-packages/airflow/example_dags/example_external_task_marker_dag.py
[2023-10-10T17:36:39.130+0000] {processor.py:836} INFO - DAG(s) dict_keys(['example_external_task_marker_child', 'example_external_task_marker_parent']) retrieved from /home/airflow/.local/lib/python3.7/site-packages/airflow/example_dags/example_external_task_marker_dag.py
[2023-10-10T17:36:39.151+0000] {logging_mixin.py:150} INFO - [2023-10-10T17:36:39.151+0000] {dag.py:2742} INFO - Sync 2 DAGs
[2023-10-10T17:36:39.186+0000] {logging_mixin.py:150} INFO - [2023-10-10T17:36:39.186+0000] {dag.py:3508} INFO - Setting next_dagrun for example_external_task_marker_child to None, run_after=None
[2023-10-10T17:36:39.192+0000] {logging_mixin.py:150} INFO - [2023-10-10T17:36:39.191+0000] {dag.py:3508} INFO - Setting next_dagrun for example_external_task_marker_parent to None, run_after=None
[2023-10-10T17:36:39.216+0000] {processor.py:179} INFO - Processing /home/airflow/.local/lib/python3.7/site-packages/airflow/example_dags/example_external_task_marker_dag.py took 0.106 seconds
[2023-10-10T17:37:09.661+0000] {processor.py:157} INFO - Started process (PID=175) to work on /home/airflow/.local/lib/python3.7/site-packages/airflow/example_dags/example_external_task_marker_dag.py
[2023-10-10T17:37:09.663+0000] {processor.py:826} INFO - Processing file /home/airflow/.local/lib/python3.7/site-packages/airflow/example_dags/example_external_task_marker_dag.py for tasks to queue
[2023-10-10T17:37:09.664+0000] {logging_mixin.py:150} INFO - [2023-10-10T17:37:09.664+0000] {dagbag.py:541} INFO - Filling up the DagBag from /home/airflow/.local/lib/python3.7/site-packages/airflow/example_dags/example_external_task_marker_dag.py
[2023-10-10T17:37:09.676+0000] {processor.py:836} INFO - DAG(s) dict_keys(['example_external_task_marker_parent', 'example_external_task_marker_child']) retrieved from /home/airflow/.local/lib/python3.7/site-packages/airflow/example_dags/example_external_task_marker_dag.py
[2023-10-10T17:37:09.716+0000] {logging_mixin.py:150} INFO - [2023-10-10T17:37:09.716+0000] {dag.py:2742} INFO - Sync 2 DAGs
[2023-10-10T17:37:09.755+0000] {logging_mixin.py:150} INFO - [2023-10-10T17:37:09.755+0000] {dag.py:3508} INFO - Setting next_dagrun for example_external_task_marker_child to None, run_after=None
[2023-10-10T17:37:09.761+0000] {logging_mixin.py:150} INFO - [2023-10-10T17:37:09.761+0000] {dag.py:3508} INFO - Setting next_dagrun for example_external_task_marker_parent to None, run_after=None
[2023-10-10T17:37:09.786+0000] {processor.py:179} INFO - Processing /home/airflow/.local/lib/python3.7/site-packages/airflow/example_dags/example_external_task_marker_dag.py took 0.133 seconds
[2023-10-10T17:37:41.153+0000] {processor.py:157} INFO - Started process (PID=264) to work on /home/airflow/.local/lib/python3.7/site-packages/airflow/example_dags/example_external_task_marker_dag.py
[2023-10-10T17:37:41.162+0000] {processor.py:826} INFO - Processing file /home/airflow/.local/lib/python3.7/site-packages/airflow/example_dags/example_external_task_marker_dag.py for tasks to queue
[2023-10-10T17:37:41.167+0000] {logging_mixin.py:150} INFO - [2023-10-10T17:37:41.166+0000] {dagbag.py:541} INFO - Filling up the DagBag from /home/airflow/.local/lib/python3.7/site-packages/airflow/example_dags/example_external_task_marker_dag.py
[2023-10-10T17:37:41.192+0000] {processor.py:836} INFO - DAG(s) dict_keys(['example_external_task_marker_child', 'example_external_task_marker_parent']) retrieved from /home/airflow/.local/lib/python3.7/site-packages/airflow/example_dags/example_external_task_marker_dag.py
[2023-10-10T17:37:41.282+0000] {logging_mixin.py:150} INFO - [2023-10-10T17:37:41.282+0000] {dag.py:2742} INFO - Sync 2 DAGs
[2023-10-10T17:37:41.377+0000] {logging_mixin.py:150} INFO - [2023-10-10T17:37:41.377+0000] {dag.py:3508} INFO - Setting next_dagrun for example_external_task_marker_child to None, run_after=None
[2023-10-10T17:37:41.388+0000] {logging_mixin.py:150} INFO - [2023-10-10T17:37:41.387+0000] {dag.py:3508} INFO - Setting next_dagrun for example_external_task_marker_parent to None, run_after=None
[2023-10-10T17:37:41.440+0000] {processor.py:179} INFO - Processing /home/airflow/.local/lib/python3.7/site-packages/airflow/example_dags/example_external_task_marker_dag.py took 0.300 seconds
[2023-10-10T17:38:12.406+0000] {processor.py:157} INFO - Started process (PID=344) to work on /home/airflow/.local/lib/python3.7/site-packages/airflow/example_dags/example_external_task_marker_dag.py
[2023-10-10T17:38:12.408+0000] {processor.py:826} INFO - Processing file /home/airflow/.local/lib/python3.7/site-packages/airflow/example_dags/example_external_task_marker_dag.py for tasks to queue
[2023-10-10T17:38:12.410+0000] {logging_mixin.py:150} INFO - [2023-10-10T17:38:12.410+0000] {dagbag.py:541} INFO - Filling up the DagBag from /home/airflow/.local/lib/python3.7/site-packages/airflow/example_dags/example_external_task_marker_dag.py
[2023-10-10T17:38:12.422+0000] {processor.py:836} INFO - DAG(s) dict_keys(['example_external_task_marker_parent', 'example_external_task_marker_child']) retrieved from /home/airflow/.local/lib/python3.7/site-packages/airflow/example_dags/example_external_task_marker_dag.py
[2023-10-10T17:38:12.461+0000] {logging_mixin.py:150} INFO - [2023-10-10T17:38:12.461+0000] {dag.py:2742} INFO - Sync 2 DAGs
[2023-10-10T17:38:12.497+0000] {logging_mixin.py:150} INFO - [2023-10-10T17:38:12.496+0000] {dag.py:3508} INFO - Setting next_dagrun for example_external_task_marker_child to None, run_after=None
[2023-10-10T17:38:12.502+0000] {logging_mixin.py:150} INFO - [2023-10-10T17:38:12.502+0000] {dag.py:3508} INFO - Setting next_dagrun for example_external_task_marker_parent to None, run_after=None
[2023-10-10T17:38:12.524+0000] {processor.py:179} INFO - Processing /home/airflow/.local/lib/python3.7/site-packages/airflow/example_dags/example_external_task_marker_dag.py took 0.123 seconds
[2023-10-10T17:38:43.433+0000] {processor.py:157} INFO - Started process (PID=447) to work on /home/airflow/.local/lib/python3.7/site-packages/airflow/example_dags/example_external_task_marker_dag.py
[2023-10-10T17:38:43.435+0000] {processor.py:826} INFO - Processing file /home/airflow/.local/lib/python3.7/site-packages/airflow/example_dags/example_external_task_marker_dag.py for tasks to queue
[2023-10-10T17:38:43.437+0000] {logging_mixin.py:150} INFO - [2023-10-10T17:38:43.436+0000] {dagbag.py:541} INFO - Filling up the DagBag from /home/airflow/.local/lib/python3.7/site-packages/airflow/example_dags/example_external_task_marker_dag.py
[2023-10-10T17:38:43.451+0000] {processor.py:836} INFO - DAG(s) dict_keys(['example_external_task_marker_child', 'example_external_task_marker_parent']) retrieved from /home/airflow/.local/lib/python3.7/site-packages/airflow/example_dags/example_external_task_marker_dag.py
[2023-10-10T17:38:43.494+0000] {logging_mixin.py:150} INFO - [2023-10-10T17:38:43.494+0000] {dag.py:2742} INFO - Sync 2 DAGs
[2023-10-10T17:38:43.530+0000] {logging_mixin.py:150} INFO - [2023-10-10T17:38:43.529+0000] {dag.py:3508} INFO - Setting next_dagrun for example_external_task_marker_child to None, run_after=None
[2023-10-10T17:38:43.535+0000] {logging_mixin.py:150} INFO - [2023-10-10T17:38:43.534+0000] {dag.py:3508} INFO - Setting next_dagrun for example_external_task_marker_parent to None, run_after=None
[2023-10-10T17:38:43.559+0000] {processor.py:179} INFO - Processing /home/airflow/.local/lib/python3.7/site-packages/airflow/example_dags/example_external_task_marker_dag.py took 0.132 seconds
[2023-10-10T17:39:14.497+0000] {processor.py:157} INFO - Started process (PID=527) to work on /home/airflow/.local/lib/python3.7/site-packages/airflow/example_dags/example_external_task_marker_dag.py
[2023-10-10T17:39:14.500+0000] {processor.py:826} INFO - Processing file /home/airflow/.local/lib/python3.7/site-packages/airflow/example_dags/example_external_task_marker_dag.py for tasks to queue
[2023-10-10T17:39:14.501+0000] {logging_mixin.py:150} INFO - [2023-10-10T17:39:14.501+0000] {dagbag.py:541} INFO - Filling up the DagBag from /home/airflow/.local/lib/python3.7/site-packages/airflow/example_dags/example_external_task_marker_dag.py
[2023-10-10T17:39:14.512+0000] {processor.py:836} INFO - DAG(s) dict_keys(['example_external_task_marker_parent', 'example_external_task_marker_child']) retrieved from /home/airflow/.local/lib/python3.7/site-packages/airflow/example_dags/example_external_task_marker_dag.py
[2023-10-10T17:39:14.550+0000] {logging_mixin.py:150} INFO - [2023-10-10T17:39:14.549+0000] {dag.py:2742} INFO - Sync 2 DAGs
[2023-10-10T17:39:14.585+0000] {logging_mixin.py:150} INFO - [2023-10-10T17:39:14.585+0000] {dag.py:3508} INFO - Setting next_dagrun for example_external_task_marker_child to None, run_after=None
[2023-10-10T17:39:14.590+0000] {logging_mixin.py:150} INFO - [2023-10-10T17:39:14.590+0000] {dag.py:3508} INFO - Setting next_dagrun for example_external_task_marker_parent to None, run_after=None
[2023-10-10T17:39:14.613+0000] {processor.py:179} INFO - Processing /home/airflow/.local/lib/python3.7/site-packages/airflow/example_dags/example_external_task_marker_dag.py took 0.121 seconds
[2023-10-10T17:39:45.082+0000] {processor.py:157} INFO - Started process (PID=616) to work on /home/airflow/.local/lib/python3.7/site-packages/airflow/example_dags/example_external_task_marker_dag.py
[2023-10-10T17:39:45.084+0000] {processor.py:826} INFO - Processing file /home/airflow/.local/lib/python3.7/site-packages/airflow/example_dags/example_external_task_marker_dag.py for tasks to queue
[2023-10-10T17:39:45.086+0000] {logging_mixin.py:150} INFO - [2023-10-10T17:39:45.086+0000] {dagbag.py:541} INFO - Filling up the DagBag from /home/airflow/.local/lib/python3.7/site-packages/airflow/example_dags/example_external_task_marker_dag.py
[2023-10-10T17:39:45.096+0000] {processor.py:836} INFO - DAG(s) dict_keys(['example_external_task_marker_child', 'example_external_task_marker_parent']) retrieved from /home/airflow/.local/lib/python3.7/site-packages/airflow/example_dags/example_external_task_marker_dag.py
[2023-10-10T17:39:45.132+0000] {logging_mixin.py:150} INFO - [2023-10-10T17:39:45.132+0000] {dag.py:2742} INFO - Sync 2 DAGs
[2023-10-10T17:39:45.163+0000] {logging_mixin.py:150} INFO - [2023-10-10T17:39:45.163+0000] {dag.py:3508} INFO - Setting next_dagrun for example_external_task_marker_child to None, run_after=None
[2023-10-10T17:39:45.168+0000] {logging_mixin.py:150} INFO - [2023-10-10T17:39:45.167+0000] {dag.py:3508} INFO - Setting next_dagrun for example_external_task_marker_parent to None, run_after=None
[2023-10-10T17:39:45.188+0000] {processor.py:179} INFO - Processing /home/airflow/.local/lib/python3.7/site-packages/airflow/example_dags/example_external_task_marker_dag.py took 0.110 seconds
[2023-10-10T17:40:16.527+0000] {processor.py:157} INFO - Started process (PID=696) to work on /home/airflow/.local/lib/python3.7/site-packages/airflow/example_dags/example_external_task_marker_dag.py
[2023-10-10T17:40:16.530+0000] {processor.py:826} INFO - Processing file /home/airflow/.local/lib/python3.7/site-packages/airflow/example_dags/example_external_task_marker_dag.py for tasks to queue
[2023-10-10T17:40:16.532+0000] {logging_mixin.py:150} INFO - [2023-10-10T17:40:16.531+0000] {dagbag.py:541} INFO - Filling up the DagBag from /home/airflow/.local/lib/python3.7/site-packages/airflow/example_dags/example_external_task_marker_dag.py
[2023-10-10T17:40:16.542+0000] {processor.py:836} INFO - DAG(s) dict_keys(['example_external_task_marker_child', 'example_external_task_marker_parent']) retrieved from /home/airflow/.local/lib/python3.7/site-packages/airflow/example_dags/example_external_task_marker_dag.py
[2023-10-10T17:40:16.580+0000] {logging_mixin.py:150} INFO - [2023-10-10T17:40:16.580+0000] {dag.py:2742} INFO - Sync 2 DAGs
[2023-10-10T17:40:16.617+0000] {logging_mixin.py:150} INFO - [2023-10-10T17:40:16.617+0000] {dag.py:3508} INFO - Setting next_dagrun for example_external_task_marker_child to None, run_after=None
[2023-10-10T17:40:16.623+0000] {logging_mixin.py:150} INFO - [2023-10-10T17:40:16.623+0000] {dag.py:3508} INFO - Setting next_dagrun for example_external_task_marker_parent to None, run_after=None
[2023-10-10T17:40:16.649+0000] {processor.py:179} INFO - Processing /home/airflow/.local/lib/python3.7/site-packages/airflow/example_dags/example_external_task_marker_dag.py took 0.127 seconds
[2023-10-10T17:40:47.984+0000] {processor.py:157} INFO - Started process (PID=785) to work on /home/airflow/.local/lib/python3.7/site-packages/airflow/example_dags/example_external_task_marker_dag.py
[2023-10-10T17:40:47.987+0000] {processor.py:826} INFO - Processing file /home/airflow/.local/lib/python3.7/site-packages/airflow/example_dags/example_external_task_marker_dag.py for tasks to queue
[2023-10-10T17:40:47.988+0000] {logging_mixin.py:150} INFO - [2023-10-10T17:40:47.988+0000] {dagbag.py:541} INFO - Filling up the DagBag from /home/airflow/.local/lib/python3.7/site-packages/airflow/example_dags/example_external_task_marker_dag.py
[2023-10-10T17:40:47.998+0000] {processor.py:836} INFO - DAG(s) dict_keys(['example_external_task_marker_child', 'example_external_task_marker_parent']) retrieved from /home/airflow/.local/lib/python3.7/site-packages/airflow/example_dags/example_external_task_marker_dag.py
[2023-10-10T17:40:48.034+0000] {logging_mixin.py:150} INFO - [2023-10-10T17:40:48.034+0000] {dag.py:2742} INFO - Sync 2 DAGs
[2023-10-10T17:40:48.068+0000] {logging_mixin.py:150} INFO - [2023-10-10T17:40:48.068+0000] {dag.py:3508} INFO - Setting next_dagrun for example_external_task_marker_child to None, run_after=None
[2023-10-10T17:40:48.075+0000] {logging_mixin.py:150} INFO - [2023-10-10T17:40:48.074+0000] {dag.py:3508} INFO - Setting next_dagrun for example_external_task_marker_parent to None, run_after=None
[2023-10-10T17:40:48.109+0000] {processor.py:179} INFO - Processing /home/airflow/.local/lib/python3.7/site-packages/airflow/example_dags/example_external_task_marker_dag.py took 0.130 seconds
[2023-10-10T17:41:19.304+0000] {processor.py:157} INFO - Started process (PID=865) to work on /home/airflow/.local/lib/python3.7/site-packages/airflow/example_dags/example_external_task_marker_dag.py
[2023-10-10T17:41:19.306+0000] {processor.py:826} INFO - Processing file /home/airflow/.local/lib/python3.7/site-packages/airflow/example_dags/example_external_task_marker_dag.py for tasks to queue
[2023-10-10T17:41:19.307+0000] {logging_mixin.py:150} INFO - [2023-10-10T17:41:19.307+0000] {dagbag.py:541} INFO - Filling up the DagBag from /home/airflow/.local/lib/python3.7/site-packages/airflow/example_dags/example_external_task_marker_dag.py
[2023-10-10T17:41:19.317+0000] {processor.py:836} INFO - DAG(s) dict_keys(['example_external_task_marker_parent', 'example_external_task_marker_child']) retrieved from /home/airflow/.local/lib/python3.7/site-packages/airflow/example_dags/example_external_task_marker_dag.py
[2023-10-10T17:41:19.356+0000] {logging_mixin.py:150} INFO - [2023-10-10T17:41:19.356+0000] {dag.py:2742} INFO - Sync 2 DAGs
[2023-10-10T17:41:19.390+0000] {logging_mixin.py:150} INFO - [2023-10-10T17:41:19.390+0000] {dag.py:3508} INFO - Setting next_dagrun for example_external_task_marker_child to None, run_after=None
[2023-10-10T17:41:19.396+0000] {logging_mixin.py:150} INFO - [2023-10-10T17:41:19.396+0000] {dag.py:3508} INFO - Setting next_dagrun for example_external_task_marker_parent to None, run_after=None
[2023-10-10T17:41:19.417+0000] {processor.py:179} INFO - Processing /home/airflow/.local/lib/python3.7/site-packages/airflow/example_dags/example_external_task_marker_dag.py took 0.118 seconds
[2023-10-10T17:41:50.278+0000] {processor.py:157} INFO - Started process (PID=955) to work on /home/airflow/.local/lib/python3.7/site-packages/airflow/example_dags/example_external_task_marker_dag.py
[2023-10-10T17:41:50.281+0000] {processor.py:826} INFO - Processing file /home/airflow/.local/lib/python3.7/site-packages/airflow/example_dags/example_external_task_marker_dag.py for tasks to queue
[2023-10-10T17:41:50.282+0000] {logging_mixin.py:150} INFO - [2023-10-10T17:41:50.282+0000] {dagbag.py:541} INFO - Filling up the DagBag from /home/airflow/.local/lib/python3.7/site-packages/airflow/example_dags/example_external_task_marker_dag.py
[2023-10-10T17:41:50.294+0000] {processor.py:836} INFO - DAG(s) dict_keys(['example_external_task_marker_child', 'example_external_task_marker_parent']) retrieved from /home/airflow/.local/lib/python3.7/site-packages/airflow/example_dags/example_external_task_marker_dag.py
[2023-10-10T17:41:50.335+0000] {logging_mixin.py:150} INFO - [2023-10-10T17:41:50.335+0000] {dag.py:2742} INFO - Sync 2 DAGs
[2023-10-10T17:41:50.382+0000] {logging_mixin.py:150} INFO - [2023-10-10T17:41:50.381+0000] {dag.py:3508} INFO - Setting next_dagrun for example_external_task_marker_child to None, run_after=None
[2023-10-10T17:41:50.389+0000] {logging_mixin.py:150} INFO - [2023-10-10T17:41:50.388+0000] {dag.py:3508} INFO - Setting next_dagrun for example_external_task_marker_parent to None, run_after=None
[2023-10-10T17:41:50.419+0000] {processor.py:179} INFO - Processing /home/airflow/.local/lib/python3.7/site-packages/airflow/example_dags/example_external_task_marker_dag.py took 0.147 seconds
[2023-10-10T17:42:21.692+0000] {processor.py:157} INFO - Started process (PID=1036) to work on /home/airflow/.local/lib/python3.7/site-packages/airflow/example_dags/example_external_task_marker_dag.py
[2023-10-10T17:42:21.695+0000] {processor.py:826} INFO - Processing file /home/airflow/.local/lib/python3.7/site-packages/airflow/example_dags/example_external_task_marker_dag.py for tasks to queue
[2023-10-10T17:42:21.701+0000] {logging_mixin.py:150} INFO - [2023-10-10T17:42:21.699+0000] {dagbag.py:541} INFO - Filling up the DagBag from /home/airflow/.local/lib/python3.7/site-packages/airflow/example_dags/example_external_task_marker_dag.py
[2023-10-10T17:42:21.736+0000] {processor.py:836} INFO - DAG(s) dict_keys(['example_external_task_marker_child', 'example_external_task_marker_parent']) retrieved from /home/airflow/.local/lib/python3.7/site-packages/airflow/example_dags/example_external_task_marker_dag.py
[2023-10-10T17:42:21.811+0000] {logging_mixin.py:150} INFO - [2023-10-10T17:42:21.811+0000] {dag.py:2742} INFO - Sync 2 DAGs
[2023-10-10T17:42:21.874+0000] {logging_mixin.py:150} INFO - [2023-10-10T17:42:21.874+0000] {dag.py:3508} INFO - Setting next_dagrun for example_external_task_marker_child to None, run_after=None
[2023-10-10T17:42:21.882+0000] {logging_mixin.py:150} INFO - [2023-10-10T17:42:21.881+0000] {dag.py:3508} INFO - Setting next_dagrun for example_external_task_marker_parent to None, run_after=None
[2023-10-10T17:42:21.910+0000] {processor.py:179} INFO - Processing /home/airflow/.local/lib/python3.7/site-packages/airflow/example_dags/example_external_task_marker_dag.py took 0.226 seconds
[2023-10-10T17:42:52.327+0000] {processor.py:157} INFO - Started process (PID=1126) to work on /home/airflow/.local/lib/python3.7/site-packages/airflow/example_dags/example_external_task_marker_dag.py
[2023-10-10T17:42:52.329+0000] {processor.py:826} INFO - Processing file /home/airflow/.local/lib/python3.7/site-packages/airflow/example_dags/example_external_task_marker_dag.py for tasks to queue
[2023-10-10T17:42:52.331+0000] {logging_mixin.py:150} INFO - [2023-10-10T17:42:52.330+0000] {dagbag.py:541} INFO - Filling up the DagBag from /home/airflow/.local/lib/python3.7/site-packages/airflow/example_dags/example_external_task_marker_dag.py
[2023-10-10T17:42:52.344+0000] {processor.py:836} INFO - DAG(s) dict_keys(['example_external_task_marker_parent', 'example_external_task_marker_child']) retrieved from /home/airflow/.local/lib/python3.7/site-packages/airflow/example_dags/example_external_task_marker_dag.py
[2023-10-10T17:42:52.400+0000] {logging_mixin.py:150} INFO - [2023-10-10T17:42:52.400+0000] {dag.py:2742} INFO - Sync 2 DAGs
[2023-10-10T17:42:52.443+0000] {logging_mixin.py:150} INFO - [2023-10-10T17:42:52.443+0000] {dag.py:3508} INFO - Setting next_dagrun for example_external_task_marker_child to None, run_after=None
[2023-10-10T17:42:52.449+0000] {logging_mixin.py:150} INFO - [2023-10-10T17:42:52.449+0000] {dag.py:3508} INFO - Setting next_dagrun for example_external_task_marker_parent to None, run_after=None
[2023-10-10T17:42:52.476+0000] {processor.py:179} INFO - Processing /home/airflow/.local/lib/python3.7/site-packages/airflow/example_dags/example_external_task_marker_dag.py took 0.155 seconds
[2023-10-10T17:43:23.261+0000] {processor.py:157} INFO - Started process (PID=1206) to work on /home/airflow/.local/lib/python3.7/site-packages/airflow/example_dags/example_external_task_marker_dag.py
[2023-10-10T17:43:23.264+0000] {processor.py:826} INFO - Processing file /home/airflow/.local/lib/python3.7/site-packages/airflow/example_dags/example_external_task_marker_dag.py for tasks to queue
[2023-10-10T17:43:23.266+0000] {logging_mixin.py:150} INFO - [2023-10-10T17:43:23.265+0000] {dagbag.py:541} INFO - Filling up the DagBag from /home/airflow/.local/lib/python3.7/site-packages/airflow/example_dags/example_external_task_marker_dag.py
[2023-10-10T17:43:23.278+0000] {processor.py:836} INFO - DAG(s) dict_keys(['example_external_task_marker_parent', 'example_external_task_marker_child']) retrieved from /home/airflow/.local/lib/python3.7/site-packages/airflow/example_dags/example_external_task_marker_dag.py
[2023-10-10T17:43:23.348+0000] {logging_mixin.py:150} INFO - [2023-10-10T17:43:23.347+0000] {dag.py:2742} INFO - Sync 2 DAGs
[2023-10-10T17:43:23.403+0000] {logging_mixin.py:150} INFO - [2023-10-10T17:43:23.403+0000] {dag.py:3508} INFO - Setting next_dagrun for example_external_task_marker_child to None, run_after=None
[2023-10-10T17:43:23.412+0000] {logging_mixin.py:150} INFO - [2023-10-10T17:43:23.412+0000] {dag.py:3508} INFO - Setting next_dagrun for example_external_task_marker_parent to None, run_after=None
[2023-10-10T17:43:23.442+0000] {processor.py:179} INFO - Processing /home/airflow/.local/lib/python3.7/site-packages/airflow/example_dags/example_external_task_marker_dag.py took 0.187 seconds
[2023-10-10T17:43:54.267+0000] {processor.py:157} INFO - Started process (PID=1295) to work on /home/airflow/.local/lib/python3.7/site-packages/airflow/example_dags/example_external_task_marker_dag.py
[2023-10-10T17:43:54.269+0000] {processor.py:826} INFO - Processing file /home/airflow/.local/lib/python3.7/site-packages/airflow/example_dags/example_external_task_marker_dag.py for tasks to queue
[2023-10-10T17:43:54.270+0000] {logging_mixin.py:150} INFO - [2023-10-10T17:43:54.270+0000] {dagbag.py:541} INFO - Filling up the DagBag from /home/airflow/.local/lib/python3.7/site-packages/airflow/example_dags/example_external_task_marker_dag.py
[2023-10-10T17:43:54.280+0000] {processor.py:836} INFO - DAG(s) dict_keys(['example_external_task_marker_parent', 'example_external_task_marker_child']) retrieved from /home/airflow/.local/lib/python3.7/site-packages/airflow/example_dags/example_external_task_marker_dag.py
[2023-10-10T17:43:54.319+0000] {logging_mixin.py:150} INFO - [2023-10-10T17:43:54.318+0000] {dag.py:2742} INFO - Sync 2 DAGs
[2023-10-10T17:43:54.356+0000] {logging_mixin.py:150} INFO - [2023-10-10T17:43:54.356+0000] {dag.py:3508} INFO - Setting next_dagrun for example_external_task_marker_child to None, run_after=None
[2023-10-10T17:43:54.362+0000] {logging_mixin.py:150} INFO - [2023-10-10T17:43:54.362+0000] {dag.py:3508} INFO - Setting next_dagrun for example_external_task_marker_parent to None, run_after=None
[2023-10-10T17:43:54.387+0000] {processor.py:179} INFO - Processing /home/airflow/.local/lib/python3.7/site-packages/airflow/example_dags/example_external_task_marker_dag.py took 0.125 seconds
[2023-10-10T17:44:25.056+0000] {processor.py:157} INFO - Started process (PID=1375) to work on /home/airflow/.local/lib/python3.7/site-packages/airflow/example_dags/example_external_task_marker_dag.py
[2023-10-10T17:44:25.060+0000] {processor.py:826} INFO - Processing file /home/airflow/.local/lib/python3.7/site-packages/airflow/example_dags/example_external_task_marker_dag.py for tasks to queue
[2023-10-10T17:44:25.064+0000] {logging_mixin.py:150} INFO - [2023-10-10T17:44:25.063+0000] {dagbag.py:541} INFO - Filling up the DagBag from /home/airflow/.local/lib/python3.7/site-packages/airflow/example_dags/example_external_task_marker_dag.py
[2023-10-10T17:44:25.078+0000] {processor.py:836} INFO - DAG(s) dict_keys(['example_external_task_marker_parent', 'example_external_task_marker_child']) retrieved from /home/airflow/.local/lib/python3.7/site-packages/airflow/example_dags/example_external_task_marker_dag.py
[2023-10-10T17:44:25.131+0000] {logging_mixin.py:150} INFO - [2023-10-10T17:44:25.131+0000] {dag.py:2742} INFO - Sync 2 DAGs
[2023-10-10T17:44:25.190+0000] {logging_mixin.py:150} INFO - [2023-10-10T17:44:25.190+0000] {dag.py:3508} INFO - Setting next_dagrun for example_external_task_marker_child to None, run_after=None
[2023-10-10T17:44:25.197+0000] {logging_mixin.py:150} INFO - [2023-10-10T17:44:25.196+0000] {dag.py:3508} INFO - Setting next_dagrun for example_external_task_marker_parent to None, run_after=None
[2023-10-10T17:44:25.225+0000] {processor.py:179} INFO - Processing /home/airflow/.local/lib/python3.7/site-packages/airflow/example_dags/example_external_task_marker_dag.py took 0.177 seconds
[2023-10-10T17:44:55.931+0000] {processor.py:157} INFO - Started process (PID=1464) to work on /home/airflow/.local/lib/python3.7/site-packages/airflow/example_dags/example_external_task_marker_dag.py
[2023-10-10T17:44:55.933+0000] {processor.py:826} INFO - Processing file /home/airflow/.local/lib/python3.7/site-packages/airflow/example_dags/example_external_task_marker_dag.py for tasks to queue
[2023-10-10T17:44:55.936+0000] {logging_mixin.py:150} INFO - [2023-10-10T17:44:55.935+0000] {dagbag.py:541} INFO - Filling up the DagBag from /home/airflow/.local/lib/python3.7/site-packages/airflow/example_dags/example_external_task_marker_dag.py
[2023-10-10T17:44:55.949+0000] {processor.py:836} INFO - DAG(s) dict_keys(['example_external_task_marker_parent', 'example_external_task_marker_child']) retrieved from /home/airflow/.local/lib/python3.7/site-packages/airflow/example_dags/example_external_task_marker_dag.py
[2023-10-10T17:44:56.001+0000] {logging_mixin.py:150} INFO - [2023-10-10T17:44:56.000+0000] {dag.py:2742} INFO - Sync 2 DAGs
[2023-10-10T17:44:56.057+0000] {logging_mixin.py:150} INFO - [2023-10-10T17:44:56.057+0000] {dag.py:3508} INFO - Setting next_dagrun for example_external_task_marker_child to None, run_after=None
[2023-10-10T17:44:56.065+0000] {logging_mixin.py:150} INFO - [2023-10-10T17:44:56.065+0000] {dag.py:3508} INFO - Setting next_dagrun for example_external_task_marker_parent to None, run_after=None
[2023-10-10T17:44:56.120+0000] {processor.py:179} INFO - Processing /home/airflow/.local/lib/python3.7/site-packages/airflow/example_dags/example_external_task_marker_dag.py took 0.195 seconds
[2023-10-10T17:45:27.329+0000] {processor.py:157} INFO - Started process (PID=1544) to work on /home/airflow/.local/lib/python3.7/site-packages/airflow/example_dags/example_external_task_marker_dag.py
[2023-10-10T17:45:27.332+0000] {processor.py:826} INFO - Processing file /home/airflow/.local/lib/python3.7/site-packages/airflow/example_dags/example_external_task_marker_dag.py for tasks to queue
[2023-10-10T17:45:27.333+0000] {logging_mixin.py:150} INFO - [2023-10-10T17:45:27.333+0000] {dagbag.py:541} INFO - Filling up the DagBag from /home/airflow/.local/lib/python3.7/site-packages/airflow/example_dags/example_external_task_marker_dag.py
[2023-10-10T17:45:27.343+0000] {processor.py:836} INFO - DAG(s) dict_keys(['example_external_task_marker_child', 'example_external_task_marker_parent']) retrieved from /home/airflow/.local/lib/python3.7/site-packages/airflow/example_dags/example_external_task_marker_dag.py
[2023-10-10T17:45:27.377+0000] {logging_mixin.py:150} INFO - [2023-10-10T17:45:27.377+0000] {dag.py:2742} INFO - Sync 2 DAGs
[2023-10-10T17:45:27.413+0000] {logging_mixin.py:150} INFO - [2023-10-10T17:45:27.413+0000] {dag.py:3508} INFO - Setting next_dagrun for example_external_task_marker_child to None, run_after=None
[2023-10-10T17:45:27.418+0000] {logging_mixin.py:150} INFO - [2023-10-10T17:45:27.418+0000] {dag.py:3508} INFO - Setting next_dagrun for example_external_task_marker_parent to None, run_after=None
[2023-10-10T17:45:27.438+0000] {processor.py:179} INFO - Processing /home/airflow/.local/lib/python3.7/site-packages/airflow/example_dags/example_external_task_marker_dag.py took 0.114 seconds
[2023-10-10T17:45:58.575+0000] {processor.py:157} INFO - Started process (PID=1633) to work on /home/airflow/.local/lib/python3.7/site-packages/airflow/example_dags/example_external_task_marker_dag.py
[2023-10-10T17:45:58.577+0000] {processor.py:826} INFO - Processing file /home/airflow/.local/lib/python3.7/site-packages/airflow/example_dags/example_external_task_marker_dag.py for tasks to queue
[2023-10-10T17:45:58.579+0000] {logging_mixin.py:150} INFO - [2023-10-10T17:45:58.579+0000] {dagbag.py:541} INFO - Filling up the DagBag from /home/airflow/.local/lib/python3.7/site-packages/airflow/example_dags/example_external_task_marker_dag.py
[2023-10-10T17:45:58.591+0000] {processor.py:836} INFO - DAG(s) dict_keys(['example_external_task_marker_parent', 'example_external_task_marker_child']) retrieved from /home/airflow/.local/lib/python3.7/site-packages/airflow/example_dags/example_external_task_marker_dag.py
[2023-10-10T17:45:58.631+0000] {logging_mixin.py:150} INFO - [2023-10-10T17:45:58.631+0000] {dag.py:2742} INFO - Sync 2 DAGs
[2023-10-10T17:45:58.667+0000] {logging_mixin.py:150} INFO - [2023-10-10T17:45:58.666+0000] {dag.py:3508} INFO - Setting next_dagrun for example_external_task_marker_child to None, run_after=None
[2023-10-10T17:45:58.672+0000] {logging_mixin.py:150} INFO - [2023-10-10T17:45:58.672+0000] {dag.py:3508} INFO - Setting next_dagrun for example_external_task_marker_parent to None, run_after=None
[2023-10-10T17:45:58.699+0000] {processor.py:179} INFO - Processing /home/airflow/.local/lib/python3.7/site-packages/airflow/example_dags/example_external_task_marker_dag.py took 0.131 seconds
[2023-10-10T17:46:29.983+0000] {processor.py:157} INFO - Started process (PID=1713) to work on /home/airflow/.local/lib/python3.7/site-packages/airflow/example_dags/example_external_task_marker_dag.py
[2023-10-10T17:46:29.986+0000] {processor.py:826} INFO - Processing file /home/airflow/.local/lib/python3.7/site-packages/airflow/example_dags/example_external_task_marker_dag.py for tasks to queue
[2023-10-10T17:46:29.988+0000] {logging_mixin.py:150} INFO - [2023-10-10T17:46:29.987+0000] {dagbag.py:541} INFO - Filling up the DagBag from /home/airflow/.local/lib/python3.7/site-packages/airflow/example_dags/example_external_task_marker_dag.py
[2023-10-10T17:46:29.999+0000] {processor.py:836} INFO - DAG(s) dict_keys(['example_external_task_marker_parent', 'example_external_task_marker_child']) retrieved from /home/airflow/.local/lib/python3.7/site-packages/airflow/example_dags/example_external_task_marker_dag.py
[2023-10-10T17:46:30.042+0000] {logging_mixin.py:150} INFO - [2023-10-10T17:46:30.042+0000] {dag.py:2742} INFO - Sync 2 DAGs
[2023-10-10T17:46:30.081+0000] {logging_mixin.py:150} INFO - [2023-10-10T17:46:30.081+0000] {dag.py:3508} INFO - Setting next_dagrun for example_external_task_marker_child to None, run_after=None
[2023-10-10T17:46:30.088+0000] {logging_mixin.py:150} INFO - [2023-10-10T17:46:30.087+0000] {dag.py:3508} INFO - Setting next_dagrun for example_external_task_marker_parent to None, run_after=None
[2023-10-10T17:46:30.114+0000] {processor.py:179} INFO - Processing /home/airflow/.local/lib/python3.7/site-packages/airflow/example_dags/example_external_task_marker_dag.py took 0.136 seconds
[2023-10-10T17:47:01.285+0000] {processor.py:157} INFO - Started process (PID=1802) to work on /home/airflow/.local/lib/python3.7/site-packages/airflow/example_dags/example_external_task_marker_dag.py
[2023-10-10T17:47:01.288+0000] {processor.py:826} INFO - Processing file /home/airflow/.local/lib/python3.7/site-packages/airflow/example_dags/example_external_task_marker_dag.py for tasks to queue
[2023-10-10T17:47:01.291+0000] {logging_mixin.py:150} INFO - [2023-10-10T17:47:01.291+0000] {dagbag.py:541} INFO - Filling up the DagBag from /home/airflow/.local/lib/python3.7/site-packages/airflow/example_dags/example_external_task_marker_dag.py
[2023-10-10T17:47:01.304+0000] {processor.py:836} INFO - DAG(s) dict_keys(['example_external_task_marker_child', 'example_external_task_marker_parent']) retrieved from /home/airflow/.local/lib/python3.7/site-packages/airflow/example_dags/example_external_task_marker_dag.py
[2023-10-10T17:47:01.374+0000] {logging_mixin.py:150} INFO - [2023-10-10T17:47:01.374+0000] {dag.py:2742} INFO - Sync 2 DAGs
[2023-10-10T17:47:01.416+0000] {logging_mixin.py:150} INFO - [2023-10-10T17:47:01.415+0000] {dag.py:3508} INFO - Setting next_dagrun for example_external_task_marker_child to None, run_after=None
[2023-10-10T17:47:01.422+0000] {logging_mixin.py:150} INFO - [2023-10-10T17:47:01.421+0000] {dag.py:3508} INFO - Setting next_dagrun for example_external_task_marker_parent to None, run_after=None
[2023-10-10T17:47:01.448+0000] {processor.py:179} INFO - Processing /home/airflow/.local/lib/python3.7/site-packages/airflow/example_dags/example_external_task_marker_dag.py took 0.169 seconds
[2023-10-10T17:47:32.480+0000] {processor.py:157} INFO - Started process (PID=1882) to work on /home/airflow/.local/lib/python3.7/site-packages/airflow/example_dags/example_external_task_marker_dag.py
[2023-10-10T17:47:32.483+0000] {processor.py:826} INFO - Processing file /home/airflow/.local/lib/python3.7/site-packages/airflow/example_dags/example_external_task_marker_dag.py for tasks to queue
[2023-10-10T17:47:32.485+0000] {logging_mixin.py:150} INFO - [2023-10-10T17:47:32.484+0000] {dagbag.py:541} INFO - Filling up the DagBag from /home/airflow/.local/lib/python3.7/site-packages/airflow/example_dags/example_external_task_marker_dag.py
[2023-10-10T17:47:32.496+0000] {processor.py:836} INFO - DAG(s) dict_keys(['example_external_task_marker_child', 'example_external_task_marker_parent']) retrieved from /home/airflow/.local/lib/python3.7/site-packages/airflow/example_dags/example_external_task_marker_dag.py
[2023-10-10T17:47:32.542+0000] {logging_mixin.py:150} INFO - [2023-10-10T17:47:32.541+0000] {dag.py:2742} INFO - Sync 2 DAGs
[2023-10-10T17:47:32.581+0000] {logging_mixin.py:150} INFO - [2023-10-10T17:47:32.581+0000] {dag.py:3508} INFO - Setting next_dagrun for example_external_task_marker_child to None, run_after=None
[2023-10-10T17:47:32.587+0000] {logging_mixin.py:150} INFO - [2023-10-10T17:47:32.587+0000] {dag.py:3508} INFO - Setting next_dagrun for example_external_task_marker_parent to None, run_after=None
[2023-10-10T17:47:32.613+0000] {processor.py:179} INFO - Processing /home/airflow/.local/lib/python3.7/site-packages/airflow/example_dags/example_external_task_marker_dag.py took 0.138 seconds
[2023-10-10T17:48:04.125+0000] {processor.py:157} INFO - Started process (PID=1971) to work on /home/airflow/.local/lib/python3.7/site-packages/airflow/example_dags/example_external_task_marker_dag.py
[2023-10-10T17:48:04.127+0000] {processor.py:826} INFO - Processing file /home/airflow/.local/lib/python3.7/site-packages/airflow/example_dags/example_external_task_marker_dag.py for tasks to queue
[2023-10-10T17:48:04.129+0000] {logging_mixin.py:150} INFO - [2023-10-10T17:48:04.128+0000] {dagbag.py:541} INFO - Filling up the DagBag from /home/airflow/.local/lib/python3.7/site-packages/airflow/example_dags/example_external_task_marker_dag.py
[2023-10-10T17:48:04.140+0000] {processor.py:836} INFO - DAG(s) dict_keys(['example_external_task_marker_parent', 'example_external_task_marker_child']) retrieved from /home/airflow/.local/lib/python3.7/site-packages/airflow/example_dags/example_external_task_marker_dag.py
[2023-10-10T17:48:04.187+0000] {logging_mixin.py:150} INFO - [2023-10-10T17:48:04.187+0000] {dag.py:2742} INFO - Sync 2 DAGs
[2023-10-10T17:48:04.229+0000] {logging_mixin.py:150} INFO - [2023-10-10T17:48:04.229+0000] {dag.py:3508} INFO - Setting next_dagrun for example_external_task_marker_child to None, run_after=None
[2023-10-10T17:48:04.235+0000] {logging_mixin.py:150} INFO - [2023-10-10T17:48:04.235+0000] {dag.py:3508} INFO - Setting next_dagrun for example_external_task_marker_parent to None, run_after=None
[2023-10-10T17:48:04.263+0000] {processor.py:179} INFO - Processing /home/airflow/.local/lib/python3.7/site-packages/airflow/example_dags/example_external_task_marker_dag.py took 0.144 seconds
[2023-10-10T17:48:35.553+0000] {processor.py:157} INFO - Started process (PID=2052) to work on /home/airflow/.local/lib/python3.7/site-packages/airflow/example_dags/example_external_task_marker_dag.py
[2023-10-10T17:48:35.555+0000] {processor.py:826} INFO - Processing file /home/airflow/.local/lib/python3.7/site-packages/airflow/example_dags/example_external_task_marker_dag.py for tasks to queue
[2023-10-10T17:48:35.558+0000] {logging_mixin.py:150} INFO - [2023-10-10T17:48:35.557+0000] {dagbag.py:541} INFO - Filling up the DagBag from /home/airflow/.local/lib/python3.7/site-packages/airflow/example_dags/example_external_task_marker_dag.py
[2023-10-10T17:48:35.576+0000] {processor.py:836} INFO - DAG(s) dict_keys(['example_external_task_marker_parent', 'example_external_task_marker_child']) retrieved from /home/airflow/.local/lib/python3.7/site-packages/airflow/example_dags/example_external_task_marker_dag.py
[2023-10-10T17:48:35.634+0000] {logging_mixin.py:150} INFO - [2023-10-10T17:48:35.634+0000] {dag.py:2742} INFO - Sync 2 DAGs
[2023-10-10T17:48:35.683+0000] {logging_mixin.py:150} INFO - [2023-10-10T17:48:35.682+0000] {dag.py:3508} INFO - Setting next_dagrun for example_external_task_marker_child to None, run_after=None
[2023-10-10T17:48:35.691+0000] {logging_mixin.py:150} INFO - [2023-10-10T17:48:35.691+0000] {dag.py:3508} INFO - Setting next_dagrun for example_external_task_marker_parent to None, run_after=None
[2023-10-10T17:48:35.718+0000] {processor.py:179} INFO - Processing /home/airflow/.local/lib/python3.7/site-packages/airflow/example_dags/example_external_task_marker_dag.py took 0.172 seconds
[2023-10-10T17:49:06.549+0000] {processor.py:157} INFO - Started process (PID=2147) to work on /home/airflow/.local/lib/python3.7/site-packages/airflow/example_dags/example_external_task_marker_dag.py
[2023-10-10T17:49:06.551+0000] {processor.py:826} INFO - Processing file /home/airflow/.local/lib/python3.7/site-packages/airflow/example_dags/example_external_task_marker_dag.py for tasks to queue
[2023-10-10T17:49:06.553+0000] {logging_mixin.py:150} INFO - [2023-10-10T17:49:06.552+0000] {dagbag.py:541} INFO - Filling up the DagBag from /home/airflow/.local/lib/python3.7/site-packages/airflow/example_dags/example_external_task_marker_dag.py
[2023-10-10T17:49:06.565+0000] {processor.py:836} INFO - DAG(s) dict_keys(['example_external_task_marker_parent', 'example_external_task_marker_child']) retrieved from /home/airflow/.local/lib/python3.7/site-packages/airflow/example_dags/example_external_task_marker_dag.py
[2023-10-10T17:49:06.609+0000] {logging_mixin.py:150} INFO - [2023-10-10T17:49:06.609+0000] {dag.py:2742} INFO - Sync 2 DAGs
[2023-10-10T17:49:06.650+0000] {logging_mixin.py:150} INFO - [2023-10-10T17:49:06.650+0000] {dag.py:3508} INFO - Setting next_dagrun for example_external_task_marker_child to None, run_after=None
[2023-10-10T17:49:06.656+0000] {logging_mixin.py:150} INFO - [2023-10-10T17:49:06.656+0000] {dag.py:3508} INFO - Setting next_dagrun for example_external_task_marker_parent to None, run_after=None
[2023-10-10T17:49:06.684+0000] {processor.py:179} INFO - Processing /home/airflow/.local/lib/python3.7/site-packages/airflow/example_dags/example_external_task_marker_dag.py took 0.140 seconds
[2023-10-10T17:49:37.856+0000] {processor.py:157} INFO - Started process (PID=2228) to work on /home/airflow/.local/lib/python3.7/site-packages/airflow/example_dags/example_external_task_marker_dag.py
[2023-10-10T17:49:37.859+0000] {processor.py:826} INFO - Processing file /home/airflow/.local/lib/python3.7/site-packages/airflow/example_dags/example_external_task_marker_dag.py for tasks to queue
[2023-10-10T17:49:37.861+0000] {logging_mixin.py:150} INFO - [2023-10-10T17:49:37.860+0000] {dagbag.py:541} INFO - Filling up the DagBag from /home/airflow/.local/lib/python3.7/site-packages/airflow/example_dags/example_external_task_marker_dag.py
[2023-10-10T17:49:37.872+0000] {processor.py:836} INFO - DAG(s) dict_keys(['example_external_task_marker_child', 'example_external_task_marker_parent']) retrieved from /home/airflow/.local/lib/python3.7/site-packages/airflow/example_dags/example_external_task_marker_dag.py
[2023-10-10T17:49:37.921+0000] {logging_mixin.py:150} INFO - [2023-10-10T17:49:37.921+0000] {dag.py:2742} INFO - Sync 2 DAGs
[2023-10-10T17:49:37.973+0000] {logging_mixin.py:150} INFO - [2023-10-10T17:49:37.973+0000] {dag.py:3508} INFO - Setting next_dagrun for example_external_task_marker_child to None, run_after=None
[2023-10-10T17:49:37.979+0000] {logging_mixin.py:150} INFO - [2023-10-10T17:49:37.979+0000] {dag.py:3508} INFO - Setting next_dagrun for example_external_task_marker_parent to None, run_after=None
[2023-10-10T17:49:38.003+0000] {processor.py:179} INFO - Processing /home/airflow/.local/lib/python3.7/site-packages/airflow/example_dags/example_external_task_marker_dag.py took 0.153 seconds
[2023-10-10T17:50:08.485+0000] {processor.py:157} INFO - Started process (PID=2316) to work on /home/airflow/.local/lib/python3.7/site-packages/airflow/example_dags/example_external_task_marker_dag.py
[2023-10-10T17:50:08.487+0000] {processor.py:826} INFO - Processing file /home/airflow/.local/lib/python3.7/site-packages/airflow/example_dags/example_external_task_marker_dag.py for tasks to queue
[2023-10-10T17:50:08.489+0000] {logging_mixin.py:150} INFO - [2023-10-10T17:50:08.489+0000] {dagbag.py:541} INFO - Filling up the DagBag from /home/airflow/.local/lib/python3.7/site-packages/airflow/example_dags/example_external_task_marker_dag.py
[2023-10-10T17:50:08.504+0000] {processor.py:836} INFO - DAG(s) dict_keys(['example_external_task_marker_parent', 'example_external_task_marker_child']) retrieved from /home/airflow/.local/lib/python3.7/site-packages/airflow/example_dags/example_external_task_marker_dag.py
[2023-10-10T17:50:08.554+0000] {logging_mixin.py:150} INFO - [2023-10-10T17:50:08.554+0000] {dag.py:2742} INFO - Sync 2 DAGs
[2023-10-10T17:50:08.593+0000] {logging_mixin.py:150} INFO - [2023-10-10T17:50:08.593+0000] {dag.py:3508} INFO - Setting next_dagrun for example_external_task_marker_child to None, run_after=None
[2023-10-10T17:50:08.599+0000] {logging_mixin.py:150} INFO - [2023-10-10T17:50:08.599+0000] {dag.py:3508} INFO - Setting next_dagrun for example_external_task_marker_parent to None, run_after=None
[2023-10-10T17:50:08.622+0000] {processor.py:179} INFO - Processing /home/airflow/.local/lib/python3.7/site-packages/airflow/example_dags/example_external_task_marker_dag.py took 0.145 seconds
[2023-10-10T17:50:39.088+0000] {processor.py:157} INFO - Started process (PID=2398) to work on /home/airflow/.local/lib/python3.7/site-packages/airflow/example_dags/example_external_task_marker_dag.py
[2023-10-10T17:50:39.090+0000] {processor.py:826} INFO - Processing file /home/airflow/.local/lib/python3.7/site-packages/airflow/example_dags/example_external_task_marker_dag.py for tasks to queue
[2023-10-10T17:50:39.091+0000] {logging_mixin.py:150} INFO - [2023-10-10T17:50:39.091+0000] {dagbag.py:541} INFO - Filling up the DagBag from /home/airflow/.local/lib/python3.7/site-packages/airflow/example_dags/example_external_task_marker_dag.py
[2023-10-10T17:50:39.100+0000] {processor.py:836} INFO - DAG(s) dict_keys(['example_external_task_marker_parent', 'example_external_task_marker_child']) retrieved from /home/airflow/.local/lib/python3.7/site-packages/airflow/example_dags/example_external_task_marker_dag.py
[2023-10-10T17:50:39.139+0000] {logging_mixin.py:150} INFO - [2023-10-10T17:50:39.139+0000] {dag.py:2742} INFO - Sync 2 DAGs
[2023-10-10T17:50:39.172+0000] {logging_mixin.py:150} INFO - [2023-10-10T17:50:39.172+0000] {dag.py:3508} INFO - Setting next_dagrun for example_external_task_marker_child to None, run_after=None
[2023-10-10T17:50:39.177+0000] {logging_mixin.py:150} INFO - [2023-10-10T17:50:39.177+0000] {dag.py:3508} INFO - Setting next_dagrun for example_external_task_marker_parent to None, run_after=None
[2023-10-10T17:50:39.199+0000] {processor.py:179} INFO - Processing /home/airflow/.local/lib/python3.7/site-packages/airflow/example_dags/example_external_task_marker_dag.py took 0.115 seconds
[2023-10-10T17:51:09.768+0000] {processor.py:157} INFO - Started process (PID=2487) to work on /home/airflow/.local/lib/python3.7/site-packages/airflow/example_dags/example_external_task_marker_dag.py
[2023-10-10T17:51:09.770+0000] {processor.py:826} INFO - Processing file /home/airflow/.local/lib/python3.7/site-packages/airflow/example_dags/example_external_task_marker_dag.py for tasks to queue
[2023-10-10T17:51:09.772+0000] {logging_mixin.py:150} INFO - [2023-10-10T17:51:09.771+0000] {dagbag.py:541} INFO - Filling up the DagBag from /home/airflow/.local/lib/python3.7/site-packages/airflow/example_dags/example_external_task_marker_dag.py
[2023-10-10T17:51:09.781+0000] {processor.py:836} INFO - DAG(s) dict_keys(['example_external_task_marker_child', 'example_external_task_marker_parent']) retrieved from /home/airflow/.local/lib/python3.7/site-packages/airflow/example_dags/example_external_task_marker_dag.py
[2023-10-10T17:51:09.814+0000] {logging_mixin.py:150} INFO - [2023-10-10T17:51:09.814+0000] {dag.py:2742} INFO - Sync 2 DAGs
[2023-10-10T17:51:09.846+0000] {logging_mixin.py:150} INFO - [2023-10-10T17:51:09.845+0000] {dag.py:3508} INFO - Setting next_dagrun for example_external_task_marker_child to None, run_after=None
[2023-10-10T17:51:09.850+0000] {logging_mixin.py:150} INFO - [2023-10-10T17:51:09.850+0000] {dag.py:3508} INFO - Setting next_dagrun for example_external_task_marker_parent to None, run_after=None
[2023-10-10T17:51:09.872+0000] {processor.py:179} INFO - Processing /home/airflow/.local/lib/python3.7/site-packages/airflow/example_dags/example_external_task_marker_dag.py took 0.108 seconds
[2023-10-10T17:51:39.954+0000] {processor.py:157} INFO - Started process (PID=2567) to work on /home/airflow/.local/lib/python3.7/site-packages/airflow/example_dags/example_external_task_marker_dag.py
[2023-10-10T17:51:39.958+0000] {processor.py:826} INFO - Processing file /home/airflow/.local/lib/python3.7/site-packages/airflow/example_dags/example_external_task_marker_dag.py for tasks to queue
[2023-10-10T17:51:39.961+0000] {logging_mixin.py:150} INFO - [2023-10-10T17:51:39.960+0000] {dagbag.py:541} INFO - Filling up the DagBag from /home/airflow/.local/lib/python3.7/site-packages/airflow/example_dags/example_external_task_marker_dag.py
[2023-10-10T17:51:39.972+0000] {processor.py:836} INFO - DAG(s) dict_keys(['example_external_task_marker_child', 'example_external_task_marker_parent']) retrieved from /home/airflow/.local/lib/python3.7/site-packages/airflow/example_dags/example_external_task_marker_dag.py
[2023-10-10T17:51:40.007+0000] {logging_mixin.py:150} INFO - [2023-10-10T17:51:40.006+0000] {dag.py:2742} INFO - Sync 2 DAGs
[2023-10-10T17:51:40.040+0000] {logging_mixin.py:150} INFO - [2023-10-10T17:51:40.040+0000] {dag.py:3508} INFO - Setting next_dagrun for example_external_task_marker_child to None, run_after=None
[2023-10-10T17:51:40.046+0000] {logging_mixin.py:150} INFO - [2023-10-10T17:51:40.046+0000] {dag.py:3508} INFO - Setting next_dagrun for example_external_task_marker_parent to None, run_after=None
[2023-10-10T17:51:40.072+0000] {processor.py:179} INFO - Processing /home/airflow/.local/lib/python3.7/site-packages/airflow/example_dags/example_external_task_marker_dag.py took 0.123 seconds
[2023-10-10T17:52:10.187+0000] {processor.py:157} INFO - Started process (PID=2660) to work on /home/airflow/.local/lib/python3.7/site-packages/airflow/example_dags/example_external_task_marker_dag.py
[2023-10-10T17:52:10.190+0000] {processor.py:826} INFO - Processing file /home/airflow/.local/lib/python3.7/site-packages/airflow/example_dags/example_external_task_marker_dag.py for tasks to queue
[2023-10-10T17:52:10.193+0000] {logging_mixin.py:150} INFO - [2023-10-10T17:52:10.193+0000] {dagbag.py:541} INFO - Filling up the DagBag from /home/airflow/.local/lib/python3.7/site-packages/airflow/example_dags/example_external_task_marker_dag.py
[2023-10-10T17:52:10.207+0000] {processor.py:836} INFO - DAG(s) dict_keys(['example_external_task_marker_child', 'example_external_task_marker_parent']) retrieved from /home/airflow/.local/lib/python3.7/site-packages/airflow/example_dags/example_external_task_marker_dag.py
[2023-10-10T17:52:10.261+0000] {logging_mixin.py:150} INFO - [2023-10-10T17:52:10.261+0000] {dag.py:2742} INFO - Sync 2 DAGs
[2023-10-10T17:52:10.300+0000] {logging_mixin.py:150} INFO - [2023-10-10T17:52:10.300+0000] {dag.py:3508} INFO - Setting next_dagrun for example_external_task_marker_child to None, run_after=None
[2023-10-10T17:52:10.305+0000] {logging_mixin.py:150} INFO - [2023-10-10T17:52:10.305+0000] {dag.py:3508} INFO - Setting next_dagrun for example_external_task_marker_parent to None, run_after=None
[2023-10-10T17:52:10.331+0000] {processor.py:179} INFO - Processing /home/airflow/.local/lib/python3.7/site-packages/airflow/example_dags/example_external_task_marker_dag.py took 0.152 seconds
[2023-10-10T17:52:41.313+0000] {processor.py:157} INFO - Started process (PID=2741) to work on /home/airflow/.local/lib/python3.7/site-packages/airflow/example_dags/example_external_task_marker_dag.py
[2023-10-10T17:52:41.321+0000] {processor.py:826} INFO - Processing file /home/airflow/.local/lib/python3.7/site-packages/airflow/example_dags/example_external_task_marker_dag.py for tasks to queue
[2023-10-10T17:52:41.323+0000] {logging_mixin.py:150} INFO - [2023-10-10T17:52:41.322+0000] {dagbag.py:541} INFO - Filling up the DagBag from /home/airflow/.local/lib/python3.7/site-packages/airflow/example_dags/example_external_task_marker_dag.py
[2023-10-10T17:52:41.335+0000] {processor.py:836} INFO - DAG(s) dict_keys(['example_external_task_marker_parent', 'example_external_task_marker_child']) retrieved from /home/airflow/.local/lib/python3.7/site-packages/airflow/example_dags/example_external_task_marker_dag.py
[2023-10-10T17:52:41.377+0000] {logging_mixin.py:150} INFO - [2023-10-10T17:52:41.377+0000] {dag.py:2742} INFO - Sync 2 DAGs
[2023-10-10T17:52:41.417+0000] {logging_mixin.py:150} INFO - [2023-10-10T17:52:41.417+0000] {dag.py:3508} INFO - Setting next_dagrun for example_external_task_marker_child to None, run_after=None
[2023-10-10T17:52:41.423+0000] {logging_mixin.py:150} INFO - [2023-10-10T17:52:41.423+0000] {dag.py:3508} INFO - Setting next_dagrun for example_external_task_marker_parent to None, run_after=None
[2023-10-10T17:52:41.452+0000] {processor.py:179} INFO - Processing /home/airflow/.local/lib/python3.7/site-packages/airflow/example_dags/example_external_task_marker_dag.py took 0.146 seconds
[2023-10-10T17:53:11.934+0000] {processor.py:157} INFO - Started process (PID=2832) to work on /home/airflow/.local/lib/python3.7/site-packages/airflow/example_dags/example_external_task_marker_dag.py
[2023-10-10T17:53:11.936+0000] {processor.py:826} INFO - Processing file /home/airflow/.local/lib/python3.7/site-packages/airflow/example_dags/example_external_task_marker_dag.py for tasks to queue
[2023-10-10T17:53:11.938+0000] {logging_mixin.py:150} INFO - [2023-10-10T17:53:11.938+0000] {dagbag.py:541} INFO - Filling up the DagBag from /home/airflow/.local/lib/python3.7/site-packages/airflow/example_dags/example_external_task_marker_dag.py
[2023-10-10T17:53:11.954+0000] {processor.py:836} INFO - DAG(s) dict_keys(['example_external_task_marker_parent', 'example_external_task_marker_child']) retrieved from /home/airflow/.local/lib/python3.7/site-packages/airflow/example_dags/example_external_task_marker_dag.py
[2023-10-10T17:53:12.002+0000] {logging_mixin.py:150} INFO - [2023-10-10T17:53:12.002+0000] {dag.py:2742} INFO - Sync 2 DAGs
[2023-10-10T17:53:12.057+0000] {logging_mixin.py:150} INFO - [2023-10-10T17:53:12.056+0000] {dag.py:3508} INFO - Setting next_dagrun for example_external_task_marker_child to None, run_after=None
[2023-10-10T17:53:12.065+0000] {logging_mixin.py:150} INFO - [2023-10-10T17:53:12.065+0000] {dag.py:3508} INFO - Setting next_dagrun for example_external_task_marker_parent to None, run_after=None
[2023-10-10T17:53:12.096+0000] {processor.py:179} INFO - Processing /home/airflow/.local/lib/python3.7/site-packages/airflow/example_dags/example_external_task_marker_dag.py took 0.168 seconds
[2023-10-10T17:53:42.454+0000] {processor.py:157} INFO - Started process (PID=2915) to work on /home/airflow/.local/lib/python3.7/site-packages/airflow/example_dags/example_external_task_marker_dag.py
[2023-10-10T17:53:42.456+0000] {processor.py:826} INFO - Processing file /home/airflow/.local/lib/python3.7/site-packages/airflow/example_dags/example_external_task_marker_dag.py for tasks to queue
[2023-10-10T17:53:42.459+0000] {logging_mixin.py:150} INFO - [2023-10-10T17:53:42.458+0000] {dagbag.py:541} INFO - Filling up the DagBag from /home/airflow/.local/lib/python3.7/site-packages/airflow/example_dags/example_external_task_marker_dag.py
[2023-10-10T17:53:42.471+0000] {processor.py:836} INFO - DAG(s) dict_keys(['example_external_task_marker_parent', 'example_external_task_marker_child']) retrieved from /home/airflow/.local/lib/python3.7/site-packages/airflow/example_dags/example_external_task_marker_dag.py
[2023-10-10T17:53:42.517+0000] {logging_mixin.py:150} INFO - [2023-10-10T17:53:42.517+0000] {dag.py:2742} INFO - Sync 2 DAGs
[2023-10-10T17:53:42.556+0000] {logging_mixin.py:150} INFO - [2023-10-10T17:53:42.555+0000] {dag.py:3508} INFO - Setting next_dagrun for example_external_task_marker_child to None, run_after=None
[2023-10-10T17:53:42.561+0000] {logging_mixin.py:150} INFO - [2023-10-10T17:53:42.561+0000] {dag.py:3508} INFO - Setting next_dagrun for example_external_task_marker_parent to None, run_after=None
[2023-10-10T17:53:42.585+0000] {processor.py:179} INFO - Processing /home/airflow/.local/lib/python3.7/site-packages/airflow/example_dags/example_external_task_marker_dag.py took 0.137 seconds
[2023-10-10T17:54:12.857+0000] {processor.py:157} INFO - Started process (PID=2996) to work on /home/airflow/.local/lib/python3.7/site-packages/airflow/example_dags/example_external_task_marker_dag.py
[2023-10-10T17:54:12.859+0000] {processor.py:826} INFO - Processing file /home/airflow/.local/lib/python3.7/site-packages/airflow/example_dags/example_external_task_marker_dag.py for tasks to queue
[2023-10-10T17:54:12.861+0000] {logging_mixin.py:150} INFO - [2023-10-10T17:54:12.861+0000] {dagbag.py:541} INFO - Filling up the DagBag from /home/airflow/.local/lib/python3.7/site-packages/airflow/example_dags/example_external_task_marker_dag.py
[2023-10-10T17:54:12.872+0000] {processor.py:836} INFO - DAG(s) dict_keys(['example_external_task_marker_child', 'example_external_task_marker_parent']) retrieved from /home/airflow/.local/lib/python3.7/site-packages/airflow/example_dags/example_external_task_marker_dag.py
[2023-10-10T17:54:12.911+0000] {logging_mixin.py:150} INFO - [2023-10-10T17:54:12.911+0000] {dag.py:2742} INFO - Sync 2 DAGs
[2023-10-10T17:54:12.944+0000] {logging_mixin.py:150} INFO - [2023-10-10T17:54:12.944+0000] {dag.py:3508} INFO - Setting next_dagrun for example_external_task_marker_child to None, run_after=None
[2023-10-10T17:54:12.949+0000] {logging_mixin.py:150} INFO - [2023-10-10T17:54:12.949+0000] {dag.py:3508} INFO - Setting next_dagrun for example_external_task_marker_parent to None, run_after=None
[2023-10-10T17:54:12.970+0000] {processor.py:179} INFO - Processing /home/airflow/.local/lib/python3.7/site-packages/airflow/example_dags/example_external_task_marker_dag.py took 0.119 seconds
[2023-10-10T17:54:43.045+0000] {processor.py:157} INFO - Started process (PID=3100) to work on /home/airflow/.local/lib/python3.7/site-packages/airflow/example_dags/example_external_task_marker_dag.py
[2023-10-10T17:54:43.049+0000] {processor.py:826} INFO - Processing file /home/airflow/.local/lib/python3.7/site-packages/airflow/example_dags/example_external_task_marker_dag.py for tasks to queue
[2023-10-10T17:54:43.052+0000] {logging_mixin.py:150} INFO - [2023-10-10T17:54:43.052+0000] {dagbag.py:541} INFO - Filling up the DagBag from /home/airflow/.local/lib/python3.7/site-packages/airflow/example_dags/example_external_task_marker_dag.py
[2023-10-10T17:54:43.089+0000] {processor.py:836} INFO - DAG(s) dict_keys(['example_external_task_marker_parent', 'example_external_task_marker_child']) retrieved from /home/airflow/.local/lib/python3.7/site-packages/airflow/example_dags/example_external_task_marker_dag.py
[2023-10-10T17:54:43.176+0000] {logging_mixin.py:150} INFO - [2023-10-10T17:54:43.175+0000] {dag.py:2742} INFO - Sync 2 DAGs
[2023-10-10T17:54:43.232+0000] {logging_mixin.py:150} INFO - [2023-10-10T17:54:43.232+0000] {dag.py:3508} INFO - Setting next_dagrun for example_external_task_marker_child to None, run_after=None
[2023-10-10T17:54:43.242+0000] {logging_mixin.py:150} INFO - [2023-10-10T17:54:43.241+0000] {dag.py:3508} INFO - Setting next_dagrun for example_external_task_marker_parent to None, run_after=None
[2023-10-10T17:54:43.302+0000] {processor.py:179} INFO - Processing /home/airflow/.local/lib/python3.7/site-packages/airflow/example_dags/example_external_task_marker_dag.py took 0.266 seconds
[2023-10-10T17:55:13.346+0000] {processor.py:157} INFO - Started process (PID=3189) to work on /home/airflow/.local/lib/python3.7/site-packages/airflow/example_dags/example_external_task_marker_dag.py
[2023-10-10T17:55:13.348+0000] {processor.py:826} INFO - Processing file /home/airflow/.local/lib/python3.7/site-packages/airflow/example_dags/example_external_task_marker_dag.py for tasks to queue
[2023-10-10T17:55:13.350+0000] {logging_mixin.py:150} INFO - [2023-10-10T17:55:13.349+0000] {dagbag.py:541} INFO - Filling up the DagBag from /home/airflow/.local/lib/python3.7/site-packages/airflow/example_dags/example_external_task_marker_dag.py
[2023-10-10T17:55:13.361+0000] {processor.py:836} INFO - DAG(s) dict_keys(['example_external_task_marker_child', 'example_external_task_marker_parent']) retrieved from /home/airflow/.local/lib/python3.7/site-packages/airflow/example_dags/example_external_task_marker_dag.py
[2023-10-10T17:55:13.396+0000] {logging_mixin.py:150} INFO - [2023-10-10T17:55:13.396+0000] {dag.py:2742} INFO - Sync 2 DAGs
[2023-10-10T17:55:13.430+0000] {logging_mixin.py:150} INFO - [2023-10-10T17:55:13.429+0000] {dag.py:3508} INFO - Setting next_dagrun for example_external_task_marker_child to None, run_after=None
[2023-10-10T17:55:13.435+0000] {logging_mixin.py:150} INFO - [2023-10-10T17:55:13.435+0000] {dag.py:3508} INFO - Setting next_dagrun for example_external_task_marker_parent to None, run_after=None
[2023-10-10T17:55:13.455+0000] {processor.py:179} INFO - Processing /home/airflow/.local/lib/python3.7/site-packages/airflow/example_dags/example_external_task_marker_dag.py took 0.115 seconds
[2023-10-10T17:56:06.444+0000] {processor.py:157} INFO - Started process (PID=3244) to work on /home/airflow/.local/lib/python3.7/site-packages/airflow/example_dags/example_external_task_marker_dag.py
[2023-10-10T17:56:06.447+0000] {processor.py:826} INFO - Processing file /home/airflow/.local/lib/python3.7/site-packages/airflow/example_dags/example_external_task_marker_dag.py for tasks to queue
[2023-10-10T17:56:06.450+0000] {logging_mixin.py:150} INFO - [2023-10-10T17:56:06.449+0000] {dagbag.py:541} INFO - Filling up the DagBag from /home/airflow/.local/lib/python3.7/site-packages/airflow/example_dags/example_external_task_marker_dag.py
[2023-10-10T17:56:06.465+0000] {processor.py:836} INFO - DAG(s) dict_keys(['example_external_task_marker_parent', 'example_external_task_marker_child']) retrieved from /home/airflow/.local/lib/python3.7/site-packages/airflow/example_dags/example_external_task_marker_dag.py
[2023-10-10T17:56:06.520+0000] {logging_mixin.py:150} INFO - [2023-10-10T17:56:06.520+0000] {dag.py:2742} INFO - Sync 2 DAGs
[2023-10-10T17:56:06.575+0000] {logging_mixin.py:150} INFO - [2023-10-10T17:56:06.575+0000] {dag.py:3508} INFO - Setting next_dagrun for example_external_task_marker_child to None, run_after=None
[2023-10-10T17:56:06.585+0000] {logging_mixin.py:150} INFO - [2023-10-10T17:56:06.584+0000] {dag.py:3508} INFO - Setting next_dagrun for example_external_task_marker_parent to None, run_after=None
[2023-10-10T17:56:06.623+0000] {processor.py:179} INFO - Processing /home/airflow/.local/lib/python3.7/site-packages/airflow/example_dags/example_external_task_marker_dag.py took 0.185 seconds
[2023-10-10T17:56:39.329+0000] {processor.py:157} INFO - Started process (PID=3325) to work on /home/airflow/.local/lib/python3.7/site-packages/airflow/example_dags/example_external_task_marker_dag.py
[2023-10-10T17:56:39.334+0000] {processor.py:826} INFO - Processing file /home/airflow/.local/lib/python3.7/site-packages/airflow/example_dags/example_external_task_marker_dag.py for tasks to queue
[2023-10-10T17:56:39.340+0000] {logging_mixin.py:150} INFO - [2023-10-10T17:56:39.339+0000] {dagbag.py:541} INFO - Filling up the DagBag from /home/airflow/.local/lib/python3.7/site-packages/airflow/example_dags/example_external_task_marker_dag.py
[2023-10-10T17:56:39.367+0000] {processor.py:836} INFO - DAG(s) dict_keys(['example_external_task_marker_parent', 'example_external_task_marker_child']) retrieved from /home/airflow/.local/lib/python3.7/site-packages/airflow/example_dags/example_external_task_marker_dag.py
[2023-10-10T17:56:39.455+0000] {logging_mixin.py:150} INFO - [2023-10-10T17:56:39.454+0000] {dag.py:2742} INFO - Sync 2 DAGs
[2023-10-10T17:56:39.568+0000] {logging_mixin.py:150} INFO - [2023-10-10T17:56:39.567+0000] {dag.py:3508} INFO - Setting next_dagrun for example_external_task_marker_child to None, run_after=None
[2023-10-10T17:56:39.586+0000] {logging_mixin.py:150} INFO - [2023-10-10T17:56:39.585+0000] {dag.py:3508} INFO - Setting next_dagrun for example_external_task_marker_parent to None, run_after=None
[2023-10-10T17:56:39.644+0000] {processor.py:179} INFO - Processing /home/airflow/.local/lib/python3.7/site-packages/airflow/example_dags/example_external_task_marker_dag.py took 0.330 seconds
[2023-10-10T17:57:41.097+0000] {processor.py:157} INFO - Started process (PID=3423) to work on /home/airflow/.local/lib/python3.7/site-packages/airflow/example_dags/example_external_task_marker_dag.py
[2023-10-10T17:57:41.115+0000] {processor.py:826} INFO - Processing file /home/airflow/.local/lib/python3.7/site-packages/airflow/example_dags/example_external_task_marker_dag.py for tasks to queue
[2023-10-10T17:57:41.122+0000] {logging_mixin.py:150} INFO - [2023-10-10T17:57:41.120+0000] {dagbag.py:541} INFO - Filling up the DagBag from /home/airflow/.local/lib/python3.7/site-packages/airflow/example_dags/example_external_task_marker_dag.py
[2023-10-10T17:57:41.231+0000] {processor.py:836} INFO - DAG(s) dict_keys(['example_external_task_marker_child', 'example_external_task_marker_parent']) retrieved from /home/airflow/.local/lib/python3.7/site-packages/airflow/example_dags/example_external_task_marker_dag.py
[2023-10-10T17:57:41.606+0000] {logging_mixin.py:150} INFO - [2023-10-10T17:57:41.605+0000] {dag.py:2742} INFO - Sync 2 DAGs
[2023-10-10T17:57:42.250+0000] {logging_mixin.py:150} INFO - [2023-10-10T17:57:42.248+0000] {dag.py:3508} INFO - Setting next_dagrun for example_external_task_marker_child to None, run_after=None
[2023-10-10T17:57:42.481+0000] {logging_mixin.py:150} INFO - [2023-10-10T17:57:42.480+0000] {dag.py:3508} INFO - Setting next_dagrun for example_external_task_marker_parent to None, run_after=None
[2023-10-10T17:57:42.970+0000] {processor.py:179} INFO - Processing /home/airflow/.local/lib/python3.7/site-packages/airflow/example_dags/example_external_task_marker_dag.py took 1.918 seconds
[2023-10-10T17:58:36.843+0000] {processor.py:157} INFO - Started process (PID=3520) to work on /home/airflow/.local/lib/python3.7/site-packages/airflow/example_dags/example_external_task_marker_dag.py
[2023-10-10T17:58:36.880+0000] {processor.py:826} INFO - Processing file /home/airflow/.local/lib/python3.7/site-packages/airflow/example_dags/example_external_task_marker_dag.py for tasks to queue
[2023-10-10T17:58:36.914+0000] {logging_mixin.py:150} INFO - [2023-10-10T17:58:36.908+0000] {dagbag.py:541} INFO - Filling up the DagBag from /home/airflow/.local/lib/python3.7/site-packages/airflow/example_dags/example_external_task_marker_dag.py
[2023-10-10T17:58:36.960+0000] {processor.py:836} INFO - DAG(s) dict_keys(['example_external_task_marker_child', 'example_external_task_marker_parent']) retrieved from /home/airflow/.local/lib/python3.7/site-packages/airflow/example_dags/example_external_task_marker_dag.py
[2023-10-10T17:58:37.071+0000] {logging_mixin.py:150} INFO - [2023-10-10T17:58:37.070+0000] {dag.py:2742} INFO - Sync 2 DAGs
[2023-10-10T17:58:37.212+0000] {logging_mixin.py:150} INFO - [2023-10-10T17:58:37.211+0000] {dag.py:3508} INFO - Setting next_dagrun for example_external_task_marker_child to None, run_after=None
[2023-10-10T17:58:37.230+0000] {logging_mixin.py:150} INFO - [2023-10-10T17:58:37.229+0000] {dag.py:3508} INFO - Setting next_dagrun for example_external_task_marker_parent to None, run_after=None
[2023-10-10T17:58:37.310+0000] {processor.py:179} INFO - Processing /home/airflow/.local/lib/python3.7/site-packages/airflow/example_dags/example_external_task_marker_dag.py took 0.489 seconds
[2023-10-10T17:59:09.746+0000] {processor.py:157} INFO - Started process (PID=3615) to work on /home/airflow/.local/lib/python3.7/site-packages/airflow/example_dags/example_external_task_marker_dag.py
[2023-10-10T17:59:09.756+0000] {processor.py:826} INFO - Processing file /home/airflow/.local/lib/python3.7/site-packages/airflow/example_dags/example_external_task_marker_dag.py for tasks to queue
[2023-10-10T17:59:09.762+0000] {logging_mixin.py:150} INFO - [2023-10-10T17:59:09.761+0000] {dagbag.py:541} INFO - Filling up the DagBag from /home/airflow/.local/lib/python3.7/site-packages/airflow/example_dags/example_external_task_marker_dag.py
[2023-10-10T17:59:09.900+0000] {processor.py:836} INFO - DAG(s) dict_keys(['example_external_task_marker_parent', 'example_external_task_marker_child']) retrieved from /home/airflow/.local/lib/python3.7/site-packages/airflow/example_dags/example_external_task_marker_dag.py
[2023-10-10T17:59:10.253+0000] {logging_mixin.py:150} INFO - [2023-10-10T17:59:10.252+0000] {dag.py:2742} INFO - Sync 2 DAGs
[2023-10-10T17:59:10.480+0000] {logging_mixin.py:150} INFO - [2023-10-10T17:59:10.480+0000] {dag.py:3508} INFO - Setting next_dagrun for example_external_task_marker_child to None, run_after=None
[2023-10-10T17:59:10.504+0000] {logging_mixin.py:150} INFO - [2023-10-10T17:59:10.504+0000] {dag.py:3508} INFO - Setting next_dagrun for example_external_task_marker_parent to None, run_after=None
[2023-10-10T17:59:10.597+0000] {processor.py:179} INFO - Processing /home/airflow/.local/lib/python3.7/site-packages/airflow/example_dags/example_external_task_marker_dag.py took 0.909 seconds
[2023-10-10T17:59:48.688+0000] {processor.py:157} INFO - Started process (PID=3697) to work on /home/airflow/.local/lib/python3.7/site-packages/airflow/example_dags/example_external_task_marker_dag.py
[2023-10-10T17:59:48.697+0000] {processor.py:826} INFO - Processing file /home/airflow/.local/lib/python3.7/site-packages/airflow/example_dags/example_external_task_marker_dag.py for tasks to queue
[2023-10-10T17:59:48.714+0000] {logging_mixin.py:150} INFO - [2023-10-10T17:59:48.709+0000] {dagbag.py:541} INFO - Filling up the DagBag from /home/airflow/.local/lib/python3.7/site-packages/airflow/example_dags/example_external_task_marker_dag.py
[2023-10-10T17:59:48.761+0000] {processor.py:836} INFO - DAG(s) dict_keys(['example_external_task_marker_child', 'example_external_task_marker_parent']) retrieved from /home/airflow/.local/lib/python3.7/site-packages/airflow/example_dags/example_external_task_marker_dag.py
[2023-10-10T17:59:48.918+0000] {logging_mixin.py:150} INFO - [2023-10-10T17:59:48.917+0000] {dag.py:2742} INFO - Sync 2 DAGs
[2023-10-10T17:59:49.070+0000] {logging_mixin.py:150} INFO - [2023-10-10T17:59:49.069+0000] {dag.py:3508} INFO - Setting next_dagrun for example_external_task_marker_child to None, run_after=None
[2023-10-10T17:59:49.092+0000] {logging_mixin.py:150} INFO - [2023-10-10T17:59:49.092+0000] {dag.py:3508} INFO - Setting next_dagrun for example_external_task_marker_parent to None, run_after=None
[2023-10-10T17:59:49.182+0000] {processor.py:179} INFO - Processing /home/airflow/.local/lib/python3.7/site-packages/airflow/example_dags/example_external_task_marker_dag.py took 0.515 seconds
[2023-10-10T18:00:20.010+0000] {processor.py:157} INFO - Started process (PID=3777) to work on /home/airflow/.local/lib/python3.7/site-packages/airflow/example_dags/example_external_task_marker_dag.py
[2023-10-10T18:00:20.013+0000] {processor.py:826} INFO - Processing file /home/airflow/.local/lib/python3.7/site-packages/airflow/example_dags/example_external_task_marker_dag.py for tasks to queue
[2023-10-10T18:00:20.018+0000] {logging_mixin.py:150} INFO - [2023-10-10T18:00:20.017+0000] {dagbag.py:541} INFO - Filling up the DagBag from /home/airflow/.local/lib/python3.7/site-packages/airflow/example_dags/example_external_task_marker_dag.py
[2023-10-10T18:00:20.040+0000] {processor.py:836} INFO - DAG(s) dict_keys(['example_external_task_marker_child', 'example_external_task_marker_parent']) retrieved from /home/airflow/.local/lib/python3.7/site-packages/airflow/example_dags/example_external_task_marker_dag.py
[2023-10-10T18:00:20.131+0000] {logging_mixin.py:150} INFO - [2023-10-10T18:00:20.131+0000] {dag.py:2742} INFO - Sync 2 DAGs
[2023-10-10T18:00:20.215+0000] {logging_mixin.py:150} INFO - [2023-10-10T18:00:20.215+0000] {dag.py:3508} INFO - Setting next_dagrun for example_external_task_marker_child to None, run_after=None
[2023-10-10T18:00:20.226+0000] {logging_mixin.py:150} INFO - [2023-10-10T18:00:20.225+0000] {dag.py:3508} INFO - Setting next_dagrun for example_external_task_marker_parent to None, run_after=None
[2023-10-10T18:00:20.279+0000] {processor.py:179} INFO - Processing /home/airflow/.local/lib/python3.7/site-packages/airflow/example_dags/example_external_task_marker_dag.py took 0.279 seconds
[2023-10-10T18:00:50.795+0000] {processor.py:157} INFO - Started process (PID=3858) to work on /home/airflow/.local/lib/python3.7/site-packages/airflow/example_dags/example_external_task_marker_dag.py
[2023-10-10T18:00:50.798+0000] {processor.py:826} INFO - Processing file /home/airflow/.local/lib/python3.7/site-packages/airflow/example_dags/example_external_task_marker_dag.py for tasks to queue
[2023-10-10T18:00:50.800+0000] {logging_mixin.py:150} INFO - [2023-10-10T18:00:50.799+0000] {dagbag.py:541} INFO - Filling up the DagBag from /home/airflow/.local/lib/python3.7/site-packages/airflow/example_dags/example_external_task_marker_dag.py
[2023-10-10T18:00:50.815+0000] {processor.py:836} INFO - DAG(s) dict_keys(['example_external_task_marker_parent', 'example_external_task_marker_child']) retrieved from /home/airflow/.local/lib/python3.7/site-packages/airflow/example_dags/example_external_task_marker_dag.py
[2023-10-10T18:00:50.865+0000] {logging_mixin.py:150} INFO - [2023-10-10T18:00:50.865+0000] {dag.py:2742} INFO - Sync 2 DAGs
[2023-10-10T18:00:50.915+0000] {logging_mixin.py:150} INFO - [2023-10-10T18:00:50.915+0000] {dag.py:3508} INFO - Setting next_dagrun for example_external_task_marker_child to None, run_after=None
[2023-10-10T18:00:50.924+0000] {logging_mixin.py:150} INFO - [2023-10-10T18:00:50.923+0000] {dag.py:3508} INFO - Setting next_dagrun for example_external_task_marker_parent to None, run_after=None
[2023-10-10T18:00:50.956+0000] {processor.py:179} INFO - Processing /home/airflow/.local/lib/python3.7/site-packages/airflow/example_dags/example_external_task_marker_dag.py took 0.169 seconds
[2023-10-10T18:01:21.028+0000] {processor.py:157} INFO - Started process (PID=3939) to work on /home/airflow/.local/lib/python3.7/site-packages/airflow/example_dags/example_external_task_marker_dag.py
[2023-10-10T18:01:21.031+0000] {processor.py:826} INFO - Processing file /home/airflow/.local/lib/python3.7/site-packages/airflow/example_dags/example_external_task_marker_dag.py for tasks to queue
[2023-10-10T18:01:21.034+0000] {logging_mixin.py:150} INFO - [2023-10-10T18:01:21.033+0000] {dagbag.py:541} INFO - Filling up the DagBag from /home/airflow/.local/lib/python3.7/site-packages/airflow/example_dags/example_external_task_marker_dag.py
[2023-10-10T18:01:21.050+0000] {processor.py:836} INFO - DAG(s) dict_keys(['example_external_task_marker_parent', 'example_external_task_marker_child']) retrieved from /home/airflow/.local/lib/python3.7/site-packages/airflow/example_dags/example_external_task_marker_dag.py
[2023-10-10T18:01:21.121+0000] {logging_mixin.py:150} INFO - [2023-10-10T18:01:21.121+0000] {dag.py:2742} INFO - Sync 2 DAGs
[2023-10-10T18:01:21.179+0000] {logging_mixin.py:150} INFO - [2023-10-10T18:01:21.179+0000] {dag.py:3508} INFO - Setting next_dagrun for example_external_task_marker_child to None, run_after=None
[2023-10-10T18:01:21.188+0000] {logging_mixin.py:150} INFO - [2023-10-10T18:01:21.188+0000] {dag.py:3508} INFO - Setting next_dagrun for example_external_task_marker_parent to None, run_after=None
[2023-10-10T18:01:21.227+0000] {processor.py:179} INFO - Processing /home/airflow/.local/lib/python3.7/site-packages/airflow/example_dags/example_external_task_marker_dag.py took 0.210 seconds
[2023-10-10T18:01:51.750+0000] {processor.py:157} INFO - Started process (PID=4020) to work on /home/airflow/.local/lib/python3.7/site-packages/airflow/example_dags/example_external_task_marker_dag.py
[2023-10-10T18:01:51.752+0000] {processor.py:826} INFO - Processing file /home/airflow/.local/lib/python3.7/site-packages/airflow/example_dags/example_external_task_marker_dag.py for tasks to queue
[2023-10-10T18:01:51.755+0000] {logging_mixin.py:150} INFO - [2023-10-10T18:01:51.754+0000] {dagbag.py:541} INFO - Filling up the DagBag from /home/airflow/.local/lib/python3.7/site-packages/airflow/example_dags/example_external_task_marker_dag.py
[2023-10-10T18:01:51.771+0000] {processor.py:836} INFO - DAG(s) dict_keys(['example_external_task_marker_parent', 'example_external_task_marker_child']) retrieved from /home/airflow/.local/lib/python3.7/site-packages/airflow/example_dags/example_external_task_marker_dag.py
[2023-10-10T18:01:51.841+0000] {logging_mixin.py:150} INFO - [2023-10-10T18:01:51.840+0000] {dag.py:2742} INFO - Sync 2 DAGs
[2023-10-10T18:01:51.896+0000] {logging_mixin.py:150} INFO - [2023-10-10T18:01:51.896+0000] {dag.py:3508} INFO - Setting next_dagrun for example_external_task_marker_child to None, run_after=None
[2023-10-10T18:01:51.904+0000] {logging_mixin.py:150} INFO - [2023-10-10T18:01:51.904+0000] {dag.py:3508} INFO - Setting next_dagrun for example_external_task_marker_parent to None, run_after=None
[2023-10-10T18:01:51.951+0000] {processor.py:179} INFO - Processing /home/airflow/.local/lib/python3.7/site-packages/airflow/example_dags/example_external_task_marker_dag.py took 0.208 seconds
[2023-10-10T18:02:22.264+0000] {processor.py:157} INFO - Started process (PID=4109) to work on /home/airflow/.local/lib/python3.7/site-packages/airflow/example_dags/example_external_task_marker_dag.py
[2023-10-10T18:02:22.267+0000] {processor.py:826} INFO - Processing file /home/airflow/.local/lib/python3.7/site-packages/airflow/example_dags/example_external_task_marker_dag.py for tasks to queue
[2023-10-10T18:02:22.270+0000] {logging_mixin.py:150} INFO - [2023-10-10T18:02:22.270+0000] {dagbag.py:541} INFO - Filling up the DagBag from /home/airflow/.local/lib/python3.7/site-packages/airflow/example_dags/example_external_task_marker_dag.py
[2023-10-10T18:02:22.287+0000] {processor.py:836} INFO - DAG(s) dict_keys(['example_external_task_marker_child', 'example_external_task_marker_parent']) retrieved from /home/airflow/.local/lib/python3.7/site-packages/airflow/example_dags/example_external_task_marker_dag.py
[2023-10-10T18:02:22.363+0000] {logging_mixin.py:150} INFO - [2023-10-10T18:02:22.362+0000] {dag.py:2742} INFO - Sync 2 DAGs
[2023-10-10T18:02:22.435+0000] {logging_mixin.py:150} INFO - [2023-10-10T18:02:22.434+0000] {dag.py:3508} INFO - Setting next_dagrun for example_external_task_marker_child to None, run_after=None
[2023-10-10T18:02:22.446+0000] {logging_mixin.py:150} INFO - [2023-10-10T18:02:22.446+0000] {dag.py:3508} INFO - Setting next_dagrun for example_external_task_marker_parent to None, run_after=None
[2023-10-10T18:02:22.490+0000] {processor.py:179} INFO - Processing /home/airflow/.local/lib/python3.7/site-packages/airflow/example_dags/example_external_task_marker_dag.py took 0.235 seconds
[2023-10-10T18:02:52.734+0000] {processor.py:157} INFO - Started process (PID=4190) to work on /home/airflow/.local/lib/python3.7/site-packages/airflow/example_dags/example_external_task_marker_dag.py
[2023-10-10T18:02:52.736+0000] {processor.py:826} INFO - Processing file /home/airflow/.local/lib/python3.7/site-packages/airflow/example_dags/example_external_task_marker_dag.py for tasks to queue
[2023-10-10T18:02:52.738+0000] {logging_mixin.py:150} INFO - [2023-10-10T18:02:52.738+0000] {dagbag.py:541} INFO - Filling up the DagBag from /home/airflow/.local/lib/python3.7/site-packages/airflow/example_dags/example_external_task_marker_dag.py
[2023-10-10T18:02:52.753+0000] {processor.py:836} INFO - DAG(s) dict_keys(['example_external_task_marker_child', 'example_external_task_marker_parent']) retrieved from /home/airflow/.local/lib/python3.7/site-packages/airflow/example_dags/example_external_task_marker_dag.py
[2023-10-10T18:02:52.807+0000] {logging_mixin.py:150} INFO - [2023-10-10T18:02:52.806+0000] {dag.py:2742} INFO - Sync 2 DAGs
[2023-10-10T18:02:52.858+0000] {logging_mixin.py:150} INFO - [2023-10-10T18:02:52.857+0000] {dag.py:3508} INFO - Setting next_dagrun for example_external_task_marker_child to None, run_after=None
[2023-10-10T18:02:52.865+0000] {logging_mixin.py:150} INFO - [2023-10-10T18:02:52.865+0000] {dag.py:3508} INFO - Setting next_dagrun for example_external_task_marker_parent to None, run_after=None
[2023-10-10T18:02:52.900+0000] {processor.py:179} INFO - Processing /home/airflow/.local/lib/python3.7/site-packages/airflow/example_dags/example_external_task_marker_dag.py took 0.173 seconds
[2023-10-10T18:03:23.047+0000] {processor.py:157} INFO - Started process (PID=4270) to work on /home/airflow/.local/lib/python3.7/site-packages/airflow/example_dags/example_external_task_marker_dag.py
[2023-10-10T18:03:23.050+0000] {processor.py:826} INFO - Processing file /home/airflow/.local/lib/python3.7/site-packages/airflow/example_dags/example_external_task_marker_dag.py for tasks to queue
[2023-10-10T18:03:23.055+0000] {logging_mixin.py:150} INFO - [2023-10-10T18:03:23.054+0000] {dagbag.py:541} INFO - Filling up the DagBag from /home/airflow/.local/lib/python3.7/site-packages/airflow/example_dags/example_external_task_marker_dag.py
[2023-10-10T18:03:23.076+0000] {processor.py:836} INFO - DAG(s) dict_keys(['example_external_task_marker_parent', 'example_external_task_marker_child']) retrieved from /home/airflow/.local/lib/python3.7/site-packages/airflow/example_dags/example_external_task_marker_dag.py
[2023-10-10T18:03:23.142+0000] {logging_mixin.py:150} INFO - [2023-10-10T18:03:23.142+0000] {dag.py:2742} INFO - Sync 2 DAGs
[2023-10-10T18:03:23.209+0000] {logging_mixin.py:150} INFO - [2023-10-10T18:03:23.209+0000] {dag.py:3508} INFO - Setting next_dagrun for example_external_task_marker_child to None, run_after=None
[2023-10-10T18:03:23.222+0000] {logging_mixin.py:150} INFO - [2023-10-10T18:03:23.221+0000] {dag.py:3508} INFO - Setting next_dagrun for example_external_task_marker_parent to None, run_after=None
[2023-10-10T18:03:23.263+0000] {processor.py:179} INFO - Processing /home/airflow/.local/lib/python3.7/site-packages/airflow/example_dags/example_external_task_marker_dag.py took 0.226 seconds
[2023-10-10T18:03:53.683+0000] {processor.py:157} INFO - Started process (PID=4353) to work on /home/airflow/.local/lib/python3.7/site-packages/airflow/example_dags/example_external_task_marker_dag.py
[2023-10-10T18:03:53.685+0000] {processor.py:826} INFO - Processing file /home/airflow/.local/lib/python3.7/site-packages/airflow/example_dags/example_external_task_marker_dag.py for tasks to queue
[2023-10-10T18:03:53.688+0000] {logging_mixin.py:150} INFO - [2023-10-10T18:03:53.688+0000] {dagbag.py:541} INFO - Filling up the DagBag from /home/airflow/.local/lib/python3.7/site-packages/airflow/example_dags/example_external_task_marker_dag.py
[2023-10-10T18:03:53.704+0000] {processor.py:836} INFO - DAG(s) dict_keys(['example_external_task_marker_parent', 'example_external_task_marker_child']) retrieved from /home/airflow/.local/lib/python3.7/site-packages/airflow/example_dags/example_external_task_marker_dag.py
[2023-10-10T18:03:53.755+0000] {logging_mixin.py:150} INFO - [2023-10-10T18:03:53.755+0000] {dag.py:2742} INFO - Sync 2 DAGs
[2023-10-10T18:03:53.803+0000] {logging_mixin.py:150} INFO - [2023-10-10T18:03:53.803+0000] {dag.py:3508} INFO - Setting next_dagrun for example_external_task_marker_child to None, run_after=None
[2023-10-10T18:03:53.811+0000] {logging_mixin.py:150} INFO - [2023-10-10T18:03:53.811+0000] {dag.py:3508} INFO - Setting next_dagrun for example_external_task_marker_parent to None, run_after=None
[2023-10-10T18:03:53.844+0000] {processor.py:179} INFO - Processing /home/airflow/.local/lib/python3.7/site-packages/airflow/example_dags/example_external_task_marker_dag.py took 0.168 seconds
[2023-10-10T18:04:24.572+0000] {processor.py:157} INFO - Started process (PID=4434) to work on /home/airflow/.local/lib/python3.7/site-packages/airflow/example_dags/example_external_task_marker_dag.py
[2023-10-10T18:04:24.576+0000] {processor.py:826} INFO - Processing file /home/airflow/.local/lib/python3.7/site-packages/airflow/example_dags/example_external_task_marker_dag.py for tasks to queue
[2023-10-10T18:04:24.581+0000] {logging_mixin.py:150} INFO - [2023-10-10T18:04:24.580+0000] {dagbag.py:541} INFO - Filling up the DagBag from /home/airflow/.local/lib/python3.7/site-packages/airflow/example_dags/example_external_task_marker_dag.py
[2023-10-10T18:04:24.605+0000] {processor.py:836} INFO - DAG(s) dict_keys(['example_external_task_marker_child', 'example_external_task_marker_parent']) retrieved from /home/airflow/.local/lib/python3.7/site-packages/airflow/example_dags/example_external_task_marker_dag.py
[2023-10-10T18:04:24.681+0000] {logging_mixin.py:150} INFO - [2023-10-10T18:04:24.681+0000] {dag.py:2742} INFO - Sync 2 DAGs
[2023-10-10T18:04:24.746+0000] {logging_mixin.py:150} INFO - [2023-10-10T18:04:24.746+0000] {dag.py:3508} INFO - Setting next_dagrun for example_external_task_marker_child to None, run_after=None
[2023-10-10T18:04:24.760+0000] {logging_mixin.py:150} INFO - [2023-10-10T18:04:24.759+0000] {dag.py:3508} INFO - Setting next_dagrun for example_external_task_marker_parent to None, run_after=None
[2023-10-10T18:04:24.814+0000] {processor.py:179} INFO - Processing /home/airflow/.local/lib/python3.7/site-packages/airflow/example_dags/example_external_task_marker_dag.py took 0.252 seconds
[2023-10-10T18:04:54.987+0000] {processor.py:157} INFO - Started process (PID=4515) to work on /home/airflow/.local/lib/python3.7/site-packages/airflow/example_dags/example_external_task_marker_dag.py
[2023-10-10T18:04:55.000+0000] {processor.py:826} INFO - Processing file /home/airflow/.local/lib/python3.7/site-packages/airflow/example_dags/example_external_task_marker_dag.py for tasks to queue
[2023-10-10T18:04:55.019+0000] {logging_mixin.py:150} INFO - [2023-10-10T18:04:55.015+0000] {dagbag.py:541} INFO - Filling up the DagBag from /home/airflow/.local/lib/python3.7/site-packages/airflow/example_dags/example_external_task_marker_dag.py
[2023-10-10T18:04:55.093+0000] {processor.py:836} INFO - DAG(s) dict_keys(['example_external_task_marker_parent', 'example_external_task_marker_child']) retrieved from /home/airflow/.local/lib/python3.7/site-packages/airflow/example_dags/example_external_task_marker_dag.py
[2023-10-10T18:04:55.405+0000] {logging_mixin.py:150} INFO - [2023-10-10T18:04:55.404+0000] {dag.py:2742} INFO - Sync 2 DAGs
[2023-10-10T18:04:55.532+0000] {logging_mixin.py:150} INFO - [2023-10-10T18:04:55.531+0000] {dag.py:3508} INFO - Setting next_dagrun for example_external_task_marker_child to None, run_after=None
[2023-10-10T18:04:55.550+0000] {logging_mixin.py:150} INFO - [2023-10-10T18:04:55.550+0000] {dag.py:3508} INFO - Setting next_dagrun for example_external_task_marker_parent to None, run_after=None
[2023-10-10T18:04:55.662+0000] {processor.py:179} INFO - Processing /home/airflow/.local/lib/python3.7/site-packages/airflow/example_dags/example_external_task_marker_dag.py took 0.707 seconds
[2023-10-10T18:05:27.464+0000] {processor.py:157} INFO - Started process (PID=4589) to work on /home/airflow/.local/lib/python3.7/site-packages/airflow/example_dags/example_external_task_marker_dag.py
[2023-10-10T18:05:27.473+0000] {processor.py:826} INFO - Processing file /home/airflow/.local/lib/python3.7/site-packages/airflow/example_dags/example_external_task_marker_dag.py for tasks to queue
[2023-10-10T18:05:27.492+0000] {logging_mixin.py:150} INFO - [2023-10-10T18:05:27.486+0000] {dagbag.py:541} INFO - Filling up the DagBag from /home/airflow/.local/lib/python3.7/site-packages/airflow/example_dags/example_external_task_marker_dag.py
[2023-10-10T18:05:27.635+0000] {processor.py:836} INFO - DAG(s) dict_keys(['example_external_task_marker_child', 'example_external_task_marker_parent']) retrieved from /home/airflow/.local/lib/python3.7/site-packages/airflow/example_dags/example_external_task_marker_dag.py
[2023-10-10T18:05:28.223+0000] {logging_mixin.py:150} INFO - [2023-10-10T18:05:28.222+0000] {dag.py:2742} INFO - Sync 2 DAGs
[2023-10-10T18:05:28.881+0000] {logging_mixin.py:150} INFO - [2023-10-10T18:05:28.880+0000] {dag.py:3508} INFO - Setting next_dagrun for example_external_task_marker_child to None, run_after=None
[2023-10-10T18:05:28.935+0000] {logging_mixin.py:150} INFO - [2023-10-10T18:05:28.933+0000] {dag.py:3508} INFO - Setting next_dagrun for example_external_task_marker_parent to None, run_after=None
[2023-10-10T18:05:29.220+0000] {processor.py:179} INFO - Processing /home/airflow/.local/lib/python3.7/site-packages/airflow/example_dags/example_external_task_marker_dag.py took 1.794 seconds
