[2023-10-10T17:36:35.842+0000] {processor.py:157} INFO - Started process (PID=77) to work on /home/airflow/.local/lib/python3.7/site-packages/airflow/example_dags/example_python_operator.py
[2023-10-10T17:36:35.844+0000] {processor.py:826} INFO - Processing file /home/airflow/.local/lib/python3.7/site-packages/airflow/example_dags/example_python_operator.py for tasks to queue
[2023-10-10T17:36:35.855+0000] {logging_mixin.py:150} INFO - [2023-10-10T17:36:35.854+0000] {dagbag.py:541} INFO - Filling up the DagBag from /home/airflow/.local/lib/python3.7/site-packages/airflow/example_dags/example_python_operator.py
[2023-10-10T17:36:35.902+0000] {processor.py:836} INFO - DAG(s) dict_keys(['example_python_operator']) retrieved from /home/airflow/.local/lib/python3.7/site-packages/airflow/example_dags/example_python_operator.py
[2023-10-10T17:36:35.969+0000] {logging_mixin.py:150} INFO - [2023-10-10T17:36:35.969+0000] {dag.py:2742} INFO - Sync 1 DAGs
[2023-10-10T17:36:36.075+0000] {logging_mixin.py:150} INFO - [2023-10-10T17:36:36.075+0000] {dag.py:3508} INFO - Setting next_dagrun for example_python_operator to None, run_after=None
[2023-10-10T17:36:36.114+0000] {processor.py:179} INFO - Processing /home/airflow/.local/lib/python3.7/site-packages/airflow/example_dags/example_python_operator.py took 0.279 seconds
[2023-10-10T17:37:06.156+0000] {processor.py:157} INFO - Started process (PID=164) to work on /home/airflow/.local/lib/python3.7/site-packages/airflow/example_dags/example_python_operator.py
[2023-10-10T17:37:06.158+0000] {processor.py:826} INFO - Processing file /home/airflow/.local/lib/python3.7/site-packages/airflow/example_dags/example_python_operator.py for tasks to queue
[2023-10-10T17:37:06.159+0000] {logging_mixin.py:150} INFO - [2023-10-10T17:37:06.159+0000] {dagbag.py:541} INFO - Filling up the DagBag from /home/airflow/.local/lib/python3.7/site-packages/airflow/example_dags/example_python_operator.py
[2023-10-10T17:37:06.174+0000] {processor.py:836} INFO - DAG(s) dict_keys(['example_python_operator']) retrieved from /home/airflow/.local/lib/python3.7/site-packages/airflow/example_dags/example_python_operator.py
[2023-10-10T17:37:06.312+0000] {logging_mixin.py:150} INFO - [2023-10-10T17:37:06.312+0000] {dag.py:2742} INFO - Sync 1 DAGs
[2023-10-10T17:37:06.336+0000] {logging_mixin.py:150} INFO - [2023-10-10T17:37:06.336+0000] {dag.py:3508} INFO - Setting next_dagrun for example_python_operator to None, run_after=None
[2023-10-10T17:37:06.357+0000] {processor.py:179} INFO - Processing /home/airflow/.local/lib/python3.7/site-packages/airflow/example_dags/example_python_operator.py took 0.205 seconds
[2023-10-10T17:37:36.477+0000] {processor.py:157} INFO - Started process (PID=244) to work on /home/airflow/.local/lib/python3.7/site-packages/airflow/example_dags/example_python_operator.py
[2023-10-10T17:37:36.479+0000] {processor.py:826} INFO - Processing file /home/airflow/.local/lib/python3.7/site-packages/airflow/example_dags/example_python_operator.py for tasks to queue
[2023-10-10T17:37:36.481+0000] {logging_mixin.py:150} INFO - [2023-10-10T17:37:36.481+0000] {dagbag.py:541} INFO - Filling up the DagBag from /home/airflow/.local/lib/python3.7/site-packages/airflow/example_dags/example_python_operator.py
[2023-10-10T17:37:36.500+0000] {processor.py:836} INFO - DAG(s) dict_keys(['example_python_operator']) retrieved from /home/airflow/.local/lib/python3.7/site-packages/airflow/example_dags/example_python_operator.py
[2023-10-10T17:37:36.541+0000] {logging_mixin.py:150} INFO - [2023-10-10T17:37:36.540+0000] {dag.py:2742} INFO - Sync 1 DAGs
[2023-10-10T17:37:36.581+0000] {logging_mixin.py:150} INFO - [2023-10-10T17:37:36.581+0000] {dag.py:3508} INFO - Setting next_dagrun for example_python_operator to None, run_after=None
[2023-10-10T17:37:36.610+0000] {processor.py:179} INFO - Processing /home/airflow/.local/lib/python3.7/site-packages/airflow/example_dags/example_python_operator.py took 0.139 seconds
[2023-10-10T17:38:07.035+0000] {processor.py:157} INFO - Started process (PID=333) to work on /home/airflow/.local/lib/python3.7/site-packages/airflow/example_dags/example_python_operator.py
[2023-10-10T17:38:07.037+0000] {processor.py:826} INFO - Processing file /home/airflow/.local/lib/python3.7/site-packages/airflow/example_dags/example_python_operator.py for tasks to queue
[2023-10-10T17:38:07.039+0000] {logging_mixin.py:150} INFO - [2023-10-10T17:38:07.039+0000] {dagbag.py:541} INFO - Filling up the DagBag from /home/airflow/.local/lib/python3.7/site-packages/airflow/example_dags/example_python_operator.py
[2023-10-10T17:38:07.055+0000] {processor.py:836} INFO - DAG(s) dict_keys(['example_python_operator']) retrieved from /home/airflow/.local/lib/python3.7/site-packages/airflow/example_dags/example_python_operator.py
[2023-10-10T17:38:07.090+0000] {logging_mixin.py:150} INFO - [2023-10-10T17:38:07.089+0000] {dag.py:2742} INFO - Sync 1 DAGs
[2023-10-10T17:38:07.126+0000] {logging_mixin.py:150} INFO - [2023-10-10T17:38:07.126+0000] {dag.py:3508} INFO - Setting next_dagrun for example_python_operator to None, run_after=None
[2023-10-10T17:38:07.159+0000] {processor.py:179} INFO - Processing /home/airflow/.local/lib/python3.7/site-packages/airflow/example_dags/example_python_operator.py took 0.129 seconds
[2023-10-10T17:38:37.928+0000] {processor.py:157} INFO - Started process (PID=427) to work on /home/airflow/.local/lib/python3.7/site-packages/airflow/example_dags/example_python_operator.py
[2023-10-10T17:38:37.930+0000] {processor.py:826} INFO - Processing file /home/airflow/.local/lib/python3.7/site-packages/airflow/example_dags/example_python_operator.py for tasks to queue
[2023-10-10T17:38:37.932+0000] {logging_mixin.py:150} INFO - [2023-10-10T17:38:37.932+0000] {dagbag.py:541} INFO - Filling up the DagBag from /home/airflow/.local/lib/python3.7/site-packages/airflow/example_dags/example_python_operator.py
[2023-10-10T17:38:37.947+0000] {processor.py:836} INFO - DAG(s) dict_keys(['example_python_operator']) retrieved from /home/airflow/.local/lib/python3.7/site-packages/airflow/example_dags/example_python_operator.py
[2023-10-10T17:38:37.982+0000] {logging_mixin.py:150} INFO - [2023-10-10T17:38:37.981+0000] {dag.py:2742} INFO - Sync 1 DAGs
[2023-10-10T17:38:38.012+0000] {logging_mixin.py:150} INFO - [2023-10-10T17:38:38.012+0000] {dag.py:3508} INFO - Setting next_dagrun for example_python_operator to None, run_after=None
[2023-10-10T17:38:38.034+0000] {processor.py:179} INFO - Processing /home/airflow/.local/lib/python3.7/site-packages/airflow/example_dags/example_python_operator.py took 0.111 seconds
[2023-10-10T17:39:08.277+0000] {processor.py:157} INFO - Started process (PID=516) to work on /home/airflow/.local/lib/python3.7/site-packages/airflow/example_dags/example_python_operator.py
[2023-10-10T17:39:08.279+0000] {processor.py:826} INFO - Processing file /home/airflow/.local/lib/python3.7/site-packages/airflow/example_dags/example_python_operator.py for tasks to queue
[2023-10-10T17:39:08.281+0000] {logging_mixin.py:150} INFO - [2023-10-10T17:39:08.280+0000] {dagbag.py:541} INFO - Filling up the DagBag from /home/airflow/.local/lib/python3.7/site-packages/airflow/example_dags/example_python_operator.py
[2023-10-10T17:39:08.298+0000] {processor.py:836} INFO - DAG(s) dict_keys(['example_python_operator']) retrieved from /home/airflow/.local/lib/python3.7/site-packages/airflow/example_dags/example_python_operator.py
[2023-10-10T17:39:08.333+0000] {logging_mixin.py:150} INFO - [2023-10-10T17:39:08.333+0000] {dag.py:2742} INFO - Sync 1 DAGs
[2023-10-10T17:39:08.365+0000] {logging_mixin.py:150} INFO - [2023-10-10T17:39:08.365+0000] {dag.py:3508} INFO - Setting next_dagrun for example_python_operator to None, run_after=None
[2023-10-10T17:39:08.388+0000] {processor.py:179} INFO - Processing /home/airflow/.local/lib/python3.7/site-packages/airflow/example_dags/example_python_operator.py took 0.116 seconds
[2023-10-10T17:39:38.624+0000] {processor.py:157} INFO - Started process (PID=596) to work on /home/airflow/.local/lib/python3.7/site-packages/airflow/example_dags/example_python_operator.py
[2023-10-10T17:39:38.625+0000] {processor.py:826} INFO - Processing file /home/airflow/.local/lib/python3.7/site-packages/airflow/example_dags/example_python_operator.py for tasks to queue
[2023-10-10T17:39:38.627+0000] {logging_mixin.py:150} INFO - [2023-10-10T17:39:38.627+0000] {dagbag.py:541} INFO - Filling up the DagBag from /home/airflow/.local/lib/python3.7/site-packages/airflow/example_dags/example_python_operator.py
[2023-10-10T17:39:38.641+0000] {processor.py:836} INFO - DAG(s) dict_keys(['example_python_operator']) retrieved from /home/airflow/.local/lib/python3.7/site-packages/airflow/example_dags/example_python_operator.py
[2023-10-10T17:39:38.683+0000] {logging_mixin.py:150} INFO - [2023-10-10T17:39:38.683+0000] {dag.py:2742} INFO - Sync 1 DAGs
[2023-10-10T17:39:38.721+0000] {logging_mixin.py:150} INFO - [2023-10-10T17:39:38.721+0000] {dag.py:3508} INFO - Setting next_dagrun for example_python_operator to None, run_after=None
[2023-10-10T17:39:38.747+0000] {processor.py:179} INFO - Processing /home/airflow/.local/lib/python3.7/site-packages/airflow/example_dags/example_python_operator.py took 0.129 seconds
[2023-10-10T17:40:08.983+0000] {processor.py:157} INFO - Started process (PID=678) to work on /home/airflow/.local/lib/python3.7/site-packages/airflow/example_dags/example_python_operator.py
[2023-10-10T17:40:08.985+0000] {processor.py:826} INFO - Processing file /home/airflow/.local/lib/python3.7/site-packages/airflow/example_dags/example_python_operator.py for tasks to queue
[2023-10-10T17:40:08.986+0000] {logging_mixin.py:150} INFO - [2023-10-10T17:40:08.986+0000] {dagbag.py:541} INFO - Filling up the DagBag from /home/airflow/.local/lib/python3.7/site-packages/airflow/example_dags/example_python_operator.py
[2023-10-10T17:40:09.003+0000] {processor.py:836} INFO - DAG(s) dict_keys(['example_python_operator']) retrieved from /home/airflow/.local/lib/python3.7/site-packages/airflow/example_dags/example_python_operator.py
[2023-10-10T17:40:09.037+0000] {logging_mixin.py:150} INFO - [2023-10-10T17:40:09.036+0000] {dag.py:2742} INFO - Sync 1 DAGs
[2023-10-10T17:40:09.068+0000] {logging_mixin.py:150} INFO - [2023-10-10T17:40:09.068+0000] {dag.py:3508} INFO - Setting next_dagrun for example_python_operator to None, run_after=None
[2023-10-10T17:40:09.091+0000] {processor.py:179} INFO - Processing /home/airflow/.local/lib/python3.7/site-packages/airflow/example_dags/example_python_operator.py took 0.113 seconds
[2023-10-10T17:40:39.376+0000] {processor.py:157} INFO - Started process (PID=758) to work on /home/airflow/.local/lib/python3.7/site-packages/airflow/example_dags/example_python_operator.py
[2023-10-10T17:40:39.379+0000] {processor.py:826} INFO - Processing file /home/airflow/.local/lib/python3.7/site-packages/airflow/example_dags/example_python_operator.py for tasks to queue
[2023-10-10T17:40:39.382+0000] {logging_mixin.py:150} INFO - [2023-10-10T17:40:39.381+0000] {dagbag.py:541} INFO - Filling up the DagBag from /home/airflow/.local/lib/python3.7/site-packages/airflow/example_dags/example_python_operator.py
[2023-10-10T17:40:39.400+0000] {processor.py:836} INFO - DAG(s) dict_keys(['example_python_operator']) retrieved from /home/airflow/.local/lib/python3.7/site-packages/airflow/example_dags/example_python_operator.py
[2023-10-10T17:40:39.447+0000] {logging_mixin.py:150} INFO - [2023-10-10T17:40:39.446+0000] {dag.py:2742} INFO - Sync 1 DAGs
[2023-10-10T17:40:39.488+0000] {logging_mixin.py:150} INFO - [2023-10-10T17:40:39.488+0000] {dag.py:3508} INFO - Setting next_dagrun for example_python_operator to None, run_after=None
[2023-10-10T17:40:39.515+0000] {processor.py:179} INFO - Processing /home/airflow/.local/lib/python3.7/site-packages/airflow/example_dags/example_python_operator.py took 0.144 seconds
[2023-10-10T17:41:09.617+0000] {processor.py:157} INFO - Started process (PID=847) to work on /home/airflow/.local/lib/python3.7/site-packages/airflow/example_dags/example_python_operator.py
[2023-10-10T17:41:09.619+0000] {processor.py:826} INFO - Processing file /home/airflow/.local/lib/python3.7/site-packages/airflow/example_dags/example_python_operator.py for tasks to queue
[2023-10-10T17:41:09.621+0000] {logging_mixin.py:150} INFO - [2023-10-10T17:41:09.621+0000] {dagbag.py:541} INFO - Filling up the DagBag from /home/airflow/.local/lib/python3.7/site-packages/airflow/example_dags/example_python_operator.py
[2023-10-10T17:41:09.637+0000] {processor.py:836} INFO - DAG(s) dict_keys(['example_python_operator']) retrieved from /home/airflow/.local/lib/python3.7/site-packages/airflow/example_dags/example_python_operator.py
[2023-10-10T17:41:09.674+0000] {logging_mixin.py:150} INFO - [2023-10-10T17:41:09.674+0000] {dag.py:2742} INFO - Sync 1 DAGs
[2023-10-10T17:41:09.715+0000] {logging_mixin.py:150} INFO - [2023-10-10T17:41:09.714+0000] {dag.py:3508} INFO - Setting next_dagrun for example_python_operator to None, run_after=None
[2023-10-10T17:41:09.745+0000] {processor.py:179} INFO - Processing /home/airflow/.local/lib/python3.7/site-packages/airflow/example_dags/example_python_operator.py took 0.133 seconds
[2023-10-10T17:41:40.421+0000] {processor.py:157} INFO - Started process (PID=928) to work on /home/airflow/.local/lib/python3.7/site-packages/airflow/example_dags/example_python_operator.py
[2023-10-10T17:41:40.423+0000] {processor.py:826} INFO - Processing file /home/airflow/.local/lib/python3.7/site-packages/airflow/example_dags/example_python_operator.py for tasks to queue
[2023-10-10T17:41:40.425+0000] {logging_mixin.py:150} INFO - [2023-10-10T17:41:40.425+0000] {dagbag.py:541} INFO - Filling up the DagBag from /home/airflow/.local/lib/python3.7/site-packages/airflow/example_dags/example_python_operator.py
[2023-10-10T17:41:40.444+0000] {processor.py:836} INFO - DAG(s) dict_keys(['example_python_operator']) retrieved from /home/airflow/.local/lib/python3.7/site-packages/airflow/example_dags/example_python_operator.py
[2023-10-10T17:41:40.482+0000] {logging_mixin.py:150} INFO - [2023-10-10T17:41:40.482+0000] {dag.py:2742} INFO - Sync 1 DAGs
[2023-10-10T17:41:40.520+0000] {logging_mixin.py:150} INFO - [2023-10-10T17:41:40.520+0000] {dag.py:3508} INFO - Setting next_dagrun for example_python_operator to None, run_after=None
[2023-10-10T17:41:40.548+0000] {processor.py:179} INFO - Processing /home/airflow/.local/lib/python3.7/site-packages/airflow/example_dags/example_python_operator.py took 0.133 seconds
[2023-10-10T17:42:10.761+0000] {processor.py:157} INFO - Started process (PID=1015) to work on /home/airflow/.local/lib/python3.7/site-packages/airflow/example_dags/example_python_operator.py
[2023-10-10T17:42:10.764+0000] {processor.py:826} INFO - Processing file /home/airflow/.local/lib/python3.7/site-packages/airflow/example_dags/example_python_operator.py for tasks to queue
[2023-10-10T17:42:10.767+0000] {logging_mixin.py:150} INFO - [2023-10-10T17:42:10.766+0000] {dagbag.py:541} INFO - Filling up the DagBag from /home/airflow/.local/lib/python3.7/site-packages/airflow/example_dags/example_python_operator.py
[2023-10-10T17:42:10.790+0000] {processor.py:836} INFO - DAG(s) dict_keys(['example_python_operator']) retrieved from /home/airflow/.local/lib/python3.7/site-packages/airflow/example_dags/example_python_operator.py
[2023-10-10T17:42:10.838+0000] {logging_mixin.py:150} INFO - [2023-10-10T17:42:10.837+0000] {dag.py:2742} INFO - Sync 1 DAGs
[2023-10-10T17:42:10.889+0000] {logging_mixin.py:150} INFO - [2023-10-10T17:42:10.888+0000] {dag.py:3508} INFO - Setting next_dagrun for example_python_operator to None, run_after=None
[2023-10-10T17:42:10.937+0000] {processor.py:179} INFO - Processing /home/airflow/.local/lib/python3.7/site-packages/airflow/example_dags/example_python_operator.py took 0.181 seconds
[2023-10-10T17:42:41.055+0000] {processor.py:157} INFO - Started process (PID=1098) to work on /home/airflow/.local/lib/python3.7/site-packages/airflow/example_dags/example_python_operator.py
[2023-10-10T17:42:41.056+0000] {processor.py:826} INFO - Processing file /home/airflow/.local/lib/python3.7/site-packages/airflow/example_dags/example_python_operator.py for tasks to queue
[2023-10-10T17:42:41.058+0000] {logging_mixin.py:150} INFO - [2023-10-10T17:42:41.057+0000] {dagbag.py:541} INFO - Filling up the DagBag from /home/airflow/.local/lib/python3.7/site-packages/airflow/example_dags/example_python_operator.py
[2023-10-10T17:42:41.073+0000] {processor.py:836} INFO - DAG(s) dict_keys(['example_python_operator']) retrieved from /home/airflow/.local/lib/python3.7/site-packages/airflow/example_dags/example_python_operator.py
[2023-10-10T17:42:41.109+0000] {logging_mixin.py:150} INFO - [2023-10-10T17:42:41.109+0000] {dag.py:2742} INFO - Sync 1 DAGs
[2023-10-10T17:42:41.140+0000] {logging_mixin.py:150} INFO - [2023-10-10T17:42:41.140+0000] {dag.py:3508} INFO - Setting next_dagrun for example_python_operator to None, run_after=None
[2023-10-10T17:42:41.161+0000] {processor.py:179} INFO - Processing /home/airflow/.local/lib/python3.7/site-packages/airflow/example_dags/example_python_operator.py took 0.111 seconds
[2023-10-10T17:43:11.331+0000] {processor.py:157} INFO - Started process (PID=1178) to work on /home/airflow/.local/lib/python3.7/site-packages/airflow/example_dags/example_python_operator.py
[2023-10-10T17:43:11.334+0000] {processor.py:826} INFO - Processing file /home/airflow/.local/lib/python3.7/site-packages/airflow/example_dags/example_python_operator.py for tasks to queue
[2023-10-10T17:43:11.336+0000] {logging_mixin.py:150} INFO - [2023-10-10T17:43:11.335+0000] {dagbag.py:541} INFO - Filling up the DagBag from /home/airflow/.local/lib/python3.7/site-packages/airflow/example_dags/example_python_operator.py
[2023-10-10T17:43:11.353+0000] {processor.py:836} INFO - DAG(s) dict_keys(['example_python_operator']) retrieved from /home/airflow/.local/lib/python3.7/site-packages/airflow/example_dags/example_python_operator.py
[2023-10-10T17:43:11.393+0000] {logging_mixin.py:150} INFO - [2023-10-10T17:43:11.393+0000] {dag.py:2742} INFO - Sync 1 DAGs
[2023-10-10T17:43:11.432+0000] {logging_mixin.py:150} INFO - [2023-10-10T17:43:11.431+0000] {dag.py:3508} INFO - Setting next_dagrun for example_python_operator to None, run_after=None
[2023-10-10T17:43:11.462+0000] {processor.py:179} INFO - Processing /home/airflow/.local/lib/python3.7/site-packages/airflow/example_dags/example_python_operator.py took 0.136 seconds
[2023-10-10T17:43:41.612+0000] {processor.py:157} INFO - Started process (PID=1267) to work on /home/airflow/.local/lib/python3.7/site-packages/airflow/example_dags/example_python_operator.py
[2023-10-10T17:43:41.614+0000] {processor.py:826} INFO - Processing file /home/airflow/.local/lib/python3.7/site-packages/airflow/example_dags/example_python_operator.py for tasks to queue
[2023-10-10T17:43:41.616+0000] {logging_mixin.py:150} INFO - [2023-10-10T17:43:41.615+0000] {dagbag.py:541} INFO - Filling up the DagBag from /home/airflow/.local/lib/python3.7/site-packages/airflow/example_dags/example_python_operator.py
[2023-10-10T17:43:41.633+0000] {processor.py:836} INFO - DAG(s) dict_keys(['example_python_operator']) retrieved from /home/airflow/.local/lib/python3.7/site-packages/airflow/example_dags/example_python_operator.py
[2023-10-10T17:43:41.670+0000] {logging_mixin.py:150} INFO - [2023-10-10T17:43:41.670+0000] {dag.py:2742} INFO - Sync 1 DAGs
[2023-10-10T17:43:41.706+0000] {logging_mixin.py:150} INFO - [2023-10-10T17:43:41.706+0000] {dag.py:3508} INFO - Setting next_dagrun for example_python_operator to None, run_after=None
[2023-10-10T17:43:41.736+0000] {processor.py:179} INFO - Processing /home/airflow/.local/lib/python3.7/site-packages/airflow/example_dags/example_python_operator.py took 0.130 seconds
[2023-10-10T17:44:12.123+0000] {processor.py:157} INFO - Started process (PID=1347) to work on /home/airflow/.local/lib/python3.7/site-packages/airflow/example_dags/example_python_operator.py
[2023-10-10T17:44:12.125+0000] {processor.py:826} INFO - Processing file /home/airflow/.local/lib/python3.7/site-packages/airflow/example_dags/example_python_operator.py for tasks to queue
[2023-10-10T17:44:12.127+0000] {logging_mixin.py:150} INFO - [2023-10-10T17:44:12.127+0000] {dagbag.py:541} INFO - Filling up the DagBag from /home/airflow/.local/lib/python3.7/site-packages/airflow/example_dags/example_python_operator.py
[2023-10-10T17:44:12.143+0000] {processor.py:836} INFO - DAG(s) dict_keys(['example_python_operator']) retrieved from /home/airflow/.local/lib/python3.7/site-packages/airflow/example_dags/example_python_operator.py
[2023-10-10T17:44:12.184+0000] {logging_mixin.py:150} INFO - [2023-10-10T17:44:12.183+0000] {dag.py:2742} INFO - Sync 1 DAGs
[2023-10-10T17:44:12.232+0000] {logging_mixin.py:150} INFO - [2023-10-10T17:44:12.232+0000] {dag.py:3508} INFO - Setting next_dagrun for example_python_operator to None, run_after=None
[2023-10-10T17:44:12.271+0000] {processor.py:179} INFO - Processing /home/airflow/.local/lib/python3.7/site-packages/airflow/example_dags/example_python_operator.py took 0.153 seconds
[2023-10-10T17:44:42.451+0000] {processor.py:157} INFO - Started process (PID=1436) to work on /home/airflow/.local/lib/python3.7/site-packages/airflow/example_dags/example_python_operator.py
[2023-10-10T17:44:42.454+0000] {processor.py:826} INFO - Processing file /home/airflow/.local/lib/python3.7/site-packages/airflow/example_dags/example_python_operator.py for tasks to queue
[2023-10-10T17:44:42.457+0000] {logging_mixin.py:150} INFO - [2023-10-10T17:44:42.456+0000] {dagbag.py:541} INFO - Filling up the DagBag from /home/airflow/.local/lib/python3.7/site-packages/airflow/example_dags/example_python_operator.py
[2023-10-10T17:44:42.490+0000] {processor.py:836} INFO - DAG(s) dict_keys(['example_python_operator']) retrieved from /home/airflow/.local/lib/python3.7/site-packages/airflow/example_dags/example_python_operator.py
[2023-10-10T17:44:42.553+0000] {logging_mixin.py:150} INFO - [2023-10-10T17:44:42.553+0000] {dag.py:2742} INFO - Sync 1 DAGs
[2023-10-10T17:44:42.602+0000] {logging_mixin.py:150} INFO - [2023-10-10T17:44:42.602+0000] {dag.py:3508} INFO - Setting next_dagrun for example_python_operator to None, run_after=None
[2023-10-10T17:44:42.644+0000] {processor.py:179} INFO - Processing /home/airflow/.local/lib/python3.7/site-packages/airflow/example_dags/example_python_operator.py took 0.204 seconds
[2023-10-10T17:45:13.505+0000] {processor.py:157} INFO - Started process (PID=1516) to work on /home/airflow/.local/lib/python3.7/site-packages/airflow/example_dags/example_python_operator.py
[2023-10-10T17:45:13.507+0000] {processor.py:826} INFO - Processing file /home/airflow/.local/lib/python3.7/site-packages/airflow/example_dags/example_python_operator.py for tasks to queue
[2023-10-10T17:45:13.509+0000] {logging_mixin.py:150} INFO - [2023-10-10T17:45:13.509+0000] {dagbag.py:541} INFO - Filling up the DagBag from /home/airflow/.local/lib/python3.7/site-packages/airflow/example_dags/example_python_operator.py
[2023-10-10T17:45:13.527+0000] {processor.py:836} INFO - DAG(s) dict_keys(['example_python_operator']) retrieved from /home/airflow/.local/lib/python3.7/site-packages/airflow/example_dags/example_python_operator.py
[2023-10-10T17:45:13.566+0000] {logging_mixin.py:150} INFO - [2023-10-10T17:45:13.565+0000] {dag.py:2742} INFO - Sync 1 DAGs
[2023-10-10T17:45:13.600+0000] {logging_mixin.py:150} INFO - [2023-10-10T17:45:13.600+0000] {dag.py:3508} INFO - Setting next_dagrun for example_python_operator to None, run_after=None
[2023-10-10T17:45:13.625+0000] {processor.py:179} INFO - Processing /home/airflow/.local/lib/python3.7/site-packages/airflow/example_dags/example_python_operator.py took 0.126 seconds
[2023-10-10T17:45:43.995+0000] {processor.py:157} INFO - Started process (PID=1605) to work on /home/airflow/.local/lib/python3.7/site-packages/airflow/example_dags/example_python_operator.py
[2023-10-10T17:45:43.997+0000] {processor.py:826} INFO - Processing file /home/airflow/.local/lib/python3.7/site-packages/airflow/example_dags/example_python_operator.py for tasks to queue
[2023-10-10T17:45:43.999+0000] {logging_mixin.py:150} INFO - [2023-10-10T17:45:43.999+0000] {dagbag.py:541} INFO - Filling up the DagBag from /home/airflow/.local/lib/python3.7/site-packages/airflow/example_dags/example_python_operator.py
[2023-10-10T17:45:44.017+0000] {processor.py:836} INFO - DAG(s) dict_keys(['example_python_operator']) retrieved from /home/airflow/.local/lib/python3.7/site-packages/airflow/example_dags/example_python_operator.py
[2023-10-10T17:45:44.059+0000] {logging_mixin.py:150} INFO - [2023-10-10T17:45:44.058+0000] {dag.py:2742} INFO - Sync 1 DAGs
[2023-10-10T17:45:44.096+0000] {logging_mixin.py:150} INFO - [2023-10-10T17:45:44.096+0000] {dag.py:3508} INFO - Setting next_dagrun for example_python_operator to None, run_after=None
[2023-10-10T17:45:44.126+0000] {processor.py:179} INFO - Processing /home/airflow/.local/lib/python3.7/site-packages/airflow/example_dags/example_python_operator.py took 0.137 seconds
[2023-10-10T17:46:14.227+0000] {processor.py:157} INFO - Started process (PID=1685) to work on /home/airflow/.local/lib/python3.7/site-packages/airflow/example_dags/example_python_operator.py
[2023-10-10T17:46:14.230+0000] {processor.py:826} INFO - Processing file /home/airflow/.local/lib/python3.7/site-packages/airflow/example_dags/example_python_operator.py for tasks to queue
[2023-10-10T17:46:14.231+0000] {logging_mixin.py:150} INFO - [2023-10-10T17:46:14.231+0000] {dagbag.py:541} INFO - Filling up the DagBag from /home/airflow/.local/lib/python3.7/site-packages/airflow/example_dags/example_python_operator.py
[2023-10-10T17:46:14.249+0000] {processor.py:836} INFO - DAG(s) dict_keys(['example_python_operator']) retrieved from /home/airflow/.local/lib/python3.7/site-packages/airflow/example_dags/example_python_operator.py
[2023-10-10T17:46:14.289+0000] {logging_mixin.py:150} INFO - [2023-10-10T17:46:14.289+0000] {dag.py:2742} INFO - Sync 1 DAGs
[2023-10-10T17:46:14.327+0000] {logging_mixin.py:150} INFO - [2023-10-10T17:46:14.326+0000] {dag.py:3508} INFO - Setting next_dagrun for example_python_operator to None, run_after=None
[2023-10-10T17:46:14.348+0000] {processor.py:179} INFO - Processing /home/airflow/.local/lib/python3.7/site-packages/airflow/example_dags/example_python_operator.py took 0.126 seconds
[2023-10-10T17:46:44.741+0000] {processor.py:157} INFO - Started process (PID=1772) to work on /home/airflow/.local/lib/python3.7/site-packages/airflow/example_dags/example_python_operator.py
[2023-10-10T17:46:44.744+0000] {processor.py:826} INFO - Processing file /home/airflow/.local/lib/python3.7/site-packages/airflow/example_dags/example_python_operator.py for tasks to queue
[2023-10-10T17:46:44.746+0000] {logging_mixin.py:150} INFO - [2023-10-10T17:46:44.745+0000] {dagbag.py:541} INFO - Filling up the DagBag from /home/airflow/.local/lib/python3.7/site-packages/airflow/example_dags/example_python_operator.py
[2023-10-10T17:46:44.765+0000] {processor.py:836} INFO - DAG(s) dict_keys(['example_python_operator']) retrieved from /home/airflow/.local/lib/python3.7/site-packages/airflow/example_dags/example_python_operator.py
[2023-10-10T17:46:44.810+0000] {logging_mixin.py:150} INFO - [2023-10-10T17:46:44.809+0000] {dag.py:2742} INFO - Sync 1 DAGs
[2023-10-10T17:46:44.859+0000] {logging_mixin.py:150} INFO - [2023-10-10T17:46:44.858+0000] {dag.py:3508} INFO - Setting next_dagrun for example_python_operator to None, run_after=None
[2023-10-10T17:46:44.893+0000] {processor.py:179} INFO - Processing /home/airflow/.local/lib/python3.7/site-packages/airflow/example_dags/example_python_operator.py took 0.158 seconds
[2023-10-10T17:47:15.051+0000] {processor.py:157} INFO - Started process (PID=1854) to work on /home/airflow/.local/lib/python3.7/site-packages/airflow/example_dags/example_python_operator.py
[2023-10-10T17:47:15.054+0000] {processor.py:826} INFO - Processing file /home/airflow/.local/lib/python3.7/site-packages/airflow/example_dags/example_python_operator.py for tasks to queue
[2023-10-10T17:47:15.056+0000] {logging_mixin.py:150} INFO - [2023-10-10T17:47:15.055+0000] {dagbag.py:541} INFO - Filling up the DagBag from /home/airflow/.local/lib/python3.7/site-packages/airflow/example_dags/example_python_operator.py
[2023-10-10T17:47:15.076+0000] {processor.py:836} INFO - DAG(s) dict_keys(['example_python_operator']) retrieved from /home/airflow/.local/lib/python3.7/site-packages/airflow/example_dags/example_python_operator.py
[2023-10-10T17:47:15.128+0000] {logging_mixin.py:150} INFO - [2023-10-10T17:47:15.128+0000] {dag.py:2742} INFO - Sync 1 DAGs
[2023-10-10T17:47:15.174+0000] {logging_mixin.py:150} INFO - [2023-10-10T17:47:15.173+0000] {dag.py:3508} INFO - Setting next_dagrun for example_python_operator to None, run_after=None
[2023-10-10T17:47:15.209+0000] {processor.py:179} INFO - Processing /home/airflow/.local/lib/python3.7/site-packages/airflow/example_dags/example_python_operator.py took 0.164 seconds
[2023-10-10T17:47:45.506+0000] {processor.py:157} INFO - Started process (PID=1934) to work on /home/airflow/.local/lib/python3.7/site-packages/airflow/example_dags/example_python_operator.py
[2023-10-10T17:47:45.508+0000] {processor.py:826} INFO - Processing file /home/airflow/.local/lib/python3.7/site-packages/airflow/example_dags/example_python_operator.py for tasks to queue
[2023-10-10T17:47:45.510+0000] {logging_mixin.py:150} INFO - [2023-10-10T17:47:45.510+0000] {dagbag.py:541} INFO - Filling up the DagBag from /home/airflow/.local/lib/python3.7/site-packages/airflow/example_dags/example_python_operator.py
[2023-10-10T17:47:45.529+0000] {processor.py:836} INFO - DAG(s) dict_keys(['example_python_operator']) retrieved from /home/airflow/.local/lib/python3.7/site-packages/airflow/example_dags/example_python_operator.py
[2023-10-10T17:47:45.576+0000] {logging_mixin.py:150} INFO - [2023-10-10T17:47:45.575+0000] {dag.py:2742} INFO - Sync 1 DAGs
[2023-10-10T17:47:45.621+0000] {logging_mixin.py:150} INFO - [2023-10-10T17:47:45.620+0000] {dag.py:3508} INFO - Setting next_dagrun for example_python_operator to None, run_after=None
[2023-10-10T17:47:45.663+0000] {processor.py:179} INFO - Processing /home/airflow/.local/lib/python3.7/site-packages/airflow/example_dags/example_python_operator.py took 0.163 seconds
[2023-10-10T17:48:15.810+0000] {processor.py:157} INFO - Started process (PID=2023) to work on /home/airflow/.local/lib/python3.7/site-packages/airflow/example_dags/example_python_operator.py
[2023-10-10T17:48:15.812+0000] {processor.py:826} INFO - Processing file /home/airflow/.local/lib/python3.7/site-packages/airflow/example_dags/example_python_operator.py for tasks to queue
[2023-10-10T17:48:15.814+0000] {logging_mixin.py:150} INFO - [2023-10-10T17:48:15.814+0000] {dagbag.py:541} INFO - Filling up the DagBag from /home/airflow/.local/lib/python3.7/site-packages/airflow/example_dags/example_python_operator.py
[2023-10-10T17:48:15.832+0000] {processor.py:836} INFO - DAG(s) dict_keys(['example_python_operator']) retrieved from /home/airflow/.local/lib/python3.7/site-packages/airflow/example_dags/example_python_operator.py
[2023-10-10T17:48:15.872+0000] {logging_mixin.py:150} INFO - [2023-10-10T17:48:15.872+0000] {dag.py:2742} INFO - Sync 1 DAGs
[2023-10-10T17:48:15.911+0000] {logging_mixin.py:150} INFO - [2023-10-10T17:48:15.910+0000] {dag.py:3508} INFO - Setting next_dagrun for example_python_operator to None, run_after=None
[2023-10-10T17:48:15.942+0000] {processor.py:179} INFO - Processing /home/airflow/.local/lib/python3.7/site-packages/airflow/example_dags/example_python_operator.py took 0.137 seconds
[2023-10-10T17:48:46.817+0000] {processor.py:157} INFO - Started process (PID=2106) to work on /home/airflow/.local/lib/python3.7/site-packages/airflow/example_dags/example_python_operator.py
[2023-10-10T17:48:46.820+0000] {processor.py:826} INFO - Processing file /home/airflow/.local/lib/python3.7/site-packages/airflow/example_dags/example_python_operator.py for tasks to queue
[2023-10-10T17:48:46.822+0000] {logging_mixin.py:150} INFO - [2023-10-10T17:48:46.822+0000] {dagbag.py:541} INFO - Filling up the DagBag from /home/airflow/.local/lib/python3.7/site-packages/airflow/example_dags/example_python_operator.py
[2023-10-10T17:48:46.851+0000] {processor.py:836} INFO - DAG(s) dict_keys(['example_python_operator']) retrieved from /home/airflow/.local/lib/python3.7/site-packages/airflow/example_dags/example_python_operator.py
[2023-10-10T17:48:46.920+0000] {logging_mixin.py:150} INFO - [2023-10-10T17:48:46.920+0000] {dag.py:2742} INFO - Sync 1 DAGs
[2023-10-10T17:48:46.969+0000] {logging_mixin.py:150} INFO - [2023-10-10T17:48:46.969+0000] {dag.py:3508} INFO - Setting next_dagrun for example_python_operator to None, run_after=None
[2023-10-10T17:48:47.017+0000] {processor.py:179} INFO - Processing /home/airflow/.local/lib/python3.7/site-packages/airflow/example_dags/example_python_operator.py took 0.209 seconds
[2023-10-10T17:49:17.126+0000] {processor.py:157} INFO - Started process (PID=2199) to work on /home/airflow/.local/lib/python3.7/site-packages/airflow/example_dags/example_python_operator.py
[2023-10-10T17:49:17.128+0000] {processor.py:826} INFO - Processing file /home/airflow/.local/lib/python3.7/site-packages/airflow/example_dags/example_python_operator.py for tasks to queue
[2023-10-10T17:49:17.130+0000] {logging_mixin.py:150} INFO - [2023-10-10T17:49:17.130+0000] {dagbag.py:541} INFO - Filling up the DagBag from /home/airflow/.local/lib/python3.7/site-packages/airflow/example_dags/example_python_operator.py
[2023-10-10T17:49:17.146+0000] {processor.py:836} INFO - DAG(s) dict_keys(['example_python_operator']) retrieved from /home/airflow/.local/lib/python3.7/site-packages/airflow/example_dags/example_python_operator.py
[2023-10-10T17:49:17.180+0000] {logging_mixin.py:150} INFO - [2023-10-10T17:49:17.179+0000] {dag.py:2742} INFO - Sync 1 DAGs
[2023-10-10T17:49:17.213+0000] {logging_mixin.py:150} INFO - [2023-10-10T17:49:17.213+0000] {dag.py:3508} INFO - Setting next_dagrun for example_python_operator to None, run_after=None
[2023-10-10T17:49:17.244+0000] {processor.py:179} INFO - Processing /home/airflow/.local/lib/python3.7/site-packages/airflow/example_dags/example_python_operator.py took 0.123 seconds
[2023-10-10T17:49:47.941+0000] {processor.py:157} INFO - Started process (PID=2279) to work on /home/airflow/.local/lib/python3.7/site-packages/airflow/example_dags/example_python_operator.py
[2023-10-10T17:49:47.943+0000] {processor.py:826} INFO - Processing file /home/airflow/.local/lib/python3.7/site-packages/airflow/example_dags/example_python_operator.py for tasks to queue
[2023-10-10T17:49:47.945+0000] {logging_mixin.py:150} INFO - [2023-10-10T17:49:47.945+0000] {dagbag.py:541} INFO - Filling up the DagBag from /home/airflow/.local/lib/python3.7/site-packages/airflow/example_dags/example_python_operator.py
[2023-10-10T17:49:47.962+0000] {processor.py:836} INFO - DAG(s) dict_keys(['example_python_operator']) retrieved from /home/airflow/.local/lib/python3.7/site-packages/airflow/example_dags/example_python_operator.py
[2023-10-10T17:49:47.997+0000] {logging_mixin.py:150} INFO - [2023-10-10T17:49:47.996+0000] {dag.py:2742} INFO - Sync 1 DAGs
[2023-10-10T17:49:48.028+0000] {logging_mixin.py:150} INFO - [2023-10-10T17:49:48.028+0000] {dag.py:3508} INFO - Setting next_dagrun for example_python_operator to None, run_after=None
[2023-10-10T17:49:48.053+0000] {processor.py:179} INFO - Processing /home/airflow/.local/lib/python3.7/site-packages/airflow/example_dags/example_python_operator.py took 0.117 seconds
[2023-10-10T17:50:18.319+0000] {processor.py:157} INFO - Started process (PID=2369) to work on /home/airflow/.local/lib/python3.7/site-packages/airflow/example_dags/example_python_operator.py
[2023-10-10T17:50:18.321+0000] {processor.py:826} INFO - Processing file /home/airflow/.local/lib/python3.7/site-packages/airflow/example_dags/example_python_operator.py for tasks to queue
[2023-10-10T17:50:18.323+0000] {logging_mixin.py:150} INFO - [2023-10-10T17:50:18.322+0000] {dagbag.py:541} INFO - Filling up the DagBag from /home/airflow/.local/lib/python3.7/site-packages/airflow/example_dags/example_python_operator.py
[2023-10-10T17:50:18.338+0000] {processor.py:836} INFO - DAG(s) dict_keys(['example_python_operator']) retrieved from /home/airflow/.local/lib/python3.7/site-packages/airflow/example_dags/example_python_operator.py
[2023-10-10T17:50:18.376+0000] {logging_mixin.py:150} INFO - [2023-10-10T17:50:18.375+0000] {dag.py:2742} INFO - Sync 1 DAGs
[2023-10-10T17:50:18.415+0000] {logging_mixin.py:150} INFO - [2023-10-10T17:50:18.415+0000] {dag.py:3508} INFO - Setting next_dagrun for example_python_operator to None, run_after=None
[2023-10-10T17:50:18.487+0000] {processor.py:179} INFO - Processing /home/airflow/.local/lib/python3.7/site-packages/airflow/example_dags/example_python_operator.py took 0.173 seconds
[2023-10-10T17:50:49.303+0000] {processor.py:157} INFO - Started process (PID=2450) to work on /home/airflow/.local/lib/python3.7/site-packages/airflow/example_dags/example_python_operator.py
[2023-10-10T17:50:49.305+0000] {processor.py:826} INFO - Processing file /home/airflow/.local/lib/python3.7/site-packages/airflow/example_dags/example_python_operator.py for tasks to queue
[2023-10-10T17:50:49.307+0000] {logging_mixin.py:150} INFO - [2023-10-10T17:50:49.306+0000] {dagbag.py:541} INFO - Filling up the DagBag from /home/airflow/.local/lib/python3.7/site-packages/airflow/example_dags/example_python_operator.py
[2023-10-10T17:50:49.323+0000] {processor.py:836} INFO - DAG(s) dict_keys(['example_python_operator']) retrieved from /home/airflow/.local/lib/python3.7/site-packages/airflow/example_dags/example_python_operator.py
[2023-10-10T17:50:49.336+0000] {logging_mixin.py:150} INFO - [2023-10-10T17:50:49.336+0000] {dag.py:2742} INFO - Sync 1 DAGs
[2023-10-10T17:50:49.368+0000] {logging_mixin.py:150} INFO - [2023-10-10T17:50:49.368+0000] {dag.py:3508} INFO - Setting next_dagrun for example_python_operator to None, run_after=None
[2023-10-10T17:50:49.395+0000] {processor.py:179} INFO - Processing /home/airflow/.local/lib/python3.7/site-packages/airflow/example_dags/example_python_operator.py took 0.118 seconds
[2023-10-10T17:51:19.580+0000] {processor.py:157} INFO - Started process (PID=2539) to work on /home/airflow/.local/lib/python3.7/site-packages/airflow/example_dags/example_python_operator.py
[2023-10-10T17:51:19.581+0000] {processor.py:826} INFO - Processing file /home/airflow/.local/lib/python3.7/site-packages/airflow/example_dags/example_python_operator.py for tasks to queue
[2023-10-10T17:51:19.583+0000] {logging_mixin.py:150} INFO - [2023-10-10T17:51:19.582+0000] {dagbag.py:541} INFO - Filling up the DagBag from /home/airflow/.local/lib/python3.7/site-packages/airflow/example_dags/example_python_operator.py
[2023-10-10T17:51:19.598+0000] {processor.py:836} INFO - DAG(s) dict_keys(['example_python_operator']) retrieved from /home/airflow/.local/lib/python3.7/site-packages/airflow/example_dags/example_python_operator.py
[2023-10-10T17:51:19.631+0000] {logging_mixin.py:150} INFO - [2023-10-10T17:51:19.631+0000] {dag.py:2742} INFO - Sync 1 DAGs
[2023-10-10T17:51:19.665+0000] {logging_mixin.py:150} INFO - [2023-10-10T17:51:19.665+0000] {dag.py:3508} INFO - Setting next_dagrun for example_python_operator to None, run_after=None
[2023-10-10T17:51:19.693+0000] {processor.py:179} INFO - Processing /home/airflow/.local/lib/python3.7/site-packages/airflow/example_dags/example_python_operator.py took 0.118 seconds
[2023-10-10T17:51:50.456+0000] {processor.py:157} INFO - Started process (PID=2624) to work on /home/airflow/.local/lib/python3.7/site-packages/airflow/example_dags/example_python_operator.py
[2023-10-10T17:51:50.457+0000] {processor.py:826} INFO - Processing file /home/airflow/.local/lib/python3.7/site-packages/airflow/example_dags/example_python_operator.py for tasks to queue
[2023-10-10T17:51:50.459+0000] {logging_mixin.py:150} INFO - [2023-10-10T17:51:50.459+0000] {dagbag.py:541} INFO - Filling up the DagBag from /home/airflow/.local/lib/python3.7/site-packages/airflow/example_dags/example_python_operator.py
[2023-10-10T17:51:50.474+0000] {processor.py:836} INFO - DAG(s) dict_keys(['example_python_operator']) retrieved from /home/airflow/.local/lib/python3.7/site-packages/airflow/example_dags/example_python_operator.py
[2023-10-10T17:51:50.512+0000] {logging_mixin.py:150} INFO - [2023-10-10T17:51:50.511+0000] {dag.py:2742} INFO - Sync 1 DAGs
[2023-10-10T17:51:50.586+0000] {logging_mixin.py:150} INFO - [2023-10-10T17:51:50.585+0000] {dag.py:3508} INFO - Setting next_dagrun for example_python_operator to None, run_after=None
[2023-10-10T17:51:50.680+0000] {processor.py:179} INFO - Processing /home/airflow/.local/lib/python3.7/site-packages/airflow/example_dags/example_python_operator.py took 0.229 seconds
[2023-10-10T17:52:20.746+0000] {processor.py:157} INFO - Started process (PID=2705) to work on /home/airflow/.local/lib/python3.7/site-packages/airflow/example_dags/example_python_operator.py
[2023-10-10T17:52:20.750+0000] {processor.py:826} INFO - Processing file /home/airflow/.local/lib/python3.7/site-packages/airflow/example_dags/example_python_operator.py for tasks to queue
[2023-10-10T17:52:20.753+0000] {logging_mixin.py:150} INFO - [2023-10-10T17:52:20.752+0000] {dagbag.py:541} INFO - Filling up the DagBag from /home/airflow/.local/lib/python3.7/site-packages/airflow/example_dags/example_python_operator.py
[2023-10-10T17:52:20.782+0000] {processor.py:836} INFO - DAG(s) dict_keys(['example_python_operator']) retrieved from /home/airflow/.local/lib/python3.7/site-packages/airflow/example_dags/example_python_operator.py
[2023-10-10T17:52:20.834+0000] {logging_mixin.py:150} INFO - [2023-10-10T17:52:20.834+0000] {dag.py:2742} INFO - Sync 1 DAGs
[2023-10-10T17:52:20.886+0000] {logging_mixin.py:150} INFO - [2023-10-10T17:52:20.886+0000] {dag.py:3508} INFO - Setting next_dagrun for example_python_operator to None, run_after=None
[2023-10-10T17:52:20.913+0000] {processor.py:179} INFO - Processing /home/airflow/.local/lib/python3.7/site-packages/airflow/example_dags/example_python_operator.py took 0.174 seconds
[2023-10-10T17:52:51.172+0000] {processor.py:157} INFO - Started process (PID=2795) to work on /home/airflow/.local/lib/python3.7/site-packages/airflow/example_dags/example_python_operator.py
[2023-10-10T17:52:51.174+0000] {processor.py:826} INFO - Processing file /home/airflow/.local/lib/python3.7/site-packages/airflow/example_dags/example_python_operator.py for tasks to queue
[2023-10-10T17:52:51.176+0000] {logging_mixin.py:150} INFO - [2023-10-10T17:52:51.175+0000] {dagbag.py:541} INFO - Filling up the DagBag from /home/airflow/.local/lib/python3.7/site-packages/airflow/example_dags/example_python_operator.py
[2023-10-10T17:52:51.193+0000] {processor.py:836} INFO - DAG(s) dict_keys(['example_python_operator']) retrieved from /home/airflow/.local/lib/python3.7/site-packages/airflow/example_dags/example_python_operator.py
[2023-10-10T17:52:51.229+0000] {logging_mixin.py:150} INFO - [2023-10-10T17:52:51.228+0000] {dag.py:2742} INFO - Sync 1 DAGs
[2023-10-10T17:52:51.264+0000] {logging_mixin.py:150} INFO - [2023-10-10T17:52:51.264+0000] {dag.py:3508} INFO - Setting next_dagrun for example_python_operator to None, run_after=None
[2023-10-10T17:52:51.296+0000] {processor.py:179} INFO - Processing /home/airflow/.local/lib/python3.7/site-packages/airflow/example_dags/example_python_operator.py took 0.128 seconds
[2023-10-10T17:53:21.873+0000] {processor.py:157} INFO - Started process (PID=2878) to work on /home/airflow/.local/lib/python3.7/site-packages/airflow/example_dags/example_python_operator.py
[2023-10-10T17:53:21.876+0000] {processor.py:826} INFO - Processing file /home/airflow/.local/lib/python3.7/site-packages/airflow/example_dags/example_python_operator.py for tasks to queue
[2023-10-10T17:53:21.878+0000] {logging_mixin.py:150} INFO - [2023-10-10T17:53:21.877+0000] {dagbag.py:541} INFO - Filling up the DagBag from /home/airflow/.local/lib/python3.7/site-packages/airflow/example_dags/example_python_operator.py
[2023-10-10T17:53:21.901+0000] {processor.py:836} INFO - DAG(s) dict_keys(['example_python_operator']) retrieved from /home/airflow/.local/lib/python3.7/site-packages/airflow/example_dags/example_python_operator.py
[2023-10-10T17:53:21.950+0000] {logging_mixin.py:150} INFO - [2023-10-10T17:53:21.950+0000] {dag.py:2742} INFO - Sync 1 DAGs
[2023-10-10T17:53:21.995+0000] {logging_mixin.py:150} INFO - [2023-10-10T17:53:21.994+0000] {dag.py:3508} INFO - Setting next_dagrun for example_python_operator to None, run_after=None
[2023-10-10T17:53:22.027+0000] {processor.py:179} INFO - Processing /home/airflow/.local/lib/python3.7/site-packages/airflow/example_dags/example_python_operator.py took 0.161 seconds
[2023-10-10T17:53:52.788+0000] {processor.py:157} INFO - Started process (PID=2968) to work on /home/airflow/.local/lib/python3.7/site-packages/airflow/example_dags/example_python_operator.py
[2023-10-10T17:53:52.791+0000] {processor.py:826} INFO - Processing file /home/airflow/.local/lib/python3.7/site-packages/airflow/example_dags/example_python_operator.py for tasks to queue
[2023-10-10T17:53:52.794+0000] {logging_mixin.py:150} INFO - [2023-10-10T17:53:52.793+0000] {dagbag.py:541} INFO - Filling up the DagBag from /home/airflow/.local/lib/python3.7/site-packages/airflow/example_dags/example_python_operator.py
[2023-10-10T17:53:52.821+0000] {processor.py:836} INFO - DAG(s) dict_keys(['example_python_operator']) retrieved from /home/airflow/.local/lib/python3.7/site-packages/airflow/example_dags/example_python_operator.py
[2023-10-10T17:53:52.876+0000] {logging_mixin.py:150} INFO - [2023-10-10T17:53:52.876+0000] {dag.py:2742} INFO - Sync 1 DAGs
[2023-10-10T17:53:52.936+0000] {logging_mixin.py:150} INFO - [2023-10-10T17:53:52.936+0000] {dag.py:3508} INFO - Setting next_dagrun for example_python_operator to None, run_after=None
[2023-10-10T17:53:52.990+0000] {processor.py:179} INFO - Processing /home/airflow/.local/lib/python3.7/site-packages/airflow/example_dags/example_python_operator.py took 0.214 seconds
[2023-10-10T17:54:23.889+0000] {processor.py:157} INFO - Started process (PID=3049) to work on /home/airflow/.local/lib/python3.7/site-packages/airflow/example_dags/example_python_operator.py
[2023-10-10T17:54:23.892+0000] {processor.py:826} INFO - Processing file /home/airflow/.local/lib/python3.7/site-packages/airflow/example_dags/example_python_operator.py for tasks to queue
[2023-10-10T17:54:23.896+0000] {logging_mixin.py:150} INFO - [2023-10-10T17:54:23.896+0000] {dagbag.py:541} INFO - Filling up the DagBag from /home/airflow/.local/lib/python3.7/site-packages/airflow/example_dags/example_python_operator.py
[2023-10-10T17:54:23.931+0000] {processor.py:836} INFO - DAG(s) dict_keys(['example_python_operator']) retrieved from /home/airflow/.local/lib/python3.7/site-packages/airflow/example_dags/example_python_operator.py
[2023-10-10T17:54:23.985+0000] {logging_mixin.py:150} INFO - [2023-10-10T17:54:23.985+0000] {dag.py:2742} INFO - Sync 1 DAGs
[2023-10-10T17:54:24.023+0000] {logging_mixin.py:150} INFO - [2023-10-10T17:54:24.023+0000] {dag.py:3508} INFO - Setting next_dagrun for example_python_operator to None, run_after=None
[2023-10-10T17:54:24.049+0000] {processor.py:179} INFO - Processing /home/airflow/.local/lib/python3.7/site-packages/airflow/example_dags/example_python_operator.py took 0.166 seconds
[2023-10-10T17:54:54.993+0000] {processor.py:157} INFO - Started process (PID=3160) to work on /home/airflow/.local/lib/python3.7/site-packages/airflow/example_dags/example_python_operator.py
[2023-10-10T17:54:54.997+0000] {processor.py:826} INFO - Processing file /home/airflow/.local/lib/python3.7/site-packages/airflow/example_dags/example_python_operator.py for tasks to queue
[2023-10-10T17:54:54.999+0000] {logging_mixin.py:150} INFO - [2023-10-10T17:54:54.999+0000] {dagbag.py:541} INFO - Filling up the DagBag from /home/airflow/.local/lib/python3.7/site-packages/airflow/example_dags/example_python_operator.py
[2023-10-10T17:54:55.023+0000] {processor.py:836} INFO - DAG(s) dict_keys(['example_python_operator']) retrieved from /home/airflow/.local/lib/python3.7/site-packages/airflow/example_dags/example_python_operator.py
[2023-10-10T17:54:55.087+0000] {logging_mixin.py:150} INFO - [2023-10-10T17:54:55.086+0000] {dag.py:2742} INFO - Sync 1 DAGs
[2023-10-10T17:54:55.128+0000] {logging_mixin.py:150} INFO - [2023-10-10T17:54:55.128+0000] {dag.py:3508} INFO - Setting next_dagrun for example_python_operator to None, run_after=None
[2023-10-10T17:54:55.159+0000] {processor.py:179} INFO - Processing /home/airflow/.local/lib/python3.7/site-packages/airflow/example_dags/example_python_operator.py took 0.173 seconds
[2023-10-10T17:56:04.508+0000] {processor.py:157} INFO - Started process (PID=3233) to work on /home/airflow/.local/lib/python3.7/site-packages/airflow/example_dags/example_python_operator.py
[2023-10-10T17:56:04.512+0000] {processor.py:826} INFO - Processing file /home/airflow/.local/lib/python3.7/site-packages/airflow/example_dags/example_python_operator.py for tasks to queue
[2023-10-10T17:56:04.514+0000] {logging_mixin.py:150} INFO - [2023-10-10T17:56:04.513+0000] {dagbag.py:541} INFO - Filling up the DagBag from /home/airflow/.local/lib/python3.7/site-packages/airflow/example_dags/example_python_operator.py
[2023-10-10T17:56:04.535+0000] {processor.py:836} INFO - DAG(s) dict_keys(['example_python_operator']) retrieved from /home/airflow/.local/lib/python3.7/site-packages/airflow/example_dags/example_python_operator.py
[2023-10-10T17:56:04.584+0000] {logging_mixin.py:150} INFO - [2023-10-10T17:56:04.584+0000] {dag.py:2742} INFO - Sync 1 DAGs
[2023-10-10T17:56:04.635+0000] {logging_mixin.py:150} INFO - [2023-10-10T17:56:04.635+0000] {dag.py:3508} INFO - Setting next_dagrun for example_python_operator to None, run_after=None
[2023-10-10T17:56:04.672+0000] {processor.py:179} INFO - Processing /home/airflow/.local/lib/python3.7/site-packages/airflow/example_dags/example_python_operator.py took 0.169 seconds
[2023-10-10T17:56:36.098+0000] {processor.py:157} INFO - Started process (PID=3314) to work on /home/airflow/.local/lib/python3.7/site-packages/airflow/example_dags/example_python_operator.py
[2023-10-10T17:56:36.102+0000] {processor.py:826} INFO - Processing file /home/airflow/.local/lib/python3.7/site-packages/airflow/example_dags/example_python_operator.py for tasks to queue
[2023-10-10T17:56:36.108+0000] {logging_mixin.py:150} INFO - [2023-10-10T17:56:36.106+0000] {dagbag.py:541} INFO - Filling up the DagBag from /home/airflow/.local/lib/python3.7/site-packages/airflow/example_dags/example_python_operator.py
[2023-10-10T17:56:36.152+0000] {processor.py:836} INFO - DAG(s) dict_keys(['example_python_operator']) retrieved from /home/airflow/.local/lib/python3.7/site-packages/airflow/example_dags/example_python_operator.py
[2023-10-10T17:56:36.237+0000] {logging_mixin.py:150} INFO - [2023-10-10T17:56:36.237+0000] {dag.py:2742} INFO - Sync 1 DAGs
[2023-10-10T17:56:36.345+0000] {logging_mixin.py:150} INFO - [2023-10-10T17:56:36.344+0000] {dag.py:3508} INFO - Setting next_dagrun for example_python_operator to None, run_after=None
[2023-10-10T17:56:36.409+0000] {processor.py:179} INFO - Processing /home/airflow/.local/lib/python3.7/site-packages/airflow/example_dags/example_python_operator.py took 0.321 seconds
[2023-10-10T17:57:15.059+0000] {processor.py:157} INFO - Started process (PID=3395) to work on /home/airflow/.local/lib/python3.7/site-packages/airflow/example_dags/example_python_operator.py
[2023-10-10T17:57:15.077+0000] {processor.py:826} INFO - Processing file /home/airflow/.local/lib/python3.7/site-packages/airflow/example_dags/example_python_operator.py for tasks to queue
[2023-10-10T17:57:15.084+0000] {logging_mixin.py:150} INFO - [2023-10-10T17:57:15.083+0000] {dagbag.py:541} INFO - Filling up the DagBag from /home/airflow/.local/lib/python3.7/site-packages/airflow/example_dags/example_python_operator.py
[2023-10-10T17:57:15.231+0000] {processor.py:836} INFO - DAG(s) dict_keys(['example_python_operator']) retrieved from /home/airflow/.local/lib/python3.7/site-packages/airflow/example_dags/example_python_operator.py
[2023-10-10T17:57:15.617+0000] {logging_mixin.py:150} INFO - [2023-10-10T17:57:15.616+0000] {dag.py:2742} INFO - Sync 1 DAGs
[2023-10-10T17:57:16.121+0000] {logging_mixin.py:150} INFO - [2023-10-10T17:57:16.108+0000] {dag.py:3508} INFO - Setting next_dagrun for example_python_operator to None, run_after=None
[2023-10-10T17:57:16.325+0000] {processor.py:179} INFO - Processing /home/airflow/.local/lib/python3.7/site-packages/airflow/example_dags/example_python_operator.py took 1.312 seconds
[2023-10-10T17:58:23.980+0000] {processor.py:157} INFO - Started process (PID=3507) to work on /home/airflow/.local/lib/python3.7/site-packages/airflow/example_dags/example_python_operator.py
[2023-10-10T17:58:24.010+0000] {processor.py:826} INFO - Processing file /home/airflow/.local/lib/python3.7/site-packages/airflow/example_dags/example_python_operator.py for tasks to queue
[2023-10-10T17:58:24.048+0000] {logging_mixin.py:150} INFO - [2023-10-10T17:58:24.033+0000] {dagbag.py:541} INFO - Filling up the DagBag from /home/airflow/.local/lib/python3.7/site-packages/airflow/example_dags/example_python_operator.py
[2023-10-10T17:58:24.432+0000] {processor.py:836} INFO - DAG(s) dict_keys(['example_python_operator']) retrieved from /home/airflow/.local/lib/python3.7/site-packages/airflow/example_dags/example_python_operator.py
[2023-10-10T17:58:25.550+0000] {logging_mixin.py:150} INFO - [2023-10-10T17:58:25.546+0000] {dag.py:2742} INFO - Sync 1 DAGs
[2023-10-10T17:58:26.186+0000] {logging_mixin.py:150} INFO - [2023-10-10T17:58:26.184+0000] {dag.py:3508} INFO - Setting next_dagrun for example_python_operator to None, run_after=None
[2023-10-10T17:58:26.685+0000] {processor.py:179} INFO - Processing /home/airflow/.local/lib/python3.7/site-packages/airflow/example_dags/example_python_operator.py took 2.832 seconds
[2023-10-10T17:58:57.791+0000] {processor.py:157} INFO - Started process (PID=3588) to work on /home/airflow/.local/lib/python3.7/site-packages/airflow/example_dags/example_python_operator.py
[2023-10-10T17:58:57.803+0000] {processor.py:826} INFO - Processing file /home/airflow/.local/lib/python3.7/site-packages/airflow/example_dags/example_python_operator.py for tasks to queue
[2023-10-10T17:58:57.809+0000] {logging_mixin.py:150} INFO - [2023-10-10T17:58:57.808+0000] {dagbag.py:541} INFO - Filling up the DagBag from /home/airflow/.local/lib/python3.7/site-packages/airflow/example_dags/example_python_operator.py
[2023-10-10T17:58:57.919+0000] {processor.py:836} INFO - DAG(s) dict_keys(['example_python_operator']) retrieved from /home/airflow/.local/lib/python3.7/site-packages/airflow/example_dags/example_python_operator.py
[2023-10-10T17:58:58.282+0000] {logging_mixin.py:150} INFO - [2023-10-10T17:58:58.281+0000] {dag.py:2742} INFO - Sync 1 DAGs
[2023-10-10T17:58:58.538+0000] {logging_mixin.py:150} INFO - [2023-10-10T17:58:58.537+0000] {dag.py:3508} INFO - Setting next_dagrun for example_python_operator to None, run_after=None
[2023-10-10T17:58:58.673+0000] {processor.py:179} INFO - Processing /home/airflow/.local/lib/python3.7/site-packages/airflow/example_dags/example_python_operator.py took 0.903 seconds
[2023-10-10T17:59:43.317+0000] {processor.py:157} INFO - Started process (PID=3683) to work on /home/airflow/.local/lib/python3.7/site-packages/airflow/example_dags/example_python_operator.py
[2023-10-10T17:59:43.329+0000] {processor.py:826} INFO - Processing file /home/airflow/.local/lib/python3.7/site-packages/airflow/example_dags/example_python_operator.py for tasks to queue
[2023-10-10T17:59:43.352+0000] {logging_mixin.py:150} INFO - [2023-10-10T17:59:43.350+0000] {dagbag.py:541} INFO - Filling up the DagBag from /home/airflow/.local/lib/python3.7/site-packages/airflow/example_dags/example_python_operator.py
[2023-10-10T17:59:43.458+0000] {processor.py:836} INFO - DAG(s) dict_keys(['example_python_operator']) retrieved from /home/airflow/.local/lib/python3.7/site-packages/airflow/example_dags/example_python_operator.py
[2023-10-10T17:59:43.619+0000] {logging_mixin.py:150} INFO - [2023-10-10T17:59:43.618+0000] {dag.py:2742} INFO - Sync 1 DAGs
[2023-10-10T17:59:43.805+0000] {logging_mixin.py:150} INFO - [2023-10-10T17:59:43.804+0000] {dag.py:3508} INFO - Setting next_dagrun for example_python_operator to None, run_after=None
[2023-10-10T17:59:43.973+0000] {processor.py:179} INFO - Processing /home/airflow/.local/lib/python3.7/site-packages/airflow/example_dags/example_python_operator.py took 0.676 seconds
[2023-10-10T18:00:14.213+0000] {processor.py:157} INFO - Started process (PID=3756) to work on /home/airflow/.local/lib/python3.7/site-packages/airflow/example_dags/example_python_operator.py
[2023-10-10T18:00:14.217+0000] {processor.py:826} INFO - Processing file /home/airflow/.local/lib/python3.7/site-packages/airflow/example_dags/example_python_operator.py for tasks to queue
[2023-10-10T18:00:14.222+0000] {logging_mixin.py:150} INFO - [2023-10-10T18:00:14.221+0000] {dagbag.py:541} INFO - Filling up the DagBag from /home/airflow/.local/lib/python3.7/site-packages/airflow/example_dags/example_python_operator.py
[2023-10-10T18:00:14.256+0000] {processor.py:836} INFO - DAG(s) dict_keys(['example_python_operator']) retrieved from /home/airflow/.local/lib/python3.7/site-packages/airflow/example_dags/example_python_operator.py
[2023-10-10T18:00:14.334+0000] {logging_mixin.py:150} INFO - [2023-10-10T18:00:14.334+0000] {dag.py:2742} INFO - Sync 1 DAGs
[2023-10-10T18:00:14.407+0000] {logging_mixin.py:150} INFO - [2023-10-10T18:00:14.407+0000] {dag.py:3508} INFO - Setting next_dagrun for example_python_operator to None, run_after=None
[2023-10-10T18:00:14.463+0000] {processor.py:179} INFO - Processing /home/airflow/.local/lib/python3.7/site-packages/airflow/example_dags/example_python_operator.py took 0.261 seconds
[2023-10-10T18:00:45.247+0000] {processor.py:157} INFO - Started process (PID=3840) to work on /home/airflow/.local/lib/python3.7/site-packages/airflow/example_dags/example_python_operator.py
[2023-10-10T18:00:45.253+0000] {processor.py:826} INFO - Processing file /home/airflow/.local/lib/python3.7/site-packages/airflow/example_dags/example_python_operator.py for tasks to queue
[2023-10-10T18:00:45.255+0000] {logging_mixin.py:150} INFO - [2023-10-10T18:00:45.255+0000] {dagbag.py:541} INFO - Filling up the DagBag from /home/airflow/.local/lib/python3.7/site-packages/airflow/example_dags/example_python_operator.py
[2023-10-10T18:00:45.279+0000] {processor.py:836} INFO - DAG(s) dict_keys(['example_python_operator']) retrieved from /home/airflow/.local/lib/python3.7/site-packages/airflow/example_dags/example_python_operator.py
[2023-10-10T18:00:45.338+0000] {logging_mixin.py:150} INFO - [2023-10-10T18:00:45.337+0000] {dag.py:2742} INFO - Sync 1 DAGs
[2023-10-10T18:00:45.391+0000] {logging_mixin.py:150} INFO - [2023-10-10T18:00:45.391+0000] {dag.py:3508} INFO - Setting next_dagrun for example_python_operator to None, run_after=None
[2023-10-10T18:00:45.433+0000] {processor.py:179} INFO - Processing /home/airflow/.local/lib/python3.7/site-packages/airflow/example_dags/example_python_operator.py took 0.192 seconds
[2023-10-10T18:01:15.804+0000] {processor.py:157} INFO - Started process (PID=3921) to work on /home/airflow/.local/lib/python3.7/site-packages/airflow/example_dags/example_python_operator.py
[2023-10-10T18:01:15.806+0000] {processor.py:826} INFO - Processing file /home/airflow/.local/lib/python3.7/site-packages/airflow/example_dags/example_python_operator.py for tasks to queue
[2023-10-10T18:01:15.809+0000] {logging_mixin.py:150} INFO - [2023-10-10T18:01:15.808+0000] {dagbag.py:541} INFO - Filling up the DagBag from /home/airflow/.local/lib/python3.7/site-packages/airflow/example_dags/example_python_operator.py
[2023-10-10T18:01:15.834+0000] {processor.py:836} INFO - DAG(s) dict_keys(['example_python_operator']) retrieved from /home/airflow/.local/lib/python3.7/site-packages/airflow/example_dags/example_python_operator.py
[2023-10-10T18:01:15.890+0000] {logging_mixin.py:150} INFO - [2023-10-10T18:01:15.889+0000] {dag.py:2742} INFO - Sync 1 DAGs
[2023-10-10T18:01:15.942+0000] {logging_mixin.py:150} INFO - [2023-10-10T18:01:15.942+0000] {dag.py:3508} INFO - Setting next_dagrun for example_python_operator to None, run_after=None
[2023-10-10T18:01:15.982+0000] {processor.py:179} INFO - Processing /home/airflow/.local/lib/python3.7/site-packages/airflow/example_dags/example_python_operator.py took 0.186 seconds
[2023-10-10T18:01:46.179+0000] {processor.py:157} INFO - Started process (PID=4002) to work on /home/airflow/.local/lib/python3.7/site-packages/airflow/example_dags/example_python_operator.py
[2023-10-10T18:01:46.183+0000] {processor.py:826} INFO - Processing file /home/airflow/.local/lib/python3.7/site-packages/airflow/example_dags/example_python_operator.py for tasks to queue
[2023-10-10T18:01:46.190+0000] {logging_mixin.py:150} INFO - [2023-10-10T18:01:46.189+0000] {dagbag.py:541} INFO - Filling up the DagBag from /home/airflow/.local/lib/python3.7/site-packages/airflow/example_dags/example_python_operator.py
[2023-10-10T18:01:46.232+0000] {processor.py:836} INFO - DAG(s) dict_keys(['example_python_operator']) retrieved from /home/airflow/.local/lib/python3.7/site-packages/airflow/example_dags/example_python_operator.py
[2023-10-10T18:01:46.309+0000] {logging_mixin.py:150} INFO - [2023-10-10T18:01:46.308+0000] {dag.py:2742} INFO - Sync 1 DAGs
[2023-10-10T18:01:46.381+0000] {logging_mixin.py:150} INFO - [2023-10-10T18:01:46.380+0000] {dag.py:3508} INFO - Setting next_dagrun for example_python_operator to None, run_after=None
[2023-10-10T18:01:46.460+0000] {processor.py:179} INFO - Processing /home/airflow/.local/lib/python3.7/site-packages/airflow/example_dags/example_python_operator.py took 0.293 seconds
[2023-10-10T18:02:16.662+0000] {processor.py:157} INFO - Started process (PID=4083) to work on /home/airflow/.local/lib/python3.7/site-packages/airflow/example_dags/example_python_operator.py
[2023-10-10T18:02:16.665+0000] {processor.py:826} INFO - Processing file /home/airflow/.local/lib/python3.7/site-packages/airflow/example_dags/example_python_operator.py for tasks to queue
[2023-10-10T18:02:16.668+0000] {logging_mixin.py:150} INFO - [2023-10-10T18:02:16.668+0000] {dagbag.py:541} INFO - Filling up the DagBag from /home/airflow/.local/lib/python3.7/site-packages/airflow/example_dags/example_python_operator.py
[2023-10-10T18:02:16.698+0000] {processor.py:836} INFO - DAG(s) dict_keys(['example_python_operator']) retrieved from /home/airflow/.local/lib/python3.7/site-packages/airflow/example_dags/example_python_operator.py
[2023-10-10T18:02:16.762+0000] {logging_mixin.py:150} INFO - [2023-10-10T18:02:16.761+0000] {dag.py:2742} INFO - Sync 1 DAGs
[2023-10-10T18:02:16.829+0000] {logging_mixin.py:150} INFO - [2023-10-10T18:02:16.829+0000] {dag.py:3508} INFO - Setting next_dagrun for example_python_operator to None, run_after=None
[2023-10-10T18:02:16.877+0000] {processor.py:179} INFO - Processing /home/airflow/.local/lib/python3.7/site-packages/airflow/example_dags/example_python_operator.py took 0.225 seconds
[2023-10-10T18:02:46.992+0000] {processor.py:157} INFO - Started process (PID=4171) to work on /home/airflow/.local/lib/python3.7/site-packages/airflow/example_dags/example_python_operator.py
[2023-10-10T18:02:46.994+0000] {processor.py:826} INFO - Processing file /home/airflow/.local/lib/python3.7/site-packages/airflow/example_dags/example_python_operator.py for tasks to queue
[2023-10-10T18:02:46.997+0000] {logging_mixin.py:150} INFO - [2023-10-10T18:02:46.996+0000] {dagbag.py:541} INFO - Filling up the DagBag from /home/airflow/.local/lib/python3.7/site-packages/airflow/example_dags/example_python_operator.py
[2023-10-10T18:02:47.023+0000] {processor.py:836} INFO - DAG(s) dict_keys(['example_python_operator']) retrieved from /home/airflow/.local/lib/python3.7/site-packages/airflow/example_dags/example_python_operator.py
[2023-10-10T18:02:47.085+0000] {logging_mixin.py:150} INFO - [2023-10-10T18:02:47.085+0000] {dag.py:2742} INFO - Sync 1 DAGs
[2023-10-10T18:02:47.144+0000] {logging_mixin.py:150} INFO - [2023-10-10T18:02:47.144+0000] {dag.py:3508} INFO - Setting next_dagrun for example_python_operator to None, run_after=None
[2023-10-10T18:02:47.185+0000] {processor.py:179} INFO - Processing /home/airflow/.local/lib/python3.7/site-packages/airflow/example_dags/example_python_operator.py took 0.202 seconds
[2023-10-10T18:03:17.669+0000] {processor.py:157} INFO - Started process (PID=4254) to work on /home/airflow/.local/lib/python3.7/site-packages/airflow/example_dags/example_python_operator.py
[2023-10-10T18:03:17.671+0000] {processor.py:826} INFO - Processing file /home/airflow/.local/lib/python3.7/site-packages/airflow/example_dags/example_python_operator.py for tasks to queue
[2023-10-10T18:03:17.674+0000] {logging_mixin.py:150} INFO - [2023-10-10T18:03:17.673+0000] {dagbag.py:541} INFO - Filling up the DagBag from /home/airflow/.local/lib/python3.7/site-packages/airflow/example_dags/example_python_operator.py
[2023-10-10T18:03:17.699+0000] {processor.py:836} INFO - DAG(s) dict_keys(['example_python_operator']) retrieved from /home/airflow/.local/lib/python3.7/site-packages/airflow/example_dags/example_python_operator.py
[2023-10-10T18:03:17.751+0000] {logging_mixin.py:150} INFO - [2023-10-10T18:03:17.750+0000] {dag.py:2742} INFO - Sync 1 DAGs
[2023-10-10T18:03:17.807+0000] {logging_mixin.py:150} INFO - [2023-10-10T18:03:17.807+0000] {dag.py:3508} INFO - Setting next_dagrun for example_python_operator to None, run_after=None
[2023-10-10T18:03:17.840+0000] {processor.py:179} INFO - Processing /home/airflow/.local/lib/python3.7/site-packages/airflow/example_dags/example_python_operator.py took 0.178 seconds
[2023-10-10T18:03:48.635+0000] {processor.py:157} INFO - Started process (PID=4335) to work on /home/airflow/.local/lib/python3.7/site-packages/airflow/example_dags/example_python_operator.py
[2023-10-10T18:03:48.638+0000] {processor.py:826} INFO - Processing file /home/airflow/.local/lib/python3.7/site-packages/airflow/example_dags/example_python_operator.py for tasks to queue
[2023-10-10T18:03:48.640+0000] {logging_mixin.py:150} INFO - [2023-10-10T18:03:48.640+0000] {dagbag.py:541} INFO - Filling up the DagBag from /home/airflow/.local/lib/python3.7/site-packages/airflow/example_dags/example_python_operator.py
[2023-10-10T18:03:48.664+0000] {processor.py:836} INFO - DAG(s) dict_keys(['example_python_operator']) retrieved from /home/airflow/.local/lib/python3.7/site-packages/airflow/example_dags/example_python_operator.py
[2023-10-10T18:03:48.715+0000] {logging_mixin.py:150} INFO - [2023-10-10T18:03:48.715+0000] {dag.py:2742} INFO - Sync 1 DAGs
[2023-10-10T18:03:48.767+0000] {logging_mixin.py:150} INFO - [2023-10-10T18:03:48.767+0000] {dag.py:3508} INFO - Setting next_dagrun for example_python_operator to None, run_after=None
[2023-10-10T18:03:48.806+0000] {processor.py:179} INFO - Processing /home/airflow/.local/lib/python3.7/site-packages/airflow/example_dags/example_python_operator.py took 0.178 seconds
[2023-10-10T18:04:19.111+0000] {processor.py:157} INFO - Started process (PID=4424) to work on /home/airflow/.local/lib/python3.7/site-packages/airflow/example_dags/example_python_operator.py
[2023-10-10T18:04:19.114+0000] {processor.py:826} INFO - Processing file /home/airflow/.local/lib/python3.7/site-packages/airflow/example_dags/example_python_operator.py for tasks to queue
[2023-10-10T18:04:19.117+0000] {logging_mixin.py:150} INFO - [2023-10-10T18:04:19.116+0000] {dagbag.py:541} INFO - Filling up the DagBag from /home/airflow/.local/lib/python3.7/site-packages/airflow/example_dags/example_python_operator.py
[2023-10-10T18:04:19.145+0000] {processor.py:836} INFO - DAG(s) dict_keys(['example_python_operator']) retrieved from /home/airflow/.local/lib/python3.7/site-packages/airflow/example_dags/example_python_operator.py
[2023-10-10T18:04:19.207+0000] {logging_mixin.py:150} INFO - [2023-10-10T18:04:19.206+0000] {dag.py:2742} INFO - Sync 1 DAGs
[2023-10-10T18:04:19.265+0000] {logging_mixin.py:150} INFO - [2023-10-10T18:04:19.265+0000] {dag.py:3508} INFO - Setting next_dagrun for example_python_operator to None, run_after=None
[2023-10-10T18:04:19.308+0000] {processor.py:179} INFO - Processing /home/airflow/.local/lib/python3.7/site-packages/airflow/example_dags/example_python_operator.py took 0.206 seconds
[2023-10-10T18:04:49.483+0000] {processor.py:157} INFO - Started process (PID=4505) to work on /home/airflow/.local/lib/python3.7/site-packages/airflow/example_dags/example_python_operator.py
[2023-10-10T18:04:49.493+0000] {processor.py:826} INFO - Processing file /home/airflow/.local/lib/python3.7/site-packages/airflow/example_dags/example_python_operator.py for tasks to queue
[2023-10-10T18:04:49.514+0000] {logging_mixin.py:150} INFO - [2023-10-10T18:04:49.508+0000] {dagbag.py:541} INFO - Filling up the DagBag from /home/airflow/.local/lib/python3.7/site-packages/airflow/example_dags/example_python_operator.py
[2023-10-10T18:04:49.650+0000] {processor.py:836} INFO - DAG(s) dict_keys(['example_python_operator']) retrieved from /home/airflow/.local/lib/python3.7/site-packages/airflow/example_dags/example_python_operator.py
[2023-10-10T18:04:49.800+0000] {logging_mixin.py:150} INFO - [2023-10-10T18:04:49.799+0000] {dag.py:2742} INFO - Sync 1 DAGs
[2023-10-10T18:04:49.935+0000] {logging_mixin.py:150} INFO - [2023-10-10T18:04:49.935+0000] {dag.py:3508} INFO - Setting next_dagrun for example_python_operator to None, run_after=None
[2023-10-10T18:04:50.031+0000] {processor.py:179} INFO - Processing /home/airflow/.local/lib/python3.7/site-packages/airflow/example_dags/example_python_operator.py took 0.594 seconds
[2023-10-10T18:05:20.319+0000] {processor.py:157} INFO - Started process (PID=4577) to work on /home/airflow/.local/lib/python3.7/site-packages/airflow/example_dags/example_python_operator.py
[2023-10-10T18:05:20.327+0000] {processor.py:826} INFO - Processing file /home/airflow/.local/lib/python3.7/site-packages/airflow/example_dags/example_python_operator.py for tasks to queue
[2023-10-10T18:05:20.338+0000] {logging_mixin.py:150} INFO - [2023-10-10T18:05:20.336+0000] {dagbag.py:541} INFO - Filling up the DagBag from /home/airflow/.local/lib/python3.7/site-packages/airflow/example_dags/example_python_operator.py
[2023-10-10T18:05:20.415+0000] {processor.py:836} INFO - DAG(s) dict_keys(['example_python_operator']) retrieved from /home/airflow/.local/lib/python3.7/site-packages/airflow/example_dags/example_python_operator.py
[2023-10-10T18:05:20.705+0000] {logging_mixin.py:150} INFO - [2023-10-10T18:05:20.703+0000] {dag.py:2742} INFO - Sync 1 DAGs
[2023-10-10T18:05:21.024+0000] {logging_mixin.py:150} INFO - [2023-10-10T18:05:21.023+0000] {dag.py:3508} INFO - Setting next_dagrun for example_python_operator to None, run_after=None
[2023-10-10T18:05:21.314+0000] {processor.py:179} INFO - Processing /home/airflow/.local/lib/python3.7/site-packages/airflow/example_dags/example_python_operator.py took 1.017 seconds
