[2023-10-10T17:36:39.582+0000] {processor.py:157} INFO - Started process (PID=93) to work on /home/airflow/.local/lib/python3.7/site-packages/airflow/example_dags/example_branch_python_dop_operator_3.py
[2023-10-10T17:36:39.584+0000] {processor.py:826} INFO - Processing file /home/airflow/.local/lib/python3.7/site-packages/airflow/example_dags/example_branch_python_dop_operator_3.py for tasks to queue
[2023-10-10T17:36:39.586+0000] {logging_mixin.py:150} INFO - [2023-10-10T17:36:39.585+0000] {dagbag.py:541} INFO - Filling up the DagBag from /home/airflow/.local/lib/python3.7/site-packages/airflow/example_dags/example_branch_python_dop_operator_3.py
[2023-10-10T17:36:39.598+0000] {processor.py:836} INFO - DAG(s) dict_keys(['example_branch_dop_operator_v3']) retrieved from /home/airflow/.local/lib/python3.7/site-packages/airflow/example_dags/example_branch_python_dop_operator_3.py
[2023-10-10T17:36:39.616+0000] {logging_mixin.py:150} INFO - [2023-10-10T17:36:39.615+0000] {dag.py:2742} INFO - Sync 1 DAGs
[2023-10-10T17:36:39.664+0000] {logging_mixin.py:150} INFO - [2023-10-10T17:36:39.664+0000] {dag.py:3508} INFO - Setting next_dagrun for example_branch_dop_operator_v3 to 2023-10-10T17:35:00+00:00, run_after=2023-10-10T17:36:00+00:00
[2023-10-10T17:36:39.690+0000] {processor.py:179} INFO - Processing /home/airflow/.local/lib/python3.7/site-packages/airflow/example_dags/example_branch_python_dop_operator_3.py took 0.112 seconds
[2023-10-10T17:37:10.272+0000] {processor.py:157} INFO - Started process (PID=180) to work on /home/airflow/.local/lib/python3.7/site-packages/airflow/example_dags/example_branch_python_dop_operator_3.py
[2023-10-10T17:37:10.274+0000] {processor.py:826} INFO - Processing file /home/airflow/.local/lib/python3.7/site-packages/airflow/example_dags/example_branch_python_dop_operator_3.py for tasks to queue
[2023-10-10T17:37:10.276+0000] {logging_mixin.py:150} INFO - [2023-10-10T17:37:10.275+0000] {dagbag.py:541} INFO - Filling up the DagBag from /home/airflow/.local/lib/python3.7/site-packages/airflow/example_dags/example_branch_python_dop_operator_3.py
[2023-10-10T17:37:10.288+0000] {processor.py:836} INFO - DAG(s) dict_keys(['example_branch_dop_operator_v3']) retrieved from /home/airflow/.local/lib/python3.7/site-packages/airflow/example_dags/example_branch_python_dop_operator_3.py
[2023-10-10T17:37:10.321+0000] {logging_mixin.py:150} INFO - [2023-10-10T17:37:10.321+0000] {dag.py:2742} INFO - Sync 1 DAGs
[2023-10-10T17:37:10.358+0000] {logging_mixin.py:150} INFO - [2023-10-10T17:37:10.357+0000] {dag.py:3508} INFO - Setting next_dagrun for example_branch_dop_operator_v3 to 2023-10-10T17:36:00+00:00, run_after=2023-10-10T17:37:00+00:00
[2023-10-10T17:37:10.380+0000] {processor.py:179} INFO - Processing /home/airflow/.local/lib/python3.7/site-packages/airflow/example_dags/example_branch_python_dop_operator_3.py took 0.113 seconds
[2023-10-10T17:37:41.894+0000] {processor.py:157} INFO - Started process (PID=269) to work on /home/airflow/.local/lib/python3.7/site-packages/airflow/example_dags/example_branch_python_dop_operator_3.py
[2023-10-10T17:37:41.896+0000] {processor.py:826} INFO - Processing file /home/airflow/.local/lib/python3.7/site-packages/airflow/example_dags/example_branch_python_dop_operator_3.py for tasks to queue
[2023-10-10T17:37:41.899+0000] {logging_mixin.py:150} INFO - [2023-10-10T17:37:41.898+0000] {dagbag.py:541} INFO - Filling up the DagBag from /home/airflow/.local/lib/python3.7/site-packages/airflow/example_dags/example_branch_python_dop_operator_3.py
[2023-10-10T17:37:41.925+0000] {processor.py:836} INFO - DAG(s) dict_keys(['example_branch_dop_operator_v3']) retrieved from /home/airflow/.local/lib/python3.7/site-packages/airflow/example_dags/example_branch_python_dop_operator_3.py
[2023-10-10T17:37:41.989+0000] {logging_mixin.py:150} INFO - [2023-10-10T17:37:41.989+0000] {dag.py:2742} INFO - Sync 1 DAGs
[2023-10-10T17:37:42.062+0000] {logging_mixin.py:150} INFO - [2023-10-10T17:37:42.061+0000] {dag.py:3508} INFO - Setting next_dagrun for example_branch_dop_operator_v3 to 2023-10-10T17:36:00+00:00, run_after=2023-10-10T17:37:00+00:00
[2023-10-10T17:37:42.111+0000] {processor.py:179} INFO - Processing /home/airflow/.local/lib/python3.7/site-packages/airflow/example_dags/example_branch_python_dop_operator_3.py took 0.223 seconds
[2023-10-10T17:38:12.921+0000] {processor.py:157} INFO - Started process (PID=349) to work on /home/airflow/.local/lib/python3.7/site-packages/airflow/example_dags/example_branch_python_dop_operator_3.py
[2023-10-10T17:38:12.923+0000] {processor.py:826} INFO - Processing file /home/airflow/.local/lib/python3.7/site-packages/airflow/example_dags/example_branch_python_dop_operator_3.py for tasks to queue
[2023-10-10T17:38:12.924+0000] {logging_mixin.py:150} INFO - [2023-10-10T17:38:12.924+0000] {dagbag.py:541} INFO - Filling up the DagBag from /home/airflow/.local/lib/python3.7/site-packages/airflow/example_dags/example_branch_python_dop_operator_3.py
[2023-10-10T17:38:12.936+0000] {processor.py:836} INFO - DAG(s) dict_keys(['example_branch_dop_operator_v3']) retrieved from /home/airflow/.local/lib/python3.7/site-packages/airflow/example_dags/example_branch_python_dop_operator_3.py
[2023-10-10T17:38:12.968+0000] {logging_mixin.py:150} INFO - [2023-10-10T17:38:12.968+0000] {dag.py:2742} INFO - Sync 1 DAGs
[2023-10-10T17:38:13.006+0000] {logging_mixin.py:150} INFO - [2023-10-10T17:38:13.006+0000] {dag.py:3508} INFO - Setting next_dagrun for example_branch_dop_operator_v3 to 2023-10-10T17:37:00+00:00, run_after=2023-10-10T17:38:00+00:00
[2023-10-10T17:38:13.030+0000] {processor.py:179} INFO - Processing /home/airflow/.local/lib/python3.7/site-packages/airflow/example_dags/example_branch_python_dop_operator_3.py took 0.115 seconds
[2023-10-10T17:38:43.928+0000] {processor.py:157} INFO - Started process (PID=452) to work on /home/airflow/.local/lib/python3.7/site-packages/airflow/example_dags/example_branch_python_dop_operator_3.py
[2023-10-10T17:38:43.930+0000] {processor.py:826} INFO - Processing file /home/airflow/.local/lib/python3.7/site-packages/airflow/example_dags/example_branch_python_dop_operator_3.py for tasks to queue
[2023-10-10T17:38:43.932+0000] {logging_mixin.py:150} INFO - [2023-10-10T17:38:43.932+0000] {dagbag.py:541} INFO - Filling up the DagBag from /home/airflow/.local/lib/python3.7/site-packages/airflow/example_dags/example_branch_python_dop_operator_3.py
[2023-10-10T17:38:43.943+0000] {processor.py:836} INFO - DAG(s) dict_keys(['example_branch_dop_operator_v3']) retrieved from /home/airflow/.local/lib/python3.7/site-packages/airflow/example_dags/example_branch_python_dop_operator_3.py
[2023-10-10T17:38:43.976+0000] {logging_mixin.py:150} INFO - [2023-10-10T17:38:43.976+0000] {dag.py:2742} INFO - Sync 1 DAGs
[2023-10-10T17:38:44.013+0000] {logging_mixin.py:150} INFO - [2023-10-10T17:38:44.013+0000] {dag.py:3508} INFO - Setting next_dagrun for example_branch_dop_operator_v3 to 2023-10-10T17:37:00+00:00, run_after=2023-10-10T17:38:00+00:00
[2023-10-10T17:38:44.035+0000] {processor.py:179} INFO - Processing /home/airflow/.local/lib/python3.7/site-packages/airflow/example_dags/example_branch_python_dop_operator_3.py took 0.112 seconds
[2023-10-10T17:39:15.022+0000] {processor.py:157} INFO - Started process (PID=532) to work on /home/airflow/.local/lib/python3.7/site-packages/airflow/example_dags/example_branch_python_dop_operator_3.py
[2023-10-10T17:39:15.024+0000] {processor.py:826} INFO - Processing file /home/airflow/.local/lib/python3.7/site-packages/airflow/example_dags/example_branch_python_dop_operator_3.py for tasks to queue
[2023-10-10T17:39:15.026+0000] {logging_mixin.py:150} INFO - [2023-10-10T17:39:15.025+0000] {dagbag.py:541} INFO - Filling up the DagBag from /home/airflow/.local/lib/python3.7/site-packages/airflow/example_dags/example_branch_python_dop_operator_3.py
[2023-10-10T17:39:15.044+0000] {processor.py:836} INFO - DAG(s) dict_keys(['example_branch_dop_operator_v3']) retrieved from /home/airflow/.local/lib/python3.7/site-packages/airflow/example_dags/example_branch_python_dop_operator_3.py
[2023-10-10T17:39:15.079+0000] {logging_mixin.py:150} INFO - [2023-10-10T17:39:15.079+0000] {dag.py:2742} INFO - Sync 1 DAGs
[2023-10-10T17:39:15.119+0000] {logging_mixin.py:150} INFO - [2023-10-10T17:39:15.119+0000] {dag.py:3508} INFO - Setting next_dagrun for example_branch_dop_operator_v3 to 2023-10-10T17:38:00+00:00, run_after=2023-10-10T17:39:00+00:00
[2023-10-10T17:39:15.145+0000] {processor.py:179} INFO - Processing /home/airflow/.local/lib/python3.7/site-packages/airflow/example_dags/example_branch_python_dop_operator_3.py took 0.127 seconds
[2023-10-10T17:39:45.469+0000] {processor.py:157} INFO - Started process (PID=621) to work on /home/airflow/.local/lib/python3.7/site-packages/airflow/example_dags/example_branch_python_dop_operator_3.py
[2023-10-10T17:39:45.471+0000] {processor.py:826} INFO - Processing file /home/airflow/.local/lib/python3.7/site-packages/airflow/example_dags/example_branch_python_dop_operator_3.py for tasks to queue
[2023-10-10T17:39:45.473+0000] {logging_mixin.py:150} INFO - [2023-10-10T17:39:45.473+0000] {dagbag.py:541} INFO - Filling up the DagBag from /home/airflow/.local/lib/python3.7/site-packages/airflow/example_dags/example_branch_python_dop_operator_3.py
[2023-10-10T17:39:45.485+0000] {processor.py:836} INFO - DAG(s) dict_keys(['example_branch_dop_operator_v3']) retrieved from /home/airflow/.local/lib/python3.7/site-packages/airflow/example_dags/example_branch_python_dop_operator_3.py
[2023-10-10T17:39:45.515+0000] {logging_mixin.py:150} INFO - [2023-10-10T17:39:45.515+0000] {dag.py:2742} INFO - Sync 1 DAGs
[2023-10-10T17:39:45.558+0000] {logging_mixin.py:150} INFO - [2023-10-10T17:39:45.558+0000] {dag.py:3508} INFO - Setting next_dagrun for example_branch_dop_operator_v3 to 2023-10-10T17:38:00+00:00, run_after=2023-10-10T17:39:00+00:00
[2023-10-10T17:39:45.586+0000] {processor.py:179} INFO - Processing /home/airflow/.local/lib/python3.7/site-packages/airflow/example_dags/example_branch_python_dop_operator_3.py took 0.122 seconds
[2023-10-10T17:40:17.031+0000] {processor.py:157} INFO - Started process (PID=701) to work on /home/airflow/.local/lib/python3.7/site-packages/airflow/example_dags/example_branch_python_dop_operator_3.py
[2023-10-10T17:40:17.032+0000] {processor.py:826} INFO - Processing file /home/airflow/.local/lib/python3.7/site-packages/airflow/example_dags/example_branch_python_dop_operator_3.py for tasks to queue
[2023-10-10T17:40:17.034+0000] {logging_mixin.py:150} INFO - [2023-10-10T17:40:17.034+0000] {dagbag.py:541} INFO - Filling up the DagBag from /home/airflow/.local/lib/python3.7/site-packages/airflow/example_dags/example_branch_python_dop_operator_3.py
[2023-10-10T17:40:17.045+0000] {processor.py:836} INFO - DAG(s) dict_keys(['example_branch_dop_operator_v3']) retrieved from /home/airflow/.local/lib/python3.7/site-packages/airflow/example_dags/example_branch_python_dop_operator_3.py
[2023-10-10T17:40:17.077+0000] {logging_mixin.py:150} INFO - [2023-10-10T17:40:17.076+0000] {dag.py:2742} INFO - Sync 1 DAGs
[2023-10-10T17:40:17.116+0000] {logging_mixin.py:150} INFO - [2023-10-10T17:40:17.116+0000] {dag.py:3508} INFO - Setting next_dagrun for example_branch_dop_operator_v3 to 2023-10-10T17:39:00+00:00, run_after=2023-10-10T17:40:00+00:00
[2023-10-10T17:40:17.140+0000] {processor.py:179} INFO - Processing /home/airflow/.local/lib/python3.7/site-packages/airflow/example_dags/example_branch_python_dop_operator_3.py took 0.115 seconds
[2023-10-10T17:40:48.705+0000] {processor.py:157} INFO - Started process (PID=791) to work on /home/airflow/.local/lib/python3.7/site-packages/airflow/example_dags/example_branch_python_dop_operator_3.py
[2023-10-10T17:40:48.707+0000] {processor.py:826} INFO - Processing file /home/airflow/.local/lib/python3.7/site-packages/airflow/example_dags/example_branch_python_dop_operator_3.py for tasks to queue
[2023-10-10T17:40:48.709+0000] {logging_mixin.py:150} INFO - [2023-10-10T17:40:48.709+0000] {dagbag.py:541} INFO - Filling up the DagBag from /home/airflow/.local/lib/python3.7/site-packages/airflow/example_dags/example_branch_python_dop_operator_3.py
[2023-10-10T17:40:48.726+0000] {processor.py:836} INFO - DAG(s) dict_keys(['example_branch_dop_operator_v3']) retrieved from /home/airflow/.local/lib/python3.7/site-packages/airflow/example_dags/example_branch_python_dop_operator_3.py
[2023-10-10T17:40:48.764+0000] {logging_mixin.py:150} INFO - [2023-10-10T17:40:48.764+0000] {dag.py:2742} INFO - Sync 1 DAGs
[2023-10-10T17:40:48.807+0000] {logging_mixin.py:150} INFO - [2023-10-10T17:40:48.807+0000] {dag.py:3508} INFO - Setting next_dagrun for example_branch_dop_operator_v3 to 2023-10-10T17:39:00+00:00, run_after=2023-10-10T17:40:00+00:00
[2023-10-10T17:40:48.831+0000] {processor.py:179} INFO - Processing /home/airflow/.local/lib/python3.7/site-packages/airflow/example_dags/example_branch_python_dop_operator_3.py took 0.132 seconds
[2023-10-10T17:41:19.795+0000] {processor.py:157} INFO - Started process (PID=871) to work on /home/airflow/.local/lib/python3.7/site-packages/airflow/example_dags/example_branch_python_dop_operator_3.py
[2023-10-10T17:41:19.797+0000] {processor.py:826} INFO - Processing file /home/airflow/.local/lib/python3.7/site-packages/airflow/example_dags/example_branch_python_dop_operator_3.py for tasks to queue
[2023-10-10T17:41:19.799+0000] {logging_mixin.py:150} INFO - [2023-10-10T17:41:19.799+0000] {dagbag.py:541} INFO - Filling up the DagBag from /home/airflow/.local/lib/python3.7/site-packages/airflow/example_dags/example_branch_python_dop_operator_3.py
[2023-10-10T17:41:19.813+0000] {processor.py:836} INFO - DAG(s) dict_keys(['example_branch_dop_operator_v3']) retrieved from /home/airflow/.local/lib/python3.7/site-packages/airflow/example_dags/example_branch_python_dop_operator_3.py
[2023-10-10T17:41:19.849+0000] {logging_mixin.py:150} INFO - [2023-10-10T17:41:19.849+0000] {dag.py:2742} INFO - Sync 1 DAGs
[2023-10-10T17:41:19.893+0000] {logging_mixin.py:150} INFO - [2023-10-10T17:41:19.893+0000] {dag.py:3508} INFO - Setting next_dagrun for example_branch_dop_operator_v3 to 2023-10-10T17:40:00+00:00, run_after=2023-10-10T17:41:00+00:00
[2023-10-10T17:41:19.923+0000] {processor.py:179} INFO - Processing /home/airflow/.local/lib/python3.7/site-packages/airflow/example_dags/example_branch_python_dop_operator_3.py took 0.135 seconds
[2023-10-10T17:41:50.971+0000] {processor.py:157} INFO - Started process (PID=961) to work on /home/airflow/.local/lib/python3.7/site-packages/airflow/example_dags/example_branch_python_dop_operator_3.py
[2023-10-10T17:41:50.973+0000] {processor.py:826} INFO - Processing file /home/airflow/.local/lib/python3.7/site-packages/airflow/example_dags/example_branch_python_dop_operator_3.py for tasks to queue
[2023-10-10T17:41:50.975+0000] {logging_mixin.py:150} INFO - [2023-10-10T17:41:50.974+0000] {dagbag.py:541} INFO - Filling up the DagBag from /home/airflow/.local/lib/python3.7/site-packages/airflow/example_dags/example_branch_python_dop_operator_3.py
[2023-10-10T17:41:50.998+0000] {processor.py:836} INFO - DAG(s) dict_keys(['example_branch_dop_operator_v3']) retrieved from /home/airflow/.local/lib/python3.7/site-packages/airflow/example_dags/example_branch_python_dop_operator_3.py
[2023-10-10T17:41:51.033+0000] {logging_mixin.py:150} INFO - [2023-10-10T17:41:51.033+0000] {dag.py:2742} INFO - Sync 1 DAGs
[2023-10-10T17:41:51.078+0000] {logging_mixin.py:150} INFO - [2023-10-10T17:41:51.078+0000] {dag.py:3508} INFO - Setting next_dagrun for example_branch_dop_operator_v3 to 2023-10-10T17:40:00+00:00, run_after=2023-10-10T17:41:00+00:00
[2023-10-10T17:41:51.108+0000] {processor.py:179} INFO - Processing /home/airflow/.local/lib/python3.7/site-packages/airflow/example_dags/example_branch_python_dop_operator_3.py took 0.142 seconds
[2023-10-10T17:42:22.371+0000] {processor.py:157} INFO - Started process (PID=1041) to work on /home/airflow/.local/lib/python3.7/site-packages/airflow/example_dags/example_branch_python_dop_operator_3.py
[2023-10-10T17:42:22.373+0000] {processor.py:826} INFO - Processing file /home/airflow/.local/lib/python3.7/site-packages/airflow/example_dags/example_branch_python_dop_operator_3.py for tasks to queue
[2023-10-10T17:42:22.375+0000] {logging_mixin.py:150} INFO - [2023-10-10T17:42:22.374+0000] {dagbag.py:541} INFO - Filling up the DagBag from /home/airflow/.local/lib/python3.7/site-packages/airflow/example_dags/example_branch_python_dop_operator_3.py
[2023-10-10T17:42:22.388+0000] {processor.py:836} INFO - DAG(s) dict_keys(['example_branch_dop_operator_v3']) retrieved from /home/airflow/.local/lib/python3.7/site-packages/airflow/example_dags/example_branch_python_dop_operator_3.py
[2023-10-10T17:42:22.425+0000] {logging_mixin.py:150} INFO - [2023-10-10T17:42:22.425+0000] {dag.py:2742} INFO - Sync 1 DAGs
[2023-10-10T17:42:22.465+0000] {logging_mixin.py:150} INFO - [2023-10-10T17:42:22.465+0000] {dag.py:3508} INFO - Setting next_dagrun for example_branch_dop_operator_v3 to 2023-10-10T17:41:00+00:00, run_after=2023-10-10T17:42:00+00:00
[2023-10-10T17:42:22.499+0000] {processor.py:179} INFO - Processing /home/airflow/.local/lib/python3.7/site-packages/airflow/example_dags/example_branch_python_dop_operator_3.py took 0.134 seconds
[2023-10-10T17:42:52.941+0000] {processor.py:157} INFO - Started process (PID=1131) to work on /home/airflow/.local/lib/python3.7/site-packages/airflow/example_dags/example_branch_python_dop_operator_3.py
[2023-10-10T17:42:52.943+0000] {processor.py:826} INFO - Processing file /home/airflow/.local/lib/python3.7/site-packages/airflow/example_dags/example_branch_python_dop_operator_3.py for tasks to queue
[2023-10-10T17:42:52.945+0000] {logging_mixin.py:150} INFO - [2023-10-10T17:42:52.945+0000] {dagbag.py:541} INFO - Filling up the DagBag from /home/airflow/.local/lib/python3.7/site-packages/airflow/example_dags/example_branch_python_dop_operator_3.py
[2023-10-10T17:42:52.959+0000] {processor.py:836} INFO - DAG(s) dict_keys(['example_branch_dop_operator_v3']) retrieved from /home/airflow/.local/lib/python3.7/site-packages/airflow/example_dags/example_branch_python_dop_operator_3.py
[2023-10-10T17:42:52.996+0000] {logging_mixin.py:150} INFO - [2023-10-10T17:42:52.996+0000] {dag.py:2742} INFO - Sync 1 DAGs
[2023-10-10T17:42:53.050+0000] {logging_mixin.py:150} INFO - [2023-10-10T17:42:53.050+0000] {dag.py:3508} INFO - Setting next_dagrun for example_branch_dop_operator_v3 to 2023-10-10T17:41:00+00:00, run_after=2023-10-10T17:42:00+00:00
[2023-10-10T17:42:53.084+0000] {processor.py:179} INFO - Processing /home/airflow/.local/lib/python3.7/site-packages/airflow/example_dags/example_branch_python_dop_operator_3.py took 0.148 seconds
[2023-10-10T17:43:23.793+0000] {processor.py:157} INFO - Started process (PID=1211) to work on /home/airflow/.local/lib/python3.7/site-packages/airflow/example_dags/example_branch_python_dop_operator_3.py
[2023-10-10T17:43:23.797+0000] {processor.py:826} INFO - Processing file /home/airflow/.local/lib/python3.7/site-packages/airflow/example_dags/example_branch_python_dop_operator_3.py for tasks to queue
[2023-10-10T17:43:23.800+0000] {logging_mixin.py:150} INFO - [2023-10-10T17:43:23.799+0000] {dagbag.py:541} INFO - Filling up the DagBag from /home/airflow/.local/lib/python3.7/site-packages/airflow/example_dags/example_branch_python_dop_operator_3.py
[2023-10-10T17:43:23.822+0000] {processor.py:836} INFO - DAG(s) dict_keys(['example_branch_dop_operator_v3']) retrieved from /home/airflow/.local/lib/python3.7/site-packages/airflow/example_dags/example_branch_python_dop_operator_3.py
[2023-10-10T17:43:23.885+0000] {logging_mixin.py:150} INFO - [2023-10-10T17:43:23.885+0000] {dag.py:2742} INFO - Sync 1 DAGs
[2023-10-10T17:43:23.967+0000] {logging_mixin.py:150} INFO - [2023-10-10T17:43:23.967+0000] {dag.py:3508} INFO - Setting next_dagrun for example_branch_dop_operator_v3 to 2023-10-10T17:42:00+00:00, run_after=2023-10-10T17:43:00+00:00
[2023-10-10T17:43:24.003+0000] {processor.py:179} INFO - Processing /home/airflow/.local/lib/python3.7/site-packages/airflow/example_dags/example_branch_python_dop_operator_3.py took 0.219 seconds
[2023-10-10T17:43:54.799+0000] {processor.py:157} INFO - Started process (PID=1300) to work on /home/airflow/.local/lib/python3.7/site-packages/airflow/example_dags/example_branch_python_dop_operator_3.py
[2023-10-10T17:43:54.801+0000] {processor.py:826} INFO - Processing file /home/airflow/.local/lib/python3.7/site-packages/airflow/example_dags/example_branch_python_dop_operator_3.py for tasks to queue
[2023-10-10T17:43:54.802+0000] {logging_mixin.py:150} INFO - [2023-10-10T17:43:54.802+0000] {dagbag.py:541} INFO - Filling up the DagBag from /home/airflow/.local/lib/python3.7/site-packages/airflow/example_dags/example_branch_python_dop_operator_3.py
[2023-10-10T17:43:54.814+0000] {processor.py:836} INFO - DAG(s) dict_keys(['example_branch_dop_operator_v3']) retrieved from /home/airflow/.local/lib/python3.7/site-packages/airflow/example_dags/example_branch_python_dop_operator_3.py
[2023-10-10T17:43:54.848+0000] {logging_mixin.py:150} INFO - [2023-10-10T17:43:54.848+0000] {dag.py:2742} INFO - Sync 1 DAGs
[2023-10-10T17:43:54.890+0000] {logging_mixin.py:150} INFO - [2023-10-10T17:43:54.889+0000] {dag.py:3508} INFO - Setting next_dagrun for example_branch_dop_operator_v3 to 2023-10-10T17:42:00+00:00, run_after=2023-10-10T17:43:00+00:00
[2023-10-10T17:43:54.913+0000] {processor.py:179} INFO - Processing /home/airflow/.local/lib/python3.7/site-packages/airflow/example_dags/example_branch_python_dop_operator_3.py took 0.120 seconds
[2023-10-10T17:44:25.770+0000] {processor.py:157} INFO - Started process (PID=1380) to work on /home/airflow/.local/lib/python3.7/site-packages/airflow/example_dags/example_branch_python_dop_operator_3.py
[2023-10-10T17:44:25.772+0000] {processor.py:826} INFO - Processing file /home/airflow/.local/lib/python3.7/site-packages/airflow/example_dags/example_branch_python_dop_operator_3.py for tasks to queue
[2023-10-10T17:44:25.774+0000] {logging_mixin.py:150} INFO - [2023-10-10T17:44:25.773+0000] {dagbag.py:541} INFO - Filling up the DagBag from /home/airflow/.local/lib/python3.7/site-packages/airflow/example_dags/example_branch_python_dop_operator_3.py
[2023-10-10T17:44:25.788+0000] {processor.py:836} INFO - DAG(s) dict_keys(['example_branch_dop_operator_v3']) retrieved from /home/airflow/.local/lib/python3.7/site-packages/airflow/example_dags/example_branch_python_dop_operator_3.py
[2023-10-10T17:44:25.828+0000] {logging_mixin.py:150} INFO - [2023-10-10T17:44:25.828+0000] {dag.py:2742} INFO - Sync 1 DAGs
[2023-10-10T17:44:25.869+0000] {logging_mixin.py:150} INFO - [2023-10-10T17:44:25.869+0000] {dag.py:3508} INFO - Setting next_dagrun for example_branch_dop_operator_v3 to 2023-10-10T17:43:00+00:00, run_after=2023-10-10T17:44:00+00:00
[2023-10-10T17:44:25.893+0000] {processor.py:179} INFO - Processing /home/airflow/.local/lib/python3.7/site-packages/airflow/example_dags/example_branch_python_dop_operator_3.py took 0.130 seconds
[2023-10-10T17:44:56.721+0000] {processor.py:157} INFO - Started process (PID=1469) to work on /home/airflow/.local/lib/python3.7/site-packages/airflow/example_dags/example_branch_python_dop_operator_3.py
[2023-10-10T17:44:56.724+0000] {processor.py:826} INFO - Processing file /home/airflow/.local/lib/python3.7/site-packages/airflow/example_dags/example_branch_python_dop_operator_3.py for tasks to queue
[2023-10-10T17:44:56.726+0000] {logging_mixin.py:150} INFO - [2023-10-10T17:44:56.726+0000] {dagbag.py:541} INFO - Filling up the DagBag from /home/airflow/.local/lib/python3.7/site-packages/airflow/example_dags/example_branch_python_dop_operator_3.py
[2023-10-10T17:44:56.744+0000] {processor.py:836} INFO - DAG(s) dict_keys(['example_branch_dop_operator_v3']) retrieved from /home/airflow/.local/lib/python3.7/site-packages/airflow/example_dags/example_branch_python_dop_operator_3.py
[2023-10-10T17:44:56.792+0000] {logging_mixin.py:150} INFO - [2023-10-10T17:44:56.792+0000] {dag.py:2742} INFO - Sync 1 DAGs
[2023-10-10T17:44:56.835+0000] {logging_mixin.py:150} INFO - [2023-10-10T17:44:56.835+0000] {dag.py:3508} INFO - Setting next_dagrun for example_branch_dop_operator_v3 to 2023-10-10T17:43:00+00:00, run_after=2023-10-10T17:44:00+00:00
[2023-10-10T17:44:56.865+0000] {processor.py:179} INFO - Processing /home/airflow/.local/lib/python3.7/site-packages/airflow/example_dags/example_branch_python_dop_operator_3.py took 0.149 seconds
[2023-10-10T17:45:27.874+0000] {processor.py:157} INFO - Started process (PID=1549) to work on /home/airflow/.local/lib/python3.7/site-packages/airflow/example_dags/example_branch_python_dop_operator_3.py
[2023-10-10T17:45:27.876+0000] {processor.py:826} INFO - Processing file /home/airflow/.local/lib/python3.7/site-packages/airflow/example_dags/example_branch_python_dop_operator_3.py for tasks to queue
[2023-10-10T17:45:27.877+0000] {logging_mixin.py:150} INFO - [2023-10-10T17:45:27.877+0000] {dagbag.py:541} INFO - Filling up the DagBag from /home/airflow/.local/lib/python3.7/site-packages/airflow/example_dags/example_branch_python_dop_operator_3.py
[2023-10-10T17:45:27.888+0000] {processor.py:836} INFO - DAG(s) dict_keys(['example_branch_dop_operator_v3']) retrieved from /home/airflow/.local/lib/python3.7/site-packages/airflow/example_dags/example_branch_python_dop_operator_3.py
[2023-10-10T17:45:27.921+0000] {logging_mixin.py:150} INFO - [2023-10-10T17:45:27.921+0000] {dag.py:2742} INFO - Sync 1 DAGs
[2023-10-10T17:45:27.966+0000] {logging_mixin.py:150} INFO - [2023-10-10T17:45:27.966+0000] {dag.py:3508} INFO - Setting next_dagrun for example_branch_dop_operator_v3 to 2023-10-10T17:44:00+00:00, run_after=2023-10-10T17:45:00+00:00
[2023-10-10T17:45:27.991+0000] {processor.py:179} INFO - Processing /home/airflow/.local/lib/python3.7/site-packages/airflow/example_dags/example_branch_python_dop_operator_3.py took 0.123 seconds
[2023-10-10T17:45:59.176+0000] {processor.py:157} INFO - Started process (PID=1638) to work on /home/airflow/.local/lib/python3.7/site-packages/airflow/example_dags/example_branch_python_dop_operator_3.py
[2023-10-10T17:45:59.178+0000] {processor.py:826} INFO - Processing file /home/airflow/.local/lib/python3.7/site-packages/airflow/example_dags/example_branch_python_dop_operator_3.py for tasks to queue
[2023-10-10T17:45:59.179+0000] {logging_mixin.py:150} INFO - [2023-10-10T17:45:59.179+0000] {dagbag.py:541} INFO - Filling up the DagBag from /home/airflow/.local/lib/python3.7/site-packages/airflow/example_dags/example_branch_python_dop_operator_3.py
[2023-10-10T17:45:59.196+0000] {processor.py:836} INFO - DAG(s) dict_keys(['example_branch_dop_operator_v3']) retrieved from /home/airflow/.local/lib/python3.7/site-packages/airflow/example_dags/example_branch_python_dop_operator_3.py
[2023-10-10T17:45:59.228+0000] {logging_mixin.py:150} INFO - [2023-10-10T17:45:59.228+0000] {dag.py:2742} INFO - Sync 1 DAGs
[2023-10-10T17:45:59.265+0000] {logging_mixin.py:150} INFO - [2023-10-10T17:45:59.265+0000] {dag.py:3508} INFO - Setting next_dagrun for example_branch_dop_operator_v3 to 2023-10-10T17:44:00+00:00, run_after=2023-10-10T17:45:00+00:00
[2023-10-10T17:45:59.287+0000] {processor.py:179} INFO - Processing /home/airflow/.local/lib/python3.7/site-packages/airflow/example_dags/example_branch_python_dop_operator_3.py took 0.116 seconds
[2023-10-10T17:46:30.571+0000] {processor.py:157} INFO - Started process (PID=1718) to work on /home/airflow/.local/lib/python3.7/site-packages/airflow/example_dags/example_branch_python_dop_operator_3.py
[2023-10-10T17:46:30.574+0000] {processor.py:826} INFO - Processing file /home/airflow/.local/lib/python3.7/site-packages/airflow/example_dags/example_branch_python_dop_operator_3.py for tasks to queue
[2023-10-10T17:46:30.576+0000] {logging_mixin.py:150} INFO - [2023-10-10T17:46:30.576+0000] {dagbag.py:541} INFO - Filling up the DagBag from /home/airflow/.local/lib/python3.7/site-packages/airflow/example_dags/example_branch_python_dop_operator_3.py
[2023-10-10T17:46:30.590+0000] {processor.py:836} INFO - DAG(s) dict_keys(['example_branch_dop_operator_v3']) retrieved from /home/airflow/.local/lib/python3.7/site-packages/airflow/example_dags/example_branch_python_dop_operator_3.py
[2023-10-10T17:46:30.625+0000] {logging_mixin.py:150} INFO - [2023-10-10T17:46:30.625+0000] {dag.py:2742} INFO - Sync 1 DAGs
[2023-10-10T17:46:30.664+0000] {logging_mixin.py:150} INFO - [2023-10-10T17:46:30.664+0000] {dag.py:3508} INFO - Setting next_dagrun for example_branch_dop_operator_v3 to 2023-10-10T17:45:00+00:00, run_after=2023-10-10T17:46:00+00:00
[2023-10-10T17:46:30.688+0000] {processor.py:179} INFO - Processing /home/airflow/.local/lib/python3.7/site-packages/airflow/example_dags/example_branch_python_dop_operator_3.py took 0.123 seconds
[2023-10-10T17:47:01.919+0000] {processor.py:157} INFO - Started process (PID=1807) to work on /home/airflow/.local/lib/python3.7/site-packages/airflow/example_dags/example_branch_python_dop_operator_3.py
[2023-10-10T17:47:01.922+0000] {processor.py:826} INFO - Processing file /home/airflow/.local/lib/python3.7/site-packages/airflow/example_dags/example_branch_python_dop_operator_3.py for tasks to queue
[2023-10-10T17:47:01.924+0000] {logging_mixin.py:150} INFO - [2023-10-10T17:47:01.923+0000] {dagbag.py:541} INFO - Filling up the DagBag from /home/airflow/.local/lib/python3.7/site-packages/airflow/example_dags/example_branch_python_dop_operator_3.py
[2023-10-10T17:47:01.937+0000] {processor.py:836} INFO - DAG(s) dict_keys(['example_branch_dop_operator_v3']) retrieved from /home/airflow/.local/lib/python3.7/site-packages/airflow/example_dags/example_branch_python_dop_operator_3.py
[2023-10-10T17:47:01.972+0000] {logging_mixin.py:150} INFO - [2023-10-10T17:47:01.972+0000] {dag.py:2742} INFO - Sync 1 DAGs
[2023-10-10T17:47:02.050+0000] {logging_mixin.py:150} INFO - [2023-10-10T17:47:02.050+0000] {dag.py:3508} INFO - Setting next_dagrun for example_branch_dop_operator_v3 to 2023-10-10T17:46:00+00:00, run_after=2023-10-10T17:47:00+00:00
[2023-10-10T17:47:02.101+0000] {processor.py:179} INFO - Processing /home/airflow/.local/lib/python3.7/site-packages/airflow/example_dags/example_branch_python_dop_operator_3.py took 0.187 seconds
[2023-10-10T17:47:33.169+0000] {processor.py:157} INFO - Started process (PID=1887) to work on /home/airflow/.local/lib/python3.7/site-packages/airflow/example_dags/example_branch_python_dop_operator_3.py
[2023-10-10T17:47:33.172+0000] {processor.py:826} INFO - Processing file /home/airflow/.local/lib/python3.7/site-packages/airflow/example_dags/example_branch_python_dop_operator_3.py for tasks to queue
[2023-10-10T17:47:33.174+0000] {logging_mixin.py:150} INFO - [2023-10-10T17:47:33.173+0000] {dagbag.py:541} INFO - Filling up the DagBag from /home/airflow/.local/lib/python3.7/site-packages/airflow/example_dags/example_branch_python_dop_operator_3.py
[2023-10-10T17:47:33.214+0000] {processor.py:836} INFO - DAG(s) dict_keys(['example_branch_dop_operator_v3']) retrieved from /home/airflow/.local/lib/python3.7/site-packages/airflow/example_dags/example_branch_python_dop_operator_3.py
[2023-10-10T17:47:33.252+0000] {logging_mixin.py:150} INFO - [2023-10-10T17:47:33.252+0000] {dag.py:2742} INFO - Sync 1 DAGs
[2023-10-10T17:47:33.330+0000] {logging_mixin.py:150} INFO - [2023-10-10T17:47:33.330+0000] {dag.py:3508} INFO - Setting next_dagrun for example_branch_dop_operator_v3 to 2023-10-10T17:46:00+00:00, run_after=2023-10-10T17:47:00+00:00
[2023-10-10T17:47:33.395+0000] {processor.py:179} INFO - Processing /home/airflow/.local/lib/python3.7/site-packages/airflow/example_dags/example_branch_python_dop_operator_3.py took 0.231 seconds
[2023-10-10T17:48:04.890+0000] {processor.py:157} INFO - Started process (PID=1977) to work on /home/airflow/.local/lib/python3.7/site-packages/airflow/example_dags/example_branch_python_dop_operator_3.py
[2023-10-10T17:48:04.893+0000] {processor.py:826} INFO - Processing file /home/airflow/.local/lib/python3.7/site-packages/airflow/example_dags/example_branch_python_dop_operator_3.py for tasks to queue
[2023-10-10T17:48:04.895+0000] {logging_mixin.py:150} INFO - [2023-10-10T17:48:04.895+0000] {dagbag.py:541} INFO - Filling up the DagBag from /home/airflow/.local/lib/python3.7/site-packages/airflow/example_dags/example_branch_python_dop_operator_3.py
[2023-10-10T17:48:04.911+0000] {processor.py:836} INFO - DAG(s) dict_keys(['example_branch_dop_operator_v3']) retrieved from /home/airflow/.local/lib/python3.7/site-packages/airflow/example_dags/example_branch_python_dop_operator_3.py
[2023-10-10T17:48:04.947+0000] {logging_mixin.py:150} INFO - [2023-10-10T17:48:04.947+0000] {dag.py:2742} INFO - Sync 1 DAGs
[2023-10-10T17:48:04.991+0000] {logging_mixin.py:150} INFO - [2023-10-10T17:48:04.991+0000] {dag.py:3508} INFO - Setting next_dagrun for example_branch_dop_operator_v3 to 2023-10-10T17:47:00+00:00, run_after=2023-10-10T17:48:00+00:00
[2023-10-10T17:48:05.020+0000] {processor.py:179} INFO - Processing /home/airflow/.local/lib/python3.7/site-packages/airflow/example_dags/example_branch_python_dop_operator_3.py took 0.136 seconds
[2023-10-10T17:48:36.183+0000] {processor.py:157} INFO - Started process (PID=2059) to work on /home/airflow/.local/lib/python3.7/site-packages/airflow/example_dags/example_branch_python_dop_operator_3.py
[2023-10-10T17:48:36.185+0000] {processor.py:826} INFO - Processing file /home/airflow/.local/lib/python3.7/site-packages/airflow/example_dags/example_branch_python_dop_operator_3.py for tasks to queue
[2023-10-10T17:48:36.186+0000] {logging_mixin.py:150} INFO - [2023-10-10T17:48:36.186+0000] {dagbag.py:541} INFO - Filling up the DagBag from /home/airflow/.local/lib/python3.7/site-packages/airflow/example_dags/example_branch_python_dop_operator_3.py
[2023-10-10T17:48:36.198+0000] {processor.py:836} INFO - DAG(s) dict_keys(['example_branch_dop_operator_v3']) retrieved from /home/airflow/.local/lib/python3.7/site-packages/airflow/example_dags/example_branch_python_dop_operator_3.py
[2023-10-10T17:48:36.229+0000] {logging_mixin.py:150} INFO - [2023-10-10T17:48:36.229+0000] {dag.py:2742} INFO - Sync 1 DAGs
[2023-10-10T17:48:36.268+0000] {logging_mixin.py:150} INFO - [2023-10-10T17:48:36.267+0000] {dag.py:3508} INFO - Setting next_dagrun for example_branch_dop_operator_v3 to 2023-10-10T17:47:00+00:00, run_after=2023-10-10T17:48:00+00:00
[2023-10-10T17:48:36.303+0000] {processor.py:179} INFO - Processing /home/airflow/.local/lib/python3.7/site-packages/airflow/example_dags/example_branch_python_dop_operator_3.py took 0.126 seconds
[2023-10-10T17:49:07.154+0000] {processor.py:157} INFO - Started process (PID=2153) to work on /home/airflow/.local/lib/python3.7/site-packages/airflow/example_dags/example_branch_python_dop_operator_3.py
[2023-10-10T17:49:07.156+0000] {processor.py:826} INFO - Processing file /home/airflow/.local/lib/python3.7/site-packages/airflow/example_dags/example_branch_python_dop_operator_3.py for tasks to queue
[2023-10-10T17:49:07.158+0000] {logging_mixin.py:150} INFO - [2023-10-10T17:49:07.158+0000] {dagbag.py:541} INFO - Filling up the DagBag from /home/airflow/.local/lib/python3.7/site-packages/airflow/example_dags/example_branch_python_dop_operator_3.py
[2023-10-10T17:49:07.172+0000] {processor.py:836} INFO - DAG(s) dict_keys(['example_branch_dop_operator_v3']) retrieved from /home/airflow/.local/lib/python3.7/site-packages/airflow/example_dags/example_branch_python_dop_operator_3.py
[2023-10-10T17:49:07.208+0000] {logging_mixin.py:150} INFO - [2023-10-10T17:49:07.208+0000] {dag.py:2742} INFO - Sync 1 DAGs
[2023-10-10T17:49:07.253+0000] {logging_mixin.py:150} INFO - [2023-10-10T17:49:07.253+0000] {dag.py:3508} INFO - Setting next_dagrun for example_branch_dop_operator_v3 to 2023-10-10T17:48:00+00:00, run_after=2023-10-10T17:49:00+00:00
[2023-10-10T17:49:07.282+0000] {processor.py:179} INFO - Processing /home/airflow/.local/lib/python3.7/site-packages/airflow/example_dags/example_branch_python_dop_operator_3.py took 0.134 seconds
[2023-10-10T17:49:38.421+0000] {processor.py:157} INFO - Started process (PID=2233) to work on /home/airflow/.local/lib/python3.7/site-packages/airflow/example_dags/example_branch_python_dop_operator_3.py
[2023-10-10T17:49:38.452+0000] {processor.py:826} INFO - Processing file /home/airflow/.local/lib/python3.7/site-packages/airflow/example_dags/example_branch_python_dop_operator_3.py for tasks to queue
[2023-10-10T17:49:38.459+0000] {logging_mixin.py:150} INFO - [2023-10-10T17:49:38.458+0000] {dagbag.py:541} INFO - Filling up the DagBag from /home/airflow/.local/lib/python3.7/site-packages/airflow/example_dags/example_branch_python_dop_operator_3.py
[2023-10-10T17:49:38.496+0000] {processor.py:836} INFO - DAG(s) dict_keys(['example_branch_dop_operator_v3']) retrieved from /home/airflow/.local/lib/python3.7/site-packages/airflow/example_dags/example_branch_python_dop_operator_3.py
[2023-10-10T17:49:38.576+0000] {logging_mixin.py:150} INFO - [2023-10-10T17:49:38.576+0000] {dag.py:2742} INFO - Sync 1 DAGs
[2023-10-10T17:49:38.693+0000] {logging_mixin.py:150} INFO - [2023-10-10T17:49:38.693+0000] {dag.py:3508} INFO - Setting next_dagrun for example_branch_dop_operator_v3 to 2023-10-10T17:48:00+00:00, run_after=2023-10-10T17:49:00+00:00
[2023-10-10T17:49:38.760+0000] {processor.py:179} INFO - Processing /home/airflow/.local/lib/python3.7/site-packages/airflow/example_dags/example_branch_python_dop_operator_3.py took 0.344 seconds
[2023-10-10T17:50:09.207+0000] {processor.py:157} INFO - Started process (PID=2321) to work on /home/airflow/.local/lib/python3.7/site-packages/airflow/example_dags/example_branch_python_dop_operator_3.py
[2023-10-10T17:50:09.209+0000] {processor.py:826} INFO - Processing file /home/airflow/.local/lib/python3.7/site-packages/airflow/example_dags/example_branch_python_dop_operator_3.py for tasks to queue
[2023-10-10T17:50:09.210+0000] {logging_mixin.py:150} INFO - [2023-10-10T17:50:09.210+0000] {dagbag.py:541} INFO - Filling up the DagBag from /home/airflow/.local/lib/python3.7/site-packages/airflow/example_dags/example_branch_python_dop_operator_3.py
[2023-10-10T17:50:09.221+0000] {processor.py:836} INFO - DAG(s) dict_keys(['example_branch_dop_operator_v3']) retrieved from /home/airflow/.local/lib/python3.7/site-packages/airflow/example_dags/example_branch_python_dop_operator_3.py
[2023-10-10T17:50:09.251+0000] {logging_mixin.py:150} INFO - [2023-10-10T17:50:09.251+0000] {dag.py:2742} INFO - Sync 1 DAGs
[2023-10-10T17:50:09.288+0000] {logging_mixin.py:150} INFO - [2023-10-10T17:50:09.288+0000] {dag.py:3508} INFO - Setting next_dagrun for example_branch_dop_operator_v3 to 2023-10-10T17:49:00+00:00, run_after=2023-10-10T17:50:00+00:00
[2023-10-10T17:50:09.310+0000] {processor.py:179} INFO - Processing /home/airflow/.local/lib/python3.7/site-packages/airflow/example_dags/example_branch_python_dop_operator_3.py took 0.107 seconds
[2023-10-10T17:50:40.091+0000] {processor.py:157} INFO - Started process (PID=2404) to work on /home/airflow/.local/lib/python3.7/site-packages/airflow/example_dags/example_branch_python_dop_operator_3.py
[2023-10-10T17:50:40.093+0000] {processor.py:826} INFO - Processing file /home/airflow/.local/lib/python3.7/site-packages/airflow/example_dags/example_branch_python_dop_operator_3.py for tasks to queue
[2023-10-10T17:50:40.095+0000] {logging_mixin.py:150} INFO - [2023-10-10T17:50:40.094+0000] {dagbag.py:541} INFO - Filling up the DagBag from /home/airflow/.local/lib/python3.7/site-packages/airflow/example_dags/example_branch_python_dop_operator_3.py
[2023-10-10T17:50:40.108+0000] {processor.py:836} INFO - DAG(s) dict_keys(['example_branch_dop_operator_v3']) retrieved from /home/airflow/.local/lib/python3.7/site-packages/airflow/example_dags/example_branch_python_dop_operator_3.py
[2023-10-10T17:50:40.146+0000] {logging_mixin.py:150} INFO - [2023-10-10T17:50:40.146+0000] {dag.py:2742} INFO - Sync 1 DAGs
[2023-10-10T17:50:40.187+0000] {logging_mixin.py:150} INFO - [2023-10-10T17:50:40.187+0000] {dag.py:3508} INFO - Setting next_dagrun for example_branch_dop_operator_v3 to 2023-10-10T17:49:00+00:00, run_after=2023-10-10T17:50:00+00:00
[2023-10-10T17:50:40.210+0000] {processor.py:179} INFO - Processing /home/airflow/.local/lib/python3.7/site-packages/airflow/example_dags/example_branch_python_dop_operator_3.py took 0.124 seconds
[2023-10-10T17:51:10.696+0000] {processor.py:157} INFO - Started process (PID=2493) to work on /home/airflow/.local/lib/python3.7/site-packages/airflow/example_dags/example_branch_python_dop_operator_3.py
[2023-10-10T17:51:10.698+0000] {processor.py:826} INFO - Processing file /home/airflow/.local/lib/python3.7/site-packages/airflow/example_dags/example_branch_python_dop_operator_3.py for tasks to queue
[2023-10-10T17:51:10.701+0000] {logging_mixin.py:150} INFO - [2023-10-10T17:51:10.700+0000] {dagbag.py:541} INFO - Filling up the DagBag from /home/airflow/.local/lib/python3.7/site-packages/airflow/example_dags/example_branch_python_dop_operator_3.py
[2023-10-10T17:51:10.713+0000] {processor.py:836} INFO - DAG(s) dict_keys(['example_branch_dop_operator_v3']) retrieved from /home/airflow/.local/lib/python3.7/site-packages/airflow/example_dags/example_branch_python_dop_operator_3.py
[2023-10-10T17:51:10.745+0000] {logging_mixin.py:150} INFO - [2023-10-10T17:51:10.745+0000] {dag.py:2742} INFO - Sync 1 DAGs
[2023-10-10T17:51:10.795+0000] {logging_mixin.py:150} INFO - [2023-10-10T17:51:10.795+0000] {dag.py:3508} INFO - Setting next_dagrun for example_branch_dop_operator_v3 to 2023-10-10T17:50:00+00:00, run_after=2023-10-10T17:51:00+00:00
[2023-10-10T17:51:10.830+0000] {processor.py:179} INFO - Processing /home/airflow/.local/lib/python3.7/site-packages/airflow/example_dags/example_branch_python_dop_operator_3.py took 0.139 seconds
[2023-10-10T17:51:41.600+0000] {processor.py:157} INFO - Started process (PID=2575) to work on /home/airflow/.local/lib/python3.7/site-packages/airflow/example_dags/example_branch_python_dop_operator_3.py
[2023-10-10T17:51:41.602+0000] {processor.py:826} INFO - Processing file /home/airflow/.local/lib/python3.7/site-packages/airflow/example_dags/example_branch_python_dop_operator_3.py for tasks to queue
[2023-10-10T17:51:41.604+0000] {logging_mixin.py:150} INFO - [2023-10-10T17:51:41.604+0000] {dagbag.py:541} INFO - Filling up the DagBag from /home/airflow/.local/lib/python3.7/site-packages/airflow/example_dags/example_branch_python_dop_operator_3.py
[2023-10-10T17:51:41.619+0000] {processor.py:836} INFO - DAG(s) dict_keys(['example_branch_dop_operator_v3']) retrieved from /home/airflow/.local/lib/python3.7/site-packages/airflow/example_dags/example_branch_python_dop_operator_3.py
[2023-10-10T17:51:41.655+0000] {logging_mixin.py:150} INFO - [2023-10-10T17:51:41.654+0000] {dag.py:2742} INFO - Sync 1 DAGs
[2023-10-10T17:51:41.703+0000] {logging_mixin.py:150} INFO - [2023-10-10T17:51:41.703+0000] {dag.py:3508} INFO - Setting next_dagrun for example_branch_dop_operator_v3 to 2023-10-10T17:50:00+00:00, run_after=2023-10-10T17:51:00+00:00
[2023-10-10T17:51:41.736+0000] {processor.py:179} INFO - Processing /home/airflow/.local/lib/python3.7/site-packages/airflow/example_dags/example_branch_python_dop_operator_3.py took 0.141 seconds
[2023-10-10T17:52:12.326+0000] {processor.py:157} INFO - Started process (PID=2667) to work on /home/airflow/.local/lib/python3.7/site-packages/airflow/example_dags/example_branch_python_dop_operator_3.py
[2023-10-10T17:52:12.329+0000] {processor.py:826} INFO - Processing file /home/airflow/.local/lib/python3.7/site-packages/airflow/example_dags/example_branch_python_dop_operator_3.py for tasks to queue
[2023-10-10T17:52:12.330+0000] {logging_mixin.py:150} INFO - [2023-10-10T17:52:12.330+0000] {dagbag.py:541} INFO - Filling up the DagBag from /home/airflow/.local/lib/python3.7/site-packages/airflow/example_dags/example_branch_python_dop_operator_3.py
[2023-10-10T17:52:12.345+0000] {processor.py:836} INFO - DAG(s) dict_keys(['example_branch_dop_operator_v3']) retrieved from /home/airflow/.local/lib/python3.7/site-packages/airflow/example_dags/example_branch_python_dop_operator_3.py
[2023-10-10T17:52:12.387+0000] {logging_mixin.py:150} INFO - [2023-10-10T17:52:12.386+0000] {dag.py:2742} INFO - Sync 1 DAGs
[2023-10-10T17:52:12.440+0000] {logging_mixin.py:150} INFO - [2023-10-10T17:52:12.440+0000] {dag.py:3508} INFO - Setting next_dagrun for example_branch_dop_operator_v3 to 2023-10-10T17:51:00+00:00, run_after=2023-10-10T17:52:00+00:00
[2023-10-10T17:52:12.474+0000] {processor.py:179} INFO - Processing /home/airflow/.local/lib/python3.7/site-packages/airflow/example_dags/example_branch_python_dop_operator_3.py took 0.153 seconds
[2023-10-10T17:52:43.769+0000] {processor.py:157} INFO - Started process (PID=2748) to work on /home/airflow/.local/lib/python3.7/site-packages/airflow/example_dags/example_branch_python_dop_operator_3.py
[2023-10-10T17:52:43.772+0000] {processor.py:826} INFO - Processing file /home/airflow/.local/lib/python3.7/site-packages/airflow/example_dags/example_branch_python_dop_operator_3.py for tasks to queue
[2023-10-10T17:52:43.774+0000] {logging_mixin.py:150} INFO - [2023-10-10T17:52:43.774+0000] {dagbag.py:541} INFO - Filling up the DagBag from /home/airflow/.local/lib/python3.7/site-packages/airflow/example_dags/example_branch_python_dop_operator_3.py
[2023-10-10T17:52:43.788+0000] {processor.py:836} INFO - DAG(s) dict_keys(['example_branch_dop_operator_v3']) retrieved from /home/airflow/.local/lib/python3.7/site-packages/airflow/example_dags/example_branch_python_dop_operator_3.py
[2023-10-10T17:52:43.825+0000] {logging_mixin.py:150} INFO - [2023-10-10T17:52:43.825+0000] {dag.py:2742} INFO - Sync 1 DAGs
[2023-10-10T17:52:43.868+0000] {logging_mixin.py:150} INFO - [2023-10-10T17:52:43.868+0000] {dag.py:3508} INFO - Setting next_dagrun for example_branch_dop_operator_v3 to 2023-10-10T17:51:00+00:00, run_after=2023-10-10T17:52:00+00:00
[2023-10-10T17:52:43.901+0000] {processor.py:179} INFO - Processing /home/airflow/.local/lib/python3.7/site-packages/airflow/example_dags/example_branch_python_dop_operator_3.py took 0.138 seconds
[2023-10-10T17:53:14.447+0000] {processor.py:157} INFO - Started process (PID=2841) to work on /home/airflow/.local/lib/python3.7/site-packages/airflow/example_dags/example_branch_python_dop_operator_3.py
[2023-10-10T17:53:14.450+0000] {processor.py:826} INFO - Processing file /home/airflow/.local/lib/python3.7/site-packages/airflow/example_dags/example_branch_python_dop_operator_3.py for tasks to queue
[2023-10-10T17:53:14.452+0000] {logging_mixin.py:150} INFO - [2023-10-10T17:53:14.451+0000] {dagbag.py:541} INFO - Filling up the DagBag from /home/airflow/.local/lib/python3.7/site-packages/airflow/example_dags/example_branch_python_dop_operator_3.py
[2023-10-10T17:53:14.464+0000] {processor.py:836} INFO - DAG(s) dict_keys(['example_branch_dop_operator_v3']) retrieved from /home/airflow/.local/lib/python3.7/site-packages/airflow/example_dags/example_branch_python_dop_operator_3.py
[2023-10-10T17:53:14.502+0000] {logging_mixin.py:150} INFO - [2023-10-10T17:53:14.502+0000] {dag.py:2742} INFO - Sync 1 DAGs
[2023-10-10T17:53:14.548+0000] {logging_mixin.py:150} INFO - [2023-10-10T17:53:14.548+0000] {dag.py:3508} INFO - Setting next_dagrun for example_branch_dop_operator_v3 to 2023-10-10T17:52:00+00:00, run_after=2023-10-10T17:53:00+00:00
[2023-10-10T17:53:14.583+0000] {processor.py:179} INFO - Processing /home/airflow/.local/lib/python3.7/site-packages/airflow/example_dags/example_branch_python_dop_operator_3.py took 0.141 seconds
[2023-10-10T17:53:45.259+0000] {processor.py:157} INFO - Started process (PID=2922) to work on /home/airflow/.local/lib/python3.7/site-packages/airflow/example_dags/example_branch_python_dop_operator_3.py
[2023-10-10T17:53:45.260+0000] {processor.py:826} INFO - Processing file /home/airflow/.local/lib/python3.7/site-packages/airflow/example_dags/example_branch_python_dop_operator_3.py for tasks to queue
[2023-10-10T17:53:45.262+0000] {logging_mixin.py:150} INFO - [2023-10-10T17:53:45.261+0000] {dagbag.py:541} INFO - Filling up the DagBag from /home/airflow/.local/lib/python3.7/site-packages/airflow/example_dags/example_branch_python_dop_operator_3.py
[2023-10-10T17:53:45.273+0000] {processor.py:836} INFO - DAG(s) dict_keys(['example_branch_dop_operator_v3']) retrieved from /home/airflow/.local/lib/python3.7/site-packages/airflow/example_dags/example_branch_python_dop_operator_3.py
[2023-10-10T17:53:45.303+0000] {logging_mixin.py:150} INFO - [2023-10-10T17:53:45.303+0000] {dag.py:2742} INFO - Sync 1 DAGs
[2023-10-10T17:53:45.350+0000] {logging_mixin.py:150} INFO - [2023-10-10T17:53:45.350+0000] {dag.py:3508} INFO - Setting next_dagrun for example_branch_dop_operator_v3 to 2023-10-10T17:52:00+00:00, run_after=2023-10-10T17:53:00+00:00
[2023-10-10T17:53:45.376+0000] {processor.py:179} INFO - Processing /home/airflow/.local/lib/python3.7/site-packages/airflow/example_dags/example_branch_python_dop_operator_3.py took 0.123 seconds
[2023-10-10T17:54:15.546+0000] {processor.py:157} INFO - Started process (PID=3011) to work on /home/airflow/.local/lib/python3.7/site-packages/airflow/example_dags/example_branch_python_dop_operator_3.py
[2023-10-10T17:54:15.547+0000] {processor.py:826} INFO - Processing file /home/airflow/.local/lib/python3.7/site-packages/airflow/example_dags/example_branch_python_dop_operator_3.py for tasks to queue
[2023-10-10T17:54:15.549+0000] {logging_mixin.py:150} INFO - [2023-10-10T17:54:15.549+0000] {dagbag.py:541} INFO - Filling up the DagBag from /home/airflow/.local/lib/python3.7/site-packages/airflow/example_dags/example_branch_python_dop_operator_3.py
[2023-10-10T17:54:15.562+0000] {processor.py:836} INFO - DAG(s) dict_keys(['example_branch_dop_operator_v3']) retrieved from /home/airflow/.local/lib/python3.7/site-packages/airflow/example_dags/example_branch_python_dop_operator_3.py
[2023-10-10T17:54:15.599+0000] {logging_mixin.py:150} INFO - [2023-10-10T17:54:15.599+0000] {dag.py:2742} INFO - Sync 1 DAGs
[2023-10-10T17:54:15.641+0000] {logging_mixin.py:150} INFO - [2023-10-10T17:54:15.641+0000] {dag.py:3508} INFO - Setting next_dagrun for example_branch_dop_operator_v3 to 2023-10-10T17:53:00+00:00, run_after=2023-10-10T17:54:00+00:00
[2023-10-10T17:54:15.669+0000] {processor.py:179} INFO - Processing /home/airflow/.local/lib/python3.7/site-packages/airflow/example_dags/example_branch_python_dop_operator_3.py took 0.128 seconds
[2023-10-10T17:54:47.654+0000] {processor.py:157} INFO - Started process (PID=3119) to work on /home/airflow/.local/lib/python3.7/site-packages/airflow/example_dags/example_branch_python_dop_operator_3.py
[2023-10-10T17:54:47.657+0000] {processor.py:826} INFO - Processing file /home/airflow/.local/lib/python3.7/site-packages/airflow/example_dags/example_branch_python_dop_operator_3.py for tasks to queue
[2023-10-10T17:54:47.661+0000] {logging_mixin.py:150} INFO - [2023-10-10T17:54:47.660+0000] {dagbag.py:541} INFO - Filling up the DagBag from /home/airflow/.local/lib/python3.7/site-packages/airflow/example_dags/example_branch_python_dop_operator_3.py
[2023-10-10T17:54:47.682+0000] {processor.py:836} INFO - DAG(s) dict_keys(['example_branch_dop_operator_v3']) retrieved from /home/airflow/.local/lib/python3.7/site-packages/airflow/example_dags/example_branch_python_dop_operator_3.py
[2023-10-10T17:54:47.736+0000] {logging_mixin.py:150} INFO - [2023-10-10T17:54:47.736+0000] {dag.py:2742} INFO - Sync 1 DAGs
[2023-10-10T17:54:47.806+0000] {logging_mixin.py:150} INFO - [2023-10-10T17:54:47.806+0000] {dag.py:3508} INFO - Setting next_dagrun for example_branch_dop_operator_v3 to 2023-10-10T17:53:00+00:00, run_after=2023-10-10T17:54:00+00:00
[2023-10-10T17:54:47.851+0000] {processor.py:179} INFO - Processing /home/airflow/.local/lib/python3.7/site-packages/airflow/example_dags/example_branch_python_dop_operator_3.py took 0.209 seconds
[2023-10-10T17:56:07.400+0000] {processor.py:157} INFO - Started process (PID=3249) to work on /home/airflow/.local/lib/python3.7/site-packages/airflow/example_dags/example_branch_python_dop_operator_3.py
[2023-10-10T17:56:07.404+0000] {processor.py:826} INFO - Processing file /home/airflow/.local/lib/python3.7/site-packages/airflow/example_dags/example_branch_python_dop_operator_3.py for tasks to queue
[2023-10-10T17:56:07.408+0000] {logging_mixin.py:150} INFO - [2023-10-10T17:56:07.407+0000] {dagbag.py:541} INFO - Filling up the DagBag from /home/airflow/.local/lib/python3.7/site-packages/airflow/example_dags/example_branch_python_dop_operator_3.py
[2023-10-10T17:56:07.437+0000] {processor.py:836} INFO - DAG(s) dict_keys(['example_branch_dop_operator_v3']) retrieved from /home/airflow/.local/lib/python3.7/site-packages/airflow/example_dags/example_branch_python_dop_operator_3.py
[2023-10-10T17:56:07.507+0000] {logging_mixin.py:150} INFO - [2023-10-10T17:56:07.506+0000] {dag.py:2742} INFO - Sync 1 DAGs
[2023-10-10T17:56:07.577+0000] {logging_mixin.py:150} INFO - [2023-10-10T17:56:07.577+0000] {dag.py:3508} INFO - Setting next_dagrun for example_branch_dop_operator_v3 to 2023-10-10T17:55:00+00:00, run_after=2023-10-10T17:56:00+00:00
[2023-10-10T17:56:07.649+0000] {processor.py:179} INFO - Processing /home/airflow/.local/lib/python3.7/site-packages/airflow/example_dags/example_branch_python_dop_operator_3.py took 0.260 seconds
[2023-10-10T17:56:40.684+0000] {processor.py:157} INFO - Started process (PID=3330) to work on /home/airflow/.local/lib/python3.7/site-packages/airflow/example_dags/example_branch_python_dop_operator_3.py
[2023-10-10T17:56:40.688+0000] {processor.py:826} INFO - Processing file /home/airflow/.local/lib/python3.7/site-packages/airflow/example_dags/example_branch_python_dop_operator_3.py for tasks to queue
[2023-10-10T17:56:40.693+0000] {logging_mixin.py:150} INFO - [2023-10-10T17:56:40.692+0000] {dagbag.py:541} INFO - Filling up the DagBag from /home/airflow/.local/lib/python3.7/site-packages/airflow/example_dags/example_branch_python_dop_operator_3.py
[2023-10-10T17:56:40.726+0000] {processor.py:836} INFO - DAG(s) dict_keys(['example_branch_dop_operator_v3']) retrieved from /home/airflow/.local/lib/python3.7/site-packages/airflow/example_dags/example_branch_python_dop_operator_3.py
[2023-10-10T17:56:40.832+0000] {logging_mixin.py:150} INFO - [2023-10-10T17:56:40.831+0000] {dag.py:2742} INFO - Sync 1 DAGs
[2023-10-10T17:56:40.932+0000] {logging_mixin.py:150} INFO - [2023-10-10T17:56:40.932+0000] {dag.py:3508} INFO - Setting next_dagrun for example_branch_dop_operator_v3 to 2023-10-10T17:55:00+00:00, run_after=2023-10-10T17:56:00+00:00
[2023-10-10T17:56:40.992+0000] {processor.py:179} INFO - Processing /home/airflow/.local/lib/python3.7/site-packages/airflow/example_dags/example_branch_python_dop_operator_3.py took 0.320 seconds
[2023-10-10T17:57:49.116+0000] {processor.py:157} INFO - Started process (PID=3430) to work on /home/airflow/.local/lib/python3.7/site-packages/airflow/example_dags/example_branch_python_dop_operator_3.py
[2023-10-10T17:57:49.138+0000] {processor.py:826} INFO - Processing file /home/airflow/.local/lib/python3.7/site-packages/airflow/example_dags/example_branch_python_dop_operator_3.py for tasks to queue
[2023-10-10T17:57:49.168+0000] {logging_mixin.py:150} INFO - [2023-10-10T17:57:49.162+0000] {dagbag.py:541} INFO - Filling up the DagBag from /home/airflow/.local/lib/python3.7/site-packages/airflow/example_dags/example_branch_python_dop_operator_3.py
[2023-10-10T17:57:49.322+0000] {processor.py:836} INFO - DAG(s) dict_keys(['example_branch_dop_operator_v3']) retrieved from /home/airflow/.local/lib/python3.7/site-packages/airflow/example_dags/example_branch_python_dop_operator_3.py
[2023-10-10T17:57:49.746+0000] {logging_mixin.py:150} INFO - [2023-10-10T17:57:49.744+0000] {dag.py:2742} INFO - Sync 1 DAGs
[2023-10-10T17:57:50.570+0000] {logging_mixin.py:150} INFO - [2023-10-10T17:57:50.569+0000] {dag.py:3508} INFO - Setting next_dagrun for example_branch_dop_operator_v3 to 2023-10-10T17:56:00+00:00, run_after=2023-10-10T17:57:00+00:00
[2023-10-10T17:57:51.154+0000] {processor.py:179} INFO - Processing /home/airflow/.local/lib/python3.7/site-packages/airflow/example_dags/example_branch_python_dop_operator_3.py took 2.066 seconds
[2023-10-10T17:58:40.512+0000] {processor.py:157} INFO - Started process (PID=3532) to work on /home/airflow/.local/lib/python3.7/site-packages/airflow/example_dags/example_branch_python_dop_operator_3.py
[2023-10-10T17:58:40.520+0000] {processor.py:826} INFO - Processing file /home/airflow/.local/lib/python3.7/site-packages/airflow/example_dags/example_branch_python_dop_operator_3.py for tasks to queue
[2023-10-10T17:58:40.531+0000] {logging_mixin.py:150} INFO - [2023-10-10T17:58:40.530+0000] {dagbag.py:541} INFO - Filling up the DagBag from /home/airflow/.local/lib/python3.7/site-packages/airflow/example_dags/example_branch_python_dop_operator_3.py
[2023-10-10T17:58:40.610+0000] {processor.py:836} INFO - DAG(s) dict_keys(['example_branch_dop_operator_v3']) retrieved from /home/airflow/.local/lib/python3.7/site-packages/airflow/example_dags/example_branch_python_dop_operator_3.py
[2023-10-10T17:58:40.843+0000] {logging_mixin.py:150} INFO - [2023-10-10T17:58:40.842+0000] {dag.py:2742} INFO - Sync 1 DAGs
[2023-10-10T17:58:41.255+0000] {logging_mixin.py:150} INFO - [2023-10-10T17:58:41.254+0000] {dag.py:3508} INFO - Setting next_dagrun for example_branch_dop_operator_v3 to 2023-10-10T17:57:00+00:00, run_after=2023-10-10T17:58:00+00:00
[2023-10-10T17:58:41.442+0000] {processor.py:179} INFO - Processing /home/airflow/.local/lib/python3.7/site-packages/airflow/example_dags/example_branch_python_dop_operator_3.py took 0.945 seconds
[2023-10-10T17:59:14.652+0000] {processor.py:157} INFO - Started process (PID=3620) to work on /home/airflow/.local/lib/python3.7/site-packages/airflow/example_dags/example_branch_python_dop_operator_3.py
[2023-10-10T17:59:14.674+0000] {processor.py:826} INFO - Processing file /home/airflow/.local/lib/python3.7/site-packages/airflow/example_dags/example_branch_python_dop_operator_3.py for tasks to queue
[2023-10-10T17:59:14.689+0000] {logging_mixin.py:150} INFO - [2023-10-10T17:59:14.688+0000] {dagbag.py:541} INFO - Filling up the DagBag from /home/airflow/.local/lib/python3.7/site-packages/airflow/example_dags/example_branch_python_dop_operator_3.py
[2023-10-10T17:59:14.775+0000] {processor.py:836} INFO - DAG(s) dict_keys(['example_branch_dop_operator_v3']) retrieved from /home/airflow/.local/lib/python3.7/site-packages/airflow/example_dags/example_branch_python_dop_operator_3.py
[2023-10-10T17:59:15.111+0000] {logging_mixin.py:150} INFO - [2023-10-10T17:59:15.111+0000] {dag.py:2742} INFO - Sync 1 DAGs
[2023-10-10T17:59:15.552+0000] {logging_mixin.py:150} INFO - [2023-10-10T17:59:15.552+0000] {dag.py:3508} INFO - Setting next_dagrun for example_branch_dop_operator_v3 to 2023-10-10T17:58:00+00:00, run_after=2023-10-10T17:59:00+00:00
[2023-10-10T17:59:15.793+0000] {processor.py:179} INFO - Processing /home/airflow/.local/lib/python3.7/site-packages/airflow/example_dags/example_branch_python_dop_operator_3.py took 1.220 seconds
[2023-10-10T17:59:51.523+0000] {processor.py:157} INFO - Started process (PID=3702) to work on /home/airflow/.local/lib/python3.7/site-packages/airflow/example_dags/example_branch_python_dop_operator_3.py
[2023-10-10T17:59:51.529+0000] {processor.py:826} INFO - Processing file /home/airflow/.local/lib/python3.7/site-packages/airflow/example_dags/example_branch_python_dop_operator_3.py for tasks to queue
[2023-10-10T17:59:51.536+0000] {logging_mixin.py:150} INFO - [2023-10-10T17:59:51.535+0000] {dagbag.py:541} INFO - Filling up the DagBag from /home/airflow/.local/lib/python3.7/site-packages/airflow/example_dags/example_branch_python_dop_operator_3.py
[2023-10-10T17:59:51.587+0000] {processor.py:836} INFO - DAG(s) dict_keys(['example_branch_dop_operator_v3']) retrieved from /home/airflow/.local/lib/python3.7/site-packages/airflow/example_dags/example_branch_python_dop_operator_3.py
[2023-10-10T17:59:51.727+0000] {logging_mixin.py:150} INFO - [2023-10-10T17:59:51.727+0000] {dag.py:2742} INFO - Sync 1 DAGs
[2023-10-10T17:59:51.902+0000] {logging_mixin.py:150} INFO - [2023-10-10T17:59:51.901+0000] {dag.py:3508} INFO - Setting next_dagrun for example_branch_dop_operator_v3 to 2023-10-10T17:58:00+00:00, run_after=2023-10-10T17:59:00+00:00
[2023-10-10T17:59:52.002+0000] {processor.py:179} INFO - Processing /home/airflow/.local/lib/python3.7/site-packages/airflow/example_dags/example_branch_python_dop_operator_3.py took 0.498 seconds
[2023-10-10T18:00:22.346+0000] {processor.py:157} INFO - Started process (PID=3782) to work on /home/airflow/.local/lib/python3.7/site-packages/airflow/example_dags/example_branch_python_dop_operator_3.py
[2023-10-10T18:00:22.349+0000] {processor.py:826} INFO - Processing file /home/airflow/.local/lib/python3.7/site-packages/airflow/example_dags/example_branch_python_dop_operator_3.py for tasks to queue
[2023-10-10T18:00:22.352+0000] {logging_mixin.py:150} INFO - [2023-10-10T18:00:22.352+0000] {dagbag.py:541} INFO - Filling up the DagBag from /home/airflow/.local/lib/python3.7/site-packages/airflow/example_dags/example_branch_python_dop_operator_3.py
[2023-10-10T18:00:22.378+0000] {processor.py:836} INFO - DAG(s) dict_keys(['example_branch_dop_operator_v3']) retrieved from /home/airflow/.local/lib/python3.7/site-packages/airflow/example_dags/example_branch_python_dop_operator_3.py
[2023-10-10T18:00:22.459+0000] {logging_mixin.py:150} INFO - [2023-10-10T18:00:22.458+0000] {dag.py:2742} INFO - Sync 1 DAGs
[2023-10-10T18:00:22.530+0000] {logging_mixin.py:150} INFO - [2023-10-10T18:00:22.530+0000] {dag.py:3508} INFO - Setting next_dagrun for example_branch_dop_operator_v3 to 2023-10-10T17:59:00+00:00, run_after=2023-10-10T18:00:00+00:00
[2023-10-10T18:00:22.575+0000] {processor.py:179} INFO - Processing /home/airflow/.local/lib/python3.7/site-packages/airflow/example_dags/example_branch_python_dop_operator_3.py took 0.238 seconds
[2023-10-10T18:00:53.072+0000] {processor.py:157} INFO - Started process (PID=3864) to work on /home/airflow/.local/lib/python3.7/site-packages/airflow/example_dags/example_branch_python_dop_operator_3.py
[2023-10-10T18:00:53.074+0000] {processor.py:826} INFO - Processing file /home/airflow/.local/lib/python3.7/site-packages/airflow/example_dags/example_branch_python_dop_operator_3.py for tasks to queue
[2023-10-10T18:00:53.077+0000] {logging_mixin.py:150} INFO - [2023-10-10T18:00:53.076+0000] {dagbag.py:541} INFO - Filling up the DagBag from /home/airflow/.local/lib/python3.7/site-packages/airflow/example_dags/example_branch_python_dop_operator_3.py
[2023-10-10T18:00:53.094+0000] {processor.py:836} INFO - DAG(s) dict_keys(['example_branch_dop_operator_v3']) retrieved from /home/airflow/.local/lib/python3.7/site-packages/airflow/example_dags/example_branch_python_dop_operator_3.py
[2023-10-10T18:00:53.149+0000] {logging_mixin.py:150} INFO - [2023-10-10T18:00:53.149+0000] {dag.py:2742} INFO - Sync 1 DAGs
[2023-10-10T18:00:53.229+0000] {logging_mixin.py:150} INFO - [2023-10-10T18:00:53.229+0000] {dag.py:3508} INFO - Setting next_dagrun for example_branch_dop_operator_v3 to 2023-10-10T17:59:00+00:00, run_after=2023-10-10T18:00:00+00:00
[2023-10-10T18:00:53.311+0000] {processor.py:179} INFO - Processing /home/airflow/.local/lib/python3.7/site-packages/airflow/example_dags/example_branch_python_dop_operator_3.py took 0.246 seconds
[2023-10-10T18:01:23.682+0000] {processor.py:157} INFO - Started process (PID=3945) to work on /home/airflow/.local/lib/python3.7/site-packages/airflow/example_dags/example_branch_python_dop_operator_3.py
[2023-10-10T18:01:23.685+0000] {processor.py:826} INFO - Processing file /home/airflow/.local/lib/python3.7/site-packages/airflow/example_dags/example_branch_python_dop_operator_3.py for tasks to queue
[2023-10-10T18:01:23.695+0000] {logging_mixin.py:150} INFO - [2023-10-10T18:01:23.692+0000] {dagbag.py:541} INFO - Filling up the DagBag from /home/airflow/.local/lib/python3.7/site-packages/airflow/example_dags/example_branch_python_dop_operator_3.py
[2023-10-10T18:01:23.729+0000] {processor.py:836} INFO - DAG(s) dict_keys(['example_branch_dop_operator_v3']) retrieved from /home/airflow/.local/lib/python3.7/site-packages/airflow/example_dags/example_branch_python_dop_operator_3.py
[2023-10-10T18:01:23.799+0000] {logging_mixin.py:150} INFO - [2023-10-10T18:01:23.798+0000] {dag.py:2742} INFO - Sync 1 DAGs
[2023-10-10T18:01:23.865+0000] {logging_mixin.py:150} INFO - [2023-10-10T18:01:23.865+0000] {dag.py:3508} INFO - Setting next_dagrun for example_branch_dop_operator_v3 to 2023-10-10T18:00:00+00:00, run_after=2023-10-10T18:01:00+00:00
[2023-10-10T18:01:23.906+0000] {processor.py:179} INFO - Processing /home/airflow/.local/lib/python3.7/site-packages/airflow/example_dags/example_branch_python_dop_operator_3.py took 0.233 seconds
[2023-10-10T18:01:53.965+0000] {processor.py:157} INFO - Started process (PID=4034) to work on /home/airflow/.local/lib/python3.7/site-packages/airflow/example_dags/example_branch_python_dop_operator_3.py
[2023-10-10T18:01:53.970+0000] {processor.py:826} INFO - Processing file /home/airflow/.local/lib/python3.7/site-packages/airflow/example_dags/example_branch_python_dop_operator_3.py for tasks to queue
[2023-10-10T18:01:53.976+0000] {logging_mixin.py:150} INFO - [2023-10-10T18:01:53.976+0000] {dagbag.py:541} INFO - Filling up the DagBag from /home/airflow/.local/lib/python3.7/site-packages/airflow/example_dags/example_branch_python_dop_operator_3.py
[2023-10-10T18:01:53.997+0000] {processor.py:836} INFO - DAG(s) dict_keys(['example_branch_dop_operator_v3']) retrieved from /home/airflow/.local/lib/python3.7/site-packages/airflow/example_dags/example_branch_python_dop_operator_3.py
[2023-10-10T18:01:54.053+0000] {logging_mixin.py:150} INFO - [2023-10-10T18:01:54.053+0000] {dag.py:2742} INFO - Sync 1 DAGs
[2023-10-10T18:01:54.137+0000] {logging_mixin.py:150} INFO - [2023-10-10T18:01:54.137+0000] {dag.py:3508} INFO - Setting next_dagrun for example_branch_dop_operator_v3 to 2023-10-10T18:00:00+00:00, run_after=2023-10-10T18:01:00+00:00
[2023-10-10T18:01:54.179+0000] {processor.py:179} INFO - Processing /home/airflow/.local/lib/python3.7/site-packages/airflow/example_dags/example_branch_python_dop_operator_3.py took 0.224 seconds
[2023-10-10T18:02:24.340+0000] {processor.py:157} INFO - Started process (PID=4115) to work on /home/airflow/.local/lib/python3.7/site-packages/airflow/example_dags/example_branch_python_dop_operator_3.py
[2023-10-10T18:02:24.343+0000] {processor.py:826} INFO - Processing file /home/airflow/.local/lib/python3.7/site-packages/airflow/example_dags/example_branch_python_dop_operator_3.py for tasks to queue
[2023-10-10T18:02:24.345+0000] {logging_mixin.py:150} INFO - [2023-10-10T18:02:24.345+0000] {dagbag.py:541} INFO - Filling up the DagBag from /home/airflow/.local/lib/python3.7/site-packages/airflow/example_dags/example_branch_python_dop_operator_3.py
[2023-10-10T18:02:24.375+0000] {processor.py:836} INFO - DAG(s) dict_keys(['example_branch_dop_operator_v3']) retrieved from /home/airflow/.local/lib/python3.7/site-packages/airflow/example_dags/example_branch_python_dop_operator_3.py
[2023-10-10T18:02:24.439+0000] {logging_mixin.py:150} INFO - [2023-10-10T18:02:24.439+0000] {dag.py:2742} INFO - Sync 1 DAGs
[2023-10-10T18:02:24.540+0000] {logging_mixin.py:150} INFO - [2023-10-10T18:02:24.540+0000] {dag.py:3508} INFO - Setting next_dagrun for example_branch_dop_operator_v3 to 2023-10-10T18:01:00+00:00, run_after=2023-10-10T18:02:00+00:00
[2023-10-10T18:02:24.583+0000] {processor.py:179} INFO - Processing /home/airflow/.local/lib/python3.7/site-packages/airflow/example_dags/example_branch_python_dop_operator_3.py took 0.251 seconds
[2023-10-10T18:02:55.773+0000] {processor.py:157} INFO - Started process (PID=4196) to work on /home/airflow/.local/lib/python3.7/site-packages/airflow/example_dags/example_branch_python_dop_operator_3.py
[2023-10-10T18:02:55.777+0000] {processor.py:826} INFO - Processing file /home/airflow/.local/lib/python3.7/site-packages/airflow/example_dags/example_branch_python_dop_operator_3.py for tasks to queue
[2023-10-10T18:02:55.781+0000] {logging_mixin.py:150} INFO - [2023-10-10T18:02:55.780+0000] {dagbag.py:541} INFO - Filling up the DagBag from /home/airflow/.local/lib/python3.7/site-packages/airflow/example_dags/example_branch_python_dop_operator_3.py
[2023-10-10T18:02:55.809+0000] {processor.py:836} INFO - DAG(s) dict_keys(['example_branch_dop_operator_v3']) retrieved from /home/airflow/.local/lib/python3.7/site-packages/airflow/example_dags/example_branch_python_dop_operator_3.py
[2023-10-10T18:02:55.882+0000] {logging_mixin.py:150} INFO - [2023-10-10T18:02:55.882+0000] {dag.py:2742} INFO - Sync 1 DAGs
[2023-10-10T18:02:55.983+0000] {logging_mixin.py:150} INFO - [2023-10-10T18:02:55.983+0000] {dag.py:3508} INFO - Setting next_dagrun for example_branch_dop_operator_v3 to 2023-10-10T18:01:00+00:00, run_after=2023-10-10T18:02:00+00:00
[2023-10-10T18:02:56.037+0000] {processor.py:179} INFO - Processing /home/airflow/.local/lib/python3.7/site-packages/airflow/example_dags/example_branch_python_dop_operator_3.py took 0.295 seconds
[2023-10-10T18:03:26.098+0000] {processor.py:157} INFO - Started process (PID=4276) to work on /home/airflow/.local/lib/python3.7/site-packages/airflow/example_dags/example_branch_python_dop_operator_3.py
[2023-10-10T18:03:26.101+0000] {processor.py:826} INFO - Processing file /home/airflow/.local/lib/python3.7/site-packages/airflow/example_dags/example_branch_python_dop_operator_3.py for tasks to queue
[2023-10-10T18:03:26.103+0000] {logging_mixin.py:150} INFO - [2023-10-10T18:03:26.103+0000] {dagbag.py:541} INFO - Filling up the DagBag from /home/airflow/.local/lib/python3.7/site-packages/airflow/example_dags/example_branch_python_dop_operator_3.py
[2023-10-10T18:03:26.121+0000] {processor.py:836} INFO - DAG(s) dict_keys(['example_branch_dop_operator_v3']) retrieved from /home/airflow/.local/lib/python3.7/site-packages/airflow/example_dags/example_branch_python_dop_operator_3.py
[2023-10-10T18:03:26.190+0000] {logging_mixin.py:150} INFO - [2023-10-10T18:03:26.189+0000] {dag.py:2742} INFO - Sync 1 DAGs
[2023-10-10T18:03:26.283+0000] {logging_mixin.py:150} INFO - [2023-10-10T18:03:26.283+0000] {dag.py:3508} INFO - Setting next_dagrun for example_branch_dop_operator_v3 to 2023-10-10T18:02:00+00:00, run_after=2023-10-10T18:03:00+00:00
[2023-10-10T18:03:26.320+0000] {processor.py:179} INFO - Processing /home/airflow/.local/lib/python3.7/site-packages/airflow/example_dags/example_branch_python_dop_operator_3.py took 0.229 seconds
[2023-10-10T18:03:56.396+0000] {processor.py:157} INFO - Started process (PID=4365) to work on /home/airflow/.local/lib/python3.7/site-packages/airflow/example_dags/example_branch_python_dop_operator_3.py
[2023-10-10T18:03:56.398+0000] {processor.py:826} INFO - Processing file /home/airflow/.local/lib/python3.7/site-packages/airflow/example_dags/example_branch_python_dop_operator_3.py for tasks to queue
[2023-10-10T18:03:56.400+0000] {logging_mixin.py:150} INFO - [2023-10-10T18:03:56.400+0000] {dagbag.py:541} INFO - Filling up the DagBag from /home/airflow/.local/lib/python3.7/site-packages/airflow/example_dags/example_branch_python_dop_operator_3.py
[2023-10-10T18:03:56.416+0000] {processor.py:836} INFO - DAG(s) dict_keys(['example_branch_dop_operator_v3']) retrieved from /home/airflow/.local/lib/python3.7/site-packages/airflow/example_dags/example_branch_python_dop_operator_3.py
[2023-10-10T18:03:56.469+0000] {logging_mixin.py:150} INFO - [2023-10-10T18:03:56.468+0000] {dag.py:2742} INFO - Sync 1 DAGs
[2023-10-10T18:03:56.559+0000] {logging_mixin.py:150} INFO - [2023-10-10T18:03:56.558+0000] {dag.py:3508} INFO - Setting next_dagrun for example_branch_dop_operator_v3 to 2023-10-10T18:02:00+00:00, run_after=2023-10-10T18:03:00+00:00
[2023-10-10T18:03:56.607+0000] {processor.py:179} INFO - Processing /home/airflow/.local/lib/python3.7/site-packages/airflow/example_dags/example_branch_python_dop_operator_3.py took 0.218 seconds
[2023-10-10T18:04:27.208+0000] {processor.py:157} INFO - Started process (PID=4447) to work on /home/airflow/.local/lib/python3.7/site-packages/airflow/example_dags/example_branch_python_dop_operator_3.py
[2023-10-10T18:04:27.211+0000] {processor.py:826} INFO - Processing file /home/airflow/.local/lib/python3.7/site-packages/airflow/example_dags/example_branch_python_dop_operator_3.py for tasks to queue
[2023-10-10T18:04:27.214+0000] {logging_mixin.py:150} INFO - [2023-10-10T18:04:27.213+0000] {dagbag.py:541} INFO - Filling up the DagBag from /home/airflow/.local/lib/python3.7/site-packages/airflow/example_dags/example_branch_python_dop_operator_3.py
[2023-10-10T18:04:27.236+0000] {processor.py:836} INFO - DAG(s) dict_keys(['example_branch_dop_operator_v3']) retrieved from /home/airflow/.local/lib/python3.7/site-packages/airflow/example_dags/example_branch_python_dop_operator_3.py
[2023-10-10T18:04:27.306+0000] {logging_mixin.py:150} INFO - [2023-10-10T18:04:27.306+0000] {dag.py:2742} INFO - Sync 1 DAGs
[2023-10-10T18:04:27.412+0000] {logging_mixin.py:150} INFO - [2023-10-10T18:04:27.411+0000] {dag.py:3508} INFO - Setting next_dagrun for example_branch_dop_operator_v3 to 2023-10-10T18:03:00+00:00, run_after=2023-10-10T18:04:00+00:00
[2023-10-10T18:04:27.476+0000] {processor.py:179} INFO - Processing /home/airflow/.local/lib/python3.7/site-packages/airflow/example_dags/example_branch_python_dop_operator_3.py took 0.276 seconds
[2023-10-10T18:05:00.037+0000] {processor.py:157} INFO - Started process (PID=4528) to work on /home/airflow/.local/lib/python3.7/site-packages/airflow/example_dags/example_branch_python_dop_operator_3.py
[2023-10-10T18:05:00.051+0000] {processor.py:826} INFO - Processing file /home/airflow/.local/lib/python3.7/site-packages/airflow/example_dags/example_branch_python_dop_operator_3.py for tasks to queue
[2023-10-10T18:05:00.062+0000] {logging_mixin.py:150} INFO - [2023-10-10T18:05:00.061+0000] {dagbag.py:541} INFO - Filling up the DagBag from /home/airflow/.local/lib/python3.7/site-packages/airflow/example_dags/example_branch_python_dop_operator_3.py
[2023-10-10T18:05:00.132+0000] {processor.py:836} INFO - DAG(s) dict_keys(['example_branch_dop_operator_v3']) retrieved from /home/airflow/.local/lib/python3.7/site-packages/airflow/example_dags/example_branch_python_dop_operator_3.py
[2023-10-10T18:05:00.348+0000] {logging_mixin.py:150} INFO - [2023-10-10T18:05:00.346+0000] {dag.py:2742} INFO - Sync 1 DAGs
[2023-10-10T18:05:00.613+0000] {logging_mixin.py:150} INFO - [2023-10-10T18:05:00.612+0000] {dag.py:3508} INFO - Setting next_dagrun for example_branch_dop_operator_v3 to 2023-10-10T18:04:00+00:00, run_after=2023-10-10T18:05:00+00:00
[2023-10-10T18:05:00.822+0000] {processor.py:179} INFO - Processing /home/airflow/.local/lib/python3.7/site-packages/airflow/example_dags/example_branch_python_dop_operator_3.py took 0.830 seconds
[2023-10-10T18:05:31.779+0000] {processor.py:157} INFO - Started process (PID=4607) to work on /home/airflow/.local/lib/python3.7/site-packages/airflow/example_dags/example_branch_python_dop_operator_3.py
[2023-10-10T18:05:31.794+0000] {processor.py:826} INFO - Processing file /home/airflow/.local/lib/python3.7/site-packages/airflow/example_dags/example_branch_python_dop_operator_3.py for tasks to queue
[2023-10-10T18:05:31.807+0000] {logging_mixin.py:150} INFO - [2023-10-10T18:05:31.806+0000] {dagbag.py:541} INFO - Filling up the DagBag from /home/airflow/.local/lib/python3.7/site-packages/airflow/example_dags/example_branch_python_dop_operator_3.py
[2023-10-10T18:05:31.890+0000] {processor.py:836} INFO - DAG(s) dict_keys(['example_branch_dop_operator_v3']) retrieved from /home/airflow/.local/lib/python3.7/site-packages/airflow/example_dags/example_branch_python_dop_operator_3.py
[2023-10-10T18:05:32.351+0000] {logging_mixin.py:150} INFO - [2023-10-10T18:05:32.350+0000] {dag.py:2742} INFO - Sync 1 DAGs
[2023-10-10T18:05:33.194+0000] {logging_mixin.py:150} INFO - [2023-10-10T18:05:33.170+0000] {dag.py:3508} INFO - Setting next_dagrun for example_branch_dop_operator_v3 to 2023-10-10T18:04:00+00:00, run_after=2023-10-10T18:05:00+00:00
[2023-10-10T18:05:33.379+0000] {processor.py:179} INFO - Processing /home/airflow/.local/lib/python3.7/site-packages/airflow/example_dags/example_branch_python_dop_operator_3.py took 1.644 seconds
[2023-10-10T18:06:03.533+0000] {processor.py:157} INFO - Started process (PID=4675) to work on /home/airflow/.local/lib/python3.7/site-packages/airflow/example_dags/example_branch_python_dop_operator_3.py
[2023-10-10T18:06:03.542+0000] {processor.py:826} INFO - Processing file /home/airflow/.local/lib/python3.7/site-packages/airflow/example_dags/example_branch_python_dop_operator_3.py for tasks to queue
[2023-10-10T18:06:03.547+0000] {logging_mixin.py:150} INFO - [2023-10-10T18:06:03.546+0000] {dagbag.py:541} INFO - Filling up the DagBag from /home/airflow/.local/lib/python3.7/site-packages/airflow/example_dags/example_branch_python_dop_operator_3.py
[2023-10-10T18:06:03.583+0000] {processor.py:836} INFO - DAG(s) dict_keys(['example_branch_dop_operator_v3']) retrieved from /home/airflow/.local/lib/python3.7/site-packages/airflow/example_dags/example_branch_python_dop_operator_3.py
[2023-10-10T18:06:03.689+0000] {logging_mixin.py:150} INFO - [2023-10-10T18:06:03.688+0000] {dag.py:2742} INFO - Sync 1 DAGs
[2023-10-10T18:06:03.819+0000] {logging_mixin.py:150} INFO - [2023-10-10T18:06:03.818+0000] {dag.py:3508} INFO - Setting next_dagrun for example_branch_dop_operator_v3 to 2023-10-10T18:05:00+00:00, run_after=2023-10-10T18:06:00+00:00
[2023-10-10T18:06:03.892+0000] {processor.py:179} INFO - Processing /home/airflow/.local/lib/python3.7/site-packages/airflow/example_dags/example_branch_python_dop_operator_3.py took 0.392 seconds
[2023-10-10T18:06:34.481+0000] {processor.py:157} INFO - Started process (PID=4756) to work on /home/airflow/.local/lib/python3.7/site-packages/airflow/example_dags/example_branch_python_dop_operator_3.py
[2023-10-10T18:06:34.484+0000] {processor.py:826} INFO - Processing file /home/airflow/.local/lib/python3.7/site-packages/airflow/example_dags/example_branch_python_dop_operator_3.py for tasks to queue
[2023-10-10T18:06:34.488+0000] {logging_mixin.py:150} INFO - [2023-10-10T18:06:34.487+0000] {dagbag.py:541} INFO - Filling up the DagBag from /home/airflow/.local/lib/python3.7/site-packages/airflow/example_dags/example_branch_python_dop_operator_3.py
[2023-10-10T18:06:34.514+0000] {processor.py:836} INFO - DAG(s) dict_keys(['example_branch_dop_operator_v3']) retrieved from /home/airflow/.local/lib/python3.7/site-packages/airflow/example_dags/example_branch_python_dop_operator_3.py
[2023-10-10T18:06:34.585+0000] {logging_mixin.py:150} INFO - [2023-10-10T18:06:34.584+0000] {dag.py:2742} INFO - Sync 1 DAGs
[2023-10-10T18:06:34.673+0000] {logging_mixin.py:150} INFO - [2023-10-10T18:06:34.672+0000] {dag.py:3508} INFO - Setting next_dagrun for example_branch_dop_operator_v3 to 2023-10-10T18:05:00+00:00, run_after=2023-10-10T18:06:00+00:00
[2023-10-10T18:06:34.729+0000] {processor.py:179} INFO - Processing /home/airflow/.local/lib/python3.7/site-packages/airflow/example_dags/example_branch_python_dop_operator_3.py took 0.258 seconds
