[2023-10-10T17:36:34.449+0000] {processor.py:157} INFO - Started process (PID=64) to work on /home/airflow/.local/lib/python3.7/site-packages/airflow/example_dags/example_time_delta_sensor_async.py
[2023-10-10T17:36:34.458+0000] {processor.py:826} INFO - Processing file /home/airflow/.local/lib/python3.7/site-packages/airflow/example_dags/example_time_delta_sensor_async.py for tasks to queue
[2023-10-10T17:36:34.460+0000] {logging_mixin.py:150} INFO - [2023-10-10T17:36:34.460+0000] {dagbag.py:541} INFO - Filling up the DagBag from /home/airflow/.local/lib/python3.7/site-packages/airflow/example_dags/example_time_delta_sensor_async.py
[2023-10-10T17:36:34.473+0000] {processor.py:836} INFO - DAG(s) dict_keys(['example_time_delta_sensor_async']) retrieved from /home/airflow/.local/lib/python3.7/site-packages/airflow/example_dags/example_time_delta_sensor_async.py
[2023-10-10T17:36:34.503+0000] {logging_mixin.py:150} INFO - [2023-10-10T17:36:34.503+0000] {dag.py:2742} INFO - Sync 1 DAGs
[2023-10-10T17:36:34.550+0000] {logging_mixin.py:150} INFO - [2023-10-10T17:36:34.550+0000] {dag.py:3508} INFO - Setting next_dagrun for example_time_delta_sensor_async to None, run_after=None
[2023-10-10T17:36:34.585+0000] {processor.py:179} INFO - Processing /home/airflow/.local/lib/python3.7/site-packages/airflow/example_dags/example_time_delta_sensor_async.py took 0.147 seconds
[2023-10-10T17:37:05.223+0000] {processor.py:157} INFO - Started process (PID=153) to work on /home/airflow/.local/lib/python3.7/site-packages/airflow/example_dags/example_time_delta_sensor_async.py
[2023-10-10T17:37:05.225+0000] {processor.py:826} INFO - Processing file /home/airflow/.local/lib/python3.7/site-packages/airflow/example_dags/example_time_delta_sensor_async.py for tasks to queue
[2023-10-10T17:37:05.226+0000] {logging_mixin.py:150} INFO - [2023-10-10T17:37:05.226+0000] {dagbag.py:541} INFO - Filling up the DagBag from /home/airflow/.local/lib/python3.7/site-packages/airflow/example_dags/example_time_delta_sensor_async.py
[2023-10-10T17:37:05.233+0000] {processor.py:836} INFO - DAG(s) dict_keys(['example_time_delta_sensor_async']) retrieved from /home/airflow/.local/lib/python3.7/site-packages/airflow/example_dags/example_time_delta_sensor_async.py
[2023-10-10T17:37:05.262+0000] {logging_mixin.py:150} INFO - [2023-10-10T17:37:05.262+0000] {dag.py:2742} INFO - Sync 1 DAGs
[2023-10-10T17:37:05.294+0000] {logging_mixin.py:150} INFO - [2023-10-10T17:37:05.293+0000] {dag.py:3508} INFO - Setting next_dagrun for example_time_delta_sensor_async to None, run_after=None
[2023-10-10T17:37:05.317+0000] {processor.py:179} INFO - Processing /home/airflow/.local/lib/python3.7/site-packages/airflow/example_dags/example_time_delta_sensor_async.py took 0.098 seconds
[2023-10-10T17:37:35.400+0000] {processor.py:157} INFO - Started process (PID=226) to work on /home/airflow/.local/lib/python3.7/site-packages/airflow/example_dags/example_time_delta_sensor_async.py
[2023-10-10T17:37:35.402+0000] {processor.py:826} INFO - Processing file /home/airflow/.local/lib/python3.7/site-packages/airflow/example_dags/example_time_delta_sensor_async.py for tasks to queue
[2023-10-10T17:37:35.404+0000] {logging_mixin.py:150} INFO - [2023-10-10T17:37:35.404+0000] {dagbag.py:541} INFO - Filling up the DagBag from /home/airflow/.local/lib/python3.7/site-packages/airflow/example_dags/example_time_delta_sensor_async.py
[2023-10-10T17:37:35.414+0000] {processor.py:836} INFO - DAG(s) dict_keys(['example_time_delta_sensor_async']) retrieved from /home/airflow/.local/lib/python3.7/site-packages/airflow/example_dags/example_time_delta_sensor_async.py
[2023-10-10T17:37:35.446+0000] {logging_mixin.py:150} INFO - [2023-10-10T17:37:35.446+0000] {dag.py:2742} INFO - Sync 1 DAGs
[2023-10-10T17:37:35.478+0000] {logging_mixin.py:150} INFO - [2023-10-10T17:37:35.477+0000] {dag.py:3508} INFO - Setting next_dagrun for example_time_delta_sensor_async to None, run_after=None
[2023-10-10T17:37:35.500+0000] {processor.py:179} INFO - Processing /home/airflow/.local/lib/python3.7/site-packages/airflow/example_dags/example_time_delta_sensor_async.py took 0.106 seconds
[2023-10-10T17:38:05.966+0000] {processor.py:157} INFO - Started process (PID=315) to work on /home/airflow/.local/lib/python3.7/site-packages/airflow/example_dags/example_time_delta_sensor_async.py
[2023-10-10T17:38:05.969+0000] {processor.py:826} INFO - Processing file /home/airflow/.local/lib/python3.7/site-packages/airflow/example_dags/example_time_delta_sensor_async.py for tasks to queue
[2023-10-10T17:38:05.971+0000] {logging_mixin.py:150} INFO - [2023-10-10T17:38:05.970+0000] {dagbag.py:541} INFO - Filling up the DagBag from /home/airflow/.local/lib/python3.7/site-packages/airflow/example_dags/example_time_delta_sensor_async.py
[2023-10-10T17:38:05.980+0000] {processor.py:836} INFO - DAG(s) dict_keys(['example_time_delta_sensor_async']) retrieved from /home/airflow/.local/lib/python3.7/site-packages/airflow/example_dags/example_time_delta_sensor_async.py
[2023-10-10T17:38:06.021+0000] {logging_mixin.py:150} INFO - [2023-10-10T17:38:06.021+0000] {dag.py:2742} INFO - Sync 1 DAGs
[2023-10-10T17:38:06.054+0000] {logging_mixin.py:150} INFO - [2023-10-10T17:38:06.053+0000] {dag.py:3508} INFO - Setting next_dagrun for example_time_delta_sensor_async to None, run_after=None
[2023-10-10T17:38:06.080+0000] {processor.py:179} INFO - Processing /home/airflow/.local/lib/python3.7/site-packages/airflow/example_dags/example_time_delta_sensor_async.py took 0.120 seconds
[2023-10-10T17:38:36.754+0000] {processor.py:157} INFO - Started process (PID=409) to work on /home/airflow/.local/lib/python3.7/site-packages/airflow/example_dags/example_time_delta_sensor_async.py
[2023-10-10T17:38:36.756+0000] {processor.py:826} INFO - Processing file /home/airflow/.local/lib/python3.7/site-packages/airflow/example_dags/example_time_delta_sensor_async.py for tasks to queue
[2023-10-10T17:38:36.758+0000] {logging_mixin.py:150} INFO - [2023-10-10T17:38:36.758+0000] {dagbag.py:541} INFO - Filling up the DagBag from /home/airflow/.local/lib/python3.7/site-packages/airflow/example_dags/example_time_delta_sensor_async.py
[2023-10-10T17:38:36.767+0000] {processor.py:836} INFO - DAG(s) dict_keys(['example_time_delta_sensor_async']) retrieved from /home/airflow/.local/lib/python3.7/site-packages/airflow/example_dags/example_time_delta_sensor_async.py
[2023-10-10T17:38:36.797+0000] {logging_mixin.py:150} INFO - [2023-10-10T17:38:36.797+0000] {dag.py:2742} INFO - Sync 1 DAGs
[2023-10-10T17:38:36.834+0000] {logging_mixin.py:150} INFO - [2023-10-10T17:38:36.834+0000] {dag.py:3508} INFO - Setting next_dagrun for example_time_delta_sensor_async to None, run_after=None
[2023-10-10T17:38:36.860+0000] {processor.py:179} INFO - Processing /home/airflow/.local/lib/python3.7/site-packages/airflow/example_dags/example_time_delta_sensor_async.py took 0.111 seconds
[2023-10-10T17:39:06.988+0000] {processor.py:157} INFO - Started process (PID=498) to work on /home/airflow/.local/lib/python3.7/site-packages/airflow/example_dags/example_time_delta_sensor_async.py
[2023-10-10T17:39:06.990+0000] {processor.py:826} INFO - Processing file /home/airflow/.local/lib/python3.7/site-packages/airflow/example_dags/example_time_delta_sensor_async.py for tasks to queue
[2023-10-10T17:39:06.992+0000] {logging_mixin.py:150} INFO - [2023-10-10T17:39:06.992+0000] {dagbag.py:541} INFO - Filling up the DagBag from /home/airflow/.local/lib/python3.7/site-packages/airflow/example_dags/example_time_delta_sensor_async.py
[2023-10-10T17:39:07.002+0000] {processor.py:836} INFO - DAG(s) dict_keys(['example_time_delta_sensor_async']) retrieved from /home/airflow/.local/lib/python3.7/site-packages/airflow/example_dags/example_time_delta_sensor_async.py
[2023-10-10T17:39:07.037+0000] {logging_mixin.py:150} INFO - [2023-10-10T17:39:07.036+0000] {dag.py:2742} INFO - Sync 1 DAGs
[2023-10-10T17:39:07.075+0000] {logging_mixin.py:150} INFO - [2023-10-10T17:39:07.074+0000] {dag.py:3508} INFO - Setting next_dagrun for example_time_delta_sensor_async to None, run_after=None
[2023-10-10T17:39:07.105+0000] {processor.py:179} INFO - Processing /home/airflow/.local/lib/python3.7/site-packages/airflow/example_dags/example_time_delta_sensor_async.py took 0.123 seconds
[2023-10-10T17:39:37.514+0000] {processor.py:157} INFO - Started process (PID=578) to work on /home/airflow/.local/lib/python3.7/site-packages/airflow/example_dags/example_time_delta_sensor_async.py
[2023-10-10T17:39:37.516+0000] {processor.py:826} INFO - Processing file /home/airflow/.local/lib/python3.7/site-packages/airflow/example_dags/example_time_delta_sensor_async.py for tasks to queue
[2023-10-10T17:39:37.517+0000] {logging_mixin.py:150} INFO - [2023-10-10T17:39:37.517+0000] {dagbag.py:541} INFO - Filling up the DagBag from /home/airflow/.local/lib/python3.7/site-packages/airflow/example_dags/example_time_delta_sensor_async.py
[2023-10-10T17:39:37.525+0000] {processor.py:836} INFO - DAG(s) dict_keys(['example_time_delta_sensor_async']) retrieved from /home/airflow/.local/lib/python3.7/site-packages/airflow/example_dags/example_time_delta_sensor_async.py
[2023-10-10T17:39:37.557+0000] {logging_mixin.py:150} INFO - [2023-10-10T17:39:37.557+0000] {dag.py:2742} INFO - Sync 1 DAGs
[2023-10-10T17:39:37.591+0000] {logging_mixin.py:150} INFO - [2023-10-10T17:39:37.591+0000] {dag.py:3508} INFO - Setting next_dagrun for example_time_delta_sensor_async to None, run_after=None
[2023-10-10T17:39:37.614+0000] {processor.py:179} INFO - Processing /home/airflow/.local/lib/python3.7/site-packages/airflow/example_dags/example_time_delta_sensor_async.py took 0.105 seconds
[2023-10-10T17:40:08.139+0000] {processor.py:157} INFO - Started process (PID=667) to work on /home/airflow/.local/lib/python3.7/site-packages/airflow/example_dags/example_time_delta_sensor_async.py
[2023-10-10T17:40:08.141+0000] {processor.py:826} INFO - Processing file /home/airflow/.local/lib/python3.7/site-packages/airflow/example_dags/example_time_delta_sensor_async.py for tasks to queue
[2023-10-10T17:40:08.143+0000] {logging_mixin.py:150} INFO - [2023-10-10T17:40:08.142+0000] {dagbag.py:541} INFO - Filling up the DagBag from /home/airflow/.local/lib/python3.7/site-packages/airflow/example_dags/example_time_delta_sensor_async.py
[2023-10-10T17:40:08.153+0000] {processor.py:836} INFO - DAG(s) dict_keys(['example_time_delta_sensor_async']) retrieved from /home/airflow/.local/lib/python3.7/site-packages/airflow/example_dags/example_time_delta_sensor_async.py
[2023-10-10T17:40:08.188+0000] {logging_mixin.py:150} INFO - [2023-10-10T17:40:08.188+0000] {dag.py:2742} INFO - Sync 1 DAGs
[2023-10-10T17:40:08.227+0000] {logging_mixin.py:150} INFO - [2023-10-10T17:40:08.227+0000] {dag.py:3508} INFO - Setting next_dagrun for example_time_delta_sensor_async to None, run_after=None
[2023-10-10T17:40:08.260+0000] {processor.py:179} INFO - Processing /home/airflow/.local/lib/python3.7/site-packages/airflow/example_dags/example_time_delta_sensor_async.py took 0.126 seconds
[2023-10-10T17:40:38.456+0000] {processor.py:157} INFO - Started process (PID=747) to work on /home/airflow/.local/lib/python3.7/site-packages/airflow/example_dags/example_time_delta_sensor_async.py
[2023-10-10T17:40:38.469+0000] {processor.py:826} INFO - Processing file /home/airflow/.local/lib/python3.7/site-packages/airflow/example_dags/example_time_delta_sensor_async.py for tasks to queue
[2023-10-10T17:40:38.479+0000] {logging_mixin.py:150} INFO - [2023-10-10T17:40:38.479+0000] {dagbag.py:541} INFO - Filling up the DagBag from /home/airflow/.local/lib/python3.7/site-packages/airflow/example_dags/example_time_delta_sensor_async.py
[2023-10-10T17:40:38.488+0000] {processor.py:836} INFO - DAG(s) dict_keys(['example_time_delta_sensor_async']) retrieved from /home/airflow/.local/lib/python3.7/site-packages/airflow/example_dags/example_time_delta_sensor_async.py
[2023-10-10T17:40:38.528+0000] {logging_mixin.py:150} INFO - [2023-10-10T17:40:38.528+0000] {dag.py:2742} INFO - Sync 1 DAGs
[2023-10-10T17:40:38.568+0000] {logging_mixin.py:150} INFO - [2023-10-10T17:40:38.568+0000] {dag.py:3508} INFO - Setting next_dagrun for example_time_delta_sensor_async to None, run_after=None
[2023-10-10T17:40:38.591+0000] {processor.py:179} INFO - Processing /home/airflow/.local/lib/python3.7/site-packages/airflow/example_dags/example_time_delta_sensor_async.py took 0.140 seconds
[2023-10-10T17:41:08.817+0000] {processor.py:157} INFO - Started process (PID=834) to work on /home/airflow/.local/lib/python3.7/site-packages/airflow/example_dags/example_time_delta_sensor_async.py
[2023-10-10T17:41:08.819+0000] {processor.py:826} INFO - Processing file /home/airflow/.local/lib/python3.7/site-packages/airflow/example_dags/example_time_delta_sensor_async.py for tasks to queue
[2023-10-10T17:41:08.821+0000] {logging_mixin.py:150} INFO - [2023-10-10T17:41:08.821+0000] {dagbag.py:541} INFO - Filling up the DagBag from /home/airflow/.local/lib/python3.7/site-packages/airflow/example_dags/example_time_delta_sensor_async.py
[2023-10-10T17:41:08.830+0000] {processor.py:836} INFO - DAG(s) dict_keys(['example_time_delta_sensor_async']) retrieved from /home/airflow/.local/lib/python3.7/site-packages/airflow/example_dags/example_time_delta_sensor_async.py
[2023-10-10T17:41:08.866+0000] {logging_mixin.py:150} INFO - [2023-10-10T17:41:08.866+0000] {dag.py:2742} INFO - Sync 1 DAGs
[2023-10-10T17:41:08.914+0000] {logging_mixin.py:150} INFO - [2023-10-10T17:41:08.913+0000] {dag.py:3508} INFO - Setting next_dagrun for example_time_delta_sensor_async to None, run_after=None
[2023-10-10T17:41:08.947+0000] {processor.py:179} INFO - Processing /home/airflow/.local/lib/python3.7/site-packages/airflow/example_dags/example_time_delta_sensor_async.py took 0.135 seconds
[2023-10-10T17:41:39.402+0000] {processor.py:157} INFO - Started process (PID=917) to work on /home/airflow/.local/lib/python3.7/site-packages/airflow/example_dags/example_time_delta_sensor_async.py
[2023-10-10T17:41:39.405+0000] {processor.py:826} INFO - Processing file /home/airflow/.local/lib/python3.7/site-packages/airflow/example_dags/example_time_delta_sensor_async.py for tasks to queue
[2023-10-10T17:41:39.407+0000] {logging_mixin.py:150} INFO - [2023-10-10T17:41:39.407+0000] {dagbag.py:541} INFO - Filling up the DagBag from /home/airflow/.local/lib/python3.7/site-packages/airflow/example_dags/example_time_delta_sensor_async.py
[2023-10-10T17:41:39.416+0000] {processor.py:836} INFO - DAG(s) dict_keys(['example_time_delta_sensor_async']) retrieved from /home/airflow/.local/lib/python3.7/site-packages/airflow/example_dags/example_time_delta_sensor_async.py
[2023-10-10T17:41:39.453+0000] {logging_mixin.py:150} INFO - [2023-10-10T17:41:39.453+0000] {dag.py:2742} INFO - Sync 1 DAGs
[2023-10-10T17:41:39.490+0000] {logging_mixin.py:150} INFO - [2023-10-10T17:41:39.490+0000] {dag.py:3508} INFO - Setting next_dagrun for example_time_delta_sensor_async to None, run_after=None
[2023-10-10T17:41:39.517+0000] {processor.py:179} INFO - Processing /home/airflow/.local/lib/python3.7/site-packages/airflow/example_dags/example_time_delta_sensor_async.py took 0.121 seconds
[2023-10-10T17:42:09.602+0000] {processor.py:157} INFO - Started process (PID=997) to work on /home/airflow/.local/lib/python3.7/site-packages/airflow/example_dags/example_time_delta_sensor_async.py
[2023-10-10T17:42:09.605+0000] {processor.py:826} INFO - Processing file /home/airflow/.local/lib/python3.7/site-packages/airflow/example_dags/example_time_delta_sensor_async.py for tasks to queue
[2023-10-10T17:42:09.607+0000] {logging_mixin.py:150} INFO - [2023-10-10T17:42:09.607+0000] {dagbag.py:541} INFO - Filling up the DagBag from /home/airflow/.local/lib/python3.7/site-packages/airflow/example_dags/example_time_delta_sensor_async.py
[2023-10-10T17:42:09.616+0000] {processor.py:836} INFO - DAG(s) dict_keys(['example_time_delta_sensor_async']) retrieved from /home/airflow/.local/lib/python3.7/site-packages/airflow/example_dags/example_time_delta_sensor_async.py
[2023-10-10T17:42:09.651+0000] {logging_mixin.py:150} INFO - [2023-10-10T17:42:09.650+0000] {dag.py:2742} INFO - Sync 1 DAGs
[2023-10-10T17:42:09.695+0000] {logging_mixin.py:150} INFO - [2023-10-10T17:42:09.695+0000] {dag.py:3508} INFO - Setting next_dagrun for example_time_delta_sensor_async to None, run_after=None
[2023-10-10T17:42:09.725+0000] {processor.py:179} INFO - Processing /home/airflow/.local/lib/python3.7/site-packages/airflow/example_dags/example_time_delta_sensor_async.py took 0.129 seconds
[2023-10-10T17:42:40.063+0000] {processor.py:157} INFO - Started process (PID=1087) to work on /home/airflow/.local/lib/python3.7/site-packages/airflow/example_dags/example_time_delta_sensor_async.py
[2023-10-10T17:42:40.065+0000] {processor.py:826} INFO - Processing file /home/airflow/.local/lib/python3.7/site-packages/airflow/example_dags/example_time_delta_sensor_async.py for tasks to queue
[2023-10-10T17:42:40.067+0000] {logging_mixin.py:150} INFO - [2023-10-10T17:42:40.067+0000] {dagbag.py:541} INFO - Filling up the DagBag from /home/airflow/.local/lib/python3.7/site-packages/airflow/example_dags/example_time_delta_sensor_async.py
[2023-10-10T17:42:40.075+0000] {processor.py:836} INFO - DAG(s) dict_keys(['example_time_delta_sensor_async']) retrieved from /home/airflow/.local/lib/python3.7/site-packages/airflow/example_dags/example_time_delta_sensor_async.py
[2023-10-10T17:42:40.105+0000] {logging_mixin.py:150} INFO - [2023-10-10T17:42:40.105+0000] {dag.py:2742} INFO - Sync 1 DAGs
[2023-10-10T17:42:40.137+0000] {logging_mixin.py:150} INFO - [2023-10-10T17:42:40.137+0000] {dag.py:3508} INFO - Setting next_dagrun for example_time_delta_sensor_async to None, run_after=None
[2023-10-10T17:42:40.160+0000] {processor.py:179} INFO - Processing /home/airflow/.local/lib/python3.7/site-packages/airflow/example_dags/example_time_delta_sensor_async.py took 0.102 seconds
[2023-10-10T17:43:10.404+0000] {processor.py:157} INFO - Started process (PID=1167) to work on /home/airflow/.local/lib/python3.7/site-packages/airflow/example_dags/example_time_delta_sensor_async.py
[2023-10-10T17:43:10.406+0000] {processor.py:826} INFO - Processing file /home/airflow/.local/lib/python3.7/site-packages/airflow/example_dags/example_time_delta_sensor_async.py for tasks to queue
[2023-10-10T17:43:10.408+0000] {logging_mixin.py:150} INFO - [2023-10-10T17:43:10.407+0000] {dagbag.py:541} INFO - Filling up the DagBag from /home/airflow/.local/lib/python3.7/site-packages/airflow/example_dags/example_time_delta_sensor_async.py
[2023-10-10T17:43:10.418+0000] {processor.py:836} INFO - DAG(s) dict_keys(['example_time_delta_sensor_async']) retrieved from /home/airflow/.local/lib/python3.7/site-packages/airflow/example_dags/example_time_delta_sensor_async.py
[2023-10-10T17:43:10.453+0000] {logging_mixin.py:150} INFO - [2023-10-10T17:43:10.453+0000] {dag.py:2742} INFO - Sync 1 DAGs
[2023-10-10T17:43:10.491+0000] {logging_mixin.py:150} INFO - [2023-10-10T17:43:10.491+0000] {dag.py:3508} INFO - Setting next_dagrun for example_time_delta_sensor_async to None, run_after=None
[2023-10-10T17:43:10.519+0000] {processor.py:179} INFO - Processing /home/airflow/.local/lib/python3.7/site-packages/airflow/example_dags/example_time_delta_sensor_async.py took 0.121 seconds
[2023-10-10T17:43:40.570+0000] {processor.py:157} INFO - Started process (PID=1256) to work on /home/airflow/.local/lib/python3.7/site-packages/airflow/example_dags/example_time_delta_sensor_async.py
[2023-10-10T17:43:40.572+0000] {processor.py:826} INFO - Processing file /home/airflow/.local/lib/python3.7/site-packages/airflow/example_dags/example_time_delta_sensor_async.py for tasks to queue
[2023-10-10T17:43:40.574+0000] {logging_mixin.py:150} INFO - [2023-10-10T17:43:40.574+0000] {dagbag.py:541} INFO - Filling up the DagBag from /home/airflow/.local/lib/python3.7/site-packages/airflow/example_dags/example_time_delta_sensor_async.py
[2023-10-10T17:43:40.583+0000] {processor.py:836} INFO - DAG(s) dict_keys(['example_time_delta_sensor_async']) retrieved from /home/airflow/.local/lib/python3.7/site-packages/airflow/example_dags/example_time_delta_sensor_async.py
[2023-10-10T17:43:40.619+0000] {logging_mixin.py:150} INFO - [2023-10-10T17:43:40.618+0000] {dag.py:2742} INFO - Sync 1 DAGs
[2023-10-10T17:43:40.657+0000] {logging_mixin.py:150} INFO - [2023-10-10T17:43:40.657+0000] {dag.py:3508} INFO - Setting next_dagrun for example_time_delta_sensor_async to None, run_after=None
[2023-10-10T17:43:40.687+0000] {processor.py:179} INFO - Processing /home/airflow/.local/lib/python3.7/site-packages/airflow/example_dags/example_time_delta_sensor_async.py took 0.122 seconds
[2023-10-10T17:44:10.893+0000] {processor.py:157} INFO - Started process (PID=1336) to work on /home/airflow/.local/lib/python3.7/site-packages/airflow/example_dags/example_time_delta_sensor_async.py
[2023-10-10T17:44:10.896+0000] {processor.py:826} INFO - Processing file /home/airflow/.local/lib/python3.7/site-packages/airflow/example_dags/example_time_delta_sensor_async.py for tasks to queue
[2023-10-10T17:44:10.898+0000] {logging_mixin.py:150} INFO - [2023-10-10T17:44:10.898+0000] {dagbag.py:541} INFO - Filling up the DagBag from /home/airflow/.local/lib/python3.7/site-packages/airflow/example_dags/example_time_delta_sensor_async.py
[2023-10-10T17:44:10.908+0000] {processor.py:836} INFO - DAG(s) dict_keys(['example_time_delta_sensor_async']) retrieved from /home/airflow/.local/lib/python3.7/site-packages/airflow/example_dags/example_time_delta_sensor_async.py
[2023-10-10T17:44:10.943+0000] {logging_mixin.py:150} INFO - [2023-10-10T17:44:10.943+0000] {dag.py:2742} INFO - Sync 1 DAGs
[2023-10-10T17:44:10.985+0000] {logging_mixin.py:150} INFO - [2023-10-10T17:44:10.985+0000] {dag.py:3508} INFO - Setting next_dagrun for example_time_delta_sensor_async to None, run_after=None
[2023-10-10T17:44:11.013+0000] {processor.py:179} INFO - Processing /home/airflow/.local/lib/python3.7/site-packages/airflow/example_dags/example_time_delta_sensor_async.py took 0.126 seconds
[2023-10-10T17:44:41.423+0000] {processor.py:157} INFO - Started process (PID=1425) to work on /home/airflow/.local/lib/python3.7/site-packages/airflow/example_dags/example_time_delta_sensor_async.py
[2023-10-10T17:44:41.426+0000] {processor.py:826} INFO - Processing file /home/airflow/.local/lib/python3.7/site-packages/airflow/example_dags/example_time_delta_sensor_async.py for tasks to queue
[2023-10-10T17:44:41.427+0000] {logging_mixin.py:150} INFO - [2023-10-10T17:44:41.427+0000] {dagbag.py:541} INFO - Filling up the DagBag from /home/airflow/.local/lib/python3.7/site-packages/airflow/example_dags/example_time_delta_sensor_async.py
[2023-10-10T17:44:41.438+0000] {processor.py:836} INFO - DAG(s) dict_keys(['example_time_delta_sensor_async']) retrieved from /home/airflow/.local/lib/python3.7/site-packages/airflow/example_dags/example_time_delta_sensor_async.py
[2023-10-10T17:44:41.476+0000] {logging_mixin.py:150} INFO - [2023-10-10T17:44:41.476+0000] {dag.py:2742} INFO - Sync 1 DAGs
[2023-10-10T17:44:41.521+0000] {logging_mixin.py:150} INFO - [2023-10-10T17:44:41.520+0000] {dag.py:3508} INFO - Setting next_dagrun for example_time_delta_sensor_async to None, run_after=None
[2023-10-10T17:44:41.555+0000] {processor.py:179} INFO - Processing /home/airflow/.local/lib/python3.7/site-packages/airflow/example_dags/example_time_delta_sensor_async.py took 0.138 seconds
[2023-10-10T17:45:11.685+0000] {processor.py:157} INFO - Started process (PID=1505) to work on /home/airflow/.local/lib/python3.7/site-packages/airflow/example_dags/example_time_delta_sensor_async.py
[2023-10-10T17:45:11.687+0000] {processor.py:826} INFO - Processing file /home/airflow/.local/lib/python3.7/site-packages/airflow/example_dags/example_time_delta_sensor_async.py for tasks to queue
[2023-10-10T17:45:11.688+0000] {logging_mixin.py:150} INFO - [2023-10-10T17:45:11.688+0000] {dagbag.py:541} INFO - Filling up the DagBag from /home/airflow/.local/lib/python3.7/site-packages/airflow/example_dags/example_time_delta_sensor_async.py
[2023-10-10T17:45:11.696+0000] {processor.py:836} INFO - DAG(s) dict_keys(['example_time_delta_sensor_async']) retrieved from /home/airflow/.local/lib/python3.7/site-packages/airflow/example_dags/example_time_delta_sensor_async.py
[2023-10-10T17:45:11.725+0000] {logging_mixin.py:150} INFO - [2023-10-10T17:45:11.725+0000] {dag.py:2742} INFO - Sync 1 DAGs
[2023-10-10T17:45:11.760+0000] {logging_mixin.py:150} INFO - [2023-10-10T17:45:11.760+0000] {dag.py:3508} INFO - Setting next_dagrun for example_time_delta_sensor_async to None, run_after=None
[2023-10-10T17:45:11.784+0000] {processor.py:179} INFO - Processing /home/airflow/.local/lib/python3.7/site-packages/airflow/example_dags/example_time_delta_sensor_async.py took 0.103 seconds
[2023-10-10T17:45:42.059+0000] {processor.py:157} INFO - Started process (PID=1585) to work on /home/airflow/.local/lib/python3.7/site-packages/airflow/example_dags/example_time_delta_sensor_async.py
[2023-10-10T17:45:42.062+0000] {processor.py:826} INFO - Processing file /home/airflow/.local/lib/python3.7/site-packages/airflow/example_dags/example_time_delta_sensor_async.py for tasks to queue
[2023-10-10T17:45:42.063+0000] {logging_mixin.py:150} INFO - [2023-10-10T17:45:42.063+0000] {dagbag.py:541} INFO - Filling up the DagBag from /home/airflow/.local/lib/python3.7/site-packages/airflow/example_dags/example_time_delta_sensor_async.py
[2023-10-10T17:45:42.071+0000] {processor.py:836} INFO - DAG(s) dict_keys(['example_time_delta_sensor_async']) retrieved from /home/airflow/.local/lib/python3.7/site-packages/airflow/example_dags/example_time_delta_sensor_async.py
[2023-10-10T17:45:42.101+0000] {logging_mixin.py:150} INFO - [2023-10-10T17:45:42.101+0000] {dag.py:2742} INFO - Sync 1 DAGs
[2023-10-10T17:45:42.132+0000] {logging_mixin.py:150} INFO - [2023-10-10T17:45:42.132+0000] {dag.py:3508} INFO - Setting next_dagrun for example_time_delta_sensor_async to None, run_after=None
[2023-10-10T17:45:42.155+0000] {processor.py:179} INFO - Processing /home/airflow/.local/lib/python3.7/site-packages/airflow/example_dags/example_time_delta_sensor_async.py took 0.100 seconds
[2023-10-10T17:46:12.375+0000] {processor.py:157} INFO - Started process (PID=1674) to work on /home/airflow/.local/lib/python3.7/site-packages/airflow/example_dags/example_time_delta_sensor_async.py
[2023-10-10T17:46:12.377+0000] {processor.py:826} INFO - Processing file /home/airflow/.local/lib/python3.7/site-packages/airflow/example_dags/example_time_delta_sensor_async.py for tasks to queue
[2023-10-10T17:46:12.378+0000] {logging_mixin.py:150} INFO - [2023-10-10T17:46:12.377+0000] {dagbag.py:541} INFO - Filling up the DagBag from /home/airflow/.local/lib/python3.7/site-packages/airflow/example_dags/example_time_delta_sensor_async.py
[2023-10-10T17:46:12.386+0000] {processor.py:836} INFO - DAG(s) dict_keys(['example_time_delta_sensor_async']) retrieved from /home/airflow/.local/lib/python3.7/site-packages/airflow/example_dags/example_time_delta_sensor_async.py
[2023-10-10T17:46:12.431+0000] {logging_mixin.py:150} INFO - [2023-10-10T17:46:12.431+0000] {dag.py:2742} INFO - Sync 1 DAGs
[2023-10-10T17:46:12.483+0000] {logging_mixin.py:150} INFO - [2023-10-10T17:46:12.482+0000] {dag.py:3508} INFO - Setting next_dagrun for example_time_delta_sensor_async to None, run_after=None
[2023-10-10T17:46:12.513+0000] {processor.py:179} INFO - Processing /home/airflow/.local/lib/python3.7/site-packages/airflow/example_dags/example_time_delta_sensor_async.py took 0.143 seconds
[2023-10-10T17:46:42.922+0000] {processor.py:157} INFO - Started process (PID=1754) to work on /home/airflow/.local/lib/python3.7/site-packages/airflow/example_dags/example_time_delta_sensor_async.py
[2023-10-10T17:46:42.924+0000] {processor.py:826} INFO - Processing file /home/airflow/.local/lib/python3.7/site-packages/airflow/example_dags/example_time_delta_sensor_async.py for tasks to queue
[2023-10-10T17:46:42.926+0000] {logging_mixin.py:150} INFO - [2023-10-10T17:46:42.925+0000] {dagbag.py:541} INFO - Filling up the DagBag from /home/airflow/.local/lib/python3.7/site-packages/airflow/example_dags/example_time_delta_sensor_async.py
[2023-10-10T17:46:42.934+0000] {processor.py:836} INFO - DAG(s) dict_keys(['example_time_delta_sensor_async']) retrieved from /home/airflow/.local/lib/python3.7/site-packages/airflow/example_dags/example_time_delta_sensor_async.py
[2023-10-10T17:46:42.965+0000] {logging_mixin.py:150} INFO - [2023-10-10T17:46:42.965+0000] {dag.py:2742} INFO - Sync 1 DAGs
[2023-10-10T17:46:43.003+0000] {logging_mixin.py:150} INFO - [2023-10-10T17:46:43.003+0000] {dag.py:3508} INFO - Setting next_dagrun for example_time_delta_sensor_async to None, run_after=None
[2023-10-10T17:46:43.033+0000] {processor.py:179} INFO - Processing /home/airflow/.local/lib/python3.7/site-packages/airflow/example_dags/example_time_delta_sensor_async.py took 0.116 seconds
[2023-10-10T17:47:13.223+0000] {processor.py:157} INFO - Started process (PID=1843) to work on /home/airflow/.local/lib/python3.7/site-packages/airflow/example_dags/example_time_delta_sensor_async.py
[2023-10-10T17:47:13.226+0000] {processor.py:826} INFO - Processing file /home/airflow/.local/lib/python3.7/site-packages/airflow/example_dags/example_time_delta_sensor_async.py for tasks to queue
[2023-10-10T17:47:13.228+0000] {logging_mixin.py:150} INFO - [2023-10-10T17:47:13.227+0000] {dagbag.py:541} INFO - Filling up the DagBag from /home/airflow/.local/lib/python3.7/site-packages/airflow/example_dags/example_time_delta_sensor_async.py
[2023-10-10T17:47:13.239+0000] {processor.py:836} INFO - DAG(s) dict_keys(['example_time_delta_sensor_async']) retrieved from /home/airflow/.local/lib/python3.7/site-packages/airflow/example_dags/example_time_delta_sensor_async.py
[2023-10-10T17:47:13.273+0000] {logging_mixin.py:150} INFO - [2023-10-10T17:47:13.273+0000] {dag.py:2742} INFO - Sync 1 DAGs
[2023-10-10T17:47:13.314+0000] {logging_mixin.py:150} INFO - [2023-10-10T17:47:13.314+0000] {dag.py:3508} INFO - Setting next_dagrun for example_time_delta_sensor_async to None, run_after=None
[2023-10-10T17:47:13.340+0000] {processor.py:179} INFO - Processing /home/airflow/.local/lib/python3.7/site-packages/airflow/example_dags/example_time_delta_sensor_async.py took 0.122 seconds
[2023-10-10T17:47:43.470+0000] {processor.py:157} INFO - Started process (PID=1923) to work on /home/airflow/.local/lib/python3.7/site-packages/airflow/example_dags/example_time_delta_sensor_async.py
[2023-10-10T17:47:43.473+0000] {processor.py:826} INFO - Processing file /home/airflow/.local/lib/python3.7/site-packages/airflow/example_dags/example_time_delta_sensor_async.py for tasks to queue
[2023-10-10T17:47:43.475+0000] {logging_mixin.py:150} INFO - [2023-10-10T17:47:43.475+0000] {dagbag.py:541} INFO - Filling up the DagBag from /home/airflow/.local/lib/python3.7/site-packages/airflow/example_dags/example_time_delta_sensor_async.py
[2023-10-10T17:47:43.489+0000] {processor.py:836} INFO - DAG(s) dict_keys(['example_time_delta_sensor_async']) retrieved from /home/airflow/.local/lib/python3.7/site-packages/airflow/example_dags/example_time_delta_sensor_async.py
[2023-10-10T17:47:43.533+0000] {logging_mixin.py:150} INFO - [2023-10-10T17:47:43.533+0000] {dag.py:2742} INFO - Sync 1 DAGs
[2023-10-10T17:47:43.577+0000] {logging_mixin.py:150} INFO - [2023-10-10T17:47:43.576+0000] {dag.py:3508} INFO - Setting next_dagrun for example_time_delta_sensor_async to None, run_after=None
[2023-10-10T17:47:43.613+0000] {processor.py:179} INFO - Processing /home/airflow/.local/lib/python3.7/site-packages/airflow/example_dags/example_time_delta_sensor_async.py took 0.154 seconds
[2023-10-10T17:48:14.394+0000] {processor.py:157} INFO - Started process (PID=2012) to work on /home/airflow/.local/lib/python3.7/site-packages/airflow/example_dags/example_time_delta_sensor_async.py
[2023-10-10T17:48:14.406+0000] {processor.py:826} INFO - Processing file /home/airflow/.local/lib/python3.7/site-packages/airflow/example_dags/example_time_delta_sensor_async.py for tasks to queue
[2023-10-10T17:48:14.413+0000] {logging_mixin.py:150} INFO - [2023-10-10T17:48:14.412+0000] {dagbag.py:541} INFO - Filling up the DagBag from /home/airflow/.local/lib/python3.7/site-packages/airflow/example_dags/example_time_delta_sensor_async.py
[2023-10-10T17:48:14.474+0000] {processor.py:836} INFO - DAG(s) dict_keys(['example_time_delta_sensor_async']) retrieved from /home/airflow/.local/lib/python3.7/site-packages/airflow/example_dags/example_time_delta_sensor_async.py
[2023-10-10T17:48:14.588+0000] {logging_mixin.py:150} INFO - [2023-10-10T17:48:14.587+0000] {dag.py:2742} INFO - Sync 1 DAGs
[2023-10-10T17:48:14.665+0000] {logging_mixin.py:150} INFO - [2023-10-10T17:48:14.664+0000] {dag.py:3508} INFO - Setting next_dagrun for example_time_delta_sensor_async to None, run_after=None
[2023-10-10T17:48:14.708+0000] {processor.py:179} INFO - Processing /home/airflow/.local/lib/python3.7/site-packages/airflow/example_dags/example_time_delta_sensor_async.py took 0.330 seconds
[2023-10-10T17:48:45.508+0000] {processor.py:157} INFO - Started process (PID=2095) to work on /home/airflow/.local/lib/python3.7/site-packages/airflow/example_dags/example_time_delta_sensor_async.py
[2023-10-10T17:48:45.510+0000] {processor.py:826} INFO - Processing file /home/airflow/.local/lib/python3.7/site-packages/airflow/example_dags/example_time_delta_sensor_async.py for tasks to queue
[2023-10-10T17:48:45.512+0000] {logging_mixin.py:150} INFO - [2023-10-10T17:48:45.512+0000] {dagbag.py:541} INFO - Filling up the DagBag from /home/airflow/.local/lib/python3.7/site-packages/airflow/example_dags/example_time_delta_sensor_async.py
[2023-10-10T17:48:45.525+0000] {processor.py:836} INFO - DAG(s) dict_keys(['example_time_delta_sensor_async']) retrieved from /home/airflow/.local/lib/python3.7/site-packages/airflow/example_dags/example_time_delta_sensor_async.py
[2023-10-10T17:48:45.572+0000] {logging_mixin.py:150} INFO - [2023-10-10T17:48:45.571+0000] {dag.py:2742} INFO - Sync 1 DAGs
[2023-10-10T17:48:45.627+0000] {logging_mixin.py:150} INFO - [2023-10-10T17:48:45.627+0000] {dag.py:3508} INFO - Setting next_dagrun for example_time_delta_sensor_async to None, run_after=None
[2023-10-10T17:48:45.672+0000] {processor.py:179} INFO - Processing /home/airflow/.local/lib/python3.7/site-packages/airflow/example_dags/example_time_delta_sensor_async.py took 0.170 seconds
[2023-10-10T17:49:15.957+0000] {processor.py:157} INFO - Started process (PID=2188) to work on /home/airflow/.local/lib/python3.7/site-packages/airflow/example_dags/example_time_delta_sensor_async.py
[2023-10-10T17:49:15.960+0000] {processor.py:826} INFO - Processing file /home/airflow/.local/lib/python3.7/site-packages/airflow/example_dags/example_time_delta_sensor_async.py for tasks to queue
[2023-10-10T17:49:15.962+0000] {logging_mixin.py:150} INFO - [2023-10-10T17:49:15.961+0000] {dagbag.py:541} INFO - Filling up the DagBag from /home/airflow/.local/lib/python3.7/site-packages/airflow/example_dags/example_time_delta_sensor_async.py
[2023-10-10T17:49:15.972+0000] {processor.py:836} INFO - DAG(s) dict_keys(['example_time_delta_sensor_async']) retrieved from /home/airflow/.local/lib/python3.7/site-packages/airflow/example_dags/example_time_delta_sensor_async.py
[2023-10-10T17:49:16.013+0000] {logging_mixin.py:150} INFO - [2023-10-10T17:49:16.013+0000] {dag.py:2742} INFO - Sync 1 DAGs
[2023-10-10T17:49:16.056+0000] {logging_mixin.py:150} INFO - [2023-10-10T17:49:16.056+0000] {dag.py:3508} INFO - Setting next_dagrun for example_time_delta_sensor_async to None, run_after=None
[2023-10-10T17:49:16.090+0000] {processor.py:179} INFO - Processing /home/airflow/.local/lib/python3.7/site-packages/airflow/example_dags/example_time_delta_sensor_async.py took 0.140 seconds
[2023-10-10T17:49:46.828+0000] {processor.py:157} INFO - Started process (PID=2268) to work on /home/airflow/.local/lib/python3.7/site-packages/airflow/example_dags/example_time_delta_sensor_async.py
[2023-10-10T17:49:46.830+0000] {processor.py:826} INFO - Processing file /home/airflow/.local/lib/python3.7/site-packages/airflow/example_dags/example_time_delta_sensor_async.py for tasks to queue
[2023-10-10T17:49:46.832+0000] {logging_mixin.py:150} INFO - [2023-10-10T17:49:46.831+0000] {dagbag.py:541} INFO - Filling up the DagBag from /home/airflow/.local/lib/python3.7/site-packages/airflow/example_dags/example_time_delta_sensor_async.py
[2023-10-10T17:49:46.841+0000] {processor.py:836} INFO - DAG(s) dict_keys(['example_time_delta_sensor_async']) retrieved from /home/airflow/.local/lib/python3.7/site-packages/airflow/example_dags/example_time_delta_sensor_async.py
[2023-10-10T17:49:46.874+0000] {logging_mixin.py:150} INFO - [2023-10-10T17:49:46.874+0000] {dag.py:2742} INFO - Sync 1 DAGs
[2023-10-10T17:49:46.910+0000] {logging_mixin.py:150} INFO - [2023-10-10T17:49:46.910+0000] {dag.py:3508} INFO - Setting next_dagrun for example_time_delta_sensor_async to None, run_after=None
[2023-10-10T17:49:46.938+0000] {processor.py:179} INFO - Processing /home/airflow/.local/lib/python3.7/site-packages/airflow/example_dags/example_time_delta_sensor_async.py took 0.115 seconds
[2023-10-10T17:50:17.181+0000] {processor.py:157} INFO - Started process (PID=2358) to work on /home/airflow/.local/lib/python3.7/site-packages/airflow/example_dags/example_time_delta_sensor_async.py
[2023-10-10T17:50:17.198+0000] {processor.py:826} INFO - Processing file /home/airflow/.local/lib/python3.7/site-packages/airflow/example_dags/example_time_delta_sensor_async.py for tasks to queue
[2023-10-10T17:50:17.201+0000] {logging_mixin.py:150} INFO - [2023-10-10T17:50:17.200+0000] {dagbag.py:541} INFO - Filling up the DagBag from /home/airflow/.local/lib/python3.7/site-packages/airflow/example_dags/example_time_delta_sensor_async.py
[2023-10-10T17:50:17.210+0000] {processor.py:836} INFO - DAG(s) dict_keys(['example_time_delta_sensor_async']) retrieved from /home/airflow/.local/lib/python3.7/site-packages/airflow/example_dags/example_time_delta_sensor_async.py
[2023-10-10T17:50:17.245+0000] {logging_mixin.py:150} INFO - [2023-10-10T17:50:17.245+0000] {dag.py:2742} INFO - Sync 1 DAGs
[2023-10-10T17:50:17.282+0000] {logging_mixin.py:150} INFO - [2023-10-10T17:50:17.282+0000] {dag.py:3508} INFO - Setting next_dagrun for example_time_delta_sensor_async to None, run_after=None
[2023-10-10T17:50:17.309+0000] {processor.py:179} INFO - Processing /home/airflow/.local/lib/python3.7/site-packages/airflow/example_dags/example_time_delta_sensor_async.py took 0.133 seconds
[2023-10-10T17:50:47.468+0000] {processor.py:157} INFO - Started process (PID=2439) to work on /home/airflow/.local/lib/python3.7/site-packages/airflow/example_dags/example_time_delta_sensor_async.py
[2023-10-10T17:50:47.470+0000] {processor.py:826} INFO - Processing file /home/airflow/.local/lib/python3.7/site-packages/airflow/example_dags/example_time_delta_sensor_async.py for tasks to queue
[2023-10-10T17:50:47.471+0000] {logging_mixin.py:150} INFO - [2023-10-10T17:50:47.471+0000] {dagbag.py:541} INFO - Filling up the DagBag from /home/airflow/.local/lib/python3.7/site-packages/airflow/example_dags/example_time_delta_sensor_async.py
[2023-10-10T17:50:47.481+0000] {processor.py:836} INFO - DAG(s) dict_keys(['example_time_delta_sensor_async']) retrieved from /home/airflow/.local/lib/python3.7/site-packages/airflow/example_dags/example_time_delta_sensor_async.py
[2023-10-10T17:50:47.515+0000] {logging_mixin.py:150} INFO - [2023-10-10T17:50:47.515+0000] {dag.py:2742} INFO - Sync 1 DAGs
[2023-10-10T17:50:47.550+0000] {logging_mixin.py:150} INFO - [2023-10-10T17:50:47.550+0000] {dag.py:3508} INFO - Setting next_dagrun for example_time_delta_sensor_async to None, run_after=None
[2023-10-10T17:50:47.579+0000] {processor.py:179} INFO - Processing /home/airflow/.local/lib/python3.7/site-packages/airflow/example_dags/example_time_delta_sensor_async.py took 0.116 seconds
[2023-10-10T17:51:17.738+0000] {processor.py:157} INFO - Started process (PID=2526) to work on /home/airflow/.local/lib/python3.7/site-packages/airflow/example_dags/example_time_delta_sensor_async.py
[2023-10-10T17:51:17.740+0000] {processor.py:826} INFO - Processing file /home/airflow/.local/lib/python3.7/site-packages/airflow/example_dags/example_time_delta_sensor_async.py for tasks to queue
[2023-10-10T17:51:17.742+0000] {logging_mixin.py:150} INFO - [2023-10-10T17:51:17.742+0000] {dagbag.py:541} INFO - Filling up the DagBag from /home/airflow/.local/lib/python3.7/site-packages/airflow/example_dags/example_time_delta_sensor_async.py
[2023-10-10T17:51:17.751+0000] {processor.py:836} INFO - DAG(s) dict_keys(['example_time_delta_sensor_async']) retrieved from /home/airflow/.local/lib/python3.7/site-packages/airflow/example_dags/example_time_delta_sensor_async.py
[2023-10-10T17:51:17.786+0000] {logging_mixin.py:150} INFO - [2023-10-10T17:51:17.786+0000] {dag.py:2742} INFO - Sync 1 DAGs
[2023-10-10T17:51:17.820+0000] {logging_mixin.py:150} INFO - [2023-10-10T17:51:17.820+0000] {dag.py:3508} INFO - Setting next_dagrun for example_time_delta_sensor_async to None, run_after=None
[2023-10-10T17:51:17.849+0000] {processor.py:179} INFO - Processing /home/airflow/.local/lib/python3.7/site-packages/airflow/example_dags/example_time_delta_sensor_async.py took 0.116 seconds
[2023-10-10T17:51:48.555+0000] {processor.py:157} INFO - Started process (PID=2612) to work on /home/airflow/.local/lib/python3.7/site-packages/airflow/example_dags/example_time_delta_sensor_async.py
[2023-10-10T17:51:48.557+0000] {processor.py:826} INFO - Processing file /home/airflow/.local/lib/python3.7/site-packages/airflow/example_dags/example_time_delta_sensor_async.py for tasks to queue
[2023-10-10T17:51:48.560+0000] {logging_mixin.py:150} INFO - [2023-10-10T17:51:48.560+0000] {dagbag.py:541} INFO - Filling up the DagBag from /home/airflow/.local/lib/python3.7/site-packages/airflow/example_dags/example_time_delta_sensor_async.py
[2023-10-10T17:51:48.574+0000] {processor.py:836} INFO - DAG(s) dict_keys(['example_time_delta_sensor_async']) retrieved from /home/airflow/.local/lib/python3.7/site-packages/airflow/example_dags/example_time_delta_sensor_async.py
[2023-10-10T17:51:48.618+0000] {logging_mixin.py:150} INFO - [2023-10-10T17:51:48.618+0000] {dag.py:2742} INFO - Sync 1 DAGs
[2023-10-10T17:51:48.660+0000] {logging_mixin.py:150} INFO - [2023-10-10T17:51:48.660+0000] {dag.py:3508} INFO - Setting next_dagrun for example_time_delta_sensor_async to None, run_after=None
[2023-10-10T17:51:48.686+0000] {processor.py:179} INFO - Processing /home/airflow/.local/lib/python3.7/site-packages/airflow/example_dags/example_time_delta_sensor_async.py took 0.141 seconds
[2023-10-10T17:52:18.803+0000] {processor.py:157} INFO - Started process (PID=2693) to work on /home/airflow/.local/lib/python3.7/site-packages/airflow/example_dags/example_time_delta_sensor_async.py
[2023-10-10T17:52:18.805+0000] {processor.py:826} INFO - Processing file /home/airflow/.local/lib/python3.7/site-packages/airflow/example_dags/example_time_delta_sensor_async.py for tasks to queue
[2023-10-10T17:52:18.807+0000] {logging_mixin.py:150} INFO - [2023-10-10T17:52:18.807+0000] {dagbag.py:541} INFO - Filling up the DagBag from /home/airflow/.local/lib/python3.7/site-packages/airflow/example_dags/example_time_delta_sensor_async.py
[2023-10-10T17:52:18.821+0000] {processor.py:836} INFO - DAG(s) dict_keys(['example_time_delta_sensor_async']) retrieved from /home/airflow/.local/lib/python3.7/site-packages/airflow/example_dags/example_time_delta_sensor_async.py
[2023-10-10T17:52:18.867+0000] {logging_mixin.py:150} INFO - [2023-10-10T17:52:18.866+0000] {dag.py:2742} INFO - Sync 1 DAGs
[2023-10-10T17:52:18.924+0000] {logging_mixin.py:150} INFO - [2023-10-10T17:52:18.924+0000] {dag.py:3508} INFO - Setting next_dagrun for example_time_delta_sensor_async to None, run_after=None
[2023-10-10T17:52:18.971+0000] {processor.py:179} INFO - Processing /home/airflow/.local/lib/python3.7/site-packages/airflow/example_dags/example_time_delta_sensor_async.py took 0.173 seconds
[2023-10-10T17:52:49.301+0000] {processor.py:157} INFO - Started process (PID=2783) to work on /home/airflow/.local/lib/python3.7/site-packages/airflow/example_dags/example_time_delta_sensor_async.py
[2023-10-10T17:52:49.303+0000] {processor.py:826} INFO - Processing file /home/airflow/.local/lib/python3.7/site-packages/airflow/example_dags/example_time_delta_sensor_async.py for tasks to queue
[2023-10-10T17:52:49.304+0000] {logging_mixin.py:150} INFO - [2023-10-10T17:52:49.304+0000] {dagbag.py:541} INFO - Filling up the DagBag from /home/airflow/.local/lib/python3.7/site-packages/airflow/example_dags/example_time_delta_sensor_async.py
[2023-10-10T17:52:49.314+0000] {processor.py:836} INFO - DAG(s) dict_keys(['example_time_delta_sensor_async']) retrieved from /home/airflow/.local/lib/python3.7/site-packages/airflow/example_dags/example_time_delta_sensor_async.py
[2023-10-10T17:52:49.347+0000] {logging_mixin.py:150} INFO - [2023-10-10T17:52:49.346+0000] {dag.py:2742} INFO - Sync 1 DAGs
[2023-10-10T17:52:49.382+0000] {logging_mixin.py:150} INFO - [2023-10-10T17:52:49.381+0000] {dag.py:3508} INFO - Setting next_dagrun for example_time_delta_sensor_async to None, run_after=None
[2023-10-10T17:52:49.408+0000] {processor.py:179} INFO - Processing /home/airflow/.local/lib/python3.7/site-packages/airflow/example_dags/example_time_delta_sensor_async.py took 0.112 seconds
[2023-10-10T17:53:19.810+0000] {processor.py:157} INFO - Started process (PID=2867) to work on /home/airflow/.local/lib/python3.7/site-packages/airflow/example_dags/example_time_delta_sensor_async.py
[2023-10-10T17:53:19.813+0000] {processor.py:826} INFO - Processing file /home/airflow/.local/lib/python3.7/site-packages/airflow/example_dags/example_time_delta_sensor_async.py for tasks to queue
[2023-10-10T17:53:19.815+0000] {logging_mixin.py:150} INFO - [2023-10-10T17:53:19.814+0000] {dagbag.py:541} INFO - Filling up the DagBag from /home/airflow/.local/lib/python3.7/site-packages/airflow/example_dags/example_time_delta_sensor_async.py
[2023-10-10T17:53:19.825+0000] {processor.py:836} INFO - DAG(s) dict_keys(['example_time_delta_sensor_async']) retrieved from /home/airflow/.local/lib/python3.7/site-packages/airflow/example_dags/example_time_delta_sensor_async.py
[2023-10-10T17:53:19.864+0000] {logging_mixin.py:150} INFO - [2023-10-10T17:53:19.864+0000] {dag.py:2742} INFO - Sync 1 DAGs
[2023-10-10T17:53:19.903+0000] {logging_mixin.py:150} INFO - [2023-10-10T17:53:19.903+0000] {dag.py:3508} INFO - Setting next_dagrun for example_time_delta_sensor_async to None, run_after=None
[2023-10-10T17:53:19.932+0000] {processor.py:179} INFO - Processing /home/airflow/.local/lib/python3.7/site-packages/airflow/example_dags/example_time_delta_sensor_async.py took 0.128 seconds
[2023-10-10T17:53:50.475+0000] {processor.py:157} INFO - Started process (PID=2957) to work on /home/airflow/.local/lib/python3.7/site-packages/airflow/example_dags/example_time_delta_sensor_async.py
[2023-10-10T17:53:50.477+0000] {processor.py:826} INFO - Processing file /home/airflow/.local/lib/python3.7/site-packages/airflow/example_dags/example_time_delta_sensor_async.py for tasks to queue
[2023-10-10T17:53:50.478+0000] {logging_mixin.py:150} INFO - [2023-10-10T17:53:50.478+0000] {dagbag.py:541} INFO - Filling up the DagBag from /home/airflow/.local/lib/python3.7/site-packages/airflow/example_dags/example_time_delta_sensor_async.py
[2023-10-10T17:53:50.486+0000] {processor.py:836} INFO - DAG(s) dict_keys(['example_time_delta_sensor_async']) retrieved from /home/airflow/.local/lib/python3.7/site-packages/airflow/example_dags/example_time_delta_sensor_async.py
[2023-10-10T17:53:50.517+0000] {logging_mixin.py:150} INFO - [2023-10-10T17:53:50.517+0000] {dag.py:2742} INFO - Sync 1 DAGs
[2023-10-10T17:53:50.551+0000] {logging_mixin.py:150} INFO - [2023-10-10T17:53:50.551+0000] {dag.py:3508} INFO - Setting next_dagrun for example_time_delta_sensor_async to None, run_after=None
[2023-10-10T17:53:50.578+0000] {processor.py:179} INFO - Processing /home/airflow/.local/lib/python3.7/site-packages/airflow/example_dags/example_time_delta_sensor_async.py took 0.108 seconds
[2023-10-10T17:54:20.714+0000] {processor.py:157} INFO - Started process (PID=3038) to work on /home/airflow/.local/lib/python3.7/site-packages/airflow/example_dags/example_time_delta_sensor_async.py
[2023-10-10T17:54:20.716+0000] {processor.py:826} INFO - Processing file /home/airflow/.local/lib/python3.7/site-packages/airflow/example_dags/example_time_delta_sensor_async.py for tasks to queue
[2023-10-10T17:54:20.718+0000] {logging_mixin.py:150} INFO - [2023-10-10T17:54:20.717+0000] {dagbag.py:541} INFO - Filling up the DagBag from /home/airflow/.local/lib/python3.7/site-packages/airflow/example_dags/example_time_delta_sensor_async.py
[2023-10-10T17:54:20.726+0000] {processor.py:836} INFO - DAG(s) dict_keys(['example_time_delta_sensor_async']) retrieved from /home/airflow/.local/lib/python3.7/site-packages/airflow/example_dags/example_time_delta_sensor_async.py
[2023-10-10T17:54:20.757+0000] {logging_mixin.py:150} INFO - [2023-10-10T17:54:20.756+0000] {dag.py:2742} INFO - Sync 1 DAGs
[2023-10-10T17:54:20.788+0000] {logging_mixin.py:150} INFO - [2023-10-10T17:54:20.788+0000] {dag.py:3508} INFO - Setting next_dagrun for example_time_delta_sensor_async to None, run_after=None
[2023-10-10T17:54:20.813+0000] {processor.py:179} INFO - Processing /home/airflow/.local/lib/python3.7/site-packages/airflow/example_dags/example_time_delta_sensor_async.py took 0.104 seconds
[2023-10-10T17:54:51.446+0000] {processor.py:157} INFO - Started process (PID=3133) to work on /home/airflow/.local/lib/python3.7/site-packages/airflow/example_dags/example_time_delta_sensor_async.py
[2023-10-10T17:54:51.449+0000] {processor.py:826} INFO - Processing file /home/airflow/.local/lib/python3.7/site-packages/airflow/example_dags/example_time_delta_sensor_async.py for tasks to queue
[2023-10-10T17:54:51.452+0000] {logging_mixin.py:150} INFO - [2023-10-10T17:54:51.451+0000] {dagbag.py:541} INFO - Filling up the DagBag from /home/airflow/.local/lib/python3.7/site-packages/airflow/example_dags/example_time_delta_sensor_async.py
[2023-10-10T17:54:51.479+0000] {processor.py:836} INFO - DAG(s) dict_keys(['example_time_delta_sensor_async']) retrieved from /home/airflow/.local/lib/python3.7/site-packages/airflow/example_dags/example_time_delta_sensor_async.py
[2023-10-10T17:54:51.585+0000] {logging_mixin.py:150} INFO - [2023-10-10T17:54:51.584+0000] {dag.py:2742} INFO - Sync 1 DAGs
[2023-10-10T17:54:51.728+0000] {logging_mixin.py:150} INFO - [2023-10-10T17:54:51.728+0000] {dag.py:3508} INFO - Setting next_dagrun for example_time_delta_sensor_async to None, run_after=None
[2023-10-10T17:54:51.841+0000] {processor.py:179} INFO - Processing /home/airflow/.local/lib/python3.7/site-packages/airflow/example_dags/example_time_delta_sensor_async.py took 0.408 seconds
[2023-10-10T17:56:03.098+0000] {processor.py:157} INFO - Started process (PID=3222) to work on /home/airflow/.local/lib/python3.7/site-packages/airflow/example_dags/example_time_delta_sensor_async.py
[2023-10-10T17:56:03.104+0000] {processor.py:826} INFO - Processing file /home/airflow/.local/lib/python3.7/site-packages/airflow/example_dags/example_time_delta_sensor_async.py for tasks to queue
[2023-10-10T17:56:03.109+0000] {logging_mixin.py:150} INFO - [2023-10-10T17:56:03.108+0000] {dagbag.py:541} INFO - Filling up the DagBag from /home/airflow/.local/lib/python3.7/site-packages/airflow/example_dags/example_time_delta_sensor_async.py
[2023-10-10T17:56:03.135+0000] {processor.py:836} INFO - DAG(s) dict_keys(['example_time_delta_sensor_async']) retrieved from /home/airflow/.local/lib/python3.7/site-packages/airflow/example_dags/example_time_delta_sensor_async.py
[2023-10-10T17:56:03.229+0000] {logging_mixin.py:150} INFO - [2023-10-10T17:56:03.228+0000] {dag.py:2742} INFO - Sync 1 DAGs
[2023-10-10T17:56:03.362+0000] {logging_mixin.py:150} INFO - [2023-10-10T17:56:03.361+0000] {dag.py:3508} INFO - Setting next_dagrun for example_time_delta_sensor_async to None, run_after=None
[2023-10-10T17:56:03.479+0000] {processor.py:179} INFO - Processing /home/airflow/.local/lib/python3.7/site-packages/airflow/example_dags/example_time_delta_sensor_async.py took 0.391 seconds
[2023-10-10T17:56:34.351+0000] {processor.py:157} INFO - Started process (PID=3303) to work on /home/airflow/.local/lib/python3.7/site-packages/airflow/example_dags/example_time_delta_sensor_async.py
[2023-10-10T17:56:34.355+0000] {processor.py:826} INFO - Processing file /home/airflow/.local/lib/python3.7/site-packages/airflow/example_dags/example_time_delta_sensor_async.py for tasks to queue
[2023-10-10T17:56:34.358+0000] {logging_mixin.py:150} INFO - [2023-10-10T17:56:34.357+0000] {dagbag.py:541} INFO - Filling up the DagBag from /home/airflow/.local/lib/python3.7/site-packages/airflow/example_dags/example_time_delta_sensor_async.py
[2023-10-10T17:56:34.376+0000] {processor.py:836} INFO - DAG(s) dict_keys(['example_time_delta_sensor_async']) retrieved from /home/airflow/.local/lib/python3.7/site-packages/airflow/example_dags/example_time_delta_sensor_async.py
[2023-10-10T17:56:34.453+0000] {logging_mixin.py:150} INFO - [2023-10-10T17:56:34.453+0000] {dag.py:2742} INFO - Sync 1 DAGs
[2023-10-10T17:56:34.524+0000] {logging_mixin.py:150} INFO - [2023-10-10T17:56:34.523+0000] {dag.py:3508} INFO - Setting next_dagrun for example_time_delta_sensor_async to None, run_after=None
[2023-10-10T17:56:34.572+0000] {processor.py:179} INFO - Processing /home/airflow/.local/lib/python3.7/site-packages/airflow/example_dags/example_time_delta_sensor_async.py took 0.233 seconds
[2023-10-10T17:57:08.577+0000] {processor.py:157} INFO - Started process (PID=3384) to work on /home/airflow/.local/lib/python3.7/site-packages/airflow/example_dags/example_time_delta_sensor_async.py
[2023-10-10T17:57:08.594+0000] {processor.py:826} INFO - Processing file /home/airflow/.local/lib/python3.7/site-packages/airflow/example_dags/example_time_delta_sensor_async.py for tasks to queue
[2023-10-10T17:57:08.601+0000] {logging_mixin.py:150} INFO - [2023-10-10T17:57:08.600+0000] {dagbag.py:541} INFO - Filling up the DagBag from /home/airflow/.local/lib/python3.7/site-packages/airflow/example_dags/example_time_delta_sensor_async.py
[2023-10-10T17:57:08.736+0000] {processor.py:836} INFO - DAG(s) dict_keys(['example_time_delta_sensor_async']) retrieved from /home/airflow/.local/lib/python3.7/site-packages/airflow/example_dags/example_time_delta_sensor_async.py
[2023-10-10T17:57:08.964+0000] {logging_mixin.py:150} INFO - [2023-10-10T17:57:08.963+0000] {dag.py:2742} INFO - Sync 1 DAGs
[2023-10-10T17:57:09.166+0000] {logging_mixin.py:150} INFO - [2023-10-10T17:57:09.166+0000] {dag.py:3508} INFO - Setting next_dagrun for example_time_delta_sensor_async to None, run_after=None
[2023-10-10T17:57:09.305+0000] {processor.py:179} INFO - Processing /home/airflow/.local/lib/python3.7/site-packages/airflow/example_dags/example_time_delta_sensor_async.py took 0.764 seconds
[2023-10-10T17:58:16.899+0000] {processor.py:157} INFO - Started process (PID=3475) to work on /home/airflow/.local/lib/python3.7/site-packages/airflow/example_dags/example_time_delta_sensor_async.py
[2023-10-10T17:58:16.921+0000] {processor.py:826} INFO - Processing file /home/airflow/.local/lib/python3.7/site-packages/airflow/example_dags/example_time_delta_sensor_async.py for tasks to queue
[2023-10-10T17:58:16.945+0000] {logging_mixin.py:150} INFO - [2023-10-10T17:58:16.943+0000] {dagbag.py:541} INFO - Filling up the DagBag from /home/airflow/.local/lib/python3.7/site-packages/airflow/example_dags/example_time_delta_sensor_async.py
[2023-10-10T17:58:16.997+0000] {processor.py:836} INFO - DAG(s) dict_keys(['example_time_delta_sensor_async']) retrieved from /home/airflow/.local/lib/python3.7/site-packages/airflow/example_dags/example_time_delta_sensor_async.py
[2023-10-10T17:58:17.283+0000] {logging_mixin.py:150} INFO - [2023-10-10T17:58:17.282+0000] {dag.py:2742} INFO - Sync 1 DAGs
[2023-10-10T17:58:17.557+0000] {logging_mixin.py:150} INFO - [2023-10-10T17:58:17.555+0000] {dag.py:3508} INFO - Setting next_dagrun for example_time_delta_sensor_async to None, run_after=None
[2023-10-10T17:58:17.779+0000] {processor.py:179} INFO - Processing /home/airflow/.local/lib/python3.7/site-packages/airflow/example_dags/example_time_delta_sensor_async.py took 0.966 seconds
[2023-10-10T17:58:50.783+0000] {processor.py:157} INFO - Started process (PID=3577) to work on /home/airflow/.local/lib/python3.7/site-packages/airflow/example_dags/example_time_delta_sensor_async.py
[2023-10-10T17:58:50.790+0000] {processor.py:826} INFO - Processing file /home/airflow/.local/lib/python3.7/site-packages/airflow/example_dags/example_time_delta_sensor_async.py for tasks to queue
[2023-10-10T17:58:50.795+0000] {logging_mixin.py:150} INFO - [2023-10-10T17:58:50.794+0000] {dagbag.py:541} INFO - Filling up the DagBag from /home/airflow/.local/lib/python3.7/site-packages/airflow/example_dags/example_time_delta_sensor_async.py
[2023-10-10T17:58:50.826+0000] {processor.py:836} INFO - DAG(s) dict_keys(['example_time_delta_sensor_async']) retrieved from /home/airflow/.local/lib/python3.7/site-packages/airflow/example_dags/example_time_delta_sensor_async.py
[2023-10-10T17:58:50.963+0000] {logging_mixin.py:150} INFO - [2023-10-10T17:58:50.962+0000] {dag.py:2742} INFO - Sync 1 DAGs
[2023-10-10T17:58:51.112+0000] {logging_mixin.py:150} INFO - [2023-10-10T17:58:51.111+0000] {dag.py:3508} INFO - Setting next_dagrun for example_time_delta_sensor_async to None, run_after=None
[2023-10-10T17:58:51.202+0000] {processor.py:179} INFO - Processing /home/airflow/.local/lib/python3.7/site-packages/airflow/example_dags/example_time_delta_sensor_async.py took 0.445 seconds
[2023-10-10T17:59:36.268+0000] {processor.py:157} INFO - Started process (PID=3658) to work on /home/airflow/.local/lib/python3.7/site-packages/airflow/example_dags/example_time_delta_sensor_async.py
[2023-10-10T17:59:36.280+0000] {processor.py:826} INFO - Processing file /home/airflow/.local/lib/python3.7/site-packages/airflow/example_dags/example_time_delta_sensor_async.py for tasks to queue
[2023-10-10T17:59:36.299+0000] {logging_mixin.py:150} INFO - [2023-10-10T17:59:36.297+0000] {dagbag.py:541} INFO - Filling up the DagBag from /home/airflow/.local/lib/python3.7/site-packages/airflow/example_dags/example_time_delta_sensor_async.py
[2023-10-10T17:59:36.380+0000] {processor.py:836} INFO - DAG(s) dict_keys(['example_time_delta_sensor_async']) retrieved from /home/airflow/.local/lib/python3.7/site-packages/airflow/example_dags/example_time_delta_sensor_async.py
[2023-10-10T17:59:36.567+0000] {logging_mixin.py:150} INFO - [2023-10-10T17:59:36.566+0000] {dag.py:2742} INFO - Sync 1 DAGs
[2023-10-10T17:59:36.769+0000] {logging_mixin.py:150} INFO - [2023-10-10T17:59:36.769+0000] {dag.py:3508} INFO - Setting next_dagrun for example_time_delta_sensor_async to None, run_after=None
[2023-10-10T17:59:36.883+0000] {processor.py:179} INFO - Processing /home/airflow/.local/lib/python3.7/site-packages/airflow/example_dags/example_time_delta_sensor_async.py took 0.634 seconds
[2023-10-10T18:00:07.067+0000] {processor.py:157} INFO - Started process (PID=3739) to work on /home/airflow/.local/lib/python3.7/site-packages/airflow/example_dags/example_time_delta_sensor_async.py
[2023-10-10T18:00:07.071+0000] {processor.py:826} INFO - Processing file /home/airflow/.local/lib/python3.7/site-packages/airflow/example_dags/example_time_delta_sensor_async.py for tasks to queue
[2023-10-10T18:00:07.075+0000] {logging_mixin.py:150} INFO - [2023-10-10T18:00:07.074+0000] {dagbag.py:541} INFO - Filling up the DagBag from /home/airflow/.local/lib/python3.7/site-packages/airflow/example_dags/example_time_delta_sensor_async.py
[2023-10-10T18:00:07.094+0000] {processor.py:836} INFO - DAG(s) dict_keys(['example_time_delta_sensor_async']) retrieved from /home/airflow/.local/lib/python3.7/site-packages/airflow/example_dags/example_time_delta_sensor_async.py
[2023-10-10T18:00:07.167+0000] {logging_mixin.py:150} INFO - [2023-10-10T18:00:07.166+0000] {dag.py:2742} INFO - Sync 1 DAGs
[2023-10-10T18:00:07.248+0000] {logging_mixin.py:150} INFO - [2023-10-10T18:00:07.247+0000] {dag.py:3508} INFO - Setting next_dagrun for example_time_delta_sensor_async to None, run_after=None
[2023-10-10T18:00:07.304+0000] {processor.py:179} INFO - Processing /home/airflow/.local/lib/python3.7/site-packages/airflow/example_dags/example_time_delta_sensor_async.py took 0.249 seconds
[2023-10-10T18:00:38.141+0000] {processor.py:157} INFO - Started process (PID=3820) to work on /home/airflow/.local/lib/python3.7/site-packages/airflow/example_dags/example_time_delta_sensor_async.py
[2023-10-10T18:00:38.147+0000] {processor.py:826} INFO - Processing file /home/airflow/.local/lib/python3.7/site-packages/airflow/example_dags/example_time_delta_sensor_async.py for tasks to queue
[2023-10-10T18:00:38.150+0000] {logging_mixin.py:150} INFO - [2023-10-10T18:00:38.150+0000] {dagbag.py:541} INFO - Filling up the DagBag from /home/airflow/.local/lib/python3.7/site-packages/airflow/example_dags/example_time_delta_sensor_async.py
[2023-10-10T18:00:38.165+0000] {processor.py:836} INFO - DAG(s) dict_keys(['example_time_delta_sensor_async']) retrieved from /home/airflow/.local/lib/python3.7/site-packages/airflow/example_dags/example_time_delta_sensor_async.py
[2023-10-10T18:00:38.225+0000] {logging_mixin.py:150} INFO - [2023-10-10T18:00:38.225+0000] {dag.py:2742} INFO - Sync 1 DAGs
[2023-10-10T18:00:38.282+0000] {logging_mixin.py:150} INFO - [2023-10-10T18:00:38.282+0000] {dag.py:3508} INFO - Setting next_dagrun for example_time_delta_sensor_async to None, run_after=None
[2023-10-10T18:00:38.320+0000] {processor.py:179} INFO - Processing /home/airflow/.local/lib/python3.7/site-packages/airflow/example_dags/example_time_delta_sensor_async.py took 0.187 seconds
[2023-10-10T18:01:08.879+0000] {processor.py:157} INFO - Started process (PID=3901) to work on /home/airflow/.local/lib/python3.7/site-packages/airflow/example_dags/example_time_delta_sensor_async.py
[2023-10-10T18:01:08.881+0000] {processor.py:826} INFO - Processing file /home/airflow/.local/lib/python3.7/site-packages/airflow/example_dags/example_time_delta_sensor_async.py for tasks to queue
[2023-10-10T18:01:08.883+0000] {logging_mixin.py:150} INFO - [2023-10-10T18:01:08.883+0000] {dagbag.py:541} INFO - Filling up the DagBag from /home/airflow/.local/lib/python3.7/site-packages/airflow/example_dags/example_time_delta_sensor_async.py
[2023-10-10T18:01:08.895+0000] {processor.py:836} INFO - DAG(s) dict_keys(['example_time_delta_sensor_async']) retrieved from /home/airflow/.local/lib/python3.7/site-packages/airflow/example_dags/example_time_delta_sensor_async.py
[2023-10-10T18:01:08.938+0000] {logging_mixin.py:150} INFO - [2023-10-10T18:01:08.938+0000] {dag.py:2742} INFO - Sync 1 DAGs
[2023-10-10T18:01:08.985+0000] {logging_mixin.py:150} INFO - [2023-10-10T18:01:08.985+0000] {dag.py:3508} INFO - Setting next_dagrun for example_time_delta_sensor_async to None, run_after=None
[2023-10-10T18:01:09.019+0000] {processor.py:179} INFO - Processing /home/airflow/.local/lib/python3.7/site-packages/airflow/example_dags/example_time_delta_sensor_async.py took 0.148 seconds
[2023-10-10T18:01:39.900+0000] {processor.py:157} INFO - Started process (PID=3991) to work on /home/airflow/.local/lib/python3.7/site-packages/airflow/example_dags/example_time_delta_sensor_async.py
[2023-10-10T18:01:39.903+0000] {processor.py:826} INFO - Processing file /home/airflow/.local/lib/python3.7/site-packages/airflow/example_dags/example_time_delta_sensor_async.py for tasks to queue
[2023-10-10T18:01:39.907+0000] {logging_mixin.py:150} INFO - [2023-10-10T18:01:39.906+0000] {dagbag.py:541} INFO - Filling up the DagBag from /home/airflow/.local/lib/python3.7/site-packages/airflow/example_dags/example_time_delta_sensor_async.py
[2023-10-10T18:01:39.921+0000] {processor.py:836} INFO - DAG(s) dict_keys(['example_time_delta_sensor_async']) retrieved from /home/airflow/.local/lib/python3.7/site-packages/airflow/example_dags/example_time_delta_sensor_async.py
[2023-10-10T18:01:39.987+0000] {logging_mixin.py:150} INFO - [2023-10-10T18:01:39.986+0000] {dag.py:2742} INFO - Sync 1 DAGs
[2023-10-10T18:01:40.059+0000] {logging_mixin.py:150} INFO - [2023-10-10T18:01:40.059+0000] {dag.py:3508} INFO - Setting next_dagrun for example_time_delta_sensor_async to None, run_after=None
[2023-10-10T18:01:40.112+0000] {processor.py:179} INFO - Processing /home/airflow/.local/lib/python3.7/site-packages/airflow/example_dags/example_time_delta_sensor_async.py took 0.221 seconds
[2023-10-10T18:02:10.476+0000] {processor.py:157} INFO - Started process (PID=4072) to work on /home/airflow/.local/lib/python3.7/site-packages/airflow/example_dags/example_time_delta_sensor_async.py
[2023-10-10T18:02:10.478+0000] {processor.py:826} INFO - Processing file /home/airflow/.local/lib/python3.7/site-packages/airflow/example_dags/example_time_delta_sensor_async.py for tasks to queue
[2023-10-10T18:02:10.481+0000] {logging_mixin.py:150} INFO - [2023-10-10T18:02:10.480+0000] {dagbag.py:541} INFO - Filling up the DagBag from /home/airflow/.local/lib/python3.7/site-packages/airflow/example_dags/example_time_delta_sensor_async.py
[2023-10-10T18:02:10.496+0000] {processor.py:836} INFO - DAG(s) dict_keys(['example_time_delta_sensor_async']) retrieved from /home/airflow/.local/lib/python3.7/site-packages/airflow/example_dags/example_time_delta_sensor_async.py
[2023-10-10T18:02:10.552+0000] {logging_mixin.py:150} INFO - [2023-10-10T18:02:10.551+0000] {dag.py:2742} INFO - Sync 1 DAGs
[2023-10-10T18:02:10.618+0000] {logging_mixin.py:150} INFO - [2023-10-10T18:02:10.617+0000] {dag.py:3508} INFO - Setting next_dagrun for example_time_delta_sensor_async to None, run_after=None
[2023-10-10T18:02:10.657+0000] {processor.py:179} INFO - Processing /home/airflow/.local/lib/python3.7/site-packages/airflow/example_dags/example_time_delta_sensor_async.py took 0.189 seconds
[2023-10-10T18:02:40.824+0000] {processor.py:157} INFO - Started process (PID=4153) to work on /home/airflow/.local/lib/python3.7/site-packages/airflow/example_dags/example_time_delta_sensor_async.py
[2023-10-10T18:02:40.827+0000] {processor.py:826} INFO - Processing file /home/airflow/.local/lib/python3.7/site-packages/airflow/example_dags/example_time_delta_sensor_async.py for tasks to queue
[2023-10-10T18:02:40.829+0000] {logging_mixin.py:150} INFO - [2023-10-10T18:02:40.829+0000] {dagbag.py:541} INFO - Filling up the DagBag from /home/airflow/.local/lib/python3.7/site-packages/airflow/example_dags/example_time_delta_sensor_async.py
[2023-10-10T18:02:40.843+0000] {processor.py:836} INFO - DAG(s) dict_keys(['example_time_delta_sensor_async']) retrieved from /home/airflow/.local/lib/python3.7/site-packages/airflow/example_dags/example_time_delta_sensor_async.py
[2023-10-10T18:02:40.890+0000] {logging_mixin.py:150} INFO - [2023-10-10T18:02:40.889+0000] {dag.py:2742} INFO - Sync 1 DAGs
[2023-10-10T18:02:40.940+0000] {logging_mixin.py:150} INFO - [2023-10-10T18:02:40.940+0000] {dag.py:3508} INFO - Setting next_dagrun for example_time_delta_sensor_async to None, run_after=None
[2023-10-10T18:02:40.977+0000] {processor.py:179} INFO - Processing /home/airflow/.local/lib/python3.7/site-packages/airflow/example_dags/example_time_delta_sensor_async.py took 0.160 seconds
[2023-10-10T18:03:11.403+0000] {processor.py:157} INFO - Started process (PID=4228) to work on /home/airflow/.local/lib/python3.7/site-packages/airflow/example_dags/example_time_delta_sensor_async.py
[2023-10-10T18:03:11.405+0000] {processor.py:826} INFO - Processing file /home/airflow/.local/lib/python3.7/site-packages/airflow/example_dags/example_time_delta_sensor_async.py for tasks to queue
[2023-10-10T18:03:11.408+0000] {logging_mixin.py:150} INFO - [2023-10-10T18:03:11.407+0000] {dagbag.py:541} INFO - Filling up the DagBag from /home/airflow/.local/lib/python3.7/site-packages/airflow/example_dags/example_time_delta_sensor_async.py
[2023-10-10T18:03:11.422+0000] {processor.py:836} INFO - DAG(s) dict_keys(['example_time_delta_sensor_async']) retrieved from /home/airflow/.local/lib/python3.7/site-packages/airflow/example_dags/example_time_delta_sensor_async.py
[2023-10-10T18:03:11.498+0000] {logging_mixin.py:150} INFO - [2023-10-10T18:03:11.498+0000] {dag.py:2742} INFO - Sync 1 DAGs
[2023-10-10T18:03:11.566+0000] {logging_mixin.py:150} INFO - [2023-10-10T18:03:11.566+0000] {dag.py:3508} INFO - Setting next_dagrun for example_time_delta_sensor_async to None, run_after=None
[2023-10-10T18:03:11.602+0000] {processor.py:179} INFO - Processing /home/airflow/.local/lib/python3.7/site-packages/airflow/example_dags/example_time_delta_sensor_async.py took 0.206 seconds
[2023-10-10T18:03:42.343+0000] {processor.py:157} INFO - Started process (PID=4318) to work on /home/airflow/.local/lib/python3.7/site-packages/airflow/example_dags/example_time_delta_sensor_async.py
[2023-10-10T18:03:42.346+0000] {processor.py:826} INFO - Processing file /home/airflow/.local/lib/python3.7/site-packages/airflow/example_dags/example_time_delta_sensor_async.py for tasks to queue
[2023-10-10T18:03:42.349+0000] {logging_mixin.py:150} INFO - [2023-10-10T18:03:42.349+0000] {dagbag.py:541} INFO - Filling up the DagBag from /home/airflow/.local/lib/python3.7/site-packages/airflow/example_dags/example_time_delta_sensor_async.py
[2023-10-10T18:03:42.360+0000] {processor.py:836} INFO - DAG(s) dict_keys(['example_time_delta_sensor_async']) retrieved from /home/airflow/.local/lib/python3.7/site-packages/airflow/example_dags/example_time_delta_sensor_async.py
[2023-10-10T18:03:42.413+0000] {logging_mixin.py:150} INFO - [2023-10-10T18:03:42.413+0000] {dag.py:2742} INFO - Sync 1 DAGs
[2023-10-10T18:03:42.489+0000] {logging_mixin.py:150} INFO - [2023-10-10T18:03:42.488+0000] {dag.py:3508} INFO - Setting next_dagrun for example_time_delta_sensor_async to None, run_after=None
[2023-10-10T18:03:42.545+0000] {processor.py:179} INFO - Processing /home/airflow/.local/lib/python3.7/site-packages/airflow/example_dags/example_time_delta_sensor_async.py took 0.210 seconds
[2023-10-10T18:04:12.836+0000] {processor.py:157} INFO - Started process (PID=4397) to work on /home/airflow/.local/lib/python3.7/site-packages/airflow/example_dags/example_time_delta_sensor_async.py
[2023-10-10T18:04:12.839+0000] {processor.py:826} INFO - Processing file /home/airflow/.local/lib/python3.7/site-packages/airflow/example_dags/example_time_delta_sensor_async.py for tasks to queue
[2023-10-10T18:04:12.841+0000] {logging_mixin.py:150} INFO - [2023-10-10T18:04:12.840+0000] {dagbag.py:541} INFO - Filling up the DagBag from /home/airflow/.local/lib/python3.7/site-packages/airflow/example_dags/example_time_delta_sensor_async.py
[2023-10-10T18:04:12.854+0000] {processor.py:836} INFO - DAG(s) dict_keys(['example_time_delta_sensor_async']) retrieved from /home/airflow/.local/lib/python3.7/site-packages/airflow/example_dags/example_time_delta_sensor_async.py
[2023-10-10T18:04:12.907+0000] {logging_mixin.py:150} INFO - [2023-10-10T18:04:12.907+0000] {dag.py:2742} INFO - Sync 1 DAGs
[2023-10-10T18:04:12.966+0000] {logging_mixin.py:150} INFO - [2023-10-10T18:04:12.966+0000] {dag.py:3508} INFO - Setting next_dagrun for example_time_delta_sensor_async to None, run_after=None
[2023-10-10T18:04:13.025+0000] {processor.py:179} INFO - Processing /home/airflow/.local/lib/python3.7/site-packages/airflow/example_dags/example_time_delta_sensor_async.py took 0.196 seconds
[2023-10-10T18:04:43.137+0000] {processor.py:157} INFO - Started process (PID=4478) to work on /home/airflow/.local/lib/python3.7/site-packages/airflow/example_dags/example_time_delta_sensor_async.py
[2023-10-10T18:04:43.143+0000] {processor.py:826} INFO - Processing file /home/airflow/.local/lib/python3.7/site-packages/airflow/example_dags/example_time_delta_sensor_async.py for tasks to queue
[2023-10-10T18:04:43.149+0000] {logging_mixin.py:150} INFO - [2023-10-10T18:04:43.148+0000] {dagbag.py:541} INFO - Filling up the DagBag from /home/airflow/.local/lib/python3.7/site-packages/airflow/example_dags/example_time_delta_sensor_async.py
[2023-10-10T18:04:43.182+0000] {processor.py:836} INFO - DAG(s) dict_keys(['example_time_delta_sensor_async']) retrieved from /home/airflow/.local/lib/python3.7/site-packages/airflow/example_dags/example_time_delta_sensor_async.py
[2023-10-10T18:04:43.308+0000] {logging_mixin.py:150} INFO - [2023-10-10T18:04:43.308+0000] {dag.py:2742} INFO - Sync 1 DAGs
[2023-10-10T18:04:43.486+0000] {logging_mixin.py:150} INFO - [2023-10-10T18:04:43.485+0000] {dag.py:3508} INFO - Setting next_dagrun for example_time_delta_sensor_async to None, run_after=None
[2023-10-10T18:04:43.567+0000] {processor.py:179} INFO - Processing /home/airflow/.local/lib/python3.7/site-packages/airflow/example_dags/example_time_delta_sensor_async.py took 0.449 seconds
[2023-10-10T18:05:14.174+0000] {processor.py:157} INFO - Started process (PID=4559) to work on /home/airflow/.local/lib/python3.7/site-packages/airflow/example_dags/example_time_delta_sensor_async.py
[2023-10-10T18:05:14.181+0000] {processor.py:826} INFO - Processing file /home/airflow/.local/lib/python3.7/site-packages/airflow/example_dags/example_time_delta_sensor_async.py for tasks to queue
[2023-10-10T18:05:14.193+0000] {logging_mixin.py:150} INFO - [2023-10-10T18:05:14.191+0000] {dagbag.py:541} INFO - Filling up the DagBag from /home/airflow/.local/lib/python3.7/site-packages/airflow/example_dags/example_time_delta_sensor_async.py
[2023-10-10T18:05:14.243+0000] {processor.py:836} INFO - DAG(s) dict_keys(['example_time_delta_sensor_async']) retrieved from /home/airflow/.local/lib/python3.7/site-packages/airflow/example_dags/example_time_delta_sensor_async.py
[2023-10-10T18:05:14.395+0000] {logging_mixin.py:150} INFO - [2023-10-10T18:05:14.395+0000] {dag.py:2742} INFO - Sync 1 DAGs
[2023-10-10T18:05:14.539+0000] {logging_mixin.py:150} INFO - [2023-10-10T18:05:14.538+0000] {dag.py:3508} INFO - Setting next_dagrun for example_time_delta_sensor_async to None, run_after=None
[2023-10-10T18:05:14.700+0000] {processor.py:179} INFO - Processing /home/airflow/.local/lib/python3.7/site-packages/airflow/example_dags/example_time_delta_sensor_async.py took 0.548 seconds
[2023-10-10T18:05:50.741+0000] {processor.py:157} INFO - Started process (PID=4641) to work on /home/airflow/.local/lib/python3.7/site-packages/airflow/example_dags/example_time_delta_sensor_async.py
[2023-10-10T18:05:50.749+0000] {processor.py:826} INFO - Processing file /home/airflow/.local/lib/python3.7/site-packages/airflow/example_dags/example_time_delta_sensor_async.py for tasks to queue
[2023-10-10T18:05:50.758+0000] {logging_mixin.py:150} INFO - [2023-10-10T18:05:50.756+0000] {dagbag.py:541} INFO - Filling up the DagBag from /home/airflow/.local/lib/python3.7/site-packages/airflow/example_dags/example_time_delta_sensor_async.py
[2023-10-10T18:05:50.826+0000] {processor.py:836} INFO - DAG(s) dict_keys(['example_time_delta_sensor_async']) retrieved from /home/airflow/.local/lib/python3.7/site-packages/airflow/example_dags/example_time_delta_sensor_async.py
[2023-10-10T18:05:50.978+0000] {logging_mixin.py:150} INFO - [2023-10-10T18:05:50.978+0000] {dag.py:2742} INFO - Sync 1 DAGs
[2023-10-10T18:05:51.126+0000] {logging_mixin.py:150} INFO - [2023-10-10T18:05:51.126+0000] {dag.py:3508} INFO - Setting next_dagrun for example_time_delta_sensor_async to None, run_after=None
[2023-10-10T18:05:51.240+0000] {processor.py:179} INFO - Processing /home/airflow/.local/lib/python3.7/site-packages/airflow/example_dags/example_time_delta_sensor_async.py took 0.525 seconds
[2023-10-10T18:06:21.338+0000] {processor.py:157} INFO - Started process (PID=4713) to work on /home/airflow/.local/lib/python3.7/site-packages/airflow/example_dags/example_time_delta_sensor_async.py
[2023-10-10T18:06:21.341+0000] {processor.py:826} INFO - Processing file /home/airflow/.local/lib/python3.7/site-packages/airflow/example_dags/example_time_delta_sensor_async.py for tasks to queue
[2023-10-10T18:06:21.344+0000] {logging_mixin.py:150} INFO - [2023-10-10T18:06:21.343+0000] {dagbag.py:541} INFO - Filling up the DagBag from /home/airflow/.local/lib/python3.7/site-packages/airflow/example_dags/example_time_delta_sensor_async.py
[2023-10-10T18:06:21.361+0000] {processor.py:836} INFO - DAG(s) dict_keys(['example_time_delta_sensor_async']) retrieved from /home/airflow/.local/lib/python3.7/site-packages/airflow/example_dags/example_time_delta_sensor_async.py
[2023-10-10T18:06:21.425+0000] {logging_mixin.py:150} INFO - [2023-10-10T18:06:21.425+0000] {dag.py:2742} INFO - Sync 1 DAGs
[2023-10-10T18:06:21.492+0000] {logging_mixin.py:150} INFO - [2023-10-10T18:06:21.492+0000] {dag.py:3508} INFO - Setting next_dagrun for example_time_delta_sensor_async to None, run_after=None
[2023-10-10T18:06:21.542+0000] {processor.py:179} INFO - Processing /home/airflow/.local/lib/python3.7/site-packages/airflow/example_dags/example_time_delta_sensor_async.py took 0.214 seconds
