[2023-10-10T17:36:32.907+0000] {processor.py:157} INFO - Started process (PID=44) to work on /home/airflow/.local/lib/python3.7/site-packages/airflow/example_dags/tutorial_dag.py
[2023-10-10T17:36:32.912+0000] {processor.py:826} INFO - Processing file /home/airflow/.local/lib/python3.7/site-packages/airflow/example_dags/tutorial_dag.py for tasks to queue
[2023-10-10T17:36:32.914+0000] {logging_mixin.py:150} INFO - [2023-10-10T17:36:32.913+0000] {dagbag.py:541} INFO - Filling up the DagBag from /home/airflow/.local/lib/python3.7/site-packages/airflow/example_dags/tutorial_dag.py
[2023-10-10T17:36:32.928+0000] {processor.py:836} INFO - DAG(s) dict_keys(['tutorial_dag']) retrieved from /home/airflow/.local/lib/python3.7/site-packages/airflow/example_dags/tutorial_dag.py
[2023-10-10T17:36:32.950+0000] {logging_mixin.py:150} INFO - [2023-10-10T17:36:32.950+0000] {dag.py:2742} INFO - Sync 1 DAGs
[2023-10-10T17:36:32.986+0000] {logging_mixin.py:150} INFO - [2023-10-10T17:36:32.986+0000] {dag.py:3508} INFO - Setting next_dagrun for tutorial_dag to None, run_after=None
[2023-10-10T17:36:33.014+0000] {processor.py:179} INFO - Processing /home/airflow/.local/lib/python3.7/site-packages/airflow/example_dags/tutorial_dag.py took 0.116 seconds
[2023-10-10T17:37:03.657+0000] {processor.py:157} INFO - Started process (PID=140) to work on /home/airflow/.local/lib/python3.7/site-packages/airflow/example_dags/tutorial_dag.py
[2023-10-10T17:37:03.659+0000] {processor.py:826} INFO - Processing file /home/airflow/.local/lib/python3.7/site-packages/airflow/example_dags/tutorial_dag.py for tasks to queue
[2023-10-10T17:37:03.660+0000] {logging_mixin.py:150} INFO - [2023-10-10T17:37:03.660+0000] {dagbag.py:541} INFO - Filling up the DagBag from /home/airflow/.local/lib/python3.7/site-packages/airflow/example_dags/tutorial_dag.py
[2023-10-10T17:37:03.670+0000] {processor.py:836} INFO - DAG(s) dict_keys(['tutorial_dag']) retrieved from /home/airflow/.local/lib/python3.7/site-packages/airflow/example_dags/tutorial_dag.py
[2023-10-10T17:37:03.702+0000] {logging_mixin.py:150} INFO - [2023-10-10T17:37:03.702+0000] {dag.py:2742} INFO - Sync 1 DAGs
[2023-10-10T17:37:03.734+0000] {logging_mixin.py:150} INFO - [2023-10-10T17:37:03.733+0000] {dag.py:3508} INFO - Setting next_dagrun for tutorial_dag to None, run_after=None
[2023-10-10T17:37:03.755+0000] {processor.py:179} INFO - Processing /home/airflow/.local/lib/python3.7/site-packages/airflow/example_dags/tutorial_dag.py took 0.104 seconds
[2023-10-10T17:37:33.910+0000] {processor.py:157} INFO - Started process (PID=220) to work on /home/airflow/.local/lib/python3.7/site-packages/airflow/example_dags/tutorial_dag.py
[2023-10-10T17:37:33.912+0000] {processor.py:826} INFO - Processing file /home/airflow/.local/lib/python3.7/site-packages/airflow/example_dags/tutorial_dag.py for tasks to queue
[2023-10-10T17:37:33.915+0000] {logging_mixin.py:150} INFO - [2023-10-10T17:37:33.914+0000] {dagbag.py:541} INFO - Filling up the DagBag from /home/airflow/.local/lib/python3.7/site-packages/airflow/example_dags/tutorial_dag.py
[2023-10-10T17:37:33.926+0000] {processor.py:836} INFO - DAG(s) dict_keys(['tutorial_dag']) retrieved from /home/airflow/.local/lib/python3.7/site-packages/airflow/example_dags/tutorial_dag.py
[2023-10-10T17:37:33.961+0000] {logging_mixin.py:150} INFO - [2023-10-10T17:37:33.961+0000] {dag.py:2742} INFO - Sync 1 DAGs
[2023-10-10T17:37:34.000+0000] {logging_mixin.py:150} INFO - [2023-10-10T17:37:34.000+0000] {dag.py:3508} INFO - Setting next_dagrun for tutorial_dag to None, run_after=None
[2023-10-10T17:37:34.026+0000] {processor.py:179} INFO - Processing /home/airflow/.local/lib/python3.7/site-packages/airflow/example_dags/tutorial_dag.py took 0.122 seconds
[2023-10-10T17:38:04.424+0000] {processor.py:157} INFO - Started process (PID=309) to work on /home/airflow/.local/lib/python3.7/site-packages/airflow/example_dags/tutorial_dag.py
[2023-10-10T17:38:04.427+0000] {processor.py:826} INFO - Processing file /home/airflow/.local/lib/python3.7/site-packages/airflow/example_dags/tutorial_dag.py for tasks to queue
[2023-10-10T17:38:04.431+0000] {logging_mixin.py:150} INFO - [2023-10-10T17:38:04.431+0000] {dagbag.py:541} INFO - Filling up the DagBag from /home/airflow/.local/lib/python3.7/site-packages/airflow/example_dags/tutorial_dag.py
[2023-10-10T17:38:04.443+0000] {processor.py:836} INFO - DAG(s) dict_keys(['tutorial_dag']) retrieved from /home/airflow/.local/lib/python3.7/site-packages/airflow/example_dags/tutorial_dag.py
[2023-10-10T17:38:04.483+0000] {logging_mixin.py:150} INFO - [2023-10-10T17:38:04.483+0000] {dag.py:2742} INFO - Sync 1 DAGs
[2023-10-10T17:38:04.525+0000] {logging_mixin.py:150} INFO - [2023-10-10T17:38:04.525+0000] {dag.py:3508} INFO - Setting next_dagrun for tutorial_dag to None, run_after=None
[2023-10-10T17:38:04.554+0000] {processor.py:179} INFO - Processing /home/airflow/.local/lib/python3.7/site-packages/airflow/example_dags/tutorial_dag.py took 0.136 seconds
[2023-10-10T17:38:35.074+0000] {processor.py:157} INFO - Started process (PID=403) to work on /home/airflow/.local/lib/python3.7/site-packages/airflow/example_dags/tutorial_dag.py
[2023-10-10T17:38:35.076+0000] {processor.py:826} INFO - Processing file /home/airflow/.local/lib/python3.7/site-packages/airflow/example_dags/tutorial_dag.py for tasks to queue
[2023-10-10T17:38:35.078+0000] {logging_mixin.py:150} INFO - [2023-10-10T17:38:35.077+0000] {dagbag.py:541} INFO - Filling up the DagBag from /home/airflow/.local/lib/python3.7/site-packages/airflow/example_dags/tutorial_dag.py
[2023-10-10T17:38:35.087+0000] {processor.py:836} INFO - DAG(s) dict_keys(['tutorial_dag']) retrieved from /home/airflow/.local/lib/python3.7/site-packages/airflow/example_dags/tutorial_dag.py
[2023-10-10T17:38:35.123+0000] {logging_mixin.py:150} INFO - [2023-10-10T17:38:35.122+0000] {dag.py:2742} INFO - Sync 1 DAGs
[2023-10-10T17:38:35.162+0000] {logging_mixin.py:150} INFO - [2023-10-10T17:38:35.162+0000] {dag.py:3508} INFO - Setting next_dagrun for tutorial_dag to None, run_after=None
[2023-10-10T17:38:35.200+0000] {processor.py:179} INFO - Processing /home/airflow/.local/lib/python3.7/site-packages/airflow/example_dags/tutorial_dag.py took 0.130 seconds
[2023-10-10T17:39:05.529+0000] {processor.py:157} INFO - Started process (PID=485) to work on /home/airflow/.local/lib/python3.7/site-packages/airflow/example_dags/tutorial_dag.py
[2023-10-10T17:39:05.531+0000] {processor.py:826} INFO - Processing file /home/airflow/.local/lib/python3.7/site-packages/airflow/example_dags/tutorial_dag.py for tasks to queue
[2023-10-10T17:39:05.533+0000] {logging_mixin.py:150} INFO - [2023-10-10T17:39:05.533+0000] {dagbag.py:541} INFO - Filling up the DagBag from /home/airflow/.local/lib/python3.7/site-packages/airflow/example_dags/tutorial_dag.py
[2023-10-10T17:39:05.549+0000] {processor.py:836} INFO - DAG(s) dict_keys(['tutorial_dag']) retrieved from /home/airflow/.local/lib/python3.7/site-packages/airflow/example_dags/tutorial_dag.py
[2023-10-10T17:39:05.588+0000] {logging_mixin.py:150} INFO - [2023-10-10T17:39:05.588+0000] {dag.py:2742} INFO - Sync 1 DAGs
[2023-10-10T17:39:05.619+0000] {logging_mixin.py:150} INFO - [2023-10-10T17:39:05.619+0000] {dag.py:3508} INFO - Setting next_dagrun for tutorial_dag to None, run_after=None
[2023-10-10T17:39:05.642+0000] {processor.py:179} INFO - Processing /home/airflow/.local/lib/python3.7/site-packages/airflow/example_dags/tutorial_dag.py took 0.120 seconds
[2023-10-10T17:39:36.066+0000] {processor.py:157} INFO - Started process (PID=572) to work on /home/airflow/.local/lib/python3.7/site-packages/airflow/example_dags/tutorial_dag.py
[2023-10-10T17:39:36.067+0000] {processor.py:826} INFO - Processing file /home/airflow/.local/lib/python3.7/site-packages/airflow/example_dags/tutorial_dag.py for tasks to queue
[2023-10-10T17:39:36.069+0000] {logging_mixin.py:150} INFO - [2023-10-10T17:39:36.069+0000] {dagbag.py:541} INFO - Filling up the DagBag from /home/airflow/.local/lib/python3.7/site-packages/airflow/example_dags/tutorial_dag.py
[2023-10-10T17:39:36.078+0000] {processor.py:836} INFO - DAG(s) dict_keys(['tutorial_dag']) retrieved from /home/airflow/.local/lib/python3.7/site-packages/airflow/example_dags/tutorial_dag.py
[2023-10-10T17:39:36.122+0000] {logging_mixin.py:150} INFO - [2023-10-10T17:39:36.121+0000] {dag.py:2742} INFO - Sync 1 DAGs
[2023-10-10T17:39:36.165+0000] {logging_mixin.py:150} INFO - [2023-10-10T17:39:36.165+0000] {dag.py:3508} INFO - Setting next_dagrun for tutorial_dag to None, run_after=None
[2023-10-10T17:39:36.192+0000] {processor.py:179} INFO - Processing /home/airflow/.local/lib/python3.7/site-packages/airflow/example_dags/tutorial_dag.py took 0.131 seconds
[2023-10-10T17:40:06.668+0000] {processor.py:157} INFO - Started process (PID=659) to work on /home/airflow/.local/lib/python3.7/site-packages/airflow/example_dags/tutorial_dag.py
[2023-10-10T17:40:06.670+0000] {processor.py:826} INFO - Processing file /home/airflow/.local/lib/python3.7/site-packages/airflow/example_dags/tutorial_dag.py for tasks to queue
[2023-10-10T17:40:06.672+0000] {logging_mixin.py:150} INFO - [2023-10-10T17:40:06.671+0000] {dagbag.py:541} INFO - Filling up the DagBag from /home/airflow/.local/lib/python3.7/site-packages/airflow/example_dags/tutorial_dag.py
[2023-10-10T17:40:06.681+0000] {processor.py:836} INFO - DAG(s) dict_keys(['tutorial_dag']) retrieved from /home/airflow/.local/lib/python3.7/site-packages/airflow/example_dags/tutorial_dag.py
[2023-10-10T17:40:06.711+0000] {logging_mixin.py:150} INFO - [2023-10-10T17:40:06.711+0000] {dag.py:2742} INFO - Sync 1 DAGs
[2023-10-10T17:40:06.743+0000] {logging_mixin.py:150} INFO - [2023-10-10T17:40:06.743+0000] {dag.py:3508} INFO - Setting next_dagrun for tutorial_dag to None, run_after=None
[2023-10-10T17:40:06.767+0000] {processor.py:179} INFO - Processing /home/airflow/.local/lib/python3.7/site-packages/airflow/example_dags/tutorial_dag.py took 0.104 seconds
[2023-10-10T17:40:37.118+0000] {processor.py:157} INFO - Started process (PID=741) to work on /home/airflow/.local/lib/python3.7/site-packages/airflow/example_dags/tutorial_dag.py
[2023-10-10T17:40:37.120+0000] {processor.py:826} INFO - Processing file /home/airflow/.local/lib/python3.7/site-packages/airflow/example_dags/tutorial_dag.py for tasks to queue
[2023-10-10T17:40:37.121+0000] {logging_mixin.py:150} INFO - [2023-10-10T17:40:37.121+0000] {dagbag.py:541} INFO - Filling up the DagBag from /home/airflow/.local/lib/python3.7/site-packages/airflow/example_dags/tutorial_dag.py
[2023-10-10T17:40:37.132+0000] {processor.py:836} INFO - DAG(s) dict_keys(['tutorial_dag']) retrieved from /home/airflow/.local/lib/python3.7/site-packages/airflow/example_dags/tutorial_dag.py
[2023-10-10T17:40:37.171+0000] {logging_mixin.py:150} INFO - [2023-10-10T17:40:37.171+0000] {dag.py:2742} INFO - Sync 1 DAGs
[2023-10-10T17:40:37.213+0000] {logging_mixin.py:150} INFO - [2023-10-10T17:40:37.213+0000] {dag.py:3508} INFO - Setting next_dagrun for tutorial_dag to None, run_after=None
[2023-10-10T17:40:37.266+0000] {processor.py:179} INFO - Processing /home/airflow/.local/lib/python3.7/site-packages/airflow/example_dags/tutorial_dag.py took 0.155 seconds
[2023-10-10T17:41:07.346+0000] {processor.py:157} INFO - Started process (PID=821) to work on /home/airflow/.local/lib/python3.7/site-packages/airflow/example_dags/tutorial_dag.py
[2023-10-10T17:41:07.348+0000] {processor.py:826} INFO - Processing file /home/airflow/.local/lib/python3.7/site-packages/airflow/example_dags/tutorial_dag.py for tasks to queue
[2023-10-10T17:41:07.349+0000] {logging_mixin.py:150} INFO - [2023-10-10T17:41:07.349+0000] {dagbag.py:541} INFO - Filling up the DagBag from /home/airflow/.local/lib/python3.7/site-packages/airflow/example_dags/tutorial_dag.py
[2023-10-10T17:41:07.360+0000] {processor.py:836} INFO - DAG(s) dict_keys(['tutorial_dag']) retrieved from /home/airflow/.local/lib/python3.7/site-packages/airflow/example_dags/tutorial_dag.py
[2023-10-10T17:41:07.402+0000] {logging_mixin.py:150} INFO - [2023-10-10T17:41:07.402+0000] {dag.py:2742} INFO - Sync 1 DAGs
[2023-10-10T17:41:07.450+0000] {logging_mixin.py:150} INFO - [2023-10-10T17:41:07.449+0000] {dag.py:3508} INFO - Setting next_dagrun for tutorial_dag to None, run_after=None
[2023-10-10T17:41:07.482+0000] {processor.py:179} INFO - Processing /home/airflow/.local/lib/python3.7/site-packages/airflow/example_dags/tutorial_dag.py took 0.144 seconds
[2023-10-10T17:41:37.857+0000] {processor.py:157} INFO - Started process (PID=911) to work on /home/airflow/.local/lib/python3.7/site-packages/airflow/example_dags/tutorial_dag.py
[2023-10-10T17:41:37.859+0000] {processor.py:826} INFO - Processing file /home/airflow/.local/lib/python3.7/site-packages/airflow/example_dags/tutorial_dag.py for tasks to queue
[2023-10-10T17:41:37.861+0000] {logging_mixin.py:150} INFO - [2023-10-10T17:41:37.861+0000] {dagbag.py:541} INFO - Filling up the DagBag from /home/airflow/.local/lib/python3.7/site-packages/airflow/example_dags/tutorial_dag.py
[2023-10-10T17:41:37.872+0000] {processor.py:836} INFO - DAG(s) dict_keys(['tutorial_dag']) retrieved from /home/airflow/.local/lib/python3.7/site-packages/airflow/example_dags/tutorial_dag.py
[2023-10-10T17:41:37.910+0000] {logging_mixin.py:150} INFO - [2023-10-10T17:41:37.910+0000] {dag.py:2742} INFO - Sync 1 DAGs
[2023-10-10T17:41:37.951+0000] {logging_mixin.py:150} INFO - [2023-10-10T17:41:37.951+0000] {dag.py:3508} INFO - Setting next_dagrun for tutorial_dag to None, run_after=None
[2023-10-10T17:41:37.979+0000] {processor.py:179} INFO - Processing /home/airflow/.local/lib/python3.7/site-packages/airflow/example_dags/tutorial_dag.py took 0.128 seconds
[2023-10-10T17:42:08.076+0000] {processor.py:157} INFO - Started process (PID=991) to work on /home/airflow/.local/lib/python3.7/site-packages/airflow/example_dags/tutorial_dag.py
[2023-10-10T17:42:08.078+0000] {processor.py:826} INFO - Processing file /home/airflow/.local/lib/python3.7/site-packages/airflow/example_dags/tutorial_dag.py for tasks to queue
[2023-10-10T17:42:08.080+0000] {logging_mixin.py:150} INFO - [2023-10-10T17:42:08.079+0000] {dagbag.py:541} INFO - Filling up the DagBag from /home/airflow/.local/lib/python3.7/site-packages/airflow/example_dags/tutorial_dag.py
[2023-10-10T17:42:08.093+0000] {processor.py:836} INFO - DAG(s) dict_keys(['tutorial_dag']) retrieved from /home/airflow/.local/lib/python3.7/site-packages/airflow/example_dags/tutorial_dag.py
[2023-10-10T17:42:08.135+0000] {logging_mixin.py:150} INFO - [2023-10-10T17:42:08.135+0000] {dag.py:2742} INFO - Sync 1 DAGs
[2023-10-10T17:42:08.177+0000] {logging_mixin.py:150} INFO - [2023-10-10T17:42:08.177+0000] {dag.py:3508} INFO - Setting next_dagrun for tutorial_dag to None, run_after=None
[2023-10-10T17:42:08.209+0000] {processor.py:179} INFO - Processing /home/airflow/.local/lib/python3.7/site-packages/airflow/example_dags/tutorial_dag.py took 0.139 seconds
[2023-10-10T17:42:38.509+0000] {processor.py:157} INFO - Started process (PID=1081) to work on /home/airflow/.local/lib/python3.7/site-packages/airflow/example_dags/tutorial_dag.py
[2023-10-10T17:42:38.511+0000] {processor.py:826} INFO - Processing file /home/airflow/.local/lib/python3.7/site-packages/airflow/example_dags/tutorial_dag.py for tasks to queue
[2023-10-10T17:42:38.514+0000] {logging_mixin.py:150} INFO - [2023-10-10T17:42:38.513+0000] {dagbag.py:541} INFO - Filling up the DagBag from /home/airflow/.local/lib/python3.7/site-packages/airflow/example_dags/tutorial_dag.py
[2023-10-10T17:42:38.526+0000] {processor.py:836} INFO - DAG(s) dict_keys(['tutorial_dag']) retrieved from /home/airflow/.local/lib/python3.7/site-packages/airflow/example_dags/tutorial_dag.py
[2023-10-10T17:42:38.571+0000] {logging_mixin.py:150} INFO - [2023-10-10T17:42:38.571+0000] {dag.py:2742} INFO - Sync 1 DAGs
[2023-10-10T17:42:38.618+0000] {logging_mixin.py:150} INFO - [2023-10-10T17:42:38.618+0000] {dag.py:3508} INFO - Setting next_dagrun for tutorial_dag to None, run_after=None
[2023-10-10T17:42:38.652+0000] {processor.py:179} INFO - Processing /home/airflow/.local/lib/python3.7/site-packages/airflow/example_dags/tutorial_dag.py took 0.152 seconds
[2023-10-10T17:43:08.866+0000] {processor.py:157} INFO - Started process (PID=1161) to work on /home/airflow/.local/lib/python3.7/site-packages/airflow/example_dags/tutorial_dag.py
[2023-10-10T17:43:08.868+0000] {processor.py:826} INFO - Processing file /home/airflow/.local/lib/python3.7/site-packages/airflow/example_dags/tutorial_dag.py for tasks to queue
[2023-10-10T17:43:08.870+0000] {logging_mixin.py:150} INFO - [2023-10-10T17:43:08.870+0000] {dagbag.py:541} INFO - Filling up the DagBag from /home/airflow/.local/lib/python3.7/site-packages/airflow/example_dags/tutorial_dag.py
[2023-10-10T17:43:08.883+0000] {processor.py:836} INFO - DAG(s) dict_keys(['tutorial_dag']) retrieved from /home/airflow/.local/lib/python3.7/site-packages/airflow/example_dags/tutorial_dag.py
[2023-10-10T17:43:08.933+0000] {logging_mixin.py:150} INFO - [2023-10-10T17:43:08.933+0000] {dag.py:2742} INFO - Sync 1 DAGs
[2023-10-10T17:43:08.975+0000] {logging_mixin.py:150} INFO - [2023-10-10T17:43:08.974+0000] {dag.py:3508} INFO - Setting next_dagrun for tutorial_dag to None, run_after=None
[2023-10-10T17:43:09.017+0000] {processor.py:179} INFO - Processing /home/airflow/.local/lib/python3.7/site-packages/airflow/example_dags/tutorial_dag.py took 0.159 seconds
[2023-10-10T17:43:39.165+0000] {processor.py:157} INFO - Started process (PID=1250) to work on /home/airflow/.local/lib/python3.7/site-packages/airflow/example_dags/tutorial_dag.py
[2023-10-10T17:43:39.167+0000] {processor.py:826} INFO - Processing file /home/airflow/.local/lib/python3.7/site-packages/airflow/example_dags/tutorial_dag.py for tasks to queue
[2023-10-10T17:43:39.169+0000] {logging_mixin.py:150} INFO - [2023-10-10T17:43:39.168+0000] {dagbag.py:541} INFO - Filling up the DagBag from /home/airflow/.local/lib/python3.7/site-packages/airflow/example_dags/tutorial_dag.py
[2023-10-10T17:43:39.179+0000] {processor.py:836} INFO - DAG(s) dict_keys(['tutorial_dag']) retrieved from /home/airflow/.local/lib/python3.7/site-packages/airflow/example_dags/tutorial_dag.py
[2023-10-10T17:43:39.242+0000] {logging_mixin.py:150} INFO - [2023-10-10T17:43:39.242+0000] {dag.py:2742} INFO - Sync 1 DAGs
[2023-10-10T17:43:39.300+0000] {logging_mixin.py:150} INFO - [2023-10-10T17:43:39.300+0000] {dag.py:3508} INFO - Setting next_dagrun for tutorial_dag to None, run_after=None
[2023-10-10T17:43:39.339+0000] {processor.py:179} INFO - Processing /home/airflow/.local/lib/python3.7/site-packages/airflow/example_dags/tutorial_dag.py took 0.179 seconds
[2023-10-10T17:44:09.445+0000] {processor.py:157} INFO - Started process (PID=1330) to work on /home/airflow/.local/lib/python3.7/site-packages/airflow/example_dags/tutorial_dag.py
[2023-10-10T17:44:09.447+0000] {processor.py:826} INFO - Processing file /home/airflow/.local/lib/python3.7/site-packages/airflow/example_dags/tutorial_dag.py for tasks to queue
[2023-10-10T17:44:09.449+0000] {logging_mixin.py:150} INFO - [2023-10-10T17:44:09.449+0000] {dagbag.py:541} INFO - Filling up the DagBag from /home/airflow/.local/lib/python3.7/site-packages/airflow/example_dags/tutorial_dag.py
[2023-10-10T17:44:09.459+0000] {processor.py:836} INFO - DAG(s) dict_keys(['tutorial_dag']) retrieved from /home/airflow/.local/lib/python3.7/site-packages/airflow/example_dags/tutorial_dag.py
[2023-10-10T17:44:09.493+0000] {logging_mixin.py:150} INFO - [2023-10-10T17:44:09.492+0000] {dag.py:2742} INFO - Sync 1 DAGs
[2023-10-10T17:44:09.527+0000] {logging_mixin.py:150} INFO - [2023-10-10T17:44:09.526+0000] {dag.py:3508} INFO - Setting next_dagrun for tutorial_dag to None, run_after=None
[2023-10-10T17:44:09.554+0000] {processor.py:179} INFO - Processing /home/airflow/.local/lib/python3.7/site-packages/airflow/example_dags/tutorial_dag.py took 0.114 seconds
[2023-10-10T17:44:39.819+0000] {processor.py:157} INFO - Started process (PID=1410) to work on /home/airflow/.local/lib/python3.7/site-packages/airflow/example_dags/tutorial_dag.py
[2023-10-10T17:44:39.821+0000] {processor.py:826} INFO - Processing file /home/airflow/.local/lib/python3.7/site-packages/airflow/example_dags/tutorial_dag.py for tasks to queue
[2023-10-10T17:44:39.823+0000] {logging_mixin.py:150} INFO - [2023-10-10T17:44:39.823+0000] {dagbag.py:541} INFO - Filling up the DagBag from /home/airflow/.local/lib/python3.7/site-packages/airflow/example_dags/tutorial_dag.py
[2023-10-10T17:44:39.837+0000] {processor.py:836} INFO - DAG(s) dict_keys(['tutorial_dag']) retrieved from /home/airflow/.local/lib/python3.7/site-packages/airflow/example_dags/tutorial_dag.py
[2023-10-10T17:44:39.891+0000] {logging_mixin.py:150} INFO - [2023-10-10T17:44:39.891+0000] {dag.py:2742} INFO - Sync 1 DAGs
[2023-10-10T17:44:39.953+0000] {logging_mixin.py:150} INFO - [2023-10-10T17:44:39.952+0000] {dag.py:3508} INFO - Setting next_dagrun for tutorial_dag to None, run_after=None
[2023-10-10T17:44:39.995+0000] {processor.py:179} INFO - Processing /home/airflow/.local/lib/python3.7/site-packages/airflow/example_dags/tutorial_dag.py took 0.181 seconds
[2023-10-10T17:45:10.290+0000] {processor.py:157} INFO - Started process (PID=1499) to work on /home/airflow/.local/lib/python3.7/site-packages/airflow/example_dags/tutorial_dag.py
[2023-10-10T17:45:10.291+0000] {processor.py:826} INFO - Processing file /home/airflow/.local/lib/python3.7/site-packages/airflow/example_dags/tutorial_dag.py for tasks to queue
[2023-10-10T17:45:10.293+0000] {logging_mixin.py:150} INFO - [2023-10-10T17:45:10.292+0000] {dagbag.py:541} INFO - Filling up the DagBag from /home/airflow/.local/lib/python3.7/site-packages/airflow/example_dags/tutorial_dag.py
[2023-10-10T17:45:10.301+0000] {processor.py:836} INFO - DAG(s) dict_keys(['tutorial_dag']) retrieved from /home/airflow/.local/lib/python3.7/site-packages/airflow/example_dags/tutorial_dag.py
[2023-10-10T17:45:10.331+0000] {logging_mixin.py:150} INFO - [2023-10-10T17:45:10.331+0000] {dag.py:2742} INFO - Sync 1 DAGs
[2023-10-10T17:45:10.360+0000] {logging_mixin.py:150} INFO - [2023-10-10T17:45:10.360+0000] {dag.py:3508} INFO - Setting next_dagrun for tutorial_dag to None, run_after=None
[2023-10-10T17:45:10.383+0000] {processor.py:179} INFO - Processing /home/airflow/.local/lib/python3.7/site-packages/airflow/example_dags/tutorial_dag.py took 0.098 seconds
[2023-10-10T17:45:40.580+0000] {processor.py:157} INFO - Started process (PID=1579) to work on /home/airflow/.local/lib/python3.7/site-packages/airflow/example_dags/tutorial_dag.py
[2023-10-10T17:45:40.582+0000] {processor.py:826} INFO - Processing file /home/airflow/.local/lib/python3.7/site-packages/airflow/example_dags/tutorial_dag.py for tasks to queue
[2023-10-10T17:45:40.583+0000] {logging_mixin.py:150} INFO - [2023-10-10T17:45:40.583+0000] {dagbag.py:541} INFO - Filling up the DagBag from /home/airflow/.local/lib/python3.7/site-packages/airflow/example_dags/tutorial_dag.py
[2023-10-10T17:45:40.593+0000] {processor.py:836} INFO - DAG(s) dict_keys(['tutorial_dag']) retrieved from /home/airflow/.local/lib/python3.7/site-packages/airflow/example_dags/tutorial_dag.py
[2023-10-10T17:45:40.624+0000] {logging_mixin.py:150} INFO - [2023-10-10T17:45:40.624+0000] {dag.py:2742} INFO - Sync 1 DAGs
[2023-10-10T17:45:40.667+0000] {logging_mixin.py:150} INFO - [2023-10-10T17:45:40.667+0000] {dag.py:3508} INFO - Setting next_dagrun for tutorial_dag to None, run_after=None
[2023-10-10T17:45:40.700+0000] {processor.py:179} INFO - Processing /home/airflow/.local/lib/python3.7/site-packages/airflow/example_dags/tutorial_dag.py took 0.125 seconds
[2023-10-10T17:46:10.783+0000] {processor.py:157} INFO - Started process (PID=1668) to work on /home/airflow/.local/lib/python3.7/site-packages/airflow/example_dags/tutorial_dag.py
[2023-10-10T17:46:10.785+0000] {processor.py:826} INFO - Processing file /home/airflow/.local/lib/python3.7/site-packages/airflow/example_dags/tutorial_dag.py for tasks to queue
[2023-10-10T17:46:10.787+0000] {logging_mixin.py:150} INFO - [2023-10-10T17:46:10.786+0000] {dagbag.py:541} INFO - Filling up the DagBag from /home/airflow/.local/lib/python3.7/site-packages/airflow/example_dags/tutorial_dag.py
[2023-10-10T17:46:10.797+0000] {processor.py:836} INFO - DAG(s) dict_keys(['tutorial_dag']) retrieved from /home/airflow/.local/lib/python3.7/site-packages/airflow/example_dags/tutorial_dag.py
[2023-10-10T17:46:10.831+0000] {logging_mixin.py:150} INFO - [2023-10-10T17:46:10.830+0000] {dag.py:2742} INFO - Sync 1 DAGs
[2023-10-10T17:46:10.865+0000] {logging_mixin.py:150} INFO - [2023-10-10T17:46:10.865+0000] {dag.py:3508} INFO - Setting next_dagrun for tutorial_dag to None, run_after=None
[2023-10-10T17:46:10.894+0000] {processor.py:179} INFO - Processing /home/airflow/.local/lib/python3.7/site-packages/airflow/example_dags/tutorial_dag.py took 0.117 seconds
[2023-10-10T17:46:41.277+0000] {processor.py:157} INFO - Started process (PID=1748) to work on /home/airflow/.local/lib/python3.7/site-packages/airflow/example_dags/tutorial_dag.py
[2023-10-10T17:46:41.279+0000] {processor.py:826} INFO - Processing file /home/airflow/.local/lib/python3.7/site-packages/airflow/example_dags/tutorial_dag.py for tasks to queue
[2023-10-10T17:46:41.280+0000] {logging_mixin.py:150} INFO - [2023-10-10T17:46:41.280+0000] {dagbag.py:541} INFO - Filling up the DagBag from /home/airflow/.local/lib/python3.7/site-packages/airflow/example_dags/tutorial_dag.py
[2023-10-10T17:46:41.290+0000] {processor.py:836} INFO - DAG(s) dict_keys(['tutorial_dag']) retrieved from /home/airflow/.local/lib/python3.7/site-packages/airflow/example_dags/tutorial_dag.py
[2023-10-10T17:46:41.328+0000] {logging_mixin.py:150} INFO - [2023-10-10T17:46:41.328+0000] {dag.py:2742} INFO - Sync 1 DAGs
[2023-10-10T17:46:41.361+0000] {logging_mixin.py:150} INFO - [2023-10-10T17:46:41.361+0000] {dag.py:3508} INFO - Setting next_dagrun for tutorial_dag to None, run_after=None
[2023-10-10T17:46:41.387+0000] {processor.py:179} INFO - Processing /home/airflow/.local/lib/python3.7/site-packages/airflow/example_dags/tutorial_dag.py took 0.116 seconds
[2023-10-10T17:47:11.772+0000] {processor.py:157} INFO - Started process (PID=1837) to work on /home/airflow/.local/lib/python3.7/site-packages/airflow/example_dags/tutorial_dag.py
[2023-10-10T17:47:11.774+0000] {processor.py:826} INFO - Processing file /home/airflow/.local/lib/python3.7/site-packages/airflow/example_dags/tutorial_dag.py for tasks to queue
[2023-10-10T17:47:11.776+0000] {logging_mixin.py:150} INFO - [2023-10-10T17:47:11.776+0000] {dagbag.py:541} INFO - Filling up the DagBag from /home/airflow/.local/lib/python3.7/site-packages/airflow/example_dags/tutorial_dag.py
[2023-10-10T17:47:11.786+0000] {processor.py:836} INFO - DAG(s) dict_keys(['tutorial_dag']) retrieved from /home/airflow/.local/lib/python3.7/site-packages/airflow/example_dags/tutorial_dag.py
[2023-10-10T17:47:11.823+0000] {logging_mixin.py:150} INFO - [2023-10-10T17:47:11.823+0000] {dag.py:2742} INFO - Sync 1 DAGs
[2023-10-10T17:47:11.860+0000] {logging_mixin.py:150} INFO - [2023-10-10T17:47:11.860+0000] {dag.py:3508} INFO - Setting next_dagrun for tutorial_dag to None, run_after=None
[2023-10-10T17:47:11.890+0000] {processor.py:179} INFO - Processing /home/airflow/.local/lib/python3.7/site-packages/airflow/example_dags/tutorial_dag.py took 0.124 seconds
[2023-10-10T17:47:41.974+0000] {processor.py:157} INFO - Started process (PID=1917) to work on /home/airflow/.local/lib/python3.7/site-packages/airflow/example_dags/tutorial_dag.py
[2023-10-10T17:47:41.976+0000] {processor.py:826} INFO - Processing file /home/airflow/.local/lib/python3.7/site-packages/airflow/example_dags/tutorial_dag.py for tasks to queue
[2023-10-10T17:47:41.978+0000] {logging_mixin.py:150} INFO - [2023-10-10T17:47:41.977+0000] {dagbag.py:541} INFO - Filling up the DagBag from /home/airflow/.local/lib/python3.7/site-packages/airflow/example_dags/tutorial_dag.py
[2023-10-10T17:47:41.987+0000] {processor.py:836} INFO - DAG(s) dict_keys(['tutorial_dag']) retrieved from /home/airflow/.local/lib/python3.7/site-packages/airflow/example_dags/tutorial_dag.py
[2023-10-10T17:47:42.018+0000] {logging_mixin.py:150} INFO - [2023-10-10T17:47:42.018+0000] {dag.py:2742} INFO - Sync 1 DAGs
[2023-10-10T17:47:42.049+0000] {logging_mixin.py:150} INFO - [2023-10-10T17:47:42.049+0000] {dag.py:3508} INFO - Setting next_dagrun for tutorial_dag to None, run_after=None
[2023-10-10T17:47:42.074+0000] {processor.py:179} INFO - Processing /home/airflow/.local/lib/python3.7/site-packages/airflow/example_dags/tutorial_dag.py took 0.105 seconds
[2023-10-10T17:48:12.678+0000] {processor.py:157} INFO - Started process (PID=2006) to work on /home/airflow/.local/lib/python3.7/site-packages/airflow/example_dags/tutorial_dag.py
[2023-10-10T17:48:12.681+0000] {processor.py:826} INFO - Processing file /home/airflow/.local/lib/python3.7/site-packages/airflow/example_dags/tutorial_dag.py for tasks to queue
[2023-10-10T17:48:12.684+0000] {logging_mixin.py:150} INFO - [2023-10-10T17:48:12.683+0000] {dagbag.py:541} INFO - Filling up the DagBag from /home/airflow/.local/lib/python3.7/site-packages/airflow/example_dags/tutorial_dag.py
[2023-10-10T17:48:12.699+0000] {processor.py:836} INFO - DAG(s) dict_keys(['tutorial_dag']) retrieved from /home/airflow/.local/lib/python3.7/site-packages/airflow/example_dags/tutorial_dag.py
[2023-10-10T17:48:12.749+0000] {logging_mixin.py:150} INFO - [2023-10-10T17:48:12.749+0000] {dag.py:2742} INFO - Sync 1 DAGs
[2023-10-10T17:48:12.794+0000] {logging_mixin.py:150} INFO - [2023-10-10T17:48:12.794+0000] {dag.py:3508} INFO - Setting next_dagrun for tutorial_dag to None, run_after=None
[2023-10-10T17:48:12.829+0000] {processor.py:179} INFO - Processing /home/airflow/.local/lib/python3.7/site-packages/airflow/example_dags/tutorial_dag.py took 0.158 seconds
[2023-10-10T17:48:43.199+0000] {processor.py:157} INFO - Started process (PID=2089) to work on /home/airflow/.local/lib/python3.7/site-packages/airflow/example_dags/tutorial_dag.py
[2023-10-10T17:48:43.201+0000] {processor.py:826} INFO - Processing file /home/airflow/.local/lib/python3.7/site-packages/airflow/example_dags/tutorial_dag.py for tasks to queue
[2023-10-10T17:48:43.203+0000] {logging_mixin.py:150} INFO - [2023-10-10T17:48:43.203+0000] {dagbag.py:541} INFO - Filling up the DagBag from /home/airflow/.local/lib/python3.7/site-packages/airflow/example_dags/tutorial_dag.py
[2023-10-10T17:48:43.213+0000] {processor.py:836} INFO - DAG(s) dict_keys(['tutorial_dag']) retrieved from /home/airflow/.local/lib/python3.7/site-packages/airflow/example_dags/tutorial_dag.py
[2023-10-10T17:48:43.249+0000] {logging_mixin.py:150} INFO - [2023-10-10T17:48:43.248+0000] {dag.py:2742} INFO - Sync 1 DAGs
[2023-10-10T17:48:43.286+0000] {logging_mixin.py:150} INFO - [2023-10-10T17:48:43.286+0000] {dag.py:3508} INFO - Setting next_dagrun for tutorial_dag to None, run_after=None
[2023-10-10T17:48:43.315+0000] {processor.py:179} INFO - Processing /home/airflow/.local/lib/python3.7/site-packages/airflow/example_dags/tutorial_dag.py took 0.121 seconds
[2023-10-10T17:49:13.427+0000] {processor.py:157} INFO - Started process (PID=2180) to work on /home/airflow/.local/lib/python3.7/site-packages/airflow/example_dags/tutorial_dag.py
[2023-10-10T17:49:13.431+0000] {processor.py:826} INFO - Processing file /home/airflow/.local/lib/python3.7/site-packages/airflow/example_dags/tutorial_dag.py for tasks to queue
[2023-10-10T17:49:13.434+0000] {logging_mixin.py:150} INFO - [2023-10-10T17:49:13.434+0000] {dagbag.py:541} INFO - Filling up the DagBag from /home/airflow/.local/lib/python3.7/site-packages/airflow/example_dags/tutorial_dag.py
[2023-10-10T17:49:13.453+0000] {processor.py:836} INFO - DAG(s) dict_keys(['tutorial_dag']) retrieved from /home/airflow/.local/lib/python3.7/site-packages/airflow/example_dags/tutorial_dag.py
[2023-10-10T17:49:13.499+0000] {logging_mixin.py:150} INFO - [2023-10-10T17:49:13.499+0000] {dag.py:2742} INFO - Sync 1 DAGs
[2023-10-10T17:49:13.555+0000] {logging_mixin.py:150} INFO - [2023-10-10T17:49:13.554+0000] {dag.py:3508} INFO - Setting next_dagrun for tutorial_dag to None, run_after=None
[2023-10-10T17:49:13.612+0000] {processor.py:179} INFO - Processing /home/airflow/.local/lib/python3.7/site-packages/airflow/example_dags/tutorial_dag.py took 0.194 seconds
[2023-10-10T17:49:44.487+0000] {processor.py:157} INFO - Started process (PID=2262) to work on /home/airflow/.local/lib/python3.7/site-packages/airflow/example_dags/tutorial_dag.py
[2023-10-10T17:49:44.489+0000] {processor.py:826} INFO - Processing file /home/airflow/.local/lib/python3.7/site-packages/airflow/example_dags/tutorial_dag.py for tasks to queue
[2023-10-10T17:49:44.491+0000] {logging_mixin.py:150} INFO - [2023-10-10T17:49:44.491+0000] {dagbag.py:541} INFO - Filling up the DagBag from /home/airflow/.local/lib/python3.7/site-packages/airflow/example_dags/tutorial_dag.py
[2023-10-10T17:49:44.501+0000] {processor.py:836} INFO - DAG(s) dict_keys(['tutorial_dag']) retrieved from /home/airflow/.local/lib/python3.7/site-packages/airflow/example_dags/tutorial_dag.py
[2023-10-10T17:49:44.537+0000] {logging_mixin.py:150} INFO - [2023-10-10T17:49:44.537+0000] {dag.py:2742} INFO - Sync 1 DAGs
[2023-10-10T17:49:44.579+0000] {logging_mixin.py:150} INFO - [2023-10-10T17:49:44.578+0000] {dag.py:3508} INFO - Setting next_dagrun for tutorial_dag to None, run_after=None
[2023-10-10T17:49:44.610+0000] {processor.py:179} INFO - Processing /home/airflow/.local/lib/python3.7/site-packages/airflow/example_dags/tutorial_dag.py took 0.128 seconds
[2023-10-10T17:50:14.653+0000] {processor.py:157} INFO - Started process (PID=2342) to work on /home/airflow/.local/lib/python3.7/site-packages/airflow/example_dags/tutorial_dag.py
[2023-10-10T17:50:14.654+0000] {processor.py:826} INFO - Processing file /home/airflow/.local/lib/python3.7/site-packages/airflow/example_dags/tutorial_dag.py for tasks to queue
[2023-10-10T17:50:14.656+0000] {logging_mixin.py:150} INFO - [2023-10-10T17:50:14.656+0000] {dagbag.py:541} INFO - Filling up the DagBag from /home/airflow/.local/lib/python3.7/site-packages/airflow/example_dags/tutorial_dag.py
[2023-10-10T17:50:14.665+0000] {processor.py:836} INFO - DAG(s) dict_keys(['tutorial_dag']) retrieved from /home/airflow/.local/lib/python3.7/site-packages/airflow/example_dags/tutorial_dag.py
[2023-10-10T17:50:14.698+0000] {logging_mixin.py:150} INFO - [2023-10-10T17:50:14.697+0000] {dag.py:2742} INFO - Sync 1 DAGs
[2023-10-10T17:50:14.731+0000] {logging_mixin.py:150} INFO - [2023-10-10T17:50:14.731+0000] {dag.py:3508} INFO - Setting next_dagrun for tutorial_dag to None, run_after=None
[2023-10-10T17:50:14.772+0000] {processor.py:179} INFO - Processing /home/airflow/.local/lib/python3.7/site-packages/airflow/example_dags/tutorial_dag.py took 0.124 seconds
[2023-10-10T17:50:44.933+0000] {processor.py:157} INFO - Started process (PID=2433) to work on /home/airflow/.local/lib/python3.7/site-packages/airflow/example_dags/tutorial_dag.py
[2023-10-10T17:50:44.934+0000] {processor.py:826} INFO - Processing file /home/airflow/.local/lib/python3.7/site-packages/airflow/example_dags/tutorial_dag.py for tasks to queue
[2023-10-10T17:50:44.936+0000] {logging_mixin.py:150} INFO - [2023-10-10T17:50:44.936+0000] {dagbag.py:541} INFO - Filling up the DagBag from /home/airflow/.local/lib/python3.7/site-packages/airflow/example_dags/tutorial_dag.py
[2023-10-10T17:50:44.944+0000] {processor.py:836} INFO - DAG(s) dict_keys(['tutorial_dag']) retrieved from /home/airflow/.local/lib/python3.7/site-packages/airflow/example_dags/tutorial_dag.py
[2023-10-10T17:50:44.973+0000] {logging_mixin.py:150} INFO - [2023-10-10T17:50:44.973+0000] {dag.py:2742} INFO - Sync 1 DAGs
[2023-10-10T17:50:45.002+0000] {logging_mixin.py:150} INFO - [2023-10-10T17:50:45.002+0000] {dag.py:3508} INFO - Setting next_dagrun for tutorial_dag to None, run_after=None
[2023-10-10T17:50:45.023+0000] {processor.py:179} INFO - Processing /home/airflow/.local/lib/python3.7/site-packages/airflow/example_dags/tutorial_dag.py took 0.096 seconds
[2023-10-10T17:51:15.268+0000] {processor.py:157} INFO - Started process (PID=2513) to work on /home/airflow/.local/lib/python3.7/site-packages/airflow/example_dags/tutorial_dag.py
[2023-10-10T17:51:15.270+0000] {processor.py:826} INFO - Processing file /home/airflow/.local/lib/python3.7/site-packages/airflow/example_dags/tutorial_dag.py for tasks to queue
[2023-10-10T17:51:15.272+0000] {logging_mixin.py:150} INFO - [2023-10-10T17:51:15.271+0000] {dagbag.py:541} INFO - Filling up the DagBag from /home/airflow/.local/lib/python3.7/site-packages/airflow/example_dags/tutorial_dag.py
[2023-10-10T17:51:15.282+0000] {processor.py:836} INFO - DAG(s) dict_keys(['tutorial_dag']) retrieved from /home/airflow/.local/lib/python3.7/site-packages/airflow/example_dags/tutorial_dag.py
[2023-10-10T17:51:15.314+0000] {logging_mixin.py:150} INFO - [2023-10-10T17:51:15.314+0000] {dag.py:2742} INFO - Sync 1 DAGs
[2023-10-10T17:51:15.344+0000] {logging_mixin.py:150} INFO - [2023-10-10T17:51:15.344+0000] {dag.py:3508} INFO - Setting next_dagrun for tutorial_dag to None, run_after=None
[2023-10-10T17:51:15.368+0000] {processor.py:179} INFO - Processing /home/airflow/.local/lib/python3.7/site-packages/airflow/example_dags/tutorial_dag.py took 0.105 seconds
[2023-10-10T17:51:46.191+0000] {processor.py:157} INFO - Started process (PID=2606) to work on /home/airflow/.local/lib/python3.7/site-packages/airflow/example_dags/tutorial_dag.py
[2023-10-10T17:51:46.193+0000] {processor.py:826} INFO - Processing file /home/airflow/.local/lib/python3.7/site-packages/airflow/example_dags/tutorial_dag.py for tasks to queue
[2023-10-10T17:51:46.195+0000] {logging_mixin.py:150} INFO - [2023-10-10T17:51:46.194+0000] {dagbag.py:541} INFO - Filling up the DagBag from /home/airflow/.local/lib/python3.7/site-packages/airflow/example_dags/tutorial_dag.py
[2023-10-10T17:51:46.203+0000] {processor.py:836} INFO - DAG(s) dict_keys(['tutorial_dag']) retrieved from /home/airflow/.local/lib/python3.7/site-packages/airflow/example_dags/tutorial_dag.py
[2023-10-10T17:51:46.233+0000] {logging_mixin.py:150} INFO - [2023-10-10T17:51:46.233+0000] {dag.py:2742} INFO - Sync 1 DAGs
[2023-10-10T17:51:46.265+0000] {logging_mixin.py:150} INFO - [2023-10-10T17:51:46.265+0000] {dag.py:3508} INFO - Setting next_dagrun for tutorial_dag to None, run_after=None
[2023-10-10T17:51:46.288+0000] {processor.py:179} INFO - Processing /home/airflow/.local/lib/python3.7/site-packages/airflow/example_dags/tutorial_dag.py took 0.101 seconds
[2023-10-10T17:52:16.468+0000] {processor.py:157} INFO - Started process (PID=2687) to work on /home/airflow/.local/lib/python3.7/site-packages/airflow/example_dags/tutorial_dag.py
[2023-10-10T17:52:16.470+0000] {processor.py:826} INFO - Processing file /home/airflow/.local/lib/python3.7/site-packages/airflow/example_dags/tutorial_dag.py for tasks to queue
[2023-10-10T17:52:16.471+0000] {logging_mixin.py:150} INFO - [2023-10-10T17:52:16.471+0000] {dagbag.py:541} INFO - Filling up the DagBag from /home/airflow/.local/lib/python3.7/site-packages/airflow/example_dags/tutorial_dag.py
[2023-10-10T17:52:16.480+0000] {processor.py:836} INFO - DAG(s) dict_keys(['tutorial_dag']) retrieved from /home/airflow/.local/lib/python3.7/site-packages/airflow/example_dags/tutorial_dag.py
[2023-10-10T17:52:16.515+0000] {logging_mixin.py:150} INFO - [2023-10-10T17:52:16.514+0000] {dag.py:2742} INFO - Sync 1 DAGs
[2023-10-10T17:52:16.550+0000] {logging_mixin.py:150} INFO - [2023-10-10T17:52:16.550+0000] {dag.py:3508} INFO - Setting next_dagrun for tutorial_dag to None, run_after=None
[2023-10-10T17:52:16.576+0000] {processor.py:179} INFO - Processing /home/airflow/.local/lib/python3.7/site-packages/airflow/example_dags/tutorial_dag.py took 0.113 seconds
[2023-10-10T17:52:46.725+0000] {processor.py:157} INFO - Started process (PID=2770) to work on /home/airflow/.local/lib/python3.7/site-packages/airflow/example_dags/tutorial_dag.py
[2023-10-10T17:52:46.727+0000] {processor.py:826} INFO - Processing file /home/airflow/.local/lib/python3.7/site-packages/airflow/example_dags/tutorial_dag.py for tasks to queue
[2023-10-10T17:52:46.729+0000] {logging_mixin.py:150} INFO - [2023-10-10T17:52:46.728+0000] {dagbag.py:541} INFO - Filling up the DagBag from /home/airflow/.local/lib/python3.7/site-packages/airflow/example_dags/tutorial_dag.py
[2023-10-10T17:52:46.738+0000] {processor.py:836} INFO - DAG(s) dict_keys(['tutorial_dag']) retrieved from /home/airflow/.local/lib/python3.7/site-packages/airflow/example_dags/tutorial_dag.py
[2023-10-10T17:52:46.768+0000] {logging_mixin.py:150} INFO - [2023-10-10T17:52:46.768+0000] {dag.py:2742} INFO - Sync 1 DAGs
[2023-10-10T17:52:46.801+0000] {logging_mixin.py:150} INFO - [2023-10-10T17:52:46.801+0000] {dag.py:3508} INFO - Setting next_dagrun for tutorial_dag to None, run_after=None
[2023-10-10T17:52:46.834+0000] {processor.py:179} INFO - Processing /home/airflow/.local/lib/python3.7/site-packages/airflow/example_dags/tutorial_dag.py took 0.114 seconds
[2023-10-10T17:53:17.321+0000] {processor.py:157} INFO - Started process (PID=2854) to work on /home/airflow/.local/lib/python3.7/site-packages/airflow/example_dags/tutorial_dag.py
[2023-10-10T17:53:17.323+0000] {processor.py:826} INFO - Processing file /home/airflow/.local/lib/python3.7/site-packages/airflow/example_dags/tutorial_dag.py for tasks to queue
[2023-10-10T17:53:17.325+0000] {logging_mixin.py:150} INFO - [2023-10-10T17:53:17.325+0000] {dagbag.py:541} INFO - Filling up the DagBag from /home/airflow/.local/lib/python3.7/site-packages/airflow/example_dags/tutorial_dag.py
[2023-10-10T17:53:17.336+0000] {processor.py:836} INFO - DAG(s) dict_keys(['tutorial_dag']) retrieved from /home/airflow/.local/lib/python3.7/site-packages/airflow/example_dags/tutorial_dag.py
[2023-10-10T17:53:17.374+0000] {logging_mixin.py:150} INFO - [2023-10-10T17:53:17.374+0000] {dag.py:2742} INFO - Sync 1 DAGs
[2023-10-10T17:53:17.415+0000] {logging_mixin.py:150} INFO - [2023-10-10T17:53:17.415+0000] {dag.py:3508} INFO - Setting next_dagrun for tutorial_dag to None, run_after=None
[2023-10-10T17:53:17.445+0000] {processor.py:179} INFO - Processing /home/airflow/.local/lib/python3.7/site-packages/airflow/example_dags/tutorial_dag.py took 0.131 seconds
[2023-10-10T17:53:47.576+0000] {processor.py:157} INFO - Started process (PID=2935) to work on /home/airflow/.local/lib/python3.7/site-packages/airflow/example_dags/tutorial_dag.py
[2023-10-10T17:53:47.580+0000] {processor.py:826} INFO - Processing file /home/airflow/.local/lib/python3.7/site-packages/airflow/example_dags/tutorial_dag.py for tasks to queue
[2023-10-10T17:53:47.584+0000] {logging_mixin.py:150} INFO - [2023-10-10T17:53:47.583+0000] {dagbag.py:541} INFO - Filling up the DagBag from /home/airflow/.local/lib/python3.7/site-packages/airflow/example_dags/tutorial_dag.py
[2023-10-10T17:53:47.596+0000] {processor.py:836} INFO - DAG(s) dict_keys(['tutorial_dag']) retrieved from /home/airflow/.local/lib/python3.7/site-packages/airflow/example_dags/tutorial_dag.py
[2023-10-10T17:53:47.639+0000] {logging_mixin.py:150} INFO - [2023-10-10T17:53:47.638+0000] {dag.py:2742} INFO - Sync 1 DAGs
[2023-10-10T17:53:47.689+0000] {logging_mixin.py:150} INFO - [2023-10-10T17:53:47.688+0000] {dag.py:3508} INFO - Setting next_dagrun for tutorial_dag to None, run_after=None
[2023-10-10T17:53:47.734+0000] {processor.py:179} INFO - Processing /home/airflow/.local/lib/python3.7/site-packages/airflow/example_dags/tutorial_dag.py took 0.174 seconds
[2023-10-10T17:54:17.796+0000] {processor.py:157} INFO - Started process (PID=3025) to work on /home/airflow/.local/lib/python3.7/site-packages/airflow/example_dags/tutorial_dag.py
[2023-10-10T17:54:17.797+0000] {processor.py:826} INFO - Processing file /home/airflow/.local/lib/python3.7/site-packages/airflow/example_dags/tutorial_dag.py for tasks to queue
[2023-10-10T17:54:17.799+0000] {logging_mixin.py:150} INFO - [2023-10-10T17:54:17.799+0000] {dagbag.py:541} INFO - Filling up the DagBag from /home/airflow/.local/lib/python3.7/site-packages/airflow/example_dags/tutorial_dag.py
[2023-10-10T17:54:17.809+0000] {processor.py:836} INFO - DAG(s) dict_keys(['tutorial_dag']) retrieved from /home/airflow/.local/lib/python3.7/site-packages/airflow/example_dags/tutorial_dag.py
[2023-10-10T17:54:17.841+0000] {logging_mixin.py:150} INFO - [2023-10-10T17:54:17.841+0000] {dag.py:2742} INFO - Sync 1 DAGs
[2023-10-10T17:54:17.874+0000] {logging_mixin.py:150} INFO - [2023-10-10T17:54:17.874+0000] {dag.py:3508} INFO - Setting next_dagrun for tutorial_dag to None, run_after=None
[2023-10-10T17:54:17.899+0000] {processor.py:179} INFO - Processing /home/airflow/.local/lib/python3.7/site-packages/airflow/example_dags/tutorial_dag.py took 0.109 seconds
[2023-10-10T17:54:49.546+0000] {processor.py:157} INFO - Started process (PID=3127) to work on /home/airflow/.local/lib/python3.7/site-packages/airflow/example_dags/tutorial_dag.py
[2023-10-10T17:54:49.552+0000] {processor.py:826} INFO - Processing file /home/airflow/.local/lib/python3.7/site-packages/airflow/example_dags/tutorial_dag.py for tasks to queue
[2023-10-10T17:54:49.555+0000] {logging_mixin.py:150} INFO - [2023-10-10T17:54:49.554+0000] {dagbag.py:541} INFO - Filling up the DagBag from /home/airflow/.local/lib/python3.7/site-packages/airflow/example_dags/tutorial_dag.py
[2023-10-10T17:54:49.582+0000] {processor.py:836} INFO - DAG(s) dict_keys(['tutorial_dag']) retrieved from /home/airflow/.local/lib/python3.7/site-packages/airflow/example_dags/tutorial_dag.py
[2023-10-10T17:54:49.669+0000] {logging_mixin.py:150} INFO - [2023-10-10T17:54:49.669+0000] {dag.py:2742} INFO - Sync 1 DAGs
[2023-10-10T17:54:49.852+0000] {logging_mixin.py:150} INFO - [2023-10-10T17:54:49.851+0000] {dag.py:3508} INFO - Setting next_dagrun for tutorial_dag to None, run_after=None
[2023-10-10T17:54:49.933+0000] {processor.py:179} INFO - Processing /home/airflow/.local/lib/python3.7/site-packages/airflow/example_dags/tutorial_dag.py took 0.402 seconds
[2023-10-10T17:56:01.445+0000] {processor.py:157} INFO - Started process (PID=3216) to work on /home/airflow/.local/lib/python3.7/site-packages/airflow/example_dags/tutorial_dag.py
[2023-10-10T17:56:01.452+0000] {processor.py:826} INFO - Processing file /home/airflow/.local/lib/python3.7/site-packages/airflow/example_dags/tutorial_dag.py for tasks to queue
[2023-10-10T17:56:01.457+0000] {logging_mixin.py:150} INFO - [2023-10-10T17:56:01.456+0000] {dagbag.py:541} INFO - Filling up the DagBag from /home/airflow/.local/lib/python3.7/site-packages/airflow/example_dags/tutorial_dag.py
[2023-10-10T17:56:01.485+0000] {processor.py:836} INFO - DAG(s) dict_keys(['tutorial_dag']) retrieved from /home/airflow/.local/lib/python3.7/site-packages/airflow/example_dags/tutorial_dag.py
[2023-10-10T17:56:01.636+0000] {logging_mixin.py:150} INFO - [2023-10-10T17:56:01.636+0000] {dag.py:2742} INFO - Sync 1 DAGs
[2023-10-10T17:56:01.775+0000] {logging_mixin.py:150} INFO - [2023-10-10T17:56:01.774+0000] {dag.py:3508} INFO - Setting next_dagrun for tutorial_dag to None, run_after=None
[2023-10-10T17:56:01.847+0000] {processor.py:179} INFO - Processing /home/airflow/.local/lib/python3.7/site-packages/airflow/example_dags/tutorial_dag.py took 0.414 seconds
[2023-10-10T17:56:32.506+0000] {processor.py:157} INFO - Started process (PID=3290) to work on /home/airflow/.local/lib/python3.7/site-packages/airflow/example_dags/tutorial_dag.py
[2023-10-10T17:56:32.510+0000] {processor.py:826} INFO - Processing file /home/airflow/.local/lib/python3.7/site-packages/airflow/example_dags/tutorial_dag.py for tasks to queue
[2023-10-10T17:56:32.513+0000] {logging_mixin.py:150} INFO - [2023-10-10T17:56:32.512+0000] {dagbag.py:541} INFO - Filling up the DagBag from /home/airflow/.local/lib/python3.7/site-packages/airflow/example_dags/tutorial_dag.py
[2023-10-10T17:56:32.531+0000] {processor.py:836} INFO - DAG(s) dict_keys(['tutorial_dag']) retrieved from /home/airflow/.local/lib/python3.7/site-packages/airflow/example_dags/tutorial_dag.py
[2023-10-10T17:56:32.595+0000] {logging_mixin.py:150} INFO - [2023-10-10T17:56:32.594+0000] {dag.py:2742} INFO - Sync 1 DAGs
[2023-10-10T17:56:32.659+0000] {logging_mixin.py:150} INFO - [2023-10-10T17:56:32.658+0000] {dag.py:3508} INFO - Setting next_dagrun for tutorial_dag to None, run_after=None
[2023-10-10T17:56:32.700+0000] {processor.py:179} INFO - Processing /home/airflow/.local/lib/python3.7/site-packages/airflow/example_dags/tutorial_dag.py took 0.204 seconds
[2023-10-10T17:57:03.460+0000] {processor.py:157} INFO - Started process (PID=3371) to work on /home/airflow/.local/lib/python3.7/site-packages/airflow/example_dags/tutorial_dag.py
[2023-10-10T17:57:03.469+0000] {processor.py:826} INFO - Processing file /home/airflow/.local/lib/python3.7/site-packages/airflow/example_dags/tutorial_dag.py for tasks to queue
[2023-10-10T17:57:03.477+0000] {logging_mixin.py:150} INFO - [2023-10-10T17:57:03.476+0000] {dagbag.py:541} INFO - Filling up the DagBag from /home/airflow/.local/lib/python3.7/site-packages/airflow/example_dags/tutorial_dag.py
[2023-10-10T17:57:03.530+0000] {processor.py:836} INFO - DAG(s) dict_keys(['tutorial_dag']) retrieved from /home/airflow/.local/lib/python3.7/site-packages/airflow/example_dags/tutorial_dag.py
[2023-10-10T17:57:03.680+0000] {logging_mixin.py:150} INFO - [2023-10-10T17:57:03.680+0000] {dag.py:2742} INFO - Sync 1 DAGs
[2023-10-10T17:57:03.948+0000] {logging_mixin.py:150} INFO - [2023-10-10T17:57:03.947+0000] {dag.py:3508} INFO - Setting next_dagrun for tutorial_dag to None, run_after=None
[2023-10-10T17:57:04.119+0000] {processor.py:179} INFO - Processing /home/airflow/.local/lib/python3.7/site-packages/airflow/example_dags/tutorial_dag.py took 0.687 seconds
[2023-10-10T17:58:12.453+0000] {processor.py:157} INFO - Started process (PID=3469) to work on /home/airflow/.local/lib/python3.7/site-packages/airflow/example_dags/tutorial_dag.py
[2023-10-10T17:58:12.463+0000] {processor.py:826} INFO - Processing file /home/airflow/.local/lib/python3.7/site-packages/airflow/example_dags/tutorial_dag.py for tasks to queue
[2023-10-10T17:58:12.476+0000] {logging_mixin.py:150} INFO - [2023-10-10T17:58:12.474+0000] {dagbag.py:541} INFO - Filling up the DagBag from /home/airflow/.local/lib/python3.7/site-packages/airflow/example_dags/tutorial_dag.py
[2023-10-10T17:58:12.591+0000] {processor.py:836} INFO - DAG(s) dict_keys(['tutorial_dag']) retrieved from /home/airflow/.local/lib/python3.7/site-packages/airflow/example_dags/tutorial_dag.py
[2023-10-10T17:58:13.053+0000] {logging_mixin.py:150} INFO - [2023-10-10T17:58:13.051+0000] {dag.py:2742} INFO - Sync 1 DAGs
[2023-10-10T17:58:13.610+0000] {logging_mixin.py:150} INFO - [2023-10-10T17:58:13.608+0000] {dag.py:3508} INFO - Setting next_dagrun for tutorial_dag to None, run_after=None
[2023-10-10T17:58:13.979+0000] {processor.py:179} INFO - Processing /home/airflow/.local/lib/python3.7/site-packages/airflow/example_dags/tutorial_dag.py took 1.572 seconds
[2023-10-10T17:58:47.896+0000] {processor.py:157} INFO - Started process (PID=3571) to work on /home/airflow/.local/lib/python3.7/site-packages/airflow/example_dags/tutorial_dag.py
[2023-10-10T17:58:47.900+0000] {processor.py:826} INFO - Processing file /home/airflow/.local/lib/python3.7/site-packages/airflow/example_dags/tutorial_dag.py for tasks to queue
[2023-10-10T17:58:47.911+0000] {logging_mixin.py:150} INFO - [2023-10-10T17:58:47.910+0000] {dagbag.py:541} INFO - Filling up the DagBag from /home/airflow/.local/lib/python3.7/site-packages/airflow/example_dags/tutorial_dag.py
[2023-10-10T17:58:47.963+0000] {processor.py:836} INFO - DAG(s) dict_keys(['tutorial_dag']) retrieved from /home/airflow/.local/lib/python3.7/site-packages/airflow/example_dags/tutorial_dag.py
[2023-10-10T17:58:48.186+0000] {logging_mixin.py:150} INFO - [2023-10-10T17:58:48.186+0000] {dag.py:2742} INFO - Sync 1 DAGs
[2023-10-10T17:58:48.349+0000] {logging_mixin.py:150} INFO - [2023-10-10T17:58:48.349+0000] {dag.py:3508} INFO - Setting next_dagrun for tutorial_dag to None, run_after=None
[2023-10-10T17:58:48.521+0000] {processor.py:179} INFO - Processing /home/airflow/.local/lib/python3.7/site-packages/airflow/example_dags/tutorial_dag.py took 0.665 seconds
[2023-10-10T17:59:31.373+0000] {processor.py:157} INFO - Started process (PID=3652) to work on /home/airflow/.local/lib/python3.7/site-packages/airflow/example_dags/tutorial_dag.py
[2023-10-10T17:59:31.383+0000] {processor.py:826} INFO - Processing file /home/airflow/.local/lib/python3.7/site-packages/airflow/example_dags/tutorial_dag.py for tasks to queue
[2023-10-10T17:59:31.393+0000] {logging_mixin.py:150} INFO - [2023-10-10T17:59:31.390+0000] {dagbag.py:541} INFO - Filling up the DagBag from /home/airflow/.local/lib/python3.7/site-packages/airflow/example_dags/tutorial_dag.py
[2023-10-10T17:59:31.449+0000] {processor.py:836} INFO - DAG(s) dict_keys(['tutorial_dag']) retrieved from /home/airflow/.local/lib/python3.7/site-packages/airflow/example_dags/tutorial_dag.py
[2023-10-10T17:59:31.805+0000] {logging_mixin.py:150} INFO - [2023-10-10T17:59:31.800+0000] {dag.py:2742} INFO - Sync 1 DAGs
[2023-10-10T17:59:32.262+0000] {logging_mixin.py:150} INFO - [2023-10-10T17:59:32.261+0000] {dag.py:3508} INFO - Setting next_dagrun for tutorial_dag to None, run_after=None
[2023-10-10T17:59:32.746+0000] {processor.py:179} INFO - Processing /home/airflow/.local/lib/python3.7/site-packages/airflow/example_dags/tutorial_dag.py took 1.400 seconds
[2023-10-10T18:00:03.724+0000] {processor.py:157} INFO - Started process (PID=3727) to work on /home/airflow/.local/lib/python3.7/site-packages/airflow/example_dags/tutorial_dag.py
[2023-10-10T18:00:03.727+0000] {processor.py:826} INFO - Processing file /home/airflow/.local/lib/python3.7/site-packages/airflow/example_dags/tutorial_dag.py for tasks to queue
[2023-10-10T18:00:03.731+0000] {logging_mixin.py:150} INFO - [2023-10-10T18:00:03.730+0000] {dagbag.py:541} INFO - Filling up the DagBag from /home/airflow/.local/lib/python3.7/site-packages/airflow/example_dags/tutorial_dag.py
[2023-10-10T18:00:03.751+0000] {processor.py:836} INFO - DAG(s) dict_keys(['tutorial_dag']) retrieved from /home/airflow/.local/lib/python3.7/site-packages/airflow/example_dags/tutorial_dag.py
[2023-10-10T18:00:03.828+0000] {logging_mixin.py:150} INFO - [2023-10-10T18:00:03.827+0000] {dag.py:2742} INFO - Sync 1 DAGs
[2023-10-10T18:00:03.916+0000] {logging_mixin.py:150} INFO - [2023-10-10T18:00:03.916+0000] {dag.py:3508} INFO - Setting next_dagrun for tutorial_dag to None, run_after=None
[2023-10-10T18:00:03.975+0000] {processor.py:179} INFO - Processing /home/airflow/.local/lib/python3.7/site-packages/airflow/example_dags/tutorial_dag.py took 0.260 seconds
[2023-10-10T18:00:34.073+0000] {processor.py:157} INFO - Started process (PID=3807) to work on /home/airflow/.local/lib/python3.7/site-packages/airflow/example_dags/tutorial_dag.py
[2023-10-10T18:00:34.076+0000] {processor.py:826} INFO - Processing file /home/airflow/.local/lib/python3.7/site-packages/airflow/example_dags/tutorial_dag.py for tasks to queue
[2023-10-10T18:00:34.078+0000] {logging_mixin.py:150} INFO - [2023-10-10T18:00:34.078+0000] {dagbag.py:541} INFO - Filling up the DagBag from /home/airflow/.local/lib/python3.7/site-packages/airflow/example_dags/tutorial_dag.py
[2023-10-10T18:00:34.092+0000] {processor.py:836} INFO - DAG(s) dict_keys(['tutorial_dag']) retrieved from /home/airflow/.local/lib/python3.7/site-packages/airflow/example_dags/tutorial_dag.py
[2023-10-10T18:00:34.138+0000] {logging_mixin.py:150} INFO - [2023-10-10T18:00:34.137+0000] {dag.py:2742} INFO - Sync 1 DAGs
[2023-10-10T18:00:34.187+0000] {logging_mixin.py:150} INFO - [2023-10-10T18:00:34.186+0000] {dag.py:3508} INFO - Setting next_dagrun for tutorial_dag to None, run_after=None
[2023-10-10T18:00:34.223+0000] {processor.py:179} INFO - Processing /home/airflow/.local/lib/python3.7/site-packages/airflow/example_dags/tutorial_dag.py took 0.157 seconds
[2023-10-10T18:01:04.446+0000] {processor.py:157} INFO - Started process (PID=3888) to work on /home/airflow/.local/lib/python3.7/site-packages/airflow/example_dags/tutorial_dag.py
[2023-10-10T18:01:04.449+0000] {processor.py:826} INFO - Processing file /home/airflow/.local/lib/python3.7/site-packages/airflow/example_dags/tutorial_dag.py for tasks to queue
[2023-10-10T18:01:04.451+0000] {logging_mixin.py:150} INFO - [2023-10-10T18:01:04.451+0000] {dagbag.py:541} INFO - Filling up the DagBag from /home/airflow/.local/lib/python3.7/site-packages/airflow/example_dags/tutorial_dag.py
[2023-10-10T18:01:04.465+0000] {processor.py:836} INFO - DAG(s) dict_keys(['tutorial_dag']) retrieved from /home/airflow/.local/lib/python3.7/site-packages/airflow/example_dags/tutorial_dag.py
[2023-10-10T18:01:04.512+0000] {logging_mixin.py:150} INFO - [2023-10-10T18:01:04.511+0000] {dag.py:2742} INFO - Sync 1 DAGs
[2023-10-10T18:01:04.566+0000] {logging_mixin.py:150} INFO - [2023-10-10T18:01:04.566+0000] {dag.py:3508} INFO - Setting next_dagrun for tutorial_dag to None, run_after=None
[2023-10-10T18:01:04.607+0000] {processor.py:179} INFO - Processing /home/airflow/.local/lib/python3.7/site-packages/airflow/example_dags/tutorial_dag.py took 0.168 seconds
[2023-10-10T18:01:34.708+0000] {processor.py:157} INFO - Started process (PID=3969) to work on /home/airflow/.local/lib/python3.7/site-packages/airflow/example_dags/tutorial_dag.py
[2023-10-10T18:01:34.710+0000] {processor.py:826} INFO - Processing file /home/airflow/.local/lib/python3.7/site-packages/airflow/example_dags/tutorial_dag.py for tasks to queue
[2023-10-10T18:01:34.713+0000] {logging_mixin.py:150} INFO - [2023-10-10T18:01:34.713+0000] {dagbag.py:541} INFO - Filling up the DagBag from /home/airflow/.local/lib/python3.7/site-packages/airflow/example_dags/tutorial_dag.py
[2023-10-10T18:01:34.728+0000] {processor.py:836} INFO - DAG(s) dict_keys(['tutorial_dag']) retrieved from /home/airflow/.local/lib/python3.7/site-packages/airflow/example_dags/tutorial_dag.py
[2023-10-10T18:01:34.777+0000] {logging_mixin.py:150} INFO - [2023-10-10T18:01:34.777+0000] {dag.py:2742} INFO - Sync 1 DAGs
[2023-10-10T18:01:34.849+0000] {logging_mixin.py:150} INFO - [2023-10-10T18:01:34.849+0000] {dag.py:3508} INFO - Setting next_dagrun for tutorial_dag to None, run_after=None
[2023-10-10T18:01:34.906+0000] {processor.py:179} INFO - Processing /home/airflow/.local/lib/python3.7/site-packages/airflow/example_dags/tutorial_dag.py took 0.206 seconds
[2023-10-10T18:02:04.988+0000] {processor.py:157} INFO - Started process (PID=4050) to work on /home/airflow/.local/lib/python3.7/site-packages/airflow/example_dags/tutorial_dag.py
[2023-10-10T18:02:04.990+0000] {processor.py:826} INFO - Processing file /home/airflow/.local/lib/python3.7/site-packages/airflow/example_dags/tutorial_dag.py for tasks to queue
[2023-10-10T18:02:04.993+0000] {logging_mixin.py:150} INFO - [2023-10-10T18:02:04.992+0000] {dagbag.py:541} INFO - Filling up the DagBag from /home/airflow/.local/lib/python3.7/site-packages/airflow/example_dags/tutorial_dag.py
[2023-10-10T18:02:05.008+0000] {processor.py:836} INFO - DAG(s) dict_keys(['tutorial_dag']) retrieved from /home/airflow/.local/lib/python3.7/site-packages/airflow/example_dags/tutorial_dag.py
[2023-10-10T18:02:05.060+0000] {logging_mixin.py:150} INFO - [2023-10-10T18:02:05.060+0000] {dag.py:2742} INFO - Sync 1 DAGs
[2023-10-10T18:02:05.118+0000] {logging_mixin.py:150} INFO - [2023-10-10T18:02:05.118+0000] {dag.py:3508} INFO - Setting next_dagrun for tutorial_dag to None, run_after=None
[2023-10-10T18:02:05.157+0000] {processor.py:179} INFO - Processing /home/airflow/.local/lib/python3.7/site-packages/airflow/example_dags/tutorial_dag.py took 0.177 seconds
[2023-10-10T18:02:35.265+0000] {processor.py:157} INFO - Started process (PID=4140) to work on /home/airflow/.local/lib/python3.7/site-packages/airflow/example_dags/tutorial_dag.py
[2023-10-10T18:02:35.268+0000] {processor.py:826} INFO - Processing file /home/airflow/.local/lib/python3.7/site-packages/airflow/example_dags/tutorial_dag.py for tasks to queue
[2023-10-10T18:02:35.270+0000] {logging_mixin.py:150} INFO - [2023-10-10T18:02:35.270+0000] {dagbag.py:541} INFO - Filling up the DagBag from /home/airflow/.local/lib/python3.7/site-packages/airflow/example_dags/tutorial_dag.py
[2023-10-10T18:02:35.286+0000] {processor.py:836} INFO - DAG(s) dict_keys(['tutorial_dag']) retrieved from /home/airflow/.local/lib/python3.7/site-packages/airflow/example_dags/tutorial_dag.py
[2023-10-10T18:02:35.335+0000] {logging_mixin.py:150} INFO - [2023-10-10T18:02:35.334+0000] {dag.py:2742} INFO - Sync 1 DAGs
[2023-10-10T18:02:35.388+0000] {logging_mixin.py:150} INFO - [2023-10-10T18:02:35.388+0000] {dag.py:3508} INFO - Setting next_dagrun for tutorial_dag to None, run_after=None
[2023-10-10T18:02:35.429+0000] {processor.py:179} INFO - Processing /home/airflow/.local/lib/python3.7/site-packages/airflow/example_dags/tutorial_dag.py took 0.171 seconds
[2023-10-10T18:03:05.910+0000] {processor.py:157} INFO - Started process (PID=4221) to work on /home/airflow/.local/lib/python3.7/site-packages/airflow/example_dags/tutorial_dag.py
[2023-10-10T18:03:05.913+0000] {processor.py:826} INFO - Processing file /home/airflow/.local/lib/python3.7/site-packages/airflow/example_dags/tutorial_dag.py for tasks to queue
[2023-10-10T18:03:05.915+0000] {logging_mixin.py:150} INFO - [2023-10-10T18:03:05.914+0000] {dagbag.py:541} INFO - Filling up the DagBag from /home/airflow/.local/lib/python3.7/site-packages/airflow/example_dags/tutorial_dag.py
[2023-10-10T18:03:05.928+0000] {processor.py:836} INFO - DAG(s) dict_keys(['tutorial_dag']) retrieved from /home/airflow/.local/lib/python3.7/site-packages/airflow/example_dags/tutorial_dag.py
[2023-10-10T18:03:05.969+0000] {logging_mixin.py:150} INFO - [2023-10-10T18:03:05.969+0000] {dag.py:2742} INFO - Sync 1 DAGs
[2023-10-10T18:03:06.036+0000] {logging_mixin.py:150} INFO - [2023-10-10T18:03:06.036+0000] {dag.py:3508} INFO - Setting next_dagrun for tutorial_dag to None, run_after=None
[2023-10-10T18:03:06.071+0000] {processor.py:179} INFO - Processing /home/airflow/.local/lib/python3.7/site-packages/airflow/example_dags/tutorial_dag.py took 0.167 seconds
[2023-10-10T18:03:36.707+0000] {processor.py:157} INFO - Started process (PID=4302) to work on /home/airflow/.local/lib/python3.7/site-packages/airflow/example_dags/tutorial_dag.py
[2023-10-10T18:03:36.710+0000] {processor.py:826} INFO - Processing file /home/airflow/.local/lib/python3.7/site-packages/airflow/example_dags/tutorial_dag.py for tasks to queue
[2023-10-10T18:03:36.713+0000] {logging_mixin.py:150} INFO - [2023-10-10T18:03:36.712+0000] {dagbag.py:541} INFO - Filling up the DagBag from /home/airflow/.local/lib/python3.7/site-packages/airflow/example_dags/tutorial_dag.py
[2023-10-10T18:03:36.737+0000] {processor.py:836} INFO - DAG(s) dict_keys(['tutorial_dag']) retrieved from /home/airflow/.local/lib/python3.7/site-packages/airflow/example_dags/tutorial_dag.py
[2023-10-10T18:03:36.781+0000] {logging_mixin.py:150} INFO - [2023-10-10T18:03:36.781+0000] {dag.py:2742} INFO - Sync 1 DAGs
[2023-10-10T18:03:36.830+0000] {logging_mixin.py:150} INFO - [2023-10-10T18:03:36.830+0000] {dag.py:3508} INFO - Setting next_dagrun for tutorial_dag to None, run_after=None
[2023-10-10T18:03:36.866+0000] {processor.py:179} INFO - Processing /home/airflow/.local/lib/python3.7/site-packages/airflow/example_dags/tutorial_dag.py took 0.167 seconds
[2023-10-10T18:04:07.411+0000] {processor.py:157} INFO - Started process (PID=4391) to work on /home/airflow/.local/lib/python3.7/site-packages/airflow/example_dags/tutorial_dag.py
[2023-10-10T18:04:07.412+0000] {processor.py:826} INFO - Processing file /home/airflow/.local/lib/python3.7/site-packages/airflow/example_dags/tutorial_dag.py for tasks to queue
[2023-10-10T18:04:07.414+0000] {logging_mixin.py:150} INFO - [2023-10-10T18:04:07.414+0000] {dagbag.py:541} INFO - Filling up the DagBag from /home/airflow/.local/lib/python3.7/site-packages/airflow/example_dags/tutorial_dag.py
[2023-10-10T18:04:07.425+0000] {processor.py:836} INFO - DAG(s) dict_keys(['tutorial_dag']) retrieved from /home/airflow/.local/lib/python3.7/site-packages/airflow/example_dags/tutorial_dag.py
[2023-10-10T18:04:07.460+0000] {logging_mixin.py:150} INFO - [2023-10-10T18:04:07.460+0000] {dag.py:2742} INFO - Sync 1 DAGs
[2023-10-10T18:04:07.502+0000] {logging_mixin.py:150} INFO - [2023-10-10T18:04:07.502+0000] {dag.py:3508} INFO - Setting next_dagrun for tutorial_dag to None, run_after=None
[2023-10-10T18:04:07.537+0000] {processor.py:179} INFO - Processing /home/airflow/.local/lib/python3.7/site-packages/airflow/example_dags/tutorial_dag.py took 0.131 seconds
[2023-10-10T18:04:38.150+0000] {processor.py:157} INFO - Started process (PID=4472) to work on /home/airflow/.local/lib/python3.7/site-packages/airflow/example_dags/tutorial_dag.py
[2023-10-10T18:04:38.159+0000] {processor.py:826} INFO - Processing file /home/airflow/.local/lib/python3.7/site-packages/airflow/example_dags/tutorial_dag.py for tasks to queue
[2023-10-10T18:04:38.164+0000] {logging_mixin.py:150} INFO - [2023-10-10T18:04:38.163+0000] {dagbag.py:541} INFO - Filling up the DagBag from /home/airflow/.local/lib/python3.7/site-packages/airflow/example_dags/tutorial_dag.py
[2023-10-10T18:04:38.197+0000] {processor.py:836} INFO - DAG(s) dict_keys(['tutorial_dag']) retrieved from /home/airflow/.local/lib/python3.7/site-packages/airflow/example_dags/tutorial_dag.py
[2023-10-10T18:04:38.295+0000] {logging_mixin.py:150} INFO - [2023-10-10T18:04:38.295+0000] {dag.py:2742} INFO - Sync 1 DAGs
[2023-10-10T18:04:38.401+0000] {logging_mixin.py:150} INFO - [2023-10-10T18:04:38.401+0000] {dag.py:3508} INFO - Setting next_dagrun for tutorial_dag to None, run_after=None
[2023-10-10T18:04:38.473+0000] {processor.py:179} INFO - Processing /home/airflow/.local/lib/python3.7/site-packages/airflow/example_dags/tutorial_dag.py took 0.337 seconds
[2023-10-10T18:05:08.848+0000] {processor.py:157} INFO - Started process (PID=4551) to work on /home/airflow/.local/lib/python3.7/site-packages/airflow/example_dags/tutorial_dag.py
[2023-10-10T18:05:08.858+0000] {processor.py:826} INFO - Processing file /home/airflow/.local/lib/python3.7/site-packages/airflow/example_dags/tutorial_dag.py for tasks to queue
[2023-10-10T18:05:08.869+0000] {logging_mixin.py:150} INFO - [2023-10-10T18:05:08.867+0000] {dagbag.py:541} INFO - Filling up the DagBag from /home/airflow/.local/lib/python3.7/site-packages/airflow/example_dags/tutorial_dag.py
[2023-10-10T18:05:08.932+0000] {processor.py:836} INFO - DAG(s) dict_keys(['tutorial_dag']) retrieved from /home/airflow/.local/lib/python3.7/site-packages/airflow/example_dags/tutorial_dag.py
[2023-10-10T18:05:09.111+0000] {logging_mixin.py:150} INFO - [2023-10-10T18:05:09.111+0000] {dag.py:2742} INFO - Sync 1 DAGs
[2023-10-10T18:05:09.325+0000] {logging_mixin.py:150} INFO - [2023-10-10T18:05:09.324+0000] {dag.py:3508} INFO - Setting next_dagrun for tutorial_dag to None, run_after=None
[2023-10-10T18:05:09.428+0000] {processor.py:179} INFO - Processing /home/airflow/.local/lib/python3.7/site-packages/airflow/example_dags/tutorial_dag.py took 0.609 seconds
[2023-10-10T18:05:43.566+0000] {processor.py:157} INFO - Started process (PID=4622) to work on /home/airflow/.local/lib/python3.7/site-packages/airflow/example_dags/tutorial_dag.py
[2023-10-10T18:05:43.579+0000] {processor.py:826} INFO - Processing file /home/airflow/.local/lib/python3.7/site-packages/airflow/example_dags/tutorial_dag.py for tasks to queue
[2023-10-10T18:05:43.605+0000] {logging_mixin.py:150} INFO - [2023-10-10T18:05:43.602+0000] {dagbag.py:541} INFO - Filling up the DagBag from /home/airflow/.local/lib/python3.7/site-packages/airflow/example_dags/tutorial_dag.py
[2023-10-10T18:05:43.748+0000] {processor.py:836} INFO - DAG(s) dict_keys(['tutorial_dag']) retrieved from /home/airflow/.local/lib/python3.7/site-packages/airflow/example_dags/tutorial_dag.py
[2023-10-10T18:05:43.986+0000] {logging_mixin.py:150} INFO - [2023-10-10T18:05:43.985+0000] {dag.py:2742} INFO - Sync 1 DAGs
[2023-10-10T18:05:44.159+0000] {logging_mixin.py:150} INFO - [2023-10-10T18:05:44.158+0000] {dag.py:3508} INFO - Setting next_dagrun for tutorial_dag to None, run_after=None
[2023-10-10T18:05:44.279+0000] {processor.py:179} INFO - Processing /home/airflow/.local/lib/python3.7/site-packages/airflow/example_dags/tutorial_dag.py took 0.748 seconds
[2023-10-10T18:06:15.163+0000] {processor.py:157} INFO - Started process (PID=4703) to work on /home/airflow/.local/lib/python3.7/site-packages/airflow/example_dags/tutorial_dag.py
[2023-10-10T18:06:15.167+0000] {processor.py:826} INFO - Processing file /home/airflow/.local/lib/python3.7/site-packages/airflow/example_dags/tutorial_dag.py for tasks to queue
[2023-10-10T18:06:15.172+0000] {logging_mixin.py:150} INFO - [2023-10-10T18:06:15.171+0000] {dagbag.py:541} INFO - Filling up the DagBag from /home/airflow/.local/lib/python3.7/site-packages/airflow/example_dags/tutorial_dag.py
[2023-10-10T18:06:15.193+0000] {processor.py:836} INFO - DAG(s) dict_keys(['tutorial_dag']) retrieved from /home/airflow/.local/lib/python3.7/site-packages/airflow/example_dags/tutorial_dag.py
[2023-10-10T18:06:15.267+0000] {logging_mixin.py:150} INFO - [2023-10-10T18:06:15.267+0000] {dag.py:2742} INFO - Sync 1 DAGs
[2023-10-10T18:06:15.350+0000] {logging_mixin.py:150} INFO - [2023-10-10T18:06:15.349+0000] {dag.py:3508} INFO - Setting next_dagrun for tutorial_dag to None, run_after=None
[2023-10-10T18:06:15.416+0000] {processor.py:179} INFO - Processing /home/airflow/.local/lib/python3.7/site-packages/airflow/example_dags/tutorial_dag.py took 0.267 seconds
