[2023-10-10T17:36:32.729+0000] {processor.py:157} INFO - Started process (PID=42) to work on /home/airflow/.local/lib/python3.7/site-packages/airflow/example_dags/tutorial_taskflow_api.py
[2023-10-10T17:36:32.731+0000] {processor.py:826} INFO - Processing file /home/airflow/.local/lib/python3.7/site-packages/airflow/example_dags/tutorial_taskflow_api.py for tasks to queue
[2023-10-10T17:36:32.733+0000] {logging_mixin.py:150} INFO - [2023-10-10T17:36:32.732+0000] {dagbag.py:541} INFO - Filling up the DagBag from /home/airflow/.local/lib/python3.7/site-packages/airflow/example_dags/tutorial_taskflow_api.py
[2023-10-10T17:36:32.746+0000] {processor.py:836} INFO - DAG(s) dict_keys(['tutorial_taskflow_api']) retrieved from /home/airflow/.local/lib/python3.7/site-packages/airflow/example_dags/tutorial_taskflow_api.py
[2023-10-10T17:36:32.765+0000] {logging_mixin.py:150} INFO - [2023-10-10T17:36:32.765+0000] {dag.py:2742} INFO - Sync 1 DAGs
[2023-10-10T17:36:32.805+0000] {logging_mixin.py:150} INFO - [2023-10-10T17:36:32.805+0000] {dag.py:3508} INFO - Setting next_dagrun for tutorial_taskflow_api to None, run_after=None
[2023-10-10T17:36:32.842+0000] {processor.py:179} INFO - Processing /home/airflow/.local/lib/python3.7/site-packages/airflow/example_dags/tutorial_taskflow_api.py took 0.117 seconds
[2023-10-10T17:37:03.552+0000] {processor.py:157} INFO - Started process (PID=139) to work on /home/airflow/.local/lib/python3.7/site-packages/airflow/example_dags/tutorial_taskflow_api.py
[2023-10-10T17:37:03.554+0000] {processor.py:826} INFO - Processing file /home/airflow/.local/lib/python3.7/site-packages/airflow/example_dags/tutorial_taskflow_api.py for tasks to queue
[2023-10-10T17:37:03.556+0000] {logging_mixin.py:150} INFO - [2023-10-10T17:37:03.555+0000] {dagbag.py:541} INFO - Filling up the DagBag from /home/airflow/.local/lib/python3.7/site-packages/airflow/example_dags/tutorial_taskflow_api.py
[2023-10-10T17:37:03.566+0000] {processor.py:836} INFO - DAG(s) dict_keys(['tutorial_taskflow_api']) retrieved from /home/airflow/.local/lib/python3.7/site-packages/airflow/example_dags/tutorial_taskflow_api.py
[2023-10-10T17:37:03.595+0000] {logging_mixin.py:150} INFO - [2023-10-10T17:37:03.595+0000] {dag.py:2742} INFO - Sync 1 DAGs
[2023-10-10T17:37:03.626+0000] {logging_mixin.py:150} INFO - [2023-10-10T17:37:03.626+0000] {dag.py:3508} INFO - Setting next_dagrun for tutorial_taskflow_api to None, run_after=None
[2023-10-10T17:37:03.653+0000] {processor.py:179} INFO - Processing /home/airflow/.local/lib/python3.7/site-packages/airflow/example_dags/tutorial_taskflow_api.py took 0.105 seconds
[2023-10-10T17:37:33.816+0000] {processor.py:157} INFO - Started process (PID=219) to work on /home/airflow/.local/lib/python3.7/site-packages/airflow/example_dags/tutorial_taskflow_api.py
[2023-10-10T17:37:33.819+0000] {processor.py:826} INFO - Processing file /home/airflow/.local/lib/python3.7/site-packages/airflow/example_dags/tutorial_taskflow_api.py for tasks to queue
[2023-10-10T17:37:33.821+0000] {logging_mixin.py:150} INFO - [2023-10-10T17:37:33.820+0000] {dagbag.py:541} INFO - Filling up the DagBag from /home/airflow/.local/lib/python3.7/site-packages/airflow/example_dags/tutorial_taskflow_api.py
[2023-10-10T17:37:33.832+0000] {processor.py:836} INFO - DAG(s) dict_keys(['tutorial_taskflow_api']) retrieved from /home/airflow/.local/lib/python3.7/site-packages/airflow/example_dags/tutorial_taskflow_api.py
[2023-10-10T17:37:33.870+0000] {logging_mixin.py:150} INFO - [2023-10-10T17:37:33.870+0000] {dag.py:2742} INFO - Sync 1 DAGs
[2023-10-10T17:37:33.918+0000] {logging_mixin.py:150} INFO - [2023-10-10T17:37:33.918+0000] {dag.py:3508} INFO - Setting next_dagrun for tutorial_taskflow_api to None, run_after=None
[2023-10-10T17:37:33.946+0000] {processor.py:179} INFO - Processing /home/airflow/.local/lib/python3.7/site-packages/airflow/example_dags/tutorial_taskflow_api.py took 0.135 seconds
[2023-10-10T17:38:04.285+0000] {processor.py:157} INFO - Started process (PID=308) to work on /home/airflow/.local/lib/python3.7/site-packages/airflow/example_dags/tutorial_taskflow_api.py
[2023-10-10T17:38:04.288+0000] {processor.py:826} INFO - Processing file /home/airflow/.local/lib/python3.7/site-packages/airflow/example_dags/tutorial_taskflow_api.py for tasks to queue
[2023-10-10T17:38:04.291+0000] {logging_mixin.py:150} INFO - [2023-10-10T17:38:04.290+0000] {dagbag.py:541} INFO - Filling up the DagBag from /home/airflow/.local/lib/python3.7/site-packages/airflow/example_dags/tutorial_taskflow_api.py
[2023-10-10T17:38:04.305+0000] {processor.py:836} INFO - DAG(s) dict_keys(['tutorial_taskflow_api']) retrieved from /home/airflow/.local/lib/python3.7/site-packages/airflow/example_dags/tutorial_taskflow_api.py
[2023-10-10T17:38:04.345+0000] {logging_mixin.py:150} INFO - [2023-10-10T17:38:04.345+0000] {dag.py:2742} INFO - Sync 1 DAGs
[2023-10-10T17:38:04.389+0000] {logging_mixin.py:150} INFO - [2023-10-10T17:38:04.389+0000] {dag.py:3508} INFO - Setting next_dagrun for tutorial_taskflow_api to None, run_after=None
[2023-10-10T17:38:04.424+0000] {processor.py:179} INFO - Processing /home/airflow/.local/lib/python3.7/site-packages/airflow/example_dags/tutorial_taskflow_api.py took 0.146 seconds
[2023-10-10T17:38:35.067+0000] {processor.py:157} INFO - Started process (PID=402) to work on /home/airflow/.local/lib/python3.7/site-packages/airflow/example_dags/tutorial_taskflow_api.py
[2023-10-10T17:38:35.069+0000] {processor.py:826} INFO - Processing file /home/airflow/.local/lib/python3.7/site-packages/airflow/example_dags/tutorial_taskflow_api.py for tasks to queue
[2023-10-10T17:38:35.070+0000] {logging_mixin.py:150} INFO - [2023-10-10T17:38:35.070+0000] {dagbag.py:541} INFO - Filling up the DagBag from /home/airflow/.local/lib/python3.7/site-packages/airflow/example_dags/tutorial_taskflow_api.py
[2023-10-10T17:38:35.080+0000] {processor.py:836} INFO - DAG(s) dict_keys(['tutorial_taskflow_api']) retrieved from /home/airflow/.local/lib/python3.7/site-packages/airflow/example_dags/tutorial_taskflow_api.py
[2023-10-10T17:38:35.114+0000] {logging_mixin.py:150} INFO - [2023-10-10T17:38:35.114+0000] {dag.py:2742} INFO - Sync 1 DAGs
[2023-10-10T17:38:35.151+0000] {logging_mixin.py:150} INFO - [2023-10-10T17:38:35.151+0000] {dag.py:3508} INFO - Setting next_dagrun for tutorial_taskflow_api to None, run_after=None
[2023-10-10T17:38:35.186+0000] {processor.py:179} INFO - Processing /home/airflow/.local/lib/python3.7/site-packages/airflow/example_dags/tutorial_taskflow_api.py took 0.124 seconds
[2023-10-10T17:39:05.386+0000] {processor.py:157} INFO - Started process (PID=482) to work on /home/airflow/.local/lib/python3.7/site-packages/airflow/example_dags/tutorial_taskflow_api.py
[2023-10-10T17:39:05.388+0000] {processor.py:826} INFO - Processing file /home/airflow/.local/lib/python3.7/site-packages/airflow/example_dags/tutorial_taskflow_api.py for tasks to queue
[2023-10-10T17:39:05.390+0000] {logging_mixin.py:150} INFO - [2023-10-10T17:39:05.390+0000] {dagbag.py:541} INFO - Filling up the DagBag from /home/airflow/.local/lib/python3.7/site-packages/airflow/example_dags/tutorial_taskflow_api.py
[2023-10-10T17:39:05.402+0000] {processor.py:836} INFO - DAG(s) dict_keys(['tutorial_taskflow_api']) retrieved from /home/airflow/.local/lib/python3.7/site-packages/airflow/example_dags/tutorial_taskflow_api.py
[2023-10-10T17:39:05.434+0000] {logging_mixin.py:150} INFO - [2023-10-10T17:39:05.433+0000] {dag.py:2742} INFO - Sync 1 DAGs
[2023-10-10T17:39:05.468+0000] {logging_mixin.py:150} INFO - [2023-10-10T17:39:05.468+0000] {dag.py:3508} INFO - Setting next_dagrun for tutorial_taskflow_api to None, run_after=None
[2023-10-10T17:39:05.494+0000] {processor.py:179} INFO - Processing /home/airflow/.local/lib/python3.7/site-packages/airflow/example_dags/tutorial_taskflow_api.py took 0.114 seconds
[2023-10-10T17:39:35.936+0000] {processor.py:157} INFO - Started process (PID=571) to work on /home/airflow/.local/lib/python3.7/site-packages/airflow/example_dags/tutorial_taskflow_api.py
[2023-10-10T17:39:35.937+0000] {processor.py:826} INFO - Processing file /home/airflow/.local/lib/python3.7/site-packages/airflow/example_dags/tutorial_taskflow_api.py for tasks to queue
[2023-10-10T17:39:35.940+0000] {logging_mixin.py:150} INFO - [2023-10-10T17:39:35.940+0000] {dagbag.py:541} INFO - Filling up the DagBag from /home/airflow/.local/lib/python3.7/site-packages/airflow/example_dags/tutorial_taskflow_api.py
[2023-10-10T17:39:35.952+0000] {processor.py:836} INFO - DAG(s) dict_keys(['tutorial_taskflow_api']) retrieved from /home/airflow/.local/lib/python3.7/site-packages/airflow/example_dags/tutorial_taskflow_api.py
[2023-10-10T17:39:35.984+0000] {logging_mixin.py:150} INFO - [2023-10-10T17:39:35.984+0000] {dag.py:2742} INFO - Sync 1 DAGs
[2023-10-10T17:39:36.017+0000] {logging_mixin.py:150} INFO - [2023-10-10T17:39:36.017+0000] {dag.py:3508} INFO - Setting next_dagrun for tutorial_taskflow_api to None, run_after=None
[2023-10-10T17:39:36.048+0000] {processor.py:179} INFO - Processing /home/airflow/.local/lib/python3.7/site-packages/airflow/example_dags/tutorial_taskflow_api.py took 0.118 seconds
[2023-10-10T17:40:06.520+0000] {processor.py:157} INFO - Started process (PID=657) to work on /home/airflow/.local/lib/python3.7/site-packages/airflow/example_dags/tutorial_taskflow_api.py
[2023-10-10T17:40:06.522+0000] {processor.py:826} INFO - Processing file /home/airflow/.local/lib/python3.7/site-packages/airflow/example_dags/tutorial_taskflow_api.py for tasks to queue
[2023-10-10T17:40:06.524+0000] {logging_mixin.py:150} INFO - [2023-10-10T17:40:06.524+0000] {dagbag.py:541} INFO - Filling up the DagBag from /home/airflow/.local/lib/python3.7/site-packages/airflow/example_dags/tutorial_taskflow_api.py
[2023-10-10T17:40:06.538+0000] {processor.py:836} INFO - DAG(s) dict_keys(['tutorial_taskflow_api']) retrieved from /home/airflow/.local/lib/python3.7/site-packages/airflow/example_dags/tutorial_taskflow_api.py
[2023-10-10T17:40:06.577+0000] {logging_mixin.py:150} INFO - [2023-10-10T17:40:06.577+0000] {dag.py:2742} INFO - Sync 1 DAGs
[2023-10-10T17:40:06.616+0000] {logging_mixin.py:150} INFO - [2023-10-10T17:40:06.616+0000] {dag.py:3508} INFO - Setting next_dagrun for tutorial_taskflow_api to None, run_after=None
[2023-10-10T17:40:06.645+0000] {processor.py:179} INFO - Processing /home/airflow/.local/lib/python3.7/site-packages/airflow/example_dags/tutorial_taskflow_api.py took 0.132 seconds
[2023-10-10T17:40:37.000+0000] {processor.py:157} INFO - Started process (PID=740) to work on /home/airflow/.local/lib/python3.7/site-packages/airflow/example_dags/tutorial_taskflow_api.py
[2023-10-10T17:40:37.002+0000] {processor.py:826} INFO - Processing file /home/airflow/.local/lib/python3.7/site-packages/airflow/example_dags/tutorial_taskflow_api.py for tasks to queue
[2023-10-10T17:40:37.004+0000] {logging_mixin.py:150} INFO - [2023-10-10T17:40:37.004+0000] {dagbag.py:541} INFO - Filling up the DagBag from /home/airflow/.local/lib/python3.7/site-packages/airflow/example_dags/tutorial_taskflow_api.py
[2023-10-10T17:40:37.014+0000] {processor.py:836} INFO - DAG(s) dict_keys(['tutorial_taskflow_api']) retrieved from /home/airflow/.local/lib/python3.7/site-packages/airflow/example_dags/tutorial_taskflow_api.py
[2023-10-10T17:40:37.046+0000] {logging_mixin.py:150} INFO - [2023-10-10T17:40:37.045+0000] {dag.py:2742} INFO - Sync 1 DAGs
[2023-10-10T17:40:37.078+0000] {logging_mixin.py:150} INFO - [2023-10-10T17:40:37.078+0000] {dag.py:3508} INFO - Setting next_dagrun for tutorial_taskflow_api to None, run_after=None
[2023-10-10T17:40:37.102+0000] {processor.py:179} INFO - Processing /home/airflow/.local/lib/python3.7/site-packages/airflow/example_dags/tutorial_taskflow_api.py took 0.107 seconds
[2023-10-10T17:41:07.226+0000] {processor.py:157} INFO - Started process (PID=820) to work on /home/airflow/.local/lib/python3.7/site-packages/airflow/example_dags/tutorial_taskflow_api.py
[2023-10-10T17:41:07.228+0000] {processor.py:826} INFO - Processing file /home/airflow/.local/lib/python3.7/site-packages/airflow/example_dags/tutorial_taskflow_api.py for tasks to queue
[2023-10-10T17:41:07.231+0000] {logging_mixin.py:150} INFO - [2023-10-10T17:41:07.231+0000] {dagbag.py:541} INFO - Filling up the DagBag from /home/airflow/.local/lib/python3.7/site-packages/airflow/example_dags/tutorial_taskflow_api.py
[2023-10-10T17:41:07.243+0000] {processor.py:836} INFO - DAG(s) dict_keys(['tutorial_taskflow_api']) retrieved from /home/airflow/.local/lib/python3.7/site-packages/airflow/example_dags/tutorial_taskflow_api.py
[2023-10-10T17:41:07.274+0000] {logging_mixin.py:150} INFO - [2023-10-10T17:41:07.274+0000] {dag.py:2742} INFO - Sync 1 DAGs
[2023-10-10T17:41:07.306+0000] {logging_mixin.py:150} INFO - [2023-10-10T17:41:07.306+0000] {dag.py:3508} INFO - Setting next_dagrun for tutorial_taskflow_api to None, run_after=None
[2023-10-10T17:41:07.333+0000] {processor.py:179} INFO - Processing /home/airflow/.local/lib/python3.7/site-packages/airflow/example_dags/tutorial_taskflow_api.py took 0.112 seconds
[2023-10-10T17:41:37.711+0000] {processor.py:157} INFO - Started process (PID=910) to work on /home/airflow/.local/lib/python3.7/site-packages/airflow/example_dags/tutorial_taskflow_api.py
[2023-10-10T17:41:37.713+0000] {processor.py:826} INFO - Processing file /home/airflow/.local/lib/python3.7/site-packages/airflow/example_dags/tutorial_taskflow_api.py for tasks to queue
[2023-10-10T17:41:37.715+0000] {logging_mixin.py:150} INFO - [2023-10-10T17:41:37.715+0000] {dagbag.py:541} INFO - Filling up the DagBag from /home/airflow/.local/lib/python3.7/site-packages/airflow/example_dags/tutorial_taskflow_api.py
[2023-10-10T17:41:37.725+0000] {processor.py:836} INFO - DAG(s) dict_keys(['tutorial_taskflow_api']) retrieved from /home/airflow/.local/lib/python3.7/site-packages/airflow/example_dags/tutorial_taskflow_api.py
[2023-10-10T17:41:37.758+0000] {logging_mixin.py:150} INFO - [2023-10-10T17:41:37.758+0000] {dag.py:2742} INFO - Sync 1 DAGs
[2023-10-10T17:41:37.790+0000] {logging_mixin.py:150} INFO - [2023-10-10T17:41:37.790+0000] {dag.py:3508} INFO - Setting next_dagrun for tutorial_taskflow_api to None, run_after=None
[2023-10-10T17:41:37.819+0000] {processor.py:179} INFO - Processing /home/airflow/.local/lib/python3.7/site-packages/airflow/example_dags/tutorial_taskflow_api.py took 0.113 seconds
[2023-10-10T17:42:07.913+0000] {processor.py:157} INFO - Started process (PID=990) to work on /home/airflow/.local/lib/python3.7/site-packages/airflow/example_dags/tutorial_taskflow_api.py
[2023-10-10T17:42:07.915+0000] {processor.py:826} INFO - Processing file /home/airflow/.local/lib/python3.7/site-packages/airflow/example_dags/tutorial_taskflow_api.py for tasks to queue
[2023-10-10T17:42:07.918+0000] {logging_mixin.py:150} INFO - [2023-10-10T17:42:07.917+0000] {dagbag.py:541} INFO - Filling up the DagBag from /home/airflow/.local/lib/python3.7/site-packages/airflow/example_dags/tutorial_taskflow_api.py
[2023-10-10T17:42:07.929+0000] {processor.py:836} INFO - DAG(s) dict_keys(['tutorial_taskflow_api']) retrieved from /home/airflow/.local/lib/python3.7/site-packages/airflow/example_dags/tutorial_taskflow_api.py
[2023-10-10T17:42:07.973+0000] {logging_mixin.py:150} INFO - [2023-10-10T17:42:07.972+0000] {dag.py:2742} INFO - Sync 1 DAGs
[2023-10-10T17:42:08.023+0000] {logging_mixin.py:150} INFO - [2023-10-10T17:42:08.023+0000] {dag.py:3508} INFO - Setting next_dagrun for tutorial_taskflow_api to None, run_after=None
[2023-10-10T17:42:08.060+0000] {processor.py:179} INFO - Processing /home/airflow/.local/lib/python3.7/site-packages/airflow/example_dags/tutorial_taskflow_api.py took 0.153 seconds
[2023-10-10T17:42:38.349+0000] {processor.py:157} INFO - Started process (PID=1080) to work on /home/airflow/.local/lib/python3.7/site-packages/airflow/example_dags/tutorial_taskflow_api.py
[2023-10-10T17:42:38.351+0000] {processor.py:826} INFO - Processing file /home/airflow/.local/lib/python3.7/site-packages/airflow/example_dags/tutorial_taskflow_api.py for tasks to queue
[2023-10-10T17:42:38.353+0000] {logging_mixin.py:150} INFO - [2023-10-10T17:42:38.353+0000] {dagbag.py:541} INFO - Filling up the DagBag from /home/airflow/.local/lib/python3.7/site-packages/airflow/example_dags/tutorial_taskflow_api.py
[2023-10-10T17:42:38.363+0000] {processor.py:836} INFO - DAG(s) dict_keys(['tutorial_taskflow_api']) retrieved from /home/airflow/.local/lib/python3.7/site-packages/airflow/example_dags/tutorial_taskflow_api.py
[2023-10-10T17:42:38.397+0000] {logging_mixin.py:150} INFO - [2023-10-10T17:42:38.397+0000] {dag.py:2742} INFO - Sync 1 DAGs
[2023-10-10T17:42:38.441+0000] {logging_mixin.py:150} INFO - [2023-10-10T17:42:38.441+0000] {dag.py:3508} INFO - Setting next_dagrun for tutorial_taskflow_api to None, run_after=None
[2023-10-10T17:42:38.481+0000] {processor.py:179} INFO - Processing /home/airflow/.local/lib/python3.7/site-packages/airflow/example_dags/tutorial_taskflow_api.py took 0.137 seconds
[2023-10-10T17:43:08.679+0000] {processor.py:157} INFO - Started process (PID=1160) to work on /home/airflow/.local/lib/python3.7/site-packages/airflow/example_dags/tutorial_taskflow_api.py
[2023-10-10T17:43:08.690+0000] {processor.py:826} INFO - Processing file /home/airflow/.local/lib/python3.7/site-packages/airflow/example_dags/tutorial_taskflow_api.py for tasks to queue
[2023-10-10T17:43:08.693+0000] {logging_mixin.py:150} INFO - [2023-10-10T17:43:08.693+0000] {dagbag.py:541} INFO - Filling up the DagBag from /home/airflow/.local/lib/python3.7/site-packages/airflow/example_dags/tutorial_taskflow_api.py
[2023-10-10T17:43:08.710+0000] {processor.py:836} INFO - DAG(s) dict_keys(['tutorial_taskflow_api']) retrieved from /home/airflow/.local/lib/python3.7/site-packages/airflow/example_dags/tutorial_taskflow_api.py
[2023-10-10T17:43:08.748+0000] {logging_mixin.py:150} INFO - [2023-10-10T17:43:08.748+0000] {dag.py:2742} INFO - Sync 1 DAGs
[2023-10-10T17:43:08.791+0000] {logging_mixin.py:150} INFO - [2023-10-10T17:43:08.791+0000] {dag.py:3508} INFO - Setting next_dagrun for tutorial_taskflow_api to None, run_after=None
[2023-10-10T17:43:08.824+0000] {processor.py:179} INFO - Processing /home/airflow/.local/lib/python3.7/site-packages/airflow/example_dags/tutorial_taskflow_api.py took 0.151 seconds
[2023-10-10T17:43:39.021+0000] {processor.py:157} INFO - Started process (PID=1247) to work on /home/airflow/.local/lib/python3.7/site-packages/airflow/example_dags/tutorial_taskflow_api.py
[2023-10-10T17:43:39.023+0000] {processor.py:826} INFO - Processing file /home/airflow/.local/lib/python3.7/site-packages/airflow/example_dags/tutorial_taskflow_api.py for tasks to queue
[2023-10-10T17:43:39.024+0000] {logging_mixin.py:150} INFO - [2023-10-10T17:43:39.024+0000] {dagbag.py:541} INFO - Filling up the DagBag from /home/airflow/.local/lib/python3.7/site-packages/airflow/example_dags/tutorial_taskflow_api.py
[2023-10-10T17:43:39.034+0000] {processor.py:836} INFO - DAG(s) dict_keys(['tutorial_taskflow_api']) retrieved from /home/airflow/.local/lib/python3.7/site-packages/airflow/example_dags/tutorial_taskflow_api.py
[2023-10-10T17:43:39.065+0000] {logging_mixin.py:150} INFO - [2023-10-10T17:43:39.064+0000] {dag.py:2742} INFO - Sync 1 DAGs
[2023-10-10T17:43:39.097+0000] {logging_mixin.py:150} INFO - [2023-10-10T17:43:39.097+0000] {dag.py:3508} INFO - Setting next_dagrun for tutorial_taskflow_api to None, run_after=None
[2023-10-10T17:43:39.123+0000] {processor.py:179} INFO - Processing /home/airflow/.local/lib/python3.7/site-packages/airflow/example_dags/tutorial_taskflow_api.py took 0.106 seconds
[2023-10-10T17:44:09.302+0000] {processor.py:157} INFO - Started process (PID=1329) to work on /home/airflow/.local/lib/python3.7/site-packages/airflow/example_dags/tutorial_taskflow_api.py
[2023-10-10T17:44:09.305+0000] {processor.py:826} INFO - Processing file /home/airflow/.local/lib/python3.7/site-packages/airflow/example_dags/tutorial_taskflow_api.py for tasks to queue
[2023-10-10T17:44:09.307+0000] {logging_mixin.py:150} INFO - [2023-10-10T17:44:09.307+0000] {dagbag.py:541} INFO - Filling up the DagBag from /home/airflow/.local/lib/python3.7/site-packages/airflow/example_dags/tutorial_taskflow_api.py
[2023-10-10T17:44:09.322+0000] {processor.py:836} INFO - DAG(s) dict_keys(['tutorial_taskflow_api']) retrieved from /home/airflow/.local/lib/python3.7/site-packages/airflow/example_dags/tutorial_taskflow_api.py
[2023-10-10T17:44:09.363+0000] {logging_mixin.py:150} INFO - [2023-10-10T17:44:09.363+0000] {dag.py:2742} INFO - Sync 1 DAGs
[2023-10-10T17:44:09.400+0000] {logging_mixin.py:150} INFO - [2023-10-10T17:44:09.400+0000] {dag.py:3508} INFO - Setting next_dagrun for tutorial_taskflow_api to None, run_after=None
[2023-10-10T17:44:09.434+0000] {processor.py:179} INFO - Processing /home/airflow/.local/lib/python3.7/site-packages/airflow/example_dags/tutorial_taskflow_api.py took 0.142 seconds
[2023-10-10T17:44:39.667+0000] {processor.py:157} INFO - Started process (PID=1409) to work on /home/airflow/.local/lib/python3.7/site-packages/airflow/example_dags/tutorial_taskflow_api.py
[2023-10-10T17:44:39.670+0000] {processor.py:826} INFO - Processing file /home/airflow/.local/lib/python3.7/site-packages/airflow/example_dags/tutorial_taskflow_api.py for tasks to queue
[2023-10-10T17:44:39.672+0000] {logging_mixin.py:150} INFO - [2023-10-10T17:44:39.672+0000] {dagbag.py:541} INFO - Filling up the DagBag from /home/airflow/.local/lib/python3.7/site-packages/airflow/example_dags/tutorial_taskflow_api.py
[2023-10-10T17:44:39.685+0000] {processor.py:836} INFO - DAG(s) dict_keys(['tutorial_taskflow_api']) retrieved from /home/airflow/.local/lib/python3.7/site-packages/airflow/example_dags/tutorial_taskflow_api.py
[2023-10-10T17:44:39.725+0000] {logging_mixin.py:150} INFO - [2023-10-10T17:44:39.725+0000] {dag.py:2742} INFO - Sync 1 DAGs
[2023-10-10T17:44:39.766+0000] {logging_mixin.py:150} INFO - [2023-10-10T17:44:39.766+0000] {dag.py:3508} INFO - Setting next_dagrun for tutorial_taskflow_api to None, run_after=None
[2023-10-10T17:44:39.798+0000] {processor.py:179} INFO - Processing /home/airflow/.local/lib/python3.7/site-packages/airflow/example_dags/tutorial_taskflow_api.py took 0.137 seconds
[2023-10-10T17:45:10.161+0000] {processor.py:157} INFO - Started process (PID=1498) to work on /home/airflow/.local/lib/python3.7/site-packages/airflow/example_dags/tutorial_taskflow_api.py
[2023-10-10T17:45:10.162+0000] {processor.py:826} INFO - Processing file /home/airflow/.local/lib/python3.7/site-packages/airflow/example_dags/tutorial_taskflow_api.py for tasks to queue
[2023-10-10T17:45:10.164+0000] {logging_mixin.py:150} INFO - [2023-10-10T17:45:10.164+0000] {dagbag.py:541} INFO - Filling up the DagBag from /home/airflow/.local/lib/python3.7/site-packages/airflow/example_dags/tutorial_taskflow_api.py
[2023-10-10T17:45:10.174+0000] {processor.py:836} INFO - DAG(s) dict_keys(['tutorial_taskflow_api']) retrieved from /home/airflow/.local/lib/python3.7/site-packages/airflow/example_dags/tutorial_taskflow_api.py
[2023-10-10T17:45:10.205+0000] {logging_mixin.py:150} INFO - [2023-10-10T17:45:10.205+0000] {dag.py:2742} INFO - Sync 1 DAGs
[2023-10-10T17:45:10.236+0000] {logging_mixin.py:150} INFO - [2023-10-10T17:45:10.236+0000] {dag.py:3508} INFO - Setting next_dagrun for tutorial_taskflow_api to None, run_after=None
[2023-10-10T17:45:10.262+0000] {processor.py:179} INFO - Processing /home/airflow/.local/lib/python3.7/site-packages/airflow/example_dags/tutorial_taskflow_api.py took 0.106 seconds
[2023-10-10T17:45:40.571+0000] {processor.py:157} INFO - Started process (PID=1578) to work on /home/airflow/.local/lib/python3.7/site-packages/airflow/example_dags/tutorial_taskflow_api.py
[2023-10-10T17:45:40.573+0000] {processor.py:826} INFO - Processing file /home/airflow/.local/lib/python3.7/site-packages/airflow/example_dags/tutorial_taskflow_api.py for tasks to queue
[2023-10-10T17:45:40.575+0000] {logging_mixin.py:150} INFO - [2023-10-10T17:45:40.574+0000] {dagbag.py:541} INFO - Filling up the DagBag from /home/airflow/.local/lib/python3.7/site-packages/airflow/example_dags/tutorial_taskflow_api.py
[2023-10-10T17:45:40.584+0000] {processor.py:836} INFO - DAG(s) dict_keys(['tutorial_taskflow_api']) retrieved from /home/airflow/.local/lib/python3.7/site-packages/airflow/example_dags/tutorial_taskflow_api.py
[2023-10-10T17:45:40.615+0000] {logging_mixin.py:150} INFO - [2023-10-10T17:45:40.615+0000] {dag.py:2742} INFO - Sync 1 DAGs
[2023-10-10T17:45:40.656+0000] {logging_mixin.py:150} INFO - [2023-10-10T17:45:40.656+0000] {dag.py:3508} INFO - Setting next_dagrun for tutorial_taskflow_api to None, run_after=None
[2023-10-10T17:45:40.688+0000] {processor.py:179} INFO - Processing /home/airflow/.local/lib/python3.7/site-packages/airflow/example_dags/tutorial_taskflow_api.py took 0.122 seconds
[2023-10-10T17:46:10.760+0000] {processor.py:157} INFO - Started process (PID=1667) to work on /home/airflow/.local/lib/python3.7/site-packages/airflow/example_dags/tutorial_taskflow_api.py
[2023-10-10T17:46:10.762+0000] {processor.py:826} INFO - Processing file /home/airflow/.local/lib/python3.7/site-packages/airflow/example_dags/tutorial_taskflow_api.py for tasks to queue
[2023-10-10T17:46:10.765+0000] {logging_mixin.py:150} INFO - [2023-10-10T17:46:10.764+0000] {dagbag.py:541} INFO - Filling up the DagBag from /home/airflow/.local/lib/python3.7/site-packages/airflow/example_dags/tutorial_taskflow_api.py
[2023-10-10T17:46:10.777+0000] {processor.py:836} INFO - DAG(s) dict_keys(['tutorial_taskflow_api']) retrieved from /home/airflow/.local/lib/python3.7/site-packages/airflow/example_dags/tutorial_taskflow_api.py
[2023-10-10T17:46:10.810+0000] {logging_mixin.py:150} INFO - [2023-10-10T17:46:10.810+0000] {dag.py:2742} INFO - Sync 1 DAGs
[2023-10-10T17:46:10.844+0000] {logging_mixin.py:150} INFO - [2023-10-10T17:46:10.844+0000] {dag.py:3508} INFO - Setting next_dagrun for tutorial_taskflow_api to None, run_after=None
[2023-10-10T17:46:10.869+0000] {processor.py:179} INFO - Processing /home/airflow/.local/lib/python3.7/site-packages/airflow/example_dags/tutorial_taskflow_api.py took 0.114 seconds
[2023-10-10T17:46:41.145+0000] {processor.py:157} INFO - Started process (PID=1747) to work on /home/airflow/.local/lib/python3.7/site-packages/airflow/example_dags/tutorial_taskflow_api.py
[2023-10-10T17:46:41.147+0000] {processor.py:826} INFO - Processing file /home/airflow/.local/lib/python3.7/site-packages/airflow/example_dags/tutorial_taskflow_api.py for tasks to queue
[2023-10-10T17:46:41.149+0000] {logging_mixin.py:150} INFO - [2023-10-10T17:46:41.148+0000] {dagbag.py:541} INFO - Filling up the DagBag from /home/airflow/.local/lib/python3.7/site-packages/airflow/example_dags/tutorial_taskflow_api.py
[2023-10-10T17:46:41.160+0000] {processor.py:836} INFO - DAG(s) dict_keys(['tutorial_taskflow_api']) retrieved from /home/airflow/.local/lib/python3.7/site-packages/airflow/example_dags/tutorial_taskflow_api.py
[2023-10-10T17:46:41.191+0000] {logging_mixin.py:150} INFO - [2023-10-10T17:46:41.191+0000] {dag.py:2742} INFO - Sync 1 DAGs
[2023-10-10T17:46:41.233+0000] {logging_mixin.py:150} INFO - [2023-10-10T17:46:41.233+0000] {dag.py:3508} INFO - Setting next_dagrun for tutorial_taskflow_api to None, run_after=None
[2023-10-10T17:46:41.263+0000] {processor.py:179} INFO - Processing /home/airflow/.local/lib/python3.7/site-packages/airflow/example_dags/tutorial_taskflow_api.py took 0.123 seconds
[2023-10-10T17:47:11.599+0000] {processor.py:157} INFO - Started process (PID=1836) to work on /home/airflow/.local/lib/python3.7/site-packages/airflow/example_dags/tutorial_taskflow_api.py
[2023-10-10T17:47:11.602+0000] {processor.py:826} INFO - Processing file /home/airflow/.local/lib/python3.7/site-packages/airflow/example_dags/tutorial_taskflow_api.py for tasks to queue
[2023-10-10T17:47:11.604+0000] {logging_mixin.py:150} INFO - [2023-10-10T17:47:11.604+0000] {dagbag.py:541} INFO - Filling up the DagBag from /home/airflow/.local/lib/python3.7/site-packages/airflow/example_dags/tutorial_taskflow_api.py
[2023-10-10T17:47:11.617+0000] {processor.py:836} INFO - DAG(s) dict_keys(['tutorial_taskflow_api']) retrieved from /home/airflow/.local/lib/python3.7/site-packages/airflow/example_dags/tutorial_taskflow_api.py
[2023-10-10T17:47:11.663+0000] {logging_mixin.py:150} INFO - [2023-10-10T17:47:11.663+0000] {dag.py:2742} INFO - Sync 1 DAGs
[2023-10-10T17:47:11.704+0000] {logging_mixin.py:150} INFO - [2023-10-10T17:47:11.704+0000] {dag.py:3508} INFO - Setting next_dagrun for tutorial_taskflow_api to None, run_after=None
[2023-10-10T17:47:11.735+0000] {processor.py:179} INFO - Processing /home/airflow/.local/lib/python3.7/site-packages/airflow/example_dags/tutorial_taskflow_api.py took 0.142 seconds
[2023-10-10T17:47:41.965+0000] {processor.py:157} INFO - Started process (PID=1916) to work on /home/airflow/.local/lib/python3.7/site-packages/airflow/example_dags/tutorial_taskflow_api.py
[2023-10-10T17:47:41.968+0000] {processor.py:826} INFO - Processing file /home/airflow/.local/lib/python3.7/site-packages/airflow/example_dags/tutorial_taskflow_api.py for tasks to queue
[2023-10-10T17:47:41.969+0000] {logging_mixin.py:150} INFO - [2023-10-10T17:47:41.969+0000] {dagbag.py:541} INFO - Filling up the DagBag from /home/airflow/.local/lib/python3.7/site-packages/airflow/example_dags/tutorial_taskflow_api.py
[2023-10-10T17:47:41.980+0000] {processor.py:836} INFO - DAG(s) dict_keys(['tutorial_taskflow_api']) retrieved from /home/airflow/.local/lib/python3.7/site-packages/airflow/example_dags/tutorial_taskflow_api.py
[2023-10-10T17:47:42.012+0000] {logging_mixin.py:150} INFO - [2023-10-10T17:47:42.012+0000] {dag.py:2742} INFO - Sync 1 DAGs
[2023-10-10T17:47:42.044+0000] {logging_mixin.py:150} INFO - [2023-10-10T17:47:42.044+0000] {dag.py:3508} INFO - Setting next_dagrun for tutorial_taskflow_api to None, run_after=None
[2023-10-10T17:47:42.068+0000] {processor.py:179} INFO - Processing /home/airflow/.local/lib/python3.7/site-packages/airflow/example_dags/tutorial_taskflow_api.py took 0.108 seconds
[2023-10-10T17:48:12.668+0000] {processor.py:157} INFO - Started process (PID=2005) to work on /home/airflow/.local/lib/python3.7/site-packages/airflow/example_dags/tutorial_taskflow_api.py
[2023-10-10T17:48:12.671+0000] {processor.py:826} INFO - Processing file /home/airflow/.local/lib/python3.7/site-packages/airflow/example_dags/tutorial_taskflow_api.py for tasks to queue
[2023-10-10T17:48:12.674+0000] {logging_mixin.py:150} INFO - [2023-10-10T17:48:12.673+0000] {dagbag.py:541} INFO - Filling up the DagBag from /home/airflow/.local/lib/python3.7/site-packages/airflow/example_dags/tutorial_taskflow_api.py
[2023-10-10T17:48:12.689+0000] {processor.py:836} INFO - DAG(s) dict_keys(['tutorial_taskflow_api']) retrieved from /home/airflow/.local/lib/python3.7/site-packages/airflow/example_dags/tutorial_taskflow_api.py
[2023-10-10T17:48:12.739+0000] {logging_mixin.py:150} INFO - [2023-10-10T17:48:12.739+0000] {dag.py:2742} INFO - Sync 1 DAGs
[2023-10-10T17:48:12.787+0000] {logging_mixin.py:150} INFO - [2023-10-10T17:48:12.787+0000] {dag.py:3508} INFO - Setting next_dagrun for tutorial_taskflow_api to None, run_after=None
[2023-10-10T17:48:12.820+0000] {processor.py:179} INFO - Processing /home/airflow/.local/lib/python3.7/site-packages/airflow/example_dags/tutorial_taskflow_api.py took 0.165 seconds
[2023-10-10T17:48:43.055+0000] {processor.py:157} INFO - Started process (PID=2088) to work on /home/airflow/.local/lib/python3.7/site-packages/airflow/example_dags/tutorial_taskflow_api.py
[2023-10-10T17:48:43.058+0000] {processor.py:826} INFO - Processing file /home/airflow/.local/lib/python3.7/site-packages/airflow/example_dags/tutorial_taskflow_api.py for tasks to queue
[2023-10-10T17:48:43.060+0000] {logging_mixin.py:150} INFO - [2023-10-10T17:48:43.059+0000] {dagbag.py:541} INFO - Filling up the DagBag from /home/airflow/.local/lib/python3.7/site-packages/airflow/example_dags/tutorial_taskflow_api.py
[2023-10-10T17:48:43.071+0000] {processor.py:836} INFO - DAG(s) dict_keys(['tutorial_taskflow_api']) retrieved from /home/airflow/.local/lib/python3.7/site-packages/airflow/example_dags/tutorial_taskflow_api.py
[2023-10-10T17:48:43.105+0000] {logging_mixin.py:150} INFO - [2023-10-10T17:48:43.105+0000] {dag.py:2742} INFO - Sync 1 DAGs
[2023-10-10T17:48:43.140+0000] {logging_mixin.py:150} INFO - [2023-10-10T17:48:43.140+0000] {dag.py:3508} INFO - Setting next_dagrun for tutorial_taskflow_api to None, run_after=None
[2023-10-10T17:48:43.167+0000] {processor.py:179} INFO - Processing /home/airflow/.local/lib/python3.7/site-packages/airflow/example_dags/tutorial_taskflow_api.py took 0.117 seconds
[2023-10-10T17:49:13.412+0000] {processor.py:157} INFO - Started process (PID=2179) to work on /home/airflow/.local/lib/python3.7/site-packages/airflow/example_dags/tutorial_taskflow_api.py
[2023-10-10T17:49:13.416+0000] {processor.py:826} INFO - Processing file /home/airflow/.local/lib/python3.7/site-packages/airflow/example_dags/tutorial_taskflow_api.py for tasks to queue
[2023-10-10T17:49:13.419+0000] {logging_mixin.py:150} INFO - [2023-10-10T17:49:13.418+0000] {dagbag.py:541} INFO - Filling up the DagBag from /home/airflow/.local/lib/python3.7/site-packages/airflow/example_dags/tutorial_taskflow_api.py
[2023-10-10T17:49:13.439+0000] {processor.py:836} INFO - DAG(s) dict_keys(['tutorial_taskflow_api']) retrieved from /home/airflow/.local/lib/python3.7/site-packages/airflow/example_dags/tutorial_taskflow_api.py
[2023-10-10T17:49:13.490+0000] {logging_mixin.py:150} INFO - [2023-10-10T17:49:13.489+0000] {dag.py:2742} INFO - Sync 1 DAGs
[2023-10-10T17:49:13.545+0000] {logging_mixin.py:150} INFO - [2023-10-10T17:49:13.545+0000] {dag.py:3508} INFO - Setting next_dagrun for tutorial_taskflow_api to None, run_after=None
[2023-10-10T17:49:13.604+0000] {processor.py:179} INFO - Processing /home/airflow/.local/lib/python3.7/site-packages/airflow/example_dags/tutorial_taskflow_api.py took 0.199 seconds
[2023-10-10T17:49:44.478+0000] {processor.py:157} INFO - Started process (PID=2261) to work on /home/airflow/.local/lib/python3.7/site-packages/airflow/example_dags/tutorial_taskflow_api.py
[2023-10-10T17:49:44.480+0000] {processor.py:826} INFO - Processing file /home/airflow/.local/lib/python3.7/site-packages/airflow/example_dags/tutorial_taskflow_api.py for tasks to queue
[2023-10-10T17:49:44.482+0000] {logging_mixin.py:150} INFO - [2023-10-10T17:49:44.482+0000] {dagbag.py:541} INFO - Filling up the DagBag from /home/airflow/.local/lib/python3.7/site-packages/airflow/example_dags/tutorial_taskflow_api.py
[2023-10-10T17:49:44.494+0000] {processor.py:836} INFO - DAG(s) dict_keys(['tutorial_taskflow_api']) retrieved from /home/airflow/.local/lib/python3.7/site-packages/airflow/example_dags/tutorial_taskflow_api.py
[2023-10-10T17:49:44.530+0000] {logging_mixin.py:150} INFO - [2023-10-10T17:49:44.529+0000] {dag.py:2742} INFO - Sync 1 DAGs
[2023-10-10T17:49:44.573+0000] {logging_mixin.py:150} INFO - [2023-10-10T17:49:44.572+0000] {dag.py:3508} INFO - Setting next_dagrun for tutorial_taskflow_api to None, run_after=None
[2023-10-10T17:49:44.604+0000] {processor.py:179} INFO - Processing /home/airflow/.local/lib/python3.7/site-packages/airflow/example_dags/tutorial_taskflow_api.py took 0.131 seconds
[2023-10-10T17:50:14.646+0000] {processor.py:157} INFO - Started process (PID=2341) to work on /home/airflow/.local/lib/python3.7/site-packages/airflow/example_dags/tutorial_taskflow_api.py
[2023-10-10T17:50:14.648+0000] {processor.py:826} INFO - Processing file /home/airflow/.local/lib/python3.7/site-packages/airflow/example_dags/tutorial_taskflow_api.py for tasks to queue
[2023-10-10T17:50:14.649+0000] {logging_mixin.py:150} INFO - [2023-10-10T17:50:14.649+0000] {dagbag.py:541} INFO - Filling up the DagBag from /home/airflow/.local/lib/python3.7/site-packages/airflow/example_dags/tutorial_taskflow_api.py
[2023-10-10T17:50:14.659+0000] {processor.py:836} INFO - DAG(s) dict_keys(['tutorial_taskflow_api']) retrieved from /home/airflow/.local/lib/python3.7/site-packages/airflow/example_dags/tutorial_taskflow_api.py
[2023-10-10T17:50:14.691+0000] {logging_mixin.py:150} INFO - [2023-10-10T17:50:14.691+0000] {dag.py:2742} INFO - Sync 1 DAGs
[2023-10-10T17:50:14.724+0000] {logging_mixin.py:150} INFO - [2023-10-10T17:50:14.724+0000] {dag.py:3508} INFO - Setting next_dagrun for tutorial_taskflow_api to None, run_after=None
[2023-10-10T17:50:14.760+0000] {processor.py:179} INFO - Processing /home/airflow/.local/lib/python3.7/site-packages/airflow/example_dags/tutorial_taskflow_api.py took 0.119 seconds
[2023-10-10T17:50:44.809+0000] {processor.py:157} INFO - Started process (PID=2432) to work on /home/airflow/.local/lib/python3.7/site-packages/airflow/example_dags/tutorial_taskflow_api.py
[2023-10-10T17:50:44.812+0000] {processor.py:826} INFO - Processing file /home/airflow/.local/lib/python3.7/site-packages/airflow/example_dags/tutorial_taskflow_api.py for tasks to queue
[2023-10-10T17:50:44.813+0000] {logging_mixin.py:150} INFO - [2023-10-10T17:50:44.813+0000] {dagbag.py:541} INFO - Filling up the DagBag from /home/airflow/.local/lib/python3.7/site-packages/airflow/example_dags/tutorial_taskflow_api.py
[2023-10-10T17:50:44.824+0000] {processor.py:836} INFO - DAG(s) dict_keys(['tutorial_taskflow_api']) retrieved from /home/airflow/.local/lib/python3.7/site-packages/airflow/example_dags/tutorial_taskflow_api.py
[2023-10-10T17:50:44.856+0000] {logging_mixin.py:150} INFO - [2023-10-10T17:50:44.856+0000] {dag.py:2742} INFO - Sync 1 DAGs
[2023-10-10T17:50:44.886+0000] {logging_mixin.py:150} INFO - [2023-10-10T17:50:44.886+0000] {dag.py:3508} INFO - Setting next_dagrun for tutorial_taskflow_api to None, run_after=None
[2023-10-10T17:50:44.910+0000] {processor.py:179} INFO - Processing /home/airflow/.local/lib/python3.7/site-packages/airflow/example_dags/tutorial_taskflow_api.py took 0.106 seconds
[2023-10-10T17:51:15.262+0000] {processor.py:157} INFO - Started process (PID=2512) to work on /home/airflow/.local/lib/python3.7/site-packages/airflow/example_dags/tutorial_taskflow_api.py
[2023-10-10T17:51:15.264+0000] {processor.py:826} INFO - Processing file /home/airflow/.local/lib/python3.7/site-packages/airflow/example_dags/tutorial_taskflow_api.py for tasks to queue
[2023-10-10T17:51:15.266+0000] {logging_mixin.py:150} INFO - [2023-10-10T17:51:15.265+0000] {dagbag.py:541} INFO - Filling up the DagBag from /home/airflow/.local/lib/python3.7/site-packages/airflow/example_dags/tutorial_taskflow_api.py
[2023-10-10T17:51:15.279+0000] {processor.py:836} INFO - DAG(s) dict_keys(['tutorial_taskflow_api']) retrieved from /home/airflow/.local/lib/python3.7/site-packages/airflow/example_dags/tutorial_taskflow_api.py
[2023-10-10T17:51:15.312+0000] {logging_mixin.py:150} INFO - [2023-10-10T17:51:15.312+0000] {dag.py:2742} INFO - Sync 1 DAGs
[2023-10-10T17:51:15.344+0000] {logging_mixin.py:150} INFO - [2023-10-10T17:51:15.344+0000] {dag.py:3508} INFO - Setting next_dagrun for tutorial_taskflow_api to None, run_after=None
[2023-10-10T17:51:15.368+0000] {processor.py:179} INFO - Processing /home/airflow/.local/lib/python3.7/site-packages/airflow/example_dags/tutorial_taskflow_api.py took 0.113 seconds
[2023-10-10T17:51:46.184+0000] {processor.py:157} INFO - Started process (PID=2605) to work on /home/airflow/.local/lib/python3.7/site-packages/airflow/example_dags/tutorial_taskflow_api.py
[2023-10-10T17:51:46.185+0000] {processor.py:826} INFO - Processing file /home/airflow/.local/lib/python3.7/site-packages/airflow/example_dags/tutorial_taskflow_api.py for tasks to queue
[2023-10-10T17:51:46.187+0000] {logging_mixin.py:150} INFO - [2023-10-10T17:51:46.187+0000] {dagbag.py:541} INFO - Filling up the DagBag from /home/airflow/.local/lib/python3.7/site-packages/airflow/example_dags/tutorial_taskflow_api.py
[2023-10-10T17:51:46.196+0000] {processor.py:836} INFO - DAG(s) dict_keys(['tutorial_taskflow_api']) retrieved from /home/airflow/.local/lib/python3.7/site-packages/airflow/example_dags/tutorial_taskflow_api.py
[2023-10-10T17:51:46.227+0000] {logging_mixin.py:150} INFO - [2023-10-10T17:51:46.227+0000] {dag.py:2742} INFO - Sync 1 DAGs
[2023-10-10T17:51:46.260+0000] {logging_mixin.py:150} INFO - [2023-10-10T17:51:46.260+0000] {dag.py:3508} INFO - Setting next_dagrun for tutorial_taskflow_api to None, run_after=None
[2023-10-10T17:51:46.284+0000] {processor.py:179} INFO - Processing /home/airflow/.local/lib/python3.7/site-packages/airflow/example_dags/tutorial_taskflow_api.py took 0.105 seconds
[2023-10-10T17:52:16.462+0000] {processor.py:157} INFO - Started process (PID=2686) to work on /home/airflow/.local/lib/python3.7/site-packages/airflow/example_dags/tutorial_taskflow_api.py
[2023-10-10T17:52:16.464+0000] {processor.py:826} INFO - Processing file /home/airflow/.local/lib/python3.7/site-packages/airflow/example_dags/tutorial_taskflow_api.py for tasks to queue
[2023-10-10T17:52:16.466+0000] {logging_mixin.py:150} INFO - [2023-10-10T17:52:16.466+0000] {dagbag.py:541} INFO - Filling up the DagBag from /home/airflow/.local/lib/python3.7/site-packages/airflow/example_dags/tutorial_taskflow_api.py
[2023-10-10T17:52:16.476+0000] {processor.py:836} INFO - DAG(s) dict_keys(['tutorial_taskflow_api']) retrieved from /home/airflow/.local/lib/python3.7/site-packages/airflow/example_dags/tutorial_taskflow_api.py
[2023-10-10T17:52:16.509+0000] {logging_mixin.py:150} INFO - [2023-10-10T17:52:16.508+0000] {dag.py:2742} INFO - Sync 1 DAGs
[2023-10-10T17:52:16.545+0000] {logging_mixin.py:150} INFO - [2023-10-10T17:52:16.544+0000] {dag.py:3508} INFO - Setting next_dagrun for tutorial_taskflow_api to None, run_after=None
[2023-10-10T17:52:16.568+0000] {processor.py:179} INFO - Processing /home/airflow/.local/lib/python3.7/site-packages/airflow/example_dags/tutorial_taskflow_api.py took 0.111 seconds
[2023-10-10T17:52:46.706+0000] {processor.py:157} INFO - Started process (PID=2769) to work on /home/airflow/.local/lib/python3.7/site-packages/airflow/example_dags/tutorial_taskflow_api.py
[2023-10-10T17:52:46.708+0000] {processor.py:826} INFO - Processing file /home/airflow/.local/lib/python3.7/site-packages/airflow/example_dags/tutorial_taskflow_api.py for tasks to queue
[2023-10-10T17:52:46.710+0000] {logging_mixin.py:150} INFO - [2023-10-10T17:52:46.709+0000] {dagbag.py:541} INFO - Filling up the DagBag from /home/airflow/.local/lib/python3.7/site-packages/airflow/example_dags/tutorial_taskflow_api.py
[2023-10-10T17:52:46.719+0000] {processor.py:836} INFO - DAG(s) dict_keys(['tutorial_taskflow_api']) retrieved from /home/airflow/.local/lib/python3.7/site-packages/airflow/example_dags/tutorial_taskflow_api.py
[2023-10-10T17:52:46.767+0000] {logging_mixin.py:150} INFO - [2023-10-10T17:52:46.767+0000] {dag.py:2742} INFO - Sync 1 DAGs
[2023-10-10T17:52:46.809+0000] {logging_mixin.py:150} INFO - [2023-10-10T17:52:46.809+0000] {dag.py:3508} INFO - Setting next_dagrun for tutorial_taskflow_api to None, run_after=None
[2023-10-10T17:52:46.855+0000] {processor.py:179} INFO - Processing /home/airflow/.local/lib/python3.7/site-packages/airflow/example_dags/tutorial_taskflow_api.py took 0.154 seconds
[2023-10-10T17:53:17.310+0000] {processor.py:157} INFO - Started process (PID=2853) to work on /home/airflow/.local/lib/python3.7/site-packages/airflow/example_dags/tutorial_taskflow_api.py
[2023-10-10T17:53:17.313+0000] {processor.py:826} INFO - Processing file /home/airflow/.local/lib/python3.7/site-packages/airflow/example_dags/tutorial_taskflow_api.py for tasks to queue
[2023-10-10T17:53:17.315+0000] {logging_mixin.py:150} INFO - [2023-10-10T17:53:17.315+0000] {dagbag.py:541} INFO - Filling up the DagBag from /home/airflow/.local/lib/python3.7/site-packages/airflow/example_dags/tutorial_taskflow_api.py
[2023-10-10T17:53:17.328+0000] {processor.py:836} INFO - DAG(s) dict_keys(['tutorial_taskflow_api']) retrieved from /home/airflow/.local/lib/python3.7/site-packages/airflow/example_dags/tutorial_taskflow_api.py
[2023-10-10T17:53:17.368+0000] {logging_mixin.py:150} INFO - [2023-10-10T17:53:17.368+0000] {dag.py:2742} INFO - Sync 1 DAGs
[2023-10-10T17:53:17.415+0000] {logging_mixin.py:150} INFO - [2023-10-10T17:53:17.415+0000] {dag.py:3508} INFO - Setting next_dagrun for tutorial_taskflow_api to None, run_after=None
[2023-10-10T17:53:17.445+0000] {processor.py:179} INFO - Processing /home/airflow/.local/lib/python3.7/site-packages/airflow/example_dags/tutorial_taskflow_api.py took 0.141 seconds
[2023-10-10T17:53:47.554+0000] {processor.py:157} INFO - Started process (PID=2934) to work on /home/airflow/.local/lib/python3.7/site-packages/airflow/example_dags/tutorial_taskflow_api.py
[2023-10-10T17:53:47.556+0000] {processor.py:826} INFO - Processing file /home/airflow/.local/lib/python3.7/site-packages/airflow/example_dags/tutorial_taskflow_api.py for tasks to queue
[2023-10-10T17:53:47.560+0000] {logging_mixin.py:150} INFO - [2023-10-10T17:53:47.559+0000] {dagbag.py:541} INFO - Filling up the DagBag from /home/airflow/.local/lib/python3.7/site-packages/airflow/example_dags/tutorial_taskflow_api.py
[2023-10-10T17:53:47.580+0000] {processor.py:836} INFO - DAG(s) dict_keys(['tutorial_taskflow_api']) retrieved from /home/airflow/.local/lib/python3.7/site-packages/airflow/example_dags/tutorial_taskflow_api.py
[2023-10-10T17:53:47.621+0000] {logging_mixin.py:150} INFO - [2023-10-10T17:53:47.621+0000] {dag.py:2742} INFO - Sync 1 DAGs
[2023-10-10T17:53:47.668+0000] {logging_mixin.py:150} INFO - [2023-10-10T17:53:47.667+0000] {dag.py:3508} INFO - Setting next_dagrun for tutorial_taskflow_api to None, run_after=None
[2023-10-10T17:53:47.703+0000] {processor.py:179} INFO - Processing /home/airflow/.local/lib/python3.7/site-packages/airflow/example_dags/tutorial_taskflow_api.py took 0.156 seconds
[2023-10-10T17:54:17.787+0000] {processor.py:157} INFO - Started process (PID=3024) to work on /home/airflow/.local/lib/python3.7/site-packages/airflow/example_dags/tutorial_taskflow_api.py
[2023-10-10T17:54:17.789+0000] {processor.py:826} INFO - Processing file /home/airflow/.local/lib/python3.7/site-packages/airflow/example_dags/tutorial_taskflow_api.py for tasks to queue
[2023-10-10T17:54:17.790+0000] {logging_mixin.py:150} INFO - [2023-10-10T17:54:17.790+0000] {dagbag.py:541} INFO - Filling up the DagBag from /home/airflow/.local/lib/python3.7/site-packages/airflow/example_dags/tutorial_taskflow_api.py
[2023-10-10T17:54:17.802+0000] {processor.py:836} INFO - DAG(s) dict_keys(['tutorial_taskflow_api']) retrieved from /home/airflow/.local/lib/python3.7/site-packages/airflow/example_dags/tutorial_taskflow_api.py
[2023-10-10T17:54:17.836+0000] {logging_mixin.py:150} INFO - [2023-10-10T17:54:17.835+0000] {dag.py:2742} INFO - Sync 1 DAGs
[2023-10-10T17:54:17.868+0000] {logging_mixin.py:150} INFO - [2023-10-10T17:54:17.868+0000] {dag.py:3508} INFO - Setting next_dagrun for tutorial_taskflow_api to None, run_after=None
[2023-10-10T17:54:17.894+0000] {processor.py:179} INFO - Processing /home/airflow/.local/lib/python3.7/site-packages/airflow/example_dags/tutorial_taskflow_api.py took 0.113 seconds
[2023-10-10T17:54:49.374+0000] {processor.py:157} INFO - Started process (PID=3126) to work on /home/airflow/.local/lib/python3.7/site-packages/airflow/example_dags/tutorial_taskflow_api.py
[2023-10-10T17:54:49.377+0000] {processor.py:826} INFO - Processing file /home/airflow/.local/lib/python3.7/site-packages/airflow/example_dags/tutorial_taskflow_api.py for tasks to queue
[2023-10-10T17:54:49.381+0000] {logging_mixin.py:150} INFO - [2023-10-10T17:54:49.381+0000] {dagbag.py:541} INFO - Filling up the DagBag from /home/airflow/.local/lib/python3.7/site-packages/airflow/example_dags/tutorial_taskflow_api.py
[2023-10-10T17:54:49.406+0000] {processor.py:836} INFO - DAG(s) dict_keys(['tutorial_taskflow_api']) retrieved from /home/airflow/.local/lib/python3.7/site-packages/airflow/example_dags/tutorial_taskflow_api.py
[2023-10-10T17:54:49.541+0000] {logging_mixin.py:150} INFO - [2023-10-10T17:54:49.540+0000] {dag.py:2742} INFO - Sync 1 DAGs
[2023-10-10T17:54:49.655+0000] {logging_mixin.py:150} INFO - [2023-10-10T17:54:49.655+0000] {dag.py:3508} INFO - Setting next_dagrun for tutorial_taskflow_api to None, run_after=None
[2023-10-10T17:54:49.747+0000] {processor.py:179} INFO - Processing /home/airflow/.local/lib/python3.7/site-packages/airflow/example_dags/tutorial_taskflow_api.py took 0.386 seconds
[2023-10-10T17:56:00.936+0000] {processor.py:157} INFO - Started process (PID=3214) to work on /home/airflow/.local/lib/python3.7/site-packages/airflow/example_dags/tutorial_taskflow_api.py
[2023-10-10T17:56:00.939+0000] {processor.py:826} INFO - Processing file /home/airflow/.local/lib/python3.7/site-packages/airflow/example_dags/tutorial_taskflow_api.py for tasks to queue
[2023-10-10T17:56:00.943+0000] {logging_mixin.py:150} INFO - [2023-10-10T17:56:00.942+0000] {dagbag.py:541} INFO - Filling up the DagBag from /home/airflow/.local/lib/python3.7/site-packages/airflow/example_dags/tutorial_taskflow_api.py
[2023-10-10T17:56:00.968+0000] {processor.py:836} INFO - DAG(s) dict_keys(['tutorial_taskflow_api']) retrieved from /home/airflow/.local/lib/python3.7/site-packages/airflow/example_dags/tutorial_taskflow_api.py
[2023-10-10T17:56:01.087+0000] {logging_mixin.py:150} INFO - [2023-10-10T17:56:01.087+0000] {dag.py:2742} INFO - Sync 1 DAGs
[2023-10-10T17:56:01.245+0000] {logging_mixin.py:150} INFO - [2023-10-10T17:56:01.244+0000] {dag.py:3508} INFO - Setting next_dagrun for tutorial_taskflow_api to None, run_after=None
[2023-10-10T17:56:01.359+0000] {processor.py:179} INFO - Processing /home/airflow/.local/lib/python3.7/site-packages/airflow/example_dags/tutorial_taskflow_api.py took 0.435 seconds
[2023-10-10T17:56:31.488+0000] {processor.py:157} INFO - Started process (PID=3289) to work on /home/airflow/.local/lib/python3.7/site-packages/airflow/example_dags/tutorial_taskflow_api.py
[2023-10-10T17:56:31.492+0000] {processor.py:826} INFO - Processing file /home/airflow/.local/lib/python3.7/site-packages/airflow/example_dags/tutorial_taskflow_api.py for tasks to queue
[2023-10-10T17:56:31.495+0000] {logging_mixin.py:150} INFO - [2023-10-10T17:56:31.494+0000] {dagbag.py:541} INFO - Filling up the DagBag from /home/airflow/.local/lib/python3.7/site-packages/airflow/example_dags/tutorial_taskflow_api.py
[2023-10-10T17:56:31.513+0000] {processor.py:836} INFO - DAG(s) dict_keys(['tutorial_taskflow_api']) retrieved from /home/airflow/.local/lib/python3.7/site-packages/airflow/example_dags/tutorial_taskflow_api.py
[2023-10-10T17:56:31.570+0000] {logging_mixin.py:150} INFO - [2023-10-10T17:56:31.569+0000] {dag.py:2742} INFO - Sync 1 DAGs
[2023-10-10T17:56:31.665+0000] {logging_mixin.py:150} INFO - [2023-10-10T17:56:31.665+0000] {dag.py:3508} INFO - Setting next_dagrun for tutorial_taskflow_api to None, run_after=None
[2023-10-10T17:56:31.727+0000] {processor.py:179} INFO - Processing /home/airflow/.local/lib/python3.7/site-packages/airflow/example_dags/tutorial_taskflow_api.py took 0.247 seconds
[2023-10-10T17:57:01.907+0000] {processor.py:157} INFO - Started process (PID=3370) to work on /home/airflow/.local/lib/python3.7/site-packages/airflow/example_dags/tutorial_taskflow_api.py
[2023-10-10T17:57:01.914+0000] {processor.py:826} INFO - Processing file /home/airflow/.local/lib/python3.7/site-packages/airflow/example_dags/tutorial_taskflow_api.py for tasks to queue
[2023-10-10T17:57:01.922+0000] {logging_mixin.py:150} INFO - [2023-10-10T17:57:01.921+0000] {dagbag.py:541} INFO - Filling up the DagBag from /home/airflow/.local/lib/python3.7/site-packages/airflow/example_dags/tutorial_taskflow_api.py
[2023-10-10T17:57:01.974+0000] {processor.py:836} INFO - DAG(s) dict_keys(['tutorial_taskflow_api']) retrieved from /home/airflow/.local/lib/python3.7/site-packages/airflow/example_dags/tutorial_taskflow_api.py
[2023-10-10T17:57:02.121+0000] {logging_mixin.py:150} INFO - [2023-10-10T17:57:02.120+0000] {dag.py:2742} INFO - Sync 1 DAGs
[2023-10-10T17:57:02.366+0000] {logging_mixin.py:150} INFO - [2023-10-10T17:57:02.366+0000] {dag.py:3508} INFO - Setting next_dagrun for tutorial_taskflow_api to None, run_after=None
[2023-10-10T17:57:02.489+0000] {processor.py:179} INFO - Processing /home/airflow/.local/lib/python3.7/site-packages/airflow/example_dags/tutorial_taskflow_api.py took 0.613 seconds
[2023-10-10T17:58:09.501+0000] {processor.py:157} INFO - Started process (PID=3468) to work on /home/airflow/.local/lib/python3.7/site-packages/airflow/example_dags/tutorial_taskflow_api.py
[2023-10-10T17:58:09.599+0000] {processor.py:826} INFO - Processing file /home/airflow/.local/lib/python3.7/site-packages/airflow/example_dags/tutorial_taskflow_api.py for tasks to queue
[2023-10-10T17:58:09.654+0000] {logging_mixin.py:150} INFO - [2023-10-10T17:58:09.652+0000] {dagbag.py:541} INFO - Filling up the DagBag from /home/airflow/.local/lib/python3.7/site-packages/airflow/example_dags/tutorial_taskflow_api.py
[2023-10-10T17:58:09.836+0000] {processor.py:836} INFO - DAG(s) dict_keys(['tutorial_taskflow_api']) retrieved from /home/airflow/.local/lib/python3.7/site-packages/airflow/example_dags/tutorial_taskflow_api.py
[2023-10-10T17:58:11.156+0000] {logging_mixin.py:150} INFO - [2023-10-10T17:58:11.155+0000] {dag.py:2742} INFO - Sync 1 DAGs
[2023-10-10T17:58:11.903+0000] {logging_mixin.py:150} INFO - [2023-10-10T17:58:11.902+0000] {dag.py:3508} INFO - Setting next_dagrun for tutorial_taskflow_api to None, run_after=None
[2023-10-10T17:58:12.164+0000] {processor.py:179} INFO - Processing /home/airflow/.local/lib/python3.7/site-packages/airflow/example_dags/tutorial_taskflow_api.py took 2.706 seconds
[2023-10-10T17:58:46.724+0000] {processor.py:157} INFO - Started process (PID=3556) to work on /home/airflow/.local/lib/python3.7/site-packages/airflow/example_dags/tutorial_taskflow_api.py
[2023-10-10T17:58:46.730+0000] {processor.py:826} INFO - Processing file /home/airflow/.local/lib/python3.7/site-packages/airflow/example_dags/tutorial_taskflow_api.py for tasks to queue
[2023-10-10T17:58:46.734+0000] {logging_mixin.py:150} INFO - [2023-10-10T17:58:46.734+0000] {dagbag.py:541} INFO - Filling up the DagBag from /home/airflow/.local/lib/python3.7/site-packages/airflow/example_dags/tutorial_taskflow_api.py
[2023-10-10T17:58:46.771+0000] {processor.py:836} INFO - DAG(s) dict_keys(['tutorial_taskflow_api']) retrieved from /home/airflow/.local/lib/python3.7/site-packages/airflow/example_dags/tutorial_taskflow_api.py
[2023-10-10T17:58:46.899+0000] {logging_mixin.py:150} INFO - [2023-10-10T17:58:46.898+0000] {dag.py:2742} INFO - Sync 1 DAGs
[2023-10-10T17:58:47.031+0000] {logging_mixin.py:150} INFO - [2023-10-10T17:58:47.031+0000] {dag.py:3508} INFO - Setting next_dagrun for tutorial_taskflow_api to None, run_after=None
[2023-10-10T17:58:47.123+0000] {processor.py:179} INFO - Processing /home/airflow/.local/lib/python3.7/site-packages/airflow/example_dags/tutorial_taskflow_api.py took 0.413 seconds
[2023-10-10T17:59:29.754+0000] {processor.py:157} INFO - Started process (PID=3651) to work on /home/airflow/.local/lib/python3.7/site-packages/airflow/example_dags/tutorial_taskflow_api.py
[2023-10-10T17:59:29.761+0000] {processor.py:826} INFO - Processing file /home/airflow/.local/lib/python3.7/site-packages/airflow/example_dags/tutorial_taskflow_api.py for tasks to queue
[2023-10-10T17:59:29.778+0000] {logging_mixin.py:150} INFO - [2023-10-10T17:59:29.766+0000] {dagbag.py:541} INFO - Filling up the DagBag from /home/airflow/.local/lib/python3.7/site-packages/airflow/example_dags/tutorial_taskflow_api.py
[2023-10-10T17:59:29.877+0000] {processor.py:836} INFO - DAG(s) dict_keys(['tutorial_taskflow_api']) retrieved from /home/airflow/.local/lib/python3.7/site-packages/airflow/example_dags/tutorial_taskflow_api.py
[2023-10-10T17:59:30.251+0000] {logging_mixin.py:150} INFO - [2023-10-10T17:59:30.251+0000] {dag.py:2742} INFO - Sync 1 DAGs
[2023-10-10T17:59:30.611+0000] {logging_mixin.py:150} INFO - [2023-10-10T17:59:30.605+0000] {dag.py:3508} INFO - Setting next_dagrun for tutorial_taskflow_api to None, run_after=None
[2023-10-10T17:59:31.017+0000] {processor.py:179} INFO - Processing /home/airflow/.local/lib/python3.7/site-packages/airflow/example_dags/tutorial_taskflow_api.py took 1.340 seconds
[2023-10-10T18:00:01.398+0000] {processor.py:157} INFO - Started process (PID=3723) to work on /home/airflow/.local/lib/python3.7/site-packages/airflow/example_dags/tutorial_taskflow_api.py
[2023-10-10T18:00:01.403+0000] {processor.py:826} INFO - Processing file /home/airflow/.local/lib/python3.7/site-packages/airflow/example_dags/tutorial_taskflow_api.py for tasks to queue
[2023-10-10T18:00:01.407+0000] {logging_mixin.py:150} INFO - [2023-10-10T18:00:01.406+0000] {dagbag.py:541} INFO - Filling up the DagBag from /home/airflow/.local/lib/python3.7/site-packages/airflow/example_dags/tutorial_taskflow_api.py
[2023-10-10T18:00:01.434+0000] {processor.py:836} INFO - DAG(s) dict_keys(['tutorial_taskflow_api']) retrieved from /home/airflow/.local/lib/python3.7/site-packages/airflow/example_dags/tutorial_taskflow_api.py
[2023-10-10T18:00:01.517+0000] {logging_mixin.py:150} INFO - [2023-10-10T18:00:01.516+0000] {dag.py:2742} INFO - Sync 1 DAGs
[2023-10-10T18:00:01.603+0000] {logging_mixin.py:150} INFO - [2023-10-10T18:00:01.602+0000] {dag.py:3508} INFO - Setting next_dagrun for tutorial_taskflow_api to None, run_after=None
[2023-10-10T18:00:01.661+0000] {processor.py:179} INFO - Processing /home/airflow/.local/lib/python3.7/site-packages/airflow/example_dags/tutorial_taskflow_api.py took 0.275 seconds
[2023-10-10T18:00:31.852+0000] {processor.py:157} INFO - Started process (PID=3806) to work on /home/airflow/.local/lib/python3.7/site-packages/airflow/example_dags/tutorial_taskflow_api.py
[2023-10-10T18:00:31.855+0000] {processor.py:826} INFO - Processing file /home/airflow/.local/lib/python3.7/site-packages/airflow/example_dags/tutorial_taskflow_api.py for tasks to queue
[2023-10-10T18:00:31.857+0000] {logging_mixin.py:150} INFO - [2023-10-10T18:00:31.857+0000] {dagbag.py:541} INFO - Filling up the DagBag from /home/airflow/.local/lib/python3.7/site-packages/airflow/example_dags/tutorial_taskflow_api.py
[2023-10-10T18:00:31.873+0000] {processor.py:836} INFO - DAG(s) dict_keys(['tutorial_taskflow_api']) retrieved from /home/airflow/.local/lib/python3.7/site-packages/airflow/example_dags/tutorial_taskflow_api.py
[2023-10-10T18:00:31.921+0000] {logging_mixin.py:150} INFO - [2023-10-10T18:00:31.921+0000] {dag.py:2742} INFO - Sync 1 DAGs
[2023-10-10T18:00:31.974+0000] {logging_mixin.py:150} INFO - [2023-10-10T18:00:31.974+0000] {dag.py:3508} INFO - Setting next_dagrun for tutorial_taskflow_api to None, run_after=None
[2023-10-10T18:00:32.012+0000] {processor.py:179} INFO - Processing /home/airflow/.local/lib/python3.7/site-packages/airflow/example_dags/tutorial_taskflow_api.py took 0.168 seconds
[2023-10-10T18:01:02.067+0000] {processor.py:157} INFO - Started process (PID=3887) to work on /home/airflow/.local/lib/python3.7/site-packages/airflow/example_dags/tutorial_taskflow_api.py
[2023-10-10T18:01:02.070+0000] {processor.py:826} INFO - Processing file /home/airflow/.local/lib/python3.7/site-packages/airflow/example_dags/tutorial_taskflow_api.py for tasks to queue
[2023-10-10T18:01:02.073+0000] {logging_mixin.py:150} INFO - [2023-10-10T18:01:02.072+0000] {dagbag.py:541} INFO - Filling up the DagBag from /home/airflow/.local/lib/python3.7/site-packages/airflow/example_dags/tutorial_taskflow_api.py
[2023-10-10T18:01:02.089+0000] {processor.py:836} INFO - DAG(s) dict_keys(['tutorial_taskflow_api']) retrieved from /home/airflow/.local/lib/python3.7/site-packages/airflow/example_dags/tutorial_taskflow_api.py
[2023-10-10T18:01:02.176+0000] {logging_mixin.py:150} INFO - [2023-10-10T18:01:02.176+0000] {dag.py:2742} INFO - Sync 1 DAGs
[2023-10-10T18:01:02.292+0000] {logging_mixin.py:150} INFO - [2023-10-10T18:01:02.291+0000] {dag.py:3508} INFO - Setting next_dagrun for tutorial_taskflow_api to None, run_after=None
[2023-10-10T18:01:02.370+0000] {processor.py:179} INFO - Processing /home/airflow/.local/lib/python3.7/site-packages/airflow/example_dags/tutorial_taskflow_api.py took 0.310 seconds
[2023-10-10T18:01:32.593+0000] {processor.py:157} INFO - Started process (PID=3968) to work on /home/airflow/.local/lib/python3.7/site-packages/airflow/example_dags/tutorial_taskflow_api.py
[2023-10-10T18:01:32.597+0000] {processor.py:826} INFO - Processing file /home/airflow/.local/lib/python3.7/site-packages/airflow/example_dags/tutorial_taskflow_api.py for tasks to queue
[2023-10-10T18:01:32.600+0000] {logging_mixin.py:150} INFO - [2023-10-10T18:01:32.600+0000] {dagbag.py:541} INFO - Filling up the DagBag from /home/airflow/.local/lib/python3.7/site-packages/airflow/example_dags/tutorial_taskflow_api.py
[2023-10-10T18:01:32.634+0000] {processor.py:836} INFO - DAG(s) dict_keys(['tutorial_taskflow_api']) retrieved from /home/airflow/.local/lib/python3.7/site-packages/airflow/example_dags/tutorial_taskflow_api.py
[2023-10-10T18:01:32.686+0000] {logging_mixin.py:150} INFO - [2023-10-10T18:01:32.686+0000] {dag.py:2742} INFO - Sync 1 DAGs
[2023-10-10T18:01:32.741+0000] {logging_mixin.py:150} INFO - [2023-10-10T18:01:32.741+0000] {dag.py:3508} INFO - Setting next_dagrun for tutorial_taskflow_api to None, run_after=None
[2023-10-10T18:01:32.788+0000] {processor.py:179} INFO - Processing /home/airflow/.local/lib/python3.7/site-packages/airflow/example_dags/tutorial_taskflow_api.py took 0.205 seconds
[2023-10-10T18:02:02.967+0000] {processor.py:157} INFO - Started process (PID=4049) to work on /home/airflow/.local/lib/python3.7/site-packages/airflow/example_dags/tutorial_taskflow_api.py
[2023-10-10T18:02:02.969+0000] {processor.py:826} INFO - Processing file /home/airflow/.local/lib/python3.7/site-packages/airflow/example_dags/tutorial_taskflow_api.py for tasks to queue
[2023-10-10T18:02:02.972+0000] {logging_mixin.py:150} INFO - [2023-10-10T18:02:02.972+0000] {dagbag.py:541} INFO - Filling up the DagBag from /home/airflow/.local/lib/python3.7/site-packages/airflow/example_dags/tutorial_taskflow_api.py
[2023-10-10T18:02:02.989+0000] {processor.py:836} INFO - DAG(s) dict_keys(['tutorial_taskflow_api']) retrieved from /home/airflow/.local/lib/python3.7/site-packages/airflow/example_dags/tutorial_taskflow_api.py
[2023-10-10T18:02:03.038+0000] {logging_mixin.py:150} INFO - [2023-10-10T18:02:03.037+0000] {dag.py:2742} INFO - Sync 1 DAGs
[2023-10-10T18:02:03.090+0000] {logging_mixin.py:150} INFO - [2023-10-10T18:02:03.089+0000] {dag.py:3508} INFO - Setting next_dagrun for tutorial_taskflow_api to None, run_after=None
[2023-10-10T18:02:03.127+0000] {processor.py:179} INFO - Processing /home/airflow/.local/lib/python3.7/site-packages/airflow/example_dags/tutorial_taskflow_api.py took 0.168 seconds
[2023-10-10T18:02:33.232+0000] {processor.py:157} INFO - Started process (PID=4137) to work on /home/airflow/.local/lib/python3.7/site-packages/airflow/example_dags/tutorial_taskflow_api.py
[2023-10-10T18:02:33.234+0000] {processor.py:826} INFO - Processing file /home/airflow/.local/lib/python3.7/site-packages/airflow/example_dags/tutorial_taskflow_api.py for tasks to queue
[2023-10-10T18:02:33.238+0000] {logging_mixin.py:150} INFO - [2023-10-10T18:02:33.237+0000] {dagbag.py:541} INFO - Filling up the DagBag from /home/airflow/.local/lib/python3.7/site-packages/airflow/example_dags/tutorial_taskflow_api.py
[2023-10-10T18:02:33.257+0000] {processor.py:836} INFO - DAG(s) dict_keys(['tutorial_taskflow_api']) retrieved from /home/airflow/.local/lib/python3.7/site-packages/airflow/example_dags/tutorial_taskflow_api.py
[2023-10-10T18:02:33.307+0000] {logging_mixin.py:150} INFO - [2023-10-10T18:02:33.307+0000] {dag.py:2742} INFO - Sync 1 DAGs
[2023-10-10T18:02:33.362+0000] {logging_mixin.py:150} INFO - [2023-10-10T18:02:33.361+0000] {dag.py:3508} INFO - Setting next_dagrun for tutorial_taskflow_api to None, run_after=None
[2023-10-10T18:02:33.402+0000] {processor.py:179} INFO - Processing /home/airflow/.local/lib/python3.7/site-packages/airflow/example_dags/tutorial_taskflow_api.py took 0.178 seconds
[2023-10-10T18:03:03.704+0000] {processor.py:157} INFO - Started process (PID=4220) to work on /home/airflow/.local/lib/python3.7/site-packages/airflow/example_dags/tutorial_taskflow_api.py
[2023-10-10T18:03:03.706+0000] {processor.py:826} INFO - Processing file /home/airflow/.local/lib/python3.7/site-packages/airflow/example_dags/tutorial_taskflow_api.py for tasks to queue
[2023-10-10T18:03:03.709+0000] {logging_mixin.py:150} INFO - [2023-10-10T18:03:03.708+0000] {dagbag.py:541} INFO - Filling up the DagBag from /home/airflow/.local/lib/python3.7/site-packages/airflow/example_dags/tutorial_taskflow_api.py
[2023-10-10T18:03:03.726+0000] {processor.py:836} INFO - DAG(s) dict_keys(['tutorial_taskflow_api']) retrieved from /home/airflow/.local/lib/python3.7/site-packages/airflow/example_dags/tutorial_taskflow_api.py
[2023-10-10T18:03:03.774+0000] {logging_mixin.py:150} INFO - [2023-10-10T18:03:03.773+0000] {dag.py:2742} INFO - Sync 1 DAGs
[2023-10-10T18:03:03.828+0000] {logging_mixin.py:150} INFO - [2023-10-10T18:03:03.827+0000] {dag.py:3508} INFO - Setting next_dagrun for tutorial_taskflow_api to None, run_after=None
[2023-10-10T18:03:03.867+0000] {processor.py:179} INFO - Processing /home/airflow/.local/lib/python3.7/site-packages/airflow/example_dags/tutorial_taskflow_api.py took 0.169 seconds
[2023-10-10T18:03:34.476+0000] {processor.py:157} INFO - Started process (PID=4301) to work on /home/airflow/.local/lib/python3.7/site-packages/airflow/example_dags/tutorial_taskflow_api.py
[2023-10-10T18:03:34.479+0000] {processor.py:826} INFO - Processing file /home/airflow/.local/lib/python3.7/site-packages/airflow/example_dags/tutorial_taskflow_api.py for tasks to queue
[2023-10-10T18:03:34.482+0000] {logging_mixin.py:150} INFO - [2023-10-10T18:03:34.481+0000] {dagbag.py:541} INFO - Filling up the DagBag from /home/airflow/.local/lib/python3.7/site-packages/airflow/example_dags/tutorial_taskflow_api.py
[2023-10-10T18:03:34.501+0000] {processor.py:836} INFO - DAG(s) dict_keys(['tutorial_taskflow_api']) retrieved from /home/airflow/.local/lib/python3.7/site-packages/airflow/example_dags/tutorial_taskflow_api.py
[2023-10-10T18:03:34.557+0000] {logging_mixin.py:150} INFO - [2023-10-10T18:03:34.556+0000] {dag.py:2742} INFO - Sync 1 DAGs
[2023-10-10T18:03:34.611+0000] {logging_mixin.py:150} INFO - [2023-10-10T18:03:34.611+0000] {dag.py:3508} INFO - Setting next_dagrun for tutorial_taskflow_api to None, run_after=None
[2023-10-10T18:03:34.653+0000] {processor.py:179} INFO - Processing /home/airflow/.local/lib/python3.7/site-packages/airflow/example_dags/tutorial_taskflow_api.py took 0.185 seconds
[2023-10-10T18:04:05.253+0000] {processor.py:157} INFO - Started process (PID=4381) to work on /home/airflow/.local/lib/python3.7/site-packages/airflow/example_dags/tutorial_taskflow_api.py
[2023-10-10T18:04:05.255+0000] {processor.py:826} INFO - Processing file /home/airflow/.local/lib/python3.7/site-packages/airflow/example_dags/tutorial_taskflow_api.py for tasks to queue
[2023-10-10T18:04:05.257+0000] {logging_mixin.py:150} INFO - [2023-10-10T18:04:05.256+0000] {dagbag.py:541} INFO - Filling up the DagBag from /home/airflow/.local/lib/python3.7/site-packages/airflow/example_dags/tutorial_taskflow_api.py
[2023-10-10T18:04:05.269+0000] {processor.py:836} INFO - DAG(s) dict_keys(['tutorial_taskflow_api']) retrieved from /home/airflow/.local/lib/python3.7/site-packages/airflow/example_dags/tutorial_taskflow_api.py
[2023-10-10T18:04:05.309+0000] {logging_mixin.py:150} INFO - [2023-10-10T18:04:05.309+0000] {dag.py:2742} INFO - Sync 1 DAGs
[2023-10-10T18:04:05.350+0000] {logging_mixin.py:150} INFO - [2023-10-10T18:04:05.349+0000] {dag.py:3508} INFO - Setting next_dagrun for tutorial_taskflow_api to None, run_after=None
[2023-10-10T18:04:05.380+0000] {processor.py:179} INFO - Processing /home/airflow/.local/lib/python3.7/site-packages/airflow/example_dags/tutorial_taskflow_api.py took 0.133 seconds
[2023-10-10T18:04:35.799+0000] {processor.py:157} INFO - Started process (PID=4471) to work on /home/airflow/.local/lib/python3.7/site-packages/airflow/example_dags/tutorial_taskflow_api.py
[2023-10-10T18:04:35.802+0000] {processor.py:826} INFO - Processing file /home/airflow/.local/lib/python3.7/site-packages/airflow/example_dags/tutorial_taskflow_api.py for tasks to queue
[2023-10-10T18:04:35.806+0000] {logging_mixin.py:150} INFO - [2023-10-10T18:04:35.805+0000] {dagbag.py:541} INFO - Filling up the DagBag from /home/airflow/.local/lib/python3.7/site-packages/airflow/example_dags/tutorial_taskflow_api.py
[2023-10-10T18:04:35.831+0000] {processor.py:836} INFO - DAG(s) dict_keys(['tutorial_taskflow_api']) retrieved from /home/airflow/.local/lib/python3.7/site-packages/airflow/example_dags/tutorial_taskflow_api.py
[2023-10-10T18:04:35.908+0000] {logging_mixin.py:150} INFO - [2023-10-10T18:04:35.907+0000] {dag.py:2742} INFO - Sync 1 DAGs
[2023-10-10T18:04:35.997+0000] {logging_mixin.py:150} INFO - [2023-10-10T18:04:35.997+0000] {dag.py:3508} INFO - Setting next_dagrun for tutorial_taskflow_api to None, run_after=None
[2023-10-10T18:04:36.056+0000] {processor.py:179} INFO - Processing /home/airflow/.local/lib/python3.7/site-packages/airflow/example_dags/tutorial_taskflow_api.py took 0.267 seconds
[2023-10-10T18:05:06.249+0000] {processor.py:157} INFO - Started process (PID=4543) to work on /home/airflow/.local/lib/python3.7/site-packages/airflow/example_dags/tutorial_taskflow_api.py
[2023-10-10T18:05:06.254+0000] {processor.py:826} INFO - Processing file /home/airflow/.local/lib/python3.7/site-packages/airflow/example_dags/tutorial_taskflow_api.py for tasks to queue
[2023-10-10T18:05:06.260+0000] {logging_mixin.py:150} INFO - [2023-10-10T18:05:06.259+0000] {dagbag.py:541} INFO - Filling up the DagBag from /home/airflow/.local/lib/python3.7/site-packages/airflow/example_dags/tutorial_taskflow_api.py
[2023-10-10T18:05:06.318+0000] {processor.py:836} INFO - DAG(s) dict_keys(['tutorial_taskflow_api']) retrieved from /home/airflow/.local/lib/python3.7/site-packages/airflow/example_dags/tutorial_taskflow_api.py
[2023-10-10T18:05:06.429+0000] {logging_mixin.py:150} INFO - [2023-10-10T18:05:06.428+0000] {dag.py:2742} INFO - Sync 1 DAGs
[2023-10-10T18:05:06.560+0000] {logging_mixin.py:150} INFO - [2023-10-10T18:05:06.559+0000] {dag.py:3508} INFO - Setting next_dagrun for tutorial_taskflow_api to None, run_after=None
[2023-10-10T18:05:06.658+0000] {processor.py:179} INFO - Processing /home/airflow/.local/lib/python3.7/site-packages/airflow/example_dags/tutorial_taskflow_api.py took 0.427 seconds
[2023-10-10T18:05:42.785+0000] {processor.py:157} INFO - Started process (PID=4621) to work on /home/airflow/.local/lib/python3.7/site-packages/airflow/example_dags/tutorial_taskflow_api.py
[2023-10-10T18:05:42.792+0000] {processor.py:826} INFO - Processing file /home/airflow/.local/lib/python3.7/site-packages/airflow/example_dags/tutorial_taskflow_api.py for tasks to queue
[2023-10-10T18:05:42.806+0000] {logging_mixin.py:150} INFO - [2023-10-10T18:05:42.797+0000] {dagbag.py:541} INFO - Filling up the DagBag from /home/airflow/.local/lib/python3.7/site-packages/airflow/example_dags/tutorial_taskflow_api.py
[2023-10-10T18:05:42.856+0000] {processor.py:836} INFO - DAG(s) dict_keys(['tutorial_taskflow_api']) retrieved from /home/airflow/.local/lib/python3.7/site-packages/airflow/example_dags/tutorial_taskflow_api.py
[2023-10-10T18:05:43.023+0000] {logging_mixin.py:150} INFO - [2023-10-10T18:05:43.022+0000] {dag.py:2742} INFO - Sync 1 DAGs
[2023-10-10T18:05:43.198+0000] {logging_mixin.py:150} INFO - [2023-10-10T18:05:43.198+0000] {dag.py:3508} INFO - Setting next_dagrun for tutorial_taskflow_api to None, run_after=None
[2023-10-10T18:05:43.416+0000] {processor.py:179} INFO - Processing /home/airflow/.local/lib/python3.7/site-packages/airflow/example_dags/tutorial_taskflow_api.py took 0.681 seconds
