[2023-10-10T17:36:33.051+0000] {processor.py:157} INFO - Started process (PID=45) to work on /home/airflow/.local/lib/python3.7/site-packages/airflow/example_dags/tutorial.py
[2023-10-10T17:36:33.053+0000] {processor.py:826} INFO - Processing file /home/airflow/.local/lib/python3.7/site-packages/airflow/example_dags/tutorial.py for tasks to queue
[2023-10-10T17:36:33.055+0000] {logging_mixin.py:150} INFO - [2023-10-10T17:36:33.055+0000] {dagbag.py:541} INFO - Filling up the DagBag from /home/airflow/.local/lib/python3.7/site-packages/airflow/example_dags/tutorial.py
[2023-10-10T17:36:33.069+0000] {processor.py:836} INFO - DAG(s) dict_keys(['tutorial']) retrieved from /home/airflow/.local/lib/python3.7/site-packages/airflow/example_dags/tutorial.py
[2023-10-10T17:36:33.089+0000] {logging_mixin.py:150} INFO - [2023-10-10T17:36:33.089+0000] {dag.py:2742} INFO - Sync 1 DAGs
[2023-10-10T17:36:33.130+0000] {logging_mixin.py:150} INFO - [2023-10-10T17:36:33.129+0000] {dag.py:3508} INFO - Setting next_dagrun for tutorial to 2023-10-09T17:36:33.129445+00:00, run_after=2023-10-10T17:36:33.129445+00:00
[2023-10-10T17:36:33.164+0000] {processor.py:179} INFO - Processing /home/airflow/.local/lib/python3.7/site-packages/airflow/example_dags/tutorial.py took 0.118 seconds
[2023-10-10T17:37:03.686+0000] {processor.py:157} INFO - Started process (PID=141) to work on /home/airflow/.local/lib/python3.7/site-packages/airflow/example_dags/tutorial.py
[2023-10-10T17:37:03.687+0000] {processor.py:826} INFO - Processing file /home/airflow/.local/lib/python3.7/site-packages/airflow/example_dags/tutorial.py for tasks to queue
[2023-10-10T17:37:03.689+0000] {logging_mixin.py:150} INFO - [2023-10-10T17:37:03.689+0000] {dagbag.py:541} INFO - Filling up the DagBag from /home/airflow/.local/lib/python3.7/site-packages/airflow/example_dags/tutorial.py
[2023-10-10T17:37:03.698+0000] {processor.py:836} INFO - DAG(s) dict_keys(['tutorial']) retrieved from /home/airflow/.local/lib/python3.7/site-packages/airflow/example_dags/tutorial.py
[2023-10-10T17:37:03.729+0000] {logging_mixin.py:150} INFO - [2023-10-10T17:37:03.728+0000] {dag.py:2742} INFO - Sync 1 DAGs
[2023-10-10T17:37:03.761+0000] {logging_mixin.py:150} INFO - [2023-10-10T17:37:03.761+0000] {dag.py:3508} INFO - Setting next_dagrun for tutorial to 2023-10-09T17:37:03.760997+00:00, run_after=2023-10-10T17:37:03.760997+00:00
[2023-10-10T17:37:03.786+0000] {processor.py:179} INFO - Processing /home/airflow/.local/lib/python3.7/site-packages/airflow/example_dags/tutorial.py took 0.105 seconds
[2023-10-10T17:37:33.978+0000] {processor.py:157} INFO - Started process (PID=221) to work on /home/airflow/.local/lib/python3.7/site-packages/airflow/example_dags/tutorial.py
[2023-10-10T17:37:33.980+0000] {processor.py:826} INFO - Processing file /home/airflow/.local/lib/python3.7/site-packages/airflow/example_dags/tutorial.py for tasks to queue
[2023-10-10T17:37:33.982+0000] {logging_mixin.py:150} INFO - [2023-10-10T17:37:33.982+0000] {dagbag.py:541} INFO - Filling up the DagBag from /home/airflow/.local/lib/python3.7/site-packages/airflow/example_dags/tutorial.py
[2023-10-10T17:37:33.992+0000] {processor.py:836} INFO - DAG(s) dict_keys(['tutorial']) retrieved from /home/airflow/.local/lib/python3.7/site-packages/airflow/example_dags/tutorial.py
[2023-10-10T17:37:34.027+0000] {logging_mixin.py:150} INFO - [2023-10-10T17:37:34.026+0000] {dag.py:2742} INFO - Sync 1 DAGs
[2023-10-10T17:37:34.065+0000] {logging_mixin.py:150} INFO - [2023-10-10T17:37:34.065+0000] {dag.py:3508} INFO - Setting next_dagrun for tutorial to 2023-10-09T17:37:34.065099+00:00, run_after=2023-10-10T17:37:34.065099+00:00
[2023-10-10T17:37:34.093+0000] {processor.py:179} INFO - Processing /home/airflow/.local/lib/python3.7/site-packages/airflow/example_dags/tutorial.py took 0.120 seconds
[2023-10-10T17:38:04.473+0000] {processor.py:157} INFO - Started process (PID=310) to work on /home/airflow/.local/lib/python3.7/site-packages/airflow/example_dags/tutorial.py
[2023-10-10T17:38:04.476+0000] {processor.py:826} INFO - Processing file /home/airflow/.local/lib/python3.7/site-packages/airflow/example_dags/tutorial.py for tasks to queue
[2023-10-10T17:38:04.478+0000] {logging_mixin.py:150} INFO - [2023-10-10T17:38:04.478+0000] {dagbag.py:541} INFO - Filling up the DagBag from /home/airflow/.local/lib/python3.7/site-packages/airflow/example_dags/tutorial.py
[2023-10-10T17:38:04.490+0000] {processor.py:836} INFO - DAG(s) dict_keys(['tutorial']) retrieved from /home/airflow/.local/lib/python3.7/site-packages/airflow/example_dags/tutorial.py
[2023-10-10T17:38:04.532+0000] {logging_mixin.py:150} INFO - [2023-10-10T17:38:04.532+0000] {dag.py:2742} INFO - Sync 1 DAGs
[2023-10-10T17:38:04.573+0000] {logging_mixin.py:150} INFO - [2023-10-10T17:38:04.573+0000] {dag.py:3508} INFO - Setting next_dagrun for tutorial to 2023-10-09T17:38:04.572627+00:00, run_after=2023-10-10T17:38:04.572627+00:00
[2023-10-10T17:38:04.608+0000] {processor.py:179} INFO - Processing /home/airflow/.local/lib/python3.7/site-packages/airflow/example_dags/tutorial.py took 0.140 seconds
[2023-10-10T17:38:35.225+0000] {processor.py:157} INFO - Started process (PID=404) to work on /home/airflow/.local/lib/python3.7/site-packages/airflow/example_dags/tutorial.py
[2023-10-10T17:38:35.228+0000] {processor.py:826} INFO - Processing file /home/airflow/.local/lib/python3.7/site-packages/airflow/example_dags/tutorial.py for tasks to queue
[2023-10-10T17:38:35.231+0000] {logging_mixin.py:150} INFO - [2023-10-10T17:38:35.230+0000] {dagbag.py:541} INFO - Filling up the DagBag from /home/airflow/.local/lib/python3.7/site-packages/airflow/example_dags/tutorial.py
[2023-10-10T17:38:35.243+0000] {processor.py:836} INFO - DAG(s) dict_keys(['tutorial']) retrieved from /home/airflow/.local/lib/python3.7/site-packages/airflow/example_dags/tutorial.py
[2023-10-10T17:38:35.284+0000] {logging_mixin.py:150} INFO - [2023-10-10T17:38:35.284+0000] {dag.py:2742} INFO - Sync 1 DAGs
[2023-10-10T17:38:35.327+0000] {logging_mixin.py:150} INFO - [2023-10-10T17:38:35.327+0000] {dag.py:3508} INFO - Setting next_dagrun for tutorial to 2023-10-09T17:38:35.326575+00:00, run_after=2023-10-10T17:38:35.326575+00:00
[2023-10-10T17:38:35.362+0000] {processor.py:179} INFO - Processing /home/airflow/.local/lib/python3.7/site-packages/airflow/example_dags/tutorial.py took 0.142 seconds
[2023-10-10T17:39:05.671+0000] {processor.py:157} INFO - Started process (PID=491) to work on /home/airflow/.local/lib/python3.7/site-packages/airflow/example_dags/tutorial.py
[2023-10-10T17:39:05.673+0000] {processor.py:826} INFO - Processing file /home/airflow/.local/lib/python3.7/site-packages/airflow/example_dags/tutorial.py for tasks to queue
[2023-10-10T17:39:05.675+0000] {logging_mixin.py:150} INFO - [2023-10-10T17:39:05.675+0000] {dagbag.py:541} INFO - Filling up the DagBag from /home/airflow/.local/lib/python3.7/site-packages/airflow/example_dags/tutorial.py
[2023-10-10T17:39:05.686+0000] {processor.py:836} INFO - DAG(s) dict_keys(['tutorial']) retrieved from /home/airflow/.local/lib/python3.7/site-packages/airflow/example_dags/tutorial.py
[2023-10-10T17:39:05.721+0000] {logging_mixin.py:150} INFO - [2023-10-10T17:39:05.721+0000] {dag.py:2742} INFO - Sync 1 DAGs
[2023-10-10T17:39:05.756+0000] {logging_mixin.py:150} INFO - [2023-10-10T17:39:05.756+0000] {dag.py:3508} INFO - Setting next_dagrun for tutorial to 2023-10-09T17:39:05.756194+00:00, run_after=2023-10-10T17:39:05.756194+00:00
[2023-10-10T17:39:05.783+0000] {processor.py:179} INFO - Processing /home/airflow/.local/lib/python3.7/site-packages/airflow/example_dags/tutorial.py took 0.118 seconds
[2023-10-10T17:39:36.090+0000] {processor.py:157} INFO - Started process (PID=573) to work on /home/airflow/.local/lib/python3.7/site-packages/airflow/example_dags/tutorial.py
[2023-10-10T17:39:36.092+0000] {processor.py:826} INFO - Processing file /home/airflow/.local/lib/python3.7/site-packages/airflow/example_dags/tutorial.py for tasks to queue
[2023-10-10T17:39:36.093+0000] {logging_mixin.py:150} INFO - [2023-10-10T17:39:36.093+0000] {dagbag.py:541} INFO - Filling up the DagBag from /home/airflow/.local/lib/python3.7/site-packages/airflow/example_dags/tutorial.py
[2023-10-10T17:39:36.104+0000] {processor.py:836} INFO - DAG(s) dict_keys(['tutorial']) retrieved from /home/airflow/.local/lib/python3.7/site-packages/airflow/example_dags/tutorial.py
[2023-10-10T17:39:36.150+0000] {logging_mixin.py:150} INFO - [2023-10-10T17:39:36.149+0000] {dag.py:2742} INFO - Sync 1 DAGs
[2023-10-10T17:39:36.182+0000] {logging_mixin.py:150} INFO - [2023-10-10T17:39:36.182+0000] {dag.py:3508} INFO - Setting next_dagrun for tutorial to 2023-10-09T17:39:36.182236+00:00, run_after=2023-10-10T17:39:36.182236+00:00
[2023-10-10T17:39:36.208+0000] {processor.py:179} INFO - Processing /home/airflow/.local/lib/python3.7/site-packages/airflow/example_dags/tutorial.py took 0.123 seconds
[2023-10-10T17:40:06.801+0000] {processor.py:157} INFO - Started process (PID=660) to work on /home/airflow/.local/lib/python3.7/site-packages/airflow/example_dags/tutorial.py
[2023-10-10T17:40:06.805+0000] {processor.py:826} INFO - Processing file /home/airflow/.local/lib/python3.7/site-packages/airflow/example_dags/tutorial.py for tasks to queue
[2023-10-10T17:40:06.807+0000] {logging_mixin.py:150} INFO - [2023-10-10T17:40:06.807+0000] {dagbag.py:541} INFO - Filling up the DagBag from /home/airflow/.local/lib/python3.7/site-packages/airflow/example_dags/tutorial.py
[2023-10-10T17:40:06.817+0000] {processor.py:836} INFO - DAG(s) dict_keys(['tutorial']) retrieved from /home/airflow/.local/lib/python3.7/site-packages/airflow/example_dags/tutorial.py
[2023-10-10T17:40:06.853+0000] {logging_mixin.py:150} INFO - [2023-10-10T17:40:06.853+0000] {dag.py:2742} INFO - Sync 1 DAGs
[2023-10-10T17:40:06.906+0000] {logging_mixin.py:150} INFO - [2023-10-10T17:40:06.906+0000] {dag.py:3508} INFO - Setting next_dagrun for tutorial to 2023-10-09T17:40:06.906158+00:00, run_after=2023-10-10T17:40:06.906158+00:00
[2023-10-10T17:40:06.932+0000] {processor.py:179} INFO - Processing /home/airflow/.local/lib/python3.7/site-packages/airflow/example_dags/tutorial.py took 0.142 seconds
[2023-10-10T17:40:37.138+0000] {processor.py:157} INFO - Started process (PID=742) to work on /home/airflow/.local/lib/python3.7/site-packages/airflow/example_dags/tutorial.py
[2023-10-10T17:40:37.140+0000] {processor.py:826} INFO - Processing file /home/airflow/.local/lib/python3.7/site-packages/airflow/example_dags/tutorial.py for tasks to queue
[2023-10-10T17:40:37.142+0000] {logging_mixin.py:150} INFO - [2023-10-10T17:40:37.142+0000] {dagbag.py:541} INFO - Filling up the DagBag from /home/airflow/.local/lib/python3.7/site-packages/airflow/example_dags/tutorial.py
[2023-10-10T17:40:37.152+0000] {processor.py:836} INFO - DAG(s) dict_keys(['tutorial']) retrieved from /home/airflow/.local/lib/python3.7/site-packages/airflow/example_dags/tutorial.py
[2023-10-10T17:40:37.191+0000] {logging_mixin.py:150} INFO - [2023-10-10T17:40:37.191+0000] {dag.py:2742} INFO - Sync 1 DAGs
[2023-10-10T17:40:37.230+0000] {logging_mixin.py:150} INFO - [2023-10-10T17:40:37.230+0000] {dag.py:3508} INFO - Setting next_dagrun for tutorial to 2023-10-09T17:40:37.230388+00:00, run_after=2023-10-10T17:40:37.230388+00:00
[2023-10-10T17:40:37.265+0000] {processor.py:179} INFO - Processing /home/airflow/.local/lib/python3.7/site-packages/airflow/example_dags/tutorial.py took 0.132 seconds
[2023-10-10T17:41:07.368+0000] {processor.py:157} INFO - Started process (PID=822) to work on /home/airflow/.local/lib/python3.7/site-packages/airflow/example_dags/tutorial.py
[2023-10-10T17:41:07.370+0000] {processor.py:826} INFO - Processing file /home/airflow/.local/lib/python3.7/site-packages/airflow/example_dags/tutorial.py for tasks to queue
[2023-10-10T17:41:07.372+0000] {logging_mixin.py:150} INFO - [2023-10-10T17:41:07.371+0000] {dagbag.py:541} INFO - Filling up the DagBag from /home/airflow/.local/lib/python3.7/site-packages/airflow/example_dags/tutorial.py
[2023-10-10T17:41:07.382+0000] {processor.py:836} INFO - DAG(s) dict_keys(['tutorial']) retrieved from /home/airflow/.local/lib/python3.7/site-packages/airflow/example_dags/tutorial.py
[2023-10-10T17:41:07.418+0000] {logging_mixin.py:150} INFO - [2023-10-10T17:41:07.418+0000] {dag.py:2742} INFO - Sync 1 DAGs
[2023-10-10T17:41:07.462+0000] {logging_mixin.py:150} INFO - [2023-10-10T17:41:07.462+0000] {dag.py:3508} INFO - Setting next_dagrun for tutorial to 2023-10-09T17:41:07.462059+00:00, run_after=2023-10-10T17:41:07.462059+00:00
[2023-10-10T17:41:07.498+0000] {processor.py:179} INFO - Processing /home/airflow/.local/lib/python3.7/site-packages/airflow/example_dags/tutorial.py took 0.136 seconds
[2023-10-10T17:41:37.868+0000] {processor.py:157} INFO - Started process (PID=912) to work on /home/airflow/.local/lib/python3.7/site-packages/airflow/example_dags/tutorial.py
[2023-10-10T17:41:37.871+0000] {processor.py:826} INFO - Processing file /home/airflow/.local/lib/python3.7/site-packages/airflow/example_dags/tutorial.py for tasks to queue
[2023-10-10T17:41:37.873+0000] {logging_mixin.py:150} INFO - [2023-10-10T17:41:37.872+0000] {dagbag.py:541} INFO - Filling up the DagBag from /home/airflow/.local/lib/python3.7/site-packages/airflow/example_dags/tutorial.py
[2023-10-10T17:41:37.884+0000] {processor.py:836} INFO - DAG(s) dict_keys(['tutorial']) retrieved from /home/airflow/.local/lib/python3.7/site-packages/airflow/example_dags/tutorial.py
[2023-10-10T17:41:37.923+0000] {logging_mixin.py:150} INFO - [2023-10-10T17:41:37.922+0000] {dag.py:2742} INFO - Sync 1 DAGs
[2023-10-10T17:41:37.963+0000] {logging_mixin.py:150} INFO - [2023-10-10T17:41:37.963+0000] {dag.py:3508} INFO - Setting next_dagrun for tutorial to 2023-10-09T17:41:37.962754+00:00, run_after=2023-10-10T17:41:37.962754+00:00
[2023-10-10T17:41:38.000+0000] {processor.py:179} INFO - Processing /home/airflow/.local/lib/python3.7/site-packages/airflow/example_dags/tutorial.py took 0.138 seconds
[2023-10-10T17:42:08.105+0000] {processor.py:157} INFO - Started process (PID=992) to work on /home/airflow/.local/lib/python3.7/site-packages/airflow/example_dags/tutorial.py
[2023-10-10T17:42:08.108+0000] {processor.py:826} INFO - Processing file /home/airflow/.local/lib/python3.7/site-packages/airflow/example_dags/tutorial.py for tasks to queue
[2023-10-10T17:42:08.110+0000] {logging_mixin.py:150} INFO - [2023-10-10T17:42:08.110+0000] {dagbag.py:541} INFO - Filling up the DagBag from /home/airflow/.local/lib/python3.7/site-packages/airflow/example_dags/tutorial.py
[2023-10-10T17:42:08.122+0000] {processor.py:836} INFO - DAG(s) dict_keys(['tutorial']) retrieved from /home/airflow/.local/lib/python3.7/site-packages/airflow/example_dags/tutorial.py
[2023-10-10T17:42:08.163+0000] {logging_mixin.py:150} INFO - [2023-10-10T17:42:08.163+0000] {dag.py:2742} INFO - Sync 1 DAGs
[2023-10-10T17:42:08.207+0000] {logging_mixin.py:150} INFO - [2023-10-10T17:42:08.207+0000] {dag.py:3508} INFO - Setting next_dagrun for tutorial to 2023-10-09T17:42:08.207116+00:00, run_after=2023-10-10T17:42:08.207116+00:00
[2023-10-10T17:42:08.245+0000] {processor.py:179} INFO - Processing /home/airflow/.local/lib/python3.7/site-packages/airflow/example_dags/tutorial.py took 0.147 seconds
[2023-10-10T17:42:38.531+0000] {processor.py:157} INFO - Started process (PID=1082) to work on /home/airflow/.local/lib/python3.7/site-packages/airflow/example_dags/tutorial.py
[2023-10-10T17:42:38.534+0000] {processor.py:826} INFO - Processing file /home/airflow/.local/lib/python3.7/site-packages/airflow/example_dags/tutorial.py for tasks to queue
[2023-10-10T17:42:38.536+0000] {logging_mixin.py:150} INFO - [2023-10-10T17:42:38.536+0000] {dagbag.py:541} INFO - Filling up the DagBag from /home/airflow/.local/lib/python3.7/site-packages/airflow/example_dags/tutorial.py
[2023-10-10T17:42:38.549+0000] {processor.py:836} INFO - DAG(s) dict_keys(['tutorial']) retrieved from /home/airflow/.local/lib/python3.7/site-packages/airflow/example_dags/tutorial.py
[2023-10-10T17:42:38.590+0000] {logging_mixin.py:150} INFO - [2023-10-10T17:42:38.590+0000] {dag.py:2742} INFO - Sync 1 DAGs
[2023-10-10T17:42:38.635+0000] {logging_mixin.py:150} INFO - [2023-10-10T17:42:38.635+0000] {dag.py:3508} INFO - Setting next_dagrun for tutorial to 2023-10-09T17:42:38.634780+00:00, run_after=2023-10-10T17:42:38.634780+00:00
[2023-10-10T17:42:38.674+0000] {processor.py:179} INFO - Processing /home/airflow/.local/lib/python3.7/site-packages/airflow/example_dags/tutorial.py took 0.149 seconds
[2023-10-10T17:43:08.873+0000] {processor.py:157} INFO - Started process (PID=1162) to work on /home/airflow/.local/lib/python3.7/site-packages/airflow/example_dags/tutorial.py
[2023-10-10T17:43:08.875+0000] {processor.py:826} INFO - Processing file /home/airflow/.local/lib/python3.7/site-packages/airflow/example_dags/tutorial.py for tasks to queue
[2023-10-10T17:43:08.878+0000] {logging_mixin.py:150} INFO - [2023-10-10T17:43:08.878+0000] {dagbag.py:541} INFO - Filling up the DagBag from /home/airflow/.local/lib/python3.7/site-packages/airflow/example_dags/tutorial.py
[2023-10-10T17:43:08.890+0000] {processor.py:836} INFO - DAG(s) dict_keys(['tutorial']) retrieved from /home/airflow/.local/lib/python3.7/site-packages/airflow/example_dags/tutorial.py
[2023-10-10T17:43:08.933+0000] {logging_mixin.py:150} INFO - [2023-10-10T17:43:08.933+0000] {dag.py:2742} INFO - Sync 1 DAGs
[2023-10-10T17:43:08.975+0000] {logging_mixin.py:150} INFO - [2023-10-10T17:43:08.974+0000] {dag.py:3508} INFO - Setting next_dagrun for tutorial to 2023-10-09T17:43:08.974536+00:00, run_after=2023-10-10T17:43:08.974536+00:00
[2023-10-10T17:43:09.020+0000] {processor.py:179} INFO - Processing /home/airflow/.local/lib/python3.7/site-packages/airflow/example_dags/tutorial.py took 0.153 seconds
[2023-10-10T17:43:39.187+0000] {processor.py:157} INFO - Started process (PID=1251) to work on /home/airflow/.local/lib/python3.7/site-packages/airflow/example_dags/tutorial.py
[2023-10-10T17:43:39.196+0000] {processor.py:826} INFO - Processing file /home/airflow/.local/lib/python3.7/site-packages/airflow/example_dags/tutorial.py for tasks to queue
[2023-10-10T17:43:39.206+0000] {logging_mixin.py:150} INFO - [2023-10-10T17:43:39.205+0000] {dagbag.py:541} INFO - Filling up the DagBag from /home/airflow/.local/lib/python3.7/site-packages/airflow/example_dags/tutorial.py
[2023-10-10T17:43:39.222+0000] {processor.py:836} INFO - DAG(s) dict_keys(['tutorial']) retrieved from /home/airflow/.local/lib/python3.7/site-packages/airflow/example_dags/tutorial.py
[2023-10-10T17:43:39.268+0000] {logging_mixin.py:150} INFO - [2023-10-10T17:43:39.267+0000] {dag.py:2742} INFO - Sync 1 DAGs
[2023-10-10T17:43:39.318+0000] {logging_mixin.py:150} INFO - [2023-10-10T17:43:39.317+0000] {dag.py:3508} INFO - Setting next_dagrun for tutorial to 2023-10-09T17:43:39.317263+00:00, run_after=2023-10-10T17:43:39.317263+00:00
[2023-10-10T17:43:39.363+0000] {processor.py:179} INFO - Processing /home/airflow/.local/lib/python3.7/site-packages/airflow/example_dags/tutorial.py took 0.182 seconds
[2023-10-10T17:44:09.469+0000] {processor.py:157} INFO - Started process (PID=1331) to work on /home/airflow/.local/lib/python3.7/site-packages/airflow/example_dags/tutorial.py
[2023-10-10T17:44:09.471+0000] {processor.py:826} INFO - Processing file /home/airflow/.local/lib/python3.7/site-packages/airflow/example_dags/tutorial.py for tasks to queue
[2023-10-10T17:44:09.472+0000] {logging_mixin.py:150} INFO - [2023-10-10T17:44:09.472+0000] {dagbag.py:541} INFO - Filling up the DagBag from /home/airflow/.local/lib/python3.7/site-packages/airflow/example_dags/tutorial.py
[2023-10-10T17:44:09.482+0000] {processor.py:836} INFO - DAG(s) dict_keys(['tutorial']) retrieved from /home/airflow/.local/lib/python3.7/site-packages/airflow/example_dags/tutorial.py
[2023-10-10T17:44:09.513+0000] {logging_mixin.py:150} INFO - [2023-10-10T17:44:09.513+0000] {dag.py:2742} INFO - Sync 1 DAGs
[2023-10-10T17:44:09.548+0000] {logging_mixin.py:150} INFO - [2023-10-10T17:44:09.547+0000] {dag.py:3508} INFO - Setting next_dagrun for tutorial to 2023-10-09T17:44:09.547564+00:00, run_after=2023-10-10T17:44:09.547564+00:00
[2023-10-10T17:44:09.579+0000] {processor.py:179} INFO - Processing /home/airflow/.local/lib/python3.7/site-packages/airflow/example_dags/tutorial.py took 0.116 seconds
[2023-10-10T17:44:39.843+0000] {processor.py:157} INFO - Started process (PID=1411) to work on /home/airflow/.local/lib/python3.7/site-packages/airflow/example_dags/tutorial.py
[2023-10-10T17:44:39.847+0000] {processor.py:826} INFO - Processing file /home/airflow/.local/lib/python3.7/site-packages/airflow/example_dags/tutorial.py for tasks to queue
[2023-10-10T17:44:39.850+0000] {logging_mixin.py:150} INFO - [2023-10-10T17:44:39.849+0000] {dagbag.py:541} INFO - Filling up the DagBag from /home/airflow/.local/lib/python3.7/site-packages/airflow/example_dags/tutorial.py
[2023-10-10T17:44:39.870+0000] {processor.py:836} INFO - DAG(s) dict_keys(['tutorial']) retrieved from /home/airflow/.local/lib/python3.7/site-packages/airflow/example_dags/tutorial.py
[2023-10-10T17:44:39.924+0000] {logging_mixin.py:150} INFO - [2023-10-10T17:44:39.924+0000] {dag.py:2742} INFO - Sync 1 DAGs
[2023-10-10T17:44:39.987+0000] {logging_mixin.py:150} INFO - [2023-10-10T17:44:39.987+0000] {dag.py:3508} INFO - Setting next_dagrun for tutorial to 2023-10-09T17:44:39.987178+00:00, run_after=2023-10-10T17:44:39.987178+00:00
[2023-10-10T17:44:40.040+0000] {processor.py:179} INFO - Processing /home/airflow/.local/lib/python3.7/site-packages/airflow/example_dags/tutorial.py took 0.205 seconds
[2023-10-10T17:45:10.410+0000] {processor.py:157} INFO - Started process (PID=1500) to work on /home/airflow/.local/lib/python3.7/site-packages/airflow/example_dags/tutorial.py
[2023-10-10T17:45:10.412+0000] {processor.py:826} INFO - Processing file /home/airflow/.local/lib/python3.7/site-packages/airflow/example_dags/tutorial.py for tasks to queue
[2023-10-10T17:45:10.414+0000] {logging_mixin.py:150} INFO - [2023-10-10T17:45:10.413+0000] {dagbag.py:541} INFO - Filling up the DagBag from /home/airflow/.local/lib/python3.7/site-packages/airflow/example_dags/tutorial.py
[2023-10-10T17:45:10.423+0000] {processor.py:836} INFO - DAG(s) dict_keys(['tutorial']) retrieved from /home/airflow/.local/lib/python3.7/site-packages/airflow/example_dags/tutorial.py
[2023-10-10T17:45:10.452+0000] {logging_mixin.py:150} INFO - [2023-10-10T17:45:10.452+0000] {dag.py:2742} INFO - Sync 1 DAGs
[2023-10-10T17:45:10.484+0000] {logging_mixin.py:150} INFO - [2023-10-10T17:45:10.483+0000] {dag.py:3508} INFO - Setting next_dagrun for tutorial to 2023-10-09T17:45:10.483536+00:00, run_after=2023-10-10T17:45:10.483536+00:00
[2023-10-10T17:45:10.506+0000] {processor.py:179} INFO - Processing /home/airflow/.local/lib/python3.7/site-packages/airflow/example_dags/tutorial.py took 0.101 seconds
[2023-10-10T17:45:40.726+0000] {processor.py:157} INFO - Started process (PID=1580) to work on /home/airflow/.local/lib/python3.7/site-packages/airflow/example_dags/tutorial.py
[2023-10-10T17:45:40.728+0000] {processor.py:826} INFO - Processing file /home/airflow/.local/lib/python3.7/site-packages/airflow/example_dags/tutorial.py for tasks to queue
[2023-10-10T17:45:40.730+0000] {logging_mixin.py:150} INFO - [2023-10-10T17:45:40.729+0000] {dagbag.py:541} INFO - Filling up the DagBag from /home/airflow/.local/lib/python3.7/site-packages/airflow/example_dags/tutorial.py
[2023-10-10T17:45:40.741+0000] {processor.py:836} INFO - DAG(s) dict_keys(['tutorial']) retrieved from /home/airflow/.local/lib/python3.7/site-packages/airflow/example_dags/tutorial.py
[2023-10-10T17:45:40.780+0000] {logging_mixin.py:150} INFO - [2023-10-10T17:45:40.780+0000] {dag.py:2742} INFO - Sync 1 DAGs
[2023-10-10T17:45:40.821+0000] {logging_mixin.py:150} INFO - [2023-10-10T17:45:40.821+0000] {dag.py:3508} INFO - Setting next_dagrun for tutorial to 2023-10-09T17:45:40.821011+00:00, run_after=2023-10-10T17:45:40.821011+00:00
[2023-10-10T17:45:40.852+0000] {processor.py:179} INFO - Processing /home/airflow/.local/lib/python3.7/site-packages/airflow/example_dags/tutorial.py took 0.132 seconds
[2023-10-10T17:46:10.900+0000] {processor.py:157} INFO - Started process (PID=1669) to work on /home/airflow/.local/lib/python3.7/site-packages/airflow/example_dags/tutorial.py
[2023-10-10T17:46:10.903+0000] {processor.py:826} INFO - Processing file /home/airflow/.local/lib/python3.7/site-packages/airflow/example_dags/tutorial.py for tasks to queue
[2023-10-10T17:46:10.905+0000] {logging_mixin.py:150} INFO - [2023-10-10T17:46:10.905+0000] {dagbag.py:541} INFO - Filling up the DagBag from /home/airflow/.local/lib/python3.7/site-packages/airflow/example_dags/tutorial.py
[2023-10-10T17:46:10.914+0000] {processor.py:836} INFO - DAG(s) dict_keys(['tutorial']) retrieved from /home/airflow/.local/lib/python3.7/site-packages/airflow/example_dags/tutorial.py
[2023-10-10T17:46:10.944+0000] {logging_mixin.py:150} INFO - [2023-10-10T17:46:10.944+0000] {dag.py:2742} INFO - Sync 1 DAGs
[2023-10-10T17:46:10.974+0000] {logging_mixin.py:150} INFO - [2023-10-10T17:46:10.974+0000] {dag.py:3508} INFO - Setting next_dagrun for tutorial to 2023-10-09T17:46:10.974549+00:00, run_after=2023-10-10T17:46:10.974549+00:00
[2023-10-10T17:46:10.998+0000] {processor.py:179} INFO - Processing /home/airflow/.local/lib/python3.7/site-packages/airflow/example_dags/tutorial.py took 0.102 seconds
[2023-10-10T17:46:41.299+0000] {processor.py:157} INFO - Started process (PID=1749) to work on /home/airflow/.local/lib/python3.7/site-packages/airflow/example_dags/tutorial.py
[2023-10-10T17:46:41.304+0000] {processor.py:826} INFO - Processing file /home/airflow/.local/lib/python3.7/site-packages/airflow/example_dags/tutorial.py for tasks to queue
[2023-10-10T17:46:41.308+0000] {logging_mixin.py:150} INFO - [2023-10-10T17:46:41.308+0000] {dagbag.py:541} INFO - Filling up the DagBag from /home/airflow/.local/lib/python3.7/site-packages/airflow/example_dags/tutorial.py
[2023-10-10T17:46:41.319+0000] {processor.py:836} INFO - DAG(s) dict_keys(['tutorial']) retrieved from /home/airflow/.local/lib/python3.7/site-packages/airflow/example_dags/tutorial.py
[2023-10-10T17:46:41.351+0000] {logging_mixin.py:150} INFO - [2023-10-10T17:46:41.350+0000] {dag.py:2742} INFO - Sync 1 DAGs
[2023-10-10T17:46:41.388+0000] {logging_mixin.py:150} INFO - [2023-10-10T17:46:41.388+0000] {dag.py:3508} INFO - Setting next_dagrun for tutorial to 2023-10-09T17:46:41.387623+00:00, run_after=2023-10-10T17:46:41.387623+00:00
[2023-10-10T17:46:41.413+0000] {processor.py:179} INFO - Processing /home/airflow/.local/lib/python3.7/site-packages/airflow/example_dags/tutorial.py took 0.119 seconds
[2023-10-10T17:47:11.778+0000] {processor.py:157} INFO - Started process (PID=1838) to work on /home/airflow/.local/lib/python3.7/site-packages/airflow/example_dags/tutorial.py
[2023-10-10T17:47:11.781+0000] {processor.py:826} INFO - Processing file /home/airflow/.local/lib/python3.7/site-packages/airflow/example_dags/tutorial.py for tasks to queue
[2023-10-10T17:47:11.783+0000] {logging_mixin.py:150} INFO - [2023-10-10T17:47:11.782+0000] {dagbag.py:541} INFO - Filling up the DagBag from /home/airflow/.local/lib/python3.7/site-packages/airflow/example_dags/tutorial.py
[2023-10-10T17:47:11.794+0000] {processor.py:836} INFO - DAG(s) dict_keys(['tutorial']) retrieved from /home/airflow/.local/lib/python3.7/site-packages/airflow/example_dags/tutorial.py
[2023-10-10T17:47:11.830+0000] {logging_mixin.py:150} INFO - [2023-10-10T17:47:11.830+0000] {dag.py:2742} INFO - Sync 1 DAGs
[2023-10-10T17:47:11.868+0000] {logging_mixin.py:150} INFO - [2023-10-10T17:47:11.868+0000] {dag.py:3508} INFO - Setting next_dagrun for tutorial to 2023-10-09T17:47:11.867703+00:00, run_after=2023-10-10T17:47:11.867703+00:00
[2023-10-10T17:47:11.896+0000] {processor.py:179} INFO - Processing /home/airflow/.local/lib/python3.7/site-packages/airflow/example_dags/tutorial.py took 0.123 seconds
[2023-10-10T17:47:42.099+0000] {processor.py:157} INFO - Started process (PID=1918) to work on /home/airflow/.local/lib/python3.7/site-packages/airflow/example_dags/tutorial.py
[2023-10-10T17:47:42.101+0000] {processor.py:826} INFO - Processing file /home/airflow/.local/lib/python3.7/site-packages/airflow/example_dags/tutorial.py for tasks to queue
[2023-10-10T17:47:42.103+0000] {logging_mixin.py:150} INFO - [2023-10-10T17:47:42.103+0000] {dagbag.py:541} INFO - Filling up the DagBag from /home/airflow/.local/lib/python3.7/site-packages/airflow/example_dags/tutorial.py
[2023-10-10T17:47:42.113+0000] {processor.py:836} INFO - DAG(s) dict_keys(['tutorial']) retrieved from /home/airflow/.local/lib/python3.7/site-packages/airflow/example_dags/tutorial.py
[2023-10-10T17:47:42.145+0000] {logging_mixin.py:150} INFO - [2023-10-10T17:47:42.145+0000] {dag.py:2742} INFO - Sync 1 DAGs
[2023-10-10T17:47:42.180+0000] {logging_mixin.py:150} INFO - [2023-10-10T17:47:42.180+0000] {dag.py:3508} INFO - Setting next_dagrun for tutorial to 2023-10-09T17:47:42.180320+00:00, run_after=2023-10-10T17:47:42.180320+00:00
[2023-10-10T17:47:42.213+0000] {processor.py:179} INFO - Processing /home/airflow/.local/lib/python3.7/site-packages/airflow/example_dags/tutorial.py took 0.118 seconds
[2023-10-10T17:48:12.862+0000] {processor.py:157} INFO - Started process (PID=2007) to work on /home/airflow/.local/lib/python3.7/site-packages/airflow/example_dags/tutorial.py
[2023-10-10T17:48:12.865+0000] {processor.py:826} INFO - Processing file /home/airflow/.local/lib/python3.7/site-packages/airflow/example_dags/tutorial.py for tasks to queue
[2023-10-10T17:48:12.867+0000] {logging_mixin.py:150} INFO - [2023-10-10T17:48:12.867+0000] {dagbag.py:541} INFO - Filling up the DagBag from /home/airflow/.local/lib/python3.7/site-packages/airflow/example_dags/tutorial.py
[2023-10-10T17:48:12.889+0000] {processor.py:836} INFO - DAG(s) dict_keys(['tutorial']) retrieved from /home/airflow/.local/lib/python3.7/site-packages/airflow/example_dags/tutorial.py
[2023-10-10T17:48:12.941+0000] {logging_mixin.py:150} INFO - [2023-10-10T17:48:12.941+0000] {dag.py:2742} INFO - Sync 1 DAGs
[2023-10-10T17:48:12.984+0000] {logging_mixin.py:150} INFO - [2023-10-10T17:48:12.983+0000] {dag.py:3508} INFO - Setting next_dagrun for tutorial to 2023-10-09T17:48:12.983665+00:00, run_after=2023-10-10T17:48:12.983665+00:00
[2023-10-10T17:48:13.018+0000] {processor.py:179} INFO - Processing /home/airflow/.local/lib/python3.7/site-packages/airflow/example_dags/tutorial.py took 0.162 seconds
[2023-10-10T17:48:43.208+0000] {processor.py:157} INFO - Started process (PID=2090) to work on /home/airflow/.local/lib/python3.7/site-packages/airflow/example_dags/tutorial.py
[2023-10-10T17:48:43.210+0000] {processor.py:826} INFO - Processing file /home/airflow/.local/lib/python3.7/site-packages/airflow/example_dags/tutorial.py for tasks to queue
[2023-10-10T17:48:43.212+0000] {logging_mixin.py:150} INFO - [2023-10-10T17:48:43.212+0000] {dagbag.py:541} INFO - Filling up the DagBag from /home/airflow/.local/lib/python3.7/site-packages/airflow/example_dags/tutorial.py
[2023-10-10T17:48:43.223+0000] {processor.py:836} INFO - DAG(s) dict_keys(['tutorial']) retrieved from /home/airflow/.local/lib/python3.7/site-packages/airflow/example_dags/tutorial.py
[2023-10-10T17:48:43.259+0000] {logging_mixin.py:150} INFO - [2023-10-10T17:48:43.259+0000] {dag.py:2742} INFO - Sync 1 DAGs
[2023-10-10T17:48:43.296+0000] {logging_mixin.py:150} INFO - [2023-10-10T17:48:43.296+0000] {dag.py:3508} INFO - Setting next_dagrun for tutorial to 2023-10-09T17:48:43.295964+00:00, run_after=2023-10-10T17:48:43.295964+00:00
[2023-10-10T17:48:43.327+0000] {processor.py:179} INFO - Processing /home/airflow/.local/lib/python3.7/site-packages/airflow/example_dags/tutorial.py took 0.124 seconds
[2023-10-10T17:49:13.654+0000] {processor.py:157} INFO - Started process (PID=2181) to work on /home/airflow/.local/lib/python3.7/site-packages/airflow/example_dags/tutorial.py
[2023-10-10T17:49:13.658+0000] {processor.py:826} INFO - Processing file /home/airflow/.local/lib/python3.7/site-packages/airflow/example_dags/tutorial.py for tasks to queue
[2023-10-10T17:49:13.661+0000] {logging_mixin.py:150} INFO - [2023-10-10T17:49:13.660+0000] {dagbag.py:541} INFO - Filling up the DagBag from /home/airflow/.local/lib/python3.7/site-packages/airflow/example_dags/tutorial.py
[2023-10-10T17:49:13.675+0000] {processor.py:836} INFO - DAG(s) dict_keys(['tutorial']) retrieved from /home/airflow/.local/lib/python3.7/site-packages/airflow/example_dags/tutorial.py
[2023-10-10T17:49:13.719+0000] {logging_mixin.py:150} INFO - [2023-10-10T17:49:13.719+0000] {dag.py:2742} INFO - Sync 1 DAGs
[2023-10-10T17:49:13.773+0000] {logging_mixin.py:150} INFO - [2023-10-10T17:49:13.772+0000] {dag.py:3508} INFO - Setting next_dagrun for tutorial to 2023-10-09T17:49:13.772375+00:00, run_after=2023-10-10T17:49:13.772375+00:00
[2023-10-10T17:49:13.818+0000] {processor.py:179} INFO - Processing /home/airflow/.local/lib/python3.7/site-packages/airflow/example_dags/tutorial.py took 0.170 seconds
[2023-10-10T17:49:44.635+0000] {processor.py:157} INFO - Started process (PID=2263) to work on /home/airflow/.local/lib/python3.7/site-packages/airflow/example_dags/tutorial.py
[2023-10-10T17:49:44.637+0000] {processor.py:826} INFO - Processing file /home/airflow/.local/lib/python3.7/site-packages/airflow/example_dags/tutorial.py for tasks to queue
[2023-10-10T17:49:44.639+0000] {logging_mixin.py:150} INFO - [2023-10-10T17:49:44.638+0000] {dagbag.py:541} INFO - Filling up the DagBag from /home/airflow/.local/lib/python3.7/site-packages/airflow/example_dags/tutorial.py
[2023-10-10T17:49:44.648+0000] {processor.py:836} INFO - DAG(s) dict_keys(['tutorial']) retrieved from /home/airflow/.local/lib/python3.7/site-packages/airflow/example_dags/tutorial.py
[2023-10-10T17:49:44.682+0000] {logging_mixin.py:150} INFO - [2023-10-10T17:49:44.682+0000] {dag.py:2742} INFO - Sync 1 DAGs
[2023-10-10T17:49:44.720+0000] {logging_mixin.py:150} INFO - [2023-10-10T17:49:44.720+0000] {dag.py:3508} INFO - Setting next_dagrun for tutorial to 2023-10-09T17:49:44.720262+00:00, run_after=2023-10-10T17:49:44.720262+00:00
[2023-10-10T17:49:44.749+0000] {processor.py:179} INFO - Processing /home/airflow/.local/lib/python3.7/site-packages/airflow/example_dags/tutorial.py took 0.119 seconds
[2023-10-10T17:50:14.810+0000] {processor.py:157} INFO - Started process (PID=2343) to work on /home/airflow/.local/lib/python3.7/site-packages/airflow/example_dags/tutorial.py
[2023-10-10T17:50:14.813+0000] {processor.py:826} INFO - Processing file /home/airflow/.local/lib/python3.7/site-packages/airflow/example_dags/tutorial.py for tasks to queue
[2023-10-10T17:50:14.816+0000] {logging_mixin.py:150} INFO - [2023-10-10T17:50:14.815+0000] {dagbag.py:541} INFO - Filling up the DagBag from /home/airflow/.local/lib/python3.7/site-packages/airflow/example_dags/tutorial.py
[2023-10-10T17:50:14.830+0000] {processor.py:836} INFO - DAG(s) dict_keys(['tutorial']) retrieved from /home/airflow/.local/lib/python3.7/site-packages/airflow/example_dags/tutorial.py
[2023-10-10T17:50:14.877+0000] {logging_mixin.py:150} INFO - [2023-10-10T17:50:14.876+0000] {dag.py:2742} INFO - Sync 1 DAGs
[2023-10-10T17:50:14.946+0000] {logging_mixin.py:150} INFO - [2023-10-10T17:50:14.946+0000] {dag.py:3508} INFO - Setting next_dagrun for tutorial to 2023-10-09T17:50:14.946419+00:00, run_after=2023-10-10T17:50:14.946419+00:00
[2023-10-10T17:50:14.981+0000] {processor.py:179} INFO - Processing /home/airflow/.local/lib/python3.7/site-packages/airflow/example_dags/tutorial.py took 0.178 seconds
[2023-10-10T17:50:45.050+0000] {processor.py:157} INFO - Started process (PID=2434) to work on /home/airflow/.local/lib/python3.7/site-packages/airflow/example_dags/tutorial.py
[2023-10-10T17:50:45.051+0000] {processor.py:826} INFO - Processing file /home/airflow/.local/lib/python3.7/site-packages/airflow/example_dags/tutorial.py for tasks to queue
[2023-10-10T17:50:45.053+0000] {logging_mixin.py:150} INFO - [2023-10-10T17:50:45.052+0000] {dagbag.py:541} INFO - Filling up the DagBag from /home/airflow/.local/lib/python3.7/site-packages/airflow/example_dags/tutorial.py
[2023-10-10T17:50:45.061+0000] {processor.py:836} INFO - DAG(s) dict_keys(['tutorial']) retrieved from /home/airflow/.local/lib/python3.7/site-packages/airflow/example_dags/tutorial.py
[2023-10-10T17:50:45.090+0000] {logging_mixin.py:150} INFO - [2023-10-10T17:50:45.090+0000] {dag.py:2742} INFO - Sync 1 DAGs
[2023-10-10T17:50:45.121+0000] {logging_mixin.py:150} INFO - [2023-10-10T17:50:45.121+0000] {dag.py:3508} INFO - Setting next_dagrun for tutorial to 2023-10-09T17:50:45.121482+00:00, run_after=2023-10-10T17:50:45.121482+00:00
[2023-10-10T17:50:45.145+0000] {processor.py:179} INFO - Processing /home/airflow/.local/lib/python3.7/site-packages/airflow/example_dags/tutorial.py took 0.100 seconds
[2023-10-10T17:51:15.396+0000] {processor.py:157} INFO - Started process (PID=2514) to work on /home/airflow/.local/lib/python3.7/site-packages/airflow/example_dags/tutorial.py
[2023-10-10T17:51:15.414+0000] {processor.py:826} INFO - Processing file /home/airflow/.local/lib/python3.7/site-packages/airflow/example_dags/tutorial.py for tasks to queue
[2023-10-10T17:51:15.417+0000] {logging_mixin.py:150} INFO - [2023-10-10T17:51:15.416+0000] {dagbag.py:541} INFO - Filling up the DagBag from /home/airflow/.local/lib/python3.7/site-packages/airflow/example_dags/tutorial.py
[2023-10-10T17:51:15.427+0000] {processor.py:836} INFO - DAG(s) dict_keys(['tutorial']) retrieved from /home/airflow/.local/lib/python3.7/site-packages/airflow/example_dags/tutorial.py
[2023-10-10T17:51:15.457+0000] {logging_mixin.py:150} INFO - [2023-10-10T17:51:15.457+0000] {dag.py:2742} INFO - Sync 1 DAGs
[2023-10-10T17:51:15.488+0000] {logging_mixin.py:150} INFO - [2023-10-10T17:51:15.488+0000] {dag.py:3508} INFO - Setting next_dagrun for tutorial to 2023-10-09T17:51:15.488108+00:00, run_after=2023-10-10T17:51:15.488108+00:00
[2023-10-10T17:51:15.513+0000] {processor.py:179} INFO - Processing /home/airflow/.local/lib/python3.7/site-packages/airflow/example_dags/tutorial.py took 0.121 seconds
[2023-10-10T17:51:46.312+0000] {processor.py:157} INFO - Started process (PID=2607) to work on /home/airflow/.local/lib/python3.7/site-packages/airflow/example_dags/tutorial.py
[2023-10-10T17:51:46.314+0000] {processor.py:826} INFO - Processing file /home/airflow/.local/lib/python3.7/site-packages/airflow/example_dags/tutorial.py for tasks to queue
[2023-10-10T17:51:46.316+0000] {logging_mixin.py:150} INFO - [2023-10-10T17:51:46.315+0000] {dagbag.py:541} INFO - Filling up the DagBag from /home/airflow/.local/lib/python3.7/site-packages/airflow/example_dags/tutorial.py
[2023-10-10T17:51:46.324+0000] {processor.py:836} INFO - DAG(s) dict_keys(['tutorial']) retrieved from /home/airflow/.local/lib/python3.7/site-packages/airflow/example_dags/tutorial.py
[2023-10-10T17:51:46.354+0000] {logging_mixin.py:150} INFO - [2023-10-10T17:51:46.354+0000] {dag.py:2742} INFO - Sync 1 DAGs
[2023-10-10T17:51:46.386+0000] {logging_mixin.py:150} INFO - [2023-10-10T17:51:46.385+0000] {dag.py:3508} INFO - Setting next_dagrun for tutorial to 2023-10-09T17:51:46.385677+00:00, run_after=2023-10-10T17:51:46.385677+00:00
[2023-10-10T17:51:46.417+0000] {processor.py:179} INFO - Processing /home/airflow/.local/lib/python3.7/site-packages/airflow/example_dags/tutorial.py took 0.109 seconds
[2023-10-10T17:52:16.602+0000] {processor.py:157} INFO - Started process (PID=2688) to work on /home/airflow/.local/lib/python3.7/site-packages/airflow/example_dags/tutorial.py
[2023-10-10T17:52:16.604+0000] {processor.py:826} INFO - Processing file /home/airflow/.local/lib/python3.7/site-packages/airflow/example_dags/tutorial.py for tasks to queue
[2023-10-10T17:52:16.606+0000] {logging_mixin.py:150} INFO - [2023-10-10T17:52:16.605+0000] {dagbag.py:541} INFO - Filling up the DagBag from /home/airflow/.local/lib/python3.7/site-packages/airflow/example_dags/tutorial.py
[2023-10-10T17:52:16.615+0000] {processor.py:836} INFO - DAG(s) dict_keys(['tutorial']) retrieved from /home/airflow/.local/lib/python3.7/site-packages/airflow/example_dags/tutorial.py
[2023-10-10T17:52:16.648+0000] {logging_mixin.py:150} INFO - [2023-10-10T17:52:16.647+0000] {dag.py:2742} INFO - Sync 1 DAGs
[2023-10-10T17:52:16.680+0000] {logging_mixin.py:150} INFO - [2023-10-10T17:52:16.680+0000] {dag.py:3508} INFO - Setting next_dagrun for tutorial to 2023-10-09T17:52:16.680270+00:00, run_after=2023-10-10T17:52:16.680270+00:00
[2023-10-10T17:52:16.704+0000] {processor.py:179} INFO - Processing /home/airflow/.local/lib/python3.7/site-packages/airflow/example_dags/tutorial.py took 0.107 seconds
[2023-10-10T17:52:46.898+0000] {processor.py:157} INFO - Started process (PID=2772) to work on /home/airflow/.local/lib/python3.7/site-packages/airflow/example_dags/tutorial.py
[2023-10-10T17:52:46.901+0000] {processor.py:826} INFO - Processing file /home/airflow/.local/lib/python3.7/site-packages/airflow/example_dags/tutorial.py for tasks to queue
[2023-10-10T17:52:46.902+0000] {logging_mixin.py:150} INFO - [2023-10-10T17:52:46.902+0000] {dagbag.py:541} INFO - Filling up the DagBag from /home/airflow/.local/lib/python3.7/site-packages/airflow/example_dags/tutorial.py
[2023-10-10T17:52:46.919+0000] {processor.py:836} INFO - DAG(s) dict_keys(['tutorial']) retrieved from /home/airflow/.local/lib/python3.7/site-packages/airflow/example_dags/tutorial.py
[2023-10-10T17:52:46.984+0000] {logging_mixin.py:150} INFO - [2023-10-10T17:52:46.984+0000] {dag.py:2742} INFO - Sync 1 DAGs
[2023-10-10T17:52:47.034+0000] {logging_mixin.py:150} INFO - [2023-10-10T17:52:47.034+0000] {dag.py:3508} INFO - Setting next_dagrun for tutorial to 2023-10-09T17:52:47.033844+00:00, run_after=2023-10-10T17:52:47.033844+00:00
[2023-10-10T17:52:47.073+0000] {processor.py:179} INFO - Processing /home/airflow/.local/lib/python3.7/site-packages/airflow/example_dags/tutorial.py took 0.180 seconds
[2023-10-10T17:53:17.480+0000] {processor.py:157} INFO - Started process (PID=2855) to work on /home/airflow/.local/lib/python3.7/site-packages/airflow/example_dags/tutorial.py
[2023-10-10T17:53:17.482+0000] {processor.py:826} INFO - Processing file /home/airflow/.local/lib/python3.7/site-packages/airflow/example_dags/tutorial.py for tasks to queue
[2023-10-10T17:53:17.484+0000] {logging_mixin.py:150} INFO - [2023-10-10T17:53:17.484+0000] {dagbag.py:541} INFO - Filling up the DagBag from /home/airflow/.local/lib/python3.7/site-packages/airflow/example_dags/tutorial.py
[2023-10-10T17:53:17.495+0000] {processor.py:836} INFO - DAG(s) dict_keys(['tutorial']) retrieved from /home/airflow/.local/lib/python3.7/site-packages/airflow/example_dags/tutorial.py
[2023-10-10T17:53:17.532+0000] {logging_mixin.py:150} INFO - [2023-10-10T17:53:17.532+0000] {dag.py:2742} INFO - Sync 1 DAGs
[2023-10-10T17:53:17.570+0000] {logging_mixin.py:150} INFO - [2023-10-10T17:53:17.570+0000] {dag.py:3508} INFO - Setting next_dagrun for tutorial to 2023-10-09T17:53:17.570000+00:00, run_after=2023-10-10T17:53:17.570000+00:00
[2023-10-10T17:53:17.599+0000] {processor.py:179} INFO - Processing /home/airflow/.local/lib/python3.7/site-packages/airflow/example_dags/tutorial.py took 0.125 seconds
[2023-10-10T17:53:47.753+0000] {processor.py:157} INFO - Started process (PID=2936) to work on /home/airflow/.local/lib/python3.7/site-packages/airflow/example_dags/tutorial.py
[2023-10-10T17:53:47.755+0000] {processor.py:826} INFO - Processing file /home/airflow/.local/lib/python3.7/site-packages/airflow/example_dags/tutorial.py for tasks to queue
[2023-10-10T17:53:47.758+0000] {logging_mixin.py:150} INFO - [2023-10-10T17:53:47.757+0000] {dagbag.py:541} INFO - Filling up the DagBag from /home/airflow/.local/lib/python3.7/site-packages/airflow/example_dags/tutorial.py
[2023-10-10T17:53:47.772+0000] {processor.py:836} INFO - DAG(s) dict_keys(['tutorial']) retrieved from /home/airflow/.local/lib/python3.7/site-packages/airflow/example_dags/tutorial.py
[2023-10-10T17:53:47.809+0000] {logging_mixin.py:150} INFO - [2023-10-10T17:53:47.809+0000] {dag.py:2742} INFO - Sync 1 DAGs
[2023-10-10T17:53:47.864+0000] {logging_mixin.py:150} INFO - [2023-10-10T17:53:47.864+0000] {dag.py:3508} INFO - Setting next_dagrun for tutorial to 2023-10-09T17:53:47.863653+00:00, run_after=2023-10-10T17:53:47.863653+00:00
[2023-10-10T17:53:47.892+0000] {processor.py:179} INFO - Processing /home/airflow/.local/lib/python3.7/site-packages/airflow/example_dags/tutorial.py took 0.147 seconds
[2023-10-10T17:54:17.927+0000] {processor.py:157} INFO - Started process (PID=3026) to work on /home/airflow/.local/lib/python3.7/site-packages/airflow/example_dags/tutorial.py
[2023-10-10T17:54:17.930+0000] {processor.py:826} INFO - Processing file /home/airflow/.local/lib/python3.7/site-packages/airflow/example_dags/tutorial.py for tasks to queue
[2023-10-10T17:54:17.933+0000] {logging_mixin.py:150} INFO - [2023-10-10T17:54:17.932+0000] {dagbag.py:541} INFO - Filling up the DagBag from /home/airflow/.local/lib/python3.7/site-packages/airflow/example_dags/tutorial.py
[2023-10-10T17:54:17.946+0000] {processor.py:836} INFO - DAG(s) dict_keys(['tutorial']) retrieved from /home/airflow/.local/lib/python3.7/site-packages/airflow/example_dags/tutorial.py
[2023-10-10T17:54:17.990+0000] {logging_mixin.py:150} INFO - [2023-10-10T17:54:17.989+0000] {dag.py:2742} INFO - Sync 1 DAGs
[2023-10-10T17:54:18.031+0000] {logging_mixin.py:150} INFO - [2023-10-10T17:54:18.031+0000] {dag.py:3508} INFO - Setting next_dagrun for tutorial to 2023-10-09T17:54:18.031357+00:00, run_after=2023-10-10T17:54:18.031357+00:00
[2023-10-10T17:54:18.069+0000] {processor.py:179} INFO - Processing /home/airflow/.local/lib/python3.7/site-packages/airflow/example_dags/tutorial.py took 0.148 seconds
[2023-10-10T17:54:49.877+0000] {processor.py:157} INFO - Started process (PID=3128) to work on /home/airflow/.local/lib/python3.7/site-packages/airflow/example_dags/tutorial.py
[2023-10-10T17:54:49.881+0000] {processor.py:826} INFO - Processing file /home/airflow/.local/lib/python3.7/site-packages/airflow/example_dags/tutorial.py for tasks to queue
[2023-10-10T17:54:49.889+0000] {logging_mixin.py:150} INFO - [2023-10-10T17:54:49.889+0000] {dagbag.py:541} INFO - Filling up the DagBag from /home/airflow/.local/lib/python3.7/site-packages/airflow/example_dags/tutorial.py
[2023-10-10T17:54:49.914+0000] {processor.py:836} INFO - DAG(s) dict_keys(['tutorial']) retrieved from /home/airflow/.local/lib/python3.7/site-packages/airflow/example_dags/tutorial.py
[2023-10-10T17:54:50.015+0000] {logging_mixin.py:150} INFO - [2023-10-10T17:54:50.014+0000] {dag.py:2742} INFO - Sync 1 DAGs
[2023-10-10T17:54:50.086+0000] {logging_mixin.py:150} INFO - [2023-10-10T17:54:50.085+0000] {dag.py:3508} INFO - Setting next_dagrun for tutorial to 2023-10-09T17:54:50.085096+00:00, run_after=2023-10-10T17:54:50.085096+00:00
[2023-10-10T17:54:50.178+0000] {processor.py:179} INFO - Processing /home/airflow/.local/lib/python3.7/site-packages/airflow/example_dags/tutorial.py took 0.309 seconds
[2023-10-10T17:56:01.914+0000] {processor.py:157} INFO - Started process (PID=3217) to work on /home/airflow/.local/lib/python3.7/site-packages/airflow/example_dags/tutorial.py
[2023-10-10T17:56:01.918+0000] {processor.py:826} INFO - Processing file /home/airflow/.local/lib/python3.7/site-packages/airflow/example_dags/tutorial.py for tasks to queue
[2023-10-10T17:56:01.923+0000] {logging_mixin.py:150} INFO - [2023-10-10T17:56:01.922+0000] {dagbag.py:541} INFO - Filling up the DagBag from /home/airflow/.local/lib/python3.7/site-packages/airflow/example_dags/tutorial.py
[2023-10-10T17:56:01.945+0000] {processor.py:836} INFO - DAG(s) dict_keys(['tutorial']) retrieved from /home/airflow/.local/lib/python3.7/site-packages/airflow/example_dags/tutorial.py
[2023-10-10T17:56:02.055+0000] {logging_mixin.py:150} INFO - [2023-10-10T17:56:02.055+0000] {dag.py:2742} INFO - Sync 1 DAGs
[2023-10-10T17:56:02.166+0000] {logging_mixin.py:150} INFO - [2023-10-10T17:56:02.165+0000] {dag.py:3508} INFO - Setting next_dagrun for tutorial to 2023-10-09T17:56:02.164667+00:00, run_after=2023-10-10T17:56:02.164667+00:00
[2023-10-10T17:56:02.240+0000] {processor.py:179} INFO - Processing /home/airflow/.local/lib/python3.7/site-packages/airflow/example_dags/tutorial.py took 0.338 seconds
[2023-10-10T17:56:32.517+0000] {processor.py:157} INFO - Started process (PID=3291) to work on /home/airflow/.local/lib/python3.7/site-packages/airflow/example_dags/tutorial.py
[2023-10-10T17:56:32.520+0000] {processor.py:826} INFO - Processing file /home/airflow/.local/lib/python3.7/site-packages/airflow/example_dags/tutorial.py for tasks to queue
[2023-10-10T17:56:32.523+0000] {logging_mixin.py:150} INFO - [2023-10-10T17:56:32.522+0000] {dagbag.py:541} INFO - Filling up the DagBag from /home/airflow/.local/lib/python3.7/site-packages/airflow/example_dags/tutorial.py
[2023-10-10T17:56:32.547+0000] {processor.py:836} INFO - DAG(s) dict_keys(['tutorial']) retrieved from /home/airflow/.local/lib/python3.7/site-packages/airflow/example_dags/tutorial.py
[2023-10-10T17:56:32.619+0000] {logging_mixin.py:150} INFO - [2023-10-10T17:56:32.619+0000] {dag.py:2742} INFO - Sync 1 DAGs
[2023-10-10T17:56:32.688+0000] {logging_mixin.py:150} INFO - [2023-10-10T17:56:32.687+0000] {dag.py:3508} INFO - Setting next_dagrun for tutorial to 2023-10-09T17:56:32.687481+00:00, run_after=2023-10-10T17:56:32.687481+00:00
[2023-10-10T17:56:32.734+0000] {processor.py:179} INFO - Processing /home/airflow/.local/lib/python3.7/site-packages/airflow/example_dags/tutorial.py took 0.227 seconds
[2023-10-10T17:57:03.507+0000] {processor.py:157} INFO - Started process (PID=3372) to work on /home/airflow/.local/lib/python3.7/site-packages/airflow/example_dags/tutorial.py
[2023-10-10T17:57:03.514+0000] {processor.py:826} INFO - Processing file /home/airflow/.local/lib/python3.7/site-packages/airflow/example_dags/tutorial.py for tasks to queue
[2023-10-10T17:57:03.526+0000] {logging_mixin.py:150} INFO - [2023-10-10T17:57:03.525+0000] {dagbag.py:541} INFO - Filling up the DagBag from /home/airflow/.local/lib/python3.7/site-packages/airflow/example_dags/tutorial.py
[2023-10-10T17:57:03.585+0000] {processor.py:836} INFO - DAG(s) dict_keys(['tutorial']) retrieved from /home/airflow/.local/lib/python3.7/site-packages/airflow/example_dags/tutorial.py
[2023-10-10T17:57:03.719+0000] {logging_mixin.py:150} INFO - [2023-10-10T17:57:03.718+0000] {dag.py:2742} INFO - Sync 1 DAGs
[2023-10-10T17:57:04.008+0000] {logging_mixin.py:150} INFO - [2023-10-10T17:57:04.008+0000] {dag.py:3508} INFO - Setting next_dagrun for tutorial to 2023-10-09T17:57:04.006455+00:00, run_after=2023-10-10T17:57:04.006455+00:00
[2023-10-10T17:57:04.205+0000] {processor.py:179} INFO - Processing /home/airflow/.local/lib/python3.7/site-packages/airflow/example_dags/tutorial.py took 0.727 seconds
[2023-10-10T17:58:12.682+0000] {processor.py:157} INFO - Started process (PID=3470) to work on /home/airflow/.local/lib/python3.7/site-packages/airflow/example_dags/tutorial.py
[2023-10-10T17:58:12.734+0000] {processor.py:826} INFO - Processing file /home/airflow/.local/lib/python3.7/site-packages/airflow/example_dags/tutorial.py for tasks to queue
[2023-10-10T17:58:12.746+0000] {logging_mixin.py:150} INFO - [2023-10-10T17:58:12.744+0000] {dagbag.py:541} INFO - Filling up the DagBag from /home/airflow/.local/lib/python3.7/site-packages/airflow/example_dags/tutorial.py
[2023-10-10T17:58:12.899+0000] {processor.py:836} INFO - DAG(s) dict_keys(['tutorial']) retrieved from /home/airflow/.local/lib/python3.7/site-packages/airflow/example_dags/tutorial.py
[2023-10-10T17:58:13.178+0000] {logging_mixin.py:150} INFO - [2023-10-10T17:58:13.177+0000] {dag.py:2742} INFO - Sync 1 DAGs
[2023-10-10T17:58:13.466+0000] {logging_mixin.py:150} INFO - [2023-10-10T17:58:13.465+0000] {dag.py:3508} INFO - Setting next_dagrun for tutorial to 2023-10-09T17:58:13.463602+00:00, run_after=2023-10-10T17:58:13.463602+00:00
[2023-10-10T17:58:13.698+0000] {processor.py:179} INFO - Processing /home/airflow/.local/lib/python3.7/site-packages/airflow/example_dags/tutorial.py took 1.174 seconds
[2023-10-10T17:58:47.230+0000] {processor.py:157} INFO - Started process (PID=3557) to work on /home/airflow/.local/lib/python3.7/site-packages/airflow/example_dags/tutorial.py
[2023-10-10T17:58:47.246+0000] {processor.py:826} INFO - Processing file /home/airflow/.local/lib/python3.7/site-packages/airflow/example_dags/tutorial.py for tasks to queue
[2023-10-10T17:58:47.252+0000] {logging_mixin.py:150} INFO - [2023-10-10T17:58:47.250+0000] {dagbag.py:541} INFO - Filling up the DagBag from /home/airflow/.local/lib/python3.7/site-packages/airflow/example_dags/tutorial.py
[2023-10-10T17:58:47.306+0000] {processor.py:836} INFO - DAG(s) dict_keys(['tutorial']) retrieved from /home/airflow/.local/lib/python3.7/site-packages/airflow/example_dags/tutorial.py
[2023-10-10T17:58:47.471+0000] {logging_mixin.py:150} INFO - [2023-10-10T17:58:47.470+0000] {dag.py:2742} INFO - Sync 1 DAGs
[2023-10-10T17:58:47.666+0000] {logging_mixin.py:150} INFO - [2023-10-10T17:58:47.666+0000] {dag.py:3508} INFO - Setting next_dagrun for tutorial to 2023-10-09T17:58:47.665058+00:00, run_after=2023-10-10T17:58:47.665058+00:00
[2023-10-10T17:58:47.744+0000] {processor.py:179} INFO - Processing /home/airflow/.local/lib/python3.7/site-packages/airflow/example_dags/tutorial.py took 0.533 seconds
[2023-10-10T17:59:33.102+0000] {processor.py:157} INFO - Started process (PID=3653) to work on /home/airflow/.local/lib/python3.7/site-packages/airflow/example_dags/tutorial.py
[2023-10-10T17:59:33.110+0000] {processor.py:826} INFO - Processing file /home/airflow/.local/lib/python3.7/site-packages/airflow/example_dags/tutorial.py for tasks to queue
[2023-10-10T17:59:33.121+0000] {logging_mixin.py:150} INFO - [2023-10-10T17:59:33.119+0000] {dagbag.py:541} INFO - Filling up the DagBag from /home/airflow/.local/lib/python3.7/site-packages/airflow/example_dags/tutorial.py
[2023-10-10T17:59:33.196+0000] {processor.py:836} INFO - DAG(s) dict_keys(['tutorial']) retrieved from /home/airflow/.local/lib/python3.7/site-packages/airflow/example_dags/tutorial.py
[2023-10-10T17:59:33.446+0000] {logging_mixin.py:150} INFO - [2023-10-10T17:59:33.443+0000] {dag.py:2742} INFO - Sync 1 DAGs
[2023-10-10T17:59:33.856+0000] {logging_mixin.py:150} INFO - [2023-10-10T17:59:33.855+0000] {dag.py:3508} INFO - Setting next_dagrun for tutorial to 2023-10-09T17:59:33.849766+00:00, run_after=2023-10-10T17:59:33.849766+00:00
[2023-10-10T17:59:34.072+0000] {processor.py:179} INFO - Processing /home/airflow/.local/lib/python3.7/site-packages/airflow/example_dags/tutorial.py took 1.015 seconds
[2023-10-10T18:00:04.769+0000] {processor.py:157} INFO - Started process (PID=3734) to work on /home/airflow/.local/lib/python3.7/site-packages/airflow/example_dags/tutorial.py
[2023-10-10T18:00:04.775+0000] {processor.py:826} INFO - Processing file /home/airflow/.local/lib/python3.7/site-packages/airflow/example_dags/tutorial.py for tasks to queue
[2023-10-10T18:00:04.779+0000] {logging_mixin.py:150} INFO - [2023-10-10T18:00:04.778+0000] {dagbag.py:541} INFO - Filling up the DagBag from /home/airflow/.local/lib/python3.7/site-packages/airflow/example_dags/tutorial.py
[2023-10-10T18:00:04.803+0000] {processor.py:836} INFO - DAG(s) dict_keys(['tutorial']) retrieved from /home/airflow/.local/lib/python3.7/site-packages/airflow/example_dags/tutorial.py
[2023-10-10T18:00:04.892+0000] {logging_mixin.py:150} INFO - [2023-10-10T18:00:04.891+0000] {dag.py:2742} INFO - Sync 1 DAGs
[2023-10-10T18:00:04.984+0000] {logging_mixin.py:150} INFO - [2023-10-10T18:00:04.983+0000] {dag.py:3508} INFO - Setting next_dagrun for tutorial to 2023-10-09T18:00:04.982911+00:00, run_after=2023-10-10T18:00:04.982911+00:00
[2023-10-10T18:00:05.047+0000] {processor.py:179} INFO - Processing /home/airflow/.local/lib/python3.7/site-packages/airflow/example_dags/tutorial.py took 0.289 seconds
[2023-10-10T18:00:35.289+0000] {processor.py:157} INFO - Started process (PID=3814) to work on /home/airflow/.local/lib/python3.7/site-packages/airflow/example_dags/tutorial.py
[2023-10-10T18:00:35.294+0000] {processor.py:826} INFO - Processing file /home/airflow/.local/lib/python3.7/site-packages/airflow/example_dags/tutorial.py for tasks to queue
[2023-10-10T18:00:35.297+0000] {logging_mixin.py:150} INFO - [2023-10-10T18:00:35.297+0000] {dagbag.py:541} INFO - Filling up the DagBag from /home/airflow/.local/lib/python3.7/site-packages/airflow/example_dags/tutorial.py
[2023-10-10T18:00:35.380+0000] {processor.py:836} INFO - DAG(s) dict_keys(['tutorial']) retrieved from /home/airflow/.local/lib/python3.7/site-packages/airflow/example_dags/tutorial.py
[2023-10-10T18:00:35.439+0000] {logging_mixin.py:150} INFO - [2023-10-10T18:00:35.438+0000] {dag.py:2742} INFO - Sync 1 DAGs
[2023-10-10T18:00:35.523+0000] {logging_mixin.py:150} INFO - [2023-10-10T18:00:35.523+0000] {dag.py:3508} INFO - Setting next_dagrun for tutorial to 2023-10-09T18:00:35.523043+00:00, run_after=2023-10-10T18:00:35.523043+00:00
[2023-10-10T18:00:35.594+0000] {processor.py:179} INFO - Processing /home/airflow/.local/lib/python3.7/site-packages/airflow/example_dags/tutorial.py took 0.313 seconds
[2023-10-10T18:01:05.659+0000] {processor.py:157} INFO - Started process (PID=3889) to work on /home/airflow/.local/lib/python3.7/site-packages/airflow/example_dags/tutorial.py
[2023-10-10T18:01:05.662+0000] {processor.py:826} INFO - Processing file /home/airflow/.local/lib/python3.7/site-packages/airflow/example_dags/tutorial.py for tasks to queue
[2023-10-10T18:01:05.665+0000] {logging_mixin.py:150} INFO - [2023-10-10T18:01:05.664+0000] {dagbag.py:541} INFO - Filling up the DagBag from /home/airflow/.local/lib/python3.7/site-packages/airflow/example_dags/tutorial.py
[2023-10-10T18:01:05.679+0000] {processor.py:836} INFO - DAG(s) dict_keys(['tutorial']) retrieved from /home/airflow/.local/lib/python3.7/site-packages/airflow/example_dags/tutorial.py
[2023-10-10T18:01:05.723+0000] {logging_mixin.py:150} INFO - [2023-10-10T18:01:05.723+0000] {dag.py:2742} INFO - Sync 1 DAGs
[2023-10-10T18:01:05.771+0000] {logging_mixin.py:150} INFO - [2023-10-10T18:01:05.770+0000] {dag.py:3508} INFO - Setting next_dagrun for tutorial to 2023-10-09T18:01:05.770314+00:00, run_after=2023-10-10T18:01:05.770314+00:00
[2023-10-10T18:01:05.805+0000] {processor.py:179} INFO - Processing /home/airflow/.local/lib/python3.7/site-packages/airflow/example_dags/tutorial.py took 0.152 seconds
[2023-10-10T18:01:35.874+0000] {processor.py:157} INFO - Started process (PID=3970) to work on /home/airflow/.local/lib/python3.7/site-packages/airflow/example_dags/tutorial.py
[2023-10-10T18:01:35.877+0000] {processor.py:826} INFO - Processing file /home/airflow/.local/lib/python3.7/site-packages/airflow/example_dags/tutorial.py for tasks to queue
[2023-10-10T18:01:35.880+0000] {logging_mixin.py:150} INFO - [2023-10-10T18:01:35.879+0000] {dagbag.py:541} INFO - Filling up the DagBag from /home/airflow/.local/lib/python3.7/site-packages/airflow/example_dags/tutorial.py
[2023-10-10T18:01:35.897+0000] {processor.py:836} INFO - DAG(s) dict_keys(['tutorial']) retrieved from /home/airflow/.local/lib/python3.7/site-packages/airflow/example_dags/tutorial.py
[2023-10-10T18:01:35.954+0000] {logging_mixin.py:150} INFO - [2023-10-10T18:01:35.954+0000] {dag.py:2742} INFO - Sync 1 DAGs
[2023-10-10T18:01:36.014+0000] {logging_mixin.py:150} INFO - [2023-10-10T18:01:36.013+0000] {dag.py:3508} INFO - Setting next_dagrun for tutorial to 2023-10-09T18:01:36.013367+00:00, run_after=2023-10-10T18:01:36.013367+00:00
[2023-10-10T18:01:36.055+0000] {processor.py:179} INFO - Processing /home/airflow/.local/lib/python3.7/site-packages/airflow/example_dags/tutorial.py took 0.191 seconds
[2023-10-10T18:02:06.193+0000] {processor.py:157} INFO - Started process (PID=4058) to work on /home/airflow/.local/lib/python3.7/site-packages/airflow/example_dags/tutorial.py
[2023-10-10T18:02:06.196+0000] {processor.py:826} INFO - Processing file /home/airflow/.local/lib/python3.7/site-packages/airflow/example_dags/tutorial.py for tasks to queue
[2023-10-10T18:02:06.198+0000] {logging_mixin.py:150} INFO - [2023-10-10T18:02:06.198+0000] {dagbag.py:541} INFO - Filling up the DagBag from /home/airflow/.local/lib/python3.7/site-packages/airflow/example_dags/tutorial.py
[2023-10-10T18:02:06.213+0000] {processor.py:836} INFO - DAG(s) dict_keys(['tutorial']) retrieved from /home/airflow/.local/lib/python3.7/site-packages/airflow/example_dags/tutorial.py
[2023-10-10T18:02:06.265+0000] {logging_mixin.py:150} INFO - [2023-10-10T18:02:06.265+0000] {dag.py:2742} INFO - Sync 1 DAGs
[2023-10-10T18:02:06.319+0000] {logging_mixin.py:150} INFO - [2023-10-10T18:02:06.319+0000] {dag.py:3508} INFO - Setting next_dagrun for tutorial to 2023-10-09T18:02:06.318857+00:00, run_after=2023-10-10T18:02:06.318857+00:00
[2023-10-10T18:02:06.358+0000] {processor.py:179} INFO - Processing /home/airflow/.local/lib/python3.7/site-packages/airflow/example_dags/tutorial.py took 0.171 seconds
[2023-10-10T18:02:36.472+0000] {processor.py:157} INFO - Started process (PID=4141) to work on /home/airflow/.local/lib/python3.7/site-packages/airflow/example_dags/tutorial.py
[2023-10-10T18:02:36.476+0000] {processor.py:826} INFO - Processing file /home/airflow/.local/lib/python3.7/site-packages/airflow/example_dags/tutorial.py for tasks to queue
[2023-10-10T18:02:36.482+0000] {logging_mixin.py:150} INFO - [2023-10-10T18:02:36.481+0000] {dagbag.py:541} INFO - Filling up the DagBag from /home/airflow/.local/lib/python3.7/site-packages/airflow/example_dags/tutorial.py
[2023-10-10T18:02:36.508+0000] {processor.py:836} INFO - DAG(s) dict_keys(['tutorial']) retrieved from /home/airflow/.local/lib/python3.7/site-packages/airflow/example_dags/tutorial.py
[2023-10-10T18:02:36.560+0000] {logging_mixin.py:150} INFO - [2023-10-10T18:02:36.560+0000] {dag.py:2742} INFO - Sync 1 DAGs
[2023-10-10T18:02:36.620+0000] {logging_mixin.py:150} INFO - [2023-10-10T18:02:36.620+0000] {dag.py:3508} INFO - Setting next_dagrun for tutorial to 2023-10-09T18:02:36.619567+00:00, run_after=2023-10-10T18:02:36.619567+00:00
[2023-10-10T18:02:36.665+0000] {processor.py:179} INFO - Processing /home/airflow/.local/lib/python3.7/site-packages/airflow/example_dags/tutorial.py took 0.201 seconds
[2023-10-10T18:03:06.948+0000] {processor.py:157} INFO - Started process (PID=4222) to work on /home/airflow/.local/lib/python3.7/site-packages/airflow/example_dags/tutorial.py
[2023-10-10T18:03:06.951+0000] {processor.py:826} INFO - Processing file /home/airflow/.local/lib/python3.7/site-packages/airflow/example_dags/tutorial.py for tasks to queue
[2023-10-10T18:03:06.955+0000] {logging_mixin.py:150} INFO - [2023-10-10T18:03:06.954+0000] {dagbag.py:541} INFO - Filling up the DagBag from /home/airflow/.local/lib/python3.7/site-packages/airflow/example_dags/tutorial.py
[2023-10-10T18:03:06.971+0000] {processor.py:836} INFO - DAG(s) dict_keys(['tutorial']) retrieved from /home/airflow/.local/lib/python3.7/site-packages/airflow/example_dags/tutorial.py
[2023-10-10T18:03:07.017+0000] {logging_mixin.py:150} INFO - [2023-10-10T18:03:07.016+0000] {dag.py:2742} INFO - Sync 1 DAGs
[2023-10-10T18:03:07.067+0000] {logging_mixin.py:150} INFO - [2023-10-10T18:03:07.066+0000] {dag.py:3508} INFO - Setting next_dagrun for tutorial to 2023-10-09T18:03:07.066359+00:00, run_after=2023-10-10T18:03:07.066359+00:00
[2023-10-10T18:03:07.104+0000] {processor.py:179} INFO - Processing /home/airflow/.local/lib/python3.7/site-packages/airflow/example_dags/tutorial.py took 0.165 seconds
[2023-10-10T18:03:37.731+0000] {processor.py:157} INFO - Started process (PID=4303) to work on /home/airflow/.local/lib/python3.7/site-packages/airflow/example_dags/tutorial.py
[2023-10-10T18:03:37.734+0000] {processor.py:826} INFO - Processing file /home/airflow/.local/lib/python3.7/site-packages/airflow/example_dags/tutorial.py for tasks to queue
[2023-10-10T18:03:37.736+0000] {logging_mixin.py:150} INFO - [2023-10-10T18:03:37.735+0000] {dagbag.py:541} INFO - Filling up the DagBag from /home/airflow/.local/lib/python3.7/site-packages/airflow/example_dags/tutorial.py
[2023-10-10T18:03:37.750+0000] {processor.py:836} INFO - DAG(s) dict_keys(['tutorial']) retrieved from /home/airflow/.local/lib/python3.7/site-packages/airflow/example_dags/tutorial.py
[2023-10-10T18:03:37.796+0000] {logging_mixin.py:150} INFO - [2023-10-10T18:03:37.796+0000] {dag.py:2742} INFO - Sync 1 DAGs
[2023-10-10T18:03:37.848+0000] {logging_mixin.py:150} INFO - [2023-10-10T18:03:37.847+0000] {dag.py:3508} INFO - Setting next_dagrun for tutorial to 2023-10-09T18:03:37.847494+00:00, run_after=2023-10-10T18:03:37.847494+00:00
[2023-10-10T18:03:37.920+0000] {processor.py:179} INFO - Processing /home/airflow/.local/lib/python3.7/site-packages/airflow/example_dags/tutorial.py took 0.196 seconds
[2023-10-10T18:04:08.437+0000] {processor.py:157} INFO - Started process (PID=4392) to work on /home/airflow/.local/lib/python3.7/site-packages/airflow/example_dags/tutorial.py
[2023-10-10T18:04:08.439+0000] {processor.py:826} INFO - Processing file /home/airflow/.local/lib/python3.7/site-packages/airflow/example_dags/tutorial.py for tasks to queue
[2023-10-10T18:04:08.441+0000] {logging_mixin.py:150} INFO - [2023-10-10T18:04:08.441+0000] {dagbag.py:541} INFO - Filling up the DagBag from /home/airflow/.local/lib/python3.7/site-packages/airflow/example_dags/tutorial.py
[2023-10-10T18:04:08.453+0000] {processor.py:836} INFO - DAG(s) dict_keys(['tutorial']) retrieved from /home/airflow/.local/lib/python3.7/site-packages/airflow/example_dags/tutorial.py
[2023-10-10T18:04:08.493+0000] {logging_mixin.py:150} INFO - [2023-10-10T18:04:08.493+0000] {dag.py:2742} INFO - Sync 1 DAGs
[2023-10-10T18:04:08.535+0000] {logging_mixin.py:150} INFO - [2023-10-10T18:04:08.535+0000] {dag.py:3508} INFO - Setting next_dagrun for tutorial to 2023-10-09T18:04:08.534360+00:00, run_after=2023-10-10T18:04:08.534360+00:00
[2023-10-10T18:04:08.566+0000] {processor.py:179} INFO - Processing /home/airflow/.local/lib/python3.7/site-packages/airflow/example_dags/tutorial.py took 0.135 seconds
[2023-10-10T18:04:39.224+0000] {processor.py:157} INFO - Started process (PID=4473) to work on /home/airflow/.local/lib/python3.7/site-packages/airflow/example_dags/tutorial.py
[2023-10-10T18:04:39.229+0000] {processor.py:826} INFO - Processing file /home/airflow/.local/lib/python3.7/site-packages/airflow/example_dags/tutorial.py for tasks to queue
[2023-10-10T18:04:39.235+0000] {logging_mixin.py:150} INFO - [2023-10-10T18:04:39.233+0000] {dagbag.py:541} INFO - Filling up the DagBag from /home/airflow/.local/lib/python3.7/site-packages/airflow/example_dags/tutorial.py
[2023-10-10T18:04:39.275+0000] {processor.py:836} INFO - DAG(s) dict_keys(['tutorial']) retrieved from /home/airflow/.local/lib/python3.7/site-packages/airflow/example_dags/tutorial.py
[2023-10-10T18:04:39.412+0000] {logging_mixin.py:150} INFO - [2023-10-10T18:04:39.411+0000] {dag.py:2742} INFO - Sync 1 DAGs
[2023-10-10T18:04:39.493+0000] {logging_mixin.py:150} INFO - [2023-10-10T18:04:39.493+0000] {dag.py:3508} INFO - Setting next_dagrun for tutorial to 2023-10-09T18:04:39.492394+00:00, run_after=2023-10-10T18:04:39.492394+00:00
[2023-10-10T18:04:39.551+0000] {processor.py:179} INFO - Processing /home/airflow/.local/lib/python3.7/site-packages/airflow/example_dags/tutorial.py took 0.346 seconds
[2023-10-10T18:05:09.923+0000] {processor.py:157} INFO - Started process (PID=4554) to work on /home/airflow/.local/lib/python3.7/site-packages/airflow/example_dags/tutorial.py
[2023-10-10T18:05:09.929+0000] {processor.py:826} INFO - Processing file /home/airflow/.local/lib/python3.7/site-packages/airflow/example_dags/tutorial.py for tasks to queue
[2023-10-10T18:05:09.935+0000] {logging_mixin.py:150} INFO - [2023-10-10T18:05:09.934+0000] {dagbag.py:541} INFO - Filling up the DagBag from /home/airflow/.local/lib/python3.7/site-packages/airflow/example_dags/tutorial.py
[2023-10-10T18:05:09.969+0000] {processor.py:836} INFO - DAG(s) dict_keys(['tutorial']) retrieved from /home/airflow/.local/lib/python3.7/site-packages/airflow/example_dags/tutorial.py
[2023-10-10T18:05:10.081+0000] {logging_mixin.py:150} INFO - [2023-10-10T18:05:10.080+0000] {dag.py:2742} INFO - Sync 1 DAGs
[2023-10-10T18:05:10.203+0000] {logging_mixin.py:150} INFO - [2023-10-10T18:05:10.202+0000] {dag.py:3508} INFO - Setting next_dagrun for tutorial to 2023-10-09T18:05:10.201923+00:00, run_after=2023-10-10T18:05:10.201923+00:00
[2023-10-10T18:05:10.291+0000] {processor.py:179} INFO - Processing /home/airflow/.local/lib/python3.7/site-packages/airflow/example_dags/tutorial.py took 0.384 seconds
[2023-10-10T18:05:43.917+0000] {processor.py:157} INFO - Started process (PID=4623) to work on /home/airflow/.local/lib/python3.7/site-packages/airflow/example_dags/tutorial.py
[2023-10-10T18:05:43.924+0000] {processor.py:826} INFO - Processing file /home/airflow/.local/lib/python3.7/site-packages/airflow/example_dags/tutorial.py for tasks to queue
[2023-10-10T18:05:43.929+0000] {logging_mixin.py:150} INFO - [2023-10-10T18:05:43.928+0000] {dagbag.py:541} INFO - Filling up the DagBag from /home/airflow/.local/lib/python3.7/site-packages/airflow/example_dags/tutorial.py
[2023-10-10T18:05:43.986+0000] {processor.py:836} INFO - DAG(s) dict_keys(['tutorial']) retrieved from /home/airflow/.local/lib/python3.7/site-packages/airflow/example_dags/tutorial.py
[2023-10-10T18:05:44.168+0000] {logging_mixin.py:150} INFO - [2023-10-10T18:05:44.167+0000] {dag.py:2742} INFO - Sync 1 DAGs
[2023-10-10T18:05:44.451+0000] {logging_mixin.py:150} INFO - [2023-10-10T18:05:44.450+0000] {dag.py:3508} INFO - Setting next_dagrun for tutorial to 2023-10-09T18:05:44.449404+00:00, run_after=2023-10-10T18:05:44.449404+00:00
[2023-10-10T18:05:44.647+0000] {processor.py:179} INFO - Processing /home/airflow/.local/lib/python3.7/site-packages/airflow/example_dags/tutorial.py took 0.758 seconds
[2023-10-10T18:06:15.192+0000] {processor.py:157} INFO - Started process (PID=4704) to work on /home/airflow/.local/lib/python3.7/site-packages/airflow/example_dags/tutorial.py
[2023-10-10T18:06:15.197+0000] {processor.py:826} INFO - Processing file /home/airflow/.local/lib/python3.7/site-packages/airflow/example_dags/tutorial.py for tasks to queue
[2023-10-10T18:06:15.204+0000] {logging_mixin.py:150} INFO - [2023-10-10T18:06:15.203+0000] {dagbag.py:541} INFO - Filling up the DagBag from /home/airflow/.local/lib/python3.7/site-packages/airflow/example_dags/tutorial.py
[2023-10-10T18:06:15.229+0000] {processor.py:836} INFO - DAG(s) dict_keys(['tutorial']) retrieved from /home/airflow/.local/lib/python3.7/site-packages/airflow/example_dags/tutorial.py
[2023-10-10T18:06:15.318+0000] {logging_mixin.py:150} INFO - [2023-10-10T18:06:15.317+0000] {dag.py:2742} INFO - Sync 1 DAGs
[2023-10-10T18:06:15.420+0000] {logging_mixin.py:150} INFO - [2023-10-10T18:06:15.420+0000] {dag.py:3508} INFO - Setting next_dagrun for tutorial to 2023-10-09T18:06:15.419423+00:00, run_after=2023-10-10T18:06:15.419423+00:00
[2023-10-10T18:06:15.522+0000] {processor.py:179} INFO - Processing /home/airflow/.local/lib/python3.7/site-packages/airflow/example_dags/tutorial.py took 0.341 seconds
