[2023-10-07T00:00:18.834+0000] {processor.py:157} INFO - Started process (PID=8872) to work on /opt/airflow/dags/movie_db_airflow.py
[2023-10-07T00:00:18.837+0000] {processor.py:826} INFO - Processing file /opt/airflow/dags/movie_db_airflow.py for tasks to queue
[2023-10-07T00:00:18.840+0000] {logging_mixin.py:150} INFO - [2023-10-07T00:00:18.839+0000] {dagbag.py:541} INFO - Filling up the DagBag from /opt/airflow/dags/movie_db_airflow.py
[2023-10-07T00:00:18.867+0000] {processor.py:836} INFO - DAG(s) dict_keys(['movie_db_etl']) retrieved from /opt/airflow/dags/movie_db_airflow.py
[2023-10-07T00:00:19.135+0000] {logging_mixin.py:150} INFO - [2023-10-07T00:00:19.135+0000] {dag.py:2742} INFO - Sync 1 DAGs
[2023-10-07T00:00:19.199+0000] {logging_mixin.py:150} INFO - [2023-10-07T00:00:19.199+0000] {dag.py:3508} INFO - Setting next_dagrun for movie_db_etl to 2023-10-06T00:00:00+00:00, run_after=2023-10-07T00:00:00+00:00
[2023-10-07T00:00:19.259+0000] {processor.py:179} INFO - Processing /opt/airflow/dags/movie_db_airflow.py took 0.433 seconds
[2023-10-07T00:00:49.792+0000] {processor.py:157} INFO - Started process (PID=8959) to work on /opt/airflow/dags/movie_db_airflow.py
[2023-10-07T00:00:49.795+0000] {processor.py:826} INFO - Processing file /opt/airflow/dags/movie_db_airflow.py for tasks to queue
[2023-10-07T00:00:49.798+0000] {logging_mixin.py:150} INFO - [2023-10-07T00:00:49.797+0000] {dagbag.py:541} INFO - Filling up the DagBag from /opt/airflow/dags/movie_db_airflow.py
[2023-10-07T00:00:49.818+0000] {processor.py:836} INFO - DAG(s) dict_keys(['movie_db_etl']) retrieved from /opt/airflow/dags/movie_db_airflow.py
[2023-10-07T00:00:49.864+0000] {logging_mixin.py:150} INFO - [2023-10-07T00:00:49.864+0000] {dag.py:2742} INFO - Sync 1 DAGs
[2023-10-07T00:00:49.917+0000] {logging_mixin.py:150} INFO - [2023-10-07T00:00:49.917+0000] {dag.py:3508} INFO - Setting next_dagrun for movie_db_etl to 2023-10-06T00:00:00+00:00, run_after=2023-10-07T00:00:00+00:00
[2023-10-07T00:00:49.957+0000] {processor.py:179} INFO - Processing /opt/airflow/dags/movie_db_airflow.py took 0.171 seconds
[2023-10-07T00:01:20.624+0000] {processor.py:157} INFO - Started process (PID=9046) to work on /opt/airflow/dags/movie_db_airflow.py
[2023-10-07T00:01:20.625+0000] {processor.py:826} INFO - Processing file /opt/airflow/dags/movie_db_airflow.py for tasks to queue
[2023-10-07T00:01:20.627+0000] {logging_mixin.py:150} INFO - [2023-10-07T00:01:20.627+0000] {dagbag.py:541} INFO - Filling up the DagBag from /opt/airflow/dags/movie_db_airflow.py
[2023-10-07T00:01:20.642+0000] {processor.py:836} INFO - DAG(s) dict_keys(['movie_db_etl']) retrieved from /opt/airflow/dags/movie_db_airflow.py
[2023-10-07T00:01:20.675+0000] {logging_mixin.py:150} INFO - [2023-10-07T00:01:20.675+0000] {dag.py:2742} INFO - Sync 1 DAGs
[2023-10-07T00:01:20.712+0000] {logging_mixin.py:150} INFO - [2023-10-07T00:01:20.712+0000] {dag.py:3508} INFO - Setting next_dagrun for movie_db_etl to 2023-10-06T00:00:00+00:00, run_after=2023-10-07T00:00:00+00:00
[2023-10-07T00:01:20.737+0000] {processor.py:179} INFO - Processing /opt/airflow/dags/movie_db_airflow.py took 0.119 seconds
[2023-10-07T00:01:51.210+0000] {processor.py:157} INFO - Started process (PID=9124) to work on /opt/airflow/dags/movie_db_airflow.py
[2023-10-07T00:01:51.211+0000] {processor.py:826} INFO - Processing file /opt/airflow/dags/movie_db_airflow.py for tasks to queue
[2023-10-07T00:01:51.213+0000] {logging_mixin.py:150} INFO - [2023-10-07T00:01:51.212+0000] {dagbag.py:541} INFO - Filling up the DagBag from /opt/airflow/dags/movie_db_airflow.py
[2023-10-07T00:01:51.226+0000] {processor.py:836} INFO - DAG(s) dict_keys(['movie_db_etl']) retrieved from /opt/airflow/dags/movie_db_airflow.py
[2023-10-07T00:01:51.255+0000] {logging_mixin.py:150} INFO - [2023-10-07T00:01:51.255+0000] {dag.py:2742} INFO - Sync 1 DAGs
[2023-10-07T00:01:51.289+0000] {logging_mixin.py:150} INFO - [2023-10-07T00:01:51.289+0000] {dag.py:3508} INFO - Setting next_dagrun for movie_db_etl to 2023-10-06T00:00:00+00:00, run_after=2023-10-07T00:00:00+00:00
[2023-10-07T00:01:51.317+0000] {processor.py:179} INFO - Processing /opt/airflow/dags/movie_db_airflow.py took 0.112 seconds
[2023-10-07T00:02:21.545+0000] {processor.py:157} INFO - Started process (PID=9211) to work on /opt/airflow/dags/movie_db_airflow.py
[2023-10-07T00:02:21.547+0000] {processor.py:826} INFO - Processing file /opt/airflow/dags/movie_db_airflow.py for tasks to queue
[2023-10-07T00:02:21.548+0000] {logging_mixin.py:150} INFO - [2023-10-07T00:02:21.548+0000] {dagbag.py:541} INFO - Filling up the DagBag from /opt/airflow/dags/movie_db_airflow.py
[2023-10-07T00:02:21.563+0000] {processor.py:836} INFO - DAG(s) dict_keys(['movie_db_etl']) retrieved from /opt/airflow/dags/movie_db_airflow.py
[2023-10-07T00:02:21.593+0000] {logging_mixin.py:150} INFO - [2023-10-07T00:02:21.592+0000] {dag.py:2742} INFO - Sync 1 DAGs
[2023-10-07T00:02:21.627+0000] {logging_mixin.py:150} INFO - [2023-10-07T00:02:21.627+0000] {dag.py:3508} INFO - Setting next_dagrun for movie_db_etl to 2023-10-06T00:00:00+00:00, run_after=2023-10-07T00:00:00+00:00
[2023-10-07T00:02:21.652+0000] {processor.py:179} INFO - Processing /opt/airflow/dags/movie_db_airflow.py took 0.112 seconds
[2023-10-07T00:02:51.893+0000] {processor.py:157} INFO - Started process (PID=9289) to work on /opt/airflow/dags/movie_db_airflow.py
[2023-10-07T00:02:51.895+0000] {processor.py:826} INFO - Processing file /opt/airflow/dags/movie_db_airflow.py for tasks to queue
[2023-10-07T00:02:51.897+0000] {logging_mixin.py:150} INFO - [2023-10-07T00:02:51.896+0000] {dagbag.py:541} INFO - Filling up the DagBag from /opt/airflow/dags/movie_db_airflow.py
[2023-10-07T00:02:51.910+0000] {processor.py:836} INFO - DAG(s) dict_keys(['movie_db_etl']) retrieved from /opt/airflow/dags/movie_db_airflow.py
[2023-10-07T00:02:51.940+0000] {logging_mixin.py:150} INFO - [2023-10-07T00:02:51.940+0000] {dag.py:2742} INFO - Sync 1 DAGs
[2023-10-07T00:02:51.976+0000] {logging_mixin.py:150} INFO - [2023-10-07T00:02:51.976+0000] {dag.py:3508} INFO - Setting next_dagrun for movie_db_etl to 2023-10-06T00:00:00+00:00, run_after=2023-10-07T00:00:00+00:00
[2023-10-07T00:02:52.004+0000] {processor.py:179} INFO - Processing /opt/airflow/dags/movie_db_airflow.py took 0.115 seconds
[2023-10-07T00:03:22.873+0000] {processor.py:157} INFO - Started process (PID=9376) to work on /opt/airflow/dags/movie_db_airflow.py
[2023-10-07T00:03:22.875+0000] {processor.py:826} INFO - Processing file /opt/airflow/dags/movie_db_airflow.py for tasks to queue
[2023-10-07T00:03:22.878+0000] {logging_mixin.py:150} INFO - [2023-10-07T00:03:22.877+0000] {dagbag.py:541} INFO - Filling up the DagBag from /opt/airflow/dags/movie_db_airflow.py
[2023-10-07T00:03:22.896+0000] {processor.py:836} INFO - DAG(s) dict_keys(['movie_db_etl']) retrieved from /opt/airflow/dags/movie_db_airflow.py
[2023-10-07T00:03:22.936+0000] {logging_mixin.py:150} INFO - [2023-10-07T00:03:22.936+0000] {dag.py:2742} INFO - Sync 1 DAGs
[2023-10-07T00:03:22.973+0000] {logging_mixin.py:150} INFO - [2023-10-07T00:03:22.973+0000] {dag.py:3508} INFO - Setting next_dagrun for movie_db_etl to 2023-10-06T00:00:00+00:00, run_after=2023-10-07T00:00:00+00:00
[2023-10-07T00:03:22.997+0000] {processor.py:179} INFO - Processing /opt/airflow/dags/movie_db_airflow.py took 0.131 seconds
[2023-10-07T00:03:53.564+0000] {processor.py:157} INFO - Started process (PID=9454) to work on /opt/airflow/dags/movie_db_airflow.py
[2023-10-07T00:03:53.566+0000] {processor.py:826} INFO - Processing file /opt/airflow/dags/movie_db_airflow.py for tasks to queue
[2023-10-07T00:03:53.568+0000] {logging_mixin.py:150} INFO - [2023-10-07T00:03:53.567+0000] {dagbag.py:541} INFO - Filling up the DagBag from /opt/airflow/dags/movie_db_airflow.py
[2023-10-07T00:03:53.583+0000] {processor.py:836} INFO - DAG(s) dict_keys(['movie_db_etl']) retrieved from /opt/airflow/dags/movie_db_airflow.py
[2023-10-07T00:03:53.615+0000] {logging_mixin.py:150} INFO - [2023-10-07T00:03:53.615+0000] {dag.py:2742} INFO - Sync 1 DAGs
[2023-10-07T00:03:53.651+0000] {logging_mixin.py:150} INFO - [2023-10-07T00:03:53.651+0000] {dag.py:3508} INFO - Setting next_dagrun for movie_db_etl to 2023-10-06T00:00:00+00:00, run_after=2023-10-07T00:00:00+00:00
[2023-10-07T00:03:53.677+0000] {processor.py:179} INFO - Processing /opt/airflow/dags/movie_db_airflow.py took 0.119 seconds
[2023-10-07T00:04:24.001+0000] {processor.py:157} INFO - Started process (PID=9541) to work on /opt/airflow/dags/movie_db_airflow.py
[2023-10-07T00:04:24.003+0000] {processor.py:826} INFO - Processing file /opt/airflow/dags/movie_db_airflow.py for tasks to queue
[2023-10-07T00:04:24.005+0000] {logging_mixin.py:150} INFO - [2023-10-07T00:04:24.005+0000] {dagbag.py:541} INFO - Filling up the DagBag from /opt/airflow/dags/movie_db_airflow.py
[2023-10-07T00:04:24.020+0000] {processor.py:836} INFO - DAG(s) dict_keys(['movie_db_etl']) retrieved from /opt/airflow/dags/movie_db_airflow.py
[2023-10-07T00:04:24.053+0000] {logging_mixin.py:150} INFO - [2023-10-07T00:04:24.053+0000] {dag.py:2742} INFO - Sync 1 DAGs
[2023-10-07T00:04:24.088+0000] {logging_mixin.py:150} INFO - [2023-10-07T00:04:24.088+0000] {dag.py:3508} INFO - Setting next_dagrun for movie_db_etl to 2023-10-06T00:00:00+00:00, run_after=2023-10-07T00:00:00+00:00
[2023-10-07T00:04:24.111+0000] {processor.py:179} INFO - Processing /opt/airflow/dags/movie_db_airflow.py took 0.116 seconds
[2023-10-07T00:04:54.697+0000] {processor.py:157} INFO - Started process (PID=9618) to work on /opt/airflow/dags/movie_db_airflow.py
[2023-10-07T00:04:54.699+0000] {processor.py:826} INFO - Processing file /opt/airflow/dags/movie_db_airflow.py for tasks to queue
[2023-10-07T00:04:54.701+0000] {logging_mixin.py:150} INFO - [2023-10-07T00:04:54.701+0000] {dagbag.py:541} INFO - Filling up the DagBag from /opt/airflow/dags/movie_db_airflow.py
[2023-10-07T00:04:54.717+0000] {processor.py:836} INFO - DAG(s) dict_keys(['movie_db_etl']) retrieved from /opt/airflow/dags/movie_db_airflow.py
[2023-10-07T00:04:54.750+0000] {logging_mixin.py:150} INFO - [2023-10-07T00:04:54.750+0000] {dag.py:2742} INFO - Sync 1 DAGs
[2023-10-07T00:04:54.785+0000] {logging_mixin.py:150} INFO - [2023-10-07T00:04:54.785+0000] {dag.py:3508} INFO - Setting next_dagrun for movie_db_etl to 2023-10-06T00:00:00+00:00, run_after=2023-10-07T00:00:00+00:00
[2023-10-07T00:04:54.809+0000] {processor.py:179} INFO - Processing /opt/airflow/dags/movie_db_airflow.py took 0.119 seconds
[2023-10-07T00:05:25.107+0000] {processor.py:157} INFO - Started process (PID=9704) to work on /opt/airflow/dags/movie_db_airflow.py
[2023-10-07T00:05:25.109+0000] {processor.py:826} INFO - Processing file /opt/airflow/dags/movie_db_airflow.py for tasks to queue
[2023-10-07T00:05:25.111+0000] {logging_mixin.py:150} INFO - [2023-10-07T00:05:25.111+0000] {dagbag.py:541} INFO - Filling up the DagBag from /opt/airflow/dags/movie_db_airflow.py
[2023-10-07T00:05:25.126+0000] {processor.py:836} INFO - DAG(s) dict_keys(['movie_db_etl']) retrieved from /opt/airflow/dags/movie_db_airflow.py
[2023-10-07T00:05:25.160+0000] {logging_mixin.py:150} INFO - [2023-10-07T00:05:25.159+0000] {dag.py:2742} INFO - Sync 1 DAGs
[2023-10-07T00:05:25.196+0000] {logging_mixin.py:150} INFO - [2023-10-07T00:05:25.196+0000] {dag.py:3508} INFO - Setting next_dagrun for movie_db_etl to 2023-10-06T00:00:00+00:00, run_after=2023-10-07T00:00:00+00:00
[2023-10-07T00:05:25.223+0000] {processor.py:179} INFO - Processing /opt/airflow/dags/movie_db_airflow.py took 0.121 seconds
[2023-10-07T00:05:55.620+0000] {processor.py:157} INFO - Started process (PID=9789) to work on /opt/airflow/dags/movie_db_airflow.py
[2023-10-07T00:05:55.622+0000] {processor.py:826} INFO - Processing file /opt/airflow/dags/movie_db_airflow.py for tasks to queue
[2023-10-07T00:05:55.624+0000] {logging_mixin.py:150} INFO - [2023-10-07T00:05:55.623+0000] {dagbag.py:541} INFO - Filling up the DagBag from /opt/airflow/dags/movie_db_airflow.py
[2023-10-07T00:05:55.637+0000] {processor.py:836} INFO - DAG(s) dict_keys(['movie_db_etl']) retrieved from /opt/airflow/dags/movie_db_airflow.py
[2023-10-07T00:05:55.667+0000] {logging_mixin.py:150} INFO - [2023-10-07T00:05:55.666+0000] {dag.py:2742} INFO - Sync 1 DAGs
[2023-10-07T00:05:55.702+0000] {logging_mixin.py:150} INFO - [2023-10-07T00:05:55.702+0000] {dag.py:3508} INFO - Setting next_dagrun for movie_db_etl to 2023-10-06T00:00:00+00:00, run_after=2023-10-07T00:00:00+00:00
[2023-10-07T00:05:55.726+0000] {processor.py:179} INFO - Processing /opt/airflow/dags/movie_db_airflow.py took 0.110 seconds
[2023-10-07T00:06:26.622+0000] {processor.py:157} INFO - Started process (PID=9869) to work on /opt/airflow/dags/movie_db_airflow.py
[2023-10-07T00:06:26.625+0000] {processor.py:826} INFO - Processing file /opt/airflow/dags/movie_db_airflow.py for tasks to queue
[2023-10-07T00:06:26.626+0000] {logging_mixin.py:150} INFO - [2023-10-07T00:06:26.626+0000] {dagbag.py:541} INFO - Filling up the DagBag from /opt/airflow/dags/movie_db_airflow.py
[2023-10-07T00:06:26.645+0000] {processor.py:836} INFO - DAG(s) dict_keys(['movie_db_etl']) retrieved from /opt/airflow/dags/movie_db_airflow.py
[2023-10-07T00:06:26.823+0000] {logging_mixin.py:150} INFO - [2023-10-07T00:06:26.823+0000] {dag.py:2742} INFO - Sync 1 DAGs
[2023-10-07T00:06:26.857+0000] {logging_mixin.py:150} INFO - [2023-10-07T00:06:26.857+0000] {dag.py:3508} INFO - Setting next_dagrun for movie_db_etl to 2023-10-06T00:00:00+00:00, run_after=2023-10-07T00:00:00+00:00
[2023-10-07T00:06:26.888+0000] {processor.py:179} INFO - Processing /opt/airflow/dags/movie_db_airflow.py took 0.271 seconds
[2023-10-07T00:06:30.737+0000] {processor.py:157} INFO - Started process (PID=9880) to work on /opt/airflow/dags/movie_db_airflow.py
[2023-10-07T00:06:30.739+0000] {processor.py:826} INFO - Processing file /opt/airflow/dags/movie_db_airflow.py for tasks to queue
[2023-10-07T00:06:30.741+0000] {logging_mixin.py:150} INFO - [2023-10-07T00:06:30.741+0000] {dagbag.py:541} INFO - Filling up the DagBag from /opt/airflow/dags/movie_db_airflow.py
[2023-10-07T00:06:30.762+0000] {processor.py:836} INFO - DAG(s) dict_keys(['movie_db_etl']) retrieved from /opt/airflow/dags/movie_db_airflow.py
[2023-10-07T00:06:30.782+0000] {logging_mixin.py:150} INFO - [2023-10-07T00:06:30.782+0000] {dag.py:2742} INFO - Sync 1 DAGs
[2023-10-07T00:06:30.828+0000] {logging_mixin.py:150} INFO - [2023-10-07T00:06:30.828+0000] {dag.py:3508} INFO - Setting next_dagrun for movie_db_etl to 2023-10-06T00:00:00+00:00, run_after=2023-10-07T00:00:00+00:00
[2023-10-07T00:06:30.858+0000] {processor.py:179} INFO - Processing /opt/airflow/dags/movie_db_airflow.py took 0.126 seconds
[2023-10-07T00:06:38.763+0000] {processor.py:157} INFO - Started process (PID=9908) to work on /opt/airflow/dags/movie_db_airflow.py
[2023-10-07T00:06:38.768+0000] {processor.py:826} INFO - Processing file /opt/airflow/dags/movie_db_airflow.py for tasks to queue
[2023-10-07T00:06:38.771+0000] {logging_mixin.py:150} INFO - [2023-10-07T00:06:38.770+0000] {dagbag.py:541} INFO - Filling up the DagBag from /opt/airflow/dags/movie_db_airflow.py
[2023-10-07T00:06:38.793+0000] {processor.py:836} INFO - DAG(s) dict_keys(['movie_db_etl']) retrieved from /opt/airflow/dags/movie_db_airflow.py
[2023-10-07T00:06:38.813+0000] {logging_mixin.py:150} INFO - [2023-10-07T00:06:38.812+0000] {dag.py:2742} INFO - Sync 1 DAGs
[2023-10-07T00:06:38.850+0000] {logging_mixin.py:150} INFO - [2023-10-07T00:06:38.850+0000] {dag.py:3508} INFO - Setting next_dagrun for movie_db_etl to 2023-10-06T00:00:00+00:00, run_after=2023-10-07T00:00:00+00:00
[2023-10-07T00:06:38.882+0000] {processor.py:179} INFO - Processing /opt/airflow/dags/movie_db_airflow.py took 0.125 seconds
[2023-10-07T00:06:40.951+0000] {processor.py:157} INFO - Started process (PID=9911) to work on /opt/airflow/dags/movie_db_airflow.py
[2023-10-07T00:06:40.953+0000] {processor.py:826} INFO - Processing file /opt/airflow/dags/movie_db_airflow.py for tasks to queue
[2023-10-07T00:06:40.955+0000] {logging_mixin.py:150} INFO - [2023-10-07T00:06:40.954+0000] {dagbag.py:541} INFO - Filling up the DagBag from /opt/airflow/dags/movie_db_airflow.py
[2023-10-07T00:06:40.983+0000] {processor.py:836} INFO - DAG(s) dict_keys(['movie_db_etl']) retrieved from /opt/airflow/dags/movie_db_airflow.py
[2023-10-07T00:06:41.006+0000] {logging_mixin.py:150} INFO - [2023-10-07T00:06:41.006+0000] {dag.py:2742} INFO - Sync 1 DAGs
[2023-10-07T00:06:41.047+0000] {logging_mixin.py:150} INFO - [2023-10-07T00:06:41.047+0000] {dag.py:3508} INFO - Setting next_dagrun for movie_db_etl to 2023-10-06T00:00:00+00:00, run_after=2023-10-07T00:00:00+00:00
[2023-10-07T00:06:41.081+0000] {processor.py:179} INFO - Processing /opt/airflow/dags/movie_db_airflow.py took 0.134 seconds
[2023-10-07T00:07:11.189+0000] {processor.py:157} INFO - Started process (PID=9998) to work on /opt/airflow/dags/movie_db_airflow.py
[2023-10-07T00:07:11.191+0000] {processor.py:826} INFO - Processing file /opt/airflow/dags/movie_db_airflow.py for tasks to queue
[2023-10-07T00:07:11.193+0000] {logging_mixin.py:150} INFO - [2023-10-07T00:07:11.193+0000] {dagbag.py:541} INFO - Filling up the DagBag from /opt/airflow/dags/movie_db_airflow.py
[2023-10-07T00:07:11.209+0000] {processor.py:836} INFO - DAG(s) dict_keys(['movie_db_etl']) retrieved from /opt/airflow/dags/movie_db_airflow.py
[2023-10-07T00:07:11.357+0000] {logging_mixin.py:150} INFO - [2023-10-07T00:07:11.357+0000] {dag.py:2742} INFO - Sync 1 DAGs
[2023-10-07T00:07:11.393+0000] {logging_mixin.py:150} INFO - [2023-10-07T00:07:11.393+0000] {dag.py:3508} INFO - Setting next_dagrun for movie_db_etl to 2023-10-06T00:00:00+00:00, run_after=2023-10-07T00:00:00+00:00
[2023-10-07T00:07:11.419+0000] {processor.py:179} INFO - Processing /opt/airflow/dags/movie_db_airflow.py took 0.235 seconds
[2023-10-07T00:07:41.519+0000] {processor.py:157} INFO - Started process (PID=10076) to work on /opt/airflow/dags/movie_db_airflow.py
[2023-10-07T00:07:41.525+0000] {processor.py:826} INFO - Processing file /opt/airflow/dags/movie_db_airflow.py for tasks to queue
[2023-10-07T00:07:41.529+0000] {logging_mixin.py:150} INFO - [2023-10-07T00:07:41.528+0000] {dagbag.py:541} INFO - Filling up the DagBag from /opt/airflow/dags/movie_db_airflow.py
[2023-10-07T00:07:41.556+0000] {processor.py:836} INFO - DAG(s) dict_keys(['movie_db_etl']) retrieved from /opt/airflow/dags/movie_db_airflow.py
[2023-10-07T00:07:41.612+0000] {logging_mixin.py:150} INFO - [2023-10-07T00:07:41.612+0000] {dag.py:2742} INFO - Sync 1 DAGs
[2023-10-07T00:07:41.682+0000] {logging_mixin.py:150} INFO - [2023-10-07T00:07:41.682+0000] {dag.py:3508} INFO - Setting next_dagrun for movie_db_etl to 2023-10-06T00:00:00+00:00, run_after=2023-10-07T00:00:00+00:00
[2023-10-07T00:07:41.744+0000] {processor.py:179} INFO - Processing /opt/airflow/dags/movie_db_airflow.py took 0.235 seconds
[2023-10-07T00:08:12.167+0000] {processor.py:157} INFO - Started process (PID=10172) to work on /opt/airflow/dags/movie_db_airflow.py
[2023-10-07T00:08:12.177+0000] {processor.py:826} INFO - Processing file /opt/airflow/dags/movie_db_airflow.py for tasks to queue
[2023-10-07T00:08:12.199+0000] {logging_mixin.py:150} INFO - [2023-10-07T00:08:12.199+0000] {dagbag.py:541} INFO - Filling up the DagBag from /opt/airflow/dags/movie_db_airflow.py
[2023-10-07T00:08:12.213+0000] {processor.py:836} INFO - DAG(s) dict_keys(['movie_db_etl']) retrieved from /opt/airflow/dags/movie_db_airflow.py
[2023-10-07T00:08:12.243+0000] {logging_mixin.py:150} INFO - [2023-10-07T00:08:12.242+0000] {dag.py:2742} INFO - Sync 1 DAGs
[2023-10-07T00:08:12.277+0000] {logging_mixin.py:150} INFO - [2023-10-07T00:08:12.277+0000] {dag.py:3508} INFO - Setting next_dagrun for movie_db_etl to 2023-10-06T00:00:00+00:00, run_after=2023-10-07T00:00:00+00:00
[2023-10-07T00:08:12.308+0000] {processor.py:179} INFO - Processing /opt/airflow/dags/movie_db_airflow.py took 0.146 seconds
[2023-10-07T00:08:42.349+0000] {processor.py:157} INFO - Started process (PID=10254) to work on /opt/airflow/dags/movie_db_airflow.py
[2023-10-07T00:08:42.351+0000] {processor.py:826} INFO - Processing file /opt/airflow/dags/movie_db_airflow.py for tasks to queue
[2023-10-07T00:08:42.353+0000] {logging_mixin.py:150} INFO - [2023-10-07T00:08:42.353+0000] {dagbag.py:541} INFO - Filling up the DagBag from /opt/airflow/dags/movie_db_airflow.py
[2023-10-07T00:08:42.367+0000] {processor.py:836} INFO - DAG(s) dict_keys(['movie_db_etl']) retrieved from /opt/airflow/dags/movie_db_airflow.py
[2023-10-07T00:08:42.398+0000] {logging_mixin.py:150} INFO - [2023-10-07T00:08:42.397+0000] {dag.py:2742} INFO - Sync 1 DAGs
[2023-10-07T00:08:42.431+0000] {logging_mixin.py:150} INFO - [2023-10-07T00:08:42.430+0000] {dag.py:3508} INFO - Setting next_dagrun for movie_db_etl to 2023-10-07T00:00:00+00:00, run_after=2023-10-08T00:00:00+00:00
[2023-10-07T00:08:42.452+0000] {processor.py:179} INFO - Processing /opt/airflow/dags/movie_db_airflow.py took 0.109 seconds
[2023-10-07T00:09:13.060+0000] {processor.py:157} INFO - Started process (PID=10342) to work on /opt/airflow/dags/movie_db_airflow.py
[2023-10-07T00:09:13.062+0000] {processor.py:826} INFO - Processing file /opt/airflow/dags/movie_db_airflow.py for tasks to queue
[2023-10-07T00:09:13.064+0000] {logging_mixin.py:150} INFO - [2023-10-07T00:09:13.064+0000] {dagbag.py:541} INFO - Filling up the DagBag from /opt/airflow/dags/movie_db_airflow.py
[2023-10-07T00:09:13.080+0000] {processor.py:836} INFO - DAG(s) dict_keys(['movie_db_etl']) retrieved from /opt/airflow/dags/movie_db_airflow.py
[2023-10-07T00:09:13.111+0000] {logging_mixin.py:150} INFO - [2023-10-07T00:09:13.111+0000] {dag.py:2742} INFO - Sync 1 DAGs
[2023-10-07T00:09:13.147+0000] {logging_mixin.py:150} INFO - [2023-10-07T00:09:13.147+0000] {dag.py:3508} INFO - Setting next_dagrun for movie_db_etl to 2023-10-07T00:00:00+00:00, run_after=2023-10-08T00:00:00+00:00
[2023-10-07T00:09:13.171+0000] {processor.py:179} INFO - Processing /opt/airflow/dags/movie_db_airflow.py took 0.116 seconds
[2023-10-07T00:09:43.900+0000] {processor.py:157} INFO - Started process (PID=10420) to work on /opt/airflow/dags/movie_db_airflow.py
[2023-10-07T00:09:43.903+0000] {processor.py:826} INFO - Processing file /opt/airflow/dags/movie_db_airflow.py for tasks to queue
[2023-10-07T00:09:43.905+0000] {logging_mixin.py:150} INFO - [2023-10-07T00:09:43.904+0000] {dagbag.py:541} INFO - Filling up the DagBag from /opt/airflow/dags/movie_db_airflow.py
[2023-10-07T00:09:43.922+0000] {processor.py:836} INFO - DAG(s) dict_keys(['movie_db_etl']) retrieved from /opt/airflow/dags/movie_db_airflow.py
[2023-10-07T00:09:43.957+0000] {logging_mixin.py:150} INFO - [2023-10-07T00:09:43.957+0000] {dag.py:2742} INFO - Sync 1 DAGs
[2023-10-07T00:09:44.019+0000] {logging_mixin.py:150} INFO - [2023-10-07T00:09:44.018+0000] {dag.py:3508} INFO - Setting next_dagrun for movie_db_etl to 2023-10-07T00:00:00+00:00, run_after=2023-10-08T00:00:00+00:00
[2023-10-07T00:09:44.050+0000] {processor.py:179} INFO - Processing /opt/airflow/dags/movie_db_airflow.py took 0.157 seconds
[2023-10-07T00:10:14.132+0000] {processor.py:157} INFO - Started process (PID=10507) to work on /opt/airflow/dags/movie_db_airflow.py
[2023-10-07T00:10:14.133+0000] {processor.py:826} INFO - Processing file /opt/airflow/dags/movie_db_airflow.py for tasks to queue
[2023-10-07T00:10:14.136+0000] {logging_mixin.py:150} INFO - [2023-10-07T00:10:14.135+0000] {dagbag.py:541} INFO - Filling up the DagBag from /opt/airflow/dags/movie_db_airflow.py
[2023-10-07T00:10:14.155+0000] {processor.py:836} INFO - DAG(s) dict_keys(['movie_db_etl']) retrieved from /opt/airflow/dags/movie_db_airflow.py
[2023-10-07T00:10:14.195+0000] {logging_mixin.py:150} INFO - [2023-10-07T00:10:14.194+0000] {dag.py:2742} INFO - Sync 1 DAGs
[2023-10-07T00:10:14.243+0000] {logging_mixin.py:150} INFO - [2023-10-07T00:10:14.243+0000] {dag.py:3508} INFO - Setting next_dagrun for movie_db_etl to 2023-10-07T00:00:00+00:00, run_after=2023-10-08T00:00:00+00:00
[2023-10-07T00:10:14.281+0000] {processor.py:179} INFO - Processing /opt/airflow/dags/movie_db_airflow.py took 0.155 seconds
[2023-10-07T00:10:29.498+0000] {processor.py:157} INFO - Started process (PID=10542) to work on /opt/airflow/dags/movie_db_airflow.py
[2023-10-07T00:10:29.500+0000] {processor.py:826} INFO - Processing file /opt/airflow/dags/movie_db_airflow.py for tasks to queue
[2023-10-07T00:10:29.502+0000] {logging_mixin.py:150} INFO - [2023-10-07T00:10:29.502+0000] {dagbag.py:541} INFO - Filling up the DagBag from /opt/airflow/dags/movie_db_airflow.py
[2023-10-07T00:10:29.525+0000] {processor.py:836} INFO - DAG(s) dict_keys(['movie_db_etl']) retrieved from /opt/airflow/dags/movie_db_airflow.py
[2023-10-07T00:10:29.732+0000] {logging_mixin.py:150} INFO - [2023-10-07T00:10:29.732+0000] {dag.py:2742} INFO - Sync 1 DAGs
[2023-10-07T00:10:29.774+0000] {logging_mixin.py:150} INFO - [2023-10-07T00:10:29.774+0000] {dag.py:3508} INFO - Setting next_dagrun for movie_db_etl to 2023-10-07T00:00:00+00:00, run_after=2023-10-08T00:00:00+00:00
[2023-10-07T00:10:29.812+0000] {processor.py:179} INFO - Processing /opt/airflow/dags/movie_db_airflow.py took 0.320 seconds
[2023-10-07T00:10:39.368+0000] {processor.py:157} INFO - Started process (PID=10571) to work on /opt/airflow/dags/movie_db_airflow.py
[2023-10-07T00:10:39.371+0000] {processor.py:826} INFO - Processing file /opt/airflow/dags/movie_db_airflow.py for tasks to queue
[2023-10-07T00:10:39.374+0000] {logging_mixin.py:150} INFO - [2023-10-07T00:10:39.374+0000] {dagbag.py:541} INFO - Filling up the DagBag from /opt/airflow/dags/movie_db_airflow.py
[2023-10-07T00:10:39.409+0000] {processor.py:836} INFO - DAG(s) dict_keys(['movie_db_etl']) retrieved from /opt/airflow/dags/movie_db_airflow.py
[2023-10-07T00:10:39.456+0000] {logging_mixin.py:150} INFO - [2023-10-07T00:10:39.455+0000] {dag.py:2742} INFO - Sync 1 DAGs
[2023-10-07T00:10:39.528+0000] {logging_mixin.py:150} INFO - [2023-10-07T00:10:39.527+0000] {dag.py:3508} INFO - Setting next_dagrun for movie_db_etl to 2023-10-07T00:00:00+00:00, run_after=2023-10-08T00:00:00+00:00
[2023-10-07T00:10:39.575+0000] {processor.py:179} INFO - Processing /opt/airflow/dags/movie_db_airflow.py took 0.214 seconds
[2023-10-07T00:10:42.159+0000] {processor.py:157} INFO - Started process (PID=10576) to work on /opt/airflow/dags/movie_db_airflow.py
[2023-10-07T00:10:42.161+0000] {processor.py:826} INFO - Processing file /opt/airflow/dags/movie_db_airflow.py for tasks to queue
[2023-10-07T00:10:42.163+0000] {logging_mixin.py:150} INFO - [2023-10-07T00:10:42.163+0000] {dagbag.py:541} INFO - Filling up the DagBag from /opt/airflow/dags/movie_db_airflow.py
[2023-10-07T00:10:42.188+0000] {processor.py:836} INFO - DAG(s) dict_keys(['movie_db_etl']) retrieved from /opt/airflow/dags/movie_db_airflow.py
[2023-10-07T00:10:42.206+0000] {logging_mixin.py:150} INFO - [2023-10-07T00:10:42.206+0000] {dag.py:2742} INFO - Sync 1 DAGs
[2023-10-07T00:10:42.243+0000] {logging_mixin.py:150} INFO - [2023-10-07T00:10:42.243+0000] {dag.py:3508} INFO - Setting next_dagrun for movie_db_etl to 2023-10-07T00:00:00+00:00, run_after=2023-10-08T00:00:00+00:00
[2023-10-07T00:10:42.276+0000] {processor.py:179} INFO - Processing /opt/airflow/dags/movie_db_airflow.py took 0.123 seconds
[2023-10-07T00:10:45.328+0000] {processor.py:157} INFO - Started process (PID=10588) to work on /opt/airflow/dags/movie_db_airflow.py
[2023-10-07T00:10:45.330+0000] {processor.py:826} INFO - Processing file /opt/airflow/dags/movie_db_airflow.py for tasks to queue
[2023-10-07T00:10:45.332+0000] {logging_mixin.py:150} INFO - [2023-10-07T00:10:45.332+0000] {dagbag.py:541} INFO - Filling up the DagBag from /opt/airflow/dags/movie_db_airflow.py
[2023-10-07T00:10:45.361+0000] {processor.py:836} INFO - DAG(s) dict_keys(['movie_db_etl']) retrieved from /opt/airflow/dags/movie_db_airflow.py
[2023-10-07T00:10:45.386+0000] {logging_mixin.py:150} INFO - [2023-10-07T00:10:45.385+0000] {dag.py:2742} INFO - Sync 1 DAGs
[2023-10-07T00:10:45.439+0000] {logging_mixin.py:150} INFO - [2023-10-07T00:10:45.439+0000] {dag.py:3508} INFO - Setting next_dagrun for movie_db_etl to 2023-10-07T00:00:00+00:00, run_after=2023-10-08T00:00:00+00:00
[2023-10-07T00:10:45.485+0000] {processor.py:179} INFO - Processing /opt/airflow/dags/movie_db_airflow.py took 0.164 seconds
[2023-10-07T00:10:49.219+0000] {processor.py:157} INFO - Started process (PID=10598) to work on /opt/airflow/dags/movie_db_airflow.py
[2023-10-07T00:10:49.221+0000] {processor.py:826} INFO - Processing file /opt/airflow/dags/movie_db_airflow.py for tasks to queue
[2023-10-07T00:10:49.224+0000] {logging_mixin.py:150} INFO - [2023-10-07T00:10:49.223+0000] {dagbag.py:541} INFO - Filling up the DagBag from /opt/airflow/dags/movie_db_airflow.py
[2023-10-07T00:10:49.264+0000] {processor.py:836} INFO - DAG(s) dict_keys(['movie_db_etl']) retrieved from /opt/airflow/dags/movie_db_airflow.py
[2023-10-07T00:10:49.283+0000] {logging_mixin.py:150} INFO - [2023-10-07T00:10:49.283+0000] {dag.py:2742} INFO - Sync 1 DAGs
[2023-10-07T00:10:49.330+0000] {logging_mixin.py:150} INFO - [2023-10-07T00:10:49.330+0000] {dag.py:3508} INFO - Setting next_dagrun for movie_db_etl to 2023-10-07T00:00:00+00:00, run_after=2023-10-08T00:00:00+00:00
[2023-10-07T00:10:49.370+0000] {processor.py:179} INFO - Processing /opt/airflow/dags/movie_db_airflow.py took 0.157 seconds
[2023-10-07T00:10:51.973+0000] {processor.py:157} INFO - Started process (PID=10614) to work on /opt/airflow/dags/movie_db_airflow.py
[2023-10-07T00:10:51.975+0000] {processor.py:826} INFO - Processing file /opt/airflow/dags/movie_db_airflow.py for tasks to queue
[2023-10-07T00:10:51.977+0000] {logging_mixin.py:150} INFO - [2023-10-07T00:10:51.977+0000] {dagbag.py:541} INFO - Filling up the DagBag from /opt/airflow/dags/movie_db_airflow.py
[2023-10-07T00:10:52.001+0000] {processor.py:836} INFO - DAG(s) dict_keys(['movie_db_etl']) retrieved from /opt/airflow/dags/movie_db_airflow.py
[2023-10-07T00:10:52.025+0000] {logging_mixin.py:150} INFO - [2023-10-07T00:10:52.025+0000] {dag.py:2742} INFO - Sync 1 DAGs
[2023-10-07T00:10:52.075+0000] {logging_mixin.py:150} INFO - [2023-10-07T00:10:52.075+0000] {dag.py:3508} INFO - Setting next_dagrun for movie_db_etl to 2023-10-07T00:00:00+00:00, run_after=2023-10-08T00:00:00+00:00
[2023-10-07T00:10:52.114+0000] {processor.py:179} INFO - Processing /opt/airflow/dags/movie_db_airflow.py took 0.148 seconds
[2023-10-07T00:10:53.905+0000] {processor.py:157} INFO - Started process (PID=10623) to work on /opt/airflow/dags/movie_db_airflow.py
[2023-10-07T00:10:53.907+0000] {processor.py:826} INFO - Processing file /opt/airflow/dags/movie_db_airflow.py for tasks to queue
[2023-10-07T00:10:53.909+0000] {logging_mixin.py:150} INFO - [2023-10-07T00:10:53.909+0000] {dagbag.py:541} INFO - Filling up the DagBag from /opt/airflow/dags/movie_db_airflow.py
[2023-10-07T00:10:53.929+0000] {processor.py:836} INFO - DAG(s) dict_keys(['movie_db_etl']) retrieved from /opt/airflow/dags/movie_db_airflow.py
[2023-10-07T00:10:53.946+0000] {logging_mixin.py:150} INFO - [2023-10-07T00:10:53.946+0000] {dag.py:2742} INFO - Sync 1 DAGs
[2023-10-07T00:10:53.982+0000] {logging_mixin.py:150} INFO - [2023-10-07T00:10:53.982+0000] {dag.py:3508} INFO - Setting next_dagrun for movie_db_etl to 2023-10-07T00:00:00+00:00, run_after=2023-10-08T00:00:00+00:00
[2023-10-07T00:10:54.017+0000] {processor.py:179} INFO - Processing /opt/airflow/dags/movie_db_airflow.py took 0.117 seconds
[2023-10-07T00:10:56.045+0000] {processor.py:157} INFO - Started process (PID=10626) to work on /opt/airflow/dags/movie_db_airflow.py
[2023-10-07T00:10:56.056+0000] {processor.py:826} INFO - Processing file /opt/airflow/dags/movie_db_airflow.py for tasks to queue
[2023-10-07T00:10:56.059+0000] {logging_mixin.py:150} INFO - [2023-10-07T00:10:56.059+0000] {dagbag.py:541} INFO - Filling up the DagBag from /opt/airflow/dags/movie_db_airflow.py
[2023-10-07T00:10:56.082+0000] {processor.py:836} INFO - DAG(s) dict_keys(['movie_db_etl']) retrieved from /opt/airflow/dags/movie_db_airflow.py
[2023-10-07T00:10:56.101+0000] {logging_mixin.py:150} INFO - [2023-10-07T00:10:56.101+0000] {dag.py:2742} INFO - Sync 1 DAGs
[2023-10-07T00:10:56.145+0000] {logging_mixin.py:150} INFO - [2023-10-07T00:10:56.145+0000] {dag.py:3508} INFO - Setting next_dagrun for movie_db_etl to 2023-10-07T00:00:00+00:00, run_after=2023-10-08T00:00:00+00:00
[2023-10-07T00:10:56.177+0000] {processor.py:179} INFO - Processing /opt/airflow/dags/movie_db_airflow.py took 0.138 seconds
[2023-10-07T00:11:01.951+0000] {processor.py:157} INFO - Started process (PID=10634) to work on /opt/airflow/dags/movie_db_airflow.py
[2023-10-07T00:11:01.954+0000] {processor.py:826} INFO - Processing file /opt/airflow/dags/movie_db_airflow.py for tasks to queue
[2023-10-07T00:11:01.957+0000] {logging_mixin.py:150} INFO - [2023-10-07T00:11:01.956+0000] {dagbag.py:541} INFO - Filling up the DagBag from /opt/airflow/dags/movie_db_airflow.py
[2023-10-07T00:11:01.984+0000] {processor.py:836} INFO - DAG(s) dict_keys(['movie_db_etl']) retrieved from /opt/airflow/dags/movie_db_airflow.py
[2023-10-07T00:11:02.183+0000] {logging_mixin.py:150} INFO - [2023-10-07T00:11:02.183+0000] {dag.py:2742} INFO - Sync 1 DAGs
[2023-10-07T00:11:02.223+0000] {logging_mixin.py:150} INFO - [2023-10-07T00:11:02.223+0000] {dag.py:3508} INFO - Setting next_dagrun for movie_db_etl to 2023-10-07T00:00:00+00:00, run_after=2023-10-08T00:00:00+00:00
[2023-10-07T00:11:02.260+0000] {processor.py:179} INFO - Processing /opt/airflow/dags/movie_db_airflow.py took 0.316 seconds
[2023-10-07T00:11:05.680+0000] {processor.py:157} INFO - Started process (PID=10650) to work on /opt/airflow/dags/movie_db_airflow.py
[2023-10-07T00:11:05.683+0000] {processor.py:826} INFO - Processing file /opt/airflow/dags/movie_db_airflow.py for tasks to queue
[2023-10-07T00:11:05.686+0000] {logging_mixin.py:150} INFO - [2023-10-07T00:11:05.686+0000] {dagbag.py:541} INFO - Filling up the DagBag from /opt/airflow/dags/movie_db_airflow.py
[2023-10-07T00:11:05.709+0000] {processor.py:836} INFO - DAG(s) dict_keys(['movie_db_etl']) retrieved from /opt/airflow/dags/movie_db_airflow.py
[2023-10-07T00:11:05.733+0000] {logging_mixin.py:150} INFO - [2023-10-07T00:11:05.732+0000] {dag.py:2742} INFO - Sync 1 DAGs
[2023-10-07T00:11:05.775+0000] {logging_mixin.py:150} INFO - [2023-10-07T00:11:05.775+0000] {dag.py:3508} INFO - Setting next_dagrun for movie_db_etl to 2023-10-07T00:00:00+00:00, run_after=2023-10-08T00:00:00+00:00
[2023-10-07T00:11:05.809+0000] {processor.py:179} INFO - Processing /opt/airflow/dags/movie_db_airflow.py took 0.135 seconds
[2023-10-07T00:11:16.368+0000] {processor.py:157} INFO - Started process (PID=10678) to work on /opt/airflow/dags/movie_db_airflow.py
[2023-10-07T00:11:16.371+0000] {processor.py:826} INFO - Processing file /opt/airflow/dags/movie_db_airflow.py for tasks to queue
[2023-10-07T00:11:16.373+0000] {logging_mixin.py:150} INFO - [2023-10-07T00:11:16.373+0000] {dagbag.py:541} INFO - Filling up the DagBag from /opt/airflow/dags/movie_db_airflow.py
[2023-10-07T00:11:16.402+0000] {processor.py:836} INFO - DAG(s) dict_keys(['movie_db_etl']) retrieved from /opt/airflow/dags/movie_db_airflow.py
[2023-10-07T00:11:16.425+0000] {logging_mixin.py:150} INFO - [2023-10-07T00:11:16.424+0000] {dag.py:2742} INFO - Sync 1 DAGs
[2023-10-07T00:11:16.480+0000] {logging_mixin.py:150} INFO - [2023-10-07T00:11:16.480+0000] {dag.py:3508} INFO - Setting next_dagrun for movie_db_etl to 2023-10-07T00:00:00+00:00, run_after=2023-10-08T00:00:00+00:00
[2023-10-07T00:11:16.531+0000] {processor.py:179} INFO - Processing /opt/airflow/dags/movie_db_airflow.py took 0.171 seconds
[2023-10-07T00:11:46.854+0000] {processor.py:157} INFO - Started process (PID=10765) to work on /opt/airflow/dags/movie_db_airflow.py
[2023-10-07T00:11:46.855+0000] {processor.py:826} INFO - Processing file /opt/airflow/dags/movie_db_airflow.py for tasks to queue
[2023-10-07T00:11:46.857+0000] {logging_mixin.py:150} INFO - [2023-10-07T00:11:46.857+0000] {dagbag.py:541} INFO - Filling up the DagBag from /opt/airflow/dags/movie_db_airflow.py
[2023-10-07T00:11:46.883+0000] {processor.py:836} INFO - DAG(s) dict_keys(['movie_db_etl']) retrieved from /opt/airflow/dags/movie_db_airflow.py
[2023-10-07T00:11:46.949+0000] {logging_mixin.py:150} INFO - [2023-10-07T00:11:46.948+0000] {dag.py:2742} INFO - Sync 1 DAGs
[2023-10-07T00:11:47.047+0000] {logging_mixin.py:150} INFO - [2023-10-07T00:11:47.047+0000] {dag.py:3508} INFO - Setting next_dagrun for movie_db_etl to 2023-10-07T00:00:00+00:00, run_after=2023-10-08T00:00:00+00:00
[2023-10-07T00:11:47.096+0000] {processor.py:179} INFO - Processing /opt/airflow/dags/movie_db_airflow.py took 0.247 seconds
[2023-10-07T00:12:17.673+0000] {processor.py:157} INFO - Started process (PID=10843) to work on /opt/airflow/dags/movie_db_airflow.py
[2023-10-07T00:12:17.675+0000] {processor.py:826} INFO - Processing file /opt/airflow/dags/movie_db_airflow.py for tasks to queue
[2023-10-07T00:12:17.677+0000] {logging_mixin.py:150} INFO - [2023-10-07T00:12:17.677+0000] {dagbag.py:541} INFO - Filling up the DagBag from /opt/airflow/dags/movie_db_airflow.py
[2023-10-07T00:12:17.694+0000] {processor.py:836} INFO - DAG(s) dict_keys(['movie_db_etl']) retrieved from /opt/airflow/dags/movie_db_airflow.py
[2023-10-07T00:12:17.728+0000] {logging_mixin.py:150} INFO - [2023-10-07T00:12:17.728+0000] {dag.py:2742} INFO - Sync 1 DAGs
[2023-10-07T00:12:17.772+0000] {logging_mixin.py:150} INFO - [2023-10-07T00:12:17.772+0000] {dag.py:3508} INFO - Setting next_dagrun for movie_db_etl to 2023-10-07T00:00:00+00:00, run_after=2023-10-08T00:00:00+00:00
[2023-10-07T00:12:17.806+0000] {processor.py:179} INFO - Processing /opt/airflow/dags/movie_db_airflow.py took 0.139 seconds
[2023-10-07T00:12:48.341+0000] {processor.py:157} INFO - Started process (PID=10931) to work on /opt/airflow/dags/movie_db_airflow.py
[2023-10-07T00:12:48.342+0000] {processor.py:826} INFO - Processing file /opt/airflow/dags/movie_db_airflow.py for tasks to queue
[2023-10-07T00:12:48.344+0000] {logging_mixin.py:150} INFO - [2023-10-07T00:12:48.344+0000] {dagbag.py:541} INFO - Filling up the DagBag from /opt/airflow/dags/movie_db_airflow.py
[2023-10-07T00:12:48.359+0000] {processor.py:836} INFO - DAG(s) dict_keys(['movie_db_etl']) retrieved from /opt/airflow/dags/movie_db_airflow.py
[2023-10-07T00:12:48.389+0000] {logging_mixin.py:150} INFO - [2023-10-07T00:12:48.388+0000] {dag.py:2742} INFO - Sync 1 DAGs
[2023-10-07T00:12:48.424+0000] {logging_mixin.py:150} INFO - [2023-10-07T00:12:48.424+0000] {dag.py:3508} INFO - Setting next_dagrun for movie_db_etl to 2023-10-07T00:00:00+00:00, run_after=2023-10-08T00:00:00+00:00
[2023-10-07T00:12:48.451+0000] {processor.py:179} INFO - Processing /opt/airflow/dags/movie_db_airflow.py took 0.116 seconds
[2023-10-07T00:13:18.839+0000] {processor.py:157} INFO - Started process (PID=11002) to work on /opt/airflow/dags/movie_db_airflow.py
[2023-10-07T00:13:18.842+0000] {processor.py:826} INFO - Processing file /opt/airflow/dags/movie_db_airflow.py for tasks to queue
[2023-10-07T00:13:18.844+0000] {logging_mixin.py:150} INFO - [2023-10-07T00:13:18.843+0000] {dagbag.py:541} INFO - Filling up the DagBag from /opt/airflow/dags/movie_db_airflow.py
[2023-10-07T00:13:18.860+0000] {processor.py:836} INFO - DAG(s) dict_keys(['movie_db_etl']) retrieved from /opt/airflow/dags/movie_db_airflow.py
[2023-10-07T00:13:18.896+0000] {logging_mixin.py:150} INFO - [2023-10-07T00:13:18.896+0000] {dag.py:2742} INFO - Sync 1 DAGs
[2023-10-07T00:13:18.933+0000] {logging_mixin.py:150} INFO - [2023-10-07T00:13:18.933+0000] {dag.py:3508} INFO - Setting next_dagrun for movie_db_etl to 2023-10-07T00:00:00+00:00, run_after=2023-10-08T00:00:00+00:00
[2023-10-07T00:13:18.958+0000] {processor.py:179} INFO - Processing /opt/airflow/dags/movie_db_airflow.py took 0.123 seconds
[2023-10-07T00:13:23.263+0000] {processor.py:157} INFO - Started process (PID=11033) to work on /opt/airflow/dags/movie_db_airflow.py
[2023-10-07T00:13:23.265+0000] {processor.py:826} INFO - Processing file /opt/airflow/dags/movie_db_airflow.py for tasks to queue
[2023-10-07T00:13:23.268+0000] {logging_mixin.py:150} INFO - [2023-10-07T00:13:23.267+0000] {dagbag.py:541} INFO - Filling up the DagBag from /opt/airflow/dags/movie_db_airflow.py
[2023-10-07T00:13:23.297+0000] {processor.py:836} INFO - DAG(s) dict_keys(['movie_db_etl']) retrieved from /opt/airflow/dags/movie_db_airflow.py
[2023-10-07T00:13:23.450+0000] {logging_mixin.py:150} INFO - [2023-10-07T00:13:23.449+0000] {dag.py:2742} INFO - Sync 1 DAGs
[2023-10-07T00:13:23.478+0000] {logging_mixin.py:150} INFO - [2023-10-07T00:13:23.478+0000] {dag.py:3508} INFO - Setting next_dagrun for movie_db_etl to 2023-10-07T00:00:00+00:00, run_after=2023-10-08T00:00:00+00:00
[2023-10-07T00:13:23.505+0000] {processor.py:179} INFO - Processing /opt/airflow/dags/movie_db_airflow.py took 0.249 seconds
[2023-10-07T00:13:25.144+0000] {processor.py:157} INFO - Started process (PID=11039) to work on /opt/airflow/dags/movie_db_airflow.py
[2023-10-07T00:13:25.146+0000] {processor.py:826} INFO - Processing file /opt/airflow/dags/movie_db_airflow.py for tasks to queue
[2023-10-07T00:13:25.148+0000] {logging_mixin.py:150} INFO - [2023-10-07T00:13:25.148+0000] {dagbag.py:541} INFO - Filling up the DagBag from /opt/airflow/dags/movie_db_airflow.py
[2023-10-07T00:13:25.169+0000] {processor.py:836} INFO - DAG(s) dict_keys(['movie_db_etl']) retrieved from /opt/airflow/dags/movie_db_airflow.py
[2023-10-07T00:13:25.188+0000] {logging_mixin.py:150} INFO - [2023-10-07T00:13:25.188+0000] {dag.py:2742} INFO - Sync 1 DAGs
[2023-10-07T00:13:25.227+0000] {logging_mixin.py:150} INFO - [2023-10-07T00:13:25.227+0000] {dag.py:3508} INFO - Setting next_dagrun for movie_db_etl to 2023-10-07T00:00:00+00:00, run_after=2023-10-08T00:00:00+00:00
[2023-10-07T00:13:25.256+0000] {processor.py:179} INFO - Processing /opt/airflow/dags/movie_db_airflow.py took 0.117 seconds
[2023-10-07T00:13:55.467+0000] {processor.py:157} INFO - Started process (PID=11116) to work on /opt/airflow/dags/movie_db_airflow.py
[2023-10-07T00:13:55.469+0000] {processor.py:826} INFO - Processing file /opt/airflow/dags/movie_db_airflow.py for tasks to queue
[2023-10-07T00:13:55.470+0000] {logging_mixin.py:150} INFO - [2023-10-07T00:13:55.470+0000] {dagbag.py:541} INFO - Filling up the DagBag from /opt/airflow/dags/movie_db_airflow.py
[2023-10-07T00:13:55.485+0000] {processor.py:836} INFO - DAG(s) dict_keys(['movie_db_etl']) retrieved from /opt/airflow/dags/movie_db_airflow.py
[2023-10-07T00:13:55.656+0000] {logging_mixin.py:150} INFO - [2023-10-07T00:13:55.655+0000] {dag.py:2742} INFO - Sync 1 DAGs
[2023-10-07T00:13:55.691+0000] {logging_mixin.py:150} INFO - [2023-10-07T00:13:55.690+0000] {dag.py:3508} INFO - Setting next_dagrun for movie_db_etl to 2023-10-07T00:00:00+00:00, run_after=2023-10-08T00:00:00+00:00
[2023-10-07T00:13:55.717+0000] {processor.py:179} INFO - Processing /opt/airflow/dags/movie_db_airflow.py took 0.256 seconds
[2023-10-07T00:14:26.059+0000] {processor.py:157} INFO - Started process (PID=11200) to work on /opt/airflow/dags/movie_db_airflow.py
[2023-10-07T00:14:26.062+0000] {processor.py:826} INFO - Processing file /opt/airflow/dags/movie_db_airflow.py for tasks to queue
[2023-10-07T00:14:26.066+0000] {logging_mixin.py:150} INFO - [2023-10-07T00:14:26.065+0000] {dagbag.py:541} INFO - Filling up the DagBag from /opt/airflow/dags/movie_db_airflow.py
[2023-10-07T00:14:26.082+0000] {processor.py:836} INFO - DAG(s) dict_keys(['movie_db_etl']) retrieved from /opt/airflow/dags/movie_db_airflow.py
[2023-10-07T00:14:26.118+0000] {logging_mixin.py:150} INFO - [2023-10-07T00:14:26.118+0000] {dag.py:2742} INFO - Sync 1 DAGs
[2023-10-07T00:14:26.166+0000] {logging_mixin.py:150} INFO - [2023-10-07T00:14:26.166+0000] {dag.py:3508} INFO - Setting next_dagrun for movie_db_etl to 2023-10-07T00:00:00+00:00, run_after=2023-10-08T00:00:00+00:00
[2023-10-07T00:14:26.198+0000] {processor.py:179} INFO - Processing /opt/airflow/dags/movie_db_airflow.py took 0.146 seconds
[2023-10-07T00:14:57.755+0000] {processor.py:157} INFO - Started process (PID=11278) to work on /opt/airflow/dags/movie_db_airflow.py
[2023-10-07T00:14:57.761+0000] {processor.py:826} INFO - Processing file /opt/airflow/dags/movie_db_airflow.py for tasks to queue
[2023-10-07T00:14:57.767+0000] {logging_mixin.py:150} INFO - [2023-10-07T00:14:57.766+0000] {dagbag.py:541} INFO - Filling up the DagBag from /opt/airflow/dags/movie_db_airflow.py
[2023-10-07T00:14:57.827+0000] {processor.py:836} INFO - DAG(s) dict_keys(['movie_db_etl']) retrieved from /opt/airflow/dags/movie_db_airflow.py
[2023-10-07T00:14:57.951+0000] {logging_mixin.py:150} INFO - [2023-10-07T00:14:57.951+0000] {dag.py:2742} INFO - Sync 1 DAGs
[2023-10-07T00:14:58.117+0000] {logging_mixin.py:150} INFO - [2023-10-07T00:14:58.117+0000] {dag.py:3508} INFO - Setting next_dagrun for movie_db_etl to 2023-10-07T00:00:00+00:00, run_after=2023-10-08T00:00:00+00:00
[2023-10-07T00:14:58.231+0000] {processor.py:179} INFO - Processing /opt/airflow/dags/movie_db_airflow.py took 0.501 seconds
[2023-10-07T00:15:30.115+0000] {processor.py:157} INFO - Started process (PID=11355) to work on /opt/airflow/dags/movie_db_airflow.py
[2023-10-07T00:15:30.123+0000] {processor.py:826} INFO - Processing file /opt/airflow/dags/movie_db_airflow.py for tasks to queue
[2023-10-07T00:15:30.137+0000] {logging_mixin.py:150} INFO - [2023-10-07T00:15:30.135+0000] {dagbag.py:541} INFO - Filling up the DagBag from /opt/airflow/dags/movie_db_airflow.py
[2023-10-07T00:15:30.191+0000] {processor.py:836} INFO - DAG(s) dict_keys(['movie_db_etl']) retrieved from /opt/airflow/dags/movie_db_airflow.py
[2023-10-07T00:15:30.312+0000] {logging_mixin.py:150} INFO - [2023-10-07T00:15:30.311+0000] {dag.py:2742} INFO - Sync 1 DAGs
[2023-10-07T00:15:30.463+0000] {logging_mixin.py:150} INFO - [2023-10-07T00:15:30.463+0000] {dag.py:3508} INFO - Setting next_dagrun for movie_db_etl to 2023-10-07T00:00:00+00:00, run_after=2023-10-08T00:00:00+00:00
[2023-10-07T00:15:30.551+0000] {processor.py:179} INFO - Processing /opt/airflow/dags/movie_db_airflow.py took 0.458 seconds
[2023-10-07T00:16:00.802+0000] {processor.py:157} INFO - Started process (PID=11426) to work on /opt/airflow/dags/movie_db_airflow.py
[2023-10-07T00:16:00.806+0000] {processor.py:826} INFO - Processing file /opt/airflow/dags/movie_db_airflow.py for tasks to queue
[2023-10-07T00:16:00.808+0000] {logging_mixin.py:150} INFO - [2023-10-07T00:16:00.807+0000] {dagbag.py:541} INFO - Filling up the DagBag from /opt/airflow/dags/movie_db_airflow.py
[2023-10-07T00:16:00.827+0000] {processor.py:836} INFO - DAG(s) dict_keys(['movie_db_etl']) retrieved from /opt/airflow/dags/movie_db_airflow.py
[2023-10-07T00:16:00.862+0000] {logging_mixin.py:150} INFO - [2023-10-07T00:16:00.862+0000] {dag.py:2742} INFO - Sync 1 DAGs
[2023-10-07T00:16:00.912+0000] {logging_mixin.py:150} INFO - [2023-10-07T00:16:00.912+0000] {dag.py:3508} INFO - Setting next_dagrun for movie_db_etl to 2023-10-07T00:00:00+00:00, run_after=2023-10-08T00:00:00+00:00
[2023-10-07T00:16:00.940+0000] {processor.py:179} INFO - Processing /opt/airflow/dags/movie_db_airflow.py took 0.144 seconds
[2023-10-07T00:16:31.029+0000] {processor.py:157} INFO - Started process (PID=11514) to work on /opt/airflow/dags/movie_db_airflow.py
[2023-10-07T00:16:31.031+0000] {processor.py:826} INFO - Processing file /opt/airflow/dags/movie_db_airflow.py for tasks to queue
[2023-10-07T00:16:31.033+0000] {logging_mixin.py:150} INFO - [2023-10-07T00:16:31.032+0000] {dagbag.py:541} INFO - Filling up the DagBag from /opt/airflow/dags/movie_db_airflow.py
[2023-10-07T00:16:31.046+0000] {processor.py:836} INFO - DAG(s) dict_keys(['movie_db_etl']) retrieved from /opt/airflow/dags/movie_db_airflow.py
[2023-10-07T00:16:31.073+0000] {logging_mixin.py:150} INFO - [2023-10-07T00:16:31.073+0000] {dag.py:2742} INFO - Sync 1 DAGs
[2023-10-07T00:16:31.108+0000] {logging_mixin.py:150} INFO - [2023-10-07T00:16:31.108+0000] {dag.py:3508} INFO - Setting next_dagrun for movie_db_etl to 2023-10-07T00:00:00+00:00, run_after=2023-10-08T00:00:00+00:00
[2023-10-07T00:16:31.131+0000] {processor.py:179} INFO - Processing /opt/airflow/dags/movie_db_airflow.py took 0.107 seconds
[2023-10-07T00:17:01.387+0000] {processor.py:157} INFO - Started process (PID=11590) to work on /opt/airflow/dags/movie_db_airflow.py
[2023-10-07T00:17:01.389+0000] {processor.py:826} INFO - Processing file /opt/airflow/dags/movie_db_airflow.py for tasks to queue
[2023-10-07T00:17:01.391+0000] {logging_mixin.py:150} INFO - [2023-10-07T00:17:01.390+0000] {dagbag.py:541} INFO - Filling up the DagBag from /opt/airflow/dags/movie_db_airflow.py
[2023-10-07T00:17:01.407+0000] {processor.py:836} INFO - DAG(s) dict_keys(['movie_db_etl']) retrieved from /opt/airflow/dags/movie_db_airflow.py
[2023-10-07T00:17:01.439+0000] {logging_mixin.py:150} INFO - [2023-10-07T00:17:01.439+0000] {dag.py:2742} INFO - Sync 1 DAGs
[2023-10-07T00:17:01.484+0000] {logging_mixin.py:150} INFO - [2023-10-07T00:17:01.483+0000] {dag.py:3508} INFO - Setting next_dagrun for movie_db_etl to 2023-10-07T00:00:00+00:00, run_after=2023-10-08T00:00:00+00:00
[2023-10-07T00:17:01.565+0000] {processor.py:179} INFO - Processing /opt/airflow/dags/movie_db_airflow.py took 0.183 seconds
[2023-10-07T00:17:32.421+0000] {processor.py:157} INFO - Started process (PID=11675) to work on /opt/airflow/dags/movie_db_airflow.py
[2023-10-07T00:17:32.423+0000] {processor.py:826} INFO - Processing file /opt/airflow/dags/movie_db_airflow.py for tasks to queue
[2023-10-07T00:17:32.425+0000] {logging_mixin.py:150} INFO - [2023-10-07T00:17:32.424+0000] {dagbag.py:541} INFO - Filling up the DagBag from /opt/airflow/dags/movie_db_airflow.py
[2023-10-07T00:17:32.440+0000] {processor.py:836} INFO - DAG(s) dict_keys(['movie_db_etl']) retrieved from /opt/airflow/dags/movie_db_airflow.py
[2023-10-07T00:17:32.478+0000] {logging_mixin.py:150} INFO - [2023-10-07T00:17:32.478+0000] {dag.py:2742} INFO - Sync 1 DAGs
[2023-10-07T00:17:32.523+0000] {logging_mixin.py:150} INFO - [2023-10-07T00:17:32.523+0000] {dag.py:3508} INFO - Setting next_dagrun for movie_db_etl to 2023-10-07T00:00:00+00:00, run_after=2023-10-08T00:00:00+00:00
[2023-10-07T00:17:32.559+0000] {processor.py:179} INFO - Processing /opt/airflow/dags/movie_db_airflow.py took 0.144 seconds
[2023-10-07T00:18:02.750+0000] {processor.py:157} INFO - Started process (PID=11753) to work on /opt/airflow/dags/movie_db_airflow.py
[2023-10-07T00:18:02.753+0000] {processor.py:826} INFO - Processing file /opt/airflow/dags/movie_db_airflow.py for tasks to queue
[2023-10-07T00:18:02.756+0000] {logging_mixin.py:150} INFO - [2023-10-07T00:18:02.755+0000] {dagbag.py:541} INFO - Filling up the DagBag from /opt/airflow/dags/movie_db_airflow.py
[2023-10-07T00:18:02.776+0000] {processor.py:836} INFO - DAG(s) dict_keys(['movie_db_etl']) retrieved from /opt/airflow/dags/movie_db_airflow.py
[2023-10-07T00:18:02.822+0000] {logging_mixin.py:150} INFO - [2023-10-07T00:18:02.822+0000] {dag.py:2742} INFO - Sync 1 DAGs
[2023-10-07T00:18:02.879+0000] {logging_mixin.py:150} INFO - [2023-10-07T00:18:02.879+0000] {dag.py:3508} INFO - Setting next_dagrun for movie_db_etl to 2023-10-07T00:00:00+00:00, run_after=2023-10-08T00:00:00+00:00
[2023-10-07T00:18:02.922+0000] {processor.py:179} INFO - Processing /opt/airflow/dags/movie_db_airflow.py took 0.179 seconds
[2023-10-07T00:18:33.299+0000] {processor.py:157} INFO - Started process (PID=11831) to work on /opt/airflow/dags/movie_db_airflow.py
[2023-10-07T00:18:33.301+0000] {processor.py:826} INFO - Processing file /opt/airflow/dags/movie_db_airflow.py for tasks to queue
[2023-10-07T00:18:33.303+0000] {logging_mixin.py:150} INFO - [2023-10-07T00:18:33.303+0000] {dagbag.py:541} INFO - Filling up the DagBag from /opt/airflow/dags/movie_db_airflow.py
[2023-10-07T00:18:33.327+0000] {processor.py:836} INFO - DAG(s) dict_keys(['movie_db_etl']) retrieved from /opt/airflow/dags/movie_db_airflow.py
[2023-10-07T00:18:33.374+0000] {logging_mixin.py:150} INFO - [2023-10-07T00:18:33.373+0000] {dag.py:2742} INFO - Sync 1 DAGs
[2023-10-07T00:18:33.429+0000] {logging_mixin.py:150} INFO - [2023-10-07T00:18:33.428+0000] {dag.py:3508} INFO - Setting next_dagrun for movie_db_etl to 2023-10-07T00:00:00+00:00, run_after=2023-10-08T00:00:00+00:00
[2023-10-07T00:18:33.482+0000] {processor.py:179} INFO - Processing /opt/airflow/dags/movie_db_airflow.py took 0.192 seconds
[2023-10-07T00:18:56.736+0000] {processor.py:157} INFO - Started process (PID=11891) to work on /opt/airflow/dags/movie_db_airflow.py
[2023-10-07T00:18:56.738+0000] {processor.py:826} INFO - Processing file /opt/airflow/dags/movie_db_airflow.py for tasks to queue
[2023-10-07T00:18:56.740+0000] {logging_mixin.py:150} INFO - [2023-10-07T00:18:56.739+0000] {dagbag.py:541} INFO - Filling up the DagBag from /opt/airflow/dags/movie_db_airflow.py
[2023-10-07T00:18:56.762+0000] {processor.py:836} INFO - DAG(s) dict_keys(['movie_db_etl']) retrieved from /opt/airflow/dags/movie_db_airflow.py
[2023-10-07T00:18:56.797+0000] {logging_mixin.py:150} INFO - [2023-10-07T00:18:56.797+0000] {dag.py:2742} INFO - Sync 1 DAGs
[2023-10-07T00:18:56.845+0000] {logging_mixin.py:150} INFO - [2023-10-07T00:18:56.844+0000] {dag.py:3508} INFO - Setting next_dagrun for movie_db_etl to 2023-10-07T00:00:00+00:00, run_after=2023-10-08T00:00:00+00:00
[2023-10-07T00:18:56.878+0000] {processor.py:179} INFO - Processing /opt/airflow/dags/movie_db_airflow.py took 0.148 seconds
[2023-10-07T00:19:00.077+0000] {processor.py:157} INFO - Started process (PID=11906) to work on /opt/airflow/dags/movie_db_airflow.py
[2023-10-07T00:19:00.080+0000] {processor.py:826} INFO - Processing file /opt/airflow/dags/movie_db_airflow.py for tasks to queue
[2023-10-07T00:19:00.082+0000] {logging_mixin.py:150} INFO - [2023-10-07T00:19:00.082+0000] {dagbag.py:541} INFO - Filling up the DagBag from /opt/airflow/dags/movie_db_airflow.py
[2023-10-07T00:19:00.107+0000] {processor.py:836} INFO - DAG(s) dict_keys(['movie_db_etl']) retrieved from /opt/airflow/dags/movie_db_airflow.py
[2023-10-07T00:19:00.150+0000] {logging_mixin.py:150} INFO - [2023-10-07T00:19:00.150+0000] {dag.py:2742} INFO - Sync 1 DAGs
[2023-10-07T00:19:00.193+0000] {logging_mixin.py:150} INFO - [2023-10-07T00:19:00.193+0000] {dag.py:3508} INFO - Setting next_dagrun for movie_db_etl to 2023-10-07T00:00:00+00:00, run_after=2023-10-08T00:00:00+00:00
[2023-10-07T00:19:00.224+0000] {processor.py:179} INFO - Processing /opt/airflow/dags/movie_db_airflow.py took 0.153 seconds
[2023-10-07T00:19:30.597+0000] {processor.py:157} INFO - Started process (PID=11984) to work on /opt/airflow/dags/movie_db_airflow.py
[2023-10-07T00:19:30.598+0000] {processor.py:826} INFO - Processing file /opt/airflow/dags/movie_db_airflow.py for tasks to queue
[2023-10-07T00:19:30.601+0000] {logging_mixin.py:150} INFO - [2023-10-07T00:19:30.600+0000] {dagbag.py:541} INFO - Filling up the DagBag from /opt/airflow/dags/movie_db_airflow.py
[2023-10-07T00:19:30.619+0000] {processor.py:836} INFO - DAG(s) dict_keys(['movie_db_etl']) retrieved from /opt/airflow/dags/movie_db_airflow.py
[2023-10-07T00:19:30.657+0000] {logging_mixin.py:150} INFO - [2023-10-07T00:19:30.657+0000] {dag.py:2742} INFO - Sync 1 DAGs
[2023-10-07T00:19:30.709+0000] {logging_mixin.py:150} INFO - [2023-10-07T00:19:30.708+0000] {dag.py:3508} INFO - Setting next_dagrun for movie_db_etl to 2023-10-07T00:00:00+00:00, run_after=2023-10-08T00:00:00+00:00
[2023-10-07T00:19:30.748+0000] {processor.py:179} INFO - Processing /opt/airflow/dags/movie_db_airflow.py took 0.158 seconds
[2023-10-07T00:20:01.269+0000] {processor.py:157} INFO - Started process (PID=12062) to work on /opt/airflow/dags/movie_db_airflow.py
[2023-10-07T00:20:01.271+0000] {processor.py:826} INFO - Processing file /opt/airflow/dags/movie_db_airflow.py for tasks to queue
[2023-10-07T00:20:01.273+0000] {logging_mixin.py:150} INFO - [2023-10-07T00:20:01.273+0000] {dagbag.py:541} INFO - Filling up the DagBag from /opt/airflow/dags/movie_db_airflow.py
[2023-10-07T00:20:01.291+0000] {processor.py:836} INFO - DAG(s) dict_keys(['movie_db_etl']) retrieved from /opt/airflow/dags/movie_db_airflow.py
[2023-10-07T00:20:01.328+0000] {logging_mixin.py:150} INFO - [2023-10-07T00:20:01.328+0000] {dag.py:2742} INFO - Sync 1 DAGs
[2023-10-07T00:20:01.376+0000] {logging_mixin.py:150} INFO - [2023-10-07T00:20:01.376+0000] {dag.py:3508} INFO - Setting next_dagrun for movie_db_etl to 2023-10-07T00:00:00+00:00, run_after=2023-10-08T00:00:00+00:00
[2023-10-07T00:20:01.410+0000] {processor.py:179} INFO - Processing /opt/airflow/dags/movie_db_airflow.py took 0.146 seconds
[2023-10-07T00:20:31.952+0000] {processor.py:157} INFO - Started process (PID=12149) to work on /opt/airflow/dags/movie_db_airflow.py
[2023-10-07T00:20:31.954+0000] {processor.py:826} INFO - Processing file /opt/airflow/dags/movie_db_airflow.py for tasks to queue
[2023-10-07T00:20:31.958+0000] {logging_mixin.py:150} INFO - [2023-10-07T00:20:31.957+0000] {dagbag.py:541} INFO - Filling up the DagBag from /opt/airflow/dags/movie_db_airflow.py
[2023-10-07T00:20:31.982+0000] {processor.py:836} INFO - DAG(s) dict_keys(['movie_db_etl']) retrieved from /opt/airflow/dags/movie_db_airflow.py
[2023-10-07T00:20:32.026+0000] {logging_mixin.py:150} INFO - [2023-10-07T00:20:32.026+0000] {dag.py:2742} INFO - Sync 1 DAGs
[2023-10-07T00:20:32.082+0000] {logging_mixin.py:150} INFO - [2023-10-07T00:20:32.082+0000] {dag.py:3508} INFO - Setting next_dagrun for movie_db_etl to 2023-10-07T00:00:00+00:00, run_after=2023-10-08T00:00:00+00:00
[2023-10-07T00:20:32.114+0000] {processor.py:179} INFO - Processing /opt/airflow/dags/movie_db_airflow.py took 0.171 seconds
[2023-10-07T00:21:02.224+0000] {processor.py:157} INFO - Started process (PID=12227) to work on /opt/airflow/dags/movie_db_airflow.py
[2023-10-07T00:21:02.226+0000] {processor.py:826} INFO - Processing file /opt/airflow/dags/movie_db_airflow.py for tasks to queue
[2023-10-07T00:21:02.228+0000] {logging_mixin.py:150} INFO - [2023-10-07T00:21:02.227+0000] {dagbag.py:541} INFO - Filling up the DagBag from /opt/airflow/dags/movie_db_airflow.py
[2023-10-07T00:21:02.244+0000] {processor.py:836} INFO - DAG(s) dict_keys(['movie_db_etl']) retrieved from /opt/airflow/dags/movie_db_airflow.py
[2023-10-07T00:21:02.280+0000] {logging_mixin.py:150} INFO - [2023-10-07T00:21:02.280+0000] {dag.py:2742} INFO - Sync 1 DAGs
[2023-10-07T00:21:02.331+0000] {logging_mixin.py:150} INFO - [2023-10-07T00:21:02.331+0000] {dag.py:3508} INFO - Setting next_dagrun for movie_db_etl to 2023-10-07T00:00:00+00:00, run_after=2023-10-08T00:00:00+00:00
[2023-10-07T00:21:02.365+0000] {processor.py:179} INFO - Processing /opt/airflow/dags/movie_db_airflow.py took 0.147 seconds
[2023-10-07T00:21:32.636+0000] {processor.py:157} INFO - Started process (PID=12313) to work on /opt/airflow/dags/movie_db_airflow.py
[2023-10-07T00:21:32.638+0000] {processor.py:826} INFO - Processing file /opt/airflow/dags/movie_db_airflow.py for tasks to queue
[2023-10-07T00:21:32.640+0000] {logging_mixin.py:150} INFO - [2023-10-07T00:21:32.640+0000] {dagbag.py:541} INFO - Filling up the DagBag from /opt/airflow/dags/movie_db_airflow.py
[2023-10-07T00:21:32.659+0000] {processor.py:836} INFO - DAG(s) dict_keys(['movie_db_etl']) retrieved from /opt/airflow/dags/movie_db_airflow.py
[2023-10-07T00:21:32.695+0000] {logging_mixin.py:150} INFO - [2023-10-07T00:21:32.695+0000] {dag.py:2742} INFO - Sync 1 DAGs
[2023-10-07T00:21:32.740+0000] {logging_mixin.py:150} INFO - [2023-10-07T00:21:32.740+0000] {dag.py:3508} INFO - Setting next_dagrun for movie_db_etl to 2023-10-07T00:00:00+00:00, run_after=2023-10-08T00:00:00+00:00
[2023-10-07T00:21:32.771+0000] {processor.py:179} INFO - Processing /opt/airflow/dags/movie_db_airflow.py took 0.141 seconds
[2023-10-07T00:22:03.452+0000] {processor.py:157} INFO - Started process (PID=12391) to work on /opt/airflow/dags/movie_db_airflow.py
[2023-10-07T00:22:03.454+0000] {processor.py:826} INFO - Processing file /opt/airflow/dags/movie_db_airflow.py for tasks to queue
[2023-10-07T00:22:03.456+0000] {logging_mixin.py:150} INFO - [2023-10-07T00:22:03.456+0000] {dagbag.py:541} INFO - Filling up the DagBag from /opt/airflow/dags/movie_db_airflow.py
[2023-10-07T00:22:03.477+0000] {processor.py:836} INFO - DAG(s) dict_keys(['movie_db_etl']) retrieved from /opt/airflow/dags/movie_db_airflow.py
[2023-10-07T00:22:03.516+0000] {logging_mixin.py:150} INFO - [2023-10-07T00:22:03.516+0000] {dag.py:2742} INFO - Sync 1 DAGs
[2023-10-07T00:22:03.562+0000] {logging_mixin.py:150} INFO - [2023-10-07T00:22:03.562+0000] {dag.py:3508} INFO - Setting next_dagrun for movie_db_etl to 2023-10-07T00:00:00+00:00, run_after=2023-10-08T00:00:00+00:00
[2023-10-07T00:22:03.599+0000] {processor.py:179} INFO - Processing /opt/airflow/dags/movie_db_airflow.py took 0.153 seconds
[2023-10-07T00:22:34.007+0000] {processor.py:157} INFO - Started process (PID=12469) to work on /opt/airflow/dags/movie_db_airflow.py
[2023-10-07T00:22:34.009+0000] {processor.py:826} INFO - Processing file /opt/airflow/dags/movie_db_airflow.py for tasks to queue
[2023-10-07T00:22:34.011+0000] {logging_mixin.py:150} INFO - [2023-10-07T00:22:34.011+0000] {dagbag.py:541} INFO - Filling up the DagBag from /opt/airflow/dags/movie_db_airflow.py
[2023-10-07T00:22:34.030+0000] {processor.py:836} INFO - DAG(s) dict_keys(['movie_db_etl']) retrieved from /opt/airflow/dags/movie_db_airflow.py
[2023-10-07T00:22:34.070+0000] {logging_mixin.py:150} INFO - [2023-10-07T00:22:34.070+0000] {dag.py:2742} INFO - Sync 1 DAGs
[2023-10-07T00:22:34.123+0000] {logging_mixin.py:150} INFO - [2023-10-07T00:22:34.122+0000] {dag.py:3508} INFO - Setting next_dagrun for movie_db_etl to 2023-10-07T00:00:00+00:00, run_after=2023-10-08T00:00:00+00:00
[2023-10-07T00:22:34.157+0000] {processor.py:179} INFO - Processing /opt/airflow/dags/movie_db_airflow.py took 0.157 seconds
[2023-10-07T00:23:04.597+0000] {processor.py:157} INFO - Started process (PID=12556) to work on /opt/airflow/dags/movie_db_airflow.py
[2023-10-07T00:23:04.599+0000] {processor.py:826} INFO - Processing file /opt/airflow/dags/movie_db_airflow.py for tasks to queue
[2023-10-07T00:23:04.601+0000] {logging_mixin.py:150} INFO - [2023-10-07T00:23:04.600+0000] {dagbag.py:541} INFO - Filling up the DagBag from /opt/airflow/dags/movie_db_airflow.py
[2023-10-07T00:23:04.615+0000] {processor.py:836} INFO - DAG(s) dict_keys(['movie_db_etl']) retrieved from /opt/airflow/dags/movie_db_airflow.py
[2023-10-07T00:23:04.650+0000] {logging_mixin.py:150} INFO - [2023-10-07T00:23:04.649+0000] {dag.py:2742} INFO - Sync 1 DAGs
[2023-10-07T00:23:04.694+0000] {logging_mixin.py:150} INFO - [2023-10-07T00:23:04.694+0000] {dag.py:3508} INFO - Setting next_dagrun for movie_db_etl to 2023-10-07T00:00:00+00:00, run_after=2023-10-08T00:00:00+00:00
[2023-10-07T00:23:04.725+0000] {processor.py:179} INFO - Processing /opt/airflow/dags/movie_db_airflow.py took 0.134 seconds
[2023-10-07T00:23:34.919+0000] {processor.py:157} INFO - Started process (PID=12634) to work on /opt/airflow/dags/movie_db_airflow.py
[2023-10-07T00:23:34.921+0000] {processor.py:826} INFO - Processing file /opt/airflow/dags/movie_db_airflow.py for tasks to queue
[2023-10-07T00:23:34.924+0000] {logging_mixin.py:150} INFO - [2023-10-07T00:23:34.923+0000] {dagbag.py:541} INFO - Filling up the DagBag from /opt/airflow/dags/movie_db_airflow.py
[2023-10-07T00:23:34.941+0000] {processor.py:836} INFO - DAG(s) dict_keys(['movie_db_etl']) retrieved from /opt/airflow/dags/movie_db_airflow.py
[2023-10-07T00:23:34.977+0000] {logging_mixin.py:150} INFO - [2023-10-07T00:23:34.977+0000] {dag.py:2742} INFO - Sync 1 DAGs
[2023-10-07T00:23:35.023+0000] {logging_mixin.py:150} INFO - [2023-10-07T00:23:35.023+0000] {dag.py:3508} INFO - Setting next_dagrun for movie_db_etl to 2023-10-07T00:00:00+00:00, run_after=2023-10-08T00:00:00+00:00
[2023-10-07T00:23:35.054+0000] {processor.py:179} INFO - Processing /opt/airflow/dags/movie_db_airflow.py took 0.141 seconds
[2023-10-07T00:24:05.295+0000] {processor.py:157} INFO - Started process (PID=12721) to work on /opt/airflow/dags/movie_db_airflow.py
[2023-10-07T00:24:05.298+0000] {processor.py:826} INFO - Processing file /opt/airflow/dags/movie_db_airflow.py for tasks to queue
[2023-10-07T00:24:05.299+0000] {logging_mixin.py:150} INFO - [2023-10-07T00:24:05.299+0000] {dagbag.py:541} INFO - Filling up the DagBag from /opt/airflow/dags/movie_db_airflow.py
[2023-10-07T00:24:05.315+0000] {processor.py:836} INFO - DAG(s) dict_keys(['movie_db_etl']) retrieved from /opt/airflow/dags/movie_db_airflow.py
[2023-10-07T00:24:05.348+0000] {logging_mixin.py:150} INFO - [2023-10-07T00:24:05.348+0000] {dag.py:2742} INFO - Sync 1 DAGs
[2023-10-07T00:24:05.391+0000] {logging_mixin.py:150} INFO - [2023-10-07T00:24:05.391+0000] {dag.py:3508} INFO - Setting next_dagrun for movie_db_etl to 2023-10-07T00:00:00+00:00, run_after=2023-10-08T00:00:00+00:00
[2023-10-07T00:24:05.421+0000] {processor.py:179} INFO - Processing /opt/airflow/dags/movie_db_airflow.py took 0.131 seconds
[2023-10-07T00:24:36.096+0000] {processor.py:157} INFO - Started process (PID=12799) to work on /opt/airflow/dags/movie_db_airflow.py
[2023-10-07T00:24:36.099+0000] {processor.py:826} INFO - Processing file /opt/airflow/dags/movie_db_airflow.py for tasks to queue
[2023-10-07T00:24:36.103+0000] {logging_mixin.py:150} INFO - [2023-10-07T00:24:36.102+0000] {dagbag.py:541} INFO - Filling up the DagBag from /opt/airflow/dags/movie_db_airflow.py
[2023-10-07T00:24:36.126+0000] {processor.py:836} INFO - DAG(s) dict_keys(['movie_db_etl']) retrieved from /opt/airflow/dags/movie_db_airflow.py
[2023-10-07T00:24:36.171+0000] {logging_mixin.py:150} INFO - [2023-10-07T00:24:36.171+0000] {dag.py:2742} INFO - Sync 1 DAGs
[2023-10-07T00:24:36.228+0000] {logging_mixin.py:150} INFO - [2023-10-07T00:24:36.228+0000] {dag.py:3508} INFO - Setting next_dagrun for movie_db_etl to 2023-10-07T00:00:00+00:00, run_after=2023-10-08T00:00:00+00:00
[2023-10-07T00:24:36.266+0000] {processor.py:179} INFO - Processing /opt/airflow/dags/movie_db_airflow.py took 0.177 seconds
[2023-10-07T00:25:07.031+0000] {processor.py:157} INFO - Started process (PID=12877) to work on /opt/airflow/dags/movie_db_airflow.py
[2023-10-07T00:25:07.035+0000] {processor.py:826} INFO - Processing file /opt/airflow/dags/movie_db_airflow.py for tasks to queue
[2023-10-07T00:25:07.038+0000] {logging_mixin.py:150} INFO - [2023-10-07T00:25:07.037+0000] {dagbag.py:541} INFO - Filling up the DagBag from /opt/airflow/dags/movie_db_airflow.py
[2023-10-07T00:25:07.064+0000] {processor.py:836} INFO - DAG(s) dict_keys(['movie_db_etl']) retrieved from /opt/airflow/dags/movie_db_airflow.py
[2023-10-07T00:25:07.124+0000] {logging_mixin.py:150} INFO - [2023-10-07T00:25:07.123+0000] {dag.py:2742} INFO - Sync 1 DAGs
[2023-10-07T00:25:07.195+0000] {logging_mixin.py:150} INFO - [2023-10-07T00:25:07.194+0000] {dag.py:3508} INFO - Setting next_dagrun for movie_db_etl to 2023-10-07T00:00:00+00:00, run_after=2023-10-08T00:00:00+00:00
[2023-10-07T00:25:07.243+0000] {processor.py:179} INFO - Processing /opt/airflow/dags/movie_db_airflow.py took 0.221 seconds
[2023-10-07T00:25:37.512+0000] {processor.py:157} INFO - Started process (PID=12955) to work on /opt/airflow/dags/movie_db_airflow.py
[2023-10-07T00:25:37.515+0000] {processor.py:826} INFO - Processing file /opt/airflow/dags/movie_db_airflow.py for tasks to queue
[2023-10-07T00:25:37.518+0000] {logging_mixin.py:150} INFO - [2023-10-07T00:25:37.517+0000] {dagbag.py:541} INFO - Filling up the DagBag from /opt/airflow/dags/movie_db_airflow.py
[2023-10-07T00:25:37.541+0000] {processor.py:836} INFO - DAG(s) dict_keys(['movie_db_etl']) retrieved from /opt/airflow/dags/movie_db_airflow.py
[2023-10-07T00:25:37.590+0000] {logging_mixin.py:150} INFO - [2023-10-07T00:25:37.590+0000] {dag.py:2742} INFO - Sync 1 DAGs
[2023-10-07T00:25:37.662+0000] {logging_mixin.py:150} INFO - [2023-10-07T00:25:37.662+0000] {dag.py:3508} INFO - Setting next_dagrun for movie_db_etl to 2023-10-07T00:00:00+00:00, run_after=2023-10-08T00:00:00+00:00
[2023-10-07T00:25:37.707+0000] {processor.py:179} INFO - Processing /opt/airflow/dags/movie_db_airflow.py took 0.202 seconds
[2023-10-07T00:26:07.813+0000] {processor.py:157} INFO - Started process (PID=13043) to work on /opt/airflow/dags/movie_db_airflow.py
[2023-10-07T00:26:07.815+0000] {processor.py:826} INFO - Processing file /opt/airflow/dags/movie_db_airflow.py for tasks to queue
[2023-10-07T00:26:07.817+0000] {logging_mixin.py:150} INFO - [2023-10-07T00:26:07.817+0000] {dagbag.py:541} INFO - Filling up the DagBag from /opt/airflow/dags/movie_db_airflow.py
[2023-10-07T00:26:07.836+0000] {processor.py:836} INFO - DAG(s) dict_keys(['movie_db_etl']) retrieved from /opt/airflow/dags/movie_db_airflow.py
[2023-10-07T00:26:07.875+0000] {logging_mixin.py:150} INFO - [2023-10-07T00:26:07.875+0000] {dag.py:2742} INFO - Sync 1 DAGs
[2023-10-07T00:26:07.925+0000] {logging_mixin.py:150} INFO - [2023-10-07T00:26:07.925+0000] {dag.py:3508} INFO - Setting next_dagrun for movie_db_etl to 2023-10-07T00:00:00+00:00, run_after=2023-10-08T00:00:00+00:00
[2023-10-07T00:26:07.959+0000] {processor.py:179} INFO - Processing /opt/airflow/dags/movie_db_airflow.py took 0.153 seconds
[2023-10-07T00:26:38.683+0000] {processor.py:157} INFO - Started process (PID=13121) to work on /opt/airflow/dags/movie_db_airflow.py
[2023-10-07T00:26:38.687+0000] {processor.py:826} INFO - Processing file /opt/airflow/dags/movie_db_airflow.py for tasks to queue
[2023-10-07T00:26:38.690+0000] {logging_mixin.py:150} INFO - [2023-10-07T00:26:38.689+0000] {dagbag.py:541} INFO - Filling up the DagBag from /opt/airflow/dags/movie_db_airflow.py
[2023-10-07T00:26:38.711+0000] {processor.py:836} INFO - DAG(s) dict_keys(['movie_db_etl']) retrieved from /opt/airflow/dags/movie_db_airflow.py
[2023-10-07T00:26:38.757+0000] {logging_mixin.py:150} INFO - [2023-10-07T00:26:38.756+0000] {dag.py:2742} INFO - Sync 1 DAGs
[2023-10-07T00:26:38.815+0000] {logging_mixin.py:150} INFO - [2023-10-07T00:26:38.815+0000] {dag.py:3508} INFO - Setting next_dagrun for movie_db_etl to 2023-10-07T00:00:00+00:00, run_after=2023-10-08T00:00:00+00:00
[2023-10-07T00:26:38.858+0000] {processor.py:179} INFO - Processing /opt/airflow/dags/movie_db_airflow.py took 0.180 seconds
[2023-10-07T00:27:09.412+0000] {processor.py:157} INFO - Started process (PID=13192) to work on /opt/airflow/dags/movie_db_airflow.py
[2023-10-07T00:27:09.416+0000] {processor.py:826} INFO - Processing file /opt/airflow/dags/movie_db_airflow.py for tasks to queue
[2023-10-07T00:27:09.419+0000] {logging_mixin.py:150} INFO - [2023-10-07T00:27:09.418+0000] {dagbag.py:541} INFO - Filling up the DagBag from /opt/airflow/dags/movie_db_airflow.py
[2023-10-07T00:27:09.448+0000] {processor.py:836} INFO - DAG(s) dict_keys(['movie_db_etl']) retrieved from /opt/airflow/dags/movie_db_airflow.py
[2023-10-07T00:27:09.521+0000] {logging_mixin.py:150} INFO - [2023-10-07T00:27:09.520+0000] {dag.py:2742} INFO - Sync 1 DAGs
[2023-10-07T00:27:09.623+0000] {logging_mixin.py:150} INFO - [2023-10-07T00:27:09.623+0000] {dag.py:3508} INFO - Setting next_dagrun for movie_db_etl to 2023-10-07T00:00:00+00:00, run_after=2023-10-08T00:00:00+00:00
[2023-10-07T00:27:09.677+0000] {processor.py:179} INFO - Processing /opt/airflow/dags/movie_db_airflow.py took 0.275 seconds
[2023-10-07T00:27:40.132+0000] {processor.py:157} INFO - Started process (PID=13270) to work on /opt/airflow/dags/movie_db_airflow.py
[2023-10-07T00:27:40.135+0000] {processor.py:826} INFO - Processing file /opt/airflow/dags/movie_db_airflow.py for tasks to queue
[2023-10-07T00:27:40.139+0000] {logging_mixin.py:150} INFO - [2023-10-07T00:27:40.138+0000] {dagbag.py:541} INFO - Filling up the DagBag from /opt/airflow/dags/movie_db_airflow.py
[2023-10-07T00:27:40.165+0000] {processor.py:836} INFO - DAG(s) dict_keys(['movie_db_etl']) retrieved from /opt/airflow/dags/movie_db_airflow.py
[2023-10-07T00:27:40.223+0000] {logging_mixin.py:150} INFO - [2023-10-07T00:27:40.222+0000] {dag.py:2742} INFO - Sync 1 DAGs
[2023-10-07T00:27:40.290+0000] {logging_mixin.py:150} INFO - [2023-10-07T00:27:40.290+0000] {dag.py:3508} INFO - Setting next_dagrun for movie_db_etl to 2023-10-07T00:00:00+00:00, run_after=2023-10-08T00:00:00+00:00
[2023-10-07T00:27:40.335+0000] {processor.py:179} INFO - Processing /opt/airflow/dags/movie_db_airflow.py took 0.211 seconds
[2023-10-07T00:28:10.433+0000] {processor.py:157} INFO - Started process (PID=13348) to work on /opt/airflow/dags/movie_db_airflow.py
[2023-10-07T00:28:10.435+0000] {processor.py:826} INFO - Processing file /opt/airflow/dags/movie_db_airflow.py for tasks to queue
[2023-10-07T00:28:10.436+0000] {logging_mixin.py:150} INFO - [2023-10-07T00:28:10.436+0000] {dagbag.py:541} INFO - Filling up the DagBag from /opt/airflow/dags/movie_db_airflow.py
[2023-10-07T00:28:10.451+0000] {processor.py:836} INFO - DAG(s) dict_keys(['movie_db_etl']) retrieved from /opt/airflow/dags/movie_db_airflow.py
[2023-10-07T00:28:10.487+0000] {logging_mixin.py:150} INFO - [2023-10-07T00:28:10.487+0000] {dag.py:2742} INFO - Sync 1 DAGs
[2023-10-07T00:28:10.528+0000] {logging_mixin.py:150} INFO - [2023-10-07T00:28:10.528+0000] {dag.py:3508} INFO - Setting next_dagrun for movie_db_etl to 2023-10-07T00:00:00+00:00, run_after=2023-10-08T00:00:00+00:00
[2023-10-07T00:28:10.557+0000] {processor.py:179} INFO - Processing /opt/airflow/dags/movie_db_airflow.py took 0.129 seconds
[2023-10-07T00:28:40.939+0000] {processor.py:157} INFO - Started process (PID=13435) to work on /opt/airflow/dags/movie_db_airflow.py
[2023-10-07T00:28:40.942+0000] {processor.py:826} INFO - Processing file /opt/airflow/dags/movie_db_airflow.py for tasks to queue
[2023-10-07T00:28:40.945+0000] {logging_mixin.py:150} INFO - [2023-10-07T00:28:40.945+0000] {dagbag.py:541} INFO - Filling up the DagBag from /opt/airflow/dags/movie_db_airflow.py
[2023-10-07T00:28:40.969+0000] {processor.py:836} INFO - DAG(s) dict_keys(['movie_db_etl']) retrieved from /opt/airflow/dags/movie_db_airflow.py
[2023-10-07T00:28:41.024+0000] {logging_mixin.py:150} INFO - [2023-10-07T00:28:41.024+0000] {dag.py:2742} INFO - Sync 1 DAGs
[2023-10-07T00:28:41.093+0000] {logging_mixin.py:150} INFO - [2023-10-07T00:28:41.092+0000] {dag.py:3508} INFO - Setting next_dagrun for movie_db_etl to 2023-10-07T00:00:00+00:00, run_after=2023-10-08T00:00:00+00:00
[2023-10-07T00:28:41.134+0000] {processor.py:179} INFO - Processing /opt/airflow/dags/movie_db_airflow.py took 0.203 seconds
[2023-10-07T00:29:11.426+0000] {processor.py:157} INFO - Started process (PID=13513) to work on /opt/airflow/dags/movie_db_airflow.py
[2023-10-07T00:29:11.430+0000] {processor.py:826} INFO - Processing file /opt/airflow/dags/movie_db_airflow.py for tasks to queue
[2023-10-07T00:29:11.434+0000] {logging_mixin.py:150} INFO - [2023-10-07T00:29:11.433+0000] {dagbag.py:541} INFO - Filling up the DagBag from /opt/airflow/dags/movie_db_airflow.py
[2023-10-07T00:29:11.460+0000] {processor.py:836} INFO - DAG(s) dict_keys(['movie_db_etl']) retrieved from /opt/airflow/dags/movie_db_airflow.py
[2023-10-07T00:29:11.525+0000] {logging_mixin.py:150} INFO - [2023-10-07T00:29:11.525+0000] {dag.py:2742} INFO - Sync 1 DAGs
[2023-10-07T00:29:11.609+0000] {logging_mixin.py:150} INFO - [2023-10-07T00:29:11.608+0000] {dag.py:3508} INFO - Setting next_dagrun for movie_db_etl to 2023-10-07T00:00:00+00:00, run_after=2023-10-08T00:00:00+00:00
[2023-10-07T00:29:11.657+0000] {processor.py:179} INFO - Processing /opt/airflow/dags/movie_db_airflow.py took 0.239 seconds
[2023-10-07T00:29:42.085+0000] {processor.py:157} INFO - Started process (PID=13592) to work on /opt/airflow/dags/movie_db_airflow.py
[2023-10-07T00:29:42.088+0000] {processor.py:826} INFO - Processing file /opt/airflow/dags/movie_db_airflow.py for tasks to queue
[2023-10-07T00:29:42.090+0000] {logging_mixin.py:150} INFO - [2023-10-07T00:29:42.089+0000] {dagbag.py:541} INFO - Filling up the DagBag from /opt/airflow/dags/movie_db_airflow.py
[2023-10-07T00:29:42.109+0000] {processor.py:836} INFO - DAG(s) dict_keys(['movie_db_etl']) retrieved from /opt/airflow/dags/movie_db_airflow.py
[2023-10-07T00:29:42.157+0000] {logging_mixin.py:150} INFO - [2023-10-07T00:29:42.156+0000] {dag.py:2742} INFO - Sync 1 DAGs
[2023-10-07T00:29:42.209+0000] {logging_mixin.py:150} INFO - [2023-10-07T00:29:42.209+0000] {dag.py:3508} INFO - Setting next_dagrun for movie_db_etl to 2023-10-07T00:00:00+00:00, run_after=2023-10-08T00:00:00+00:00
[2023-10-07T00:29:42.245+0000] {processor.py:179} INFO - Processing /opt/airflow/dags/movie_db_airflow.py took 0.168 seconds
[2023-10-07T00:30:12.416+0000] {processor.py:157} INFO - Started process (PID=13679) to work on /opt/airflow/dags/movie_db_airflow.py
[2023-10-07T00:30:12.419+0000] {processor.py:826} INFO - Processing file /opt/airflow/dags/movie_db_airflow.py for tasks to queue
[2023-10-07T00:30:12.421+0000] {logging_mixin.py:150} INFO - [2023-10-07T00:30:12.420+0000] {dagbag.py:541} INFO - Filling up the DagBag from /opt/airflow/dags/movie_db_airflow.py
[2023-10-07T00:30:12.439+0000] {processor.py:836} INFO - DAG(s) dict_keys(['movie_db_etl']) retrieved from /opt/airflow/dags/movie_db_airflow.py
[2023-10-07T00:30:12.474+0000] {logging_mixin.py:150} INFO - [2023-10-07T00:30:12.474+0000] {dag.py:2742} INFO - Sync 1 DAGs
[2023-10-07T00:30:12.519+0000] {logging_mixin.py:150} INFO - [2023-10-07T00:30:12.519+0000] {dag.py:3508} INFO - Setting next_dagrun for movie_db_etl to 2023-10-07T00:00:00+00:00, run_after=2023-10-08T00:00:00+00:00
[2023-10-07T00:30:12.552+0000] {processor.py:179} INFO - Processing /opt/airflow/dags/movie_db_airflow.py took 0.141 seconds
[2023-10-07T00:30:42.941+0000] {processor.py:157} INFO - Started process (PID=13757) to work on /opt/airflow/dags/movie_db_airflow.py
[2023-10-07T00:30:42.943+0000] {processor.py:826} INFO - Processing file /opt/airflow/dags/movie_db_airflow.py for tasks to queue
[2023-10-07T00:30:42.946+0000] {logging_mixin.py:150} INFO - [2023-10-07T00:30:42.945+0000] {dagbag.py:541} INFO - Filling up the DagBag from /opt/airflow/dags/movie_db_airflow.py
[2023-10-07T00:30:42.961+0000] {processor.py:836} INFO - DAG(s) dict_keys(['movie_db_etl']) retrieved from /opt/airflow/dags/movie_db_airflow.py
[2023-10-07T00:30:42.996+0000] {logging_mixin.py:150} INFO - [2023-10-07T00:30:42.996+0000] {dag.py:2742} INFO - Sync 1 DAGs
[2023-10-07T00:30:43.038+0000] {logging_mixin.py:150} INFO - [2023-10-07T00:30:43.038+0000] {dag.py:3508} INFO - Setting next_dagrun for movie_db_etl to 2023-10-07T00:00:00+00:00, run_after=2023-10-08T00:00:00+00:00
[2023-10-07T00:30:43.180+0000] {processor.py:179} INFO - Processing /opt/airflow/dags/movie_db_airflow.py took 0.245 seconds
[2023-10-07T00:31:13.871+0000] {processor.py:157} INFO - Started process (PID=13835) to work on /opt/airflow/dags/movie_db_airflow.py
[2023-10-07T00:31:13.873+0000] {processor.py:826} INFO - Processing file /opt/airflow/dags/movie_db_airflow.py for tasks to queue
[2023-10-07T00:31:13.875+0000] {logging_mixin.py:150} INFO - [2023-10-07T00:31:13.874+0000] {dagbag.py:541} INFO - Filling up the DagBag from /opt/airflow/dags/movie_db_airflow.py
[2023-10-07T00:31:13.889+0000] {processor.py:836} INFO - DAG(s) dict_keys(['movie_db_etl']) retrieved from /opt/airflow/dags/movie_db_airflow.py
[2023-10-07T00:31:13.926+0000] {logging_mixin.py:150} INFO - [2023-10-07T00:31:13.925+0000] {dag.py:2742} INFO - Sync 1 DAGs
[2023-10-07T00:31:13.969+0000] {logging_mixin.py:150} INFO - [2023-10-07T00:31:13.969+0000] {dag.py:3508} INFO - Setting next_dagrun for movie_db_etl to 2023-10-07T00:00:00+00:00, run_after=2023-10-08T00:00:00+00:00
[2023-10-07T00:31:13.996+0000] {processor.py:179} INFO - Processing /opt/airflow/dags/movie_db_airflow.py took 0.134 seconds
[2023-10-07T00:31:44.136+0000] {processor.py:157} INFO - Started process (PID=13922) to work on /opt/airflow/dags/movie_db_airflow.py
[2023-10-07T00:31:44.138+0000] {processor.py:826} INFO - Processing file /opt/airflow/dags/movie_db_airflow.py for tasks to queue
[2023-10-07T00:31:44.140+0000] {logging_mixin.py:150} INFO - [2023-10-07T00:31:44.140+0000] {dagbag.py:541} INFO - Filling up the DagBag from /opt/airflow/dags/movie_db_airflow.py
[2023-10-07T00:31:44.155+0000] {processor.py:836} INFO - DAG(s) dict_keys(['movie_db_etl']) retrieved from /opt/airflow/dags/movie_db_airflow.py
[2023-10-07T00:31:44.188+0000] {logging_mixin.py:150} INFO - [2023-10-07T00:31:44.187+0000] {dag.py:2742} INFO - Sync 1 DAGs
[2023-10-07T00:31:44.227+0000] {logging_mixin.py:150} INFO - [2023-10-07T00:31:44.226+0000] {dag.py:3508} INFO - Setting next_dagrun for movie_db_etl to 2023-10-07T00:00:00+00:00, run_after=2023-10-08T00:00:00+00:00
[2023-10-07T00:31:44.259+0000] {processor.py:179} INFO - Processing /opt/airflow/dags/movie_db_airflow.py took 0.128 seconds
[2023-10-07T00:32:14.579+0000] {processor.py:157} INFO - Started process (PID=14000) to work on /opt/airflow/dags/movie_db_airflow.py
[2023-10-07T00:32:14.589+0000] {processor.py:826} INFO - Processing file /opt/airflow/dags/movie_db_airflow.py for tasks to queue
[2023-10-07T00:32:14.593+0000] {logging_mixin.py:150} INFO - [2023-10-07T00:32:14.593+0000] {dagbag.py:541} INFO - Filling up the DagBag from /opt/airflow/dags/movie_db_airflow.py
[2023-10-07T00:32:14.623+0000] {processor.py:836} INFO - DAG(s) dict_keys(['movie_db_etl']) retrieved from /opt/airflow/dags/movie_db_airflow.py
[2023-10-07T00:32:14.679+0000] {logging_mixin.py:150} INFO - [2023-10-07T00:32:14.679+0000] {dag.py:2742} INFO - Sync 1 DAGs
[2023-10-07T00:32:14.913+0000] {logging_mixin.py:150} INFO - [2023-10-07T00:32:14.913+0000] {dag.py:3508} INFO - Setting next_dagrun for movie_db_etl to 2023-10-07T00:00:00+00:00, run_after=2023-10-08T00:00:00+00:00
[2023-10-07T00:32:14.947+0000] {processor.py:179} INFO - Processing /opt/airflow/dags/movie_db_airflow.py took 0.376 seconds
[2023-10-07T00:32:45.474+0000] {processor.py:157} INFO - Started process (PID=14085) to work on /opt/airflow/dags/movie_db_airflow.py
[2023-10-07T00:32:45.481+0000] {processor.py:826} INFO - Processing file /opt/airflow/dags/movie_db_airflow.py for tasks to queue
[2023-10-07T00:32:45.487+0000] {logging_mixin.py:150} INFO - [2023-10-07T00:32:45.486+0000] {dagbag.py:541} INFO - Filling up the DagBag from /opt/airflow/dags/movie_db_airflow.py
[2023-10-07T00:32:45.529+0000] {processor.py:836} INFO - DAG(s) dict_keys(['movie_db_etl']) retrieved from /opt/airflow/dags/movie_db_airflow.py
[2023-10-07T00:32:45.612+0000] {logging_mixin.py:150} INFO - [2023-10-07T00:32:45.611+0000] {dag.py:2742} INFO - Sync 1 DAGs
[2023-10-07T00:32:45.699+0000] {logging_mixin.py:150} INFO - [2023-10-07T00:32:45.698+0000] {dag.py:3508} INFO - Setting next_dagrun for movie_db_etl to 2023-10-07T00:00:00+00:00, run_after=2023-10-08T00:00:00+00:00
[2023-10-07T00:32:45.764+0000] {processor.py:179} INFO - Processing /opt/airflow/dags/movie_db_airflow.py took 0.303 seconds
[2023-10-07T00:33:16.183+0000] {processor.py:157} INFO - Started process (PID=14163) to work on /opt/airflow/dags/movie_db_airflow.py
[2023-10-07T00:33:16.188+0000] {processor.py:826} INFO - Processing file /opt/airflow/dags/movie_db_airflow.py for tasks to queue
[2023-10-07T00:33:16.194+0000] {logging_mixin.py:150} INFO - [2023-10-07T00:33:16.193+0000] {dagbag.py:541} INFO - Filling up the DagBag from /opt/airflow/dags/movie_db_airflow.py
[2023-10-07T00:33:16.232+0000] {processor.py:836} INFO - DAG(s) dict_keys(['movie_db_etl']) retrieved from /opt/airflow/dags/movie_db_airflow.py
[2023-10-07T00:33:16.307+0000] {logging_mixin.py:150} INFO - [2023-10-07T00:33:16.307+0000] {dag.py:2742} INFO - Sync 1 DAGs
[2023-10-07T00:33:16.407+0000] {logging_mixin.py:150} INFO - [2023-10-07T00:33:16.407+0000] {dag.py:3508} INFO - Setting next_dagrun for movie_db_etl to 2023-10-07T00:00:00+00:00, run_after=2023-10-08T00:00:00+00:00
[2023-10-07T00:33:16.488+0000] {processor.py:179} INFO - Processing /opt/airflow/dags/movie_db_airflow.py took 0.318 seconds
[2023-10-07T00:33:47.055+0000] {processor.py:157} INFO - Started process (PID=14241) to work on /opt/airflow/dags/movie_db_airflow.py
[2023-10-07T00:33:47.057+0000] {processor.py:826} INFO - Processing file /opt/airflow/dags/movie_db_airflow.py for tasks to queue
[2023-10-07T00:33:47.059+0000] {logging_mixin.py:150} INFO - [2023-10-07T00:33:47.059+0000] {dagbag.py:541} INFO - Filling up the DagBag from /opt/airflow/dags/movie_db_airflow.py
[2023-10-07T00:33:47.076+0000] {processor.py:836} INFO - DAG(s) dict_keys(['movie_db_etl']) retrieved from /opt/airflow/dags/movie_db_airflow.py
[2023-10-07T00:33:47.114+0000] {logging_mixin.py:150} INFO - [2023-10-07T00:33:47.114+0000] {dag.py:2742} INFO - Sync 1 DAGs
[2023-10-07T00:33:47.287+0000] {logging_mixin.py:150} INFO - [2023-10-07T00:33:47.286+0000] {dag.py:3508} INFO - Setting next_dagrun for movie_db_etl to 2023-10-07T00:00:00+00:00, run_after=2023-10-08T00:00:00+00:00
[2023-10-07T00:33:47.316+0000] {processor.py:179} INFO - Processing /opt/airflow/dags/movie_db_airflow.py took 0.268 seconds
[2023-10-07T00:34:17.482+0000] {processor.py:157} INFO - Started process (PID=14319) to work on /opt/airflow/dags/movie_db_airflow.py
[2023-10-07T00:34:17.485+0000] {processor.py:826} INFO - Processing file /opt/airflow/dags/movie_db_airflow.py for tasks to queue
[2023-10-07T00:34:17.487+0000] {logging_mixin.py:150} INFO - [2023-10-07T00:34:17.486+0000] {dagbag.py:541} INFO - Filling up the DagBag from /opt/airflow/dags/movie_db_airflow.py
[2023-10-07T00:34:17.505+0000] {processor.py:836} INFO - DAG(s) dict_keys(['movie_db_etl']) retrieved from /opt/airflow/dags/movie_db_airflow.py
[2023-10-07T00:34:17.546+0000] {logging_mixin.py:150} INFO - [2023-10-07T00:34:17.545+0000] {dag.py:2742} INFO - Sync 1 DAGs
[2023-10-07T00:34:17.594+0000] {logging_mixin.py:150} INFO - [2023-10-07T00:34:17.594+0000] {dag.py:3508} INFO - Setting next_dagrun for movie_db_etl to 2023-10-07T00:00:00+00:00, run_after=2023-10-08T00:00:00+00:00
[2023-10-07T00:34:17.628+0000] {processor.py:179} INFO - Processing /opt/airflow/dags/movie_db_airflow.py took 0.152 seconds
[2023-10-07T00:34:48.428+0000] {processor.py:157} INFO - Started process (PID=14406) to work on /opt/airflow/dags/movie_db_airflow.py
[2023-10-07T00:34:48.430+0000] {processor.py:826} INFO - Processing file /opt/airflow/dags/movie_db_airflow.py for tasks to queue
[2023-10-07T00:34:48.432+0000] {logging_mixin.py:150} INFO - [2023-10-07T00:34:48.432+0000] {dagbag.py:541} INFO - Filling up the DagBag from /opt/airflow/dags/movie_db_airflow.py
[2023-10-07T00:34:48.449+0000] {processor.py:836} INFO - DAG(s) dict_keys(['movie_db_etl']) retrieved from /opt/airflow/dags/movie_db_airflow.py
[2023-10-07T00:34:48.594+0000] {logging_mixin.py:150} INFO - [2023-10-07T00:34:48.594+0000] {dag.py:2742} INFO - Sync 1 DAGs
[2023-10-07T00:34:48.629+0000] {logging_mixin.py:150} INFO - [2023-10-07T00:34:48.629+0000] {dag.py:3508} INFO - Setting next_dagrun for movie_db_etl to 2023-10-07T00:00:00+00:00, run_after=2023-10-08T00:00:00+00:00
[2023-10-07T00:34:48.653+0000] {processor.py:179} INFO - Processing /opt/airflow/dags/movie_db_airflow.py took 0.230 seconds
[2023-10-07T00:35:19.403+0000] {processor.py:157} INFO - Started process (PID=14484) to work on /opt/airflow/dags/movie_db_airflow.py
[2023-10-07T00:35:19.405+0000] {processor.py:826} INFO - Processing file /opt/airflow/dags/movie_db_airflow.py for tasks to queue
[2023-10-07T00:35:19.408+0000] {logging_mixin.py:150} INFO - [2023-10-07T00:35:19.407+0000] {dagbag.py:541} INFO - Filling up the DagBag from /opt/airflow/dags/movie_db_airflow.py
[2023-10-07T00:35:19.428+0000] {processor.py:836} INFO - DAG(s) dict_keys(['movie_db_etl']) retrieved from /opt/airflow/dags/movie_db_airflow.py
[2023-10-07T00:35:19.461+0000] {logging_mixin.py:150} INFO - [2023-10-07T00:35:19.461+0000] {dag.py:2742} INFO - Sync 1 DAGs
[2023-10-07T00:35:19.499+0000] {logging_mixin.py:150} INFO - [2023-10-07T00:35:19.499+0000] {dag.py:3508} INFO - Setting next_dagrun for movie_db_etl to 2023-10-07T00:00:00+00:00, run_after=2023-10-08T00:00:00+00:00
[2023-10-07T00:35:19.523+0000] {processor.py:179} INFO - Processing /opt/airflow/dags/movie_db_airflow.py took 0.126 seconds
[2023-10-07T00:35:50.297+0000] {processor.py:157} INFO - Started process (PID=14571) to work on /opt/airflow/dags/movie_db_airflow.py
[2023-10-07T00:35:50.299+0000] {processor.py:826} INFO - Processing file /opt/airflow/dags/movie_db_airflow.py for tasks to queue
[2023-10-07T00:35:50.301+0000] {logging_mixin.py:150} INFO - [2023-10-07T00:35:50.301+0000] {dagbag.py:541} INFO - Filling up the DagBag from /opt/airflow/dags/movie_db_airflow.py
[2023-10-07T00:35:50.316+0000] {processor.py:836} INFO - DAG(s) dict_keys(['movie_db_etl']) retrieved from /opt/airflow/dags/movie_db_airflow.py
[2023-10-07T00:35:50.347+0000] {logging_mixin.py:150} INFO - [2023-10-07T00:35:50.347+0000] {dag.py:2742} INFO - Sync 1 DAGs
[2023-10-07T00:35:50.381+0000] {logging_mixin.py:150} INFO - [2023-10-07T00:35:50.381+0000] {dag.py:3508} INFO - Setting next_dagrun for movie_db_etl to 2023-10-07T00:00:00+00:00, run_after=2023-10-08T00:00:00+00:00
[2023-10-07T00:35:50.408+0000] {processor.py:179} INFO - Processing /opt/airflow/dags/movie_db_airflow.py took 0.116 seconds
[2023-10-07T00:36:20.557+0000] {processor.py:157} INFO - Started process (PID=14649) to work on /opt/airflow/dags/movie_db_airflow.py
[2023-10-07T00:36:20.561+0000] {processor.py:826} INFO - Processing file /opt/airflow/dags/movie_db_airflow.py for tasks to queue
[2023-10-07T00:36:20.565+0000] {logging_mixin.py:150} INFO - [2023-10-07T00:36:20.564+0000] {dagbag.py:541} INFO - Filling up the DagBag from /opt/airflow/dags/movie_db_airflow.py
[2023-10-07T00:36:20.585+0000] {processor.py:836} INFO - DAG(s) dict_keys(['movie_db_etl']) retrieved from /opt/airflow/dags/movie_db_airflow.py
[2023-10-07T00:36:20.632+0000] {logging_mixin.py:150} INFO - [2023-10-07T00:36:20.632+0000] {dag.py:2742} INFO - Sync 1 DAGs
[2023-10-07T00:36:20.687+0000] {logging_mixin.py:150} INFO - [2023-10-07T00:36:20.687+0000] {dag.py:3508} INFO - Setting next_dagrun for movie_db_etl to 2023-10-07T00:00:00+00:00, run_after=2023-10-08T00:00:00+00:00
[2023-10-07T00:36:20.723+0000] {processor.py:179} INFO - Processing /opt/airflow/dags/movie_db_airflow.py took 0.172 seconds
[2023-10-07T00:36:51.171+0000] {processor.py:157} INFO - Started process (PID=14735) to work on /opt/airflow/dags/movie_db_airflow.py
[2023-10-07T00:36:51.174+0000] {processor.py:826} INFO - Processing file /opt/airflow/dags/movie_db_airflow.py for tasks to queue
[2023-10-07T00:36:51.175+0000] {logging_mixin.py:150} INFO - [2023-10-07T00:36:51.175+0000] {dagbag.py:541} INFO - Filling up the DagBag from /opt/airflow/dags/movie_db_airflow.py
[2023-10-07T00:36:51.192+0000] {processor.py:836} INFO - DAG(s) dict_keys(['movie_db_etl']) retrieved from /opt/airflow/dags/movie_db_airflow.py
[2023-10-07T00:36:51.224+0000] {logging_mixin.py:150} INFO - [2023-10-07T00:36:51.224+0000] {dag.py:2742} INFO - Sync 1 DAGs
[2023-10-07T00:36:51.260+0000] {logging_mixin.py:150} INFO - [2023-10-07T00:36:51.260+0000] {dag.py:3508} INFO - Setting next_dagrun for movie_db_etl to 2023-10-07T00:00:00+00:00, run_after=2023-10-08T00:00:00+00:00
[2023-10-07T00:36:51.283+0000] {processor.py:179} INFO - Processing /opt/airflow/dags/movie_db_airflow.py took 0.118 seconds
[2023-10-07T00:37:21.670+0000] {processor.py:157} INFO - Started process (PID=14812) to work on /opt/airflow/dags/movie_db_airflow.py
[2023-10-07T00:37:21.672+0000] {processor.py:826} INFO - Processing file /opt/airflow/dags/movie_db_airflow.py for tasks to queue
[2023-10-07T00:37:21.673+0000] {logging_mixin.py:150} INFO - [2023-10-07T00:37:21.673+0000] {dagbag.py:541} INFO - Filling up the DagBag from /opt/airflow/dags/movie_db_airflow.py
[2023-10-07T00:37:21.687+0000] {processor.py:836} INFO - DAG(s) dict_keys(['movie_db_etl']) retrieved from /opt/airflow/dags/movie_db_airflow.py
[2023-10-07T00:37:21.719+0000] {logging_mixin.py:150} INFO - [2023-10-07T00:37:21.719+0000] {dag.py:2742} INFO - Sync 1 DAGs
[2023-10-07T00:37:21.759+0000] {logging_mixin.py:150} INFO - [2023-10-07T00:37:21.759+0000] {dag.py:3508} INFO - Setting next_dagrun for movie_db_etl to 2023-10-07T00:00:00+00:00, run_after=2023-10-08T00:00:00+00:00
[2023-10-07T00:37:21.788+0000] {processor.py:179} INFO - Processing /opt/airflow/dags/movie_db_airflow.py took 0.122 seconds
[2023-10-07T00:37:52.549+0000] {processor.py:157} INFO - Started process (PID=14899) to work on /opt/airflow/dags/movie_db_airflow.py
[2023-10-07T00:37:52.551+0000] {processor.py:826} INFO - Processing file /opt/airflow/dags/movie_db_airflow.py for tasks to queue
[2023-10-07T00:37:52.553+0000] {logging_mixin.py:150} INFO - [2023-10-07T00:37:52.552+0000] {dagbag.py:541} INFO - Filling up the DagBag from /opt/airflow/dags/movie_db_airflow.py
[2023-10-07T00:37:52.569+0000] {processor.py:836} INFO - DAG(s) dict_keys(['movie_db_etl']) retrieved from /opt/airflow/dags/movie_db_airflow.py
[2023-10-07T00:37:52.607+0000] {logging_mixin.py:150} INFO - [2023-10-07T00:37:52.606+0000] {dag.py:2742} INFO - Sync 1 DAGs
[2023-10-07T00:37:52.651+0000] {logging_mixin.py:150} INFO - [2023-10-07T00:37:52.650+0000] {dag.py:3508} INFO - Setting next_dagrun for movie_db_etl to 2023-10-07T00:00:00+00:00, run_after=2023-10-08T00:00:00+00:00
[2023-10-07T00:37:52.657+0000] {processor.py:179} INFO - Processing /opt/airflow/dags/movie_db_airflow.py took 0.135 seconds
[2023-10-07T00:38:23.502+0000] {processor.py:157} INFO - Started process (PID=14977) to work on /opt/airflow/dags/movie_db_airflow.py
[2023-10-07T00:38:23.504+0000] {processor.py:826} INFO - Processing file /opt/airflow/dags/movie_db_airflow.py for tasks to queue
[2023-10-07T00:38:23.506+0000] {logging_mixin.py:150} INFO - [2023-10-07T00:38:23.505+0000] {dagbag.py:541} INFO - Filling up the DagBag from /opt/airflow/dags/movie_db_airflow.py
[2023-10-07T00:38:23.521+0000] {processor.py:836} INFO - DAG(s) dict_keys(['movie_db_etl']) retrieved from /opt/airflow/dags/movie_db_airflow.py
[2023-10-07T00:38:23.553+0000] {logging_mixin.py:150} INFO - [2023-10-07T00:38:23.552+0000] {dag.py:2742} INFO - Sync 1 DAGs
[2023-10-07T00:38:23.592+0000] {logging_mixin.py:150} INFO - [2023-10-07T00:38:23.592+0000] {dag.py:3508} INFO - Setting next_dagrun for movie_db_etl to 2023-10-07T00:00:00+00:00, run_after=2023-10-08T00:00:00+00:00
[2023-10-07T00:38:23.622+0000] {processor.py:179} INFO - Processing /opt/airflow/dags/movie_db_airflow.py took 0.124 seconds
[2023-10-07T00:38:53.943+0000] {processor.py:157} INFO - Started process (PID=15063) to work on /opt/airflow/dags/movie_db_airflow.py
[2023-10-07T00:38:53.946+0000] {processor.py:826} INFO - Processing file /opt/airflow/dags/movie_db_airflow.py for tasks to queue
[2023-10-07T00:38:53.947+0000] {logging_mixin.py:150} INFO - [2023-10-07T00:38:53.947+0000] {dagbag.py:541} INFO - Filling up the DagBag from /opt/airflow/dags/movie_db_airflow.py
[2023-10-07T00:38:53.963+0000] {processor.py:836} INFO - DAG(s) dict_keys(['movie_db_etl']) retrieved from /opt/airflow/dags/movie_db_airflow.py
[2023-10-07T00:38:53.993+0000] {logging_mixin.py:150} INFO - [2023-10-07T00:38:53.993+0000] {dag.py:2742} INFO - Sync 1 DAGs
[2023-10-07T00:38:54.029+0000] {logging_mixin.py:150} INFO - [2023-10-07T00:38:54.029+0000] {dag.py:3508} INFO - Setting next_dagrun for movie_db_etl to 2023-10-07T00:00:00+00:00, run_after=2023-10-08T00:00:00+00:00
[2023-10-07T00:38:54.054+0000] {processor.py:179} INFO - Processing /opt/airflow/dags/movie_db_airflow.py took 0.116 seconds
[2023-10-07T00:39:24.751+0000] {processor.py:157} INFO - Started process (PID=15141) to work on /opt/airflow/dags/movie_db_airflow.py
[2023-10-07T00:39:24.754+0000] {processor.py:826} INFO - Processing file /opt/airflow/dags/movie_db_airflow.py for tasks to queue
[2023-10-07T00:39:24.760+0000] {logging_mixin.py:150} INFO - [2023-10-07T00:39:24.758+0000] {dagbag.py:541} INFO - Filling up the DagBag from /opt/airflow/dags/movie_db_airflow.py
[2023-10-07T00:39:24.791+0000] {processor.py:836} INFO - DAG(s) dict_keys(['movie_db_etl']) retrieved from /opt/airflow/dags/movie_db_airflow.py
[2023-10-07T00:39:24.850+0000] {logging_mixin.py:150} INFO - [2023-10-07T00:39:24.849+0000] {dag.py:2742} INFO - Sync 1 DAGs
[2023-10-07T00:39:24.906+0000] {logging_mixin.py:150} INFO - [2023-10-07T00:39:24.906+0000] {dag.py:3508} INFO - Setting next_dagrun for movie_db_etl to 2023-10-07T00:00:00+00:00, run_after=2023-10-08T00:00:00+00:00
[2023-10-07T00:39:24.947+0000] {processor.py:179} INFO - Processing /opt/airflow/dags/movie_db_airflow.py took 0.207 seconds
[2023-10-07T00:39:55.117+0000] {processor.py:157} INFO - Started process (PID=15225) to work on /opt/airflow/dags/movie_db_airflow.py
[2023-10-07T00:39:55.120+0000] {processor.py:826} INFO - Processing file /opt/airflow/dags/movie_db_airflow.py for tasks to queue
[2023-10-07T00:39:55.125+0000] {logging_mixin.py:150} INFO - [2023-10-07T00:39:55.124+0000] {dagbag.py:541} INFO - Filling up the DagBag from /opt/airflow/dags/movie_db_airflow.py
[2023-10-07T00:39:55.155+0000] {processor.py:836} INFO - DAG(s) dict_keys(['movie_db_etl']) retrieved from /opt/airflow/dags/movie_db_airflow.py
[2023-10-07T00:39:55.208+0000] {logging_mixin.py:150} INFO - [2023-10-07T00:39:55.208+0000] {dag.py:2742} INFO - Sync 1 DAGs
[2023-10-07T00:39:55.274+0000] {logging_mixin.py:150} INFO - [2023-10-07T00:39:55.274+0000] {dag.py:3508} INFO - Setting next_dagrun for movie_db_etl to 2023-10-07T00:00:00+00:00, run_after=2023-10-08T00:00:00+00:00
[2023-10-07T00:39:55.321+0000] {processor.py:179} INFO - Processing /opt/airflow/dags/movie_db_airflow.py took 0.212 seconds
