[2023-10-08T02:59:37.727+0000] {taskinstance.py:1103} INFO - Dependencies all met for dep_context=non-requeueable deps ti=<TaskInstance: group_dag.staging_layer.insert_into_stg_actor_film_assoc scheduled__2023-10-07T00:00:00+00:00 [queued]>
[2023-10-08T02:59:37.847+0000] {taskinstance.py:1103} INFO - Dependencies all met for dep_context=requeueable deps ti=<TaskInstance: group_dag.staging_layer.insert_into_stg_actor_film_assoc scheduled__2023-10-07T00:00:00+00:00 [queued]>
[2023-10-08T02:59:37.850+0000] {taskinstance.py:1308} INFO - Starting attempt 1 of 1
[2023-10-08T02:59:38.046+0000] {taskinstance.py:1327} INFO - Executing <Task(MsSqlOperator): staging_layer.insert_into_stg_actor_film_assoc> on 2023-10-07 00:00:00+00:00
[2023-10-08T02:59:38.083+0000] {standard_task_runner.py:57} INFO - Started process 10977 to run task
[2023-10-08T02:59:38.147+0000] {standard_task_runner.py:84} INFO - Running: ['***', 'tasks', 'run', 'group_dag', 'staging_layer.insert_into_stg_actor_film_assoc', 'scheduled__2023-10-07T00:00:00+00:00', '--job-id', '114', '--raw', '--subdir', 'DAGS_FOLDER/group_dag.py', '--cfg-path', '/tmp/tmpr3nlbve_']
[2023-10-08T02:59:38.162+0000] {standard_task_runner.py:85} INFO - Job 114: Subtask staging_layer.insert_into_stg_actor_film_assoc
[2023-10-08T02:59:38.968+0000] {task_command.py:410} INFO - Running <TaskInstance: group_dag.staging_layer.insert_into_stg_actor_film_assoc scheduled__2023-10-07T00:00:00+00:00 [running]> on host 9e1bf037e24d
[2023-10-08T02:59:40.382+0000] {taskinstance.py:1547} INFO - Exporting env vars: AIRFLOW_CTX_DAG_OWNER='***' AIRFLOW_CTX_DAG_ID='group_dag' AIRFLOW_CTX_TASK_ID='staging_layer.insert_into_stg_actor_film_assoc' AIRFLOW_CTX_EXECUTION_DATE='2023-10-07T00:00:00+00:00' AIRFLOW_CTX_TRY_NUMBER='1' AIRFLOW_CTX_DAG_RUN_ID='scheduled__2023-10-07T00:00:00+00:00'
[2023-10-08T02:59:40.402+0000] {sql.py:265} INFO - Executing: 
            INSERT INTO stg_actor_film_assoc (actor_id, film_id)
            SELECT DISTINCT ma.actor_id, mf.film_id 
            FROM ( 
                SELECT trim(value)as Actor, Title, Year, Director
                FROM (
                    SELECT Actors, Title, Year, Director FROM land_movies 
                        ) AS sub_query
                CROSS APPLY string_split(sub_query.Actors,',') as actors_split) as t
            INNER JOIN map_actor as ma on ma.actor = t.Actor
            INNER JOIN map_film as mf on mf.Title  =  t.Title
                AND mf.film_year = t.Year
                AND mf.director = t.Director
            WHERE NOT EXISTS (SELECT 1 FROM stg_actor_film_assoc as a WHERE ma.actor_id = a.actor_id AND mf.film_id = a.film_id)
            
[2023-10-08T02:59:40.487+0000] {base.py:73} INFO - Using connection ID 'sqlserver' for task execution.
[2023-10-08T02:59:41.385+0000] {base.py:73} INFO - Using connection ID 'sqlserver' for task execution.
[2023-10-08T02:59:42.330+0000] {sql.py:375} INFO - Running statement: 
            INSERT INTO stg_actor_film_assoc (actor_id, film_id)
            SELECT DISTINCT ma.actor_id, mf.film_id 
            FROM ( 
                SELECT trim(value)as Actor, Title, Year, Director
                FROM (
                    SELECT Actors, Title, Year, Director FROM land_movies 
                        ) AS sub_query
                CROSS APPLY string_split(sub_query.Actors,',') as actors_split) as t
            INNER JOIN map_actor as ma on ma.actor = t.Actor
            INNER JOIN map_film as mf on mf.Title  =  t.Title
                AND mf.film_year = t.Year
                AND mf.director = t.Director
            WHERE NOT EXISTS (SELECT 1 FROM stg_actor_film_assoc as a WHERE ma.actor_id = a.actor_id AND mf.film_id = a.film_id)
            , parameters: None
[2023-10-08T02:59:42.907+0000] {sql.py:384} INFO - Rows affected: 0
[2023-10-08T02:59:42.991+0000] {taskinstance.py:1350} INFO - Marking task as SUCCESS. dag_id=group_dag, task_id=staging_layer.insert_into_stg_actor_film_assoc, execution_date=20231007T000000, start_date=20231008T025937, end_date=20231008T025942
[2023-10-08T02:59:43.433+0000] {local_task_job_runner.py:225} INFO - Task exited with return code 0
[2023-10-08T02:59:43.678+0000] {taskinstance.py:2653} INFO - 0 downstream tasks scheduled from follow-on schedule check
