[2023-10-08T02:58:44.677+0000] {taskinstance.py:1103} INFO - Dependencies all met for dep_context=non-requeueable deps ti=<TaskInstance: group_dag.mapping_layer.insert_into_map_director manual__2023-10-08T02:58:31.246079+00:00 [queued]>
[2023-10-08T02:58:44.704+0000] {taskinstance.py:1103} INFO - Dependencies all met for dep_context=requeueable deps ti=<TaskInstance: group_dag.mapping_layer.insert_into_map_director manual__2023-10-08T02:58:31.246079+00:00 [queued]>
[2023-10-08T02:58:44.707+0000] {taskinstance.py:1308} INFO - Starting attempt 1 of 1
[2023-10-08T02:58:44.900+0000] {taskinstance.py:1327} INFO - Executing <Task(MsSqlOperator): mapping_layer.insert_into_map_director> on 2023-10-08 02:58:31.246079+00:00
[2023-10-08T02:58:44.962+0000] {standard_task_runner.py:57} INFO - Started process 10920 to run task
[2023-10-08T02:58:45.062+0000] {standard_task_runner.py:84} INFO - Running: ['***', 'tasks', 'run', 'group_dag', 'mapping_layer.insert_into_map_director', 'manual__2023-10-08T02:58:31.246079+00:00', '--job-id', '99', '--raw', '--subdir', 'DAGS_FOLDER/group_dag.py', '--cfg-path', '/tmp/tmpbfdg6d8h']
[2023-10-08T02:58:45.116+0000] {standard_task_runner.py:85} INFO - Job 99: Subtask mapping_layer.insert_into_map_director
[2023-10-08T02:58:45.735+0000] {task_command.py:410} INFO - Running <TaskInstance: group_dag.mapping_layer.insert_into_map_director manual__2023-10-08T02:58:31.246079+00:00 [running]> on host 9e1bf037e24d
[2023-10-08T02:58:46.814+0000] {taskinstance.py:1547} INFO - Exporting env vars: AIRFLOW_CTX_DAG_OWNER='***' AIRFLOW_CTX_DAG_ID='group_dag' AIRFLOW_CTX_TASK_ID='mapping_layer.insert_into_map_director' AIRFLOW_CTX_EXECUTION_DATE='2023-10-08T02:58:31.246079+00:00' AIRFLOW_CTX_TRY_NUMBER='1' AIRFLOW_CTX_DAG_RUN_ID='manual__2023-10-08T02:58:31.246079+00:00'
[2023-10-08T02:58:46.849+0000] {sql.py:265} INFO - Executing: 
            INSERT INTO map_director (director)
            SELECT DISTINCT l.director 
            FROM land_movies l
            WHERE NOT EXISTS (SELECT 1 FROM map_director md WHERE md.director = l.director)
            
[2023-10-08T02:58:46.881+0000] {base.py:73} INFO - Using connection ID 'sqlserver' for task execution.
[2023-10-08T02:58:47.424+0000] {base.py:73} INFO - Using connection ID 'sqlserver' for task execution.
[2023-10-08T02:58:48.419+0000] {sql.py:375} INFO - Running statement: 
            INSERT INTO map_director (director)
            SELECT DISTINCT l.director 
            FROM land_movies l
            WHERE NOT EXISTS (SELECT 1 FROM map_director md WHERE md.director = l.director)
            , parameters: None
[2023-10-08T02:58:48.517+0000] {sql.py:384} INFO - Rows affected: 0
[2023-10-08T02:58:48.576+0000] {taskinstance.py:1350} INFO - Marking task as SUCCESS. dag_id=group_dag, task_id=mapping_layer.insert_into_map_director, execution_date=20231008T025831, start_date=20231008T025844, end_date=20231008T025848
[2023-10-08T02:58:48.724+0000] {local_task_job_runner.py:225} INFO - Task exited with return code 0
[2023-10-08T02:58:49.097+0000] {taskinstance.py:2653} INFO - 0 downstream tasks scheduled from follow-on schedule check
