[2023-10-08T01:51:55.140+0000] {taskinstance.py:1103} INFO - Dependencies all met for dep_context=non-requeueable deps ti=<TaskInstance: movie_db_etl.insert_into_map_actor manual__2023-10-08T01:51:52.560302+00:00 [queued]>
[2023-10-08T01:51:55.158+0000] {taskinstance.py:1103} INFO - Dependencies all met for dep_context=requeueable deps ti=<TaskInstance: movie_db_etl.insert_into_map_actor manual__2023-10-08T01:51:52.560302+00:00 [queued]>
[2023-10-08T01:51:55.159+0000] {taskinstance.py:1308} INFO - Starting attempt 1 of 1
[2023-10-08T01:51:55.183+0000] {taskinstance.py:1327} INFO - Executing <Task(MsSqlOperator): insert_into_map_actor> on 2023-10-08 01:51:52.560302+00:00
[2023-10-08T01:51:55.194+0000] {standard_task_runner.py:57} INFO - Started process 8307 to run task
[2023-10-08T01:51:55.199+0000] {standard_task_runner.py:84} INFO - Running: ['***', 'tasks', 'run', 'movie_db_etl', 'insert_into_map_actor', 'manual__2023-10-08T01:51:52.560302+00:00', '--job-id', '90', '--raw', '--subdir', 'DAGS_FOLDER/movie_db_***.py', '--cfg-path', '/tmp/tmpzcg3lllq']
[2023-10-08T01:51:55.203+0000] {standard_task_runner.py:85} INFO - Job 90: Subtask insert_into_map_actor
[2023-10-08T01:51:55.309+0000] {task_command.py:410} INFO - Running <TaskInstance: movie_db_etl.insert_into_map_actor manual__2023-10-08T01:51:52.560302+00:00 [running]> on host 9e1bf037e24d
[2023-10-08T01:51:55.460+0000] {taskinstance.py:1547} INFO - Exporting env vars: AIRFLOW_CTX_DAG_OWNER='***' AIRFLOW_CTX_DAG_ID='movie_db_etl' AIRFLOW_CTX_TASK_ID='insert_into_map_actor' AIRFLOW_CTX_EXECUTION_DATE='2023-10-08T01:51:52.560302+00:00' AIRFLOW_CTX_TRY_NUMBER='1' AIRFLOW_CTX_DAG_RUN_ID='manual__2023-10-08T01:51:52.560302+00:00'
[2023-10-08T01:51:55.464+0000] {sql.py:265} INFO - Executing: 
        INSERT INTO map_actor
        SELECT DISTINCT Actor
        FROM (SELECT trim(value)as Actor, Title, Year, Director
            FROM (
                SELECT Actors, Title, Year, Director FROM land_movies 
                    ) AS sub_query
            CROSS APPLY string_split(sub_query.Actors,',') as actors_split) as v
        WHERE NOT EXISTS (SELECT 1 FROM map_actor m WHERE m.actor = v.Actor)
        
[2023-10-08T01:51:55.479+0000] {base.py:73} INFO - Using connection ID 'sqlserver' for task execution.
[2023-10-08T01:51:55.561+0000] {base.py:73} INFO - Using connection ID 'sqlserver' for task execution.
[2023-10-08T01:51:56.495+0000] {sql.py:375} INFO - Running statement: 
        INSERT INTO map_actor
        SELECT DISTINCT Actor
        FROM (SELECT trim(value)as Actor, Title, Year, Director
            FROM (
                SELECT Actors, Title, Year, Director FROM land_movies 
                    ) AS sub_query
            CROSS APPLY string_split(sub_query.Actors,',') as actors_split) as v
        WHERE NOT EXISTS (SELECT 1 FROM map_actor m WHERE m.actor = v.Actor)
        , parameters: None
[2023-10-08T01:51:56.644+0000] {sql.py:384} INFO - Rows affected: 1985
[2023-10-08T01:51:56.661+0000] {taskinstance.py:1350} INFO - Marking task as SUCCESS. dag_id=movie_db_etl, task_id=insert_into_map_actor, execution_date=20231008T015152, start_date=20231008T015155, end_date=20231008T015156
[2023-10-08T01:51:56.707+0000] {local_task_job_runner.py:225} INFO - Task exited with return code 0
[2023-10-08T01:51:56.736+0000] {taskinstance.py:2653} INFO - 0 downstream tasks scheduled from follow-on schedule check
