[2023-10-10T17:54:51.495+0000] {taskinstance.py:1103} INFO - Dependencies all met for dep_context=non-requeueable deps ti=<TaskInstance: group_dag.dimension_layer.insert_into_dim_actor manual__2023-10-10T17:54:36.006761+00:00 [queued]>
[2023-10-10T17:54:51.575+0000] {taskinstance.py:1103} INFO - Dependencies all met for dep_context=requeueable deps ti=<TaskInstance: group_dag.dimension_layer.insert_into_dim_actor manual__2023-10-10T17:54:36.006761+00:00 [queued]>
[2023-10-10T17:54:51.577+0000] {taskinstance.py:1308} INFO - Starting attempt 1 of 1
[2023-10-10T17:54:51.732+0000] {taskinstance.py:1327} INFO - Executing <Task(MsSqlOperator): dimension_layer.insert_into_dim_actor> on 2023-10-10 17:54:36.006761+00:00
[2023-10-10T17:54:51.766+0000] {standard_task_runner.py:57} INFO - Started process 992 to run task
[2023-10-10T17:54:51.807+0000] {standard_task_runner.py:84} INFO - Running: ['***', 'tasks', 'run', 'group_dag', 'dimension_layer.insert_into_dim_actor', 'manual__2023-10-10T17:54:36.006761+00:00', '--job-id', '152', '--raw', '--subdir', 'DAGS_FOLDER/group_dag.py', '--cfg-path', '/tmp/tmpl_fvc5zh']
[2023-10-10T17:54:51.857+0000] {standard_task_runner.py:85} INFO - Job 152: Subtask dimension_layer.insert_into_dim_actor
[2023-10-10T17:54:52.116+0000] {task_command.py:410} INFO - Running <TaskInstance: group_dag.dimension_layer.insert_into_dim_actor manual__2023-10-10T17:54:36.006761+00:00 [running]> on host 2c73f027d5a5
[2023-10-10T17:54:52.539+0000] {taskinstance.py:1547} INFO - Exporting env vars: AIRFLOW_CTX_DAG_OWNER='***' AIRFLOW_CTX_DAG_ID='group_dag' AIRFLOW_CTX_TASK_ID='dimension_layer.insert_into_dim_actor' AIRFLOW_CTX_EXECUTION_DATE='2023-10-10T17:54:36.006761+00:00' AIRFLOW_CTX_TRY_NUMBER='1' AIRFLOW_CTX_DAG_RUN_ID='manual__2023-10-10T17:54:36.006761+00:00'
[2023-10-10T17:54:52.544+0000] {sql.py:265} INFO - Executing:       
            INSERT INTO dim_actor (actor_id, actor)
            SELECT s.actor_id, s.actor FROM stg_actor s
            WHERE NOT EXISTS (SELECT 1 FROM dim_actor d WHERE d.actor_id = s.actor_id)
            
[2023-10-10T17:54:52.581+0000] {base.py:73} INFO - Using connection ID 'sqlserver' for task execution.
[2023-10-10T17:54:52.782+0000] {base.py:73} INFO - Using connection ID 'sqlserver' for task execution.
[2023-10-10T17:54:53.656+0000] {sql.py:375} INFO - Running statement:       
            INSERT INTO dim_actor (actor_id, actor)
            SELECT s.actor_id, s.actor FROM stg_actor s
            WHERE NOT EXISTS (SELECT 1 FROM dim_actor d WHERE d.actor_id = s.actor_id)
            , parameters: None
[2023-10-10T17:54:53.765+0000] {sql.py:384} INFO - Rows affected: 1985
[2023-10-10T17:54:53.831+0000] {taskinstance.py:1350} INFO - Marking task as SUCCESS. dag_id=group_dag, task_id=dimension_layer.insert_into_dim_actor, execution_date=20231010T175436, start_date=20231010T175451, end_date=20231010T175453
[2023-10-10T17:54:53.948+0000] {local_task_job_runner.py:225} INFO - Task exited with return code 0
[2023-10-10T17:54:54.019+0000] {taskinstance.py:2653} INFO - 0 downstream tasks scheduled from follow-on schedule check
