[2023-10-08T02:58:42.978+0000] {taskinstance.py:1103} INFO - Dependencies all met for dep_context=non-requeueable deps ti=<TaskInstance: group_dag.mapping_layer.insert_into_map_year scheduled__2023-10-07T00:00:00+00:00 [queued]>
[2023-10-08T02:58:43.063+0000] {taskinstance.py:1103} INFO - Dependencies all met for dep_context=requeueable deps ti=<TaskInstance: group_dag.mapping_layer.insert_into_map_year scheduled__2023-10-07T00:00:00+00:00 [queued]>
[2023-10-08T02:58:43.065+0000] {taskinstance.py:1308} INFO - Starting attempt 1 of 1
[2023-10-08T02:58:43.137+0000] {taskinstance.py:1327} INFO - Executing <Task(MsSqlOperator): mapping_layer.insert_into_map_year> on 2023-10-07 00:00:00+00:00
[2023-10-08T02:58:43.150+0000] {standard_task_runner.py:57} INFO - Started process 10918 to run task
[2023-10-08T02:58:43.228+0000] {standard_task_runner.py:84} INFO - Running: ['***', 'tasks', 'run', 'group_dag', 'mapping_layer.insert_into_map_year', 'scheduled__2023-10-07T00:00:00+00:00', '--job-id', '96', '--raw', '--subdir', 'DAGS_FOLDER/group_dag.py', '--cfg-path', '/tmp/tmpgtv4gt8v']
[2023-10-08T02:58:43.258+0000] {standard_task_runner.py:85} INFO - Job 96: Subtask mapping_layer.insert_into_map_year
[2023-10-08T02:58:43.887+0000] {task_command.py:410} INFO - Running <TaskInstance: group_dag.mapping_layer.insert_into_map_year scheduled__2023-10-07T00:00:00+00:00 [running]> on host 9e1bf037e24d
[2023-10-08T02:58:45.041+0000] {taskinstance.py:1547} INFO - Exporting env vars: AIRFLOW_CTX_DAG_OWNER='***' AIRFLOW_CTX_DAG_ID='group_dag' AIRFLOW_CTX_TASK_ID='mapping_layer.insert_into_map_year' AIRFLOW_CTX_EXECUTION_DATE='2023-10-07T00:00:00+00:00' AIRFLOW_CTX_TRY_NUMBER='1' AIRFLOW_CTX_DAG_RUN_ID='scheduled__2023-10-07T00:00:00+00:00'
[2023-10-08T02:58:45.076+0000] {sql.py:265} INFO - Executing: 
            INSERT INTO map_year (year)
            SELECT DISTINCT l.Year 
            FROM land_movies l
            WHERE NOT EXISTS (SELECT 1 FROM map_year my WHERE my.year = l.Year)
            
[2023-10-08T02:58:45.272+0000] {base.py:73} INFO - Using connection ID 'sqlserver' for task execution.
[2023-10-08T02:58:45.862+0000] {base.py:73} INFO - Using connection ID 'sqlserver' for task execution.
[2023-10-08T02:58:47.104+0000] {sql.py:375} INFO - Running statement: 
            INSERT INTO map_year (year)
            SELECT DISTINCT l.Year 
            FROM land_movies l
            WHERE NOT EXISTS (SELECT 1 FROM map_year my WHERE my.year = l.Year)
            , parameters: None
[2023-10-08T02:58:47.321+0000] {sql.py:384} INFO - Rows affected: 0
[2023-10-08T02:58:47.532+0000] {taskinstance.py:1350} INFO - Marking task as SUCCESS. dag_id=group_dag, task_id=mapping_layer.insert_into_map_year, execution_date=20231007T000000, start_date=20231008T025842, end_date=20231008T025847
[2023-10-08T02:58:47.986+0000] {local_task_job_runner.py:225} INFO - Task exited with return code 0
[2023-10-08T02:58:48.209+0000] {taskinstance.py:2653} INFO - 0 downstream tasks scheduled from follow-on schedule check
